1782586570 container exec_start: redis-cli ping 394562a6d02880fcf8b0c1db2385e6ac6cfa108ab28e1326eaab532cc2f30ee0
1782586570 container exec_die 394562a6d02880fcf8b0c1db2385e6ac6cfa108ab28e1326eaab532cc2f30ee0
1782586572 container exec_create: /bin/sh -c pg_isready -U postgres -d temandifa 1ec194d5b8020f6269174c22f5f0ad237397ab2c31b86dc2c395f92fda15c1f4
1782586572 container exec_start: /bin/sh -c pg_isready -U postgres -d temandifa 1ec194d5b8020f6269174c22f5f0ad237397ab2c31b86dc2c395f92fda15c1f4
1782586572 container exec_die 1ec194d5b8020f6269174c22f5f0ad237397ab2c31b86dc2c395f92fda15c1f4
1782586575 container exec_create: python3 -c import urllib.request; urllib.request.urlopen('http://localhost:8001/health') 1f0bb9cdfe4b69b085e665dc99bd9d1e392f9a0dd455be24dbf590f611008ce4
1782586575 container exec_start: python3 -c import urllib.request; urllib.request.urlopen('http://localhost:8001/health') 1f0bb9cdfe4b69b085e665dc99bd9d1e392f9a0dd455be24dbf590f611008ce4
1782586575 container exec_die 1f0bb9cdfe4b69b085e665dc99bd9d1e392f9a0dd455be24dbf590f611008ce4
1782586575 container health_status: healthy 1f0bb9cdfe4b69b085e665dc99bd9d1e392f9a0dd455be24dbf590f611008ce4
1782586580 container exec_create: redis-cli ping 394562a6d02880fcf8b0c1db2385e6ac6cfa108ab28e1326eaab532cc2f30ee0
1782586580 container exec_start: redis-cli ping 394562a6d02880fcf8b0c1db2385e6ac6cfa108ab28e1326eaab532cc2f30ee0
1782586581 container exec_die 394562a6d02880fcf8b0c1db2385e6ac6cfa108ab28e1326eaab532cc2f30ee0
1782586582 container exec_create: /bin/sh -c pg_isready -U postgres -d temandifa 1ec194d5b8020f6269174c22f5f0ad237397ab2c31b86dc2c395f92fda15c1f4
1782586582 container exec_start: /bin/sh -c pg_isready -U postgres -d temandifa 1ec194d5b8020f6269174c22f5f0ad237397ab2c31b86dc2c395f92fda15c1f4
1782586582 container exec_die 1ec194d5b8020f6269174c22f5f0ad237397ab2c31b86dc2c395f92fda15c1f4
1782586587 container exec_create: /bin/sh -c wget --no-verbose --tries=1 --spider http://localhost:8080/api/v1/health || exit 1 eed0acab98d060d9064bc069b98951e2a9b23fc4d1c3c272b41e07ee9fbbec1c
1782586587 container exec_start: /bin/sh -c wget --no-verbose --tries=1 --spider http://localhost:8080/api/v1/health || exit 1 eed0acab98d060d9064bc069b98951e2a9b23fc4d1c3c272b41e07ee9fbbec1c
1782586591 container exec_create: redis-cli ping 394562a6d02880fcf8b0c1db2385e6ac6cfa108ab28e1326eaab532cc2f30ee0
1782586591 container exec_start: redis-cli ping 394562a6d02880fcf8b0c1db2385e6ac6cfa108ab28e1326eaab532cc2f30ee0
1782586591 container exec_die 394562a6d02880fcf8b0c1db2385e6ac6cfa108ab28e1326eaab532cc2f30ee0
1782586592 container exec_create: /bin/sh -c pg_isready -U postgres -d temandifa 1ec194d5b8020f6269174c22f5f0ad237397ab2c31b86dc2c395f92fda15c1f4
1782586592 container exec_start: /bin/sh -c pg_isready -U postgres -d temandifa 1ec194d5b8020f6269174c22f5f0ad237397ab2c31b86dc2c395f92fda15c1f4
1782586592 container exec_die 1ec194d5b8020f6269174c22f5f0ad237397ab2c31b86dc2c395f92fda15c1f4
1782586592 container exec_die eed0acab98d060d9064bc069b98951e2a9b23fc4d1c3c272b41e07ee9fbbec1c
1782586596 container exec_create: python3 -c import urllib.request; urllib.request.urlopen('http://localhost:8003/health') 2478766b4253cf506053e9e67d999adc0b10089285be055c17841430e1e895a7
1782586596 container exec_start: python3 -c import urllib.request; urllib.request.urlopen('http://localhost:8003/health') 2478766b4253cf506053e9e67d999adc0b10089285be055c17841430e1e895a7
1782586596 container exec_die 2478766b4253cf506053e9e67d999adc0b10089285be055c17841430e1e895a7
1782586598 container exec_create: python3 -c import urllib.request; urllib.request.urlopen('http://localhost:8002/health') 93d0e2d4690b75fb85813ecff20d28a949420e31b63e735f8f023909e7f7c770
1782586598 container exec_start: python3 -c import urllib.request; urllib.request.urlopen('http://localhost:8002/health') 93d0e2d4690b75fb85813ecff20d28a949420e31b63e735f8f023909e7f7c770
1782586599 container exec_die 93d0e2d4690b75fb85813ecff20d28a949420e31b63e735f8f023909e7f7c770
1782586601 container exec_create: redis-cli ping 394562a6d02880fcf8b0c1db2385e6ac6cfa108ab28e1326eaab532cc2f30ee0
1782586601 container exec_start: redis-cli ping 394562a6d02880fcf8b0c1db2385e6ac6cfa108ab28e1326eaab532cc2f30ee0
1782586601 container exec_die 394562a6d02880fcf8b0c1db2385e6ac6cfa108ab28e1326eaab532cc2f30ee0
1782586602 container exec_create: /bin/sh -c pg_isready -U postgres -d temandifa 1ec194d5b8020f6269174c22f5f0ad237397ab2c31b86dc2c395f92fda15c1f4
1782586602 container exec_start: /bin/sh -c pg_isready -U postgres -d temandifa 1ec194d5b8020f6269174c22f5f0ad237397ab2c31b86dc2c395f92fda15c1f4
1782586602 container exec_die 1ec194d5b8020f6269174c22f5f0ad237397ab2c31b86dc2c395f92fda15c1f4
1782586605 container exec_create: python3 -c import urllib.request; urllib.request.urlopen('http://localhost:8001/health') 1f0bb9cdfe4b69b085e665dc99bd9d1e392f9a0dd455be24dbf590f611008ce4
1782586605 container exec_start: python3 -c import urllib.request; urllib.request.urlopen('http://localhost:8001/health') 1f0bb9cdfe4b69b085e665dc99bd9d1e392f9a0dd455be24dbf590f611008ce4
1782586605 container exec_die 1f0bb9cdfe4b69b085e665dc99bd9d1e392f9a0dd455be24dbf590f611008ce4
1782586611 container exec_create: redis-cli ping 394562a6d02880fcf8b0c1db2385e6ac6cfa108ab28e1326eaab532cc2f30ee0
1782586611 container exec_start: redis-cli ping 394562a6d02880fcf8b0c1db2385e6ac6cfa108ab28e1326eaab532cc2f30ee0
1782586611 container exec_die 394562a6d02880fcf8b0c1db2385e6ac6cfa108ab28e1326eaab532cc2f30ee0
1782586612 container exec_create: /bin/sh -c pg_isready -U postgres -d temandifa 1ec194d5b8020f6269174c22f5f0ad237397ab2c31b86dc2c395f92fda15c1f4
1782586612 container exec_start: /bin/sh -c pg_isready -U postgres -d temandifa 1ec194d5b8020f6269174c22f5f0ad237397ab2c31b86dc2c395f92fda15c1f4
1782586612 container exec_die 1ec194d5b8020f6269174c22f5f0ad237397ab2c31b86dc2c395f92fda15c1f4
1782586621 container exec_create: redis-cli ping 394562a6d02880fcf8b0c1db2385e6ac6cfa108ab28e1326eaab532cc2f30ee0
1782586621 container exec_start: redis-cli ping 394562a6d02880fcf8b0c1db2385e6ac6cfa108ab28e1326eaab532cc2f30ee0
1782586621 container exec_die 394562a6d02880fcf8b0c1db2385e6ac6cfa108ab28e1326eaab532cc2f30ee0
1782586622 container exec_create: /bin/sh -c pg_isready -U postgres -d temandifa 1ec194d5b8020f6269174c22f5f0ad237397ab2c31b86dc2c395f92fda15c1f4
1782586622 container exec_start: /bin/sh -c pg_isready -U postgres -d temandifa 1ec194d5b8020f6269174c22f5f0ad237397ab2c31b86dc2c395f92fda15c1f4
1782586622 container exec_die 1ec194d5b8020f6269174c22f5f0ad237397ab2c31b86dc2c395f92fda15c1f4
1782586622 container exec_create: /bin/sh -c wget --no-verbose --tries=1 --spider http://localhost:8080/api/v1/health || exit 1 eed0acab98d060d9064bc069b98951e2a9b23fc4d1c3c272b41e07ee9fbbec1c
1782586622 container exec_start: /bin/sh -c wget --no-verbose --tries=1 --spider http://localhost:8080/api/v1/health || exit 1 eed0acab98d060d9064bc069b98951e2a9b23fc4d1c3c272b41e07ee9fbbec1c
1782586626 container exec_create: python3 -c import urllib.request; urllib.request.urlopen('http://localhost:8003/health') 2478766b4253cf506053e9e67d999adc0b10089285be055c17841430e1e895a7
1782586626 container exec_start: python3 -c import urllib.request; urllib.request.urlopen('http://localhost:8003/health') 2478766b4253cf506053e9e67d999adc0b10089285be055c17841430e1e895a7
1782586627 container exec_die 2478766b4253cf506053e9e67d999adc0b10089285be055c17841430e1e895a7
1782586627 container exec_die eed0acab98d060d9064bc069b98951e2a9b23fc4d1c3c272b41e07ee9fbbec1c
1782586629 container exec_create: python3 -c import urllib.request; urllib.request.urlopen('http://localhost:8002/health') 93d0e2d4690b75fb85813ecff20d28a949420e31b63e735f8f023909e7f7c770
1782586629 container exec_start: python3 -c import urllib.request; urllib.request.urlopen('http://localhost:8002/health') 93d0e2d4690b75fb85813ecff20d28a949420e31b63e735f8f023909e7f7c770
1782586629 container exec_die 93d0e2d4690b75fb85813ecff20d28a949420e31b63e735f8f023909e7f7c770
1782586631 container exec_create: redis-cli ping 394562a6d02880fcf8b0c1db2385e6ac6cfa108ab28e1326eaab532cc2f30ee0
1782586631 container exec_start: redis-cli ping 394562a6d02880fcf8b0c1db2385e6ac6cfa108ab28e1326eaab532cc2f30ee0
1782586631 container exec_die 394562a6d02880fcf8b0c1db2385e6ac6cfa108ab28e1326eaab532cc2f30ee0
1782586632 container exec_create: /bin/sh -c pg_isready -U postgres -d temandifa 1ec194d5b8020f6269174c22f5f0ad237397ab2c31b86dc2c395f92fda15c1f4
1782586632 container exec_start: /bin/sh -c pg_isready -U postgres -d temandifa 1ec194d5b8020f6269174c22f5f0ad237397ab2c31b86dc2c395f92fda15c1f4
1782586632 container exec_die 1ec194d5b8020f6269174c22f5f0ad237397ab2c31b86dc2c395f92fda15c1f4
1782586635 container exec_create: python3 -c import urllib.request; urllib.request.urlopen('http://localhost:8001/health') 1f0bb9cdfe4b69b085e665dc99bd9d1e392f9a0dd455be24dbf590f611008ce4
1782586635 container exec_start: python3 -c import urllib.request; urllib.request.urlopen('http://localhost:8001/health') 1f0bb9cdfe4b69b085e665dc99bd9d1e392f9a0dd455be24dbf590f611008ce4
1782586635 container exec_die 1f0bb9cdfe4b69b085e665dc99bd9d1e392f9a0dd455be24dbf590f611008ce4
1782586641 container exec_create: redis-cli ping 394562a6d02880fcf8b0c1db2385e6ac6cfa108ab28e1326eaab532cc2f30ee0
1782586641 container exec_start: redis-cli ping 394562a6d02880fcf8b0c1db2385e6ac6cfa108ab28e1326eaab532cc2f30ee0
1782586641 container exec_die 394562a6d02880fcf8b0c1db2385e6ac6cfa108ab28e1326eaab532cc2f30ee0
1782586642 container exec_create: /bin/sh -c pg_isready -U postgres -d temandifa 1ec194d5b8020f6269174c22f5f0ad237397ab2c31b86dc2c395f92fda15c1f4
1782586642 container exec_start: /bin/sh -c pg_isready -U postgres -d temandifa 1ec194d5b8020f6269174c22f5f0ad237397ab2c31b86dc2c395f92fda15c1f4
1782586642 container exec_die 1ec194d5b8020f6269174c22f5f0ad237397ab2c31b86dc2c395f92fda15c1f4
1782586651 container exec_create: redis-cli ping 394562a6d02880fcf8b0c1db2385e6ac6cfa108ab28e1326eaab532cc2f30ee0
1782586651 container exec_start: redis-cli ping 394562a6d02880fcf8b0c1db2385e6ac6cfa108ab28e1326eaab532cc2f30ee0
1782586651 container exec_die 394562a6d02880fcf8b0c1db2385e6ac6cfa108ab28e1326eaab532cc2f30ee0
1782586652 container exec_create: /bin/sh -c pg_isready -U postgres -d temandifa 1ec194d5b8020f6269174c22f5f0ad237397ab2c31b86dc2c395f92fda15c1f4
1782586652 container exec_start: /bin/sh -c pg_isready -U postgres -d temandifa 1ec194d5b8020f6269174c22f5f0ad237397ab2c31b86dc2c395f92fda15c1f4
1782586652 container exec_die 1ec194d5b8020f6269174c22f5f0ad237397ab2c31b86dc2c395f92fda15c1f4
1782586657 container exec_create: python3 -c import urllib.request; urllib.request.urlopen('http://localhost:8003/health') 2478766b4253cf506053e9e67d999adc0b10089285be055c17841430e1e895a7
1782586657 container exec_start: python3 -c import urllib.request; urllib.request.urlopen('http://localhost:8003/health') 2478766b4253cf506053e9e67d999adc0b10089285be055c17841430e1e895a7
1782586657 container exec_create: /bin/sh -c wget --no-verbose --tries=1 --spider http://localhost:8080/api/v1/health || exit 1 eed0acab98d060d9064bc069b98951e2a9b23fc4d1c3c272b41e07ee9fbbec1c
1782586657 container exec_start: /bin/sh -c wget --no-verbose --tries=1 --spider http://localhost:8080/api/v1/health || exit 1 eed0acab98d060d9064bc069b98951e2a9b23fc4d1c3c272b41e07ee9fbbec1c
1782586658 container exec_die 2478766b4253cf506053e9e67d999adc0b10089285be055c17841430e1e895a7
1782586659 container exec_create: python3 -c import urllib.request; urllib.request.urlopen('http://localhost:8002/health') 93d0e2d4690b75fb85813ecff20d28a949420e31b63e735f8f023909e7f7c770
1782586659 container exec_start: python3 -c import urllib.request; urllib.request.urlopen('http://localhost:8002/health') 93d0e2d4690b75fb85813ecff20d28a949420e31b63e735f8f023909e7f7c770
1782586659 container exec_die 93d0e2d4690b75fb85813ecff20d28a949420e31b63e735f8f023909e7f7c770
1782586661 container exec_create: redis-cli ping 394562a6d02880fcf8b0c1db2385e6ac6cfa108ab28e1326eaab532cc2f30ee0
1782586661 container exec_start: redis-cli ping 394562a6d02880fcf8b0c1db2385e6ac6cfa108ab28e1326eaab532cc2f30ee0
1782586661 container exec_die 394562a6d02880fcf8b0c1db2385e6ac6cfa108ab28e1326eaab532cc2f30ee0
1782586662 container exec_die eed0acab98d060d9064bc069b98951e2a9b23fc4d1c3c272b41e07ee9fbbec1c
1782586662 container exec_create: /bin/sh -c pg_isready -U postgres -d temandifa 1ec194d5b8020f6269174c22f5f0ad237397ab2c31b86dc2c395f92fda15c1f4
1782586662 container exec_start: /bin/sh -c pg_isready -U postgres -d temandifa 1ec194d5b8020f6269174c22f5f0ad237397ab2c31b86dc2c395f92fda15c1f4
1782586662 container exec_die 1ec194d5b8020f6269174c22f5f0ad237397ab2c31b86dc2c395f92fda15c1f4
1782586665 container exec_create: python3 -c import urllib.request; urllib.request.urlopen('http://localhost:8001/health') 1f0bb9cdfe4b69b085e665dc99bd9d1e392f9a0dd455be24dbf590f611008ce4
1782586665 container exec_start: python3 -c import urllib.request; urllib.request.urlopen('http://localhost:8001/health') 1f0bb9cdfe4b69b085e665dc99bd9d1e392f9a0dd455be24dbf590f611008ce4
1782586665 container exec_die 1f0bb9cdfe4b69b085e665dc99bd9d1e392f9a0dd455be24dbf590f611008ce4
1782586671 container exec_create: redis-cli ping 394562a6d02880fcf8b0c1db2385e6ac6cfa108ab28e1326eaab532cc2f30ee0
1782586671 container exec_start: redis-cli ping 394562a6d02880fcf8b0c1db2385e6ac6cfa108ab28e1326eaab532cc2f30ee0
1782586671 container exec_die 394562a6d02880fcf8b0c1db2385e6ac6cfa108ab28e1326eaab532cc2f30ee0
1782586672 container exec_create: /bin/sh -c pg_isready -U postgres -d temandifa 1ec194d5b8020f6269174c22f5f0ad237397ab2c31b86dc2c395f92fda15c1f4
1782586672 container exec_start: /bin/sh -c pg_isready -U postgres -d temandifa 1ec194d5b8020f6269174c22f5f0ad237397ab2c31b86dc2c395f92fda15c1f4
1782586672 container exec_die 1ec194d5b8020f6269174c22f5f0ad237397ab2c31b86dc2c395f92fda15c1f4
1782586681 container exec_create: redis-cli ping 394562a6d02880fcf8b0c1db2385e6ac6cfa108ab28e1326eaab532cc2f30ee0
1782586681 container exec_start: redis-cli ping 394562a6d02880fcf8b0c1db2385e6ac6cfa108ab28e1326eaab532cc2f30ee0
1782586681 container exec_die 394562a6d02880fcf8b0c1db2385e6ac6cfa108ab28e1326eaab532cc2f30ee0
1782586682 container exec_create: /bin/sh -c pg_isready -U postgres -d temandifa 1ec194d5b8020f6269174c22f5f0ad237397ab2c31b86dc2c395f92fda15c1f4
1782586682 container exec_start: /bin/sh -c pg_isready -U postgres -d temandifa 1ec194d5b8020f6269174c22f5f0ad237397ab2c31b86dc2c395f92fda15c1f4
1782586683 container exec_die 1ec194d5b8020f6269174c22f5f0ad237397ab2c31b86dc2c395f92fda15c1f4
1782586688 container exec_create: python3 -c import urllib.request; urllib.request.urlopen('http://localhost:8003/health') 2478766b4253cf506053e9e67d999adc0b10089285be055c17841430e1e895a7
1782586688 container exec_start: python3 -c import urllib.request; urllib.request.urlopen('http://localhost:8003/health') 2478766b4253cf506053e9e67d999adc0b10089285be055c17841430e1e895a7
1782586688 container exec_die 2478766b4253cf506053e9e67d999adc0b10089285be055c17841430e1e895a7
1782586689 container exec_create: python3 -c import urllib.request; urllib.request.urlopen('http://localhost:8002/health') 93d0e2d4690b75fb85813ecff20d28a949420e31b63e735f8f023909e7f7c770
1782586689 container exec_start: python3 -c import urllib.request; urllib.request.urlopen('http://localhost:8002/health') 93d0e2d4690b75fb85813ecff20d28a949420e31b63e735f8f023909e7f7c770
1782586689 container exec_die 93d0e2d4690b75fb85813ecff20d28a949420e31b63e735f8f023909e7f7c770
1782586691 container exec_create: redis-cli ping 394562a6d02880fcf8b0c1db2385e6ac6cfa108ab28e1326eaab532cc2f30ee0
1782586691 container exec_start: redis-cli ping 394562a6d02880fcf8b0c1db2385e6ac6cfa108ab28e1326eaab532cc2f30ee0
1782586691 container exec_die 394562a6d02880fcf8b0c1db2385e6ac6cfa108ab28e1326eaab532cc2f30ee0
1782586692 container exec_create: /bin/sh -c wget --no-verbose --tries=1 --spider http://localhost:8080/api/v1/health || exit 1 eed0acab98d060d9064bc069b98951e2a9b23fc4d1c3c272b41e07ee9fbbec1c
1782586692 container exec_start: /bin/sh -c wget --no-verbose --tries=1 --spider http://localhost:8080/api/v1/health || exit 1 eed0acab98d060d9064bc069b98951e2a9b23fc4d1c3c272b41e07ee9fbbec1c
1782586693 container exec_create: /bin/sh -c pg_isready -U postgres -d temandifa 1ec194d5b8020f6269174c22f5f0ad237397ab2c31b86dc2c395f92fda15c1f4
1782586693 container exec_start: /bin/sh -c pg_isready -U postgres -d temandifa 1ec194d5b8020f6269174c22f5f0ad237397ab2c31b86dc2c395f92fda15c1f4
1782586693 container exec_die 1ec194d5b8020f6269174c22f5f0ad237397ab2c31b86dc2c395f92fda15c1f4
1782586695 container exec_create: python3 -c import urllib.request; urllib.request.urlopen('http://localhost:8001/health') 1f0bb9cdfe4b69b085e665dc99bd9d1e392f9a0dd455be24dbf590f611008ce4
1782586695 container exec_start: python3 -c import urllib.request; urllib.request.urlopen('http://localhost:8001/health') 1f0bb9cdfe4b69b085e665dc99bd9d1e392f9a0dd455be24dbf590f611008ce4
1782586695 container exec_die 1f0bb9cdfe4b69b085e665dc99bd9d1e392f9a0dd455be24dbf590f611008ce4
1782586697 container exec_die eed0acab98d060d9064bc069b98951e2a9b23fc4d1c3c272b41e07ee9fbbec1c
1782586701 container exec_create: redis-cli ping 394562a6d02880fcf8b0c1db2385e6ac6cfa108ab28e1326eaab532cc2f30ee0
1782586701 container exec_start: redis-cli ping 394562a6d02880fcf8b0c1db2385e6ac6cfa108ab28e1326eaab532cc2f30ee0
1782586701 container exec_die 394562a6d02880fcf8b0c1db2385e6ac6cfa108ab28e1326eaab532cc2f30ee0
1782586703 container exec_create: /bin/sh -c pg_isready -U postgres -d temandifa 1ec194d5b8020f6269174c22f5f0ad237397ab2c31b86dc2c395f92fda15c1f4
1782586703 container exec_start: /bin/sh -c pg_isready -U postgres -d temandifa 1ec194d5b8020f6269174c22f5f0ad237397ab2c31b86dc2c395f92fda15c1f4
1782586703 container exec_die 1ec194d5b8020f6269174c22f5f0ad237397ab2c31b86dc2c395f92fda15c1f4
1782586711 container exec_create: redis-cli ping 394562a6d02880fcf8b0c1db2385e6ac6cfa108ab28e1326eaab532cc2f30ee0
1782586711 container exec_start: redis-cli ping 394562a6d02880fcf8b0c1db2385e6ac6cfa108ab28e1326eaab532cc2f30ee0
1782586711 container exec_die 394562a6d02880fcf8b0c1db2385e6ac6cfa108ab28e1326eaab532cc2f30ee0
1782586713 container exec_create: /bin/sh -c pg_isready -U postgres -d temandifa 1ec194d5b8020f6269174c22f5f0ad237397ab2c31b86dc2c395f92fda15c1f4
1782586713 container exec_start: /bin/sh -c pg_isready -U postgres -d temandifa 1ec194d5b8020f6269174c22f5f0ad237397ab2c31b86dc2c395f92fda15c1f4
1782586713 container exec_die 1ec194d5b8020f6269174c22f5f0ad237397ab2c31b86dc2c395f92fda15c1f4
1782586718 container exec_create: python3 -c import urllib.request; urllib.request.urlopen('http://localhost:8003/health') 2478766b4253cf506053e9e67d999adc0b10089285be055c17841430e1e895a7
1782586718 container exec_start: python3 -c import urllib.request; urllib.request.urlopen('http://localhost:8003/health') 2478766b4253cf506053e9e67d999adc0b10089285be055c17841430e1e895a7
1782586719 container exec_die 2478766b4253cf506053e9e67d999adc0b10089285be055c17841430e1e895a7
1782586719 container exec_create: python3 -c import urllib.request; urllib.request.urlopen('http://localhost:8002/health') 93d0e2d4690b75fb85813ecff20d28a949420e31b63e735f8f023909e7f7c770
1782586719 container exec_start: python3 -c import urllib.request; urllib.request.urlopen('http://localhost:8002/health') 93d0e2d4690b75fb85813ecff20d28a949420e31b63e735f8f023909e7f7c770
1782586719 container exec_die 93d0e2d4690b75fb85813ecff20d28a949420e31b63e735f8f023909e7f7c770
1782586721 container exec_create: redis-cli ping 394562a6d02880fcf8b0c1db2385e6ac6cfa108ab28e1326eaab532cc2f30ee0
1782586721 container exec_start: redis-cli ping 394562a6d02880fcf8b0c1db2385e6ac6cfa108ab28e1326eaab532cc2f30ee0
1782586721 container exec_die 394562a6d02880fcf8b0c1db2385e6ac6cfa108ab28e1326eaab532cc2f30ee0
1782586723 container exec_create: /bin/sh -c pg_isready -U postgres -d temandifa 1ec194d5b8020f6269174c22f5f0ad237397ab2c31b86dc2c395f92fda15c1f4
1782586723 container exec_start: /bin/sh -c pg_isready -U postgres -d temandifa 1ec194d5b8020f6269174c22f5f0ad237397ab2c31b86dc2c395f92fda15c1f4
1782586723 container exec_die 1ec194d5b8020f6269174c22f5f0ad237397ab2c31b86dc2c395f92fda15c1f4
1782586725 container exec_create: python3 -c import urllib.request; urllib.request.urlopen('http://localhost:8001/health') 1f0bb9cdfe4b69b085e665dc99bd9d1e392f9a0dd455be24dbf590f611008ce4
1782586725 container exec_start: python3 -c import urllib.request; urllib.request.urlopen('http://localhost:8001/health') 1f0bb9cdfe4b69b085e665dc99bd9d1e392f9a0dd455be24dbf590f611008ce4
1782586725 container exec_die 1f0bb9cdfe4b69b085e665dc99bd9d1e392f9a0dd455be24dbf590f611008ce4
1782586727 container exec_create: /bin/sh -c wget --no-verbose --tries=1 --spider http://localhost:8080/api/v1/health || exit 1 eed0acab98d060d9064bc069b98951e2a9b23fc4d1c3c272b41e07ee9fbbec1c
1782586727 container exec_start: /bin/sh -c wget --no-verbose --tries=1 --spider http://localhost:8080/api/v1/health || exit 1 eed0acab98d060d9064bc069b98951e2a9b23fc4d1c3c272b41e07ee9fbbec1c
1782586731 container exec_create: redis-cli ping 394562a6d02880fcf8b0c1db2385e6ac6cfa108ab28e1326eaab532cc2f30ee0
1782586731 container exec_start: redis-cli ping 394562a6d02880fcf8b0c1db2385e6ac6cfa108ab28e1326eaab532cc2f30ee0
1782586731 container exec_die 394562a6d02880fcf8b0c1db2385e6ac6cfa108ab28e1326eaab532cc2f30ee0
1782586732 container exec_die eed0acab98d060d9064bc069b98951e2a9b23fc4d1c3c272b41e07ee9fbbec1c
1782586732 container health_status: healthy eed0acab98d060d9064bc069b98951e2a9b23fc4d1c3c272b41e07ee9fbbec1c
1782586733 container exec_create: /bin/sh -c pg_isready -U postgres -d temandifa 1ec194d5b8020f6269174c22f5f0ad237397ab2c31b86dc2c395f92fda15c1f4
1782586733 container exec_start: /bin/sh -c pg_isready -U postgres -d temandifa 1ec194d5b8020f6269174c22f5f0ad237397ab2c31b86dc2c395f92fda15c1f4
1782586733 container exec_die 1ec194d5b8020f6269174c22f5f0ad237397ab2c31b86dc2c395f92fda15c1f4
1782586741 container exec_create: redis-cli ping 394562a6d02880fcf8b0c1db2385e6ac6cfa108ab28e1326eaab532cc2f30ee0
1782586741 container exec_start: redis-cli ping 394562a6d02880fcf8b0c1db2385e6ac6cfa108ab28e1326eaab532cc2f30ee0
1782586741 container exec_die 394562a6d02880fcf8b0c1db2385e6ac6cfa108ab28e1326eaab532cc2f30ee0
1782586743 container exec_create: /bin/sh -c pg_isready -U postgres -d temandifa 1ec194d5b8020f6269174c22f5f0ad237397ab2c31b86dc2c395f92fda15c1f4
1782586743 container exec_start: /bin/sh -c pg_isready -U postgres -d temandifa 1ec194d5b8020f6269174c22f5f0ad237397ab2c31b86dc2c395f92fda15c1f4
1782586743 container exec_die 1ec194d5b8020f6269174c22f5f0ad237397ab2c31b86dc2c395f92fda15c1f4
1782586748 container exec_create: psql -U postgres -d temandifa -c COPY (SELECT pid, state, wait_event_type, query_start::text, left(query,80) as query FROM pg_stat_activity WHERE datname='temandifa') TO STDOUT WITH CSV HEADER 1ec194d5b8020f6269174c22f5f0ad237397ab2c31b86dc2c395f92fda15c1f4
1782586748 container exec_start: psql -U postgres -d temandifa -c COPY (SELECT pid, state, wait_event_type, query_start::text, left(query,80) as query FROM pg_stat_activity WHERE datname='temandifa') TO STDOUT WITH CSV HEADER 1ec194d5b8020f6269174c22f5f0ad237397ab2c31b86dc2c395f92fda15c1f4
1782586748 container exec_die 1ec194d5b8020f6269174c22f5f0ad237397ab2c31b86dc2c395f92fda15c1f4
1782586749 container exec_create: psql -U postgres -d temandifa -c SELECT pg_size_pretty(pg_database_size('temandifa')) AS db_size; 1ec194d5b8020f6269174c22f5f0ad237397ab2c31b86dc2c395f92fda15c1f4
1782586749 container exec_start: psql -U postgres -d temandifa -c SELECT pg_size_pretty(pg_database_size('temandifa')) AS db_size; 1ec194d5b8020f6269174c22f5f0ad237397ab2c31b86dc2c395f92fda15c1f4
1782586749 container exec_die 1ec194d5b8020f6269174c22f5f0ad237397ab2c31b86dc2c395f92fda15c1f4
1782586749 container exec_create: python3 -c import urllib.request; urllib.request.urlopen('http://localhost:8003/health') 2478766b4253cf506053e9e67d999adc0b10089285be055c17841430e1e895a7
1782586749 container exec_start: python3 -c import urllib.request; urllib.request.urlopen('http://localhost:8003/health') 2478766b4253cf506053e9e67d999adc0b10089285be055c17841430e1e895a7
1782586749 container exec_create: python3 -c import urllib.request; urllib.request.urlopen('http://localhost:8002/health') 93d0e2d4690b75fb85813ecff20d28a949420e31b63e735f8f023909e7f7c770
1782586749 container exec_start: python3 -c import urllib.request; urllib.request.urlopen('http://localhost:8002/health') 93d0e2d4690b75fb85813ecff20d28a949420e31b63e735f8f023909e7f7c770
1782586749 container exec_die 93d0e2d4690b75fb85813ecff20d28a949420e31b63e735f8f023909e7f7c770
1782586749 container exec_die 2478766b4253cf506053e9e67d999adc0b10089285be055c17841430e1e895a7
1782586751 container exec_create: redis-cli ping 394562a6d02880fcf8b0c1db2385e6ac6cfa108ab28e1326eaab532cc2f30ee0
1782586751 container exec_start: redis-cli ping 394562a6d02880fcf8b0c1db2385e6ac6cfa108ab28e1326eaab532cc2f30ee0
1782586752 container exec_die 394562a6d02880fcf8b0c1db2385e6ac6cfa108ab28e1326eaab532cc2f30ee0
1782586753 container exec_create: /bin/sh -c pg_isready -U postgres -d temandifa 1ec194d5b8020f6269174c22f5f0ad237397ab2c31b86dc2c395f92fda15c1f4
1782586753 container exec_start: /bin/sh -c pg_isready -U postgres -d temandifa 1ec194d5b8020f6269174c22f5f0ad237397ab2c31b86dc2c395f92fda15c1f4
1782586753 container exec_die 1ec194d5b8020f6269174c22f5f0ad237397ab2c31b86dc2c395f92fda15c1f4
1782586755 container exec_create: python3 -c import urllib.request; urllib.request.urlopen('http://localhost:8001/health') 1f0bb9cdfe4b69b085e665dc99bd9d1e392f9a0dd455be24dbf590f611008ce4
1782586755 container exec_start: python3 -c import urllib.request; urllib.request.urlopen('http://localhost:8001/health') 1f0bb9cdfe4b69b085e665dc99bd9d1e392f9a0dd455be24dbf590f611008ce4
1782586755 container exec_die 1f0bb9cdfe4b69b085e665dc99bd9d1e392f9a0dd455be24dbf590f611008ce4
1782586762 container exec_create: redis-cli ping 394562a6d02880fcf8b0c1db2385e6ac6cfa108ab28e1326eaab532cc2f30ee0
1782586762 container exec_start: redis-cli ping 394562a6d02880fcf8b0c1db2385e6ac6cfa108ab28e1326eaab532cc2f30ee0
1782586762 container exec_die 394562a6d02880fcf8b0c1db2385e6ac6cfa108ab28e1326eaab532cc2f30ee0
1782586762 container exec_create: /bin/sh -c wget --no-verbose --tries=1 --spider http://localhost:8080/api/v1/health || exit 1 eed0acab98d060d9064bc069b98951e2a9b23fc4d1c3c272b41e07ee9fbbec1c
1782586762 container exec_start: /bin/sh -c wget --no-verbose --tries=1 --spider http://localhost:8080/api/v1/health || exit 1 eed0acab98d060d9064bc069b98951e2a9b23fc4d1c3c272b41e07ee9fbbec1c
1782586762 container exec_die eed0acab98d060d9064bc069b98951e2a9b23fc4d1c3c272b41e07ee9fbbec1c
1782586763 container exec_create: /bin/sh -c pg_isready -U postgres -d temandifa 1ec194d5b8020f6269174c22f5f0ad237397ab2c31b86dc2c395f92fda15c1f4
1782586763 container exec_start: /bin/sh -c pg_isready -U postgres -d temandifa 1ec194d5b8020f6269174c22f5f0ad237397ab2c31b86dc2c395f92fda15c1f4
1782586763 container exec_die 1ec194d5b8020f6269174c22f5f0ad237397ab2c31b86dc2c395f92fda15c1f4
1782586772 container exec_create: redis-cli ping 394562a6d02880fcf8b0c1db2385e6ac6cfa108ab28e1326eaab532cc2f30ee0
1782586772 container exec_start: redis-cli ping 394562a6d02880fcf8b0c1db2385e6ac6cfa108ab28e1326eaab532cc2f30ee0
1782586772 container exec_die 394562a6d02880fcf8b0c1db2385e6ac6cfa108ab28e1326eaab532cc2f30ee0
1782586773 container exec_create: /bin/sh -c pg_isready -U postgres -d temandifa 1ec194d5b8020f6269174c22f5f0ad237397ab2c31b86dc2c395f92fda15c1f4
1782586773 container exec_start: /bin/sh -c pg_isready -U postgres -d temandifa 1ec194d5b8020f6269174c22f5f0ad237397ab2c31b86dc2c395f92fda15c1f4
1782586773 container exec_die 1ec194d5b8020f6269174c22f5f0ad237397ab2c31b86dc2c395f92fda15c1f4
1782586779 container exec_create: python3 -c import urllib.request; urllib.request.urlopen('http://localhost:8002/health') 93d0e2d4690b75fb85813ecff20d28a949420e31b63e735f8f023909e7f7c770
1782586779 container exec_start: python3 -c import urllib.request; urllib.request.urlopen('http://localhost:8002/health') 93d0e2d4690b75fb85813ecff20d28a949420e31b63e735f8f023909e7f7c770
1782586779 container exec_die 93d0e2d4690b75fb85813ecff20d28a949420e31b63e735f8f023909e7f7c770
1782586779 container exec_create: python3 -c import urllib.request; urllib.request.urlopen('http://localhost:8003/health') 2478766b4253cf506053e9e67d999adc0b10089285be055c17841430e1e895a7
1782586779 container exec_start: python3 -c import urllib.request; urllib.request.urlopen('http://localhost:8003/health') 2478766b4253cf506053e9e67d999adc0b10089285be055c17841430e1e895a7
1782586780 container exec_die 2478766b4253cf506053e9e67d999adc0b10089285be055c17841430e1e895a7
1782586782 container exec_create: redis-cli ping 394562a6d02880fcf8b0c1db2385e6ac6cfa108ab28e1326eaab532cc2f30ee0
1782586782 container exec_start: redis-cli ping 394562a6d02880fcf8b0c1db2385e6ac6cfa108ab28e1326eaab532cc2f30ee0
1782586782 container exec_die 394562a6d02880fcf8b0c1db2385e6ac6cfa108ab28e1326eaab532cc2f30ee0
1782586782 container exec_create: psql -U postgres -d temandifa -c COPY (SELECT pid, state, wait_event_type, query_start::text, left(query,80) as query FROM pg_stat_activity WHERE datname='temandifa') TO STDOUT WITH CSV HEADER 1ec194d5b8020f6269174c22f5f0ad237397ab2c31b86dc2c395f92fda15c1f4
1782586782 container exec_start: psql -U postgres -d temandifa -c COPY (SELECT pid, state, wait_event_type, query_start::text, left(query,80) as query FROM pg_stat_activity WHERE datname='temandifa') TO STDOUT WITH CSV HEADER 1ec194d5b8020f6269174c22f5f0ad237397ab2c31b86dc2c395f92fda15c1f4
1782586782 container exec_die 1ec194d5b8020f6269174c22f5f0ad237397ab2c31b86dc2c395f92fda15c1f4
1782586782 container exec_create: psql -U postgres -d temandifa -c SELECT pg_size_pretty(pg_database_size('temandifa')) AS db_size; 1ec194d5b8020f6269174c22f5f0ad237397ab2c31b86dc2c395f92fda15c1f4
1782586782 container exec_start: psql -U postgres -d temandifa -c SELECT pg_size_pretty(pg_database_size('temandifa')) AS db_size; 1ec194d5b8020f6269174c22f5f0ad237397ab2c31b86dc2c395f92fda15c1f4
1782586782 container exec_die 1ec194d5b8020f6269174c22f5f0ad237397ab2c31b86dc2c395f92fda15c1f4
1782586783 container exec_create: /bin/sh -c pg_isready -U postgres -d temandifa 1ec194d5b8020f6269174c22f5f0ad237397ab2c31b86dc2c395f92fda15c1f4
1782586783 container exec_start: /bin/sh -c pg_isready -U postgres -d temandifa 1ec194d5b8020f6269174c22f5f0ad237397ab2c31b86dc2c395f92fda15c1f4
1782586783 container exec_die 1ec194d5b8020f6269174c22f5f0ad237397ab2c31b86dc2c395f92fda15c1f4
1782586785 container exec_create: python3 -c import urllib.request; urllib.request.urlopen('http://localhost:8001/health') 1f0bb9cdfe4b69b085e665dc99bd9d1e392f9a0dd455be24dbf590f611008ce4
1782586785 container exec_start: python3 -c import urllib.request; urllib.request.urlopen('http://localhost:8001/health') 1f0bb9cdfe4b69b085e665dc99bd9d1e392f9a0dd455be24dbf590f611008ce4
1782586786 container exec_die 1f0bb9cdfe4b69b085e665dc99bd9d1e392f9a0dd455be24dbf590f611008ce4
1782586792 container exec_create: redis-cli ping 394562a6d02880fcf8b0c1db2385e6ac6cfa108ab28e1326eaab532cc2f30ee0
1782586792 container exec_start: redis-cli ping 394562a6d02880fcf8b0c1db2385e6ac6cfa108ab28e1326eaab532cc2f30ee0
1782586792 container exec_die 394562a6d02880fcf8b0c1db2385e6ac6cfa108ab28e1326eaab532cc2f30ee0
1782586792 container exec_create: /bin/sh -c wget --no-verbose --tries=1 --spider http://localhost:8080/api/v1/health || exit 1 eed0acab98d060d9064bc069b98951e2a9b23fc4d1c3c272b41e07ee9fbbec1c
1782586792 container exec_start: /bin/sh -c wget --no-verbose --tries=1 --spider http://localhost:8080/api/v1/health || exit 1 eed0acab98d060d9064bc069b98951e2a9b23fc4d1c3c272b41e07ee9fbbec1c
1782586792 container exec_die eed0acab98d060d9064bc069b98951e2a9b23fc4d1c3c272b41e07ee9fbbec1c
1782586793 container exec_create: /bin/sh -c pg_isready -U postgres -d temandifa 1ec194d5b8020f6269174c22f5f0ad237397ab2c31b86dc2c395f92fda15c1f4
1782586793 container exec_start: /bin/sh -c pg_isready -U postgres -d temandifa 1ec194d5b8020f6269174c22f5f0ad237397ab2c31b86dc2c395f92fda15c1f4
1782586793 container exec_die 1ec194d5b8020f6269174c22f5f0ad237397ab2c31b86dc2c395f92fda15c1f4
1782586802 container exec_create: redis-cli ping 394562a6d02880fcf8b0c1db2385e6ac6cfa108ab28e1326eaab532cc2f30ee0
1782586802 container exec_start: redis-cli ping 394562a6d02880fcf8b0c1db2385e6ac6cfa108ab28e1326eaab532cc2f30ee0
1782586802 container exec_die 394562a6d02880fcf8b0c1db2385e6ac6cfa108ab28e1326eaab532cc2f30ee0
1782586803 container exec_create: /bin/sh -c pg_isready -U postgres -d temandifa 1ec194d5b8020f6269174c22f5f0ad237397ab2c31b86dc2c395f92fda15c1f4
1782586803 container exec_start: /bin/sh -c pg_isready -U postgres -d temandifa 1ec194d5b8020f6269174c22f5f0ad237397ab2c31b86dc2c395f92fda15c1f4
1782586803 container exec_die 1ec194d5b8020f6269174c22f5f0ad237397ab2c31b86dc2c395f92fda15c1f4
1782586809 container exec_create: python3 -c import urllib.request; urllib.request.urlopen('http://localhost:8002/health') 93d0e2d4690b75fb85813ecff20d28a949420e31b63e735f8f023909e7f7c770
1782586809 container exec_start: python3 -c import urllib.request; urllib.request.urlopen('http://localhost:8002/health') 93d0e2d4690b75fb85813ecff20d28a949420e31b63e735f8f023909e7f7c770
1782586809 container exec_die 93d0e2d4690b75fb85813ecff20d28a949420e31b63e735f8f023909e7f7c770
1782586810 container exec_create: python3 -c import urllib.request; urllib.request.urlopen('http://localhost:8003/health') 2478766b4253cf506053e9e67d999adc0b10089285be055c17841430e1e895a7
1782586810 container exec_start: python3 -c import urllib.request; urllib.request.urlopen('http://localhost:8003/health') 2478766b4253cf506053e9e67d999adc0b10089285be055c17841430e1e895a7
1782586810 container exec_die 2478766b4253cf506053e9e67d999adc0b10089285be055c17841430e1e895a7
1782586812 container exec_create: redis-cli ping 394562a6d02880fcf8b0c1db2385e6ac6cfa108ab28e1326eaab532cc2f30ee0
1782586812 container exec_start: redis-cli ping 394562a6d02880fcf8b0c1db2385e6ac6cfa108ab28e1326eaab532cc2f30ee0
1782586812 container exec_die 394562a6d02880fcf8b0c1db2385e6ac6cfa108ab28e1326eaab532cc2f30ee0
1782586813 container exec_create: /bin/sh -c pg_isready -U postgres -d temandifa 1ec194d5b8020f6269174c22f5f0ad237397ab2c31b86dc2c395f92fda15c1f4
1782586813 container exec_start: /bin/sh -c pg_isready -U postgres -d temandifa 1ec194d5b8020f6269174c22f5f0ad237397ab2c31b86dc2c395f92fda15c1f4
1782586813 container exec_die 1ec194d5b8020f6269174c22f5f0ad237397ab2c31b86dc2c395f92fda15c1f4