INFO:     [IP-DISAMARKAN]:54028 - "GET /metrics HTTP/1.1" 307 Temporary Redirect
INFO:     [IP-DISAMARKAN]:54028 - "GET /metrics/ HTTP/1.1" 200 OK
INFO:     [IP-DISAMARKAN]:34374 - "GET /health HTTP/1.1" 200 OK
INFO:     [IP-DISAMARKAN]:47970 - "GET /metrics HTTP/1.1" 307 Temporary Redirect
INFO:     [IP-DISAMARKAN]:47970 - "GET /metrics/ HTTP/1.1" 200 OK
INFO:     127.0.0.1:59250 - "GET /health HTTP/1.1" 200 OK
INFO:     [IP-DISAMARKAN]:45332 - "GET /metrics HTTP/1.1" 307 Temporary Redirect
INFO:     [IP-DISAMARKAN]:45332 - "GET /metrics/ HTTP/1.1" 200 OK
INFO:     [IP-DISAMARKAN]:45634 - "GET /health HTTP/1.1" 200 OK
INFO:     [IP-DISAMARKAN]:51940 - "GET /metrics HTTP/1.1" 307 Temporary Redirect
INFO:     [IP-DISAMARKAN]:51940 - "GET /metrics/ HTTP/1.1" 200 OK
INFO:     127.0.0.1:37936 - "GET /health HTTP/1.1" 200 OK
INFO:     [IP-DISAMARKAN]:47766 - "GET /metrics HTTP/1.1" 307 Temporary Redirect
INFO:     [IP-DISAMARKAN]:47766 - "GET /metrics/ HTTP/1.1" 200 OK
INFO:     [IP-DISAMARKAN]:38298 - "GET /health HTTP/1.1" 200 OK
INFO:     [IP-DISAMARKAN]:48928 - "GET /metrics HTTP/1.1" 307 Temporary Redirect
INFO:     [IP-DISAMARKAN]:48928 - "GET /metrics/ HTTP/1.1" 200 OK
INFO:     127.0.0.1:47054 - "GET /health HTTP/1.1" 200 OK
INFO:     [IP-DISAMARKAN]:59956 - "GET /metrics HTTP/1.1" 307 Temporary Redirect
INFO:     [IP-DISAMARKAN]:59956 - "GET /metrics/ HTTP/1.1" 200 OK
INFO:     [IP-DISAMARKAN]:59706 - "GET /health HTTP/1.1" 200 OK
INFO:     [IP-DISAMARKAN]:39248 - "GET /metrics HTTP/1.1" 307 Temporary Redirect
INFO:     [IP-DISAMARKAN]:39248 - "GET /metrics/ HTTP/1.1" 200 OK
INFO:     127.0.0.1:51434 - "GET /health HTTP/1.1" 200 OK
INFO:     [IP-DISAMARKAN]:46040 - "GET /metrics HTTP/1.1" 307 Temporary Redirect
INFO:     [IP-DISAMARKAN]:46040 - "GET /metrics/ HTTP/1.1" 200 OK
INFO:     [IP-DISAMARKAN]:41376 - "GET /health HTTP/1.1" 200 OK
INFO:     [IP-DISAMARKAN]:51910 - "GET /metrics HTTP/1.1" 307 Temporary Redirect
INFO:     [IP-DISAMARKAN]:51910 - "GET /metrics/ HTTP/1.1" 200 OK
INFO:     127.0.0.1:54398 - "GET /health HTTP/1.1" 200 OK
INFO:     [IP-DISAMARKAN]:34720 - "GET /metrics HTTP/1.1" 307 Temporary Redirect
INFO:     [IP-DISAMARKAN]:34720 - "GET /metrics/ HTTP/1.1" 200 OK
INFO:     [IP-DISAMARKAN]:53896 - "GET /health HTTP/1.1" 200 OK
INFO:     [IP-DISAMARKAN]:44188 - "GET /metrics HTTP/1.1" 307 Temporary Redirect
INFO:     [IP-DISAMARKAN]:44188 - "GET /metrics/ HTTP/1.1" 200 OK
INFO:     127.0.0.1:57176 - "GET /health HTTP/1.1" 200 OK
INFO:     [IP-DISAMARKAN]:34598 - "GET /metrics HTTP/1.1" 307 Temporary Redirect
INFO:     [IP-DISAMARKAN]:34598 - "GET /metrics/ HTTP/1.1" 200 OK
INFO:     [IP-DISAMARKAN]:54200 - "GET /health HTTP/1.1" 200 OK
INFO:     [IP-DISAMARKAN]:56562 - "GET /metrics HTTP/1.1" 307 Temporary Redirect
INFO:     [IP-DISAMARKAN]:56562 - "GET /metrics/ HTTP/1.1" 200 OK
INFO:     127.0.0.1:56530 - "GET /health HTTP/1.1" 200 OK
INFO:     [IP-DISAMARKAN]:50438 - "GET /metrics HTTP/1.1" 307 Temporary Redirect
INFO:     [IP-DISAMARKAN]:50438 - "GET /metrics/ HTTP/1.1" 200 OK
INFO:     [IP-DISAMARKAN]:37386 - "GET /health HTTP/1.1" 200 OK
INFO:     [IP-DISAMARKAN]:35236 - "GET /metrics HTTP/1.1" 307 Temporary Redirect
INFO:     [IP-DISAMARKAN]:35236 - "GET /metrics/ HTTP/1.1" 200 OK
INFO:     127.0.0.1:37970 - "GET /health HTTP/1.1" 200 OK
INFO:     [IP-DISAMARKAN]:35720 - "GET /metrics HTTP/1.1" 307 Temporary Redirect
INFO:     [IP-DISAMARKAN]:35720 - "GET /metrics/ HTTP/1.1" 200 OK
INFO:     [IP-DISAMARKAN]:42970 - "GET /metrics HTTP/1.1" 307 Temporary Redirect
INFO:     [IP-DISAMARKAN]:42970 - "GET /metrics/ HTTP/1.1" 200 OK
INFO:     [IP-DISAMARKAN]:51176 - "GET /health HTTP/1.1" 200 OK
INFO:     127.0.0.1:55246 - "GET /health HTTP/1.1" 200 OK
INFO:     [IP-DISAMARKAN]:33762 - "GET /metrics HTTP/1.1" 307 Temporary Redirect
INFO:     [IP-DISAMARKAN]:33762 - "GET /metrics/ HTTP/1.1" 200 OK
INFO:     [IP-DISAMARKAN]:48890 - "GET /metrics HTTP/1.1" 307 Temporary Redirect
INFO:     [IP-DISAMARKAN]:48890 - "GET /metrics/ HTTP/1.1" 200 OK
INFO:     [IP-DISAMARKAN]:43988 - "GET /health HTTP/1.1" 200 OK
INFO:     127.0.0.1:33236 - "GET /health HTTP/1.1" 200 OK
INFO:     [IP-DISAMARKAN]:33166 - "GET /metrics HTTP/1.1" 307 Temporary Redirect
INFO:     [IP-DISAMARKAN]:33166 - "GET /metrics/ HTTP/1.1" 200 OK
INFO:     [IP-DISAMARKAN]:34144 - "GET /metrics HTTP/1.1" 307 Temporary Redirect
INFO:     [IP-DISAMARKAN]:34144 - "GET /metrics/ HTTP/1.1" 200 OK
INFO:     127.0.0.1:52720 - "GET /health HTTP/1.1" 200 OK
INFO:     [IP-DISAMARKAN]:45140 - "GET /health HTTP/1.1" 200 OK
INFO:     [IP-DISAMARKAN]:48194 - "GET /metrics HTTP/1.1" 307 Temporary Redirect
INFO:     [IP-DISAMARKAN]:48194 - "GET /metrics/ HTTP/1.1" 200 OK
INFO:     [IP-DISAMARKAN]:37702 - "GET /metrics HTTP/1.1" 307 Temporary Redirect
INFO:     [IP-DISAMARKAN]:37702 - "GET /metrics/ HTTP/1.1" 200 OK
INFO:     127.0.0.1:35488 - "GET /health HTTP/1.1" 200 OK
INFO:     [IP-DISAMARKAN]:35020 - "GET /metrics HTTP/1.1" 307 Temporary Redirect
INFO:     [IP-DISAMARKAN]:35020 - "GET /metrics/ HTTP/1.1" 200 OK
INFO:     [IP-DISAMARKAN]:41766 - "GET /health HTTP/1.1" 200 OK
INFO:     [IP-DISAMARKAN]:49144 - "GET /metrics HTTP/1.1" 307 Temporary Redirect
INFO:     [IP-DISAMARKAN]:49144 - "GET /metrics/ HTTP/1.1" 200 OK
INFO:     127.0.0.1:53262 - "GET /health HTTP/1.1" 200 OK
INFO:     [IP-DISAMARKAN]:42546 - "GET /metrics HTTP/1.1" 307 Temporary Redirect
INFO:     [IP-DISAMARKAN]:42546 - "GET /metrics/ HTTP/1.1" 200 OK
INFO:     [IP-DISAMARKAN]:33416 - "GET /health HTTP/1.1" 200 OK
INFO:     [IP-DISAMARKAN]:36650 - "GET /metrics HTTP/1.1" 307 Temporary Redirect
INFO:     [IP-DISAMARKAN]:36650 - "GET /metrics/ HTTP/1.1" 200 OK
INFO:     127.0.0.1:34890 - "GET /health HTTP/1.1" 200 OK
INFO:     [IP-DISAMARKAN]:43770 - "GET /metrics HTTP/1.1" 307 Temporary Redirect
INFO:     [IP-DISAMARKAN]:43770 - "GET /metrics/ HTTP/1.1" 200 OK
INFO:     [IP-DISAMARKAN]:37550 - "GET /health HTTP/1.1" 200 OK
INFO:     [IP-DISAMARKAN]:37554 - "GET /metrics HTTP/1.1" 307 Temporary Redirect
INFO:     [IP-DISAMARKAN]:37554 - "GET /metrics/ HTTP/1.1" 200 OK
INFO:     127.0.0.1:35908 - "GET /health HTTP/1.1" 200 OK
INFO:     [IP-DISAMARKAN]:57362 - "GET /metrics HTTP/1.1" 307 Temporary Redirect
INFO:     [IP-DISAMARKAN]:57362 - "GET /metrics/ HTTP/1.1" 200 OK
INFO:     [IP-DISAMARKAN]:43732 - "GET /metrics HTTP/1.1" 307 Temporary Redirect
INFO:     [IP-DISAMARKAN]:43732 - "GET /metrics/ HTTP/1.1" 200 OK
INFO:     [IP-DISAMARKAN]:49890 - "GET /health HTTP/1.1" 200 OK
INFO:     127.0.0.1:56602 - "GET /health HTTP/1.1" 200 OK
INFO:     [IP-DISAMARKAN]:43412 - "GET /metrics HTTP/1.1" 307 Temporary Redirect
INFO:     [IP-DISAMARKAN]:43412 - "GET /metrics/ HTTP/1.1" 200 OK
INFO:     [IP-DISAMARKAN]:50024 - "GET /metrics HTTP/1.1" 307 Temporary Redirect
INFO:     [IP-DISAMARKAN]:50024 - "GET /metrics/ HTTP/1.1" 200 OK
INFO:     [IP-DISAMARKAN]:59500 - "GET /health HTTP/1.1" 200 OK
INFO:     127.0.0.1:33556 - "GET /health HTTP/1.1" 200 OK
INFO:     [IP-DISAMARKAN]:43994 - "GET /metrics HTTP/1.1" 307 Temporary Redirect
INFO:     [IP-DISAMARKAN]:43994 - "GET /metrics/ HTTP/1.1" 200 OK
INFO:     [IP-DISAMARKAN]:49040 - "GET /metrics HTTP/1.1" 307 Temporary Redirect
INFO:     [IP-DISAMARKAN]:49040 - "GET /metrics/ HTTP/1.1" 200 OK
INFO:     127.0.0.1:42844 - "GET /health HTTP/1.1" 200 OK
INFO:     [IP-DISAMARKAN]:40792 - "GET /health HTTP/1.1" 200 OK
INFO:     [IP-DISAMARKAN]:60378 - "GET /metrics HTTP/1.1" 307 Temporary Redirect
INFO:     [IP-DISAMARKAN]:60378 - "GET /metrics/ HTTP/1.1" 200 OK
INFO:     [IP-DISAMARKAN]:37692 - "GET /metrics HTTP/1.1" 307 Temporary Redirect
INFO:     [IP-DISAMARKAN]:37692 - "GET /metrics/ HTTP/1.1" 200 OK
INFO:     127.0.0.1:40208 - "GET /health HTTP/1.1" 200 OK
INFO:     [IP-DISAMARKAN]:44652 - "GET /metrics HTTP/1.1" 307 Temporary Redirect
INFO:     [IP-DISAMARKAN]:44652 - "GET /metrics/ HTTP/1.1" 200 OK
INFO:     [IP-DISAMARKAN]:35218 - "GET /health HTTP/1.1" 200 OK
INFO:     [IP-DISAMARKAN]:53864 - "GET /metrics HTTP/1.1" 307 Temporary Redirect
INFO:     [IP-DISAMARKAN]:53864 - "GET /metrics/ HTTP/1.1" 200 OK
INFO:     127.0.0.1:59590 - "GET /health HTTP/1.1" 200 OK
INFO:     [IP-DISAMARKAN]:34988 - "GET /metrics HTTP/1.1" 307 Temporary Redirect
INFO:     [IP-DISAMARKAN]:34988 - "GET /metrics/ HTTP/1.1" 200 OK
INFO:     [IP-DISAMARKAN]:42426 - "GET /health HTTP/1.1" 200 OK
INFO:     [IP-DISAMARKAN]:57760 - "GET /metrics HTTP/1.1" 307 Temporary Redirect
INFO:     [IP-DISAMARKAN]:57760 - "GET /metrics/ HTTP/1.1" 200 OK
INFO:     127.0.0.1:50592 - "GET /health HTTP/1.1" 200 OK
INFO:     [IP-DISAMARKAN]:46294 - "GET /metrics HTTP/1.1" 307 Temporary Redirect
INFO:     [IP-DISAMARKAN]:46294 - "GET /metrics/ HTTP/1.1" 200 OK
INFO:     [IP-DISAMARKAN]:60786 - "GET /health HTTP/1.1" 200 OK
INFO:     [IP-DISAMARKAN]:53022 - "GET /metrics HTTP/1.1" 307 Temporary Redirect
INFO:     [IP-DISAMARKAN]:53022 - "GET /metrics/ HTTP/1.1" 200 OK
INFO:     127.0.0.1:45150 - "GET /health HTTP/1.1" 200 OK
INFO:     [IP-DISAMARKAN]:57664 - "GET /metrics HTTP/1.1" 307 Temporary Redirect
INFO:     [IP-DISAMARKAN]:57664 - "GET /metrics/ HTTP/1.1" 200 OK
INFO:     [IP-DISAMARKAN]:37588 - "GET /health HTTP/1.1" 200 OK
INFO:     [IP-DISAMARKAN]:42446 - "GET /metrics HTTP/1.1" 307 Temporary Redirect
INFO:     [IP-DISAMARKAN]:42446 - "GET /metrics/ HTTP/1.1" 200 OK
INFO:     127.0.0.1:57730 - "GET /health HTTP/1.1" 200 OK
INFO:     [IP-DISAMARKAN]:58272 - "GET /metrics HTTP/1.1" 307 Temporary Redirect
INFO:     [IP-DISAMARKAN]:58272 - "GET /metrics/ HTTP/1.1" 200 OK
INFO:     [IP-DISAMARKAN]:57340 - "GET /metrics HTTP/1.1" 307 Temporary Redirect
INFO:     [IP-DISAMARKAN]:57340 - "GET /metrics/ HTTP/1.1" 200 OK
INFO:     [IP-DISAMARKAN]:58806 - "GET /health HTTP/1.1" 200 OK
INFO:     127.0.0.1:42402 - "GET /health HTTP/1.1" 200 OK
INFO:     [IP-DISAMARKAN]:58774 - "GET /metrics HTTP/1.1" 307 Temporary Redirect
INFO:     [IP-DISAMARKAN]:58774 - "GET /metrics/ HTTP/1.1" 200 OK
INFO:     [IP-DISAMARKAN]:35644 - "GET /metrics HTTP/1.1" 307 Temporary Redirect
INFO:     [IP-DISAMARKAN]:35644 - "GET /metrics/ HTTP/1.1" 200 OK
INFO:     [IP-DISAMARKAN]:49356 - "GET /health HTTP/1.1" 200 OK
INFO:     127.0.0.1:34858 - "GET /health HTTP/1.1" 200 OK
INFO:     [IP-DISAMARKAN]:54228 - "GET /metrics HTTP/1.1" 307 Temporary Redirect
INFO:     [IP-DISAMARKAN]:54228 - "GET /metrics/ HTTP/1.1" 200 OK
INFO:     [IP-DISAMARKAN]:38024 - "GET /metrics HTTP/1.1" 307 Temporary Redirect
INFO:     [IP-DISAMARKAN]:38024 - "GET /metrics/ HTTP/1.1" 200 OK
INFO:     [IP-DISAMARKAN]:48602 - "GET /health HTTP/1.1" 200 OK
INFO:     127.0.0.1:54826 - "GET /health HTTP/1.1" 200 OK
INFO:     [IP-DISAMARKAN]:46820 - "GET /metrics HTTP/1.1" 307 Temporary Redirect
INFO:     [IP-DISAMARKAN]:46820 - "GET /metrics/ HTTP/1.1" 200 OK
INFO:     [IP-DISAMARKAN]:55304 - "GET /metrics HTTP/1.1" 307 Temporary Redirect
INFO:     [IP-DISAMARKAN]:55304 - "GET /metrics/ HTTP/1.1" 200 OK
INFO:     [IP-DISAMARKAN]:54036 - "GET /health HTTP/1.1" 200 OK
INFO:     127.0.0.1:49562 - "GET /health HTTP/1.1" 200 OK
INFO:     [IP-DISAMARKAN]:34060 - "GET /metrics HTTP/1.1" 307 Temporary Redirect
INFO:     [IP-DISAMARKAN]:34060 - "GET /metrics/ HTTP/1.1" 200 OK
INFO:     [IP-DISAMARKAN]:58248 - "GET /metrics HTTP/1.1" 307 Temporary Redirect
INFO:     [IP-DISAMARKAN]:58248 - "GET /metrics/ HTTP/1.1" 200 OK
INFO:     [IP-DISAMARKAN]:38444 - "GET /health HTTP/1.1" 200 OK
INFO:     127.0.0.1:54870 - "GET /health HTTP/1.1" 200 OK
INFO:     [IP-DISAMARKAN]:59520 - "GET /metrics HTTP/1.1" 307 Temporary Redirect
INFO:     [IP-DISAMARKAN]:59520 - "GET /metrics/ HTTP/1.1" 200 OK
INFO:     [IP-DISAMARKAN]:33602 - "GET /metrics HTTP/1.1" 307 Temporary Redirect
INFO:     [IP-DISAMARKAN]:33602 - "GET /metrics/ HTTP/1.1" 200 OK
INFO:     [IP-DISAMARKAN]:38038 - "GET /health HTTP/1.1" 200 OK
INFO:     127.0.0.1:49988 - "GET /health HTTP/1.1" 200 OK
INFO:     [IP-DISAMARKAN]:34174 - "GET /metrics HTTP/1.1" 307 Temporary Redirect
INFO:     [IP-DISAMARKAN]:34174 - "GET /metrics/ HTTP/1.1" 200 OK
INFO:     [IP-DISAMARKAN]:57036 - "GET /metrics HTTP/1.1" 307 Temporary Redirect
INFO:     [IP-DISAMARKAN]:57036 - "GET /metrics/ HTTP/1.1" 200 OK
INFO:     [IP-DISAMARKAN]:52526 - "GET /health HTTP/1.1" 200 OK
INFO:     127.0.0.1:43470 - "GET /health HTTP/1.1" 200 OK
INFO:     [IP-DISAMARKAN]:44754 - "GET /metrics HTTP/1.1" 307 Temporary Redirect
INFO:     [IP-DISAMARKAN]:44754 - "GET /metrics/ HTTP/1.1" 200 OK
INFO:     [IP-DISAMARKAN]:57368 - "GET /metrics HTTP/1.1" 307 Temporary Redirect
INFO:     [IP-DISAMARKAN]:57368 - "GET /metrics/ HTTP/1.1" 200 OK
INFO:     [IP-DISAMARKAN]:49216 - "GET /health HTTP/1.1" 200 OK
INFO:     127.0.0.1:56956 - "GET /health HTTP/1.1" 200 OK
INFO:     [IP-DISAMARKAN]:56886 - "GET /metrics HTTP/1.1" 307 Temporary Redirect
INFO:     [IP-DISAMARKAN]:56886 - "GET /metrics/ HTTP/1.1" 200 OK
INFO:     [IP-DISAMARKAN]:38550 - "GET /metrics HTTP/1.1" 307 Temporary Redirect
INFO:     [IP-DISAMARKAN]:38550 - "GET /metrics/ HTTP/1.1" 200 OK
INFO:     [IP-DISAMARKAN]:44272 - "GET /health HTTP/1.1" 200 OK
INFO:     127.0.0.1:35784 - "GET /health HTTP/1.1" 200 OK
INFO:     [IP-DISAMARKAN]:60642 - "GET /metrics HTTP/1.1" 307 Temporary Redirect
INFO:     [IP-DISAMARKAN]:60642 - "GET /metrics/ HTTP/1.1" 200 OK
INFO:     [IP-DISAMARKAN]:41124 - "GET /metrics HTTP/1.1" 307 Temporary Redirect
INFO:     [IP-DISAMARKAN]:41124 - "GET /metrics/ HTTP/1.1" 200 OK
INFO:     [IP-DISAMARKAN]:45720 - "GET /health HTTP/1.1" 200 OK
INFO:     127.0.0.1:51002 - "GET /health HTTP/1.1" 200 OK
INFO:     [IP-DISAMARKAN]:46850 - "GET /metrics HTTP/1.1" 307 Temporary Redirect
INFO:     [IP-DISAMARKAN]:46850 - "GET /metrics/ HTTP/1.1" 200 OK
INFO:     [IP-DISAMARKAN]:42108 - "GET /metrics HTTP/1.1" 307 Temporary Redirect
INFO:     [IP-DISAMARKAN]:42108 - "GET /metrics/ HTTP/1.1" 200 OK
INFO:     [IP-DISAMARKAN]:42174 - "GET /health HTTP/1.1" 200 OK
INFO:     127.0.0.1:56284 - "GET /health HTTP/1.1" 200 OK
INFO:     [IP-DISAMARKAN]:58692 - "GET /metrics HTTP/1.1" 307 Temporary Redirect
INFO:     [IP-DISAMARKAN]:58692 - "GET /metrics/ HTTP/1.1" 200 OK
INFO:     [IP-DISAMARKAN]:41006 - "GET /metrics HTTP/1.1" 307 Temporary Redirect
INFO:     [IP-DISAMARKAN]:41006 - "GET /metrics/ HTTP/1.1" 200 OK
INFO:     [IP-DISAMARKAN]:36496 - "GET /health HTTP/1.1" 200 OK
INFO:     127.0.0.1:38388 - "GET /health HTTP/1.1" 200 OK
INFO:     [IP-DISAMARKAN]:33428 - "GET /metrics HTTP/1.1" 307 Temporary Redirect
INFO:     [IP-DISAMARKAN]:33428 - "GET /metrics/ HTTP/1.1" 200 OK
INFO:     [IP-DISAMARKAN]:50972 - "GET /metrics HTTP/1.1" 307 Temporary Redirect
INFO:     [IP-DISAMARKAN]:50972 - "GET /metrics/ HTTP/1.1" 200 OK
INFO:     [IP-DISAMARKAN]:41226 - "GET /health HTTP/1.1" 200 OK
INFO:     127.0.0.1:54842 - "GET /health HTTP/1.1" 200 OK
INFO:     [IP-DISAMARKAN]:34084 - "GET /metrics HTTP/1.1" 307 Temporary Redirect
INFO:     [IP-DISAMARKAN]:34084 - "GET /metrics/ HTTP/1.1" 200 OK
INFO:     [IP-DISAMARKAN]:33088 - "GET /metrics HTTP/1.1" 307 Temporary Redirect
INFO:     [IP-DISAMARKAN]:33088 - "GET /metrics/ HTTP/1.1" 200 OK
INFO:     [IP-DISAMARKAN]:41340 - "GET /health HTTP/1.1" 200 OK
INFO:     127.0.0.1:51568 - "GET /health HTTP/1.1" 200 OK
INFO:     [IP-DISAMARKAN]:48650 - "GET /metrics HTTP/1.1" 307 Temporary Redirect
INFO:     [IP-DISAMARKAN]:48650 - "GET /metrics/ HTTP/1.1" 200 OK
INFO:     [IP-DISAMARKAN]:59108 - "GET /metrics HTTP/1.1" 307 Temporary Redirect
INFO:     [IP-DISAMARKAN]:59108 - "GET /metrics/ HTTP/1.1" 200 OK
INFO:     [IP-DISAMARKAN]:35950 - "GET /health HTTP/1.1" 200 OK
INFO:     [IP-DISAMARKAN]:44754 - "GET /metrics HTTP/1.1" 307 Temporary Redirect
INFO:     [IP-DISAMARKAN]:44754 - "GET /metrics/ HTTP/1.1" 200 OK
INFO:     127.0.0.1:38362 - "GET /health HTTP/1.1" 200 OK
INFO:     [IP-DISAMARKAN]:45668 - "GET /metrics HTTP/1.1" 307 Temporary Redirect
INFO:     [IP-DISAMARKAN]:45668 - "GET /metrics/ HTTP/1.1" 200 OK
INFO:     [IP-DISAMARKAN]:38940 - "GET /health HTTP/1.1" 200 OK
INFO:     [IP-DISAMARKAN]:44720 - "GET /metrics HTTP/1.1" 307 Temporary Redirect
INFO:     [IP-DISAMARKAN]:44720 - "GET /metrics/ HTTP/1.1" 200 OK
INFO:     127.0.0.1:45958 - "GET /health HTTP/1.1" 200 OK
INFO:     [IP-DISAMARKAN]:33958 - "GET /metrics HTTP/1.1" 307 Temporary Redirect
INFO:     [IP-DISAMARKAN]:33958 - "GET /metrics/ HTTP/1.1" 200 OK
INFO:     [IP-DISAMARKAN]:37932 - "GET /health HTTP/1.1" 200 OK
INFO:     [IP-DISAMARKAN]:53994 - "GET /metrics HTTP/1.1" 307 Temporary Redirect
INFO:     [IP-DISAMARKAN]:53994 - "GET /metrics/ HTTP/1.1" 200 OK
INFO:     127.0.0.1:38326 - "GET /health HTTP/1.1" 200 OK
INFO:     [IP-DISAMARKAN]:41314 - "GET /metrics HTTP/1.1" 307 Temporary Redirect
INFO:     [IP-DISAMARKAN]:41314 - "GET /metrics/ HTTP/1.1" 200 OK
INFO:     [IP-DISAMARKAN]:49204 - "GET /health HTTP/1.1" 200 OK
INFO:     [IP-DISAMARKAN]:44364 - "GET /metrics HTTP/1.1" 307 Temporary Redirect
INFO:     [IP-DISAMARKAN]:44364 - "GET /metrics/ HTTP/1.1" 200 OK
INFO:     127.0.0.1:59018 - "GET /health HTTP/1.1" 200 OK
INFO:     [IP-DISAMARKAN]:51554 - "GET /metrics HTTP/1.1" 307 Temporary Redirect
INFO:     [IP-DISAMARKAN]:51554 - "GET /metrics/ HTTP/1.1" 200 OK
INFO:     [IP-DISAMARKAN]:34782 - "GET /health HTTP/1.1" 200 OK
INFO:     [IP-DISAMARKAN]:51786 - "GET /metrics HTTP/1.1" 307 Temporary Redirect
INFO:     [IP-DISAMARKAN]:51786 - "GET /metrics/ HTTP/1.1" 200 OK
INFO:     127.0.0.1:49584 - "GET /health HTTP/1.1" 200 OK
INFO:     [IP-DISAMARKAN]:37962 - "GET /metrics HTTP/1.1" 307 Temporary Redirect
INFO:     [IP-DISAMARKAN]:37962 - "GET /metrics/ HTTP/1.1" 200 OK
INFO:     [IP-DISAMARKAN]:42578 - "GET /health HTTP/1.1" 200 OK
INFO:     [IP-DISAMARKAN]:35688 - "GET /metrics HTTP/1.1" 307 Temporary Redirect
INFO:     [IP-DISAMARKAN]:35688 - "GET /metrics/ HTTP/1.1" 200 OK
INFO:     127.0.0.1:53350 - "GET /health HTTP/1.1" 200 OK
INFO:     [IP-DISAMARKAN]:50666 - "GET /metrics HTTP/1.1" 307 Temporary Redirect
INFO:     [IP-DISAMARKAN]:50666 - "GET /metrics/ HTTP/1.1" 200 OK
INFO:     [IP-DISAMARKAN]:49650 - "GET /metrics HTTP/1.1" 307 Temporary Redirect
INFO:     [IP-DISAMARKAN]:49650 - "GET /metrics/ HTTP/1.1" 200 OK
INFO:     [IP-DISAMARKAN]:43652 - "GET /health HTTP/1.1" 200 OK
INFO:     127.0.0.1:40618 - "GET /health HTTP/1.1" 200 OK
INFO:     [IP-DISAMARKAN]:60128 - "GET /metrics HTTP/1.1" 307 Temporary Redirect
INFO:     [IP-DISAMARKAN]:60128 - "GET /metrics/ HTTP/1.1" 200 OK
INFO:     [IP-DISAMARKAN]:36444 - "GET /metrics HTTP/1.1" 307 Temporary Redirect
INFO:     [IP-DISAMARKAN]:36444 - "GET /metrics/ HTTP/1.1" 200 OK
INFO:     127.0.0.1:35592 - "GET /health HTTP/1.1" 200 OK
INFO:     [IP-DISAMARKAN]:32996 - "GET /health HTTP/1.1" 200 OK
INFO:     [IP-DISAMARKAN]:37598 - "GET /metrics HTTP/1.1" 307 Temporary Redirect
INFO:     [IP-DISAMARKAN]:37598 - "GET /metrics/ HTTP/1.1" 200 OK
INFO:     [IP-DISAMARKAN]:53360 - "GET /metrics HTTP/1.1" 307 Temporary Redirect
INFO:     [IP-DISAMARKAN]:53360 - "GET /metrics/ HTTP/1.1" 200 OK
INFO:     127.0.0.1:33634 - "GET /health HTTP/1.1" 200 OK
INFO:     [IP-DISAMARKAN]:45690 - "GET /health HTTP/1.1" 200 OK
INFO:     [IP-DISAMARKAN]:35102 - "GET /metrics HTTP/1.1" 307 Temporary Redirect
INFO:     [IP-DISAMARKAN]:35102 - "GET /metrics/ HTTP/1.1" 200 OK
INFO:     [IP-DISAMARKAN]:39514 - "GET /metrics HTTP/1.1" 307 Temporary Redirect
INFO:     [IP-DISAMARKAN]:39514 - "GET /metrics/ HTTP/1.1" 200 OK
INFO:     127.0.0.1:56584 - "GET /health HTTP/1.1" 200 OK
INFO:     [IP-DISAMARKAN]:50182 - "GET /health HTTP/1.1" 200 OK
INFO:     [IP-DISAMARKAN]:54510 - "GET /metrics HTTP/1.1" 307 Temporary Redirect
INFO:     [IP-DISAMARKAN]:54510 - "GET /metrics/ HTTP/1.1" 200 OK
INFO:     [IP-DISAMARKAN]:47892 - "GET /metrics HTTP/1.1" 307 Temporary Redirect
INFO:     [IP-DISAMARKAN]:47892 - "GET /metrics/ HTTP/1.1" 200 OK
INFO:     127.0.0.1:53000 - "GET /health HTTP/1.1" 200 OK
INFO:     [IP-DISAMARKAN]:36278 - "GET /metrics HTTP/1.1" 307 Temporary Redirect
INFO:     [IP-DISAMARKAN]:36278 - "GET /metrics/ HTTP/1.1" 200 OK
INFO:     [IP-DISAMARKAN]:46692 - "GET /health HTTP/1.1" 200 OK
INFO:     [IP-DISAMARKAN]:60592 - "GET /metrics HTTP/1.1" 307 Temporary Redirect
INFO:     [IP-DISAMARKAN]:60592 - "GET /metrics/ HTTP/1.1" 200 OK
INFO:     127.0.0.1:57468 - "GET /health HTTP/1.1" 200 OK
INFO:     [IP-DISAMARKAN]:60696 - "GET /metrics HTTP/1.1" 307 Temporary Redirect
INFO:     [IP-DISAMARKAN]:60696 - "GET /metrics/ HTTP/1.1" 200 OK
INFO:     [IP-DISAMARKAN]:60138 - "GET /health HTTP/1.1" 200 OK
INFO:     [IP-DISAMARKAN]:53970 - "GET /metrics HTTP/1.1" 307 Temporary Redirect
INFO:     [IP-DISAMARKAN]:53970 - "GET /metrics/ HTTP/1.1" 200 OK
INFO:     127.0.0.1:56162 - "GET /health HTTP/1.1" 200 OK
INFO:     [IP-DISAMARKAN]:46204 - "GET /metrics HTTP/1.1" 307 Temporary Redirect
INFO:     [IP-DISAMARKAN]:46204 - "GET /metrics/ HTTP/1.1" 200 OK
INFO:     [IP-DISAMARKAN]:58726 - "GET /health HTTP/1.1" 200 OK
INFO:     [IP-DISAMARKAN]:55960 - "GET /metrics HTTP/1.1" 307 Temporary Redirect
INFO:     [IP-DISAMARKAN]:55960 - "GET /metrics/ HTTP/1.1" 200 OK
INFO:     127.0.0.1:56460 - "GET /health HTTP/1.1" 200 OK
INFO:     [IP-DISAMARKAN]:50162 - "GET /metrics HTTP/1.1" 307 Temporary Redirect
INFO:     [IP-DISAMARKAN]:50162 - "GET /metrics/ HTTP/1.1" 200 OK
INFO:     [IP-DISAMARKAN]:57294 - "GET /metrics HTTP/1.1" 307 Temporary Redirect
INFO:     [IP-DISAMARKAN]:57294 - "GET /metrics/ HTTP/1.1" 200 OK
INFO:     127.0.0.1:57044 - "GET /health HTTP/1.1" 200 OK
INFO:     [IP-DISAMARKAN]:34430 - "GET /health HTTP/1.1" 200 OK
INFO:     [IP-DISAMARKAN]:43312 - "GET /metrics HTTP/1.1" 307 Temporary Redirect
INFO:     [IP-DISAMARKAN]:43312 - "GET /metrics/ HTTP/1.1" 200 OK
INFO:     [IP-DISAMARKAN]:49986 - "GET /metrics HTTP/1.1" 307 Temporary Redirect
INFO:     [IP-DISAMARKAN]:49986 - "GET /metrics/ HTTP/1.1" 200 OK
INFO:     127.0.0.1:53432 - "GET /health HTTP/1.1" 200 OK
INFO:     [IP-DISAMARKAN]:43182 - "GET /health HTTP/1.1" 200 OK
INFO:     [IP-DISAMARKAN]:48528 - "GET /metrics HTTP/1.1" 307 Temporary Redirect
INFO:     [IP-DISAMARKAN]:48528 - "GET /metrics/ HTTP/1.1" 200 OK
INFO:     [IP-DISAMARKAN]:40382 - "GET /metrics HTTP/1.1" 307 Temporary Redirect
INFO:     [IP-DISAMARKAN]:40382 - "GET /metrics/ HTTP/1.1" 200 OK
INFO:     127.0.0.1:58268 - "GET /health HTTP/1.1" 200 OK
INFO:     [IP-DISAMARKAN]:48452 - "GET /health HTTP/1.1" 200 OK
INFO:     [IP-DISAMARKAN]:47226 - "GET /metrics HTTP/1.1" 307 Temporary Redirect
INFO:     [IP-DISAMARKAN]:47226 - "GET /metrics/ HTTP/1.1" 200 OK
INFO:     [IP-DISAMARKAN]:59758 - "GET /metrics HTTP/1.1" 307 Temporary Redirect
INFO:     [IP-DISAMARKAN]:59758 - "GET /metrics/ HTTP/1.1" 200 OK
INFO:     127.0.0.1:50044 - "GET /health HTTP/1.1" 200 OK
INFO:     [IP-DISAMARKAN]:33008 - "GET /metrics HTTP/1.1" 307 Temporary Redirect
INFO:     [IP-DISAMARKAN]:33008 - "GET /metrics/ HTTP/1.1" 200 OK
INFO:     [IP-DISAMARKAN]:58322 - "GET /health HTTP/1.1" 200 OK
INFO:     [IP-DISAMARKAN]:42500 - "GET /metrics HTTP/1.1" 307 Temporary Redirect
INFO:     [IP-DISAMARKAN]:42500 - "GET /metrics/ HTTP/1.1" 200 OK
INFO:     127.0.0.1:59700 - "GET /health HTTP/1.1" 200 OK
INFO:     [IP-DISAMARKAN]:48992 - "GET /metrics HTTP/1.1" 307 Temporary Redirect
INFO:     [IP-DISAMARKAN]:48992 - "GET /metrics/ HTTP/1.1" 200 OK
INFO:     [IP-DISAMARKAN]:36394 - "GET /health HTTP/1.1" 200 OK
INFO:     [IP-DISAMARKAN]:39294 - "GET /metrics HTTP/1.1" 307 Temporary Redirect
INFO:     [IP-DISAMARKAN]:39294 - "GET /metrics/ HTTP/1.1" 200 OK
INFO:     127.0.0.1:60802 - "GET /health HTTP/1.1" 200 OK
INFO:     [IP-DISAMARKAN]:34194 - "GET /metrics HTTP/1.1" 307 Temporary Redirect
INFO:     [IP-DISAMARKAN]:34194 - "GET /metrics/ HTTP/1.1" 200 OK
INFO:     [IP-DISAMARKAN]:50016 - "GET /health HTTP/1.1" 200 OK
INFO:     [IP-DISAMARKAN]:51744 - "GET /metrics HTTP/1.1" 307 Temporary Redirect
INFO:     [IP-DISAMARKAN]:51744 - "GET /metrics/ HTTP/1.1" 200 OK
INFO:     127.0.0.1:37098 - "GET /health HTTP/1.1" 200 OK
INFO:     [IP-DISAMARKAN]:46054 - "GET /metrics HTTP/1.1" 307 Temporary Redirect
INFO:     [IP-DISAMARKAN]:46054 - "GET /metrics/ HTTP/1.1" 200 OK
INFO:     [IP-DISAMARKAN]:51962 - "GET /metrics HTTP/1.1" 307 Temporary Redirect
INFO:     [IP-DISAMARKAN]:51962 - "GET /metrics/ HTTP/1.1" 200 OK
INFO:     127.0.0.1:54728 - "GET /health HTTP/1.1" 200 OK
INFO:     [IP-DISAMARKAN]:34156 - "GET /health HTTP/1.1" 200 OK
INFO:     [IP-DISAMARKAN]:37490 - "GET /metrics HTTP/1.1" 307 Temporary Redirect
INFO:     [IP-DISAMARKAN]:37490 - "GET /metrics/ HTTP/1.1" 200 OK
INFO:     [IP-DISAMARKAN]:46492 - "GET /metrics HTTP/1.1" 307 Temporary Redirect
INFO:     [IP-DISAMARKAN]:46492 - "GET /metrics/ HTTP/1.1" 200 OK
INFO:     127.0.0.1:39448 - "GET /health HTTP/1.1" 200 OK
INFO:     [IP-DISAMARKAN]:57178 - "GET /health HTTP/1.1" 200 OK
INFO:     [IP-DISAMARKAN]:52760 - "GET /metrics HTTP/1.1" 307 Temporary Redirect
INFO:     [IP-DISAMARKAN]:52760 - "GET /metrics/ HTTP/1.1" 200 OK
INFO:     [IP-DISAMARKAN]:58454 - "GET /metrics HTTP/1.1" 307 Temporary Redirect
INFO:     [IP-DISAMARKAN]:58454 - "GET /metrics/ HTTP/1.1" 200 OK
INFO:     127.0.0.1:59312 - "GET /health HTTP/1.1" 200 OK
INFO:     [IP-DISAMARKAN]:47236 - "GET /health HTTP/1.1" 200 OK
INFO:     [IP-DISAMARKAN]:41954 - "GET /metrics HTTP/1.1" 307 Temporary Redirect
INFO:     [IP-DISAMARKAN]:41954 - "GET /metrics/ HTTP/1.1" 200 OK
INFO:     [IP-DISAMARKAN]:46668 - "GET /metrics HTTP/1.1" 307 Temporary Redirect
INFO:     [IP-DISAMARKAN]:46668 - "GET /metrics/ HTTP/1.1" 200 OK
INFO:     127.0.0.1:58622 - "GET /health HTTP/1.1" 200 OK
INFO:     [IP-DISAMARKAN]:41016 - "GET /health HTTP/1.1" 200 OK
INFO:     [IP-DISAMARKAN]:33566 - "GET /metrics HTTP/1.1" 307 Temporary Redirect
INFO:     [IP-DISAMARKAN]:33566 - "GET /metrics/ HTTP/1.1" 200 OK
INFO:     [IP-DISAMARKAN]:56914 - "GET /metrics HTTP/1.1" 307 Temporary Redirect
INFO:     [IP-DISAMARKAN]:56914 - "GET /metrics/ HTTP/1.1" 200 OK
INFO:     127.0.0.1:60564 - "GET /health HTTP/1.1" 200 OK
INFO:     [IP-DISAMARKAN]:51998 - "GET /health HTTP/1.1" 200 OK
INFO:     [IP-DISAMARKAN]:56868 - "GET /metrics HTTP/1.1" 307 Temporary Redirect
INFO:     [IP-DISAMARKAN]:56868 - "GET /metrics/ HTTP/1.1" 200 OK
INFO:     [IP-DISAMARKAN]:56264 - "GET /metrics HTTP/1.1" 307 Temporary Redirect
INFO:     [IP-DISAMARKAN]:56264 - "GET /metrics/ HTTP/1.1" 200 OK
INFO:     127.0.0.1:59752 - "GET /health HTTP/1.1" 200 OK
INFO:     [IP-DISAMARKAN]:52776 - "GET /health HTTP/1.1" 200 OK
INFO:     [IP-DISAMARKAN]:47288 - "GET /metrics HTTP/1.1" 307 Temporary Redirect
INFO:     [IP-DISAMARKAN]:47288 - "GET /metrics/ HTTP/1.1" 200 OK
INFO:     [IP-DISAMARKAN]:48710 - "GET /metrics HTTP/1.1" 307 Temporary Redirect
INFO:     [IP-DISAMARKAN]:48710 - "GET /metrics/ HTTP/1.1" 200 OK
INFO:     127.0.0.1:49526 - "GET /health HTTP/1.1" 200 OK
INFO:     [IP-DISAMARKAN]:55360 - "GET /health HTTP/1.1" 200 OK
INFO:     [IP-DISAMARKAN]:41432 - "GET /metrics HTTP/1.1" 307 Temporary Redirect
INFO:     [IP-DISAMARKAN]:41432 - "GET /metrics/ HTTP/1.1" 200 OK
INFO:     [IP-DISAMARKAN]:41390 - "GET /metrics HTTP/1.1" 307 Temporary Redirect
INFO:     [IP-DISAMARKAN]:41390 - "GET /metrics/ HTTP/1.1" 200 OK
INFO:     127.0.0.1:44112 - "GET /health HTTP/1.1" 200 OK
INFO:     [IP-DISAMARKAN]:57142 - "GET /health HTTP/1.1" 200 OK
INFO:     [IP-DISAMARKAN]:33480 - "GET /metrics HTTP/1.1" 307 Temporary Redirect
INFO:     [IP-DISAMARKAN]:33480 - "GET /metrics/ HTTP/1.1" 200 OK
INFO:     [IP-DISAMARKAN]:32834 - "GET /metrics HTTP/1.1" 307 Temporary Redirect
INFO:     [IP-DISAMARKAN]:32834 - "GET /metrics/ HTTP/1.1" 200 OK
INFO:     127.0.0.1:55284 - "GET /health HTTP/1.1" 200 OK
INFO:     [IP-DISAMARKAN]:39408 - "GET /health HTTP/1.1" 200 OK
INFO:     [IP-DISAMARKAN]:55450 - "GET /metrics HTTP/1.1" 307 Temporary Redirect
INFO:     [IP-DISAMARKAN]:55450 - "GET /metrics/ HTTP/1.1" 200 OK
INFO:     [IP-DISAMARKAN]:53406 - "GET /metrics HTTP/1.1" 307 Temporary Redirect
INFO:     [IP-DISAMARKAN]:53406 - "GET /metrics/ HTTP/1.1" 200 OK
INFO:     127.0.0.1:39812 - "GET /health HTTP/1.1" 200 OK
INFO:     [IP-DISAMARKAN]:46468 - "GET /health HTTP/1.1" 200 OK
INFO:     [IP-DISAMARKAN]:36048 - "GET /metrics HTTP/1.1" 307 Temporary Redirect
INFO:     [IP-DISAMARKAN]:36048 - "GET /metrics/ HTTP/1.1" 200 OK
INFO:     [IP-DISAMARKAN]:55488 - "GET /metrics HTTP/1.1" 307 Temporary Redirect
INFO:     [IP-DISAMARKAN]:55488 - "GET /metrics/ HTTP/1.1" 200 OK
INFO:     127.0.0.1:44982 - "GET /health HTTP/1.1" 200 OK
INFO:     [IP-DISAMARKAN]:36280 - "GET /health HTTP/1.1" 200 OK
INFO:     [IP-DISAMARKAN]:51610 - "GET /metrics HTTP/1.1" 307 Temporary Redirect
INFO:     [IP-DISAMARKAN]:51610 - "GET /metrics/ HTTP/1.1" 200 OK
INFO:     [IP-DISAMARKAN]:55886 - "GET /metrics HTTP/1.1" 307 Temporary Redirect
INFO:     [IP-DISAMARKAN]:55886 - "GET /metrics/ HTTP/1.1" 200 OK
INFO:     127.0.0.1:35276 - "GET /health HTTP/1.1" 200 OK
INFO:     [IP-DISAMARKAN]:47894 - "GET /health HTTP/1.1" 200 OK
INFO:     [IP-DISAMARKAN]:46008 - "GET /metrics HTTP/1.1" 307 Temporary Redirect
INFO:     [IP-DISAMARKAN]:46008 - "GET /metrics/ HTTP/1.1" 200 OK
INFO:     [IP-DISAMARKAN]:49872 - "GET /metrics HTTP/1.1" 307 Temporary Redirect
INFO:     [IP-DISAMARKAN]:49872 - "GET /metrics/ HTTP/1.1" 200 OK
INFO:     127.0.0.1:51248 - "GET /health HTTP/1.1" 200 OK
INFO:     [IP-DISAMARKAN]:42414 - "GET /health HTTP/1.1" 200 OK
INFO:     [IP-DISAMARKAN]:49812 - "GET /metrics HTTP/1.1" 307 Temporary Redirect
INFO:     [IP-DISAMARKAN]:49812 - "GET /metrics/ HTTP/1.1" 200 OK
INFO:     [IP-DISAMARKAN]:37676 - "GET /metrics HTTP/1.1" 307 Temporary Redirect
INFO:     [IP-DISAMARKAN]:37676 - "GET /metrics/ HTTP/1.1" 200 OK
INFO:     127.0.0.1:39226 - "GET /health HTTP/1.1" 200 OK
INFO:     [IP-DISAMARKAN]:57112 - "GET /health HTTP/1.1" 200 OK
INFO:     [IP-DISAMARKAN]:60958 - "GET /metrics HTTP/1.1" 307 Temporary Redirect
INFO:     [IP-DISAMARKAN]:60958 - "GET /metrics/ HTTP/1.1" 200 OK
INFO:     [IP-DISAMARKAN]:34464 - "GET /metrics HTTP/1.1" 307 Temporary Redirect
INFO:     [IP-DISAMARKAN]:34464 - "GET /metrics/ HTTP/1.1" 200 OK
INFO:     [IP-DISAMARKAN]:53668 - "GET /health HTTP/1.1" 200 OK
INFO:     127.0.0.1:59578 - "GET /health HTTP/1.1" 200 OK
INFO:     [IP-DISAMARKAN]:34072 - "GET /metrics HTTP/1.1" 307 Temporary Redirect
INFO:     [IP-DISAMARKAN]:34072 - "GET /metrics/ HTTP/1.1" 200 OK
INFO:     [IP-DISAMARKAN]:47142 - "GET /metrics HTTP/1.1" 307 Temporary Redirect
INFO:     [IP-DISAMARKAN]:47142 - "GET /metrics/ HTTP/1.1" 200 OK
INFO:     [IP-DISAMARKAN]:56968 - "GET /health HTTP/1.1" 200 OK
INFO:     127.0.0.1:33570 - "GET /health HTTP/1.1" 200 OK
INFO:     [IP-DISAMARKAN]:38494 - "GET /metrics HTTP/1.1" 307 Temporary Redirect
INFO:     [IP-DISAMARKAN]:38494 - "GET /metrics/ HTTP/1.1" 200 OK
INFO:     [IP-DISAMARKAN]:60426 - "GET /metrics HTTP/1.1" 307 Temporary Redirect
INFO:     [IP-DISAMARKAN]:60426 - "GET /metrics/ HTTP/1.1" 200 OK
INFO:     [IP-DISAMARKAN]:41368 - "GET /health HTTP/1.1" 200 OK
INFO:     127.0.0.1:41558 - "GET /health HTTP/1.1" 200 OK
INFO:     [IP-DISAMARKAN]:43740 - "GET /metrics HTTP/1.1" 307 Temporary Redirect
INFO:     [IP-DISAMARKAN]:43740 - "GET /metrics/ HTTP/1.1" 200 OK
INFO:     [IP-DISAMARKAN]:42674 - "GET /metrics HTTP/1.1" 307 Temporary Redirect
INFO:     [IP-DISAMARKAN]:42674 - "GET /metrics/ HTTP/1.1" 200 OK
INFO:     [IP-DISAMARKAN]:57930 - "GET /health HTTP/1.1" 200 OK
INFO:     127.0.0.1:42272 - "GET /health HTTP/1.1" 200 OK
INFO:     [IP-DISAMARKAN]:41152 - "GET /metrics HTTP/1.1" 307 Temporary Redirect
INFO:     [IP-DISAMARKAN]:41152 - "GET /metrics/ HTTP/1.1" 200 OK
INFO:     [IP-DISAMARKAN]:57712 - "GET /metrics HTTP/1.1" 307 Temporary Redirect
INFO:     [IP-DISAMARKAN]:57712 - "GET /metrics/ HTTP/1.1" 200 OK
INFO:     [IP-DISAMARKAN]:37338 - "GET /health HTTP/1.1" 200 OK
INFO:     127.0.0.1:60352 - "GET /health HTTP/1.1" 200 OK
INFO:     [IP-DISAMARKAN]:38040 - "GET /metrics HTTP/1.1" 307 Temporary Redirect
INFO:     [IP-DISAMARKAN]:38040 - "GET /metrics/ HTTP/1.1" 200 OK
INFO:     [IP-DISAMARKAN]:44246 - "GET /metrics HTTP/1.1" 307 Temporary Redirect
INFO:     [IP-DISAMARKAN]:44246 - "GET /metrics/ HTTP/1.1" 200 OK
INFO:     [IP-DISAMARKAN]:40208 - "GET /health HTTP/1.1" 200 OK
INFO:     127.0.0.1:39948 - "GET /health HTTP/1.1" 200 OK
INFO:     [IP-DISAMARKAN]:49072 - "GET /metrics HTTP/1.1" 307 Temporary Redirect
INFO:     [IP-DISAMARKAN]:49072 - "GET /metrics/ HTTP/1.1" 200 OK
INFO:     [IP-DISAMARKAN]:36956 - "GET /metrics HTTP/1.1" 307 Temporary Redirect
INFO:     [IP-DISAMARKAN]:36956 - "GET /metrics/ HTTP/1.1" 200 OK
INFO:     127.0.0.1:34994 - "GET /health HTTP/1.1" 200 OK
INFO:     [IP-DISAMARKAN]:51864 - "GET /health HTTP/1.1" 200 OK
INFO:     [IP-DISAMARKAN]:50810 - "GET /metrics HTTP/1.1" 307 Temporary Redirect
INFO:     [IP-DISAMARKAN]:50810 - "GET /metrics/ HTTP/1.1" 200 OK
INFO:     [IP-DISAMARKAN]:34056 - "GET /metrics HTTP/1.1" 307 Temporary Redirect
INFO:     [IP-DISAMARKAN]:34056 - "GET /metrics/ HTTP/1.1" 200 OK
INFO:     127.0.0.1:46318 - "GET /health HTTP/1.1" 200 OK
INFO:     [IP-DISAMARKAN]:52922 - "GET /health HTTP/1.1" 200 OK
INFO:     [IP-DISAMARKAN]:57850 - "GET /metrics HTTP/1.1" 307 Temporary Redirect
INFO:     [IP-DISAMARKAN]:57850 - "GET /metrics/ HTTP/1.1" 200 OK
INFO:     [IP-DISAMARKAN]:51564 - "GET /metrics HTTP/1.1" 307 Temporary Redirect
INFO:     [IP-DISAMARKAN]:51564 - "GET /metrics/ HTTP/1.1" 200 OK
INFO:     127.0.0.1:33200 - "GET /health HTTP/1.1" 200 OK
INFO:     [IP-DISAMARKAN]:42306 - "GET /metrics HTTP/1.1" 307 Temporary Redirect
INFO:     [IP-DISAMARKAN]:42306 - "GET /metrics/ HTTP/1.1" 200 OK
INFO:     [IP-DISAMARKAN]:39978 - "GET /health HTTP/1.1" 200 OK
INFO:     [IP-DISAMARKAN]:52680 - "GET /metrics HTTP/1.1" 307 Temporary Redirect
INFO:     [IP-DISAMARKAN]:52680 - "GET /metrics/ HTTP/1.1" 200 OK
INFO:     127.0.0.1:39758 - "GET /health HTTP/1.1" 200 OK
INFO:     [IP-DISAMARKAN]:48678 - "GET /metrics HTTP/1.1" 307 Temporary Redirect
INFO:     [IP-DISAMARKAN]:48678 - "GET /metrics/ HTTP/1.1" 200 OK
INFO:     [IP-DISAMARKAN]:54192 - "GET /health HTTP/1.1" 200 OK
INFO:     [IP-DISAMARKAN]:48282 - "GET /metrics HTTP/1.1" 307 Temporary Redirect
INFO:     [IP-DISAMARKAN]:48282 - "GET /metrics/ HTTP/1.1" 200 OK
INFO:     127.0.0.1:55134 - "GET /health HTTP/1.1" 200 OK
INFO:     [IP-DISAMARKAN]:45136 - "GET /metrics HTTP/1.1" 307 Temporary Redirect
INFO:     [IP-DISAMARKAN]:45136 - "GET /metrics/ HTTP/1.1" 200 OK
INFO:     [IP-DISAMARKAN]:60428 - "GET /metrics HTTP/1.1" 307 Temporary Redirect
INFO:     [IP-DISAMARKAN]:60428 - "GET /metrics/ HTTP/1.1" 200 OK
INFO:     [IP-DISAMARKAN]:47214 - "GET /health HTTP/1.1" 200 OK
INFO:     127.0.0.1:51804 - "GET /health HTTP/1.1" 200 OK
INFO:     [IP-DISAMARKAN]:56328 - "GET /metrics HTTP/1.1" 307 Temporary Redirect
INFO:     [IP-DISAMARKAN]:56328 - "GET /metrics/ HTTP/1.1" 200 OK
INFO:     [IP-DISAMARKAN]:59688 - "GET /metrics HTTP/1.1" 307 Temporary Redirect
INFO:     [IP-DISAMARKAN]:59688 - "GET /metrics/ HTTP/1.1" 200 OK
INFO:     [IP-DISAMARKAN]:46144 - "GET /health HTTP/1.1" 200 OK
INFO:     127.0.0.1:51418 - "GET /health HTTP/1.1" 200 OK
INFO:     [IP-DISAMARKAN]:43700 - "GET /metrics HTTP/1.1" 307 Temporary Redirect
INFO:     [IP-DISAMARKAN]:43700 - "GET /metrics/ HTTP/1.1" 200 OK
INFO:     [IP-DISAMARKAN]:58532 - "GET /metrics HTTP/1.1" 307 Temporary Redirect
INFO:     [IP-DISAMARKAN]:58532 - "GET /metrics/ HTTP/1.1" 200 OK
INFO:     127.0.0.1:59210 - "GET /health HTTP/1.1" 200 OK
INFO:     [IP-DISAMARKAN]:60810 - "GET /health HTTP/1.1" 200 OK
INFO:     [IP-DISAMARKAN]:38120 - "GET /metrics HTTP/1.1" 307 Temporary Redirect
INFO:     [IP-DISAMARKAN]:38120 - "GET /metrics/ HTTP/1.1" 200 OK
INFO:     [IP-DISAMARKAN]:48254 - "GET /metrics HTTP/1.1" 307 Temporary Redirect
INFO:     [IP-DISAMARKAN]:48254 - "GET /metrics/ HTTP/1.1" 200 OK
INFO:     127.0.0.1:44358 - "GET /health HTTP/1.1" 200 OK
INFO:     [IP-DISAMARKAN]:39188 - "GET /metrics HTTP/1.1" 307 Temporary Redirect
INFO:     [IP-DISAMARKAN]:39188 - "GET /metrics/ HTTP/1.1" 200 OK
INFO:     [IP-DISAMARKAN]:51238 - "GET /health HTTP/1.1" 200 OK
INFO:     [IP-DISAMARKAN]:51210 - "GET /metrics HTTP/1.1" 307 Temporary Redirect
INFO:     [IP-DISAMARKAN]:51210 - "GET /metrics/ HTTP/1.1" 200 OK
INFO:     127.0.0.1:34030 - "GET /health HTTP/1.1" 200 OK
INFO:     [IP-DISAMARKAN]:33738 - "GET /metrics HTTP/1.1" 307 Temporary Redirect
INFO:     [IP-DISAMARKAN]:33738 - "GET /metrics/ HTTP/1.1" 200 OK
INFO:     [IP-DISAMARKAN]:53988 - "GET /health HTTP/1.1" 200 OK
INFO:     [IP-DISAMARKAN]:55460 - "GET /metrics HTTP/1.1" 307 Temporary Redirect
INFO:     [IP-DISAMARKAN]:55460 - "GET /metrics/ HTTP/1.1" 200 OK
INFO:     127.0.0.1:32782 - "GET /health HTTP/1.1" 200 OK
INFO:     [IP-DISAMARKAN]:56488 - "GET /metrics HTTP/1.1" 307 Temporary Redirect
INFO:     [IP-DISAMARKAN]:56488 - "GET /metrics/ HTTP/1.1" 200 OK
INFO:     [IP-DISAMARKAN]:42106 - "GET /health HTTP/1.1" 200 OK
INFO:     [IP-DISAMARKAN]:48756 - "GET /metrics HTTP/1.1" 307 Temporary Redirect
INFO:     [IP-DISAMARKAN]:48756 - "GET /metrics/ HTTP/1.1" 200 OK
INFO:     127.0.0.1:51390 - "GET /health HTTP/1.1" 200 OK
INFO:     [IP-DISAMARKAN]:42662 - "GET /metrics HTTP/1.1" 307 Temporary Redirect
INFO:     [IP-DISAMARKAN]:42662 - "GET /metrics/ HTTP/1.1" 200 OK
INFO:     [IP-DISAMARKAN]:45168 - "GET /metrics HTTP/1.1" 307 Temporary Redirect
INFO:     [IP-DISAMARKAN]:45168 - "GET /metrics/ HTTP/1.1" 200 OK
INFO:     [IP-DISAMARKAN]:60830 - "GET /health HTTP/1.1" 200 OK
INFO:     127.0.0.1:32856 - "GET /health HTTP/1.1" 200 OK
INFO:     [IP-DISAMARKAN]:50408 - "GET /metrics HTTP/1.1" 307 Temporary Redirect
INFO:     [IP-DISAMARKAN]:50408 - "GET /metrics/ HTTP/1.1" 200 OK
INFO:     [IP-DISAMARKAN]:42042 - "GET /metrics HTTP/1.1" 307 Temporary Redirect
INFO:     [IP-DISAMARKAN]:42042 - "GET /metrics/ HTTP/1.1" 200 OK
INFO:     [IP-DISAMARKAN]:53720 - "GET /health HTTP/1.1" 200 OK
INFO:     127.0.0.1:36722 - "GET /health HTTP/1.1" 200 OK
INFO:     [IP-DISAMARKAN]:47952 - "GET /metrics HTTP/1.1" 307 Temporary Redirect
INFO:     [IP-DISAMARKAN]:47952 - "GET /metrics/ HTTP/1.1" 200 OK
INFO:     [IP-DISAMARKAN]:32904 - "GET /metrics HTTP/1.1" 307 Temporary Redirect
INFO:     [IP-DISAMARKAN]:32904 - "GET /metrics/ HTTP/1.1" 200 OK
INFO:     127.0.0.1:51278 - "GET /health HTTP/1.1" 200 OK
INFO:     [IP-DISAMARKAN]:56034 - "GET /health HTTP/1.1" 200 OK
INFO:     [IP-DISAMARKAN]:46490 - "GET /metrics HTTP/1.1" 307 Temporary Redirect
INFO:     [IP-DISAMARKAN]:46490 - "GET /metrics/ HTTP/1.1" 200 OK
INFO:     [IP-DISAMARKAN]:54492 - "GET /metrics HTTP/1.1" 307 Temporary Redirect
INFO:     [IP-DISAMARKAN]:54492 - "GET /metrics/ HTTP/1.1" 200 OK
INFO:     127.0.0.1:36460 - "GET /health HTTP/1.1" 200 OK
INFO:     [IP-DISAMARKAN]:47930 - "GET /metrics HTTP/1.1" 307 Temporary Redirect
INFO:     [IP-DISAMARKAN]:47930 - "GET /metrics/ HTTP/1.1" 200 OK
INFO:     [IP-DISAMARKAN]:38204 - "GET /health HTTP/1.1" 200 OK
INFO:     [IP-DISAMARKAN]:37622 - "GET /metrics HTTP/1.1" 307 Temporary Redirect
INFO:     [IP-DISAMARKAN]:37622 - "GET /metrics/ HTTP/1.1" 200 OK
INFO:     127.0.0.1:37012 - "GET /health HTTP/1.1" 200 OK
INFO:     [IP-DISAMARKAN]:38358 - "GET /metrics HTTP/1.1" 307 Temporary Redirect
INFO:     [IP-DISAMARKAN]:38358 - "GET /metrics/ HTTP/1.1" 200 OK
INFO:     [IP-DISAMARKAN]:47302 - "GET /health HTTP/1.1" 200 OK
INFO:     [IP-DISAMARKAN]:59382 - "GET /metrics HTTP/1.1" 307 Temporary Redirect
INFO:     [IP-DISAMARKAN]:59382 - "GET /metrics/ HTTP/1.1" 200 OK
INFO:     127.0.0.1:55246 - "GET /health HTTP/1.1" 200 OK
INFO:     [IP-DISAMARKAN]:55736 - "GET /metrics HTTP/1.1" 307 Temporary Redirect
INFO:     [IP-DISAMARKAN]:55736 - "GET /metrics/ HTTP/1.1" 200 OK
INFO:     [IP-DISAMARKAN]:48966 - "GET /health HTTP/1.1" 200 OK
INFO:     [IP-DISAMARKAN]:42588 - "GET /metrics HTTP/1.1" 307 Temporary Redirect
INFO:     [IP-DISAMARKAN]:42588 - "GET /metrics/ HTTP/1.1" 200 OK
INFO:     127.0.0.1:44240 - "GET /health HTTP/1.1" 200 OK
INFO:     [IP-DISAMARKAN]:58688 - "GET /metrics HTTP/1.1" 307 Temporary Redirect
INFO:     [IP-DISAMARKAN]:58688 - "GET /metrics/ HTTP/1.1" 200 OK
INFO:     [IP-DISAMARKAN]:40842 - "GET /health HTTP/1.1" 200 OK
INFO:     [IP-DISAMARKAN]:49942 - "GET /metrics HTTP/1.1" 307 Temporary Redirect
INFO:     [IP-DISAMARKAN]:49942 - "GET /metrics/ HTTP/1.1" 200 OK
INFO:     127.0.0.1:46406 - "GET /health HTTP/1.1" 200 OK
INFO:     [IP-DISAMARKAN]:34812 - "GET /metrics HTTP/1.1" 307 Temporary Redirect
INFO:     [IP-DISAMARKAN]:34812 - "GET /metrics/ HTTP/1.1" 200 OK
INFO:     [IP-DISAMARKAN]:60664 - "GET /health HTTP/1.1" 200 OK
INFO:     [IP-DISAMARKAN]:43336 - "GET /metrics HTTP/1.1" 307 Temporary Redirect
INFO:     [IP-DISAMARKAN]:43336 - "GET /metrics/ HTTP/1.1" 200 OK
INFO:     127.0.0.1:40378 - "GET /health HTTP/1.1" 200 OK
INFO:     [IP-DISAMARKAN]:55256 - "GET /metrics HTTP/1.1" 307 Temporary Redirect
INFO:     [IP-DISAMARKAN]:55256 - "GET /metrics/ HTTP/1.1" 200 OK
INFO:     [IP-DISAMARKAN]:52436 - "GET /health HTTP/1.1" 200 OK
INFO:     [IP-DISAMARKAN]:41720 - "GET /metrics HTTP/1.1" 307 Temporary Redirect
INFO:     [IP-DISAMARKAN]:41720 - "GET /metrics/ HTTP/1.1" 200 OK
INFO:     127.0.0.1:53672 - "GET /health HTTP/1.1" 200 OK
INFO:     [IP-DISAMARKAN]:42944 - "GET /metrics HTTP/1.1" 307 Temporary Redirect
INFO:     [IP-DISAMARKAN]:42944 - "GET /metrics/ HTTP/1.1" 200 OK
INFO:     [IP-DISAMARKAN]:36420 - "GET /health HTTP/1.1" 200 OK
INFO:     [IP-DISAMARKAN]:40718 - "GET /metrics HTTP/1.1" 307 Temporary Redirect
INFO:     [IP-DISAMARKAN]:40718 - "GET /metrics/ HTTP/1.1" 200 OK
INFO:     127.0.0.1:52426 - "GET /health HTTP/1.1" 200 OK
INFO:     [IP-DISAMARKAN]:45400 - "GET /metrics HTTP/1.1" 307 Temporary Redirect
INFO:     [IP-DISAMARKAN]:45400 - "GET /metrics/ HTTP/1.1" 200 OK
INFO:     [IP-DISAMARKAN]:39772 - "GET /health HTTP/1.1" 200 OK
INFO:     [IP-DISAMARKAN]:41752 - "GET /metrics HTTP/1.1" 307 Temporary Redirect
INFO:     [IP-DISAMARKAN]:41752 - "GET /metrics/ HTTP/1.1" 200 OK
INFO:     127.0.0.1:51304 - "GET /health HTTP/1.1" 200 OK
INFO:     [IP-DISAMARKAN]:57188 - "GET /metrics HTTP/1.1" 307 Temporary Redirect
INFO:     [IP-DISAMARKAN]:57188 - "GET /metrics/ HTTP/1.1" 200 OK
INFO:     [IP-DISAMARKAN]:40138 - "GET /health HTTP/1.1" 200 OK
INFO:     [IP-DISAMARKAN]:54784 - "GET /metrics HTTP/1.1" 307 Temporary Redirect
INFO:     [IP-DISAMARKAN]:54784 - "GET /metrics/ HTTP/1.1" 200 OK
INFO:     127.0.0.1:54514 - "GET /health HTTP/1.1" 200 OK
INFO:     [IP-DISAMARKAN]:51120 - "GET /metrics HTTP/1.1" 307 Temporary Redirect
INFO:     [IP-DISAMARKAN]:51120 - "GET /metrics/ HTTP/1.1" 200 OK
INFO:     [IP-DISAMARKAN]:40122 - "GET /health HTTP/1.1" 200 OK
INFO:     [IP-DISAMARKAN]:44806 - "GET /metrics HTTP/1.1" 307 Temporary Redirect
INFO:     [IP-DISAMARKAN]:44806 - "GET /metrics/ HTTP/1.1" 200 OK
INFO:     127.0.0.1:47064 - "GET /health HTTP/1.1" 200 OK
INFO:     [IP-DISAMARKAN]:45334 - "GET /metrics HTTP/1.1" 307 Temporary Redirect
INFO:     [IP-DISAMARKAN]:45334 - "GET /metrics/ HTTP/1.1" 200 OK
INFO:     [IP-DISAMARKAN]:55776 - "GET /health HTTP/1.1" 200 OK
INFO:     [IP-DISAMARKAN]:37368 - "GET /metrics HTTP/1.1" 307 Temporary Redirect
INFO:     [IP-DISAMARKAN]:37368 - "GET /metrics/ HTTP/1.1" 200 OK
INFO:     127.0.0.1:36988 - "GET /health HTTP/1.1" 200 OK
INFO:     [IP-DISAMARKAN]:48808 - "GET /metrics HTTP/1.1" 307 Temporary Redirect
INFO:     [IP-DISAMARKAN]:48808 - "GET /metrics/ HTTP/1.1" 200 OK
INFO:     [IP-DISAMARKAN]:58980 - "GET /health HTTP/1.1" 200 OK
INFO:     [IP-DISAMARKAN]:34968 - "GET /metrics HTTP/1.1" 307 Temporary Redirect
INFO:     [IP-DISAMARKAN]:34968 - "GET /metrics/ HTTP/1.1" 200 OK
INFO:     127.0.0.1:39462 - "GET /health HTTP/1.1" 200 OK
INFO:     [IP-DISAMARKAN]:58488 - "GET /metrics HTTP/1.1" 307 Temporary Redirect
INFO:     [IP-DISAMARKAN]:58488 - "GET /metrics/ HTTP/1.1" 200 OK
INFO:     [IP-DISAMARKAN]:52794 - "GET /health HTTP/1.1" 200 OK
INFO:     [IP-DISAMARKAN]:52488 - "GET /metrics HTTP/1.1" 307 Temporary Redirect
INFO:     [IP-DISAMARKAN]:52488 - "GET /metrics/ HTTP/1.1" 200 OK
INFO:     127.0.0.1:38670 - "GET /health HTTP/1.1" 200 OK
INFO:     [IP-DISAMARKAN]:47956 - "GET /metrics HTTP/1.1" 307 Temporary Redirect
INFO:     [IP-DISAMARKAN]:47956 - "GET /metrics/ HTTP/1.1" 200 OK
INFO:     [IP-DISAMARKAN]:50546 - "GET /health HTTP/1.1" 200 OK
INFO:     [IP-DISAMARKAN]:42904 - "GET /metrics HTTP/1.1" 307 Temporary Redirect
INFO:     [IP-DISAMARKAN]:42904 - "GET /metrics/ HTTP/1.1" 200 OK
INFO:     127.0.0.1:33152 - "GET /health HTTP/1.1" 200 OK
INFO:     [IP-DISAMARKAN]:49246 - "GET /metrics HTTP/1.1" 307 Temporary Redirect
INFO:     [IP-DISAMARKAN]:49246 - "GET /metrics/ HTTP/1.1" 200 OK
INFO:     [IP-DISAMARKAN]:49812 - "GET /health HTTP/1.1" 200 OK
INFO:     [IP-DISAMARKAN]:33956 - "GET /metrics HTTP/1.1" 307 Temporary Redirect
INFO:     [IP-DISAMARKAN]:33956 - "GET /metrics/ HTTP/1.1" 200 OK
INFO:     127.0.0.1:46076 - "GET /health HTTP/1.1" 200 OK
INFO:     [IP-DISAMARKAN]:45004 - "GET /metrics HTTP/1.1" 307 Temporary Redirect
INFO:     [IP-DISAMARKAN]:45004 - "GET /metrics/ HTTP/1.1" 200 OK
INFO:     [IP-DISAMARKAN]:42966 - "GET /health HTTP/1.1" 200 OK
INFO:     [IP-DISAMARKAN]:45198 - "GET /metrics HTTP/1.1" 307 Temporary Redirect
INFO:     [IP-DISAMARKAN]:45198 - "GET /metrics/ HTTP/1.1" 200 OK
INFO:     127.0.0.1:44422 - "GET /health HTTP/1.1" 200 OK
INFO:     [IP-DISAMARKAN]:49602 - "GET /metrics HTTP/1.1" 307 Temporary Redirect
INFO:     [IP-DISAMARKAN]:49602 - "GET /metrics/ HTTP/1.1" 200 OK
INFO:     [IP-DISAMARKAN]:35700 - "GET /health HTTP/1.1" 200 OK
INFO:     [IP-DISAMARKAN]:50950 - "GET /metrics HTTP/1.1" 307 Temporary Redirect
INFO:     [IP-DISAMARKAN]:50950 - "GET /metrics/ HTTP/1.1" 200 OK
INFO:     127.0.0.1:52042 - "GET /health HTTP/1.1" 200 OK
INFO:     [IP-DISAMARKAN]:51088 - "GET /metrics HTTP/1.1" 307 Temporary Redirect
INFO:     [IP-DISAMARKAN]:51088 - "GET /metrics/ HTTP/1.1" 200 OK
INFO:     [IP-DISAMARKAN]:58768 - "GET /health HTTP/1.1" 200 OK
INFO:     [IP-DISAMARKAN]:45202 - "GET /metrics HTTP/1.1" 307 Temporary Redirect
INFO:     [IP-DISAMARKAN]:45202 - "GET /metrics/ HTTP/1.1" 200 OK
INFO:     127.0.0.1:55310 - "GET /health HTTP/1.1" 200 OK
INFO:     [IP-DISAMARKAN]:37270 - "GET /metrics HTTP/1.1" 307 Temporary Redirect
INFO:     [IP-DISAMARKAN]:37270 - "GET /metrics/ HTTP/1.1" 200 OK
INFO:     [IP-DISAMARKAN]:33360 - "GET /health HTTP/1.1" 200 OK
INFO:     [IP-DISAMARKAN]:53820 - "GET /metrics HTTP/1.1" 307 Temporary Redirect
INFO:     [IP-DISAMARKAN]:53820 - "GET /metrics/ HTTP/1.1" 200 OK
INFO:     127.0.0.1:52610 - "GET /health HTTP/1.1" 200 OK
INFO:     [IP-DISAMARKAN]:38674 - "GET /metrics HTTP/1.1" 307 Temporary Redirect
INFO:     [IP-DISAMARKAN]:38674 - "GET /metrics/ HTTP/1.1" 200 OK
INFO:     [IP-DISAMARKAN]:41184 - "GET /health HTTP/1.1" 200 OK
INFO:     [IP-DISAMARKAN]:35308 - "GET /metrics HTTP/1.1" 307 Temporary Redirect
INFO:     [IP-DISAMARKAN]:35308 - "GET /metrics/ HTTP/1.1" 200 OK
INFO:     127.0.0.1:55924 - "GET /health HTTP/1.1" 200 OK
INFO:     [IP-DISAMARKAN]:57548 - "GET /metrics HTTP/1.1" 307 Temporary Redirect
INFO:     [IP-DISAMARKAN]:57548 - "GET /metrics/ HTTP/1.1" 200 OK
INFO:     [IP-DISAMARKAN]:54954 - "GET /health HTTP/1.1" 200 OK
INFO:     [IP-DISAMARKAN]:37058 - "GET /metrics HTTP/1.1" 307 Temporary Redirect
INFO:     [IP-DISAMARKAN]:37058 - "GET /metrics/ HTTP/1.1" 200 OK
INFO:     127.0.0.1:42264 - "GET /health HTTP/1.1" 200 OK
INFO:     [IP-DISAMARKAN]:60866 - "GET /metrics HTTP/1.1" 307 Temporary Redirect
INFO:     [IP-DISAMARKAN]:60866 - "GET /metrics/ HTTP/1.1" 200 OK
INFO:     [IP-DISAMARKAN]:44958 - "GET /metrics HTTP/1.1" 307 Temporary Redirect
INFO:     [IP-DISAMARKAN]:44958 - "GET /metrics/ HTTP/1.1" 200 OK
INFO:     [IP-DISAMARKAN]:47558 - "GET /health HTTP/1.1" 200 OK
INFO:     127.0.0.1:59122 - "GET /health HTTP/1.1" 200 OK
INFO:     [IP-DISAMARKAN]:39384 - "GET /metrics HTTP/1.1" 307 Temporary Redirect
INFO:     [IP-DISAMARKAN]:39384 - "GET /metrics/ HTTP/1.1" 200 OK
INFO:     [IP-DISAMARKAN]:41996 - "GET /metrics HTTP/1.1" 307 Temporary Redirect
INFO:     [IP-DISAMARKAN]:41996 - "GET /metrics/ HTTP/1.1" 200 OK
INFO:     [IP-DISAMARKAN]:41030 - "GET /health HTTP/1.1" 200 OK
INFO:     127.0.0.1:39100 - "GET /health HTTP/1.1" 200 OK
INFO:     [IP-DISAMARKAN]:50396 - "GET /metrics HTTP/1.1" 307 Temporary Redirect
INFO:     [IP-DISAMARKAN]:50396 - "GET /metrics/ HTTP/1.1" 200 OK
INFO:     [IP-DISAMARKAN]:48476 - "GET /metrics HTTP/1.1" 307 Temporary Redirect
INFO:     [IP-DISAMARKAN]:48476 - "GET /metrics/ HTTP/1.1" 200 OK
INFO:     [IP-DISAMARKAN]:53512 - "GET /health HTTP/1.1" 200 OK
INFO:     127.0.0.1:59984 - "GET /health HTTP/1.1" 200 OK
INFO:     [IP-DISAMARKAN]:52182 - "GET /metrics HTTP/1.1" 307 Temporary Redirect
INFO:     [IP-DISAMARKAN]:52182 - "GET /metrics/ HTTP/1.1" 200 OK
INFO:     [IP-DISAMARKAN]:45696 - "GET /metrics HTTP/1.1" 307 Temporary Redirect
INFO:     [IP-DISAMARKAN]:45696 - "GET /metrics/ HTTP/1.1" 200 OK
INFO:     127.0.0.1:59874 - "GET /health HTTP/1.1" 200 OK
INFO:     [IP-DISAMARKAN]:45040 - "GET /metrics HTTP/1.1" 307 Temporary Redirect
INFO:     [IP-DISAMARKAN]:45040 - "GET /metrics/ HTTP/1.1" 200 OK
INFO:     [IP-DISAMARKAN]:56238 - "GET /health HTTP/1.1" 200 OK
INFO:     [IP-DISAMARKAN]:50620 - "GET /metrics HTTP/1.1" 307 Temporary Redirect
INFO:     [IP-DISAMARKAN]:50620 - "GET /metrics/ HTTP/1.1" 200 OK
INFO:     127.0.0.1:44426 - "GET /health HTTP/1.1" 200 OK
INFO:     [IP-DISAMARKAN]:37618 - "GET /metrics HTTP/1.1" 307 Temporary Redirect
INFO:     [IP-DISAMARKAN]:37618 - "GET /metrics/ HTTP/1.1" 200 OK
INFO:     [IP-DISAMARKAN]:54568 - "GET /health HTTP/1.1" 200 OK
INFO:     [IP-DISAMARKAN]:42928 - "GET /metrics HTTP/1.1" 307 Temporary Redirect
INFO:     [IP-DISAMARKAN]:42928 - "GET /metrics/ HTTP/1.1" 200 OK
INFO:     127.0.0.1:58610 - "GET /health HTTP/1.1" 200 OK
INFO:     [IP-DISAMARKAN]:47738 - "GET /metrics HTTP/1.1" 307 Temporary Redirect
INFO:     [IP-DISAMARKAN]:47738 - "GET /metrics/ HTTP/1.1" 200 OK
INFO:     [IP-DISAMARKAN]:36030 - "GET /health HTTP/1.1" 200 OK
INFO:     [IP-DISAMARKAN]:48598 - "GET /metrics HTTP/1.1" 307 Temporary Redirect
INFO:     [IP-DISAMARKAN]:48598 - "GET /metrics/ HTTP/1.1" 200 OK
INFO:     127.0.0.1:48524 - "GET /health HTTP/1.1" 200 OK
INFO:     [IP-DISAMARKAN]:43738 - "GET /metrics HTTP/1.1" 307 Temporary Redirect
INFO:     [IP-DISAMARKAN]:43738 - "GET /metrics/ HTTP/1.1" 200 OK
INFO:     [IP-DISAMARKAN]:53456 - "GET /metrics HTTP/1.1" 307 Temporary Redirect
INFO:     [IP-DISAMARKAN]:53456 - "GET /metrics/ HTTP/1.1" 200 OK
INFO:     [IP-DISAMARKAN]:53120 - "GET /health HTTP/1.1" 200 OK
INFO:     127.0.0.1:41652 - "GET /health HTTP/1.1" 200 OK
INFO:     [IP-DISAMARKAN]:33462 - "GET /metrics HTTP/1.1" 307 Temporary Redirect
INFO:     [IP-DISAMARKAN]:33462 - "GET /metrics/ HTTP/1.1" 200 OK
INFO:     [IP-DISAMARKAN]:34972 - "GET /metrics HTTP/1.1" 307 Temporary Redirect
INFO:     [IP-DISAMARKAN]:34972 - "GET /metrics/ HTTP/1.1" 200 OK
INFO:     [IP-DISAMARKAN]:40712 - "GET /health HTTP/1.1" 200 OK
INFO:     127.0.0.1:34786 - "GET /health HTTP/1.1" 200 OK
INFO:     [IP-DISAMARKAN]:38952 - "GET /metrics HTTP/1.1" 307 Temporary Redirect
INFO:     [IP-DISAMARKAN]:38952 - "GET /metrics/ HTTP/1.1" 200 OK
INFO:     [IP-DISAMARKAN]:44638 - "GET /metrics HTTP/1.1" 307 Temporary Redirect
INFO:     [IP-DISAMARKAN]:44638 - "GET /metrics/ HTTP/1.1" 200 OK
INFO:     [IP-DISAMARKAN]:43632 - "GET /health HTTP/1.1" 200 OK
INFO:     127.0.0.1:55876 - "GET /health HTTP/1.1" 200 OK
INFO:     [IP-DISAMARKAN]:51566 - "GET /metrics HTTP/1.1" 307 Temporary Redirect
INFO:     [IP-DISAMARKAN]:51566 - "GET /metrics/ HTTP/1.1" 200 OK
INFO:     [IP-DISAMARKAN]:35394 - "GET /metrics HTTP/1.1" 307 Temporary Redirect
INFO:     [IP-DISAMARKAN]:35394 - "GET /metrics/ HTTP/1.1" 200 OK
INFO:     127.0.0.1:56920 - "GET /health HTTP/1.1" 200 OK
INFO:     [IP-DISAMARKAN]:53260 - "GET /health HTTP/1.1" 200 OK
INFO:     [IP-DISAMARKAN]:46636 - "GET /metrics HTTP/1.1" 307 Temporary Redirect
INFO:     [IP-DISAMARKAN]:46636 - "GET /metrics/ HTTP/1.1" 200 OK
INFO:     [IP-DISAMARKAN]:45106 - "GET /metrics HTTP/1.1" 307 Temporary Redirect
INFO:     [IP-DISAMARKAN]:45106 - "GET /metrics/ HTTP/1.1" 200 OK
INFO:     127.0.0.1:53680 - "GET /health HTTP/1.1" 200 OK
INFO:     [IP-DISAMARKAN]:58206 - "GET /metrics HTTP/1.1" 307 Temporary Redirect
INFO:     [IP-DISAMARKAN]:58206 - "GET /metrics/ HTTP/1.1" 200 OK
INFO:     [IP-DISAMARKAN]:40292 - "GET /health HTTP/1.1" 200 OK
INFO:     [IP-DISAMARKAN]:44058 - "GET /metrics HTTP/1.1" 307 Temporary Redirect
INFO:     [IP-DISAMARKAN]:44058 - "GET /metrics/ HTTP/1.1" 200 OK
INFO:     127.0.0.1:42526 - "GET /health HTTP/1.1" 200 OK
INFO:     [IP-DISAMARKAN]:39916 - "GET /metrics HTTP/1.1" 307 Temporary Redirect
INFO:     [IP-DISAMARKAN]:39916 - "GET /metrics/ HTTP/1.1" 200 OK
INFO:     [IP-DISAMARKAN]:57436 - "GET /health HTTP/1.1" 200 OK
INFO:     [IP-DISAMARKAN]:56440 - "GET /metrics HTTP/1.1" 307 Temporary Redirect
INFO:     [IP-DISAMARKAN]:56440 - "GET /metrics/ HTTP/1.1" 200 OK
INFO:     127.0.0.1:57206 - "GET /health HTTP/1.1" 200 OK
INFO:     [IP-DISAMARKAN]:33890 - "GET /metrics HTTP/1.1" 307 Temporary Redirect
INFO:     [IP-DISAMARKAN]:33890 - "GET /metrics/ HTTP/1.1" 200 OK
INFO:     [IP-DISAMARKAN]:50424 - "GET /health HTTP/1.1" 200 OK
INFO:     [IP-DISAMARKAN]:51834 - "GET /metrics HTTP/1.1" 307 Temporary Redirect
INFO:     [IP-DISAMARKAN]:51834 - "GET /metrics/ HTTP/1.1" 200 OK
INFO:     127.0.0.1:33644 - "GET /health HTTP/1.1" 200 OK
INFO:     [IP-DISAMARKAN]:55216 - "GET /metrics HTTP/1.1" 307 Temporary Redirect
INFO:     [IP-DISAMARKAN]:55216 - "GET /metrics/ HTTP/1.1" 200 OK
INFO:     [IP-DISAMARKAN]:33472 - "GET /health HTTP/1.1" 200 OK
INFO:     [IP-DISAMARKAN]:49356 - "GET /metrics HTTP/1.1" 307 Temporary Redirect
INFO:     [IP-DISAMARKAN]:49356 - "GET /metrics/ HTTP/1.1" 200 OK
INFO:     127.0.0.1:53098 - "GET /health HTTP/1.1" 200 OK
INFO:     [IP-DISAMARKAN]:53798 - "GET /metrics HTTP/1.1" 307 Temporary Redirect
INFO:     [IP-DISAMARKAN]:53798 - "GET /metrics/ HTTP/1.1" 200 OK
INFO:     [IP-DISAMARKAN]:58746 - "GET /health HTTP/1.1" 200 OK
INFO:     [IP-DISAMARKAN]:43926 - "GET /metrics HTTP/1.1" 307 Temporary Redirect
INFO:     [IP-DISAMARKAN]:43926 - "GET /metrics/ HTTP/1.1" 200 OK
INFO:     127.0.0.1:56162 - "GET /health HTTP/1.1" 200 OK
INFO:     [IP-DISAMARKAN]:48172 - "GET /metrics HTTP/1.1" 307 Temporary Redirect
INFO:     [IP-DISAMARKAN]:48172 - "GET /metrics/ HTTP/1.1" 200 OK
INFO:     [IP-DISAMARKAN]:36188 - "GET /health HTTP/1.1" 200 OK
INFO:     [IP-DISAMARKAN]:48644 - "GET /metrics HTTP/1.1" 307 Temporary Redirect
INFO:     [IP-DISAMARKAN]:48644 - "GET /metrics/ HTTP/1.1" 200 OK
INFO:     127.0.0.1:59306 - "GET /health HTTP/1.1" 200 OK
INFO:     [IP-DISAMARKAN]:49928 - "GET /metrics HTTP/1.1" 307 Temporary Redirect
INFO:     [IP-DISAMARKAN]:49928 - "GET /metrics/ HTTP/1.1" 200 OK
INFO:     [IP-DISAMARKAN]:50080 - "GET /health HTTP/1.1" 200 OK
INFO:     [IP-DISAMARKAN]:56834 - "GET /metrics HTTP/1.1" 307 Temporary Redirect
INFO:     [IP-DISAMARKAN]:56834 - "GET /metrics/ HTTP/1.1" 200 OK
INFO:     127.0.0.1:48922 - "GET /health HTTP/1.1" 200 OK
INFO:     [IP-DISAMARKAN]:56032 - "GET /metrics HTTP/1.1" 307 Temporary Redirect
INFO:     [IP-DISAMARKAN]:56032 - "GET /metrics/ HTTP/1.1" 200 OK
INFO:     [IP-DISAMARKAN]:33230 - "GET /health HTTP/1.1" 200 OK
INFO:     [IP-DISAMARKAN]:33940 - "GET /metrics HTTP/1.1" 307 Temporary Redirect
INFO:     [IP-DISAMARKAN]:33940 - "GET /metrics/ HTTP/1.1" 200 OK
INFO:     127.0.0.1:35856 - "GET /health HTTP/1.1" 200 OK
INFO:     [IP-DISAMARKAN]:36236 - "GET /metrics HTTP/1.1" 307 Temporary Redirect
INFO:     [IP-DISAMARKAN]:36236 - "GET /metrics/ HTTP/1.1" 200 OK
INFO:     [IP-DISAMARKAN]:52718 - "GET /health HTTP/1.1" 200 OK
INFO:     [IP-DISAMARKAN]:59466 - "GET /metrics HTTP/1.1" 307 Temporary Redirect
INFO:     [IP-DISAMARKAN]:59466 - "GET /metrics/ HTTP/1.1" 200 OK
INFO:     127.0.0.1:40748 - "GET /health HTTP/1.1" 200 OK
INFO:     [IP-DISAMARKAN]:48128 - "GET /metrics HTTP/1.1" 307 Temporary Redirect
INFO:     [IP-DISAMARKAN]:48128 - "GET /metrics/ HTTP/1.1" 200 OK
INFO:     [IP-DISAMARKAN]:39336 - "GET /health HTTP/1.1" 200 OK
INFO:     [IP-DISAMARKAN]:59558 - "GET /metrics HTTP/1.1" 307 Temporary Redirect
INFO:     [IP-DISAMARKAN]:59558 - "GET /metrics/ HTTP/1.1" 200 OK
INFO:     127.0.0.1:51018 - "GET /health HTTP/1.1" 200 OK
INFO:     [IP-DISAMARKAN]:34446 - "GET /metrics HTTP/1.1" 307 Temporary Redirect
INFO:     [IP-DISAMARKAN]:34446 - "GET /metrics/ HTTP/1.1" 200 OK
INFO:     [IP-DISAMARKAN]:54148 - "GET /health HTTP/1.1" 200 OK
INFO:     [IP-DISAMARKAN]:34556 - "GET /metrics HTTP/1.1" 307 Temporary Redirect
INFO:     [IP-DISAMARKAN]:34556 - "GET /metrics/ HTTP/1.1" 200 OK
INFO:     127.0.0.1:57360 - "GET /health HTTP/1.1" 200 OK
INFO:     [IP-DISAMARKAN]:49278 - "GET /metrics HTTP/1.1" 307 Temporary Redirect
INFO:     [IP-DISAMARKAN]:49278 - "GET /metrics/ HTTP/1.1" 200 OK
INFO:     [IP-DISAMARKAN]:34256 - "GET /health HTTP/1.1" 200 OK
INFO:     [IP-DISAMARKAN]:39912 - "GET /metrics HTTP/1.1" 307 Temporary Redirect
INFO:     [IP-DISAMARKAN]:39912 - "GET /metrics/ HTTP/1.1" 200 OK
INFO:     127.0.0.1:56648 - "GET /health HTTP/1.1" 200 OK
INFO:     [IP-DISAMARKAN]:34768 - "GET /metrics HTTP/1.1" 307 Temporary Redirect
INFO:     [IP-DISAMARKAN]:34768 - "GET /metrics/ HTTP/1.1" 200 OK
INFO:     [IP-DISAMARKAN]:42122 - "GET /health HTTP/1.1" 200 OK
INFO:     [IP-DISAMARKAN]:59788 - "GET /metrics HTTP/1.1" 307 Temporary Redirect
INFO:     [IP-DISAMARKAN]:59788 - "GET /metrics/ HTTP/1.1" 200 OK
INFO:     127.0.0.1:46152 - "GET /health HTTP/1.1" 200 OK
INFO:     [IP-DISAMARKAN]:42102 - "GET /metrics HTTP/1.1" 307 Temporary Redirect
INFO:     [IP-DISAMARKAN]:42102 - "GET /metrics/ HTTP/1.1" 200 OK
INFO:     [IP-DISAMARKAN]:57864 - "GET /health HTTP/1.1" 200 OK
INFO:     [IP-DISAMARKAN]:35516 - "GET /metrics HTTP/1.1" 307 Temporary Redirect
INFO:     [IP-DISAMARKAN]:35516 - "GET /metrics/ HTTP/1.1" 200 OK
INFO:     127.0.0.1:38652 - "GET /health HTTP/1.1" 200 OK
INFO:     [IP-DISAMARKAN]:35252 - "GET /metrics HTTP/1.1" 307 Temporary Redirect
INFO:     [IP-DISAMARKAN]:35252 - "GET /metrics/ HTTP/1.1" 200 OK
INFO:     [IP-DISAMARKAN]:33034 - "GET /health HTTP/1.1" 200 OK
INFO:     [IP-DISAMARKAN]:52518 - "GET /metrics HTTP/1.1" 307 Temporary Redirect
INFO:     [IP-DISAMARKAN]:52518 - "GET /metrics/ HTTP/1.1" 200 OK
INFO:     127.0.0.1:39256 - "GET /health HTTP/1.1" 200 OK
INFO:     [IP-DISAMARKAN]:60420 - "GET /metrics HTTP/1.1" 307 Temporary Redirect
INFO:     [IP-DISAMARKAN]:60420 - "GET /metrics/ HTTP/1.1" 200 OK
INFO:     [IP-DISAMARKAN]:36072 - "GET /health HTTP/1.1" 200 OK
INFO:     [IP-DISAMARKAN]:60514 - "GET /metrics HTTP/1.1" 307 Temporary Redirect
INFO:     [IP-DISAMARKAN]:60514 - "GET /metrics/ HTTP/1.1" 200 OK
INFO:     127.0.0.1:48876 - "GET /health HTTP/1.1" 200 OK
INFO:     [IP-DISAMARKAN]:50228 - "GET /metrics HTTP/1.1" 307 Temporary Redirect
INFO:     [IP-DISAMARKAN]:50228 - "GET /metrics/ HTTP/1.1" 200 OK
INFO:     [IP-DISAMARKAN]:38674 - "GET /health HTTP/1.1" 200 OK
INFO:     [IP-DISAMARKAN]:53406 - "GET /metrics HTTP/1.1" 307 Temporary Redirect
INFO:     [IP-DISAMARKAN]:53406 - "GET /metrics/ HTTP/1.1" 200 OK
INFO:     [IP-DISAMARKAN]:57392 - "GET /health HTTP/1.1" 200 OK
INFO:     127.0.0.1:55836 - "GET /health HTTP/1.1" 200 OK
INFO:     [IP-DISAMARKAN]:47380 - "GET /metrics HTTP/1.1" 307 Temporary Redirect
INFO:     [IP-DISAMARKAN]:47380 - "GET /metrics/ HTTP/1.1" 200 OK
INFO:     [IP-DISAMARKAN]:52114 - "GET /metrics HTTP/1.1" 307 Temporary Redirect
INFO:     [IP-DISAMARKAN]:52114 - "GET /metrics/ HTTP/1.1" 200 OK
INFO:     [IP-DISAMARKAN]:40954 - "GET /health HTTP/1.1" 200 OK
INFO:     127.0.0.1:54790 - "GET /health HTTP/1.1" 200 OK
INFO:     [IP-DISAMARKAN]:46802 - "GET /metrics HTTP/1.1" 307 Temporary Redirect
INFO:     [IP-DISAMARKAN]:46802 - "GET /metrics/ HTTP/1.1" 200 OK
INFO:     [IP-DISAMARKAN]:37844 - "GET /metrics HTTP/1.1" 307 Temporary Redirect
INFO:     [IP-DISAMARKAN]:37844 - "GET /metrics/ HTTP/1.1" 200 OK
INFO:     [IP-DISAMARKAN]:34424 - "GET /health HTTP/1.1" 200 OK
INFO:     127.0.0.1:40852 - "GET /health HTTP/1.1" 200 OK
INFO:     [IP-DISAMARKAN]:52954 - "GET /metrics HTTP/1.1" 307 Temporary Redirect
INFO:     [IP-DISAMARKAN]:52954 - "GET /metrics/ HTTP/1.1" 200 OK
INFO:     [IP-DISAMARKAN]:42794 - "GET /metrics HTTP/1.1" 307 Temporary Redirect
INFO:     [IP-DISAMARKAN]:42794 - "GET /metrics/ HTTP/1.1" 200 OK
INFO:     [IP-DISAMARKAN]:35252 - "GET /health HTTP/1.1" 200 OK
INFO:     127.0.0.1:46408 - "GET /health HTTP/1.1" 200 OK
INFO:     [IP-DISAMARKAN]:51876 - "GET /metrics HTTP/1.1" 307 Temporary Redirect
INFO:     [IP-DISAMARKAN]:51876 - "GET /metrics/ HTTP/1.1" 200 OK
INFO:     [IP-DISAMARKAN]:43884 - "GET /metrics HTTP/1.1" 307 Temporary Redirect
INFO:     [IP-DISAMARKAN]:43884 - "GET /metrics/ HTTP/1.1" 200 OK
INFO:     127.0.0.1:40168 - "GET /health HTTP/1.1" 200 OK
INFO:     [IP-DISAMARKAN]:47532 - "GET /metrics HTTP/1.1" 307 Temporary Redirect
INFO:     [IP-DISAMARKAN]:47532 - "GET /metrics/ HTTP/1.1" 200 OK
INFO:     [IP-DISAMARKAN]:39004 - "GET /health HTTP/1.1" 200 OK
INFO:     [IP-DISAMARKAN]:56656 - "GET /metrics HTTP/1.1" 307 Temporary Redirect
INFO:     [IP-DISAMARKAN]:56656 - "GET /metrics/ HTTP/1.1" 200 OK
INFO:     [IP-DISAMARKAN]:42180 - "GET /metrics HTTP/1.1" 307 Temporary Redirect
INFO:     [IP-DISAMARKAN]:42180 - "GET /metrics/ HTTP/1.1" 200 OK
INFO:     127.0.0.1:40622 - "GET /health HTTP/1.1" 200 OK
INFO:     [IP-DISAMARKAN]:52536 - "GET /health HTTP/1.1" 200 OK
INFO:     [IP-DISAMARKAN]:57330 - "GET /metrics HTTP/1.1" 307 Temporary Redirect
INFO:     [IP-DISAMARKAN]:57330 - "GET /metrics/ HTTP/1.1" 200 OK
INFO:     [IP-DISAMARKAN]:37002 - "GET /metrics HTTP/1.1" 307 Temporary Redirect
INFO:     [IP-DISAMARKAN]:37002 - "GET /metrics/ HTTP/1.1" 200 OK
INFO:     127.0.0.1:58042 - "GET /health HTTP/1.1" 200 OK
INFO:     [IP-DISAMARKAN]:54994 - "GET /health HTTP/1.1" 200 OK
INFO:     [IP-DISAMARKAN]:49710 - "GET /metrics HTTP/1.1" 307 Temporary Redirect
INFO:     [IP-DISAMARKAN]:49710 - "GET /metrics/ HTTP/1.1" 200 OK
INFO:     [IP-DISAMARKAN]:52524 - "GET /metrics HTTP/1.1" 307 Temporary Redirect
INFO:     [IP-DISAMARKAN]:52524 - "GET /metrics/ HTTP/1.1" 200 OK
INFO:     127.0.0.1:44156 - "GET /health HTTP/1.1" 200 OK
INFO:     [IP-DISAMARKAN]:49926 - "GET /metrics HTTP/1.1" 307 Temporary Redirect
INFO:     [IP-DISAMARKAN]:49926 - "GET /metrics/ HTTP/1.1" 200 OK
INFO:     [IP-DISAMARKAN]:34684 - "GET /health HTTP/1.1" 200 OK
INFO:     [IP-DISAMARKAN]:36666 - "GET /metrics HTTP/1.1" 307 Temporary Redirect
INFO:     [IP-DISAMARKAN]:36666 - "GET /metrics/ HTTP/1.1" 200 OK
INFO:     127.0.0.1:40954 - "GET /health HTTP/1.1" 200 OK
INFO:     [IP-DISAMARKAN]:38626 - "GET /metrics HTTP/1.1" 307 Temporary Redirect
INFO:     [IP-DISAMARKAN]:38626 - "GET /metrics/ HTTP/1.1" 200 OK
INFO:     [IP-DISAMARKAN]:57646 - "GET /health HTTP/1.1" 200 OK
INFO:     [IP-DISAMARKAN]:36658 - "GET /metrics HTTP/1.1" 307 Temporary Redirect
INFO:     [IP-DISAMARKAN]:36658 - "GET /metrics/ HTTP/1.1" 200 OK
INFO:     127.0.0.1:53670 - "GET /health HTTP/1.1" 200 OK
INFO:     [IP-DISAMARKAN]:41552 - "GET /metrics HTTP/1.1" 307 Temporary Redirect
INFO:     [IP-DISAMARKAN]:41552 - "GET /metrics/ HTTP/1.1" 200 OK
INFO:     [IP-DISAMARKAN]:33170 - "GET /health HTTP/1.1" 200 OK
INFO:     [IP-DISAMARKAN]:40002 - "GET /metrics HTTP/1.1" 307 Temporary Redirect
INFO:     [IP-DISAMARKAN]:40002 - "GET /metrics/ HTTP/1.1" 200 OK
INFO:     127.0.0.1:54230 - "GET /health HTTP/1.1" 200 OK
INFO:     [IP-DISAMARKAN]:57654 - "GET /metrics HTTP/1.1" 307 Temporary Redirect
INFO:     [IP-DISAMARKAN]:57654 - "GET /metrics/ HTTP/1.1" 200 OK
INFO:     [IP-DISAMARKAN]:58938 - "GET /metrics HTTP/1.1" 307 Temporary Redirect
INFO:     [IP-DISAMARKAN]:58938 - "GET /metrics/ HTTP/1.1" 200 OK
INFO:     127.0.0.1:54822 - "GET /health HTTP/1.1" 200 OK
INFO:     [IP-DISAMARKAN]:40598 - "GET /health HTTP/1.1" 200 OK
INFO:     [IP-DISAMARKAN]:35970 - "GET /metrics HTTP/1.1" 307 Temporary Redirect
INFO:     [IP-DISAMARKAN]:35970 - "GET /metrics/ HTTP/1.1" 200 OK
INFO:     [IP-DISAMARKAN]:45064 - "GET /metrics HTTP/1.1" 307 Temporary Redirect
INFO:     [IP-DISAMARKAN]:45064 - "GET /metrics/ HTTP/1.1" 200 OK
INFO:     127.0.0.1:37244 - "GET /health HTTP/1.1" 200 OK
INFO:     [IP-DISAMARKAN]:47004 - "GET /health HTTP/1.1" 200 OK
INFO:     [IP-DISAMARKAN]:56942 - "GET /metrics HTTP/1.1" 307 Temporary Redirect
INFO:     [IP-DISAMARKAN]:56942 - "GET /metrics/ HTTP/1.1" 200 OK
INFO:     [IP-DISAMARKAN]:33120 - "GET /metrics HTTP/1.1" 307 Temporary Redirect
INFO:     [IP-DISAMARKAN]:33120 - "GET /metrics/ HTTP/1.1" 200 OK
INFO:     127.0.0.1:59358 - "GET /health HTTP/1.1" 200 OK
INFO:     [IP-DISAMARKAN]:42148 - "GET /health HTTP/1.1" 200 OK
INFO:     [IP-DISAMARKAN]:51672 - "GET /metrics HTTP/1.1" 307 Temporary Redirect
INFO:     [IP-DISAMARKAN]:51672 - "GET /metrics/ HTTP/1.1" 200 OK
INFO:     [IP-DISAMARKAN]:51774 - "GET /metrics HTTP/1.1" 307 Temporary Redirect
INFO:     [IP-DISAMARKAN]:51774 - "GET /metrics/ HTTP/1.1" 200 OK
INFO:     127.0.0.1:38950 - "GET /health HTTP/1.1" 200 OK
INFO:     [IP-DISAMARKAN]:58858 - "GET /metrics HTTP/1.1" 307 Temporary Redirect
INFO:     [IP-DISAMARKAN]:58858 - "GET /metrics/ HTTP/1.1" 200 OK
INFO:     [IP-DISAMARKAN]:45866 - "GET /health HTTP/1.1" 200 OK
INFO:     [IP-DISAMARKAN]:59584 - "GET /metrics HTTP/1.1" 307 Temporary Redirect
INFO:     [IP-DISAMARKAN]:59584 - "GET /metrics/ HTTP/1.1" 200 OK
INFO:     127.0.0.1:54238 - "GET /health HTTP/1.1" 200 OK
INFO:     [IP-DISAMARKAN]:38646 - "GET /metrics HTTP/1.1" 307 Temporary Redirect
INFO:     [IP-DISAMARKAN]:38646 - "GET /metrics/ HTTP/1.1" 200 OK
INFO:     [IP-DISAMARKAN]:55078 - "GET /health HTTP/1.1" 200 OK
INFO:     [IP-DISAMARKAN]:34468 - "GET /metrics HTTP/1.1" 307 Temporary Redirect
INFO:     [IP-DISAMARKAN]:34468 - "GET /metrics/ HTTP/1.1" 200 OK
INFO:     127.0.0.1:33768 - "GET /health HTTP/1.1" 200 OK
INFO:     [IP-DISAMARKAN]:53458 - "GET /metrics HTTP/1.1" 307 Temporary Redirect
INFO:     [IP-DISAMARKAN]:53458 - "GET /metrics/ HTTP/1.1" 200 OK
INFO:     [IP-DISAMARKAN]:33676 - "GET /health HTTP/1.1" 200 OK
INFO:     [IP-DISAMARKAN]:33778 - "GET /metrics HTTP/1.1" 307 Temporary Redirect
INFO:     [IP-DISAMARKAN]:33778 - "GET /metrics/ HTTP/1.1" 200 OK
INFO:     127.0.0.1:57310 - "GET /health HTTP/1.1" 200 OK
INFO:     [IP-DISAMARKAN]:42338 - "GET /metrics HTTP/1.1" 307 Temporary Redirect
INFO:     [IP-DISAMARKAN]:42338 - "GET /metrics/ HTTP/1.1" 200 OK
INFO:     [IP-DISAMARKAN]:36786 - "GET /metrics HTTP/1.1" 307 Temporary Redirect
INFO:     [IP-DISAMARKAN]:36786 - "GET /metrics/ HTTP/1.1" 200 OK
INFO:     [IP-DISAMARKAN]:37432 - "GET /health HTTP/1.1" 200 OK
INFO:     127.0.0.1:49654 - "GET /health HTTP/1.1" 200 OK
INFO:     [IP-DISAMARKAN]:46824 - "GET /metrics HTTP/1.1" 307 Temporary Redirect
INFO:     [IP-DISAMARKAN]:46824 - "GET /metrics/ HTTP/1.1" 200 OK
INFO:     [IP-DISAMARKAN]:52088 - "GET /metrics HTTP/1.1" 307 Temporary Redirect
INFO:     [IP-DISAMARKAN]:52088 - "GET /metrics/ HTTP/1.1" 200 OK
INFO:     127.0.0.1:39036 - "GET /health HTTP/1.1" 200 OK
INFO:     [IP-DISAMARKAN]:58970 - "GET /health HTTP/1.1" 200 OK
INFO:     [IP-DISAMARKAN]:38946 - "GET /metrics HTTP/1.1" 307 Temporary Redirect
INFO:     [IP-DISAMARKAN]:38946 - "GET /metrics/ HTTP/1.1" 200 OK
INFO:     [IP-DISAMARKAN]:43168 - "GET /metrics HTTP/1.1" 307 Temporary Redirect
INFO:     [IP-DISAMARKAN]:43168 - "GET /metrics/ HTTP/1.1" 200 OK
INFO:     127.0.0.1:52592 - "GET /health HTTP/1.1" 200 OK
INFO:     [IP-DISAMARKAN]:49776 - "GET /health HTTP/1.1" 200 OK
INFO:     [IP-DISAMARKAN]:37692 - "GET /metrics HTTP/1.1" 307 Temporary Redirect
INFO:     [IP-DISAMARKAN]:37692 - "GET /metrics/ HTTP/1.1" 200 OK
INFO:     [IP-DISAMARKAN]:32812 - "GET /metrics HTTP/1.1" 307 Temporary Redirect
INFO:     [IP-DISAMARKAN]:32812 - "GET /metrics/ HTTP/1.1" 200 OK
INFO:     127.0.0.1:33610 - "GET /health HTTP/1.1" 200 OK
INFO:     [IP-DISAMARKAN]:54188 - "GET /metrics HTTP/1.1" 307 Temporary Redirect
INFO:     [IP-DISAMARKAN]:54188 - "GET /metrics/ HTTP/1.1" 200 OK
INFO:     [IP-DISAMARKAN]:48410 - "GET /health HTTP/1.1" 200 OK
INFO:     [IP-DISAMARKAN]:59794 - "GET /metrics HTTP/1.1" 307 Temporary Redirect
INFO:     [IP-DISAMARKAN]:59794 - "GET /metrics/ HTTP/1.1" 200 OK
INFO:     127.0.0.1:48088 - "GET /health HTTP/1.1" 200 OK
INFO:     [IP-DISAMARKAN]:58092 - "GET /metrics HTTP/1.1" 307 Temporary Redirect
INFO:     [IP-DISAMARKAN]:58092 - "GET /metrics/ HTTP/1.1" 200 OK
INFO:     [IP-DISAMARKAN]:56418 - "GET /health HTTP/1.1" 200 OK
INFO:     [IP-DISAMARKAN]:52114 - "GET /metrics HTTP/1.1" 307 Temporary Redirect
INFO:     [IP-DISAMARKAN]:52114 - "GET /metrics/ HTTP/1.1" 200 OK
INFO:     127.0.0.1:51312 - "GET /health HTTP/1.1" 200 OK
INFO:     [IP-DISAMARKAN]:36948 - "GET /metrics HTTP/1.1" 307 Temporary Redirect
INFO:     [IP-DISAMARKAN]:36948 - "GET /metrics/ HTTP/1.1" 200 OK
INFO:     [IP-DISAMARKAN]:59096 - "GET /health HTTP/1.1" 200 OK
INFO:     [IP-DISAMARKAN]:44818 - "GET /metrics HTTP/1.1" 307 Temporary Redirect
INFO:     [IP-DISAMARKAN]:44818 - "GET /metrics/ HTTP/1.1" 200 OK