INFO:     [IP-DISAMARKAN]:47128 - "GET /metrics/ HTTP/1.1" 200 OK
INFO:     [IP-DISAMARKAN]:37340 - "GET /metrics HTTP/1.1" 307 Temporary Redirect
INFO:     [IP-DISAMARKAN]:37340 - "GET /metrics/ HTTP/1.1" 200 OK
INFO:     [IP-DISAMARKAN]:37396 - "GET /health HTTP/1.1" 200 OK
INFO:     127.0.0.1:42048 - "GET /health HTTP/1.1" 200 OK
INFO:     [IP-DISAMARKAN]:55822 - "GET /metrics HTTP/1.1" 307 Temporary Redirect
INFO:     [IP-DISAMARKAN]:55822 - "GET /metrics/ HTTP/1.1" 200 OK
INFO:     [IP-DISAMARKAN]:46758 - "GET /metrics HTTP/1.1" 307 Temporary Redirect
INFO:     [IP-DISAMARKAN]:46758 - "GET /metrics/ HTTP/1.1" 200 OK
INFO:     [IP-DISAMARKAN]:50840 - "GET /health HTTP/1.1" 200 OK
INFO:     127.0.0.1:50806 - "GET /health HTTP/1.1" 200 OK
INFO:     [IP-DISAMARKAN]:50242 - "GET /metrics HTTP/1.1" 307 Temporary Redirect
INFO:     [IP-DISAMARKAN]:50242 - "GET /metrics/ HTTP/1.1" 200 OK
INFO:     [IP-DISAMARKAN]:47978 - "GET /metrics HTTP/1.1" 307 Temporary Redirect
INFO:     [IP-DISAMARKAN]:47978 - "GET /metrics/ HTTP/1.1" 200 OK
INFO:     [IP-DISAMARKAN]:58918 - "GET /health HTTP/1.1" 200 OK
INFO:     127.0.0.1:33286 - "GET /health HTTP/1.1" 200 OK
INFO:     [IP-DISAMARKAN]:48984 - "GET /metrics HTTP/1.1" 307 Temporary Redirect
INFO:     [IP-DISAMARKAN]:48984 - "GET /metrics/ HTTP/1.1" 200 OK
INFO:     [IP-DISAMARKAN]:53722 - "GET /metrics HTTP/1.1" 307 Temporary Redirect
INFO:     [IP-DISAMARKAN]:53722 - "GET /metrics/ HTTP/1.1" 200 OK
INFO:     [IP-DISAMARKAN]:41990 - "GET /health HTTP/1.1" 200 OK
INFO:     127.0.0.1:41690 - "GET /health HTTP/1.1" 200 OK
INFO:     [IP-DISAMARKAN]:57474 - "GET /metrics HTTP/1.1" 307 Temporary Redirect
INFO:     [IP-DISAMARKAN]:57474 - "GET /metrics/ HTTP/1.1" 200 OK
INFO:     [IP-DISAMARKAN]:57680 - "GET /metrics HTTP/1.1" 307 Temporary Redirect
INFO:     [IP-DISAMARKAN]:57680 - "GET /metrics/ HTTP/1.1" 200 OK
INFO:     [IP-DISAMARKAN]:57060 - "GET /health HTTP/1.1" 200 OK
INFO:     127.0.0.1:56830 - "GET /health HTTP/1.1" 200 OK
INFO:     [IP-DISAMARKAN]:50392 - "GET /metrics HTTP/1.1" 307 Temporary Redirect
INFO:     [IP-DISAMARKAN]:50392 - "GET /metrics/ HTTP/1.1" 200 OK
INFO:     [IP-DISAMARKAN]:52390 - "GET /metrics HTTP/1.1" 307 Temporary Redirect
INFO:     [IP-DISAMARKAN]:52390 - "GET /metrics/ HTTP/1.1" 200 OK
INFO:     [IP-DISAMARKAN]:48274 - "GET /health HTTP/1.1" 200 OK
INFO:     127.0.0.1:46398 - "GET /health HTTP/1.1" 200 OK
INFO:     [IP-DISAMARKAN]:47716 - "GET /metrics HTTP/1.1" 307 Temporary Redirect
INFO:     [IP-DISAMARKAN]:47716 - "GET /metrics/ HTTP/1.1" 200 OK
INFO:     [IP-DISAMARKAN]:55164 - "GET /metrics HTTP/1.1" 307 Temporary Redirect
INFO:     [IP-DISAMARKAN]:55164 - "GET /metrics/ HTTP/1.1" 200 OK
INFO:     [IP-DISAMARKAN]:53576 - "GET /health HTTP/1.1" 200 OK
INFO:     127.0.0.1:51278 - "GET /health HTTP/1.1" 200 OK
INFO:     [IP-DISAMARKAN]:49728 - "GET /metrics HTTP/1.1" 307 Temporary Redirect
INFO:     [IP-DISAMARKAN]:49728 - "GET /metrics/ HTTP/1.1" 200 OK
INFO:     [IP-DISAMARKAN]:58300 - "GET /metrics HTTP/1.1" 307 Temporary Redirect
INFO:     [IP-DISAMARKAN]:58300 - "GET /metrics/ HTTP/1.1" 200 OK
INFO:     127.0.0.1:53454 - "GET /health HTTP/1.1" 200 OK
INFO:     [IP-DISAMARKAN]:49510 - "GET /health HTTP/1.1" 200 OK
INFO:     [IP-DISAMARKAN]:58192 - "GET /metrics HTTP/1.1" 307 Temporary Redirect
INFO:     [IP-DISAMARKAN]:58192 - "GET /metrics/ HTTP/1.1" 200 OK
INFO:     [IP-DISAMARKAN]:34188 - "GET /metrics HTTP/1.1" 307 Temporary Redirect
INFO:     [IP-DISAMARKAN]:34188 - "GET /metrics/ HTTP/1.1" 200 OK
INFO:     127.0.0.1:51362 - "GET /health HTTP/1.1" 200 OK
INFO:     [IP-DISAMARKAN]:44926 - "GET /metrics HTTP/1.1" 307 Temporary Redirect
INFO:     [IP-DISAMARKAN]:44926 - "GET /metrics/ HTTP/1.1" 200 OK
INFO:     [IP-DISAMARKAN]:47016 - "GET /health HTTP/1.1" 200 OK
INFO:     [IP-DISAMARKAN]:33692 - "GET /metrics HTTP/1.1" 307 Temporary Redirect
INFO:     [IP-DISAMARKAN]:33692 - "GET /metrics/ HTTP/1.1" 200 OK
INFO:     127.0.0.1:40104 - "GET /health HTTP/1.1" 200 OK
INFO:     [IP-DISAMARKAN]:48254 - "GET /metrics HTTP/1.1" 307 Temporary Redirect
INFO:     [IP-DISAMARKAN]:48254 - "GET /metrics/ HTTP/1.1" 200 OK
INFO:     [IP-DISAMARKAN]:60882 - "GET /health HTTP/1.1" 200 OK
INFO:     [IP-DISAMARKAN]:36486 - "GET /metrics HTTP/1.1" 307 Temporary Redirect
INFO:     [IP-DISAMARKAN]:36486 - "GET /metrics/ HTTP/1.1" 200 OK
INFO:     127.0.0.1:38586 - "GET /health HTTP/1.1" 200 OK
INFO:     [IP-DISAMARKAN]:52464 - "GET /metrics HTTP/1.1" 307 Temporary Redirect
INFO:     [IP-DISAMARKAN]:52464 - "GET /metrics/ HTTP/1.1" 200 OK
INFO:     [IP-DISAMARKAN]:33858 - "GET /health HTTP/1.1" 200 OK
INFO:     [IP-DISAMARKAN]:42708 - "GET /metrics HTTP/1.1" 307 Temporary Redirect
INFO:     [IP-DISAMARKAN]:42708 - "GET /metrics/ HTTP/1.1" 200 OK
INFO:     127.0.0.1:43466 - "GET /health HTTP/1.1" 200 OK
INFO:     [IP-DISAMARKAN]:55760 - "GET /metrics HTTP/1.1" 307 Temporary Redirect
INFO:     [IP-DISAMARKAN]:55760 - "GET /metrics/ HTTP/1.1" 200 OK
INFO:     [IP-DISAMARKAN]:60304 - "GET /metrics HTTP/1.1" 307 Temporary Redirect
INFO:     [IP-DISAMARKAN]:60304 - "GET /metrics/ HTTP/1.1" 200 OK
INFO:     [IP-DISAMARKAN]:52736 - "GET /health HTTP/1.1" 200 OK
INFO:     127.0.0.1:58090 - "GET /health HTTP/1.1" 200 OK
INFO:     [IP-DISAMARKAN]:35408 - "GET /metrics HTTP/1.1" 307 Temporary Redirect
INFO:     [IP-DISAMARKAN]:35408 - "GET /metrics/ HTTP/1.1" 200 OK
INFO:     [IP-DISAMARKAN]:51714 - "GET /metrics HTTP/1.1" 307 Temporary Redirect
INFO:     [IP-DISAMARKAN]:51714 - "GET /metrics/ HTTP/1.1" 200 OK
INFO:     [IP-DISAMARKAN]:50254 - "GET /health HTTP/1.1" 200 OK
INFO:     127.0.0.1:48102 - "GET /health HTTP/1.1" 200 OK
INFO:     [IP-DISAMARKAN]:35772 - "GET /metrics HTTP/1.1" 307 Temporary Redirect
INFO:     [IP-DISAMARKAN]:35772 - "GET /metrics/ HTTP/1.1" 200 OK
INFO:     [IP-DISAMARKAN]:49082 - "GET /metrics HTTP/1.1" 307 Temporary Redirect
INFO:     [IP-DISAMARKAN]:49082 - "GET /metrics/ HTTP/1.1" 200 OK
INFO:     127.0.0.1:60398 - "GET /health HTTP/1.1" 200 OK
INFO:     [IP-DISAMARKAN]:49068 - "GET /health HTTP/1.1" 200 OK
INFO:     [IP-DISAMARKAN]:52348 - "GET /metrics HTTP/1.1" 307 Temporary Redirect
INFO:     [IP-DISAMARKAN]:52348 - "GET /metrics/ HTTP/1.1" 200 OK
INFO:     [IP-DISAMARKAN]:59592 - "GET /metrics HTTP/1.1" 307 Temporary Redirect
INFO:     [IP-DISAMARKAN]:59592 - "GET /metrics/ HTTP/1.1" 200 OK
INFO:     127.0.0.1:58516 - "GET /health HTTP/1.1" 200 OK
INFO:     [IP-DISAMARKAN]:35088 - "GET /metrics HTTP/1.1" 307 Temporary Redirect
INFO:     [IP-DISAMARKAN]:35088 - "GET /metrics/ HTTP/1.1" 200 OK
INFO:     [IP-DISAMARKAN]:59898 - "GET /health HTTP/1.1" 200 OK
INFO:     [IP-DISAMARKAN]:42642 - "GET /metrics HTTP/1.1" 307 Temporary Redirect
INFO:     [IP-DISAMARKAN]:42642 - "GET /metrics/ HTTP/1.1" 200 OK
INFO:     127.0.0.1:37004 - "GET /health HTTP/1.1" 200 OK
INFO:     [IP-DISAMARKAN]:60392 - "GET /metrics HTTP/1.1" 307 Temporary Redirect
INFO:     [IP-DISAMARKAN]:60392 - "GET /metrics/ HTTP/1.1" 200 OK
INFO:     [IP-DISAMARKAN]:50844 - "GET /health HTTP/1.1" 200 OK
INFO:     [IP-DISAMARKAN]:36718 - "GET /metrics HTTP/1.1" 307 Temporary Redirect
INFO:     [IP-DISAMARKAN]:36718 - "GET /metrics/ HTTP/1.1" 200 OK
INFO:     127.0.0.1:57876 - "GET /health HTTP/1.1" 200 OK
INFO:     [IP-DISAMARKAN]:51428 - "GET /metrics HTTP/1.1" 307 Temporary Redirect
INFO:     [IP-DISAMARKAN]:51428 - "GET /metrics/ HTTP/1.1" 200 OK
INFO:     [IP-DISAMARKAN]:52286 - "GET /health HTTP/1.1" 200 OK
INFO:     [IP-DISAMARKAN]:53292 - "GET /metrics HTTP/1.1" 307 Temporary Redirect
INFO:     [IP-DISAMARKAN]:53292 - "GET /metrics/ HTTP/1.1" 200 OK
INFO:     127.0.0.1:35440 - "GET /health HTTP/1.1" 200 OK
INFO:     [IP-DISAMARKAN]:60010 - "GET /metrics HTTP/1.1" 307 Temporary Redirect
INFO:     [IP-DISAMARKAN]:60010 - "GET /metrics/ HTTP/1.1" 200 OK
INFO:     [IP-DISAMARKAN]:49406 - "GET /metrics HTTP/1.1" 307 Temporary Redirect
INFO:     [IP-DISAMARKAN]:49406 - "GET /metrics/ HTTP/1.1" 200 OK
INFO:     [IP-DISAMARKAN]:36322 - "GET /health HTTP/1.1" 200 OK
INFO:     127.0.0.1:38812 - "GET /health HTTP/1.1" 200 OK
INFO:     [IP-DISAMARKAN]:39922 - "GET /metrics HTTP/1.1" 307 Temporary Redirect
INFO:     [IP-DISAMARKAN]:39922 - "GET /metrics/ HTTP/1.1" 200 OK
INFO:     [IP-DISAMARKAN]:40224 - "GET /metrics HTTP/1.1" 307 Temporary Redirect
INFO:     [IP-DISAMARKAN]:40224 - "GET /metrics/ HTTP/1.1" 200 OK
INFO:     [IP-DISAMARKAN]:32830 - "GET /health HTTP/1.1" 200 OK
INFO:     127.0.0.1:60900 - "GET /health HTTP/1.1" 200 OK
INFO:     [IP-DISAMARKAN]:47240 - "GET /metrics HTTP/1.1" 307 Temporary Redirect
INFO:     [IP-DISAMARKAN]:47240 - "GET /metrics/ HTTP/1.1" 200 OK
INFO:     [IP-DISAMARKAN]:33484 - "GET /metrics HTTP/1.1" 307 Temporary Redirect
INFO:     [IP-DISAMARKAN]:33484 - "GET /metrics/ HTTP/1.1" 200 OK
INFO:     [IP-DISAMARKAN]:60216 - "GET /health HTTP/1.1" 200 OK
INFO:     127.0.0.1:37790 - "GET /health HTTP/1.1" 200 OK
INFO:     [IP-DISAMARKAN]:58734 - "GET /metrics HTTP/1.1" 307 Temporary Redirect
INFO:     [IP-DISAMARKAN]:58734 - "GET /metrics/ HTTP/1.1" 200 OK
INFO:     [IP-DISAMARKAN]:36602 - "GET /metrics HTTP/1.1" 307 Temporary Redirect
INFO:     [IP-DISAMARKAN]:36602 - "GET /metrics/ HTTP/1.1" 200 OK
INFO:     127.0.0.1:33968 - "GET /health HTTP/1.1" 200 OK
INFO:     [IP-DISAMARKAN]:43164 - "GET /health HTTP/1.1" 200 OK
INFO:     [IP-DISAMARKAN]:35076 - "GET /metrics HTTP/1.1" 307 Temporary Redirect
INFO:     [IP-DISAMARKAN]:35076 - "GET /metrics/ HTTP/1.1" 200 OK
INFO:     [IP-DISAMARKAN]:37346 - "GET /metrics HTTP/1.1" 307 Temporary Redirect
INFO:     [IP-DISAMARKAN]:37346 - "GET /metrics/ HTTP/1.1" 200 OK
INFO:     127.0.0.1:58266 - "GET /health HTTP/1.1" 200 OK
INFO:     [IP-DISAMARKAN]:41846 - "GET /metrics HTTP/1.1" 307 Temporary Redirect
INFO:     [IP-DISAMARKAN]:41846 - "GET /metrics/ HTTP/1.1" 200 OK
INFO:     [IP-DISAMARKAN]:56192 - "GET /health HTTP/1.1" 200 OK
INFO:     [IP-DISAMARKAN]:52854 - "GET /metrics HTTP/1.1" 307 Temporary Redirect
INFO:     [IP-DISAMARKAN]:52854 - "GET /metrics/ HTTP/1.1" 200 OK
INFO:     127.0.0.1:33602 - "GET /health HTTP/1.1" 200 OK
INFO:     [IP-DISAMARKAN]:43694 - "GET /metrics HTTP/1.1" 307 Temporary Redirect
INFO:     [IP-DISAMARKAN]:43694 - "GET /metrics/ HTTP/1.1" 200 OK
INFO:     [IP-DISAMARKAN]:50158 - "GET /health HTTP/1.1" 200 OK
INFO:     [IP-DISAMARKAN]:39858 - "GET /metrics HTTP/1.1" 307 Temporary Redirect
INFO:     [IP-DISAMARKAN]:39858 - "GET /metrics/ HTTP/1.1" 200 OK
INFO:     127.0.0.1:55696 - "GET /health HTTP/1.1" 200 OK
INFO:     [IP-DISAMARKAN]:47792 - "GET /metrics HTTP/1.1" 307 Temporary Redirect
INFO:     [IP-DISAMARKAN]:47792 - "GET /metrics/ HTTP/1.1" 200 OK
INFO:     [IP-DISAMARKAN]:43310 - "GET /health HTTP/1.1" 200 OK
INFO:     [IP-DISAMARKAN]:43962 - "GET /metrics HTTP/1.1" 307 Temporary Redirect
INFO:     [IP-DISAMARKAN]:43962 - "GET /metrics/ HTTP/1.1" 200 OK
INFO:     127.0.0.1:40448 - "GET /health HTTP/1.1" 200 OK
INFO:     [IP-DISAMARKAN]:49518 - "GET /metrics HTTP/1.1" 307 Temporary Redirect
INFO:     [IP-DISAMARKAN]:49518 - "GET /metrics/ HTTP/1.1" 200 OK
INFO:     [IP-DISAMARKAN]:57214 - "GET /health HTTP/1.1" 200 OK
INFO:     [IP-DISAMARKAN]:59464 - "GET /metrics HTTP/1.1" 307 Temporary Redirect
INFO:     [IP-DISAMARKAN]:59464 - "GET /metrics/ HTTP/1.1" 200 OK
INFO:     127.0.0.1:56936 - "GET /health HTTP/1.1" 200 OK
INFO:     [IP-DISAMARKAN]:52706 - "GET /metrics HTTP/1.1" 307 Temporary Redirect
INFO:     [IP-DISAMARKAN]:52706 - "GET /metrics/ HTTP/1.1" 200 OK
INFO:     [IP-DISAMARKAN]:36908 - "GET /health HTTP/1.1" 200 OK
INFO:     [IP-DISAMARKAN]:36708 - "GET /metrics HTTP/1.1" 307 Temporary Redirect
INFO:     [IP-DISAMARKAN]:36708 - "GET /metrics/ HTTP/1.1" 200 OK
INFO:     127.0.0.1:43092 - "GET /health HTTP/1.1" 200 OK
INFO:     [IP-DISAMARKAN]:49168 - "GET /metrics HTTP/1.1" 307 Temporary Redirect
INFO:     [IP-DISAMARKAN]:49168 - "GET /metrics/ HTTP/1.1" 200 OK
INFO:     [IP-DISAMARKAN]:48848 - "GET /health HTTP/1.1" 200 OK
INFO:     [IP-DISAMARKAN]:51234 - "GET /metrics HTTP/1.1" 307 Temporary Redirect
INFO:     [IP-DISAMARKAN]:51234 - "GET /metrics/ HTTP/1.1" 200 OK
INFO:     127.0.0.1:38324 - "GET /health HTTP/1.1" 200 OK
INFO:     [IP-DISAMARKAN]:44356 - "GET /metrics HTTP/1.1" 307 Temporary Redirect
INFO:     [IP-DISAMARKAN]:44356 - "GET /metrics/ HTTP/1.1" 200 OK
INFO:     [IP-DISAMARKAN]:49012 - "GET /health HTTP/1.1" 200 OK
INFO:     [IP-DISAMARKAN]:32920 - "GET /metrics HTTP/1.1" 307 Temporary Redirect
INFO:     [IP-DISAMARKAN]:32920 - "GET /metrics/ HTTP/1.1" 200 OK
INFO:     127.0.0.1:39694 - "GET /health HTTP/1.1" 200 OK
INFO:     [IP-DISAMARKAN]:41020 - "GET /metrics HTTP/1.1" 307 Temporary Redirect
INFO:     [IP-DISAMARKAN]:41020 - "GET /metrics/ HTTP/1.1" 200 OK
INFO:     [IP-DISAMARKAN]:36822 - "GET /health HTTP/1.1" 200 OK
INFO:     [IP-DISAMARKAN]:36426 - "GET /metrics HTTP/1.1" 307 Temporary Redirect
INFO:     [IP-DISAMARKAN]:36426 - "GET /metrics/ HTTP/1.1" 200 OK
INFO:     127.0.0.1:46178 - "GET /health HTTP/1.1" 200 OK
INFO:     [IP-DISAMARKAN]:45968 - "GET /metrics HTTP/1.1" 307 Temporary Redirect
INFO:     [IP-DISAMARKAN]:45968 - "GET /metrics/ HTTP/1.1" 200 OK
INFO:     [IP-DISAMARKAN]:33892 - "GET /health HTTP/1.1" 200 OK
INFO:     [IP-DISAMARKAN]:54192 - "GET /metrics HTTP/1.1" 307 Temporary Redirect
INFO:     [IP-DISAMARKAN]:54192 - "GET /metrics/ HTTP/1.1" 200 OK
INFO:     127.0.0.1:40286 - "GET /health HTTP/1.1" 200 OK
INFO:     [IP-DISAMARKAN]:43138 - "GET /metrics HTTP/1.1" 307 Temporary Redirect
INFO:     [IP-DISAMARKAN]:43138 - "GET /metrics/ HTTP/1.1" 200 OK
INFO:     [IP-DISAMARKAN]:37782 - "GET /health HTTP/1.1" 200 OK
INFO:     [IP-DISAMARKAN]:39286 - "GET /metrics HTTP/1.1" 307 Temporary Redirect
INFO:     [IP-DISAMARKAN]:39286 - "GET /metrics/ HTTP/1.1" 200 OK
INFO:     127.0.0.1:37654 - "GET /health HTTP/1.1" 200 OK
INFO:     [IP-DISAMARKAN]:59118 - "GET /metrics HTTP/1.1" 307 Temporary Redirect
INFO:     [IP-DISAMARKAN]:59118 - "GET /metrics/ HTTP/1.1" 200 OK
INFO:     [IP-DISAMARKAN]:54138 - "GET /health HTTP/1.1" 200 OK
INFO:     [IP-DISAMARKAN]:42910 - "GET /metrics HTTP/1.1" 307 Temporary Redirect
INFO:     [IP-DISAMARKAN]:42910 - "GET /metrics/ HTTP/1.1" 200 OK
INFO:     127.0.0.1:47856 - "GET /health HTTP/1.1" 200 OK
INFO:     [IP-DISAMARKAN]:49912 - "GET /metrics HTTP/1.1" 307 Temporary Redirect
INFO:     [IP-DISAMARKAN]:49912 - "GET /metrics/ HTTP/1.1" 200 OK
INFO:     [IP-DISAMARKAN]:57096 - "GET /health HTTP/1.1" 200 OK
INFO:     [IP-DISAMARKAN]:47530 - "GET /metrics HTTP/1.1" 307 Temporary Redirect
INFO:     [IP-DISAMARKAN]:47530 - "GET /metrics/ HTTP/1.1" 200 OK
INFO:     127.0.0.1:40740 - "GET /health HTTP/1.1" 200 OK
INFO:     [IP-DISAMARKAN]:33492 - "GET /metrics HTTP/1.1" 307 Temporary Redirect
INFO:     [IP-DISAMARKAN]:33492 - "GET /metrics/ HTTP/1.1" 200 OK
INFO:     [IP-DISAMARKAN]:36440 - "GET /health HTTP/1.1" 200 OK
INFO:     [IP-DISAMARKAN]:48210 - "GET /metrics HTTP/1.1" 307 Temporary Redirect
INFO:     [IP-DISAMARKAN]:48210 - "GET /metrics/ HTTP/1.1" 200 OK
INFO:     127.0.0.1:36004 - "GET /health HTTP/1.1" 200 OK
INFO:     [IP-DISAMARKAN]:50136 - "GET /metrics HTTP/1.1" 307 Temporary Redirect
INFO:     [IP-DISAMARKAN]:50136 - "GET /metrics/ HTTP/1.1" 200 OK
INFO:     [IP-DISAMARKAN]:33958 - "GET /health HTTP/1.1" 200 OK
INFO:     [IP-DISAMARKAN]:49226 - "GET /metrics HTTP/1.1" 307 Temporary Redirect
INFO:     [IP-DISAMARKAN]:49226 - "GET /metrics/ HTTP/1.1" 200 OK
INFO:     127.0.0.1:42322 - "GET /health HTTP/1.1" 200 OK
INFO:     [IP-DISAMARKAN]:57898 - "GET /metrics HTTP/1.1" 307 Temporary Redirect
INFO:     [IP-DISAMARKAN]:57898 - "GET /metrics/ HTTP/1.1" 200 OK
INFO:     [IP-DISAMARKAN]:37336 - "GET /health HTTP/1.1" 200 OK
INFO:     [IP-DISAMARKAN]:54386 - "GET /metrics HTTP/1.1" 307 Temporary Redirect
INFO:     [IP-DISAMARKAN]:54386 - "GET /metrics/ HTTP/1.1" 200 OK
INFO:     127.0.0.1:39390 - "GET /health HTTP/1.1" 200 OK
INFO:     [IP-DISAMARKAN]:49478 - "GET /metrics HTTP/1.1" 307 Temporary Redirect
INFO:     [IP-DISAMARKAN]:49478 - "GET /metrics/ HTTP/1.1" 200 OK
INFO:     [IP-DISAMARKAN]:56126 - "GET /health HTTP/1.1" 200 OK
INFO:     [IP-DISAMARKAN]:46862 - "GET /metrics HTTP/1.1" 307 Temporary Redirect
INFO:     [IP-DISAMARKAN]:46862 - "GET /metrics/ HTTP/1.1" 200 OK
INFO:     127.0.0.1:59306 - "GET /health HTTP/1.1" 200 OK
INFO:     [IP-DISAMARKAN]:45448 - "GET /metrics HTTP/1.1" 307 Temporary Redirect
INFO:     [IP-DISAMARKAN]:45448 - "GET /metrics/ HTTP/1.1" 200 OK
INFO:     [IP-DISAMARKAN]:51432 - "GET /health HTTP/1.1" 200 OK
INFO:     [IP-DISAMARKAN]:43464 - "GET /metrics HTTP/1.1" 307 Temporary Redirect
INFO:     [IP-DISAMARKAN]:43464 - "GET /metrics/ HTTP/1.1" 200 OK
INFO:     127.0.0.1:60482 - "GET /health HTTP/1.1" 200 OK
INFO:     [IP-DISAMARKAN]:38060 - "GET /metrics HTTP/1.1" 307 Temporary Redirect
INFO:     [IP-DISAMARKAN]:38060 - "GET /metrics/ HTTP/1.1" 200 OK
INFO:     [IP-DISAMARKAN]:35920 - "GET /health HTTP/1.1" 200 OK
INFO:     [IP-DISAMARKAN]:57122 - "GET /metrics HTTP/1.1" 307 Temporary Redirect
INFO:     [IP-DISAMARKAN]:57122 - "GET /metrics/ HTTP/1.1" 200 OK
INFO:     127.0.0.1:50990 - "GET /health HTTP/1.1" 200 OK
INFO:     [IP-DISAMARKAN]:42396 - "GET /metrics HTTP/1.1" 307 Temporary Redirect
INFO:     [IP-DISAMARKAN]:42396 - "GET /metrics/ HTTP/1.1" 200 OK
INFO:     [IP-DISAMARKAN]:38652 - "GET /health HTTP/1.1" 200 OK
INFO:     [IP-DISAMARKAN]:34404 - "GET /metrics HTTP/1.1" 307 Temporary Redirect
INFO:     [IP-DISAMARKAN]:34404 - "GET /metrics/ HTTP/1.1" 200 OK
INFO:     127.0.0.1:58654 - "GET /health HTTP/1.1" 200 OK
INFO:     [IP-DISAMARKAN]:37686 - "GET /metrics HTTP/1.1" 307 Temporary Redirect
INFO:     [IP-DISAMARKAN]:37686 - "GET /metrics/ HTTP/1.1" 200 OK
INFO:     [IP-DISAMARKAN]:38270 - "GET /health HTTP/1.1" 200 OK
INFO:     [IP-DISAMARKAN]:33836 - "GET /metrics HTTP/1.1" 307 Temporary Redirect
INFO:     [IP-DISAMARKAN]:33836 - "GET /metrics/ HTTP/1.1" 200 OK
INFO:     127.0.0.1:49100 - "GET /health HTTP/1.1" 200 OK
INFO:     [IP-DISAMARKAN]:46394 - "GET /metrics HTTP/1.1" 307 Temporary Redirect
INFO:     [IP-DISAMARKAN]:46394 - "GET /metrics/ HTTP/1.1" 200 OK
INFO:     [IP-DISAMARKAN]:59860 - "GET /health HTTP/1.1" 200 OK
INFO:     [IP-DISAMARKAN]:37708 - "GET /metrics HTTP/1.1" 307 Temporary Redirect
INFO:     [IP-DISAMARKAN]:37708 - "GET /metrics/ HTTP/1.1" 200 OK
INFO:     127.0.0.1:44448 - "GET /health HTTP/1.1" 200 OK
INFO:     [IP-DISAMARKAN]:52356 - "GET /metrics HTTP/1.1" 307 Temporary Redirect
INFO:     [IP-DISAMARKAN]:52356 - "GET /metrics/ HTTP/1.1" 200 OK
INFO:     [IP-DISAMARKAN]:42314 - "GET /metrics HTTP/1.1" 307 Temporary Redirect
INFO:     [IP-DISAMARKAN]:42314 - "GET /metrics/ HTTP/1.1" 200 OK
INFO:     [IP-DISAMARKAN]:49162 - "GET /health HTTP/1.1" 200 OK
INFO:     127.0.0.1:51852 - "GET /health HTTP/1.1" 200 OK
INFO:     [IP-DISAMARKAN]:42858 - "GET /metrics HTTP/1.1" 307 Temporary Redirect
INFO:     [IP-DISAMARKAN]:42858 - "GET /metrics/ HTTP/1.1" 200 OK
INFO:     [IP-DISAMARKAN]:50774 - "GET /metrics HTTP/1.1" 307 Temporary Redirect
INFO:     [IP-DISAMARKAN]:50774 - "GET /metrics/ HTTP/1.1" 200 OK
INFO:     [IP-DISAMARKAN]:36516 - "GET /health HTTP/1.1" 200 OK
INFO:     127.0.0.1:43726 - "GET /health HTTP/1.1" 200 OK
INFO:     [IP-DISAMARKAN]:50442 - "GET /metrics HTTP/1.1" 307 Temporary Redirect
INFO:     [IP-DISAMARKAN]:50442 - "GET /metrics/ HTTP/1.1" 200 OK
INFO:     [IP-DISAMARKAN]:52560 - "GET /metrics HTTP/1.1" 307 Temporary Redirect
INFO:     [IP-DISAMARKAN]:52560 - "GET /metrics/ HTTP/1.1" 200 OK
INFO:     [IP-DISAMARKAN]:35696 - "GET /health HTTP/1.1" 200 OK
INFO:     127.0.0.1:50374 - "GET /health HTTP/1.1" 200 OK
INFO:     [IP-DISAMARKAN]:52822 - "GET /metrics HTTP/1.1" 307 Temporary Redirect
INFO:     [IP-DISAMARKAN]:52822 - "GET /metrics/ HTTP/1.1" 200 OK
INFO:     [IP-DISAMARKAN]:40478 - "GET /metrics HTTP/1.1" 307 Temporary Redirect
INFO:     [IP-DISAMARKAN]:40478 - "GET /metrics/ HTTP/1.1" 200 OK
INFO:     127.0.0.1:58890 - "GET /health HTTP/1.1" 200 OK
INFO:     [IP-DISAMARKAN]:55210 - "GET /metrics HTTP/1.1" 307 Temporary Redirect
INFO:     [IP-DISAMARKAN]:55210 - "GET /metrics/ HTTP/1.1" 200 OK
INFO:     [IP-DISAMARKAN]:51308 - "GET /health HTTP/1.1" 200 OK
INFO:     [IP-DISAMARKAN]:47858 - "GET /metrics HTTP/1.1" 307 Temporary Redirect
INFO:     [IP-DISAMARKAN]:47858 - "GET /metrics/ HTTP/1.1" 200 OK
INFO:     [IP-DISAMARKAN]:57350 - "GET /metrics HTTP/1.1" 307 Temporary Redirect
INFO:     [IP-DISAMARKAN]:57350 - "GET /metrics/ HTTP/1.1" 200 OK
INFO:     127.0.0.1:58110 - "GET /health HTTP/1.1" 200 OK
INFO:     [IP-DISAMARKAN]:41478 - "GET /health HTTP/1.1" 200 OK
INFO:     [IP-DISAMARKAN]:50248 - "GET /metrics HTTP/1.1" 307 Temporary Redirect
INFO:     [IP-DISAMARKAN]:50248 - "GET /metrics/ HTTP/1.1" 200 OK
INFO:     [IP-DISAMARKAN]:39806 - "GET /metrics HTTP/1.1" 307 Temporary Redirect
INFO:     [IP-DISAMARKAN]:39806 - "GET /metrics/ HTTP/1.1" 200 OK
INFO:     127.0.0.1:43380 - "GET /health HTTP/1.1" 200 OK
INFO:     [IP-DISAMARKAN]:42576 - "GET /health HTTP/1.1" 200 OK
INFO:     [IP-DISAMARKAN]:50574 - "GET /metrics HTTP/1.1" 307 Temporary Redirect
INFO:     [IP-DISAMARKAN]:50574 - "GET /metrics/ HTTP/1.1" 200 OK
INFO:     [IP-DISAMARKAN]:56872 - "GET /metrics HTTP/1.1" 307 Temporary Redirect
INFO:     [IP-DISAMARKAN]:56872 - "GET /metrics/ HTTP/1.1" 200 OK
INFO:     127.0.0.1:42168 - "GET /health HTTP/1.1" 200 OK
INFO:     [IP-DISAMARKAN]:43792 - "GET /metrics HTTP/1.1" 307 Temporary Redirect
INFO:     [IP-DISAMARKAN]:43792 - "GET /metrics/ HTTP/1.1" 200 OK
INFO:     [IP-DISAMARKAN]:45508 - "GET /health HTTP/1.1" 200 OK
INFO:     [IP-DISAMARKAN]:46996 - "GET /metrics HTTP/1.1" 307 Temporary Redirect
INFO:     [IP-DISAMARKAN]:46996 - "GET /metrics/ HTTP/1.1" 200 OK
INFO:     127.0.0.1:43762 - "GET /health HTTP/1.1" 200 OK
INFO:     [IP-DISAMARKAN]:46992 - "GET /metrics HTTP/1.1" 307 Temporary Redirect
INFO:     [IP-DISAMARKAN]:46992 - "GET /metrics/ HTTP/1.1" 200 OK
INFO:     [IP-DISAMARKAN]:48968 - "GET /health HTTP/1.1" 200 OK
INFO:     [IP-DISAMARKAN]:36580 - "GET /metrics HTTP/1.1" 307 Temporary Redirect
INFO:     [IP-DISAMARKAN]:36580 - "GET /metrics/ HTTP/1.1" 200 OK
INFO:     127.0.0.1:39950 - "GET /health HTTP/1.1" 200 OK
INFO:     [IP-DISAMARKAN]:33084 - "GET /metrics HTTP/1.1" 307 Temporary Redirect
INFO:     [IP-DISAMARKAN]:33084 - "GET /metrics/ HTTP/1.1" 200 OK
INFO:     [IP-DISAMARKAN]:54242 - "GET /health HTTP/1.1" 200 OK
INFO:     [IP-DISAMARKAN]:60020 - "GET /metrics HTTP/1.1" 307 Temporary Redirect
INFO:     [IP-DISAMARKAN]:60020 - "GET /metrics/ HTTP/1.1" 200 OK
INFO:     127.0.0.1:47832 - "GET /health HTTP/1.1" 200 OK
INFO:     [IP-DISAMARKAN]:53630 - "GET /metrics HTTP/1.1" 307 Temporary Redirect
INFO:     [IP-DISAMARKAN]:53630 - "GET /metrics/ HTTP/1.1" 200 OK
INFO:     [IP-DISAMARKAN]:35934 - "GET /metrics HTTP/1.1" 307 Temporary Redirect
INFO:     [IP-DISAMARKAN]:35934 - "GET /metrics/ HTTP/1.1" 200 OK
INFO:     [IP-DISAMARKAN]:52448 - "GET /health HTTP/1.1" 200 OK
INFO:     127.0.0.1:50062 - "GET /health HTTP/1.1" 200 OK
INFO:     [IP-DISAMARKAN]:40310 - "GET /metrics HTTP/1.1" 307 Temporary Redirect
INFO:     [IP-DISAMARKAN]:40310 - "GET /metrics/ HTTP/1.1" 200 OK
INFO:     [IP-DISAMARKAN]:45532 - "GET /metrics HTTP/1.1" 307 Temporary Redirect
INFO:     [IP-DISAMARKAN]:45532 - "GET /metrics/ HTTP/1.1" 200 OK
INFO:     127.0.0.1:46548 - "GET /health HTTP/1.1" 200 OK
INFO:     [IP-DISAMARKAN]:35594 - "GET /health HTTP/1.1" 200 OK
INFO:     [IP-DISAMARKAN]:45152 - "GET /metrics HTTP/1.1" 307 Temporary Redirect
INFO:     [IP-DISAMARKAN]:45152 - "GET /metrics/ HTTP/1.1" 200 OK
INFO:     [IP-DISAMARKAN]:35068 - "GET /metrics HTTP/1.1" 307 Temporary Redirect
INFO:     [IP-DISAMARKAN]:35068 - "GET /metrics/ HTTP/1.1" 200 OK
INFO:     127.0.0.1:36738 - "GET /health HTTP/1.1" 200 OK
INFO:     [IP-DISAMARKAN]:49878 - "GET /health HTTP/1.1" 200 OK
INFO:     [IP-DISAMARKAN]:58748 - "GET /metrics HTTP/1.1" 307 Temporary Redirect
INFO:     [IP-DISAMARKAN]:58748 - "GET /metrics/ HTTP/1.1" 200 OK
INFO:     [IP-DISAMARKAN]:40226 - "GET /metrics HTTP/1.1" 307 Temporary Redirect
INFO:     [IP-DISAMARKAN]:40226 - "GET /metrics/ HTTP/1.1" 200 OK
INFO:     127.0.0.1:55202 - "GET /health HTTP/1.1" 200 OK
INFO:     [IP-DISAMARKAN]:44154 - "GET /metrics HTTP/1.1" 307 Temporary Redirect
INFO:     [IP-DISAMARKAN]:44154 - "GET /metrics/ HTTP/1.1" 200 OK
INFO:     [IP-DISAMARKAN]:46166 - "GET /health HTTP/1.1" 200 OK
INFO:     [IP-DISAMARKAN]:34666 - "GET /metrics HTTP/1.1" 307 Temporary Redirect
INFO:     [IP-DISAMARKAN]:34666 - "GET /metrics/ HTTP/1.1" 200 OK
INFO:     127.0.0.1:37442 - "GET /health HTTP/1.1" 200 OK
INFO:     [IP-DISAMARKAN]:33236 - "GET /metrics HTTP/1.1" 307 Temporary Redirect
INFO:     [IP-DISAMARKAN]:33236 - "GET /metrics/ HTTP/1.1" 200 OK
INFO:     [IP-DISAMARKAN]:36534 - "GET /health HTTP/1.1" 200 OK
INFO:     [IP-DISAMARKAN]:55774 - "GET /metrics HTTP/1.1" 307 Temporary Redirect
INFO:     [IP-DISAMARKAN]:55774 - "GET /metrics/ HTTP/1.1" 200 OK
INFO:     127.0.0.1:49000 - "GET /health HTTP/1.1" 200 OK
INFO:     [IP-DISAMARKAN]:49546 - "GET /metrics HTTP/1.1" 307 Temporary Redirect
INFO:     [IP-DISAMARKAN]:49546 - "GET /metrics/ HTTP/1.1" 200 OK
INFO:     [IP-DISAMARKAN]:50188 - "GET /health HTTP/1.1" 200 OK
INFO:     [IP-DISAMARKAN]:35510 - "GET /metrics HTTP/1.1" 307 Temporary Redirect
INFO:     [IP-DISAMARKAN]:35510 - "GET /metrics/ HTTP/1.1" 200 OK
INFO:     127.0.0.1:42626 - "GET /health HTTP/1.1" 200 OK
INFO:     [IP-DISAMARKAN]:50524 - "GET /metrics HTTP/1.1" 307 Temporary Redirect
INFO:     [IP-DISAMARKAN]:50524 - "GET /metrics/ HTTP/1.1" 200 OK
INFO:     [IP-DISAMARKAN]:36738 - "GET /health HTTP/1.1" 200 OK
INFO:     [IP-DISAMARKAN]:38080 - "GET /metrics HTTP/1.1" 307 Temporary Redirect
INFO:     [IP-DISAMARKAN]:38080 - "GET /metrics/ HTTP/1.1" 200 OK
INFO:     127.0.0.1:47134 - "GET /health HTTP/1.1" 200 OK
INFO:     [IP-DISAMARKAN]:39978 - "GET /metrics HTTP/1.1" 307 Temporary Redirect
INFO:     [IP-DISAMARKAN]:39978 - "GET /metrics/ HTTP/1.1" 200 OK
INFO:     [IP-DISAMARKAN]:58490 - "GET /health HTTP/1.1" 200 OK
INFO:     [IP-DISAMARKAN]:41080 - "GET /metrics HTTP/1.1" 307 Temporary Redirect
INFO:     [IP-DISAMARKAN]:41080 - "GET /metrics/ HTTP/1.1" 200 OK
INFO:     127.0.0.1:40244 - "GET /health HTTP/1.1" 200 OK
INFO:     [IP-DISAMARKAN]:58806 - "GET /metrics HTTP/1.1" 307 Temporary Redirect
INFO:     [IP-DISAMARKAN]:58806 - "GET /metrics/ HTTP/1.1" 200 OK
INFO:     [IP-DISAMARKAN]:33696 - "GET /health HTTP/1.1" 200 OK
INFO:     [IP-DISAMARKAN]:52674 - "GET /metrics HTTP/1.1" 307 Temporary Redirect
INFO:     [IP-DISAMARKAN]:52674 - "GET /metrics/ HTTP/1.1" 200 OK
INFO:     127.0.0.1:57990 - "GET /health HTTP/1.1" 200 OK
INFO:     [IP-DISAMARKAN]:59800 - "GET /metrics HTTP/1.1" 307 Temporary Redirect
INFO:     [IP-DISAMARKAN]:59800 - "GET /metrics/ HTTP/1.1" 200 OK
INFO:     [IP-DISAMARKAN]:54812 - "GET /health HTTP/1.1" 200 OK
INFO:     [IP-DISAMARKAN]:58876 - "GET /metrics HTTP/1.1" 307 Temporary Redirect
INFO:     [IP-DISAMARKAN]:58876 - "GET /metrics/ HTTP/1.1" 200 OK
INFO:     127.0.0.1:46442 - "GET /health HTTP/1.1" 200 OK
INFO:     [IP-DISAMARKAN]:35258 - "GET /metrics HTTP/1.1" 307 Temporary Redirect
INFO:     [IP-DISAMARKAN]:35258 - "GET /metrics/ HTTP/1.1" 200 OK
INFO:     [IP-DISAMARKAN]:40478 - "GET /health HTTP/1.1" 200 OK
INFO:     [IP-DISAMARKAN]:42542 - "GET /metrics HTTP/1.1" 307 Temporary Redirect
INFO:     [IP-DISAMARKAN]:42542 - "GET /metrics/ HTTP/1.1" 200 OK
INFO:     127.0.0.1:47084 - "GET /health HTTP/1.1" 200 OK
INFO:     [IP-DISAMARKAN]:59548 - "GET /metrics HTTP/1.1" 307 Temporary Redirect
INFO:     [IP-DISAMARKAN]:59548 - "GET /metrics/ HTTP/1.1" 200 OK
INFO:     [IP-DISAMARKAN]:43414 - "GET /health HTTP/1.1" 200 OK
INFO:     [IP-DISAMARKAN]:54606 - "GET /metrics HTTP/1.1" 307 Temporary Redirect
INFO:     [IP-DISAMARKAN]:54606 - "GET /metrics/ HTTP/1.1" 200 OK
INFO:     127.0.0.1:42412 - "GET /health HTTP/1.1" 200 OK
INFO:     [IP-DISAMARKAN]:39918 - "GET /metrics HTTP/1.1" 307 Temporary Redirect
INFO:     [IP-DISAMARKAN]:39918 - "GET /metrics/ HTTP/1.1" 200 OK
INFO:     [IP-DISAMARKAN]:34190 - "GET /health HTTP/1.1" 200 OK
INFO:     [IP-DISAMARKAN]:43582 - "GET /metrics HTTP/1.1" 307 Temporary Redirect
INFO:     [IP-DISAMARKAN]:43582 - "GET /metrics/ HTTP/1.1" 200 OK
INFO:     127.0.0.1:52972 - "GET /health HTTP/1.1" 200 OK
INFO:     [IP-DISAMARKAN]:59834 - "GET /metrics HTTP/1.1" 307 Temporary Redirect
INFO:     [IP-DISAMARKAN]:59834 - "GET /metrics/ HTTP/1.1" 200 OK
INFO:     [IP-DISAMARKAN]:58804 - "GET /health HTTP/1.1" 200 OK
INFO:     [IP-DISAMARKAN]:33864 - "GET /metrics HTTP/1.1" 307 Temporary Redirect
INFO:     [IP-DISAMARKAN]:33864 - "GET /metrics/ HTTP/1.1" 200 OK
INFO:     127.0.0.1:34596 - "GET /health HTTP/1.1" 200 OK
INFO:     [IP-DISAMARKAN]:49998 - "GET /metrics HTTP/1.1" 307 Temporary Redirect
INFO:     [IP-DISAMARKAN]:49998 - "GET /metrics/ HTTP/1.1" 200 OK
INFO:     [IP-DISAMARKAN]:50634 - "GET /health HTTP/1.1" 200 OK
INFO:     [IP-DISAMARKAN]:41920 - "GET /metrics HTTP/1.1" 307 Temporary Redirect
INFO:     [IP-DISAMARKAN]:41920 - "GET /metrics/ HTTP/1.1" 200 OK
INFO:     127.0.0.1:46938 - "GET /health HTTP/1.1" 200 OK
INFO:     [IP-DISAMARKAN]:34696 - "GET /metrics HTTP/1.1" 307 Temporary Redirect
INFO:     [IP-DISAMARKAN]:34696 - "GET /metrics/ HTTP/1.1" 200 OK
INFO:     [IP-DISAMARKAN]:51556 - "GET /health HTTP/1.1" 200 OK
INFO:     [IP-DISAMARKAN]:47098 - "GET /metrics HTTP/1.1" 307 Temporary Redirect
INFO:     [IP-DISAMARKAN]:47098 - "GET /metrics/ HTTP/1.1" 200 OK
INFO:     127.0.0.1:36810 - "GET /health HTTP/1.1" 200 OK
INFO:     [IP-DISAMARKAN]:43436 - "GET /metrics HTTP/1.1" 307 Temporary Redirect
INFO:     [IP-DISAMARKAN]:43436 - "GET /metrics/ HTTP/1.1" 200 OK
INFO:     [IP-DISAMARKAN]:42708 - "GET /health HTTP/1.1" 200 OK
INFO:     [IP-DISAMARKAN]:35460 - "GET /metrics HTTP/1.1" 307 Temporary Redirect
INFO:     [IP-DISAMARKAN]:35460 - "GET /metrics/ HTTP/1.1" 200 OK
INFO:     127.0.0.1:54424 - "GET /health HTTP/1.1" 200 OK
INFO:     [IP-DISAMARKAN]:43094 - "GET /metrics HTTP/1.1" 307 Temporary Redirect
INFO:     [IP-DISAMARKAN]:43094 - "GET /metrics/ HTTP/1.1" 200 OK
INFO:     [IP-DISAMARKAN]:41038 - "GET /health HTTP/1.1" 200 OK
INFO:     [IP-DISAMARKAN]:40648 - "GET /metrics HTTP/1.1" 307 Temporary Redirect
INFO:     [IP-DISAMARKAN]:40648 - "GET /metrics/ HTTP/1.1" 200 OK
INFO:     127.0.0.1:50986 - "GET /health HTTP/1.1" 200 OK
INFO:     [IP-DISAMARKAN]:53882 - "GET /metrics HTTP/1.1" 307 Temporary Redirect
INFO:     [IP-DISAMARKAN]:53882 - "GET /metrics/ HTTP/1.1" 200 OK
INFO:     [IP-DISAMARKAN]:59730 - "GET /health HTTP/1.1" 200 OK
INFO:     [IP-DISAMARKAN]:43930 - "GET /metrics HTTP/1.1" 307 Temporary Redirect
INFO:     [IP-DISAMARKAN]:43930 - "GET /metrics/ HTTP/1.1" 200 OK
INFO:     127.0.0.1:45898 - "GET /health HTTP/1.1" 200 OK
INFO:     [IP-DISAMARKAN]:38380 - "GET /metrics HTTP/1.1" 307 Temporary Redirect
INFO:     [IP-DISAMARKAN]:38380 - "GET /metrics/ HTTP/1.1" 200 OK
INFO:     [IP-DISAMARKAN]:49362 - "GET /health HTTP/1.1" 200 OK
INFO:     [IP-DISAMARKAN]:51914 - "GET /metrics HTTP/1.1" 307 Temporary Redirect
INFO:     [IP-DISAMARKAN]:51914 - "GET /metrics/ HTTP/1.1" 200 OK
INFO:     127.0.0.1:45402 - "GET /health HTTP/1.1" 200 OK
INFO:     [IP-DISAMARKAN]:42990 - "GET /metrics HTTP/1.1" 307 Temporary Redirect
INFO:     [IP-DISAMARKAN]:42990 - "GET /metrics/ HTTP/1.1" 200 OK
INFO:     [IP-DISAMARKAN]:49234 - "GET /health HTTP/1.1" 200 OK
INFO:     [IP-DISAMARKAN]:39104 - "GET /metrics HTTP/1.1" 307 Temporary Redirect
INFO:     [IP-DISAMARKAN]:39104 - "GET /metrics/ HTTP/1.1" 200 OK
INFO:     127.0.0.1:38974 - "GET /health HTTP/1.1" 200 OK
INFO:     [IP-DISAMARKAN]:40612 - "GET /metrics HTTP/1.1" 307 Temporary Redirect
INFO:     [IP-DISAMARKAN]:40612 - "GET /metrics/ HTTP/1.1" 200 OK
INFO:     [IP-DISAMARKAN]:38144 - "GET /health HTTP/1.1" 200 OK
INFO:     [IP-DISAMARKAN]:43692 - "GET /metrics HTTP/1.1" 307 Temporary Redirect
INFO:     [IP-DISAMARKAN]:43692 - "GET /metrics/ HTTP/1.1" 200 OK
INFO:     127.0.0.1:42384 - "GET /health HTTP/1.1" 200 OK
INFO:     [IP-DISAMARKAN]:35752 - "GET /metrics HTTP/1.1" 307 Temporary Redirect
INFO:     [IP-DISAMARKAN]:35752 - "GET /metrics/ HTTP/1.1" 200 OK
INFO:     [IP-DISAMARKAN]:43278 - "GET /health HTTP/1.1" 200 OK
INFO:     [IP-DISAMARKAN]:57994 - "GET /metrics HTTP/1.1" 307 Temporary Redirect
INFO:     [IP-DISAMARKAN]:57994 - "GET /metrics/ HTTP/1.1" 200 OK
INFO:     127.0.0.1:47550 - "GET /health HTTP/1.1" 200 OK
INFO:     [IP-DISAMARKAN]:45858 - "GET /metrics HTTP/1.1" 307 Temporary Redirect
INFO:     [IP-DISAMARKAN]:45858 - "GET /metrics/ HTTP/1.1" 200 OK
INFO:     [IP-DISAMARKAN]:45748 - "GET /health HTTP/1.1" 200 OK
INFO:     [IP-DISAMARKAN]:34494 - "GET /metrics HTTP/1.1" 307 Temporary Redirect
INFO:     [IP-DISAMARKAN]:34494 - "GET /metrics/ HTTP/1.1" 200 OK
INFO:     127.0.0.1:48004 - "GET /health HTTP/1.1" 200 OK
INFO:     [IP-DISAMARKAN]:60856 - "GET /metrics HTTP/1.1" 307 Temporary Redirect
INFO:     [IP-DISAMARKAN]:60856 - "GET /metrics/ HTTP/1.1" 200 OK
INFO:     [IP-DISAMARKAN]:57418 - "GET /health HTTP/1.1" 200 OK
INFO:     [IP-DISAMARKAN]:40926 - "GET /metrics HTTP/1.1" 307 Temporary Redirect
INFO:     [IP-DISAMARKAN]:40926 - "GET /metrics/ HTTP/1.1" 200 OK
INFO:     127.0.0.1:34406 - "GET /health HTTP/1.1" 200 OK
INFO:     [IP-DISAMARKAN]:55786 - "GET /metrics HTTP/1.1" 307 Temporary Redirect
INFO:     [IP-DISAMARKAN]:55786 - "GET /metrics/ HTTP/1.1" 200 OK
INFO:     [IP-DISAMARKAN]:56634 - "GET /metrics HTTP/1.1" 307 Temporary Redirect
INFO:     [IP-DISAMARKAN]:56634 - "GET /metrics/ HTTP/1.1" 200 OK
INFO:     [IP-DISAMARKAN]:54738 - "GET /health HTTP/1.1" 200 OK
INFO:     127.0.0.1:46676 - "GET /health HTTP/1.1" 200 OK
INFO:     [IP-DISAMARKAN]:36284 - "GET /metrics HTTP/1.1" 307 Temporary Redirect
INFO:     [IP-DISAMARKAN]:36284 - "GET /metrics/ HTTP/1.1" 200 OK
INFO:     [IP-DISAMARKAN]:54382 - "GET /metrics HTTP/1.1" 307 Temporary Redirect
INFO:     [IP-DISAMARKAN]:54382 - "GET /metrics/ HTTP/1.1" 200 OK
INFO:     127.0.0.1:59508 - "GET /health HTTP/1.1" 200 OK
INFO:     [IP-DISAMARKAN]:48878 - "GET /health HTTP/1.1" 200 OK
INFO:     [IP-DISAMARKAN]:44632 - "GET /metrics HTTP/1.1" 307 Temporary Redirect
INFO:     [IP-DISAMARKAN]:44632 - "GET /metrics/ HTTP/1.1" 200 OK
INFO:     [IP-DISAMARKAN]:34782 - "GET /metrics HTTP/1.1" 307 Temporary Redirect
INFO:     [IP-DISAMARKAN]:34782 - "GET /metrics/ HTTP/1.1" 200 OK
INFO:     127.0.0.1:46748 - "GET /health HTTP/1.1" 200 OK
INFO:     [IP-DISAMARKAN]:42026 - "GET /health HTTP/1.1" 200 OK
INFO:     [IP-DISAMARKAN]:55618 - "GET /metrics HTTP/1.1" 307 Temporary Redirect
INFO:     [IP-DISAMARKAN]:55618 - "GET /metrics/ HTTP/1.1" 200 OK
INFO:     [IP-DISAMARKAN]:34974 - "GET /metrics HTTP/1.1" 307 Temporary Redirect
INFO:     [IP-DISAMARKAN]:34974 - "GET /metrics/ HTTP/1.1" 200 OK
INFO:     127.0.0.1:59212 - "GET /health HTTP/1.1" 200 OK
INFO:     [IP-DISAMARKAN]:53274 - "GET /metrics HTTP/1.1" 307 Temporary Redirect
INFO:     [IP-DISAMARKAN]:53274 - "GET /metrics/ HTTP/1.1" 200 OK
INFO:     [IP-DISAMARKAN]:54628 - "GET /health HTTP/1.1" 200 OK
INFO:     [IP-DISAMARKAN]:57628 - "GET /metrics HTTP/1.1" 307 Temporary Redirect
INFO:     [IP-DISAMARKAN]:57628 - "GET /metrics/ HTTP/1.1" 200 OK
INFO:     127.0.0.1:47420 - "GET /health HTTP/1.1" 200 OK
INFO:     [IP-DISAMARKAN]:32780 - "GET /metrics HTTP/1.1" 307 Temporary Redirect
INFO:     [IP-DISAMARKAN]:32780 - "GET /metrics/ HTTP/1.1" 200 OK
INFO:     [IP-DISAMARKAN]:46516 - "GET /health HTTP/1.1" 200 OK
INFO:     [IP-DISAMARKAN]:55496 - "GET /metrics HTTP/1.1" 307 Temporary Redirect
INFO:     [IP-DISAMARKAN]:55496 - "GET /metrics/ HTTP/1.1" 200 OK
INFO:     127.0.0.1:53732 - "GET /health HTTP/1.1" 200 OK
INFO:     [IP-DISAMARKAN]:50142 - "GET /metrics HTTP/1.1" 307 Temporary Redirect
INFO:     [IP-DISAMARKAN]:50142 - "GET /metrics/ HTTP/1.1" 200 OK
INFO:     [IP-DISAMARKAN]:39982 - "GET /health HTTP/1.1" 200 OK
INFO:     [IP-DISAMARKAN]:60046 - "GET /metrics HTTP/1.1" 307 Temporary Redirect
INFO:     [IP-DISAMARKAN]:60046 - "GET /metrics/ HTTP/1.1" 200 OK
INFO:     127.0.0.1:51484 - "GET /health HTTP/1.1" 200 OK
INFO:     [IP-DISAMARKAN]:52076 - "GET /metrics HTTP/1.1" 307 Temporary Redirect
INFO:     [IP-DISAMARKAN]:52076 - "GET /metrics/ HTTP/1.1" 200 OK
INFO:     [IP-DISAMARKAN]:48710 - "GET /metrics HTTP/1.1" 307 Temporary Redirect
INFO:     [IP-DISAMARKAN]:48710 - "GET /metrics/ HTTP/1.1" 200 OK
INFO:     [IP-DISAMARKAN]:60618 - "GET /health HTTP/1.1" 200 OK
INFO:     127.0.0.1:55606 - "GET /health HTTP/1.1" 200 OK
INFO:     [IP-DISAMARKAN]:59444 - "GET /metrics HTTP/1.1" 307 Temporary Redirect
INFO:     [IP-DISAMARKAN]:59444 - "GET /metrics/ HTTP/1.1" 200 OK
INFO:     [IP-DISAMARKAN]:37770 - "GET /metrics HTTP/1.1" 307 Temporary Redirect
INFO:     [IP-DISAMARKAN]:37770 - "GET /metrics/ HTTP/1.1" 200 OK
INFO:     127.0.0.1:36892 - "GET /health HTTP/1.1" 200 OK
INFO:     [IP-DISAMARKAN]:40784 - "GET /health HTTP/1.1" 200 OK
INFO:     [IP-DISAMARKAN]:43210 - "GET /metrics HTTP/1.1" 307 Temporary Redirect
INFO:     [IP-DISAMARKAN]:43210 - "GET /metrics/ HTTP/1.1" 200 OK
INFO:     [IP-DISAMARKAN]:47476 - "GET /metrics HTTP/1.1" 307 Temporary Redirect
INFO:     [IP-DISAMARKAN]:47476 - "GET /metrics/ HTTP/1.1" 200 OK
INFO:     127.0.0.1:58892 - "GET /health HTTP/1.1" 200 OK
INFO:     [IP-DISAMARKAN]:56848 - "GET /health HTTP/1.1" 200 OK
INFO:     [IP-DISAMARKAN]:38852 - "GET /metrics HTTP/1.1" 307 Temporary Redirect
INFO:     [IP-DISAMARKAN]:38852 - "GET /metrics/ HTTP/1.1" 200 OK
INFO:     [IP-DISAMARKAN]:36770 - "GET /metrics HTTP/1.1" 307 Temporary Redirect
INFO:     [IP-DISAMARKAN]:36770 - "GET /metrics/ HTTP/1.1" 200 OK
INFO:     127.0.0.1:47320 - "GET /health HTTP/1.1" 200 OK
INFO:     [IP-DISAMARKAN]:42742 - "GET /metrics HTTP/1.1" 307 Temporary Redirect
INFO:     [IP-DISAMARKAN]:42742 - "GET /metrics/ HTTP/1.1" 200 OK
INFO:     [IP-DISAMARKAN]:43068 - "GET /health HTTP/1.1" 200 OK
INFO:     [IP-DISAMARKAN]:55206 - "GET /metrics HTTP/1.1" 307 Temporary Redirect
INFO:     [IP-DISAMARKAN]:55206 - "GET /metrics/ HTTP/1.1" 200 OK
INFO:     127.0.0.1:51668 - "GET /health HTTP/1.1" 200 OK
INFO:     [IP-DISAMARKAN]:37128 - "GET /metrics HTTP/1.1" 307 Temporary Redirect
INFO:     [IP-DISAMARKAN]:37128 - "GET /metrics/ HTTP/1.1" 200 OK
INFO:     [IP-DISAMARKAN]:53788 - "GET /health HTTP/1.1" 200 OK
INFO:     [IP-DISAMARKAN]:59660 - "GET /metrics HTTP/1.1" 307 Temporary Redirect
INFO:     [IP-DISAMARKAN]:59660 - "GET /metrics/ HTTP/1.1" 200 OK
INFO:     127.0.0.1:54254 - "GET /health HTTP/1.1" 200 OK
INFO:     [IP-DISAMARKAN]:60248 - "GET /metrics HTTP/1.1" 307 Temporary Redirect
INFO:     [IP-DISAMARKAN]:60248 - "GET /metrics/ HTTP/1.1" 200 OK
INFO:     [IP-DISAMARKAN]:38600 - "GET /health HTTP/1.1" 200 OK
INFO:     [IP-DISAMARKAN]:52244 - "GET /metrics HTTP/1.1" 307 Temporary Redirect
INFO:     [IP-DISAMARKAN]:52244 - "GET /metrics/ HTTP/1.1" 200 OK
INFO:     127.0.0.1:43038 - "GET /health HTTP/1.1" 200 OK
INFO:     [IP-DISAMARKAN]:48668 - "GET /metrics HTTP/1.1" 307 Temporary Redirect
INFO:     [IP-DISAMARKAN]:48668 - "GET /metrics/ HTTP/1.1" 200 OK
INFO:     [IP-DISAMARKAN]:52542 - "GET /health HTTP/1.1" 200 OK
INFO:     [IP-DISAMARKAN]:49436 - "GET /metrics HTTP/1.1" 307 Temporary Redirect
INFO:     [IP-DISAMARKAN]:49436 - "GET /metrics/ HTTP/1.1" 200 OK
INFO:     127.0.0.1:41486 - "GET /health HTTP/1.1" 200 OK
INFO:     [IP-DISAMARKAN]:36690 - "GET /metrics HTTP/1.1" 307 Temporary Redirect
INFO:     [IP-DISAMARKAN]:36690 - "GET /metrics/ HTTP/1.1" 200 OK
INFO:     [IP-DISAMARKAN]:49716 - "GET /health HTTP/1.1" 200 OK
INFO:     [IP-DISAMARKAN]:60878 - "GET /metrics HTTP/1.1" 307 Temporary Redirect
INFO:     [IP-DISAMARKAN]:60878 - "GET /metrics/ HTTP/1.1" 200 OK
INFO:     127.0.0.1:60402 - "GET /health HTTP/1.1" 200 OK
INFO:     [IP-DISAMARKAN]:59136 - "GET /metrics HTTP/1.1" 307 Temporary Redirect
INFO:     [IP-DISAMARKAN]:59136 - "GET /metrics/ HTTP/1.1" 200 OK
INFO:     [IP-DISAMARKAN]:38316 - "GET /health HTTP/1.1" 200 OK
INFO:     [IP-DISAMARKAN]:54598 - "GET /metrics HTTP/1.1" 307 Temporary Redirect
INFO:     [IP-DISAMARKAN]:54598 - "GET /metrics/ HTTP/1.1" 200 OK
INFO:     127.0.0.1:36462 - "GET /health HTTP/1.1" 200 OK
INFO:     [IP-DISAMARKAN]:47424 - "GET /metrics HTTP/1.1" 307 Temporary Redirect
INFO:     [IP-DISAMARKAN]:47424 - "GET /metrics/ HTTP/1.1" 200 OK
INFO:     [IP-DISAMARKAN]:55524 - "GET /health HTTP/1.1" 200 OK
INFO:     [IP-DISAMARKAN]:42288 - "GET /metrics HTTP/1.1" 307 Temporary Redirect
INFO:     [IP-DISAMARKAN]:42288 - "GET /metrics/ HTTP/1.1" 200 OK
INFO:     127.0.0.1:60370 - "GET /health HTTP/1.1" 200 OK
INFO:     [IP-DISAMARKAN]:56850 - "GET /metrics HTTP/1.1" 307 Temporary Redirect
INFO:     [IP-DISAMARKAN]:56850 - "GET /metrics/ HTTP/1.1" 200 OK
INFO:     [IP-DISAMARKAN]:48764 - "GET /health HTTP/1.1" 200 OK
INFO:     [IP-DISAMARKAN]:51210 - "GET /metrics HTTP/1.1" 307 Temporary Redirect
INFO:     [IP-DISAMARKAN]:51210 - "GET /metrics/ HTTP/1.1" 200 OK
INFO:     127.0.0.1:38704 - "GET /health HTTP/1.1" 200 OK
INFO:     [IP-DISAMARKAN]:39496 - "GET /metrics HTTP/1.1" 307 Temporary Redirect
INFO:     [IP-DISAMARKAN]:39496 - "GET /metrics/ HTTP/1.1" 200 OK
INFO:     [IP-DISAMARKAN]:43500 - "GET /health HTTP/1.1" 200 OK
INFO:     [IP-DISAMARKAN]:34878 - "GET /metrics HTTP/1.1" 307 Temporary Redirect
INFO:     [IP-DISAMARKAN]:34878 - "GET /metrics/ HTTP/1.1" 200 OK
INFO:     127.0.0.1:42370 - "GET /health HTTP/1.1" 200 OK
INFO:     [IP-DISAMARKAN]:39304 - "GET /metrics HTTP/1.1" 307 Temporary Redirect
INFO:     [IP-DISAMARKAN]:39304 - "GET /metrics/ HTTP/1.1" 200 OK
INFO:     [IP-DISAMARKAN]:44522 - "GET /health HTTP/1.1" 200 OK
INFO:     [IP-DISAMARKAN]:35894 - "GET /metrics HTTP/1.1" 307 Temporary Redirect
INFO:     [IP-DISAMARKAN]:35894 - "GET /metrics/ HTTP/1.1" 200 OK
INFO:     127.0.0.1:37068 - "GET /health HTTP/1.1" 200 OK
INFO:     [IP-DISAMARKAN]:33586 - "GET /metrics HTTP/1.1" 307 Temporary Redirect
INFO:     [IP-DISAMARKAN]:33586 - "GET /metrics/ HTTP/1.1" 200 OK
INFO:     [IP-DISAMARKAN]:41832 - "GET /health HTTP/1.1" 200 OK
INFO:     [IP-DISAMARKAN]:44050 - "GET /metrics HTTP/1.1" 307 Temporary Redirect
INFO:     [IP-DISAMARKAN]:44050 - "GET /metrics/ HTTP/1.1" 200 OK
INFO:     127.0.0.1:47836 - "GET /health HTTP/1.1" 200 OK
INFO:     [IP-DISAMARKAN]:37970 - "GET /metrics HTTP/1.1" 307 Temporary Redirect
INFO:     [IP-DISAMARKAN]:37970 - "GET /metrics/ HTTP/1.1" 200 OK
INFO:     [IP-DISAMARKAN]:53398 - "GET /health HTTP/1.1" 200 OK
INFO:     [IP-DISAMARKAN]:48724 - "GET /metrics HTTP/1.1" 307 Temporary Redirect
INFO:     [IP-DISAMARKAN]:48724 - "GET /metrics/ HTTP/1.1" 200 OK
INFO:     127.0.0.1:36384 - "GET /health HTTP/1.1" 200 OK
INFO:     [IP-DISAMARKAN]:52094 - "GET /metrics HTTP/1.1" 307 Temporary Redirect
INFO:     [IP-DISAMARKAN]:52094 - "GET /metrics/ HTTP/1.1" 200 OK
INFO:     [IP-DISAMARKAN]:49698 - "GET /health HTTP/1.1" 200 OK
INFO:     [IP-DISAMARKAN]:44746 - "GET /metrics HTTP/1.1" 307 Temporary Redirect
INFO:     [IP-DISAMARKAN]:44746 - "GET /metrics/ HTTP/1.1" 200 OK
INFO:     127.0.0.1:35480 - "GET /health HTTP/1.1" 200 OK
INFO:     [IP-DISAMARKAN]:34852 - "GET /metrics HTTP/1.1" 307 Temporary Redirect
INFO:     [IP-DISAMARKAN]:34852 - "GET /metrics/ HTTP/1.1" 200 OK
INFO:     [IP-DISAMARKAN]:32898 - "GET /health HTTP/1.1" 200 OK
INFO:     [IP-DISAMARKAN]:42654 - "GET /metrics HTTP/1.1" 307 Temporary Redirect
INFO:     [IP-DISAMARKAN]:42654 - "GET /metrics/ HTTP/1.1" 200 OK
INFO:     127.0.0.1:59606 - "GET /health HTTP/1.1" 200 OK
INFO:     [IP-DISAMARKAN]:51792 - "GET /metrics HTTP/1.1" 307 Temporary Redirect
INFO:     [IP-DISAMARKAN]:51792 - "GET /metrics/ HTTP/1.1" 200 OK
INFO:     [IP-DISAMARKAN]:40298 - "GET /health HTTP/1.1" 200 OK
INFO:     [IP-DISAMARKAN]:34628 - "GET /metrics HTTP/1.1" 307 Temporary Redirect
INFO:     [IP-DISAMARKAN]:34628 - "GET /metrics/ HTTP/1.1" 200 OK
INFO:     127.0.0.1:56658 - "GET /health HTTP/1.1" 200 OK
INFO:     [IP-DISAMARKAN]:54076 - "GET /metrics HTTP/1.1" 307 Temporary Redirect
INFO:     [IP-DISAMARKAN]:54076 - "GET /metrics/ HTTP/1.1" 200 OK
INFO:     [IP-DISAMARKAN]:57684 - "GET /health HTTP/1.1" 200 OK
INFO:     [IP-DISAMARKAN]:34768 - "GET /metrics HTTP/1.1" 307 Temporary Redirect
INFO:     [IP-DISAMARKAN]:34768 - "GET /metrics/ HTTP/1.1" 200 OK
INFO:     127.0.0.1:60746 - "GET /health HTTP/1.1" 200 OK
INFO:     [IP-DISAMARKAN]:39908 - "GET /metrics HTTP/1.1" 307 Temporary Redirect
INFO:     [IP-DISAMARKAN]:39908 - "GET /metrics/ HTTP/1.1" 200 OK
INFO:     [IP-DISAMARKAN]:40970 - "GET /health HTTP/1.1" 200 OK
INFO:     [IP-DISAMARKAN]:47582 - "GET /metrics HTTP/1.1" 307 Temporary Redirect
INFO:     [IP-DISAMARKAN]:47582 - "GET /metrics/ HTTP/1.1" 200 OK
INFO:     127.0.0.1:52860 - "GET /health HTTP/1.1" 200 OK
INFO:     [IP-DISAMARKAN]:56870 - "GET /metrics HTTP/1.1" 307 Temporary Redirect
INFO:     [IP-DISAMARKAN]:56870 - "GET /metrics/ HTTP/1.1" 200 OK
INFO:     [IP-DISAMARKAN]:47674 - "GET /health HTTP/1.1" 200 OK
INFO:     [IP-DISAMARKAN]:42270 - "GET /metrics HTTP/1.1" 307 Temporary Redirect
INFO:     [IP-DISAMARKAN]:42270 - "GET /metrics/ HTTP/1.1" 200 OK
INFO:     127.0.0.1:42692 - "GET /health HTTP/1.1" 200 OK
INFO:     [IP-DISAMARKAN]:41562 - "GET /metrics HTTP/1.1" 307 Temporary Redirect
INFO:     [IP-DISAMARKAN]:41562 - "GET /metrics/ HTTP/1.1" 200 OK
INFO:     [IP-DISAMARKAN]:43848 - "GET /health HTTP/1.1" 200 OK
INFO:     [IP-DISAMARKAN]:43668 - "GET /metrics HTTP/1.1" 307 Temporary Redirect
INFO:     [IP-DISAMARKAN]:43668 - "GET /metrics/ HTTP/1.1" 200 OK
INFO:     127.0.0.1:45996 - "GET /health HTTP/1.1" 200 OK
INFO:     [IP-DISAMARKAN]:44538 - "GET /metrics HTTP/1.1" 307 Temporary Redirect
INFO:     [IP-DISAMARKAN]:44538 - "GET /metrics/ HTTP/1.1" 200 OK
INFO:     [IP-DISAMARKAN]:49974 - "GET /health HTTP/1.1" 200 OK
INFO:     [IP-DISAMARKAN]:44196 - "GET /metrics HTTP/1.1" 307 Temporary Redirect
INFO:     [IP-DISAMARKAN]:44196 - "GET /metrics/ HTTP/1.1" 200 OK
INFO:     127.0.0.1:36274 - "GET /health HTTP/1.1" 200 OK
INFO:     [IP-DISAMARKAN]:33998 - "GET /metrics HTTP/1.1" 307 Temporary Redirect
INFO:     [IP-DISAMARKAN]:33998 - "GET /metrics/ HTTP/1.1" 200 OK
INFO:     [IP-DISAMARKAN]:51444 - "GET /health HTTP/1.1" 200 OK
INFO:     [IP-DISAMARKAN]:59980 - "GET /metrics HTTP/1.1" 307 Temporary Redirect
INFO:     [IP-DISAMARKAN]:59980 - "GET /metrics/ HTTP/1.1" 200 OK
INFO:     127.0.0.1:50676 - "GET /health HTTP/1.1" 200 OK
INFO:     [IP-DISAMARKAN]:33886 - "GET /metrics HTTP/1.1" 307 Temporary Redirect
INFO:     [IP-DISAMARKAN]:33886 - "GET /metrics/ HTTP/1.1" 200 OK
INFO:     [IP-DISAMARKAN]:46138 - "GET /metrics HTTP/1.1" 307 Temporary Redirect
INFO:     [IP-DISAMARKAN]:46138 - "GET /metrics/ HTTP/1.1" 200 OK
INFO:     [IP-DISAMARKAN]:34912 - "GET /health HTTP/1.1" 200 OK
INFO:     127.0.0.1:60286 - "GET /health HTTP/1.1" 200 OK
INFO:     [IP-DISAMARKAN]:38180 - "GET /metrics HTTP/1.1" 307 Temporary Redirect
INFO:     [IP-DISAMARKAN]:38180 - "GET /metrics/ HTTP/1.1" 200 OK
INFO:     [IP-DISAMARKAN]:44562 - "GET /metrics HTTP/1.1" 307 Temporary Redirect
INFO:     [IP-DISAMARKAN]:44562 - "GET /metrics/ HTTP/1.1" 200 OK
INFO:     [IP-DISAMARKAN]:54908 - "GET /health HTTP/1.1" 200 OK
INFO:     127.0.0.1:48938 - "GET /health HTTP/1.1" 200 OK
INFO:     [IP-DISAMARKAN]:59096 - "GET /metrics HTTP/1.1" 307 Temporary Redirect
INFO:     [IP-DISAMARKAN]:59096 - "GET /metrics/ HTTP/1.1" 200 OK
INFO:     [IP-DISAMARKAN]:56642 - "GET /metrics HTTP/1.1" 307 Temporary Redirect
INFO:     [IP-DISAMARKAN]:56642 - "GET /metrics/ HTTP/1.1" 200 OK
INFO:     127.0.0.1:52358 - "GET /health HTTP/1.1" 200 OK
INFO:     [IP-DISAMARKAN]:50216 - "GET /health HTTP/1.1" 200 OK
INFO:     [IP-DISAMARKAN]:41584 - "GET /metrics HTTP/1.1" 307 Temporary Redirect
INFO:     [IP-DISAMARKAN]:41584 - "GET /metrics/ HTTP/1.1" 200 OK
INFO:     [IP-DISAMARKAN]:49792 - "GET /metrics HTTP/1.1" 307 Temporary Redirect
INFO:     [IP-DISAMARKAN]:49792 - "GET /metrics/ HTTP/1.1" 200 OK
INFO:     127.0.0.1:48368 - "GET /health HTTP/1.1" 200 OK
INFO:     [IP-DISAMARKAN]:38182 - "GET /metrics HTTP/1.1" 307 Temporary Redirect
INFO:     [IP-DISAMARKAN]:38182 - "GET /metrics/ HTTP/1.1" 200 OK
INFO:     [IP-DISAMARKAN]:41760 - "GET /health HTTP/1.1" 200 OK
INFO:     [IP-DISAMARKAN]:36944 - "GET /metrics HTTP/1.1" 307 Temporary Redirect
INFO:     [IP-DISAMARKAN]:36944 - "GET /metrics/ HTTP/1.1" 200 OK
INFO:     127.0.0.1:44240 - "GET /health HTTP/1.1" 200 OK
INFO:     [IP-DISAMARKAN]:44974 - "GET /metrics HTTP/1.1" 307 Temporary Redirect
INFO:     [IP-DISAMARKAN]:44974 - "GET /metrics/ HTTP/1.1" 200 OK
INFO:     [IP-DISAMARKAN]:39534 - "GET /health HTTP/1.1" 200 OK
INFO:     [IP-DISAMARKAN]:49826 - "GET /metrics HTTP/1.1" 307 Temporary Redirect
INFO:     [IP-DISAMARKAN]:49826 - "GET /metrics/ HTTP/1.1" 200 OK
INFO:     127.0.0.1:38022 - "GET /health HTTP/1.1" 200 OK
INFO:     [IP-DISAMARKAN]:46910 - "GET /metrics HTTP/1.1" 307 Temporary Redirect
INFO:     [IP-DISAMARKAN]:46910 - "GET /metrics/ HTTP/1.1" 200 OK
INFO:     [IP-DISAMARKAN]:40170 - "GET /health HTTP/1.1" 200 OK
INFO:     [IP-DISAMARKAN]:52470 - "GET /metrics HTTP/1.1" 307 Temporary Redirect
INFO:     [IP-DISAMARKAN]:52470 - "GET /metrics/ HTTP/1.1" 200 OK
INFO:     127.0.0.1:39204 - "GET /health HTTP/1.1" 200 OK
INFO:     [IP-DISAMARKAN]:44828 - "GET /metrics HTTP/1.1" 307 Temporary Redirect
INFO:     [IP-DISAMARKAN]:44828 - "GET /metrics/ HTTP/1.1" 200 OK
INFO:     [IP-DISAMARKAN]:49476 - "GET /metrics HTTP/1.1" 307 Temporary Redirect
INFO:     [IP-DISAMARKAN]:49476 - "GET /metrics/ HTTP/1.1" 200 OK
INFO:     [IP-DISAMARKAN]:50908 - "GET /health HTTP/1.1" 200 OK
INFO:     127.0.0.1:37468 - "GET /health HTTP/1.1" 200 OK
INFO:     [IP-DISAMARKAN]:40546 - "GET /metrics HTTP/1.1" 307 Temporary Redirect
INFO:     [IP-DISAMARKAN]:40546 - "GET /metrics/ HTTP/1.1" 200 OK
INFO:     [IP-DISAMARKAN]:57262 - "GET /metrics HTTP/1.1" 307 Temporary Redirect
INFO:     [IP-DISAMARKAN]:57262 - "GET /metrics/ HTTP/1.1" 200 OK
INFO:     [IP-DISAMARKAN]:33094 - "GET /health HTTP/1.1" 200 OK
INFO:     127.0.0.1:34002 - "GET /health HTTP/1.1" 200 OK
INFO:     [IP-DISAMARKAN]:42232 - "GET /metrics HTTP/1.1" 307 Temporary Redirect
INFO:     [IP-DISAMARKAN]:42232 - "GET /metrics/ HTTP/1.1" 200 OK
INFO:     [IP-DISAMARKAN]:48210 - "GET /metrics HTTP/1.1" 307 Temporary Redirect
INFO:     [IP-DISAMARKAN]:48210 - "GET /metrics/ HTTP/1.1" 200 OK
INFO:     127.0.0.1:33602 - "GET /health HTTP/1.1" 200 OK
INFO:     [IP-DISAMARKAN]:49382 - "GET /health HTTP/1.1" 200 OK
INFO:     [IP-DISAMARKAN]:38456 - "GET /metrics HTTP/1.1" 307 Temporary Redirect
INFO:     [IP-DISAMARKAN]:38456 - "GET /metrics/ HTTP/1.1" 200 OK
INFO:     [IP-DISAMARKAN]:37520 - "GET /metrics HTTP/1.1" 307 Temporary Redirect
INFO:     [IP-DISAMARKAN]:37520 - "GET /metrics/ HTTP/1.1" 200 OK
INFO:     127.0.0.1:43850 - "GET /health HTTP/1.1" 200 OK
INFO:     [IP-DISAMARKAN]:50230 - "GET /metrics HTTP/1.1" 307 Temporary Redirect
INFO:     [IP-DISAMARKAN]:50230 - "GET /metrics/ HTTP/1.1" 200 OK
INFO:     [IP-DISAMARKAN]:49506 - "GET /health HTTP/1.1" 200 OK
INFO:     [IP-DISAMARKAN]:55258 - "GET /metrics HTTP/1.1" 307 Temporary Redirect
INFO:     [IP-DISAMARKAN]:55258 - "GET /metrics/ HTTP/1.1" 200 OK
INFO:     127.0.0.1:41306 - "GET /health HTTP/1.1" 200 OK
INFO:     [IP-DISAMARKAN]:55598 - "GET /metrics HTTP/1.1" 307 Temporary Redirect
INFO:     [IP-DISAMARKAN]:55598 - "GET /metrics/ HTTP/1.1" 200 OK
INFO:     [IP-DISAMARKAN]:33864 - "GET /health HTTP/1.1" 200 OK
INFO:     [IP-DISAMARKAN]:50468 - "GET /metrics HTTP/1.1" 307 Temporary Redirect
INFO:     [IP-DISAMARKAN]:50468 - "GET /metrics/ HTTP/1.1" 200 OK
INFO:     127.0.0.1:35764 - "GET /health HTTP/1.1" 200 OK
INFO:     [IP-DISAMARKAN]:34050 - "GET /metrics HTTP/1.1" 307 Temporary Redirect
INFO:     [IP-DISAMARKAN]:34050 - "GET /metrics/ HTTP/1.1" 200 OK
INFO:     [IP-DISAMARKAN]:54376 - "GET /health HTTP/1.1" 200 OK
INFO:     [IP-DISAMARKAN]:51804 - "GET /metrics HTTP/1.1" 307 Temporary Redirect
INFO:     [IP-DISAMARKAN]:51804 - "GET /metrics/ HTTP/1.1" 200 OK
INFO:     127.0.0.1:35422 - "GET /health HTTP/1.1" 200 OK
INFO:     [IP-DISAMARKAN]:46652 - "GET /metrics HTTP/1.1" 307 Temporary Redirect
INFO:     [IP-DISAMARKAN]:46652 - "GET /metrics/ HTTP/1.1" 200 OK
INFO:     [IP-DISAMARKAN]:60862 - "GET /health HTTP/1.1" 200 OK
INFO:     [IP-DISAMARKAN]:34982 - "GET /metrics HTTP/1.1" 307 Temporary Redirect
INFO:     [IP-DISAMARKAN]:34982 - "GET /metrics/ HTTP/1.1" 200 OK
INFO:     127.0.0.1:54250 - "GET /health HTTP/1.1" 200 OK
INFO:     [IP-DISAMARKAN]:57950 - "GET /metrics HTTP/1.1" 307 Temporary Redirect
INFO:     [IP-DISAMARKAN]:57950 - "GET /metrics/ HTTP/1.1" 200 OK
INFO:     [IP-DISAMARKAN]:53884 - "GET /metrics HTTP/1.1" 307 Temporary Redirect
INFO:     [IP-DISAMARKAN]:53884 - "GET /metrics/ HTTP/1.1" 200 OK
INFO:     [IP-DISAMARKAN]:37388 - "GET /health HTTP/1.1" 200 OK
INFO:     127.0.0.1:43378 - "GET /health HTTP/1.1" 200 OK
INFO:     [IP-DISAMARKAN]:34882 - "GET /metrics HTTP/1.1" 307 Temporary Redirect
INFO:     [IP-DISAMARKAN]:34882 - "GET /metrics/ HTTP/1.1" 200 OK
INFO:     [IP-DISAMARKAN]:47082 - "GET /metrics HTTP/1.1" 307 Temporary Redirect
INFO:     [IP-DISAMARKAN]:47082 - "GET /metrics/ HTTP/1.1" 200 OK
INFO:     [IP-DISAMARKAN]:35040 - "GET /health HTTP/1.1" 200 OK
INFO:     127.0.0.1:48902 - "GET /health HTTP/1.1" 200 OK
INFO:     [IP-DISAMARKAN]:35578 - "GET /metrics HTTP/1.1" 307 Temporary Redirect
INFO:     [IP-DISAMARKAN]:35578 - "GET /metrics/ HTTP/1.1" 200 OK
INFO:     [IP-DISAMARKAN]:53050 - "GET /metrics HTTP/1.1" 307 Temporary Redirect
INFO:     [IP-DISAMARKAN]:53050 - "GET /metrics/ HTTP/1.1" 200 OK
INFO:     [IP-DISAMARKAN]:49780 - "GET /health HTTP/1.1" 200 OK
INFO:     127.0.0.1:60520 - "GET /health HTTP/1.1" 200 OK
INFO:     [IP-DISAMARKAN]:57636 - "GET /metrics HTTP/1.1" 307 Temporary Redirect
INFO:     [IP-DISAMARKAN]:57636 - "GET /metrics/ HTTP/1.1" 200 OK
INFO:     [IP-DISAMARKAN]:51890 - "GET /metrics HTTP/1.1" 307 Temporary Redirect
INFO:     [IP-DISAMARKAN]:51890 - "GET /metrics/ HTTP/1.1" 200 OK
INFO:     [IP-DISAMARKAN]:33156 - "GET /health HTTP/1.1" 200 OK
INFO:     127.0.0.1:49314 - "GET /health HTTP/1.1" 200 OK
INFO:     [IP-DISAMARKAN]:52772 - "GET /metrics HTTP/1.1" 307 Temporary Redirect
INFO:     [IP-DISAMARKAN]:52772 - "GET /metrics/ HTTP/1.1" 200 OK
INFO:     [IP-DISAMARKAN]:42934 - "GET /metrics HTTP/1.1" 307 Temporary Redirect
INFO:     [IP-DISAMARKAN]:42934 - "GET /metrics/ HTTP/1.1" 200 OK
INFO:     [IP-DISAMARKAN]:53370 - "GET /health HTTP/1.1" 200 OK
INFO:     127.0.0.1:34842 - "GET /health HTTP/1.1" 200 OK
INFO:     [IP-DISAMARKAN]:35500 - "GET /metrics HTTP/1.1" 307 Temporary Redirect
INFO:     [IP-DISAMARKAN]:35500 - "GET /metrics/ HTTP/1.1" 200 OK
INFO:     [IP-DISAMARKAN]:49852 - "GET /metrics HTTP/1.1" 307 Temporary Redirect
INFO:     [IP-DISAMARKAN]:49852 - "GET /metrics/ HTTP/1.1" 200 OK
INFO:     [IP-DISAMARKAN]:34908 - "GET /health HTTP/1.1" 200 OK
INFO:     127.0.0.1:54740 - "GET /health HTTP/1.1" 200 OK
INFO:     [IP-DISAMARKAN]:34608 - "GET /metrics HTTP/1.1" 307 Temporary Redirect
INFO:     [IP-DISAMARKAN]:34608 - "GET /metrics/ HTTP/1.1" 200 OK
INFO:     [IP-DISAMARKAN]:46434 - "GET /metrics HTTP/1.1" 307 Temporary Redirect
INFO:     [IP-DISAMARKAN]:46434 - "GET /metrics/ HTTP/1.1" 200 OK
INFO:     [IP-DISAMARKAN]:35896 - "GET /health HTTP/1.1" 200 OK
INFO:     127.0.0.1:39052 - "GET /health HTTP/1.1" 200 OK
INFO:     [IP-DISAMARKAN]:38780 - "GET /metrics HTTP/1.1" 307 Temporary Redirect
INFO:     [IP-DISAMARKAN]:38780 - "GET /metrics/ HTTP/1.1" 200 OK
INFO:     [IP-DISAMARKAN]:36906 - "GET /metrics HTTP/1.1" 307 Temporary Redirect
INFO:     [IP-DISAMARKAN]:36906 - "GET /metrics/ HTTP/1.1" 200 OK
INFO:     [IP-DISAMARKAN]:36872 - "GET /health HTTP/1.1" 200 OK
INFO:     127.0.0.1:54142 - "GET /health HTTP/1.1" 200 OK
INFO:     [IP-DISAMARKAN]:57780 - "GET /metrics HTTP/1.1" 307 Temporary Redirect
INFO:     [IP-DISAMARKAN]:57780 - "GET /metrics/ HTTP/1.1" 200 OK
INFO:     [IP-DISAMARKAN]:33962 - "GET /metrics HTTP/1.1" 307 Temporary Redirect
INFO:     [IP-DISAMARKAN]:33962 - "GET /metrics/ HTTP/1.1" 200 OK
INFO:     [IP-DISAMARKAN]:49188 - "GET /health HTTP/1.1" 200 OK
INFO:     127.0.0.1:52858 - "GET /health HTTP/1.1" 200 OK
INFO:     [IP-DISAMARKAN]:56466 - "GET /metrics HTTP/1.1" 307 Temporary Redirect
INFO:     [IP-DISAMARKAN]:56466 - "GET /metrics/ HTTP/1.1" 200 OK
INFO:     [IP-DISAMARKAN]:49726 - "GET /metrics HTTP/1.1" 307 Temporary Redirect
INFO:     [IP-DISAMARKAN]:49726 - "GET /metrics/ HTTP/1.1" 200 OK
INFO:     [IP-DISAMARKAN]:50172 - "GET /health HTTP/1.1" 200 OK
INFO:     127.0.0.1:49336 - "GET /health HTTP/1.1" 200 OK
INFO:     [IP-DISAMARKAN]:53980 - "GET /metrics HTTP/1.1" 307 Temporary Redirect
INFO:     [IP-DISAMARKAN]:53980 - "GET /metrics/ HTTP/1.1" 200 OK
INFO:     [IP-DISAMARKAN]:57872 - "GET /metrics HTTP/1.1" 307 Temporary Redirect
INFO:     [IP-DISAMARKAN]:57872 - "GET /metrics/ HTTP/1.1" 200 OK
INFO:     [IP-DISAMARKAN]:37456 - "GET /health HTTP/1.1" 200 OK
INFO:     127.0.0.1:43076 - "GET /health HTTP/1.1" 200 OK
INFO:     [IP-DISAMARKAN]:50824 - "GET /metrics HTTP/1.1" 307 Temporary Redirect
INFO:     [IP-DISAMARKAN]:50824 - "GET /metrics/ HTTP/1.1" 200 OK
INFO:     [IP-DISAMARKAN]:40598 - "GET /metrics HTTP/1.1" 307 Temporary Redirect
INFO:     [IP-DISAMARKAN]:40598 - "GET /metrics/ HTTP/1.1" 200 OK
INFO:     [IP-DISAMARKAN]:47084 - "GET /health HTTP/1.1" 200 OK
INFO:     127.0.0.1:41158 - "GET /health HTTP/1.1" 200 OK
INFO:     [IP-DISAMARKAN]:50650 - "GET /metrics HTTP/1.1" 307 Temporary Redirect
INFO:     [IP-DISAMARKAN]:50650 - "GET /metrics/ HTTP/1.1" 200 OK
INFO:     [IP-DISAMARKAN]:39372 - "GET /metrics HTTP/1.1" 307 Temporary Redirect
INFO:     [IP-DISAMARKAN]:39372 - "GET /metrics/ HTTP/1.1" 200 OK
INFO:     [IP-DISAMARKAN]:42356 - "GET /health HTTP/1.1" 200 OK
INFO:     127.0.0.1:53508 - "GET /health HTTP/1.1" 200 OK
INFO:     [IP-DISAMARKAN]:51860 - "GET /metrics HTTP/1.1" 307 Temporary Redirect
INFO:     [IP-DISAMARKAN]:51860 - "GET /metrics/ HTTP/1.1" 200 OK
INFO:     [IP-DISAMARKAN]:56000 - "GET /metrics HTTP/1.1" 307 Temporary Redirect
INFO:     [IP-DISAMARKAN]:56000 - "GET /metrics/ HTTP/1.1" 200 OK
INFO:     [IP-DISAMARKAN]:47828 - "GET /health HTTP/1.1" 200 OK
INFO:     127.0.0.1:52600 - "GET /health HTTP/1.1" 200 OK
INFO:     [IP-DISAMARKAN]:42556 - "GET /metrics HTTP/1.1" 307 Temporary Redirect
INFO:     [IP-DISAMARKAN]:42556 - "GET /metrics/ HTTP/1.1" 200 OK
INFO:     [IP-DISAMARKAN]:32842 - "GET /metrics HTTP/1.1" 307 Temporary Redirect
INFO:     [IP-DISAMARKAN]:32842 - "GET /metrics/ HTTP/1.1" 200 OK
INFO:     [IP-DISAMARKAN]:40416 - "GET /health HTTP/1.1" 200 OK
INFO:     127.0.0.1:43208 - "GET /health HTTP/1.1" 200 OK
INFO:     [IP-DISAMARKAN]:59706 - "GET /metrics HTTP/1.1" 307 Temporary Redirect
INFO:     [IP-DISAMARKAN]:59706 - "GET /metrics/ HTTP/1.1" 200 OK
INFO:     [IP-DISAMARKAN]:54782 - "GET /metrics HTTP/1.1" 307 Temporary Redirect
INFO:     [IP-DISAMARKAN]:54782 - "GET /metrics/ HTTP/1.1" 200 OK
INFO:     [IP-DISAMARKAN]:60184 - "GET /health HTTP/1.1" 200 OK
INFO:     127.0.0.1:37548 - "GET /health HTTP/1.1" 200 OK
INFO:     [IP-DISAMARKAN]:44898 - "GET /metrics HTTP/1.1" 307 Temporary Redirect
INFO:     [IP-DISAMARKAN]:44898 - "GET /metrics/ HTTP/1.1" 200 OK
INFO:     [IP-DISAMARKAN]:50580 - "GET /health HTTP/1.1" 200 OK
INFO:     [IP-DISAMARKAN]:43158 - "GET /metrics HTTP/1.1" 307 Temporary Redirect
INFO:     [IP-DISAMARKAN]:43158 - "GET /metrics/ HTTP/1.1" 200 OK
INFO:     127.0.0.1:57688 - "GET /health HTTP/1.1" 200 OK
INFO:     [IP-DISAMARKAN]:50442 - "GET /metrics HTTP/1.1" 307 Temporary Redirect
INFO:     [IP-DISAMARKAN]:50442 - "GET /metrics/ HTTP/1.1" 200 OK
INFO:     [IP-DISAMARKAN]:38790 - "GET /health HTTP/1.1" 200 OK
INFO:     [IP-DISAMARKAN]:50620 - "GET /metrics HTTP/1.1" 307 Temporary Redirect
INFO:     [IP-DISAMARKAN]:50620 - "GET /metrics/ HTTP/1.1" 200 OK
INFO:     127.0.0.1:34096 - "GET /health HTTP/1.1" 200 OK
INFO:     [IP-DISAMARKAN]:50012 - "GET /metrics HTTP/1.1" 307 Temporary Redirect
INFO:     [IP-DISAMARKAN]:50012 - "GET /metrics/ HTTP/1.1" 200 OK
INFO:     [IP-DISAMARKAN]:56496 - "GET /health HTTP/1.1" 200 OK
INFO:     [IP-DISAMARKAN]:59406 - "GET /metrics HTTP/1.1" 307 Temporary Redirect
INFO:     [IP-DISAMARKAN]:59406 - "GET /metrics/ HTTP/1.1" 200 OK
INFO:     127.0.0.1:45856 - "GET /health HTTP/1.1" 200 OK
INFO:     [IP-DISAMARKAN]:45006 - "GET /metrics HTTP/1.1" 307 Temporary Redirect
INFO:     [IP-DISAMARKAN]:45006 - "GET /metrics/ HTTP/1.1" 200 OK
INFO:     [IP-DISAMARKAN]:37408 - "GET /health HTTP/1.1" 200 OK
INFO:     [IP-DISAMARKAN]:49968 - "GET /metrics HTTP/1.1" 307 Temporary Redirect
INFO:     [IP-DISAMARKAN]:49968 - "GET /metrics/ HTTP/1.1" 200 OK
INFO:     127.0.0.1:56540 - "GET /health HTTP/1.1" 200 OK
INFO:     [IP-DISAMARKAN]:38592 - "GET /metrics HTTP/1.1" 307 Temporary Redirect
INFO:     [IP-DISAMARKAN]:38592 - "GET /metrics/ HTTP/1.1" 200 OK
INFO:     [IP-DISAMARKAN]:49502 - "GET /health HTTP/1.1" 200 OK
INFO:     [IP-DISAMARKAN]:41116 - "GET /metrics HTTP/1.1" 307 Temporary Redirect
INFO:     [IP-DISAMARKAN]:41116 - "GET /metrics/ HTTP/1.1" 200 OK
INFO:     127.0.0.1:41008 - "GET /health HTTP/1.1" 200 OK
INFO:     [IP-DISAMARKAN]:47956 - "GET /metrics HTTP/1.1" 307 Temporary Redirect
INFO:     [IP-DISAMARKAN]:47956 - "GET /metrics/ HTTP/1.1" 200 OK
INFO:     [IP-DISAMARKAN]:48826 - "GET /metrics HTTP/1.1" 307 Temporary Redirect
INFO:     [IP-DISAMARKAN]:48826 - "GET /metrics/ HTTP/1.1" 200 OK
INFO:     [IP-DISAMARKAN]:45340 - "GET /health HTTP/1.1" 200 OK
INFO:     127.0.0.1:44856 - "GET /health HTTP/1.1" 200 OK
INFO:     [IP-DISAMARKAN]:49568 - "GET /metrics HTTP/1.1" 307 Temporary Redirect
INFO:     [IP-DISAMARKAN]:49568 - "GET /metrics/ HTTP/1.1" 200 OK
INFO:     [IP-DISAMARKAN]:60818 - "GET /metrics HTTP/1.1" 307 Temporary Redirect
INFO:     [IP-DISAMARKAN]:60818 - "GET /metrics/ HTTP/1.1" 200 OK
INFO:     [IP-DISAMARKAN]:60572 - "GET /health HTTP/1.1" 200 OK
INFO:     127.0.0.1:54454 - "GET /health HTTP/1.1" 200 OK
INFO:     [IP-DISAMARKAN]:59538 - "GET /metrics HTTP/1.1" 307 Temporary Redirect
INFO:     [IP-DISAMARKAN]:59538 - "GET /metrics/ HTTP/1.1" 200 OK
INFO:     [IP-DISAMARKAN]:45420 - "GET /metrics HTTP/1.1" 307 Temporary Redirect
INFO:     [IP-DISAMARKAN]:45420 - "GET /metrics/ HTTP/1.1" 200 OK
INFO:     127.0.0.1:47958 - "GET /health HTTP/1.1" 200 OK
INFO:     [IP-DISAMARKAN]:52208 - "GET /health HTTP/1.1" 200 OK
INFO:     [IP-DISAMARKAN]:41784 - "GET /metrics HTTP/1.1" 307 Temporary Redirect
INFO:     [IP-DISAMARKAN]:41784 - "GET /metrics/ HTTP/1.1" 200 OK
INFO:     [IP-DISAMARKAN]:44346 - "GET /metrics HTTP/1.1" 307 Temporary Redirect
INFO:     [IP-DISAMARKAN]:44346 - "GET /metrics/ HTTP/1.1" 200 OK
INFO:     127.0.0.1:58756 - "GET /health HTTP/1.1" 200 OK
INFO:     [IP-DISAMARKAN]:34796 - "GET /metrics HTTP/1.1" 307 Temporary Redirect
INFO:     [IP-DISAMARKAN]:34796 - "GET /metrics/ HTTP/1.1" 200 OK
INFO:     [IP-DISAMARKAN]:46292 - "GET /health HTTP/1.1" 200 OK
INFO:     [IP-DISAMARKAN]:56662 - "GET /metrics HTTP/1.1" 307 Temporary Redirect
INFO:     [IP-DISAMARKAN]:56662 - "GET /metrics/ HTTP/1.1" 200 OK
INFO:     127.0.0.1:57964 - "GET /health HTTP/1.1" 200 OK
INFO:     [IP-DISAMARKAN]:59162 - "GET /metrics HTTP/1.1" 307 Temporary Redirect
INFO:     [IP-DISAMARKAN]:59162 - "GET /metrics/ HTTP/1.1" 200 OK
INFO:     [IP-DISAMARKAN]:51510 - "GET /health HTTP/1.1" 200 OK
INFO:     [IP-DISAMARKAN]:51482 - "GET /metrics HTTP/1.1" 307 Temporary Redirect
INFO:     [IP-DISAMARKAN]:51482 - "GET /metrics/ HTTP/1.1" 200 OK
INFO:     127.0.0.1:39160 - "GET /health HTTP/1.1" 200 OK
INFO:     [IP-DISAMARKAN]:51354 - "GET /metrics HTTP/1.1" 307 Temporary Redirect
INFO:     [IP-DISAMARKAN]:51354 - "GET /metrics/ HTTP/1.1" 200 OK
INFO:     [IP-DISAMARKAN]:58352 - "GET /health HTTP/1.1" 200 OK
INFO:     [IP-DISAMARKAN]:40704 - "GET /metrics HTTP/1.1" 307 Temporary Redirect
INFO:     [IP-DISAMARKAN]:40704 - "GET /metrics/ HTTP/1.1" 200 OK
INFO:     127.0.0.1:36052 - "GET /health HTTP/1.1" 200 OK
INFO:     [IP-DISAMARKAN]:49286 - "GET /metrics HTTP/1.1" 307 Temporary Redirect
INFO:     [IP-DISAMARKAN]:49286 - "GET /metrics/ HTTP/1.1" 200 OK
INFO:     [IP-DISAMARKAN]:39972 - "GET /metrics HTTP/1.1" 307 Temporary Redirect
INFO:     [IP-DISAMARKAN]:39972 - "GET /metrics/ HTTP/1.1" 200 OK
INFO:     [IP-DISAMARKAN]:33116 - "GET /health HTTP/1.1" 200 OK
INFO:     127.0.0.1:57734 - "GET /health HTTP/1.1" 200 OK
INFO:     [IP-DISAMARKAN]:54700 - "GET /metrics HTTP/1.1" 307 Temporary Redirect
INFO:     [IP-DISAMARKAN]:54700 - "GET /metrics/ HTTP/1.1" 200 OK
INFO:     [IP-DISAMARKAN]:56192 - "GET /metrics HTTP/1.1" 307 Temporary Redirect
INFO:     [IP-DISAMARKAN]:56192 - "GET /metrics/ HTTP/1.1" 200 OK
INFO:     [IP-DISAMARKAN]:42928 - "GET /health HTTP/1.1" 200 OK
INFO:     127.0.0.1:54438 - "GET /health HTTP/1.1" 200 OK
INFO:     [IP-DISAMARKAN]:46544 - "GET /metrics HTTP/1.1" 307 Temporary Redirect
INFO:     [IP-DISAMARKAN]:46544 - "GET /metrics/ HTTP/1.1" 200 OK
INFO:     [IP-DISAMARKAN]:59418 - "GET /metrics HTTP/1.1" 307 Temporary Redirect
INFO:     [IP-DISAMARKAN]:59418 - "GET /metrics/ HTTP/1.1" 200 OK
INFO:     [IP-DISAMARKAN]:38700 - "GET /health HTTP/1.1" 200 OK
INFO:     127.0.0.1:46470 - "GET /health HTTP/1.1" 200 OK
INFO:     [IP-DISAMARKAN]:44182 - "GET /metrics HTTP/1.1" 307 Temporary Redirect
INFO:     [IP-DISAMARKAN]:44182 - "GET /metrics/ HTTP/1.1" 200 OK
INFO:     [IP-DISAMARKAN]:45792 - "GET /metrics HTTP/1.1" 307 Temporary Redirect
INFO:     [IP-DISAMARKAN]:45792 - "GET /metrics/ HTTP/1.1" 200 OK
INFO:     127.0.0.1:35918 - "GET /health HTTP/1.1" 200 OK
INFO:     [IP-DISAMARKAN]:44564 - "GET /metrics HTTP/1.1" 307 Temporary Redirect
INFO:     [IP-DISAMARKAN]:44564 - "GET /metrics/ HTTP/1.1" 200 OK
INFO:     [IP-DISAMARKAN]:43816 - "GET /health HTTP/1.1" 200 OK
INFO:     [IP-DISAMARKAN]:56120 - "GET /metrics HTTP/1.1" 307 Temporary Redirect
INFO:     [IP-DISAMARKAN]:56120 - "GET /metrics/ HTTP/1.1" 200 OK
INFO:     127.0.0.1:60726 - "GET /health HTTP/1.1" 200 OK
INFO:     [IP-DISAMARKAN]:36274 - "GET /metrics HTTP/1.1" 307 Temporary Redirect
INFO:     [IP-DISAMARKAN]:36274 - "GET /metrics/ HTTP/1.1" 200 OK
INFO:     [IP-DISAMARKAN]:39352 - "GET /health HTTP/1.1" 200 OK
INFO:     [IP-DISAMARKAN]:41080 - "GET /metrics HTTP/1.1" 307 Temporary Redirect
INFO:     [IP-DISAMARKAN]:41080 - "GET /metrics/ HTTP/1.1" 200 OK
INFO:     127.0.0.1:42810 - "GET /health HTTP/1.1" 200 OK
INFO:     [IP-DISAMARKAN]:55758 - "GET /metrics HTTP/1.1" 307 Temporary Redirect
INFO:     [IP-DISAMARKAN]:55758 - "GET /metrics/ HTTP/1.1" 200 OK
INFO:     [IP-DISAMARKAN]:37806 - "GET /health HTTP/1.1" 200 OK
INFO:     [IP-DISAMARKAN]:52618 - "GET /metrics HTTP/1.1" 307 Temporary Redirect
INFO:     [IP-DISAMARKAN]:52618 - "GET /metrics/ HTTP/1.1" 200 OK
INFO:     127.0.0.1:45824 - "GET /health HTTP/1.1" 200 OK
INFO:     [IP-DISAMARKAN]:33134 - "GET /metrics HTTP/1.1" 307 Temporary Redirect
INFO:     [IP-DISAMARKAN]:33134 - "GET /metrics/ HTTP/1.1" 200 OK
INFO:     [IP-DISAMARKAN]:44336 - "GET /metrics HTTP/1.1" 307 Temporary Redirect
INFO:     [IP-DISAMARKAN]:44336 - "GET /metrics/ HTTP/1.1" 200 OK
INFO:     [IP-DISAMARKAN]:60930 - "GET /health HTTP/1.1" 200 OK
INFO:     127.0.0.1:60220 - "GET /health HTTP/1.1" 200 OK
INFO:     [IP-DISAMARKAN]:51874 - "GET /metrics HTTP/1.1" 307 Temporary Redirect
INFO:     [IP-DISAMARKAN]:51874 - "GET /metrics/ HTTP/1.1" 200 OK
INFO:     [IP-DISAMARKAN]:46356 - "GET /metrics HTTP/1.1" 307 Temporary Redirect
INFO:     [IP-DISAMARKAN]:46356 - "GET /metrics/ HTTP/1.1" 200 OK
INFO:     [IP-DISAMARKAN]:55066 - "GET /health HTTP/1.1" 200 OK
INFO:     127.0.0.1:35980 - "GET /health HTTP/1.1" 200 OK
INFO:     [IP-DISAMARKAN]:44906 - "GET /metrics HTTP/1.1" 307 Temporary Redirect
INFO:     [IP-DISAMARKAN]:44906 - "GET /metrics/ HTTP/1.1" 200 OK
INFO:     [IP-DISAMARKAN]:59800 - "GET /metrics HTTP/1.1" 307 Temporary Redirect
INFO:     [IP-DISAMARKAN]:59800 - "GET /metrics/ HTTP/1.1" 200 OK
INFO:     [IP-DISAMARKAN]:35040 - "GET /health HTTP/1.1" 200 OK
INFO:     127.0.0.1:58432 - "GET /health HTTP/1.1" 200 OK
INFO:     [IP-DISAMARKAN]:50574 - "GET /metrics HTTP/1.1" 307 Temporary Redirect
INFO:     [IP-DISAMARKAN]:50574 - "GET /metrics/ HTTP/1.1" 200 OK
INFO:     [IP-DISAMARKAN]:42512 - "GET /metrics HTTP/1.1" 307 Temporary Redirect
INFO:     [IP-DISAMARKAN]:42512 - "GET /metrics/ HTTP/1.1" 200 OK
INFO:     [IP-DISAMARKAN]:42018 - "GET /health HTTP/1.1" 200 OK
INFO:     127.0.0.1:47784 - "GET /health HTTP/1.1" 200 OK
INFO:     [IP-DISAMARKAN]:36722 - "GET /metrics HTTP/1.1" 307 Temporary Redirect
INFO:     [IP-DISAMARKAN]:36722 - "GET /metrics/ HTTP/1.1" 200 OK
INFO:     [IP-DISAMARKAN]:56158 - "GET /metrics HTTP/1.1" 307 Temporary Redirect
INFO:     [IP-DISAMARKAN]:56158 - "GET /metrics/ HTTP/1.1" 200 OK
INFO:     [IP-DISAMARKAN]:38874 - "GET /health HTTP/1.1" 200 OK
INFO:     127.0.0.1:38564 - "GET /health HTTP/1.1" 200 OK
INFO:     [IP-DISAMARKAN]:52964 - "GET /metrics HTTP/1.1" 307 Temporary Redirect
INFO:     [IP-DISAMARKAN]:52964 - "GET /metrics/ HTTP/1.1" 200 OK