1782682234 container exec_create: redis-cli ping 394562a6d02880fcf8b0c1db2385e6ac6cfa108ab28e1326eaab532cc2f30ee0
1782682234 container exec_start: redis-cli ping 394562a6d02880fcf8b0c1db2385e6ac6cfa108ab28e1326eaab532cc2f30ee0
1782682234 container exec_die 394562a6d02880fcf8b0c1db2385e6ac6cfa108ab28e1326eaab532cc2f30ee0
1782682235 container exec_create: python3 -c import urllib.request; urllib.request.urlopen('http://localhost:8003/health') 2478766b4253cf506053e9e67d999adc0b10089285be055c17841430e1e895a7
1782682235 container exec_start: python3 -c import urllib.request; urllib.request.urlopen('http://localhost:8003/health') 2478766b4253cf506053e9e67d999adc0b10089285be055c17841430e1e895a7
1782682235 container exec_die 2478766b4253cf506053e9e67d999adc0b10089285be055c17841430e1e895a7
1782682243 container exec_create: /bin/sh -c pg_isready -U postgres -d temandifa 1ec194d5b8020f6269174c22f5f0ad237397ab2c31b86dc2c395f92fda15c1f4
1782682243 container exec_start: /bin/sh -c pg_isready -U postgres -d temandifa 1ec194d5b8020f6269174c22f5f0ad237397ab2c31b86dc2c395f92fda15c1f4
1782682243 container exec_die 1ec194d5b8020f6269174c22f5f0ad237397ab2c31b86dc2c395f92fda15c1f4
1782682244 container exec_create: redis-cli ping 394562a6d02880fcf8b0c1db2385e6ac6cfa108ab28e1326eaab532cc2f30ee0
1782682244 container exec_start: redis-cli ping 394562a6d02880fcf8b0c1db2385e6ac6cfa108ab28e1326eaab532cc2f30ee0
1782682244 container exec_die 394562a6d02880fcf8b0c1db2385e6ac6cfa108ab28e1326eaab532cc2f30ee0
1782682253 container exec_create: /bin/sh -c pg_isready -U postgres -d temandifa 1ec194d5b8020f6269174c22f5f0ad237397ab2c31b86dc2c395f92fda15c1f4
1782682253 container exec_start: /bin/sh -c pg_isready -U postgres -d temandifa 1ec194d5b8020f6269174c22f5f0ad237397ab2c31b86dc2c395f92fda15c1f4
1782682253 container exec_die 1ec194d5b8020f6269174c22f5f0ad237397ab2c31b86dc2c395f92fda15c1f4
1782682254 container exec_create: redis-cli ping 394562a6d02880fcf8b0c1db2385e6ac6cfa108ab28e1326eaab532cc2f30ee0
1782682254 container exec_start: redis-cli ping 394562a6d02880fcf8b0c1db2385e6ac6cfa108ab28e1326eaab532cc2f30ee0
1782682254 container exec_die 394562a6d02880fcf8b0c1db2385e6ac6cfa108ab28e1326eaab532cc2f30ee0
1782682258 container exec_create: /bin/sh -c wget --no-verbose --tries=1 --spider http://localhost:8080/api/v1/health || exit 1 5e0ac5eef8b3c590ec7990aef2bb4733558dd460d4608342000f3536a1314be4
1782682258 container exec_start: /bin/sh -c wget --no-verbose --tries=1 --spider http://localhost:8080/api/v1/health || exit 1 5e0ac5eef8b3c590ec7990aef2bb4733558dd460d4608342000f3536a1314be4
1782682261 container exec_create: python3 -c import urllib.request; urllib.request.urlopen('http://localhost:8002/health') 93d0e2d4690b75fb85813ecff20d28a949420e31b63e735f8f023909e7f7c770
1782682261 container exec_start: python3 -c import urllib.request; urllib.request.urlopen('http://localhost:8002/health') 93d0e2d4690b75fb85813ecff20d28a949420e31b63e735f8f023909e7f7c770
1782682262 container exec_die 93d0e2d4690b75fb85813ecff20d28a949420e31b63e735f8f023909e7f7c770
1782682262 container exec_create: python3 -c import urllib.request; urllib.request.urlopen('http://localhost:8001/health') 1f0bb9cdfe4b69b085e665dc99bd9d1e392f9a0dd455be24dbf590f611008ce4
1782682262 container exec_start: python3 -c import urllib.request; urllib.request.urlopen('http://localhost:8001/health') 1f0bb9cdfe4b69b085e665dc99bd9d1e392f9a0dd455be24dbf590f611008ce4
1782682262 container exec_die 1f0bb9cdfe4b69b085e665dc99bd9d1e392f9a0dd455be24dbf590f611008ce4
1782682263 container exec_create: /bin/sh -c pg_isready -U postgres -d temandifa 1ec194d5b8020f6269174c22f5f0ad237397ab2c31b86dc2c395f92fda15c1f4
1782682263 container exec_start: /bin/sh -c pg_isready -U postgres -d temandifa 1ec194d5b8020f6269174c22f5f0ad237397ab2c31b86dc2c395f92fda15c1f4
1782682263 container exec_die 1ec194d5b8020f6269174c22f5f0ad237397ab2c31b86dc2c395f92fda15c1f4
1782682263 container exec_die 5e0ac5eef8b3c590ec7990aef2bb4733558dd460d4608342000f3536a1314be4
1782682264 container exec_create: redis-cli ping 394562a6d02880fcf8b0c1db2385e6ac6cfa108ab28e1326eaab532cc2f30ee0
1782682264 container exec_start: redis-cli ping 394562a6d02880fcf8b0c1db2385e6ac6cfa108ab28e1326eaab532cc2f30ee0
1782682264 container exec_die 394562a6d02880fcf8b0c1db2385e6ac6cfa108ab28e1326eaab532cc2f30ee0
1782682265 container exec_create: python3 -c import urllib.request; urllib.request.urlopen('http://localhost:8003/health') 2478766b4253cf506053e9e67d999adc0b10089285be055c17841430e1e895a7
1782682265 container exec_start: python3 -c import urllib.request; urllib.request.urlopen('http://localhost:8003/health') 2478766b4253cf506053e9e67d999adc0b10089285be055c17841430e1e895a7
1782682266 container exec_die 2478766b4253cf506053e9e67d999adc0b10089285be055c17841430e1e895a7
1782682273 container exec_create: /bin/sh -c pg_isready -U postgres -d temandifa 1ec194d5b8020f6269174c22f5f0ad237397ab2c31b86dc2c395f92fda15c1f4
1782682273 container exec_start: /bin/sh -c pg_isready -U postgres -d temandifa 1ec194d5b8020f6269174c22f5f0ad237397ab2c31b86dc2c395f92fda15c1f4
1782682273 container exec_die 1ec194d5b8020f6269174c22f5f0ad237397ab2c31b86dc2c395f92fda15c1f4
1782682274 container exec_create: redis-cli ping 394562a6d02880fcf8b0c1db2385e6ac6cfa108ab28e1326eaab532cc2f30ee0
1782682274 container exec_start: redis-cli ping 394562a6d02880fcf8b0c1db2385e6ac6cfa108ab28e1326eaab532cc2f30ee0
1782682274 container exec_die 394562a6d02880fcf8b0c1db2385e6ac6cfa108ab28e1326eaab532cc2f30ee0
1782682283 container exec_create: /bin/sh -c pg_isready -U postgres -d temandifa 1ec194d5b8020f6269174c22f5f0ad237397ab2c31b86dc2c395f92fda15c1f4
1782682283 container exec_start: /bin/sh -c pg_isready -U postgres -d temandifa 1ec194d5b8020f6269174c22f5f0ad237397ab2c31b86dc2c395f92fda15c1f4
1782682283 container exec_die 1ec194d5b8020f6269174c22f5f0ad237397ab2c31b86dc2c395f92fda15c1f4
1782682284 container exec_create: redis-cli ping 394562a6d02880fcf8b0c1db2385e6ac6cfa108ab28e1326eaab532cc2f30ee0
1782682284 container exec_start: redis-cli ping 394562a6d02880fcf8b0c1db2385e6ac6cfa108ab28e1326eaab532cc2f30ee0
1782682284 container exec_die 394562a6d02880fcf8b0c1db2385e6ac6cfa108ab28e1326eaab532cc2f30ee0
1782682292 container exec_create: python3 -c import urllib.request; urllib.request.urlopen('http://localhost:8002/health') 93d0e2d4690b75fb85813ecff20d28a949420e31b63e735f8f023909e7f7c770
1782682292 container exec_start: python3 -c import urllib.request; urllib.request.urlopen('http://localhost:8002/health') 93d0e2d4690b75fb85813ecff20d28a949420e31b63e735f8f023909e7f7c770
1782682292 container exec_die 93d0e2d4690b75fb85813ecff20d28a949420e31b63e735f8f023909e7f7c770
1782682292 container exec_create: python3 -c import urllib.request; urllib.request.urlopen('http://localhost:8001/health') 1f0bb9cdfe4b69b085e665dc99bd9d1e392f9a0dd455be24dbf590f611008ce4
1782682292 container exec_start: python3 -c import urllib.request; urllib.request.urlopen('http://localhost:8001/health') 1f0bb9cdfe4b69b085e665dc99bd9d1e392f9a0dd455be24dbf590f611008ce4
1782682292 container exec_die 1f0bb9cdfe4b69b085e665dc99bd9d1e392f9a0dd455be24dbf590f611008ce4
1782682293 container exec_create: /bin/sh -c wget --no-verbose --tries=1 --spider http://localhost:8080/api/v1/health || exit 1 5e0ac5eef8b3c590ec7990aef2bb4733558dd460d4608342000f3536a1314be4
1782682293 container exec_start: /bin/sh -c wget --no-verbose --tries=1 --spider http://localhost:8080/api/v1/health || exit 1 5e0ac5eef8b3c590ec7990aef2bb4733558dd460d4608342000f3536a1314be4
1782682293 container exec_create: /bin/sh -c pg_isready -U postgres -d temandifa 1ec194d5b8020f6269174c22f5f0ad237397ab2c31b86dc2c395f92fda15c1f4
1782682293 container exec_start: /bin/sh -c pg_isready -U postgres -d temandifa 1ec194d5b8020f6269174c22f5f0ad237397ab2c31b86dc2c395f92fda15c1f4
1782682294 container exec_die 1ec194d5b8020f6269174c22f5f0ad237397ab2c31b86dc2c395f92fda15c1f4
1782682294 container exec_create: redis-cli ping 394562a6d02880fcf8b0c1db2385e6ac6cfa108ab28e1326eaab532cc2f30ee0
1782682294 container exec_start: redis-cli ping 394562a6d02880fcf8b0c1db2385e6ac6cfa108ab28e1326eaab532cc2f30ee0
1782682294 container exec_die 394562a6d02880fcf8b0c1db2385e6ac6cfa108ab28e1326eaab532cc2f30ee0
1782682296 container exec_create: python3 -c import urllib.request; urllib.request.urlopen('http://localhost:8003/health') 2478766b4253cf506053e9e67d999adc0b10089285be055c17841430e1e895a7
1782682296 container exec_start: python3 -c import urllib.request; urllib.request.urlopen('http://localhost:8003/health') 2478766b4253cf506053e9e67d999adc0b10089285be055c17841430e1e895a7
1782682297 container exec_die 2478766b4253cf506053e9e67d999adc0b10089285be055c17841430e1e895a7
1782682299 container exec_die 5e0ac5eef8b3c590ec7990aef2bb4733558dd460d4608342000f3536a1314be4
1782682304 container exec_create: /bin/sh -c pg_isready -U postgres -d temandifa 1ec194d5b8020f6269174c22f5f0ad237397ab2c31b86dc2c395f92fda15c1f4
1782682304 container exec_start: /bin/sh -c pg_isready -U postgres -d temandifa 1ec194d5b8020f6269174c22f5f0ad237397ab2c31b86dc2c395f92fda15c1f4
1782682304 container exec_die 1ec194d5b8020f6269174c22f5f0ad237397ab2c31b86dc2c395f92fda15c1f4
1782682304 container exec_create: redis-cli ping 394562a6d02880fcf8b0c1db2385e6ac6cfa108ab28e1326eaab532cc2f30ee0
1782682304 container exec_start: redis-cli ping 394562a6d02880fcf8b0c1db2385e6ac6cfa108ab28e1326eaab532cc2f30ee0
1782682304 container exec_die 394562a6d02880fcf8b0c1db2385e6ac6cfa108ab28e1326eaab532cc2f30ee0
1782682314 container exec_create: /bin/sh -c pg_isready -U postgres -d temandifa 1ec194d5b8020f6269174c22f5f0ad237397ab2c31b86dc2c395f92fda15c1f4
1782682314 container exec_start: /bin/sh -c pg_isready -U postgres -d temandifa 1ec194d5b8020f6269174c22f5f0ad237397ab2c31b86dc2c395f92fda15c1f4
1782682314 container exec_die 1ec194d5b8020f6269174c22f5f0ad237397ab2c31b86dc2c395f92fda15c1f4
1782682314 container exec_create: redis-cli ping 394562a6d02880fcf8b0c1db2385e6ac6cfa108ab28e1326eaab532cc2f30ee0
1782682314 container exec_start: redis-cli ping 394562a6d02880fcf8b0c1db2385e6ac6cfa108ab28e1326eaab532cc2f30ee0
1782682314 container exec_die 394562a6d02880fcf8b0c1db2385e6ac6cfa108ab28e1326eaab532cc2f30ee0
1782682322 container exec_create: python3 -c import urllib.request; urllib.request.urlopen('http://localhost:8002/health') 93d0e2d4690b75fb85813ecff20d28a949420e31b63e735f8f023909e7f7c770
1782682322 container exec_start: python3 -c import urllib.request; urllib.request.urlopen('http://localhost:8002/health') 93d0e2d4690b75fb85813ecff20d28a949420e31b63e735f8f023909e7f7c770
1782682322 container exec_die 93d0e2d4690b75fb85813ecff20d28a949420e31b63e735f8f023909e7f7c770
1782682322 container exec_create: python3 -c import urllib.request; urllib.request.urlopen('http://localhost:8001/health') 1f0bb9cdfe4b69b085e665dc99bd9d1e392f9a0dd455be24dbf590f611008ce4
1782682322 container exec_start: python3 -c import urllib.request; urllib.request.urlopen('http://localhost:8001/health') 1f0bb9cdfe4b69b085e665dc99bd9d1e392f9a0dd455be24dbf590f611008ce4
1782682323 container exec_die 1f0bb9cdfe4b69b085e665dc99bd9d1e392f9a0dd455be24dbf590f611008ce4
1782682324 container exec_create: /bin/sh -c pg_isready -U postgres -d temandifa 1ec194d5b8020f6269174c22f5f0ad237397ab2c31b86dc2c395f92fda15c1f4
1782682324 container exec_start: /bin/sh -c pg_isready -U postgres -d temandifa 1ec194d5b8020f6269174c22f5f0ad237397ab2c31b86dc2c395f92fda15c1f4
1782682324 container exec_die 1ec194d5b8020f6269174c22f5f0ad237397ab2c31b86dc2c395f92fda15c1f4
1782682324 container exec_create: redis-cli ping 394562a6d02880fcf8b0c1db2385e6ac6cfa108ab28e1326eaab532cc2f30ee0
1782682324 container exec_start: redis-cli ping 394562a6d02880fcf8b0c1db2385e6ac6cfa108ab28e1326eaab532cc2f30ee0
1782682325 container exec_die 394562a6d02880fcf8b0c1db2385e6ac6cfa108ab28e1326eaab532cc2f30ee0
1782682327 container exec_create: python3 -c import urllib.request; urllib.request.urlopen('http://localhost:8003/health') 2478766b4253cf506053e9e67d999adc0b10089285be055c17841430e1e895a7
1782682327 container exec_start: python3 -c import urllib.request; urllib.request.urlopen('http://localhost:8003/health') 2478766b4253cf506053e9e67d999adc0b10089285be055c17841430e1e895a7
1782682327 container exec_die 2478766b4253cf506053e9e67d999adc0b10089285be055c17841430e1e895a7
1782682329 container exec_create: /bin/sh -c wget --no-verbose --tries=1 --spider http://localhost:8080/api/v1/health || exit 1 5e0ac5eef8b3c590ec7990aef2bb4733558dd460d4608342000f3536a1314be4
1782682329 container exec_start: /bin/sh -c wget --no-verbose --tries=1 --spider http://localhost:8080/api/v1/health || exit 1 5e0ac5eef8b3c590ec7990aef2bb4733558dd460d4608342000f3536a1314be4
1782682334 container exec_die 5e0ac5eef8b3c590ec7990aef2bb4733558dd460d4608342000f3536a1314be4
1782682334 container exec_create: /bin/sh -c pg_isready -U postgres -d temandifa 1ec194d5b8020f6269174c22f5f0ad237397ab2c31b86dc2c395f92fda15c1f4
1782682334 container exec_start: /bin/sh -c pg_isready -U postgres -d temandifa 1ec194d5b8020f6269174c22f5f0ad237397ab2c31b86dc2c395f92fda15c1f4
1782682334 container exec_die 1ec194d5b8020f6269174c22f5f0ad237397ab2c31b86dc2c395f92fda15c1f4
1782682335 container exec_create: redis-cli ping 394562a6d02880fcf8b0c1db2385e6ac6cfa108ab28e1326eaab532cc2f30ee0
1782682335 container exec_start: redis-cli ping 394562a6d02880fcf8b0c1db2385e6ac6cfa108ab28e1326eaab532cc2f30ee0
1782682335 container exec_die 394562a6d02880fcf8b0c1db2385e6ac6cfa108ab28e1326eaab532cc2f30ee0
1782682344 container exec_create: /bin/sh -c pg_isready -U postgres -d temandifa 1ec194d5b8020f6269174c22f5f0ad237397ab2c31b86dc2c395f92fda15c1f4
1782682344 container exec_start: /bin/sh -c pg_isready -U postgres -d temandifa 1ec194d5b8020f6269174c22f5f0ad237397ab2c31b86dc2c395f92fda15c1f4
1782682344 container exec_die 1ec194d5b8020f6269174c22f5f0ad237397ab2c31b86dc2c395f92fda15c1f4
1782682345 container exec_create: redis-cli ping 394562a6d02880fcf8b0c1db2385e6ac6cfa108ab28e1326eaab532cc2f30ee0
1782682345 container exec_start: redis-cli ping 394562a6d02880fcf8b0c1db2385e6ac6cfa108ab28e1326eaab532cc2f30ee0
1782682345 container exec_die 394562a6d02880fcf8b0c1db2385e6ac6cfa108ab28e1326eaab532cc2f30ee0
1782682352 container exec_create: python3 -c import urllib.request; urllib.request.urlopen('http://localhost:8002/health') 93d0e2d4690b75fb85813ecff20d28a949420e31b63e735f8f023909e7f7c770
1782682352 container exec_start: python3 -c import urllib.request; urllib.request.urlopen('http://localhost:8002/health') 93d0e2d4690b75fb85813ecff20d28a949420e31b63e735f8f023909e7f7c770
1782682352 container exec_die 93d0e2d4690b75fb85813ecff20d28a949420e31b63e735f8f023909e7f7c770
1782682353 container exec_create: python3 -c import urllib.request; urllib.request.urlopen('http://localhost:8001/health') 1f0bb9cdfe4b69b085e665dc99bd9d1e392f9a0dd455be24dbf590f611008ce4
1782682353 container exec_start: python3 -c import urllib.request; urllib.request.urlopen('http://localhost:8001/health') 1f0bb9cdfe4b69b085e665dc99bd9d1e392f9a0dd455be24dbf590f611008ce4
1782682353 container exec_die 1f0bb9cdfe4b69b085e665dc99bd9d1e392f9a0dd455be24dbf590f611008ce4
1782682354 container exec_create: /bin/sh -c pg_isready -U postgres -d temandifa 1ec194d5b8020f6269174c22f5f0ad237397ab2c31b86dc2c395f92fda15c1f4
1782682354 container exec_start: /bin/sh -c pg_isready -U postgres -d temandifa 1ec194d5b8020f6269174c22f5f0ad237397ab2c31b86dc2c395f92fda15c1f4
1782682354 container exec_die 1ec194d5b8020f6269174c22f5f0ad237397ab2c31b86dc2c395f92fda15c1f4
1782682355 container exec_create: redis-cli ping 394562a6d02880fcf8b0c1db2385e6ac6cfa108ab28e1326eaab532cc2f30ee0
1782682355 container exec_start: redis-cli ping 394562a6d02880fcf8b0c1db2385e6ac6cfa108ab28e1326eaab532cc2f30ee0
1782682355 container exec_die 394562a6d02880fcf8b0c1db2385e6ac6cfa108ab28e1326eaab532cc2f30ee0
1782682357 container exec_create: python3 -c import urllib.request; urllib.request.urlopen('http://localhost:8003/health') 2478766b4253cf506053e9e67d999adc0b10089285be055c17841430e1e895a7
1782682357 container exec_start: python3 -c import urllib.request; urllib.request.urlopen('http://localhost:8003/health') 2478766b4253cf506053e9e67d999adc0b10089285be055c17841430e1e895a7
1782682358 container exec_die 2478766b4253cf506053e9e67d999adc0b10089285be055c17841430e1e895a7
1782682364 container exec_create: /bin/sh -c wget --no-verbose --tries=1 --spider http://localhost:8080/api/v1/health || exit 1 5e0ac5eef8b3c590ec7990aef2bb4733558dd460d4608342000f3536a1314be4
1782682364 container exec_start: /bin/sh -c wget --no-verbose --tries=1 --spider http://localhost:8080/api/v1/health || exit 1 5e0ac5eef8b3c590ec7990aef2bb4733558dd460d4608342000f3536a1314be4
1782682364 container exec_create: /bin/sh -c pg_isready -U postgres -d temandifa 1ec194d5b8020f6269174c22f5f0ad237397ab2c31b86dc2c395f92fda15c1f4
1782682364 container exec_start: /bin/sh -c pg_isready -U postgres -d temandifa 1ec194d5b8020f6269174c22f5f0ad237397ab2c31b86dc2c395f92fda15c1f4
1782682364 container exec_die 1ec194d5b8020f6269174c22f5f0ad237397ab2c31b86dc2c395f92fda15c1f4
1782682365 container exec_create: redis-cli ping 394562a6d02880fcf8b0c1db2385e6ac6cfa108ab28e1326eaab532cc2f30ee0
1782682365 container exec_start: redis-cli ping 394562a6d02880fcf8b0c1db2385e6ac6cfa108ab28e1326eaab532cc2f30ee0
1782682365 container exec_die 394562a6d02880fcf8b0c1db2385e6ac6cfa108ab28e1326eaab532cc2f30ee0
1782682369 container exec_die 5e0ac5eef8b3c590ec7990aef2bb4733558dd460d4608342000f3536a1314be4
1782682374 container exec_create: /bin/sh -c pg_isready -U postgres -d temandifa 1ec194d5b8020f6269174c22f5f0ad237397ab2c31b86dc2c395f92fda15c1f4
1782682374 container exec_start: /bin/sh -c pg_isready -U postgres -d temandifa 1ec194d5b8020f6269174c22f5f0ad237397ab2c31b86dc2c395f92fda15c1f4
1782682374 container exec_die 1ec194d5b8020f6269174c22f5f0ad237397ab2c31b86dc2c395f92fda15c1f4
1782682375 container exec_create: redis-cli ping 394562a6d02880fcf8b0c1db2385e6ac6cfa108ab28e1326eaab532cc2f30ee0
1782682375 container exec_start: redis-cli ping 394562a6d02880fcf8b0c1db2385e6ac6cfa108ab28e1326eaab532cc2f30ee0
1782682375 container exec_die 394562a6d02880fcf8b0c1db2385e6ac6cfa108ab28e1326eaab532cc2f30ee0
1782682382 container exec_create: python3 -c import urllib.request; urllib.request.urlopen('http://localhost:8002/health') 93d0e2d4690b75fb85813ecff20d28a949420e31b63e735f8f023909e7f7c770
1782682382 container exec_start: python3 -c import urllib.request; urllib.request.urlopen('http://localhost:8002/health') 93d0e2d4690b75fb85813ecff20d28a949420e31b63e735f8f023909e7f7c770
1782682382 container exec_die 93d0e2d4690b75fb85813ecff20d28a949420e31b63e735f8f023909e7f7c770
1782682383 container exec_create: python3 -c import urllib.request; urllib.request.urlopen('http://localhost:8001/health') 1f0bb9cdfe4b69b085e665dc99bd9d1e392f9a0dd455be24dbf590f611008ce4
1782682383 container exec_start: python3 -c import urllib.request; urllib.request.urlopen('http://localhost:8001/health') 1f0bb9cdfe4b69b085e665dc99bd9d1e392f9a0dd455be24dbf590f611008ce4
1782682383 container exec_die 1f0bb9cdfe4b69b085e665dc99bd9d1e392f9a0dd455be24dbf590f611008ce4
1782682384 container exec_create: /bin/sh -c pg_isready -U postgres -d temandifa 1ec194d5b8020f6269174c22f5f0ad237397ab2c31b86dc2c395f92fda15c1f4
1782682384 container exec_start: /bin/sh -c pg_isready -U postgres -d temandifa 1ec194d5b8020f6269174c22f5f0ad237397ab2c31b86dc2c395f92fda15c1f4
1782682384 container exec_die 1ec194d5b8020f6269174c22f5f0ad237397ab2c31b86dc2c395f92fda15c1f4
1782682385 container exec_create: redis-cli ping 394562a6d02880fcf8b0c1db2385e6ac6cfa108ab28e1326eaab532cc2f30ee0
1782682385 container exec_start: redis-cli ping 394562a6d02880fcf8b0c1db2385e6ac6cfa108ab28e1326eaab532cc2f30ee0
1782682385 container exec_die 394562a6d02880fcf8b0c1db2385e6ac6cfa108ab28e1326eaab532cc2f30ee0
1782682388 container exec_create: python3 -c import urllib.request; urllib.request.urlopen('http://localhost:8003/health') 2478766b4253cf506053e9e67d999adc0b10089285be055c17841430e1e895a7
1782682388 container exec_start: python3 -c import urllib.request; urllib.request.urlopen('http://localhost:8003/health') 2478766b4253cf506053e9e67d999adc0b10089285be055c17841430e1e895a7
1782682389 container exec_die 2478766b4253cf506053e9e67d999adc0b10089285be055c17841430e1e895a7
1782682394 container exec_create: /bin/sh -c pg_isready -U postgres -d temandifa 1ec194d5b8020f6269174c22f5f0ad237397ab2c31b86dc2c395f92fda15c1f4
1782682394 container exec_start: /bin/sh -c pg_isready -U postgres -d temandifa 1ec194d5b8020f6269174c22f5f0ad237397ab2c31b86dc2c395f92fda15c1f4
1782682394 container exec_die 1ec194d5b8020f6269174c22f5f0ad237397ab2c31b86dc2c395f92fda15c1f4
1782682395 container exec_create: redis-cli ping 394562a6d02880fcf8b0c1db2385e6ac6cfa108ab28e1326eaab532cc2f30ee0
1782682395 container exec_start: redis-cli ping 394562a6d02880fcf8b0c1db2385e6ac6cfa108ab28e1326eaab532cc2f30ee0
1782682395 container exec_die 394562a6d02880fcf8b0c1db2385e6ac6cfa108ab28e1326eaab532cc2f30ee0
1782682399 container exec_create: /bin/sh -c wget --no-verbose --tries=1 --spider http://localhost:8080/api/v1/health || exit 1 5e0ac5eef8b3c590ec7990aef2bb4733558dd460d4608342000f3536a1314be4
1782682399 container exec_start: /bin/sh -c wget --no-verbose --tries=1 --spider http://localhost:8080/api/v1/health || exit 1 5e0ac5eef8b3c590ec7990aef2bb4733558dd460d4608342000f3536a1314be4
1782682404 container exec_die 5e0ac5eef8b3c590ec7990aef2bb4733558dd460d4608342000f3536a1314be4
1782682404 container exec_create: /bin/sh -c pg_isready -U postgres -d temandifa 1ec194d5b8020f6269174c22f5f0ad237397ab2c31b86dc2c395f92fda15c1f4
1782682404 container exec_start: /bin/sh -c pg_isready -U postgres -d temandifa 1ec194d5b8020f6269174c22f5f0ad237397ab2c31b86dc2c395f92fda15c1f4
1782682404 container exec_die 1ec194d5b8020f6269174c22f5f0ad237397ab2c31b86dc2c395f92fda15c1f4
1782682405 container exec_create: redis-cli ping 394562a6d02880fcf8b0c1db2385e6ac6cfa108ab28e1326eaab532cc2f30ee0
1782682405 container exec_start: redis-cli ping 394562a6d02880fcf8b0c1db2385e6ac6cfa108ab28e1326eaab532cc2f30ee0
1782682405 container exec_die 394562a6d02880fcf8b0c1db2385e6ac6cfa108ab28e1326eaab532cc2f30ee0
1782682410 container exec_create: psql -U postgres -d temandifa -c COPY (SELECT pid, state, wait_event_type, query_start::text, left(query,80) as query FROM pg_stat_activity WHERE datname='temandifa') TO STDOUT WITH CSV HEADER 1ec194d5b8020f6269174c22f5f0ad237397ab2c31b86dc2c395f92fda15c1f4
1782682410 container exec_start: psql -U postgres -d temandifa -c COPY (SELECT pid, state, wait_event_type, query_start::text, left(query,80) as query FROM pg_stat_activity WHERE datname='temandifa') TO STDOUT WITH CSV HEADER 1ec194d5b8020f6269174c22f5f0ad237397ab2c31b86dc2c395f92fda15c1f4
1782682410 container exec_die 1ec194d5b8020f6269174c22f5f0ad237397ab2c31b86dc2c395f92fda15c1f4
1782682411 container exec_create: psql -U postgres -d temandifa -c SELECT pg_size_pretty(pg_database_size('temandifa')) AS db_size; 1ec194d5b8020f6269174c22f5f0ad237397ab2c31b86dc2c395f92fda15c1f4
1782682411 container exec_start: psql -U postgres -d temandifa -c SELECT pg_size_pretty(pg_database_size('temandifa')) AS db_size; 1ec194d5b8020f6269174c22f5f0ad237397ab2c31b86dc2c395f92fda15c1f4
1782682411 container exec_die 1ec194d5b8020f6269174c22f5f0ad237397ab2c31b86dc2c395f92fda15c1f4
1782682412 container exec_create: python3 -c import urllib.request; urllib.request.urlopen('http://localhost:8002/health') 93d0e2d4690b75fb85813ecff20d28a949420e31b63e735f8f023909e7f7c770
1782682412 container exec_start: python3 -c import urllib.request; urllib.request.urlopen('http://localhost:8002/health') 93d0e2d4690b75fb85813ecff20d28a949420e31b63e735f8f023909e7f7c770
1782682412 container exec_die 93d0e2d4690b75fb85813ecff20d28a949420e31b63e735f8f023909e7f7c770
1782682413 container exec_create: python3 -c import urllib.request; urllib.request.urlopen('http://localhost:8001/health') 1f0bb9cdfe4b69b085e665dc99bd9d1e392f9a0dd455be24dbf590f611008ce4
1782682413 container exec_start: python3 -c import urllib.request; urllib.request.urlopen('http://localhost:8001/health') 1f0bb9cdfe4b69b085e665dc99bd9d1e392f9a0dd455be24dbf590f611008ce4
1782682413 container exec_die 1f0bb9cdfe4b69b085e665dc99bd9d1e392f9a0dd455be24dbf590f611008ce4
1782682414 container exec_create: /bin/sh -c pg_isready -U postgres -d temandifa 1ec194d5b8020f6269174c22f5f0ad237397ab2c31b86dc2c395f92fda15c1f4
1782682414 container exec_start: /bin/sh -c pg_isready -U postgres -d temandifa 1ec194d5b8020f6269174c22f5f0ad237397ab2c31b86dc2c395f92fda15c1f4
1782682414 container exec_die 1ec194d5b8020f6269174c22f5f0ad237397ab2c31b86dc2c395f92fda15c1f4
1782682415 container exec_create: redis-cli ping 394562a6d02880fcf8b0c1db2385e6ac6cfa108ab28e1326eaab532cc2f30ee0
1782682415 container exec_start: redis-cli ping 394562a6d02880fcf8b0c1db2385e6ac6cfa108ab28e1326eaab532cc2f30ee0
1782682415 container exec_die 394562a6d02880fcf8b0c1db2385e6ac6cfa108ab28e1326eaab532cc2f30ee0
1782682419 container exec_create: python3 -c import urllib.request; urllib.request.urlopen('http://localhost:8003/health') 2478766b4253cf506053e9e67d999adc0b10089285be055c17841430e1e895a7
1782682419 container exec_start: python3 -c import urllib.request; urllib.request.urlopen('http://localhost:8003/health') 2478766b4253cf506053e9e67d999adc0b10089285be055c17841430e1e895a7
1782682419 container exec_die 2478766b4253cf506053e9e67d999adc0b10089285be055c17841430e1e895a7
1782682424 container exec_create: /bin/sh -c pg_isready -U postgres -d temandifa 1ec194d5b8020f6269174c22f5f0ad237397ab2c31b86dc2c395f92fda15c1f4
1782682424 container exec_start: /bin/sh -c pg_isready -U postgres -d temandifa 1ec194d5b8020f6269174c22f5f0ad237397ab2c31b86dc2c395f92fda15c1f4
1782682424 container exec_die 1ec194d5b8020f6269174c22f5f0ad237397ab2c31b86dc2c395f92fda15c1f4
1782682425 container exec_create: redis-cli ping 394562a6d02880fcf8b0c1db2385e6ac6cfa108ab28e1326eaab532cc2f30ee0
1782682425 container exec_start: redis-cli ping 394562a6d02880fcf8b0c1db2385e6ac6cfa108ab28e1326eaab532cc2f30ee0
1782682425 container exec_die 394562a6d02880fcf8b0c1db2385e6ac6cfa108ab28e1326eaab532cc2f30ee0
1782682434 container exec_create: /bin/sh -c wget --no-verbose --tries=1 --spider http://localhost:8080/api/v1/health || exit 1 5e0ac5eef8b3c590ec7990aef2bb4733558dd460d4608342000f3536a1314be4
1782682434 container exec_start: /bin/sh -c wget --no-verbose --tries=1 --spider http://localhost:8080/api/v1/health || exit 1 5e0ac5eef8b3c590ec7990aef2bb4733558dd460d4608342000f3536a1314be4
1782682434 container exec_die 5e0ac5eef8b3c590ec7990aef2bb4733558dd460d4608342000f3536a1314be4
1782682434 container health_status: healthy 5e0ac5eef8b3c590ec7990aef2bb4733558dd460d4608342000f3536a1314be4
1782682434 container exec_create: /bin/sh -c pg_isready -U postgres -d temandifa 1ec194d5b8020f6269174c22f5f0ad237397ab2c31b86dc2c395f92fda15c1f4
1782682434 container exec_start: /bin/sh -c pg_isready -U postgres -d temandifa 1ec194d5b8020f6269174c22f5f0ad237397ab2c31b86dc2c395f92fda15c1f4
1782682434 container exec_die 1ec194d5b8020f6269174c22f5f0ad237397ab2c31b86dc2c395f92fda15c1f4
1782682435 container exec_create: redis-cli ping 394562a6d02880fcf8b0c1db2385e6ac6cfa108ab28e1326eaab532cc2f30ee0
1782682435 container exec_start: redis-cli ping 394562a6d02880fcf8b0c1db2385e6ac6cfa108ab28e1326eaab532cc2f30ee0
1782682435 container exec_die 394562a6d02880fcf8b0c1db2385e6ac6cfa108ab28e1326eaab532cc2f30ee0
1782682442 container exec_create: python3 -c import urllib.request; urllib.request.urlopen('http://localhost:8002/health') 93d0e2d4690b75fb85813ecff20d28a949420e31b63e735f8f023909e7f7c770
1782682442 container exec_start: python3 -c import urllib.request; urllib.request.urlopen('http://localhost:8002/health') 93d0e2d4690b75fb85813ecff20d28a949420e31b63e735f8f023909e7f7c770
1782682442 container exec_die 93d0e2d4690b75fb85813ecff20d28a949420e31b63e735f8f023909e7f7c770
1782682443 container exec_create: python3 -c import urllib.request; urllib.request.urlopen('http://localhost:8001/health') 1f0bb9cdfe4b69b085e665dc99bd9d1e392f9a0dd455be24dbf590f611008ce4
1782682443 container exec_start: python3 -c import urllib.request; urllib.request.urlopen('http://localhost:8001/health') 1f0bb9cdfe4b69b085e665dc99bd9d1e392f9a0dd455be24dbf590f611008ce4
1782682443 container exec_die 1f0bb9cdfe4b69b085e665dc99bd9d1e392f9a0dd455be24dbf590f611008ce4
1782682444 container exec_create: /bin/sh -c pg_isready -U postgres -d temandifa 1ec194d5b8020f6269174c22f5f0ad237397ab2c31b86dc2c395f92fda15c1f4
1782682444 container exec_start: /bin/sh -c pg_isready -U postgres -d temandifa 1ec194d5b8020f6269174c22f5f0ad237397ab2c31b86dc2c395f92fda15c1f4
1782682444 container exec_die 1ec194d5b8020f6269174c22f5f0ad237397ab2c31b86dc2c395f92fda15c1f4
1782682445 container exec_create: redis-cli ping 394562a6d02880fcf8b0c1db2385e6ac6cfa108ab28e1326eaab532cc2f30ee0
1782682445 container exec_start: redis-cli ping 394562a6d02880fcf8b0c1db2385e6ac6cfa108ab28e1326eaab532cc2f30ee0
1782682445 container exec_die 394562a6d02880fcf8b0c1db2385e6ac6cfa108ab28e1326eaab532cc2f30ee0
1782682448 container exec_create: psql -U postgres -d temandifa -c COPY (SELECT pid, state, wait_event_type, query_start::text, left(query,80) as query FROM pg_stat_activity WHERE datname='temandifa') TO STDOUT WITH CSV HEADER 1ec194d5b8020f6269174c22f5f0ad237397ab2c31b86dc2c395f92fda15c1f4
1782682448 container exec_start: psql -U postgres -d temandifa -c COPY (SELECT pid, state, wait_event_type, query_start::text, left(query,80) as query FROM pg_stat_activity WHERE datname='temandifa') TO STDOUT WITH CSV HEADER 1ec194d5b8020f6269174c22f5f0ad237397ab2c31b86dc2c395f92fda15c1f4
1782682448 container exec_die 1ec194d5b8020f6269174c22f5f0ad237397ab2c31b86dc2c395f92fda15c1f4
1782682448 container exec_create: psql -U postgres -d temandifa -c SELECT pg_size_pretty(pg_database_size('temandifa')) AS db_size; 1ec194d5b8020f6269174c22f5f0ad237397ab2c31b86dc2c395f92fda15c1f4
1782682448 container exec_start: psql -U postgres -d temandifa -c SELECT pg_size_pretty(pg_database_size('temandifa')) AS db_size; 1ec194d5b8020f6269174c22f5f0ad237397ab2c31b86dc2c395f92fda15c1f4
1782682448 container exec_die 1ec194d5b8020f6269174c22f5f0ad237397ab2c31b86dc2c395f92fda15c1f4
1782682449 container exec_create: python3 -c import urllib.request; urllib.request.urlopen('http://localhost:8003/health') 2478766b4253cf506053e9e67d999adc0b10089285be055c17841430e1e895a7
1782682449 container exec_start: python3 -c import urllib.request; urllib.request.urlopen('http://localhost:8003/health') 2478766b4253cf506053e9e67d999adc0b10089285be055c17841430e1e895a7
1782682449 container exec_die 2478766b4253cf506053e9e67d999adc0b10089285be055c17841430e1e895a7
1782682454 container exec_create: /bin/sh -c pg_isready -U postgres -d temandifa 1ec194d5b8020f6269174c22f5f0ad237397ab2c31b86dc2c395f92fda15c1f4
1782682454 container exec_start: /bin/sh -c pg_isready -U postgres -d temandifa 1ec194d5b8020f6269174c22f5f0ad237397ab2c31b86dc2c395f92fda15c1f4
1782682455 container exec_die 1ec194d5b8020f6269174c22f5f0ad237397ab2c31b86dc2c395f92fda15c1f4
1782682455 container exec_create: redis-cli ping 394562a6d02880fcf8b0c1db2385e6ac6cfa108ab28e1326eaab532cc2f30ee0
1782682455 container exec_start: redis-cli ping 394562a6d02880fcf8b0c1db2385e6ac6cfa108ab28e1326eaab532cc2f30ee0
1782682455 container exec_die 394562a6d02880fcf8b0c1db2385e6ac6cfa108ab28e1326eaab532cc2f30ee0
1782682464 container exec_create: /bin/sh -c wget --no-verbose --tries=1 --spider http://localhost:8080/api/v1/health || exit 1 5e0ac5eef8b3c590ec7990aef2bb4733558dd460d4608342000f3536a1314be4
1782682464 container exec_start: /bin/sh -c wget --no-verbose --tries=1 --spider http://localhost:8080/api/v1/health || exit 1 5e0ac5eef8b3c590ec7990aef2bb4733558dd460d4608342000f3536a1314be4
1782682464 container exec_die 5e0ac5eef8b3c590ec7990aef2bb4733558dd460d4608342000f3536a1314be4
1782682465 container exec_create: /bin/sh -c pg_isready -U postgres -d temandifa 1ec194d5b8020f6269174c22f5f0ad237397ab2c31b86dc2c395f92fda15c1f4
1782682465 container exec_start: /bin/sh -c pg_isready -U postgres -d temandifa 1ec194d5b8020f6269174c22f5f0ad237397ab2c31b86dc2c395f92fda15c1f4
1782682465 container exec_die 1ec194d5b8020f6269174c22f5f0ad237397ab2c31b86dc2c395f92fda15c1f4
1782682465 container exec_create: redis-cli ping 394562a6d02880fcf8b0c1db2385e6ac6cfa108ab28e1326eaab532cc2f30ee0
1782682465 container exec_start: redis-cli ping 394562a6d02880fcf8b0c1db2385e6ac6cfa108ab28e1326eaab532cc2f30ee0
1782682465 container exec_die 394562a6d02880fcf8b0c1db2385e6ac6cfa108ab28e1326eaab532cc2f30ee0
1782682472 container exec_create: python3 -c import urllib.request; urllib.request.urlopen('http://localhost:8002/health') 93d0e2d4690b75fb85813ecff20d28a949420e31b63e735f8f023909e7f7c770
1782682472 container exec_start: python3 -c import urllib.request; urllib.request.urlopen('http://localhost:8002/health') 93d0e2d4690b75fb85813ecff20d28a949420e31b63e735f8f023909e7f7c770
1782682473 container exec_die 93d0e2d4690b75fb85813ecff20d28a949420e31b63e735f8f023909e7f7c770
1782682473 container exec_create: python3 -c import urllib.request; urllib.request.urlopen('http://localhost:8001/health') 1f0bb9cdfe4b69b085e665dc99bd9d1e392f9a0dd455be24dbf590f611008ce4
1782682473 container exec_start: python3 -c import urllib.request; urllib.request.urlopen('http://localhost:8001/health') 1f0bb9cdfe4b69b085e665dc99bd9d1e392f9a0dd455be24dbf590f611008ce4
1782682473 container exec_die 1f0bb9cdfe4b69b085e665dc99bd9d1e392f9a0dd455be24dbf590f611008ce4
1782682475 container exec_create: /bin/sh -c pg_isready -U postgres -d temandifa 1ec194d5b8020f6269174c22f5f0ad237397ab2c31b86dc2c395f92fda15c1f4
1782682475 container exec_start: /bin/sh -c pg_isready -U postgres -d temandifa 1ec194d5b8020f6269174c22f5f0ad237397ab2c31b86dc2c395f92fda15c1f4
1782682475 container exec_die 1ec194d5b8020f6269174c22f5f0ad237397ab2c31b86dc2c395f92fda15c1f4
1782682475 container exec_create: redis-cli ping 394562a6d02880fcf8b0c1db2385e6ac6cfa108ab28e1326eaab532cc2f30ee0
1782682475 container exec_start: redis-cli ping 394562a6d02880fcf8b0c1db2385e6ac6cfa108ab28e1326eaab532cc2f30ee0
1782682475 container exec_die 394562a6d02880fcf8b0c1db2385e6ac6cfa108ab28e1326eaab532cc2f30ee0
1782682479 container exec_create: python3 -c import urllib.request; urllib.request.urlopen('http://localhost:8003/health') 2478766b4253cf506053e9e67d999adc0b10089285be055c17841430e1e895a7
1782682479 container exec_start: python3 -c import urllib.request; urllib.request.urlopen('http://localhost:8003/health') 2478766b4253cf506053e9e67d999adc0b10089285be055c17841430e1e895a7
1782682479 container exec_die 2478766b4253cf506053e9e67d999adc0b10089285be055c17841430e1e895a7