{"level":"info","ts":1782512062.8186877,"caller":"logger/logger.go:156","msg":"Experiment infer completed","request_id":"60a784fbd0db8b12","request_id":"req-A1-static_resilience-run1-2-10-1782512037930-q1feungi","scenario":"A1","condition":"static_resilience","run":1,"category":"full","latency_ms":24877}
{"level":"info","ts":1782512062.8187392,"caller":"logger/logger.go:106","msg":"Request served","request_id":"60a784fbd0db8b12","status":200,"method":"POST","path":"/api/v1/infer","ip":"[IP-DISAMARKAN]","latency":24.883161057}
{"level":"info","ts":1782512067.6128829,"caller":"logger/logger.go:106","msg":"Request served","request_id":"4f1b4db9cc1f0b92","status":200,"method":"GET","path":"/metrics","ip":"[IP-DISAMARKAN]","latency":0.000814259}
{"level":"info","ts":1782512067.9309428,"caller":"logger/logger.go:156","msg":"Experiment infer completed","request_id":"0d1c07ead9b1ef65","request_id":"req-A1-static_resilience-run1-5-3-1782512043029-1ixufkh7","scenario":"A1","condition":"static_resilience","run":1,"category":"full","latency_ms":24895}
{"level":"info","ts":1782512067.9310017,"caller":"logger/logger.go:106","msg":"Request served","request_id":"0d1c07ead9b1ef65","status":200,"method":"POST","path":"/api/v1/infer","ip":"[IP-DISAMARKAN]","latency":24.898204421}
{"level":"info","ts":1782512072.6136098,"caller":"logger/logger.go:106","msg":"Request served","request_id":"b2a134602d991d86","status":200,"method":"GET","path":"/metrics","ip":"[IP-DISAMARKAN]","latency":0.001485081}
{"level":"info","ts":1782512073.1267333,"caller":"logger/logger.go:156","msg":"Experiment infer completed","request_id":"76c53926ef7a945c","request_id":"req-A1-static_resilience-run1-3-7-1782512048219-z39hylrs","scenario":"A1","condition":"static_resilience","run":1,"category":"full","latency_ms":24900}
{"level":"info","ts":1782512073.1268022,"caller":"logger/logger.go:106","msg":"Request served","request_id":"76c53926ef7a945c","status":200,"method":"POST","path":"/api/v1/infer","ip":"[IP-DISAMARKAN]","latency":24.902958129}
{"level":"info","ts":1782512074.9169457,"caller":"logger/logger.go:106","msg":"Request served","request_id":"9fea757a09ff2187","status":200,"method":"GET","path":"/","ip":"[IP-DISAMARKAN]","latency":0.000048659}
{"level":"warn","ts":1782512074.9362988,"caller":"logger/logger.go:116","msg":"Worker health check failed","worker":"speech","error":"rpc error: code = DeadlineExceeded desc = context deadline exceeded"}
{"level":"info","ts":1782512074.9365923,"caller":"logger/logger.go:106","msg":"Health check completed","vision":"HEALTHY","ocr":"HEALTHY","speech":"UNHEALTHY"}
{"level":"info","ts":1782512077.6165802,"caller":"logger/logger.go:106","msg":"Request served","request_id":"a470e6e8724f831d","status":200,"method":"GET","path":"/metrics","ip":"[IP-DISAMARKAN]","latency":0.003201398}
{"level":"info","ts":1782512078.32225,"caller":"logger/logger.go:156","msg":"Experiment infer completed","request_id":"2ac6873f53aed59a","request_id":"req-A1-static_resilience-run1-4-5-1782512053324-bo8mvyb0","scenario":"A1","condition":"static_resilience","run":1,"category":"full","latency_ms":24988}
{"level":"info","ts":1782512078.3223073,"caller":"logger/logger.go:106","msg":"Request served","request_id":"2ac6873f53aed59a","status":200,"method":"POST","path":"/api/v1/infer","ip":"[IP-DISAMARKAN]","latency":24.992700002}
{"level":"info","ts":1782512082.614319,"caller":"logger/logger.go:106","msg":"Request served","request_id":"ff2311801df55e41","status":200,"method":"GET","path":"/metrics","ip":"[IP-DISAMARKAN]","latency":0.000886998}
{"level":"info","ts":1782512083.4298234,"caller":"logger/logger.go:106","msg":"Request served","request_id":"af3797b2c7939c07","status":200,"method":"GET","path":"/api/v1/health","ip":"::1","latency":4.772319421}
{"level":"info","ts":1782512083.4322267,"caller":"logger/logger.go:156","msg":"Experiment infer completed","request_id":"942a526edec68a7e","request_id":"req-A1-static_resilience-run1-1-15-1782512058629-ehodi1mt","scenario":"A1","condition":"static_resilience","run":1,"category":"full","latency_ms":24793}
{"level":"info","ts":1782512083.4322665,"caller":"logger/logger.go:106","msg":"Request served","request_id":"942a526edec68a7e","status":200,"method":"POST","path":"/api/v1/infer","ip":"[IP-DISAMARKAN]","latency":24.798008037}
{"level":"info","ts":1782512087.6153712,"caller":"logger/logger.go:106","msg":"Request served","request_id":"03e9233cf7b90270","status":200,"method":"GET","path":"/metrics","ip":"[IP-DISAMARKAN]","latency":0.00307718}
{"level":"info","ts":1782512088.727488,"caller":"logger/logger.go:156","msg":"Experiment infer completed","request_id":"58ed4d1487463d4b","request_id":"req-A1-static_resilience-run1-2-11-1782512063821-w5g48loh","scenario":"A1","condition":"static_resilience","run":1,"category":"full","latency_ms":24897}
{"level":"info","ts":1782512088.7275393,"caller":"logger/logger.go:106","msg":"Request served","request_id":"58ed4d1487463d4b","status":200,"method":"POST","path":"/api/v1/infer","ip":"[IP-DISAMARKAN]","latency":24.900240861}
{"level":"warn","ts":1782512089.9367495,"caller":"logger/logger.go:116","msg":"Worker health check failed","worker":"speech","error":"rpc error: code = DeadlineExceeded desc = context deadline exceeded"}
{"level":"info","ts":1782512089.9371388,"caller":"logger/logger.go:106","msg":"Health check completed","vision":"HEALTHY","ocr":"HEALTHY","speech":"UNHEALTHY"}
{"level":"info","ts":1782512092.6133401,"caller":"logger/logger.go:106","msg":"Request served","request_id":"887cb161c96eff0d","status":200,"method":"GET","path":"/metrics","ip":"[IP-DISAMARKAN]","latency":0.000870297}
{"level":"info","ts":1782512093.926246,"caller":"logger/logger.go:156","msg":"Experiment infer completed","request_id":"7e92c7e481f4d142","request_id":"req-A1-static_resilience-run1-5-4-1782512068932-nejhqasu","scenario":"A1","condition":"static_resilience","run":1,"category":"full","latency_ms":24986}
{"level":"info","ts":1782512093.9262986,"caller":"logger/logger.go:106","msg":"Request served","request_id":"7e92c7e481f4d142","status":200,"method":"POST","path":"/api/v1/infer","ip":"[IP-DISAMARKAN]","latency":24.989721084}
{"level":"info","ts":1782512097.612957,"caller":"logger/logger.go:106","msg":"Request served","request_id":"c86d9f43342764a1","status":200,"method":"GET","path":"/metrics","ip":"[IP-DISAMARKAN]","latency":0.001046483}
{"level":"info","ts":1782512099.0222833,"caller":"logger/logger.go:156","msg":"Experiment infer completed","request_id":"6c3587dfaf7f7317","request_id":"req-A1-static_resilience-run1-3-8-1782512074130-4speabnx","scenario":"A1","condition":"static_resilience","run":1,"category":"full","latency_ms":24886}
{"level":"info","ts":1782512099.0223327,"caller":"logger/logger.go:106","msg":"Request served","request_id":"6c3587dfaf7f7317","status":200,"method":"POST","path":"/api/v1/infer","ip":"[IP-DISAMARKAN]","latency":24.888892696}
{"level":"info","ts":1782512102.6144478,"caller":"logger/logger.go:106","msg":"Request served","request_id":"5e02a6df0343e524","status":200,"method":"GET","path":"/metrics","ip":"[IP-DISAMARKAN]","latency":0.001023574}
{"level":"info","ts":1782512104.216995,"caller":"logger/logger.go:106","msg":"Health check completed","vision":"HEALTHY","ocr":"HEALTHY","speech":"HEALTHY"}
{"level":"info","ts":1782512104.2176325,"caller":"logger/logger.go:156","msg":"Experiment infer completed","request_id":"5f85591de7fb3769","request_id":"req-A1-static_resilience-run1-4-6-1782512079323-5f041daw","scenario":"A1","condition":"static_resilience","run":1,"category":"full","latency_ms":24884}
{"level":"info","ts":1782512104.217905,"caller":"logger/logger.go:106","msg":"Request served","request_id":"5f85591de7fb3769","status":200,"method":"POST","path":"/api/v1/infer","ip":"[IP-DISAMARKAN]","latency":24.889374807}
{"level":"info","ts":1782512107.6142137,"caller":"logger/logger.go:106","msg":"Request served","request_id":"aeb2636f5c1d2b55","status":200,"method":"GET","path":"/metrics","ip":"[IP-DISAMARKAN]","latency":0.001064203}
{"level":"info","ts":1782512109.4158142,"caller":"logger/logger.go:156","msg":"Experiment infer completed","request_id":"342cb866cd0e21de","request_id":"req-A1-static_resilience-run1-1-16-1782512084434-98vygrtq","scenario":"A1","condition":"static_resilience","run":1,"category":"full","latency_ms":24976}
{"level":"info","ts":1782512109.4158685,"caller":"logger/logger.go:106","msg":"Request served","request_id":"342cb866cd0e21de","status":200,"method":"POST","path":"/api/v1/infer","ip":"[IP-DISAMARKAN]","latency":24.978810621}
{"level":"info","ts":1782512112.6140912,"caller":"logger/logger.go:106","msg":"Request served","request_id":"875980c41d91ed98","status":200,"method":"GET","path":"/metrics","ip":"[IP-DISAMARKAN]","latency":0.001309395}
{"level":"info","ts":1782512114.515546,"caller":"logger/logger.go:156","msg":"Experiment infer completed","request_id":"cb5c23f62e6be19b","request_id":"req-A1-static_resilience-run1-2-12-1782512089729-m08xkzpz","scenario":"A1","condition":"static_resilience","run":1,"category":"full","latency_ms":24778}
{"level":"info","ts":1782512114.5156708,"caller":"logger/logger.go:106","msg":"Request served","request_id":"cb5c23f62e6be19b","status":200,"method":"POST","path":"/api/v1/infer","ip":"[IP-DISAMARKAN]","latency":24.781406032}
{"level":"info","ts":1782512117.6161075,"caller":"logger/logger.go:106","msg":"Request served","request_id":"a32dbc3b01785d8c","status":200,"method":"GET","path":"/metrics","ip":"[IP-DISAMARKAN]","latency":0.001329006}
{"level":"error","ts":1782512118.511188,"caller":"logger/logger.go:121","msg":"Server error","request_id":"96456835c87f86b7","status":503,"method":"GET","path":"/api/v1/health","ip":"::1","latency":5.035098569,"error":"","stacktrace":"temandifa-backend/internal/logger.Error\n\t/app/internal/logger/logger.go:121\nmain.NewHTTPServer.RequestLogger.func5\n\t/app/internal/middleware/request_logger.go:44\ngithub.com/gin-gonic/gin.(*Context).Next\n\t/go/pkg/mod/github.com/gin-gonic/gin@v1.11.0/context.go:192\nmain.NewHTTPServer.VersionMiddleware.func4\n\t/app/internal/middleware/versioning.go:35\ngithub.com/gin-gonic/gin.(*Context).Next\n\t/go/pkg/mod/github.com/gin-gonic/gin@v1.11.0/context.go:192\nmain.NewHTTPServer.RequestID.func3\n\t/app/internal/middleware/request_id.go:34\ngithub.com/gin-gonic/gin.(*Context).Next\n\t/go/pkg/mod/github.com/gin-gonic/gin@v1.11.0/context.go:192\nmain.NewHTTPServer.MaxBodySize.func2\n\t/app/internal/middleware/security.go:52\ngithub.com/gin-gonic/gin.(*Context).Next\n\t/go/pkg/mod/github.com/gin-gonic/gin@v1.11.0/context.go:192\nmain.NewHTTPServer.SecurityHeaders.func1\n\t/app/internal/middleware/security.go:36\ngithub.com/gin-gonic/gin.(*Context).Next\n\t/go/pkg/mod/github.com/gin-gonic/gin@v1.11.0/context.go:192\ngithub.com/gin-gonic/gin.(*Engine).handleHTTPRequest\n\t/go/pkg/mod/github.com/gin-gonic/gin@v1.11.0/gin.go:689\ngithub.com/gin-gonic/gin.(*Engine).ServeHTTP\n\t/go/pkg/mod/github.com/gin-gonic/gin@v1.11.0/gin.go:643\nnet/http.serverHandler.ServeHTTP\n\t/usr/local/go/src/net/http/server.go:3340\nnet/http.(*conn).serve\n\t/usr/local/go/src/net/http/server.go:2109"}
{"level":"info","ts":1782512119.8259082,"caller":"logger/logger.go:106","msg":"Health check completed","vision":"HEALTHY","ocr":"HEALTHY","speech":"HEALTHY"}
{"level":"info","ts":1782512119.826168,"caller":"logger/logger.go:156","msg":"Experiment infer completed","request_id":"8f90dc55d61a9337","request_id":"req-A1-static_resilience-run1-5-5-1782512094928-qrvl1mm4","scenario":"A1","condition":"static_resilience","run":1,"category":"full","latency_ms":24891}
{"level":"info","ts":1782512119.8262017,"caller":"logger/logger.go:106","msg":"Request served","request_id":"8f90dc55d61a9337","status":200,"method":"POST","path":"/api/v1/infer","ip":"[IP-DISAMARKAN]","latency":24.894477404}
{"level":"info","ts":1782512122.6133285,"caller":"logger/logger.go:106","msg":"Request served","request_id":"54628cc5656bb4a7","status":200,"method":"GET","path":"/metrics","ip":"[IP-DISAMARKAN]","latency":0.000995683}
{"level":"info","ts":1782512125.029918,"caller":"logger/logger.go:156","msg":"Experiment infer completed","request_id":"a49adb7981a0c69c","request_id":"req-A1-static_resilience-run1-3-9-1782512100023-8bps2q10","scenario":"A1","condition":"static_resilience","run":1,"category":"full","latency_ms":24995}
{"level":"info","ts":1782512125.0299728,"caller":"logger/logger.go:106","msg":"Request served","request_id":"a49adb7981a0c69c","status":200,"method":"POST","path":"/api/v1/infer","ip":"[IP-DISAMARKAN]","latency":24.998199249}
{"level":"info","ts":1782512127.6134052,"caller":"logger/logger.go:106","msg":"Request served","request_id":"f895bdbfb4654fcd","status":200,"method":"GET","path":"/metrics","ip":"[IP-DISAMARKAN]","latency":0.000917276}
{"level":"info","ts":1782512130.1346216,"caller":"logger/logger.go:156","msg":"Experiment infer completed","request_id":"c006ae21d9c72669","request_id":"req-A1-static_resilience-run1-4-7-1782512105220-2hpeleww","scenario":"A1","condition":"static_resilience","run":1,"category":"full","latency_ms":24903}
{"level":"info","ts":1782512130.1346736,"caller":"logger/logger.go:106","msg":"Request served","request_id":"c006ae21d9c72669","status":200,"method":"POST","path":"/api/v1/infer","ip":"[IP-DISAMARKAN]","latency":24.906549599}
{"level":"info","ts":1782512132.6128259,"caller":"logger/logger.go:106","msg":"Request served","request_id":"f8e1b11939708b11","status":200,"method":"GET","path":"/metrics","ip":"[IP-DISAMARKAN]","latency":0.000899977}
{"level":"warn","ts":1782512134.9352894,"caller":"logger/logger.go:116","msg":"Worker health check failed","worker":"speech","error":"rpc error: code = DeadlineExceeded desc = context deadline exceeded"}
{"level":"info","ts":1782512134.9356468,"caller":"logger/logger.go:106","msg":"Health check completed","vision":"HEALTHY","ocr":"HEALTHY","speech":"UNHEALTHY"}
{"level":"info","ts":1782512135.4159715,"caller":"logger/logger.go:156","msg":"Experiment infer completed","request_id":"6e85ea5077657c3f","request_id":"req-A1-static_resilience-run1-1-17-1782512110418-2bt4tdmv","scenario":"A1","condition":"static_resilience","run":1,"category":"full","latency_ms":24989}
{"level":"info","ts":1782512135.416037,"caller":"logger/logger.go:106","msg":"Request served","request_id":"6e85ea5077657c3f","status":200,"method":"POST","path":"/api/v1/infer","ip":"[IP-DISAMARKAN]","latency":24.994751574}
{"level":"info","ts":1782512137.613181,"caller":"logger/logger.go:106","msg":"Request served","request_id":"e4b8bfa40fb35b28","status":200,"method":"GET","path":"/metrics","ip":"[IP-DISAMARKAN]","latency":0.001281967}
{"level":"info","ts":1782512140.527062,"caller":"logger/logger.go:156","msg":"Experiment infer completed","request_id":"81a652b50d257aee","request_id":"req-A1-static_resilience-run1-2-13-1782512115518-po8w5hmv","scenario":"A1","condition":"static_resilience","run":1,"category":"full","latency_ms":25000}
{"level":"info","ts":1782512140.527111,"caller":"logger/logger.go:106","msg":"Request served","request_id":"81a652b50d257aee","status":200,"method":"POST","path":"/api/v1/infer","ip":"[IP-DISAMARKAN]","latency":25.002814514}
{"level":"info","ts":1782512142.6140728,"caller":"logger/logger.go:106","msg":"Request served","request_id":"1444c7d5c42c7bf9","status":200,"method":"GET","path":"/metrics","ip":"[IP-DISAMARKAN]","latency":0.000987846}
{"level":"info","ts":1782512145.6389608,"caller":"logger/logger.go:156","msg":"Experiment infer completed","request_id":"2c81eb19b1c46de0","request_id":"req-A1-static_resilience-run1-5-6-1782512120827-m6si4f0l","scenario":"A1","condition":"static_resilience","run":1,"category":"full","latency_ms":24796}
{"level":"info","ts":1782512145.6390047,"caller":"logger/logger.go:106","msg":"Request served","request_id":"2c81eb19b1c46de0","status":200,"method":"POST","path":"/api/v1/infer","ip":"[IP-DISAMARKAN]","latency":24.808099176}
{"level":"info","ts":1782512147.2528527,"caller":"logger/logger.go:106","msg":"ExperimentService","event":"fault_logged","type":"fault_injected","target":"vision"}
{"level":"info","ts":1782512147.2532408,"caller":"logger/logger.go:106","msg":"Request served","request_id":"56c43f54e34a50b0","status":201,"method":"POST","path":"/api/v1/experiments/fault-events","ip":"[IP-DISAMARKAN]","latency":0.004994611}
{"level":"info","ts":1782512147.6154675,"caller":"logger/logger.go:106","msg":"Request served","request_id":"b0b78b73a287bd05","status":200,"method":"GET","path":"/metrics","ip":"[IP-DISAMARKAN]","latency":0.003018832}
{"level":"warn","ts":1782512149.9354715,"caller":"logger/logger.go:116","msg":"Worker health check failed","worker":"speech","error":"rpc error: code = DeadlineExceeded desc = context deadline exceeded"}
{"level":"info","ts":1782512149.9381652,"caller":"logger/logger.go:106","msg":"Health check completed","vision":"HEALTHY","ocr":"HEALTHY","speech":"UNHEALTHY"}
{"level":"info","ts":1782512150.5221965,"caller":"logger/logger.go:156","msg":"Experiment infer completed","request_id":"941b993eb3f24e2f","request_id":"req-A1-static_resilience-run1-3-10-1782512126032-j2wlll9x","scenario":"A1","condition":"static_resilience","run":1,"category":"full","latency_ms":24480}
{"level":"info","ts":1782512150.5222487,"caller":"logger/logger.go:106","msg":"Request served","request_id":"941b993eb3f24e2f","status":200,"method":"POST","path":"/api/v1/infer","ip":"[IP-DISAMARKAN]","latency":24.485095773}
{"level":"info","ts":1782512152.6145139,"caller":"logger/logger.go:106","msg":"Request served","request_id":"aee4baf85d5af4b0","status":200,"method":"GET","path":"/metrics","ip":"[IP-DISAMARKAN]","latency":0.002250771}
{"level":"error","ts":1782512153.556862,"caller":"logger/logger.go:121","msg":"Server error","request_id":"d7b4b2baa8bc4048","status":503,"method":"GET","path":"/api/v1/health","ip":"::1","latency":5.018404688,"error":"","stacktrace":"temandifa-backend/internal/logger.Error\n\t/app/internal/logger/logger.go:121\nmain.NewHTTPServer.RequestLogger.func5\n\t/app/internal/middleware/request_logger.go:44\ngithub.com/gin-gonic/gin.(*Context).Next\n\t/go/pkg/mod/github.com/gin-gonic/gin@v1.11.0/context.go:192\nmain.NewHTTPServer.VersionMiddleware.func4\n\t/app/internal/middleware/versioning.go:35\ngithub.com/gin-gonic/gin.(*Context).Next\n\t/go/pkg/mod/github.com/gin-gonic/gin@v1.11.0/context.go:192\nmain.NewHTTPServer.RequestID.func3\n\t/app/internal/middleware/request_id.go:34\ngithub.com/gin-gonic/gin.(*Context).Next\n\t/go/pkg/mod/github.com/gin-gonic/gin@v1.11.0/context.go:192\nmain.NewHTTPServer.MaxBodySize.func2\n\t/app/internal/middleware/security.go:52\ngithub.com/gin-gonic/gin.(*Context).Next\n\t/go/pkg/mod/github.com/gin-gonic/gin@v1.11.0/context.go:192\nmain.NewHTTPServer.SecurityHeaders.func1\n\t/app/internal/middleware/security.go:36\ngithub.com/gin-gonic/gin.(*Context).Next\n\t/go/pkg/mod/github.com/gin-gonic/gin@v1.11.0/context.go:192\ngithub.com/gin-gonic/gin.(*Engine).handleHTTPRequest\n\t/go/pkg/mod/github.com/gin-gonic/gin@v1.11.0/gin.go:689\ngithub.com/gin-gonic/gin.(*Engine).ServeHTTP\n\t/go/pkg/mod/github.com/gin-gonic/gin@v1.11.0/gin.go:643\nnet/http.serverHandler.ServeHTTP\n\t/usr/local/go/src/net/http/server.go:3340\nnet/http.(*conn).serve\n\t/usr/local/go/src/net/http/server.go:2109"}
{"level":"info","ts":1782512154.8481648,"caller":"logger/logger.go:156","msg":"Experiment infer completed","request_id":"623bbe2d0ac1d3d6","request_id":"req-A1-static_resilience-run1-4-8-1782512131136-ufsk2qqi","scenario":"A1","condition":"static_resilience","run":1,"category":"full","latency_ms":23704}
{"level":"info","ts":1782512154.8482144,"caller":"logger/logger.go:106","msg":"Request served","request_id":"623bbe2d0ac1d3d6","status":200,"method":"POST","path":"/api/v1/infer","ip":"[IP-DISAMARKAN]","latency":23.707788487}
{"level":"info","ts":1782512157.612765,"caller":"logger/logger.go:106","msg":"Request served","request_id":"742f5ce84d398000","status":200,"method":"GET","path":"/metrics","ip":"[IP-DISAMARKAN]","latency":0.000876117}
{"level":"info","ts":1782512159.4347079,"caller":"logger/logger.go:156","msg":"Experiment infer completed","request_id":"e5a07dada62aa9e2","request_id":"req-A1-static_resilience-run1-3-11-1782512151524-t3peytop","scenario":"A1","condition":"static_resilience","run":1,"category":"full","latency_ms":7898}
{"level":"info","ts":1782512159.4347608,"caller":"logger/logger.go:106","msg":"Request served","request_id":"e5a07dada62aa9e2","status":200,"method":"POST","path":"/api/v1/infer","ip":"[IP-DISAMARKAN]","latency":7.905433126}
{"level":"info","ts":1782512162.6136386,"caller":"logger/logger.go:106","msg":"Request served","request_id":"8803a9f23c61e376","status":200,"method":"GET","path":"/metrics","ip":"[IP-DISAMARKAN]","latency":0.001131901}
{"level":"info","ts":1782512163.82685,"caller":"logger/logger.go:156","msg":"Experiment infer completed","request_id":"400e84f4bb6432b3","request_id":"req-A1-static_resilience-run1-2-14-1782512141529-8bg2jtht","scenario":"A1","condition":"static_resilience","run":1,"category":"full","latency_ms":22288}
{"level":"info","ts":1782512163.8269067,"caller":"logger/logger.go:106","msg":"Request served","request_id":"400e84f4bb6432b3","status":200,"method":"POST","path":"/api/v1/infer","ip":"[IP-DISAMARKAN]","latency":22.293232737}
{"level":"info","ts":1782512163.8270636,"caller":"logger/logger.go:106","msg":"Health check completed","vision":"HEALTHY","ocr":"HEALTHY","speech":"HEALTHY"}
{"level":"info","ts":1782512167.6151443,"caller":"logger/logger.go:106","msg":"Request served","request_id":"d32e4dd7b57c78d6","status":200,"method":"GET","path":"/metrics","ip":"[IP-DISAMARKAN]","latency":0.002265081}
{"level":"info","ts":1782512168.2380621,"caller":"logger/logger.go:156","msg":"Experiment infer completed","request_id":"330eca0f1955309e","request_id":"req-A1-static_resilience-run1-5-7-1782512146640-lrdpu328","scenario":"A1","condition":"static_resilience","run":1,"category":"full","latency_ms":21587}
{"level":"info","ts":1782512168.2381144,"caller":"logger/logger.go:106","msg":"Request served","request_id":"330eca0f1955309e","status":200,"method":"POST","path":"/api/v1/infer","ip":"[IP-DISAMARKAN]","latency":21.592898689}
{"level":"info","ts":1782512172.550437,"caller":"logger/logger.go:156","msg":"Experiment infer completed","request_id":"090fbeef09a4a6c1","request_id":"req-A1-static_resilience-run1-1-18-1782512136418-tt71w6w0","scenario":"A1","condition":"static_resilience","run":1,"category":"full","latency_ms":36124}
{"level":"info","ts":1782512172.5504894,"caller":"logger/logger.go:106","msg":"Request served","request_id":"090fbeef09a4a6c1","status":200,"method":"POST","path":"/api/v1/infer","ip":"[IP-DISAMARKAN]","latency":36.12809794}
{"level":"info","ts":1782512172.615527,"caller":"logger/logger.go:106","msg":"Request served","request_id":"ab9da4e553a24948","status":200,"method":"GET","path":"/metrics","ip":"[IP-DISAMARKAN]","latency":0.003022692}
{"level":"info","ts":1782512177.1461926,"caller":"logger/logger.go:156","msg":"Experiment infer completed","request_id":"751be8dbfc6d04a0","request_id":"req-A1-static_resilience-run1-4-9-1782512155851-k73cqzou","scenario":"A1","condition":"static_resilience","run":1,"category":"full","latency_ms":21285}
{"level":"info","ts":1782512177.1462436,"caller":"logger/logger.go:106","msg":"Request served","request_id":"751be8dbfc6d04a0","status":200,"method":"POST","path":"/api/v1/infer","ip":"[IP-DISAMARKAN]","latency":21.289627755}
{"level":"info","ts":1782512177.6156838,"caller":"logger/logger.go:106","msg":"Request served","request_id":"e3c3531b55ca2f4a","status":200,"method":"GET","path":"/metrics","ip":"[IP-DISAMARKAN]","latency":0.003186047}
{"level":"warn","ts":1782512179.9366663,"caller":"logger/logger.go:116","msg":"Worker health check failed","worker":"speech","error":"rpc error: code = DeadlineExceeded desc = context deadline exceeded"}
{"level":"info","ts":1782512179.9371946,"caller":"logger/logger.go:106","msg":"Health check completed","vision":"HEALTHY","ocr":"HEALTHY","speech":"UNHEALTHY"}
{"level":"info","ts":1782512181.8151708,"caller":"logger/logger.go:156","msg":"Experiment infer completed","request_id":"1e49ac2fe1505bb3","request_id":"req-A1-static_resilience-run1-3-12-1782512160437-eb59bqjd","scenario":"A1","condition":"static_resilience","run":1,"category":"full","latency_ms":21370}
{"level":"info","ts":1782512181.815223,"caller":"logger/logger.go:106","msg":"Request served","request_id":"1e49ac2fe1505bb3","status":200,"method":"POST","path":"/api/v1/infer","ip":"[IP-DISAMARKAN]","latency":21.374991126}
{"level":"info","ts":1782512182.6152265,"caller":"logger/logger.go:106","msg":"Request served","request_id":"f290fc95ca32c729","status":200,"method":"GET","path":"/metrics","ip":"[IP-DISAMARKAN]","latency":0.002052907}
{"level":"info","ts":1782512186.148544,"caller":"logger/logger.go:156","msg":"Experiment infer completed","request_id":"5557973418e7b602","request_id":"req-A1-static_resilience-run1-2-15-1782512164830-yffdiynh","scenario":"A1","condition":"static_resilience","run":1,"category":"full","latency_ms":21307}
{"level":"info","ts":1782512186.1486006,"caller":"logger/logger.go:106","msg":"Request served","request_id":"5557973418e7b602","status":200,"method":"POST","path":"/api/v1/infer","ip":"[IP-DISAMARKAN]","latency":21.314176402}
{"level":"info","ts":1782512187.6143026,"caller":"logger/logger.go:106","msg":"Request served","request_id":"6bbb47bb58761956","status":200,"method":"GET","path":"/metrics","ip":"[IP-DISAMARKAN]","latency":0.001172819}
{"level":"error","ts":1782512188.6150818,"caller":"logger/logger.go:121","msg":"Server error","request_id":"9d8a019fbf112fb2","status":503,"method":"GET","path":"/api/v1/health","ip":"::1","latency":5.021828658,"error":"","stacktrace":"temandifa-backend/internal/logger.Error\n\t/app/internal/logger/logger.go:121\nmain.NewHTTPServer.RequestLogger.func5\n\t/app/internal/middleware/request_logger.go:44\ngithub.com/gin-gonic/gin.(*Context).Next\n\t/go/pkg/mod/github.com/gin-gonic/gin@v1.11.0/context.go:192\nmain.NewHTTPServer.VersionMiddleware.func4\n\t/app/internal/middleware/versioning.go:35\ngithub.com/gin-gonic/gin.(*Context).Next\n\t/go/pkg/mod/github.com/gin-gonic/gin@v1.11.0/context.go:192\nmain.NewHTTPServer.RequestID.func3\n\t/app/internal/middleware/request_id.go:34\ngithub.com/gin-gonic/gin.(*Context).Next\n\t/go/pkg/mod/github.com/gin-gonic/gin@v1.11.0/context.go:192\nmain.NewHTTPServer.MaxBodySize.func2\n\t/app/internal/middleware/security.go:52\ngithub.com/gin-gonic/gin.(*Context).Next\n\t/go/pkg/mod/github.com/gin-gonic/gin@v1.11.0/context.go:192\nmain.NewHTTPServer.SecurityHeaders.func1\n\t/app/internal/middleware/security.go:36\ngithub.com/gin-gonic/gin.(*Context).Next\n\t/go/pkg/mod/github.com/gin-gonic/gin@v1.11.0/context.go:192\ngithub.com/gin-gonic/gin.(*Engine).handleHTTPRequest\n\t/go/pkg/mod/github.com/gin-gonic/gin@v1.11.0/gin.go:689\ngithub.com/gin-gonic/gin.(*Engine).ServeHTTP\n\t/go/pkg/mod/github.com/gin-gonic/gin@v1.11.0/gin.go:643\nnet/http.serverHandler.ServeHTTP\n\t/usr/local/go/src/net/http/server.go:3340\nnet/http.(*conn).serve\n\t/usr/local/go/src/net/http/server.go:2109"}
{"level":"info","ts":1782512190.6459272,"caller":"logger/logger.go:156","msg":"Experiment infer completed","request_id":"83b2d65131083171","request_id":"req-A1-static_resilience-run1-5-8-1782512169239-xwazzv3o","scenario":"A1","condition":"static_resilience","run":1,"category":"full","latency_ms":21392}
{"level":"info","ts":1782512190.6459827,"caller":"logger/logger.go:106","msg":"Request served","request_id":"83b2d65131083171","status":200,"method":"POST","path":"/api/v1/infer","ip":"[IP-DISAMARKAN]","latency":21.401833812}
{"level":"info","ts":1782512192.6133537,"caller":"logger/logger.go:106","msg":"Request served","request_id":"03e10443e9e13f56","status":200,"method":"GET","path":"/metrics","ip":"[IP-DISAMARKAN]","latency":0.000850018}
{"level":"warn","ts":1782512194.9361851,"caller":"logger/logger.go:116","msg":"Worker health check failed","worker":"speech","error":"rpc error: code = DeadlineExceeded desc = context deadline exceeded"}
{"level":"info","ts":1782512194.936702,"caller":"logger/logger.go:106","msg":"Health check completed","vision":"HEALTHY","ocr":"HEALTHY","speech":"UNHEALTHY"}
{"level":"info","ts":1782512195.117466,"caller":"logger/logger.go:156","msg":"Experiment infer completed","request_id":"7f868a9d177d2ffb","request_id":"req-A1-static_resilience-run1-1-19-1782512173552-efn6j255","scenario":"A1","condition":"static_resilience","run":1,"category":"full","latency_ms":21557}
{"level":"info","ts":1782512195.1175168,"caller":"logger/logger.go:106","msg":"Request served","request_id":"7f868a9d177d2ffb","status":200,"method":"POST","path":"/api/v1/infer","ip":"[IP-DISAMARKAN]","latency":21.561863292}
{"level":"info","ts":1782512197.6139476,"caller":"logger/logger.go:106","msg":"Request served","request_id":"6dcddd205ee3a798","status":200,"method":"GET","path":"/metrics","ip":"[IP-DISAMARKAN]","latency":0.002040477}
{"level":"info","ts":1782512199.524182,"caller":"logger/logger.go:156","msg":"Experiment infer completed","request_id":"668d6f044a50686a","request_id":"req-A1-static_resilience-run1-4-10-1782512178147-pg4xthy2","scenario":"A1","condition":"static_resilience","run":1,"category":"full","latency_ms":21368}
{"level":"info","ts":1782512199.5242345,"caller":"logger/logger.go:106","msg":"Request served","request_id":"668d6f044a50686a","status":200,"method":"POST","path":"/api/v1/infer","ip":"[IP-DISAMARKAN]","latency":21.372185061}
{"level":"info","ts":1782512202.613607,"caller":"logger/logger.go:106","msg":"Request served","request_id":"5459a77ba1045317","status":200,"method":"GET","path":"/metrics","ip":"[IP-DISAMARKAN]","latency":0.001107641}
{"level":"info","ts":1782512203.8281858,"caller":"logger/logger.go:156","msg":"Experiment infer completed","request_id":"6c1c7b67ddabebea","request_id":"req-A1-static_resilience-run1-3-13-1782512182817-qzcp6613","scenario":"A1","condition":"static_resilience","run":1,"category":"full","latency_ms":21001}
{"level":"info","ts":1782512203.8282473,"caller":"logger/logger.go:106","msg":"Request served","request_id":"6c1c7b67ddabebea","status":200,"method":"POST","path":"/api/v1/infer","ip":"[IP-DISAMARKAN]","latency":21.006275316}
{"level":"info","ts":1782512207.613504,"caller":"logger/logger.go:106","msg":"Request served","request_id":"6c83b15d4bc61b96","status":200,"method":"GET","path":"/metrics","ip":"[IP-DISAMARKAN]","latency":0.001031173}
{"level":"info","ts":1782512208.5609806,"caller":"logger/logger.go:156","msg":"Experiment infer completed","request_id":"6cdcfb13ef3ae15a","request_id":"req-A1-static_resilience-run1-2-16-1782512187150-mjf0h0tz","scenario":"A1","condition":"static_resilience","run":1,"category":"full","latency_ms":21399}
{"level":"info","ts":1782512208.5610514,"caller":"logger/logger.go:106","msg":"Request served","request_id":"6cdcfb13ef3ae15a","status":200,"method":"POST","path":"/api/v1/infer","ip":"[IP-DISAMARKAN]","latency":21.4064644}
{"level":"warn","ts":1782512209.9362454,"caller":"logger/logger.go:116","msg":"Worker health check failed","worker":"speech","error":"rpc error: code = DeadlineExceeded desc = context deadline exceeded"}
{"level":"info","ts":1782512209.9377906,"caller":"logger/logger.go:106","msg":"Health check completed","vision":"HEALTHY","ocr":"HEALTHY","speech":"UNHEALTHY"}
{"level":"info","ts":1782512212.6162336,"caller":"logger/logger.go:106","msg":"Request served","request_id":"eb6a8fa6fe68e201","status":200,"method":"GET","path":"/metrics","ip":"[IP-DISAMARKAN]","latency":0.003075191}
{"level":"info","ts":1782512212.837185,"caller":"logger/logger.go:156","msg":"Experiment infer completed","request_id":"7ae77288ce0a5674","request_id":"req-A1-static_resilience-run1-5-9-1782512191648-74kv8lit","scenario":"A1","condition":"static_resilience","run":1,"category":"full","latency_ms":21180}
{"level":"info","ts":1782512212.8372376,"caller":"logger/logger.go:106","msg":"Request served","request_id":"7ae77288ce0a5674","status":200,"method":"POST","path":"/api/v1/infer","ip":"[IP-DISAMARKAN]","latency":21.184988127}
{"level":"info","ts":1782512217.2251935,"caller":"logger/logger.go:156","msg":"Experiment infer completed","request_id":"f4a85426f29ed73b","request_id":"req-A1-static_resilience-run1-1-20-1782512196119-8fqrazdf","scenario":"A1","condition":"static_resilience","run":1,"category":"full","latency_ms":21098}
{"level":"info","ts":1782512217.225312,"caller":"logger/logger.go:106","msg":"Request served","request_id":"f4a85426f29ed73b","status":200,"method":"POST","path":"/api/v1/infer","ip":"[IP-DISAMARKAN]","latency":21.102596638}
{"level":"info","ts":1782512217.6129057,"caller":"logger/logger.go:106","msg":"Request served","request_id":"8215f2ff5d3db49d","status":200,"method":"GET","path":"/metrics","ip":"[IP-DISAMARKAN]","latency":0.001014874}
{"level":"info","ts":1782512221.616187,"caller":"logger/logger.go:156","msg":"Experiment infer completed","request_id":"88421f3347b19c12","request_id":"req-A1-static_resilience-run1-4-11-1782512200525-dz28xaku","scenario":"A1","condition":"static_resilience","run":1,"category":"full","latency_ms":21079}
{"level":"info","ts":1782512221.6162407,"caller":"logger/logger.go:106","msg":"Request served","request_id":"88421f3347b19c12","status":200,"method":"POST","path":"/api/v1/infer","ip":"[IP-DISAMARKAN]","latency":21.084725392}
{"level":"info","ts":1782512222.6152914,"caller":"logger/logger.go:106","msg":"Request served","request_id":"61f6ec9b896c41fa","status":200,"method":"GET","path":"/metrics","ip":"[IP-DISAMARKAN]","latency":0.003020042}
{"level":"error","ts":1782512223.774422,"caller":"logger/logger.go:121","msg":"Server error","request_id":"b9d7ec38206bbf5c","status":503,"method":"GET","path":"/api/v1/health","ip":"::1","latency":5.025115011,"error":"","stacktrace":"temandifa-backend/internal/logger.Error\n\t/app/internal/logger/logger.go:121\nmain.NewHTTPServer.RequestLogger.func5\n\t/app/internal/middleware/request_logger.go:44\ngithub.com/gin-gonic/gin.(*Context).Next\n\t/go/pkg/mod/github.com/gin-gonic/gin@v1.11.0/context.go:192\nmain.NewHTTPServer.VersionMiddleware.func4\n\t/app/internal/middleware/versioning.go:35\ngithub.com/gin-gonic/gin.(*Context).Next\n\t/go/pkg/mod/github.com/gin-gonic/gin@v1.11.0/context.go:192\nmain.NewHTTPServer.RequestID.func3\n\t/app/internal/middleware/request_id.go:34\ngithub.com/gin-gonic/gin.(*Context).Next\n\t/go/pkg/mod/github.com/gin-gonic/gin@v1.11.0/context.go:192\nmain.NewHTTPServer.MaxBodySize.func2\n\t/app/internal/middleware/security.go:52\ngithub.com/gin-gonic/gin.(*Context).Next\n\t/go/pkg/mod/github.com/gin-gonic/gin@v1.11.0/context.go:192\nmain.NewHTTPServer.SecurityHeaders.func1\n\t/app/internal/middleware/security.go:36\ngithub.com/gin-gonic/gin.(*Context).Next\n\t/go/pkg/mod/github.com/gin-gonic/gin@v1.11.0/context.go:192\ngithub.com/gin-gonic/gin.(*Engine).handleHTTPRequest\n\t/go/pkg/mod/github.com/gin-gonic/gin@v1.11.0/gin.go:689\ngithub.com/gin-gonic/gin.(*Engine).ServeHTTP\n\t/go/pkg/mod/github.com/gin-gonic/gin@v1.11.0/gin.go:643\nnet/http.serverHandler.ServeHTTP\n\t/usr/local/go/src/net/http/server.go:3340\nnet/http.(*conn).serve\n\t/usr/local/go/src/net/http/server.go:2109"}
{"level":"warn","ts":1782512224.9358592,"caller":"logger/logger.go:116","msg":"Worker health check failed","worker":"speech","error":"rpc error: code = DeadlineExceeded desc = context deadline exceeded"}
{"level":"info","ts":1782512224.9364498,"caller":"logger/logger.go:106","msg":"Health check completed","vision":"HEALTHY","ocr":"HEALTHY","speech":"UNHEALTHY"}
{"level":"info","ts":1782512225.9218001,"caller":"logger/logger.go:156","msg":"Experiment infer completed","request_id":"236a7a4b533d2829","request_id":"req-A1-static_resilience-run1-3-14-1782512204830-hzhkm4eg","scenario":"A1","condition":"static_resilience","run":1,"category":"full","latency_ms":21081}
{"level":"info","ts":1782512225.9218514,"caller":"logger/logger.go:106","msg":"Request served","request_id":"236a7a4b533d2829","status":200,"method":"POST","path":"/api/v1/infer","ip":"[IP-DISAMARKAN]","latency":21.087310738}
{"level":"info","ts":1782512227.6143546,"caller":"logger/logger.go:106","msg":"Request served","request_id":"ab4130baacee7a4e","status":200,"method":"GET","path":"/metrics","ip":"[IP-DISAMARKAN]","latency":0.00156199}
{"level":"info","ts":1782512230.3471856,"caller":"logger/logger.go:156","msg":"Experiment infer completed","request_id":"357793c4cacc8ae7","request_id":"req-A1-static_resilience-run1-2-17-1782512209563-58crvopt","scenario":"A1","condition":"static_resilience","run":1,"category":"full","latency_ms":20775}
{"level":"info","ts":1782512230.3472445,"caller":"logger/logger.go:106","msg":"Request served","request_id":"357793c4cacc8ae7","status":200,"method":"POST","path":"/api/v1/infer","ip":"[IP-DISAMARKAN]","latency":20.779921326}
{"level":"info","ts":1782512232.6163893,"caller":"logger/logger.go:106","msg":"Request served","request_id":"2e54c0bbb2c6ecb3","status":200,"method":"GET","path":"/metrics","ip":"[IP-DISAMARKAN]","latency":0.003224806}
{"level":"info","ts":1782512234.8277745,"caller":"logger/logger.go:156","msg":"Experiment infer completed","request_id":"e7eeee094b2281e5","request_id":"req-A1-static_resilience-run1-5-10-1782512213840-h8u6172k","scenario":"A1","condition":"static_resilience","run":1,"category":"full","latency_ms":20979}
{"level":"info","ts":1782512234.8278277,"caller":"logger/logger.go:106","msg":"Request served","request_id":"e7eeee094b2281e5","status":200,"method":"POST","path":"/api/v1/infer","ip":"[IP-DISAMARKAN]","latency":20.983870651}
{"level":"info","ts":1782512237.6147153,"caller":"logger/logger.go:106","msg":"Request served","request_id":"ff96c308c3e02a1c","status":200,"method":"GET","path":"/metrics","ip":"[IP-DISAMARKAN]","latency":0.0015053}
{"level":"info","ts":1782512239.4390042,"caller":"logger/logger.go:156","msg":"Experiment infer completed","request_id":"2a19b1fa9c307a43","request_id":"req-A1-static_resilience-run1-1-21-1782512218226-j72ted9e","scenario":"A1","condition":"static_resilience","run":1,"category":"full","latency_ms":21204}
{"level":"info","ts":1782512239.43907,"caller":"logger/logger.go:106","msg":"Request served","request_id":"2a19b1fa9c307a43","status":200,"method":"POST","path":"/api/v1/infer","ip":"[IP-DISAMARKAN]","latency":21.208874641}
{"level":"info","ts":1782512239.439317,"caller":"logger/logger.go:106","msg":"Health check completed","vision":"HEALTHY","ocr":"HEALTHY","speech":"HEALTHY"}
{"level":"info","ts":1782512242.6144626,"caller":"logger/logger.go:106","msg":"Request served","request_id":"aa1a49361c3b184b","status":200,"method":"GET","path":"/metrics","ip":"[IP-DISAMARKAN]","latency":0.002496195}
{"level":"info","ts":1782512243.8168716,"caller":"logger/logger.go:156","msg":"Experiment infer completed","request_id":"6a5a69a5ee8305f8","request_id":"req-A1-static_resilience-run1-4-12-1782512222618-pccbolnh","scenario":"A1","condition":"static_resilience","run":1,"category":"full","latency_ms":21190}
{"level":"info","ts":1782512243.816924,"caller":"logger/logger.go:106","msg":"Request served","request_id":"6a5a69a5ee8305f8","status":200,"method":"POST","path":"/api/v1/infer","ip":"[IP-DISAMARKAN]","latency":21.192612615}
{"level":"info","ts":1782512247.6130571,"caller":"logger/logger.go:106","msg":"Request served","request_id":"ab126e396f218722","status":200,"method":"GET","path":"/metrics","ip":"[IP-DISAMARKAN]","latency":0.001196189}
{"level":"info","ts":1782512248.1475456,"caller":"logger/logger.go:156","msg":"Experiment infer completed","request_id":"b55ec5599b48e157","request_id":"req-A1-static_resilience-run1-3-15-1782512226923-ulraw0io","scenario":"A1","condition":"static_resilience","run":1,"category":"full","latency_ms":21215}
{"level":"info","ts":1782512248.1475952,"caller":"logger/logger.go:106","msg":"Request served","request_id":"b55ec5599b48e157","status":200,"method":"POST","path":"/api/v1/infer","ip":"[IP-DISAMARKAN]","latency":21.221247464}
{"level":"info","ts":1782512252.6111627,"caller":"logger/logger.go:156","msg":"Experiment infer completed","request_id":"6f9041934ee7ed28","request_id":"req-A1-static_resilience-run1-2-18-1782512231348-1emg5hj1","scenario":"A1","condition":"static_resilience","run":1,"category":"full","latency_ms":21254}
{"level":"info","ts":1782512252.6112165,"caller":"logger/logger.go:106","msg":"Request served","request_id":"6f9041934ee7ed28","status":200,"method":"POST","path":"/api/v1/infer","ip":"[IP-DISAMARKAN]","latency":21.258485196}
{"level":"info","ts":1782512252.6134481,"caller":"logger/logger.go:106","msg":"Request served","request_id":"bcb4cd338aaa4c3e","status":200,"method":"GET","path":"/metrics","ip":"[IP-DISAMARKAN]","latency":0.000985614}
{"level":"warn","ts":1782512254.9367049,"caller":"logger/logger.go:116","msg":"Worker health check failed","worker":"speech","error":"rpc error: code = DeadlineExceeded desc = context deadline exceeded"}
{"level":"info","ts":1782512254.9383562,"caller":"logger/logger.go:106","msg":"Health check completed","vision":"HEALTHY","ocr":"HEALTHY","speech":"UNHEALTHY"}
{"level":"info","ts":1782512256.951805,"caller":"logger/logger.go:156","msg":"Experiment infer completed","request_id":"a27b6ed89f2375e3","request_id":"req-A1-static_resilience-run1-5-11-1782512235829-6ebyyegv","scenario":"A1","condition":"static_resilience","run":1,"category":"full","latency_ms":21112}
{"level":"info","ts":1782512256.9518566,"caller":"logger/logger.go:106","msg":"Request served","request_id":"a27b6ed89f2375e3","status":200,"method":"POST","path":"/api/v1/infer","ip":"[IP-DISAMARKAN]","latency":21.118125752}
{"level":"info","ts":1782512257.6159463,"caller":"logger/logger.go:106","msg":"Request served","request_id":"cdcdf55114bbcd97","status":200,"method":"GET","path":"/metrics","ip":"[IP-DISAMARKAN]","latency":0.002788587}
{"level":"error","ts":1782512258.917235,"caller":"logger/logger.go:121","msg":"Server error","request_id":"34241e35f8286794","status":503,"method":"GET","path":"/api/v1/health","ip":"::1","latency":5.03555061,"error":"","stacktrace":"temandifa-backend/internal/logger.Error\n\t/app/internal/logger/logger.go:121\nmain.NewHTTPServer.RequestLogger.func5\n\t/app/internal/middleware/request_logger.go:44\ngithub.com/gin-gonic/gin.(*Context).Next\n\t/go/pkg/mod/github.com/gin-gonic/gin@v1.11.0/context.go:192\nmain.NewHTTPServer.VersionMiddleware.func4\n\t/app/internal/middleware/versioning.go:35\ngithub.com/gin-gonic/gin.(*Context).Next\n\t/go/pkg/mod/github.com/gin-gonic/gin@v1.11.0/context.go:192\nmain.NewHTTPServer.RequestID.func3\n\t/app/internal/middleware/request_id.go:34\ngithub.com/gin-gonic/gin.(*Context).Next\n\t/go/pkg/mod/github.com/gin-gonic/gin@v1.11.0/context.go:192\nmain.NewHTTPServer.MaxBodySize.func2\n\t/app/internal/middleware/security.go:52\ngithub.com/gin-gonic/gin.(*Context).Next\n\t/go/pkg/mod/github.com/gin-gonic/gin@v1.11.0/context.go:192\nmain.NewHTTPServer.SecurityHeaders.func1\n\t/app/internal/middleware/security.go:36\ngithub.com/gin-gonic/gin.(*Context).Next\n\t/go/pkg/mod/github.com/gin-gonic/gin@v1.11.0/context.go:192\ngithub.com/gin-gonic/gin.(*Engine).handleHTTPRequest\n\t/go/pkg/mod/github.com/gin-gonic/gin@v1.11.0/gin.go:689\ngithub.com/gin-gonic/gin.(*Engine).ServeHTTP\n\t/go/pkg/mod/github.com/gin-gonic/gin@v1.11.0/gin.go:643\nnet/http.serverHandler.ServeHTTP\n\t/usr/local/go/src/net/http/server.go:3340\nnet/http.(*conn).serve\n\t/usr/local/go/src/net/http/server.go:2109"}
{"level":"info","ts":1782512261.344795,"caller":"logger/logger.go:156","msg":"Experiment infer completed","request_id":"678a12122590e015","request_id":"req-A1-static_resilience-run1-1-22-1782512240441-wnzafvt6","scenario":"A1","condition":"static_resilience","run":1,"category":"full","latency_ms":20893}
{"level":"info","ts":1782512261.3448505,"caller":"logger/logger.go:106","msg":"Request served","request_id":"678a12122590e015","status":200,"method":"POST","path":"/api/v1/infer","ip":"[IP-DISAMARKAN]","latency":20.897386083}
{"level":"info","ts":1782512262.6162717,"caller":"logger/logger.go:106","msg":"Request served","request_id":"b69eea260dd9269f","status":200,"method":"GET","path":"/metrics","ip":"[IP-DISAMARKAN]","latency":0.003756373}
{"level":"info","ts":1782512265.830192,"caller":"logger/logger.go:156","msg":"Experiment infer completed","request_id":"4c2b17382f80441e","request_id":"req-A1-static_resilience-run1-4-13-1782512244820-fdhh4dd2","scenario":"A1","condition":"static_resilience","run":1,"category":"full","latency_ms":21001}
{"level":"info","ts":1782512265.8302436,"caller":"logger/logger.go:106","msg":"Request served","request_id":"4c2b17382f80441e","status":200,"method":"POST","path":"/api/v1/infer","ip":"[IP-DISAMARKAN]","latency":21.005454503}
{"level":"info","ts":1782512267.6130116,"caller":"logger/logger.go:106","msg":"Request served","request_id":"7658a9e2a9b1a01d","status":200,"method":"GET","path":"/metrics","ip":"[IP-DISAMARKAN]","latency":0.001081501}
{"level":"warn","ts":1782512269.9361362,"caller":"logger/logger.go:116","msg":"Worker health check failed","worker":"speech","error":"rpc error: code = DeadlineExceeded desc = context deadline exceeded"}
{"level":"info","ts":1782512269.938166,"caller":"logger/logger.go:106","msg":"Health check completed","vision":"HEALTHY","ocr":"HEALTHY","speech":"UNHEALTHY"}
{"level":"info","ts":1782512270.5245764,"caller":"logger/logger.go:156","msg":"Experiment infer completed","request_id":"d7f5a31058d22206","request_id":"req-A1-static_resilience-run1-3-16-1782512249149-gu799pot","scenario":"A1","condition":"static_resilience","run":1,"category":"full","latency_ms":21367}
{"level":"info","ts":1782512270.5246308,"caller":"logger/logger.go:106","msg":"Request served","request_id":"d7f5a31058d22206","status":200,"method":"POST","path":"/api/v1/infer","ip":"[IP-DISAMARKAN]","latency":21.371614058}
{"level":"info","ts":1782512272.612912,"caller":"logger/logger.go:106","msg":"Request served","request_id":"d88e281b1a5fd512","status":200,"method":"GET","path":"/metrics","ip":"[IP-DISAMARKAN]","latency":0.000963964}
{"level":"info","ts":1782512274.8458457,"caller":"logger/logger.go:156","msg":"Experiment infer completed","request_id":"31313d959e03ba69","request_id":"req-A1-static_resilience-run1-2-19-1782512253613-bqf0amvz","scenario":"A1","condition":"static_resilience","run":1,"category":"full","latency_ms":21223}
{"level":"info","ts":1782512274.8459656,"caller":"logger/logger.go:106","msg":"Request served","request_id":"31313d959e03ba69","status":200,"method":"POST","path":"/api/v1/infer","ip":"[IP-DISAMARKAN]","latency":21.22807606}
{"level":"info","ts":1782512277.6151314,"caller":"logger/logger.go:106","msg":"Request served","request_id":"77dbb92c0c7fda6e","status":200,"method":"GET","path":"/metrics","ip":"[IP-DISAMARKAN]","latency":0.00304966}
{"level":"info","ts":1782512279.2374535,"caller":"logger/logger.go:156","msg":"Experiment infer completed","request_id":"f1367e46ed288c3b","request_id":"req-A1-static_resilience-run1-5-12-1782512257953-85cd6f8x","scenario":"A1","condition":"static_resilience","run":1,"category":"full","latency_ms":21277}
{"level":"info","ts":1782512279.237507,"caller":"logger/logger.go:106","msg":"Request served","request_id":"f1367e46ed288c3b","status":200,"method":"POST","path":"/api/v1/infer","ip":"[IP-DISAMARKAN]","latency":21.280846997}
{"level":"info","ts":1782512282.6161597,"caller":"logger/logger.go:106","msg":"Request served","request_id":"18c9488e9ec1b32d","status":200,"method":"GET","path":"/metrics","ip":"[IP-DISAMARKAN]","latency":0.002978524}
{"level":"info","ts":1782512283.7419348,"caller":"logger/logger.go:156","msg":"Experiment infer completed","request_id":"20d51e42925657af","request_id":"req-A1-static_resilience-run1-1-23-1782512262346-rrnlq4js","scenario":"A1","condition":"static_resilience","run":1,"category":"full","latency_ms":21388}
{"level":"info","ts":1782512283.741989,"caller":"logger/logger.go:106","msg":"Request served","request_id":"20d51e42925657af","status":200,"method":"POST","path":"/api/v1/infer","ip":"[IP-DISAMARKAN]","latency":21.390885263}
{"level":"info","ts":1782512283.7421517,"caller":"logger/logger.go:106","msg":"Health check completed","vision":"HEALTHY","ocr":"HEALTHY","speech":"HEALTHY"}
{"level":"info","ts":1782512287.615136,"caller":"logger/logger.go:106","msg":"Request served","request_id":"4462043ced8ae6f4","status":200,"method":"GET","path":"/metrics","ip":"[IP-DISAMARKAN]","latency":0.002604024}
{"level":"info","ts":1782512288.2451818,"caller":"logger/logger.go:156","msg":"Experiment infer completed","request_id":"d98ce601a4631311","request_id":"req-A1-static_resilience-run1-4-14-1782512266833-6alan062","scenario":"A1","condition":"static_resilience","run":1,"category":"full","latency_ms":21400}
{"level":"info","ts":1782512288.245232,"caller":"logger/logger.go:106","msg":"Request served","request_id":"d98ce601a4631311","status":200,"method":"POST","path":"/api/v1/infer","ip":"[IP-DISAMARKAN]","latency":21.404919187}
{"level":"info","ts":1782512292.613944,"caller":"logger/logger.go:106","msg":"Request served","request_id":"fff53835b8278be2","status":200,"method":"GET","path":"/metrics","ip":"[IP-DISAMARKAN]","latency":0.001155671}
{"level":"info","ts":1782512292.8424203,"caller":"logger/logger.go:106","msg":"Request served","request_id":"fe86592ebf89253e","status":200,"method":"GET","path":"/api/v1/health","ip":"::1","latency":3.86097892}
{"level":"info","ts":1782512292.843542,"caller":"logger/logger.go:156","msg":"Experiment infer completed","request_id":"2e2092215dbe7480","request_id":"req-A1-static_resilience-run1-3-17-1782512271526-ai9z1eg5","scenario":"A1","condition":"static_resilience","run":1,"category":"full","latency_ms":21307}
{"level":"info","ts":1782512292.84358,"caller":"logger/logger.go:106","msg":"Request served","request_id":"2e2092215dbe7480","status":200,"method":"POST","path":"/api/v1/infer","ip":"[IP-DISAMARKAN]","latency":21.311910113}
{"level":"info","ts":1782512297.3287938,"caller":"logger/logger.go:156","msg":"Experiment infer completed","request_id":"e1b4b4c7ee43da8e","request_id":"req-A1-static_resilience-run1-2-20-1782512275849-uxi5obg3","scenario":"A1","condition":"static_resilience","run":1,"category":"full","latency_ms":21470}
{"level":"info","ts":1782512297.328846,"caller":"logger/logger.go:106","msg":"Request served","request_id":"e1b4b4c7ee43da8e","status":200,"method":"POST","path":"/api/v1/infer","ip":"[IP-DISAMARKAN]","latency":21.474879375}
{"level":"info","ts":1782512297.6130846,"caller":"logger/logger.go:106","msg":"Request served","request_id":"e66b7865ae4c14d9","status":200,"method":"GET","path":"/metrics","ip":"[IP-DISAMARKAN]","latency":0.001204128}
{"level":"warn","ts":1782512299.9366114,"caller":"logger/logger.go:116","msg":"Worker health check failed","worker":"speech","error":"rpc error: code = DeadlineExceeded desc = context deadline exceeded"}
{"level":"info","ts":1782512299.9371693,"caller":"logger/logger.go:106","msg":"Health check completed","vision":"HEALTHY","ocr":"HEALTHY","speech":"UNHEALTHY"}
{"level":"info","ts":1782512302.0368707,"caller":"logger/logger.go:156","msg":"Experiment infer completed","request_id":"9e2b405241db5456","request_id":"req-A1-static_resilience-run1-5-13-1782512280242-bndclg51","scenario":"A1","condition":"static_resilience","run":1,"category":"full","latency_ms":21788}
{"level":"info","ts":1782512302.036926,"caller":"logger/logger.go:106","msg":"Request served","request_id":"9e2b405241db5456","status":200,"method":"POST","path":"/api/v1/infer","ip":"[IP-DISAMARKAN]","latency":21.791730889}
{"level":"info","ts":1782512302.6129026,"caller":"logger/logger.go:106","msg":"Request served","request_id":"df6f28990f4644cb","status":200,"method":"GET","path":"/metrics","ip":"[IP-DISAMARKAN]","latency":0.000914497}
{"level":"info","ts":1782512306.514362,"caller":"logger/logger.go:156","msg":"Experiment infer completed","request_id":"ac60a8da6ebf542f","request_id":"req-A1-static_resilience-run1-1-24-1782512284743-9k30lf33","scenario":"A1","condition":"static_resilience","run":1,"category":"full","latency_ms":21761}
{"level":"info","ts":1782512306.514413,"caller":"logger/logger.go:106","msg":"Request served","request_id":"ac60a8da6ebf542f","status":200,"method":"POST","path":"/api/v1/infer","ip":"[IP-DISAMARKAN]","latency":21.76694272}
{"level":"info","ts":1782512307.6165302,"caller":"logger/logger.go:106","msg":"Request served","request_id":"d0cbc9e3542ca4e3","status":200,"method":"GET","path":"/metrics","ip":"[IP-DISAMARKAN]","latency":0.001367355}
{"level":"info","ts":1782512310.8392797,"caller":"logger/logger.go:156","msg":"Experiment infer completed","request_id":"30daccc257e5c8e0","request_id":"req-A1-static_resilience-run1-4-15-1782512289247-l2gd155i","scenario":"A1","condition":"static_resilience","run":1,"category":"full","latency_ms":21581}
{"level":"info","ts":1782512310.8393342,"caller":"logger/logger.go:106","msg":"Request served","request_id":"30daccc257e5c8e0","status":200,"method":"POST","path":"/api/v1/infer","ip":"[IP-DISAMARKAN]","latency":21.587016767}
{"level":"info","ts":1782512312.6146586,"caller":"logger/logger.go:106","msg":"Request served","request_id":"b41e04353dbe9aed","status":200,"method":"GET","path":"/metrics","ip":"[IP-DISAMARKAN]","latency":0.002149565}
{"level":"warn","ts":1782512314.9361196,"caller":"logger/logger.go:116","msg":"Worker health check failed","worker":"speech","error":"rpc error: code = DeadlineExceeded desc = context deadline exceeded"}
{"level":"info","ts":1782512314.9365017,"caller":"logger/logger.go:106","msg":"Health check completed","vision":"HEALTHY","ocr":"HEALTHY","speech":"UNHEALTHY"}
{"level":"info","ts":1782512315.3168914,"caller":"logger/logger.go:156","msg":"Experiment infer completed","request_id":"430503485cc99e2a","request_id":"req-A1-static_resilience-run1-3-18-1782512293845-toq6o6mq","scenario":"A1","condition":"static_resilience","run":1,"category":"full","latency_ms":21463}
{"level":"info","ts":1782512315.3169549,"caller":"logger/logger.go:106","msg":"Request served","request_id":"430503485cc99e2a","status":200,"method":"POST","path":"/api/v1/infer","ip":"[IP-DISAMARKAN]","latency":21.465727764}
{"level":"info","ts":1782512317.6144404,"caller":"logger/logger.go:106","msg":"Request served","request_id":"bf3402f6ffc4280d","status":200,"method":"GET","path":"/metrics","ip":"[IP-DISAMARKAN]","latency":0.002364739}
{"level":"info","ts":1782512319.7202725,"caller":"logger/logger.go:156","msg":"Experiment infer completed","request_id":"94fee740f2a7dd97","request_id":"req-A1-static_resilience-run1-2-21-1782512298330-mfc47p0p","scenario":"A1","condition":"static_resilience","run":1,"category":"full","latency_ms":21380}
{"level":"info","ts":1782512319.720327,"caller":"logger/logger.go:106","msg":"Request served","request_id":"94fee740f2a7dd97","status":200,"method":"POST","path":"/api/v1/infer","ip":"[IP-DISAMARKAN]","latency":21.3839635}
{"level":"info","ts":1782512322.6138895,"caller":"logger/logger.go:106","msg":"Request served","request_id":"8243d25fde178a64","status":200,"method":"GET","path":"/metrics","ip":"[IP-DISAMARKAN]","latency":0.001000254}
{"level":"info","ts":1782512324.221254,"caller":"logger/logger.go:156","msg":"Experiment infer completed","request_id":"8f608d35fd161b5c","request_id":"req-A1-static_resilience-run1-5-14-1782512303038-17h3xk4y","scenario":"A1","condition":"static_resilience","run":1,"category":"full","latency_ms":21173}
{"level":"info","ts":1782512324.221305,"caller":"logger/logger.go:106","msg":"Request served","request_id":"8f608d35fd161b5c","status":200,"method":"POST","path":"/api/v1/infer","ip":"[IP-DISAMARKAN]","latency":21.177418164}
{"level":"info","ts":1782512327.6131616,"caller":"logger/logger.go:106","msg":"Request served","request_id":"895d42519f9ca7a5","status":200,"method":"GET","path":"/metrics","ip":"[IP-DISAMARKAN]","latency":0.001300267}
{"level":"error","ts":1782512327.9112375,"caller":"logger/logger.go:121","msg":"Server error","request_id":"be1825ba41e0519c","status":503,"method":"GET","path":"/api/v1/health","ip":"::1","latency":5.013623478,"error":"","stacktrace":"temandifa-backend/internal/logger.Error\n\t/app/internal/logger/logger.go:121\nmain.NewHTTPServer.RequestLogger.func5\n\t/app/internal/middleware/request_logger.go:44\ngithub.com/gin-gonic/gin.(*Context).Next\n\t/go/pkg/mod/github.com/gin-gonic/gin@v1.11.0/context.go:192\nmain.NewHTTPServer.VersionMiddleware.func4\n\t/app/internal/middleware/versioning.go:35\ngithub.com/gin-gonic/gin.(*Context).Next\n\t/go/pkg/mod/github.com/gin-gonic/gin@v1.11.0/context.go:192\nmain.NewHTTPServer.RequestID.func3\n\t/app/internal/middleware/request_id.go:34\ngithub.com/gin-gonic/gin.(*Context).Next\n\t/go/pkg/mod/github.com/gin-gonic/gin@v1.11.0/context.go:192\nmain.NewHTTPServer.MaxBodySize.func2\n\t/app/internal/middleware/security.go:52\ngithub.com/gin-gonic/gin.(*Context).Next\n\t/go/pkg/mod/github.com/gin-gonic/gin@v1.11.0/context.go:192\nmain.NewHTTPServer.SecurityHeaders.func1\n\t/app/internal/middleware/security.go:36\ngithub.com/gin-gonic/gin.(*Context).Next\n\t/go/pkg/mod/github.com/gin-gonic/gin@v1.11.0/context.go:192\ngithub.com/gin-gonic/gin.(*Engine).handleHTTPRequest\n\t/go/pkg/mod/github.com/gin-gonic/gin@v1.11.0/gin.go:689\ngithub.com/gin-gonic/gin.(*Engine).ServeHTTP\n\t/go/pkg/mod/github.com/gin-gonic/gin@v1.11.0/gin.go:643\nnet/http.serverHandler.ServeHTTP\n\t/usr/local/go/src/net/http/server.go:3340\nnet/http.(*conn).serve\n\t/usr/local/go/src/net/http/server.go:2109"}
{"level":"info","ts":1782512328.025569,"caller":"logger/logger.go:106","msg":"ExperimentService","event":"fault_logged","type":"fault_finished","target":"vision"}
{"level":"info","ts":1782512328.0256672,"caller":"logger/logger.go:106","msg":"Request served","request_id":"054c958494231da1","status":201,"method":"POST","path":"/api/v1/experiments/fault-events","ip":"[IP-DISAMARKAN]","latency":0.007887535}
{"level":"info","ts":1782512328.7142627,"caller":"logger/logger.go:156","msg":"Experiment infer completed","request_id":"407348c490bcfb87","request_id":"req-A1-static_resilience-run1-1-25-1782512307515-3qmdb4u8","scenario":"A1","condition":"static_resilience","run":1,"category":"full","latency_ms":21193}
{"level":"info","ts":1782512328.7143114,"caller":"logger/logger.go:106","msg":"Request served","request_id":"407348c490bcfb87","status":200,"method":"POST","path":"/api/v1/infer","ip":"[IP-DISAMARKAN]","latency":21.195728891}
{"level":"info","ts":1782512328.7159488,"caller":"logger/logger.go:106","msg":"Health check completed","vision":"HEALTHY","ocr":"HEALTHY","speech":"HEALTHY"}
{"level":"info","ts":1782512332.6138835,"caller":"logger/logger.go:106","msg":"Request served","request_id":"88bf85e5a5479418","status":200,"method":"GET","path":"/metrics","ip":"[IP-DISAMARKAN]","latency":0.001391305}
{"level":"info","ts":1782512334.115744,"caller":"logger/logger.go:156","msg":"Experiment infer completed","request_id":"467273491e097a90","request_id":"req-A1-static_resilience-run1-4-16-1782512311841-uup8hqlx","scenario":"A1","condition":"static_resilience","run":1,"category":"full","latency_ms":22266}
{"level":"info","ts":1782512334.115801,"caller":"logger/logger.go:106","msg":"Request served","request_id":"467273491e097a90","status":200,"method":"POST","path":"/api/v1/infer","ip":"[IP-DISAMARKAN]","latency":22.270321541}
{"level":"info","ts":1782512337.6132286,"caller":"logger/logger.go:106","msg":"Request served","request_id":"57814f1ae371ee55","status":200,"method":"GET","path":"/metrics","ip":"[IP-DISAMARKAN]","latency":0.001285387}
{"level":"info","ts":1782512339.2431464,"caller":"logger/logger.go:156","msg":"Experiment infer completed","request_id":"edf39eafe82d0bda","request_id":"req-A1-static_resilience-run1-3-19-1782512316319-fdjbqeg9","scenario":"A1","condition":"static_resilience","run":1,"category":"full","latency_ms":22912}
{"level":"info","ts":1782512339.2431984,"caller":"logger/logger.go:106","msg":"Request served","request_id":"edf39eafe82d0bda","status":200,"method":"POST","path":"/api/v1/infer","ip":"[IP-DISAMARKAN]","latency":22.918633451}
{"level":"info","ts":1782512342.6146302,"caller":"logger/logger.go:106","msg":"Request served","request_id":"24a0978efbf643a5","status":200,"method":"GET","path":"/metrics","ip":"[IP-DISAMARKAN]","latency":0.0011769}
{"level":"info","ts":1782512344.420974,"caller":"logger/logger.go:106","msg":"Health check completed","vision":"HEALTHY","ocr":"HEALTHY","speech":"HEALTHY"}
{"level":"info","ts":1782512344.422378,"caller":"logger/logger.go:156","msg":"Experiment infer completed","request_id":"dab4d8821650d768","request_id":"req-A1-static_resilience-run1-2-22-1782512320721-wnhv5iug","scenario":"A1","condition":"static_resilience","run":1,"category":"full","latency_ms":23691}
{"level":"info","ts":1782512344.4224257,"caller":"logger/logger.go:106","msg":"Request served","request_id":"dab4d8821650d768","status":200,"method":"POST","path":"/api/v1/infer","ip":"[IP-DISAMARKAN]","latency":23.695051019}
{"level":"info","ts":1782512347.6141415,"caller":"logger/logger.go:106","msg":"Request served","request_id":"d24ecf61cd601627","status":200,"method":"GET","path":"/metrics","ip":"[IP-DISAMARKAN]","latency":0.002195092}
{"level":"info","ts":1782512349.6312735,"caller":"logger/logger.go:156","msg":"Experiment infer completed","request_id":"b8b1c985f3691e55","request_id":"req-A1-static_resilience-run1-5-15-1782512325223-jz7e2z66","scenario":"A1","condition":"static_resilience","run":1,"category":"full","latency_ms":24401}
{"level":"info","ts":1782512349.631331,"caller":"logger/logger.go:106","msg":"Request served","request_id":"b8b1c985f3691e55","status":200,"method":"POST","path":"/api/v1/infer","ip":"[IP-DISAMARKAN]","latency":24.403957208}
{"level":"info","ts":1782512352.613917,"caller":"logger/logger.go:106","msg":"Request served","request_id":"74cd1c685fa3b6a5","status":200,"method":"GET","path":"/metrics","ip":"[IP-DISAMARKAN]","latency":0.001480973}
{"level":"info","ts":1782512354.9164448,"caller":"logger/logger.go:156","msg":"Experiment infer completed","request_id":"36e795b7b11012dd","request_id":"req-A1-static_resilience-run1-1-26-1782512329715-zmkspynx","scenario":"A1","condition":"static_resilience","run":1,"category":"full","latency_ms":25192}
{"level":"info","ts":1782512354.916499,"caller":"logger/logger.go:106","msg":"Request served","request_id":"36e795b7b11012dd","status":200,"method":"POST","path":"/api/v1/infer","ip":"[IP-DISAMARKAN]","latency":25.196684132}
{"level":"info","ts":1782512357.6159346,"caller":"logger/logger.go:106","msg":"Request served","request_id":"f47b552b5ab07eee","status":200,"method":"GET","path":"/metrics","ip":"[IP-DISAMARKAN]","latency":0.003084281}
{"level":"warn","ts":1782512359.9362288,"caller":"logger/logger.go:116","msg":"Worker health check failed","worker":"speech","error":"rpc error: code = DeadlineExceeded desc = context deadline exceeded"}
{"level":"info","ts":1782512359.936653,"caller":"logger/logger.go:106","msg":"Health check completed","vision":"HEALTHY","ocr":"HEALTHY","speech":"UNHEALTHY"}
{"level":"info","ts":1782512360.0223382,"caller":"logger/logger.go:156","msg":"Experiment infer completed","request_id":"6b49d51093d50d07","request_id":"req-A1-static_resilience-run1-4-17-1782512335117-0dh25o42","scenario":"A1","condition":"static_resilience","run":1,"category":"full","latency_ms":24896}
{"level":"info","ts":1782512360.0224538,"caller":"logger/logger.go:106","msg":"Request served","request_id":"6b49d51093d50d07","status":200,"method":"POST","path":"/api/v1/infer","ip":"[IP-DISAMARKAN]","latency":24.900685824}
{"level":"info","ts":1782512362.613765,"caller":"logger/logger.go:106","msg":"Request served","request_id":"fed854d13715d59a","status":200,"method":"GET","path":"/metrics","ip":"[IP-DISAMARKAN]","latency":0.000893427}
{"level":"error","ts":1782512363.015233,"caller":"logger/logger.go:121","msg":"Server error","request_id":"f472fee8dd20d672","status":503,"method":"GET","path":"/api/v1/health","ip":"::1","latency":5.047394122,"error":"","stacktrace":"temandifa-backend/internal/logger.Error\n\t/app/internal/logger/logger.go:121\nmain.NewHTTPServer.RequestLogger.func5\n\t/app/internal/middleware/request_logger.go:44\ngithub.com/gin-gonic/gin.(*Context).Next\n\t/go/pkg/mod/github.com/gin-gonic/gin@v1.11.0/context.go:192\nmain.NewHTTPServer.VersionMiddleware.func4\n\t/app/internal/middleware/versioning.go:35\ngithub.com/gin-gonic/gin.(*Context).Next\n\t/go/pkg/mod/github.com/gin-gonic/gin@v1.11.0/context.go:192\nmain.NewHTTPServer.RequestID.func3\n\t/app/internal/middleware/request_id.go:34\ngithub.com/gin-gonic/gin.(*Context).Next\n\t/go/pkg/mod/github.com/gin-gonic/gin@v1.11.0/context.go:192\nmain.NewHTTPServer.MaxBodySize.func2\n\t/app/internal/middleware/security.go:52\ngithub.com/gin-gonic/gin.(*Context).Next\n\t/go/pkg/mod/github.com/gin-gonic/gin@v1.11.0/context.go:192\nmain.NewHTTPServer.SecurityHeaders.func1\n\t/app/internal/middleware/security.go:36\ngithub.com/gin-gonic/gin.(*Context).Next\n\t/go/pkg/mod/github.com/gin-gonic/gin@v1.11.0/context.go:192\ngithub.com/gin-gonic/gin.(*Engine).handleHTTPRequest\n\t/go/pkg/mod/github.com/gin-gonic/gin@v1.11.0/gin.go:689\ngithub.com/gin-gonic/gin.(*Engine).ServeHTTP\n\t/go/pkg/mod/github.com/gin-gonic/gin@v1.11.0/gin.go:643\nnet/http.serverHandler.ServeHTTP\n\t/usr/local/go/src/net/http/server.go:3340\nnet/http.(*conn).serve\n\t/usr/local/go/src/net/http/server.go:2109"}
{"level":"info","ts":1782512365.3305893,"caller":"logger/logger.go:156","msg":"Experiment infer completed","request_id":"fc2d9c6eeee11bb2","request_id":"req-A1-static_resilience-run1-3-20-1782512340245-2bfhid6b","scenario":"A1","condition":"static_resilience","run":1,"category":"full","latency_ms":25079}
{"level":"info","ts":1782512365.3306983,"caller":"logger/logger.go:106","msg":"Request served","request_id":"fc2d9c6eeee11bb2","status":200,"method":"POST","path":"/api/v1/infer","ip":"[IP-DISAMARKAN]","latency":25.082326259}
{"level":"info","ts":1782512367.6129818,"caller":"logger/logger.go:106","msg":"Request served","request_id":"0bb645eb05918c64","status":200,"method":"GET","path":"/metrics","ip":"[IP-DISAMARKAN]","latency":0.001093483}
{"level":"info","ts":1782512370.432337,"caller":"logger/logger.go:156","msg":"Experiment infer completed","request_id":"9573db7eaf3473b2","request_id":"req-A1-static_resilience-run1-2-23-1782512345423-w78z52j5","scenario":"A1","condition":"static_resilience","run":1,"category":"full","latency_ms":24999}
{"level":"info","ts":1782512370.432387,"caller":"logger/logger.go:106","msg":"Request served","request_id":"9573db7eaf3473b2","status":200,"method":"POST","path":"/api/v1/infer","ip":"[IP-DISAMARKAN]","latency":25.004131585}
{"level":"info","ts":1782512372.6141355,"caller":"logger/logger.go:106","msg":"Request served","request_id":"e3448e9f5950eb28","status":200,"method":"GET","path":"/metrics","ip":"[IP-DISAMARKAN]","latency":0.001256887}
{"level":"warn","ts":1782512374.9367743,"caller":"logger/logger.go:116","msg":"Worker health check failed","worker":"speech","error":"rpc error: code = DeadlineExceeded desc = context deadline exceeded"}
{"level":"info","ts":1782512374.9371157,"caller":"logger/logger.go:106","msg":"Health check completed","vision":"HEALTHY","ocr":"HEALTHY","speech":"UNHEALTHY"}
{"level":"info","ts":1782512375.614836,"caller":"logger/logger.go:156","msg":"Experiment infer completed","request_id":"e14ec45d99f3d888","request_id":"req-A1-static_resilience-run1-5-16-1782512350633-6i4rvpwq","scenario":"A1","condition":"static_resilience","run":1,"category":"full","latency_ms":24975}
{"level":"info","ts":1782512375.6148877,"caller":"logger/logger.go:106","msg":"Request served","request_id":"e14ec45d99f3d888","status":200,"method":"POST","path":"/api/v1/infer","ip":"[IP-DISAMARKAN]","latency":24.978178793}
{"level":"info","ts":1782512377.6143184,"caller":"logger/logger.go:106","msg":"Request served","request_id":"7981e3cfbad284ba","status":200,"method":"GET","path":"/metrics","ip":"[IP-DISAMARKAN]","latency":0.001068224}
{"level":"info","ts":1782512380.730569,"caller":"logger/logger.go:156","msg":"Experiment infer completed","request_id":"0a2622235de3d991","request_id":"req-A1-static_resilience-run1-1-27-1782512355919-5opqn20r","scenario":"A1","condition":"static_resilience","run":1,"category":"full","latency_ms":24801}
{"level":"info","ts":1782512380.730621,"caller":"logger/logger.go:106","msg":"Request served","request_id":"0a2622235de3d991","status":200,"method":"POST","path":"/api/v1/infer","ip":"[IP-DISAMARKAN]","latency":24.804299218}
{"level":"info","ts":1782512382.6166623,"caller":"logger/logger.go:106","msg":"Request served","request_id":"808147cd3ee7491f","status":200,"method":"GET","path":"/metrics","ip":"[IP-DISAMARKAN]","latency":0.003219246}
{"level":"info","ts":1782512385.9251733,"caller":"logger/logger.go:156","msg":"Experiment infer completed","request_id":"871a59cdff3d69da","request_id":"req-A1-static_resilience-run1-4-18-1782512361024-tdmz0yaw","scenario":"A1","condition":"static_resilience","run":1,"category":"full","latency_ms":24892}
{"level":"info","ts":1782512385.925227,"caller":"logger/logger.go:106","msg":"Request served","request_id":"871a59cdff3d69da","status":200,"method":"POST","path":"/api/v1/infer","ip":"[IP-DISAMARKAN]","latency":24.896978738}
{"level":"info","ts":1782512387.615598,"caller":"logger/logger.go:106","msg":"Request served","request_id":"a16111f673bd1ee9","status":200,"method":"GET","path":"/metrics","ip":"[IP-DISAMARKAN]","latency":0.001199579}
{"level":"warn","ts":1782512389.935251,"caller":"logger/logger.go:116","msg":"Worker health check failed","worker":"speech","error":"rpc error: code = DeadlineExceeded desc = context deadline exceeded"}
{"level":"info","ts":1782512389.9355567,"caller":"logger/logger.go:106","msg":"Health check completed","vision":"HEALTHY","ocr":"HEALTHY","speech":"UNHEALTHY"}
{"level":"info","ts":1782512391.026109,"caller":"logger/logger.go:156","msg":"Experiment infer completed","request_id":"17aff6975dc416e6","request_id":"req-A1-static_resilience-run1-3-21-1782512366332-dn1o25rc","scenario":"A1","condition":"static_resilience","run":1,"category":"full","latency_ms":24687}
{"level":"info","ts":1782512391.0261595,"caller":"logger/logger.go:106","msg":"Request served","request_id":"17aff6975dc416e6","status":200,"method":"POST","path":"/api/v1/infer","ip":"[IP-DISAMARKAN]","latency":24.689882369}
{"level":"info","ts":1782512392.615414,"caller":"logger/logger.go:106","msg":"Request served","request_id":"b7f742e0a14ad1be","status":200,"method":"GET","path":"/metrics","ip":"[IP-DISAMARKAN]","latency":0.002697411}
{"level":"info","ts":1782512396.3261604,"caller":"logger/logger.go:156","msg":"Experiment infer completed","request_id":"2052afd7e507aaaa","request_id":"req-A1-static_resilience-run1-2-24-1782512371434-0ls8y2ae","scenario":"A1","condition":"static_resilience","run":1,"category":"full","latency_ms":24885}
{"level":"info","ts":1782512396.3262107,"caller":"logger/logger.go:106","msg":"Request served","request_id":"2052afd7e507aaaa","status":200,"method":"POST","path":"/api/v1/infer","ip":"[IP-DISAMARKAN]","latency":24.887869151}
{"level":"info","ts":1782512397.6155019,"caller":"logger/logger.go:106","msg":"Request served","request_id":"2b690e009b2667ed","status":200,"method":"GET","path":"/metrics","ip":"[IP-DISAMARKAN]","latency":0.002717679}
{"level":"error","ts":1782512398.0313008,"caller":"logger/logger.go:121","msg":"Server error","request_id":"fbf86f7c85fec3f6","status":503,"method":"GET","path":"/api/v1/health","ip":"::1","latency":5.008872759,"error":"","stacktrace":"temandifa-backend/internal/logger.Error\n\t/app/internal/logger/logger.go:121\nmain.NewHTTPServer.RequestLogger.func5\n\t/app/internal/middleware/request_logger.go:44\ngithub.com/gin-gonic/gin.(*Context).Next\n\t/go/pkg/mod/github.com/gin-gonic/gin@v1.11.0/context.go:192\nmain.NewHTTPServer.VersionMiddleware.func4\n\t/app/internal/middleware/versioning.go:35\ngithub.com/gin-gonic/gin.(*Context).Next\n\t/go/pkg/mod/github.com/gin-gonic/gin@v1.11.0/context.go:192\nmain.NewHTTPServer.RequestID.func3\n\t/app/internal/middleware/request_id.go:34\ngithub.com/gin-gonic/gin.(*Context).Next\n\t/go/pkg/mod/github.com/gin-gonic/gin@v1.11.0/context.go:192\nmain.NewHTTPServer.MaxBodySize.func2\n\t/app/internal/middleware/security.go:52\ngithub.com/gin-gonic/gin.(*Context).Next\n\t/go/pkg/mod/github.com/gin-gonic/gin@v1.11.0/context.go:192\nmain.NewHTTPServer.SecurityHeaders.func1\n\t/app/internal/middleware/security.go:36\ngithub.com/gin-gonic/gin.(*Context).Next\n\t/go/pkg/mod/github.com/gin-gonic/gin@v1.11.0/context.go:192\ngithub.com/gin-gonic/gin.(*Engine).handleHTTPRequest\n\t/go/pkg/mod/github.com/gin-gonic/gin@v1.11.0/gin.go:689\ngithub.com/gin-gonic/gin.(*Engine).ServeHTTP\n\t/go/pkg/mod/github.com/gin-gonic/gin@v1.11.0/gin.go:643\nnet/http.serverHandler.ServeHTTP\n\t/usr/local/go/src/net/http/server.go:3340\nnet/http.(*conn).serve\n\t/usr/local/go/src/net/http/server.go:2109"}
{"level":"info","ts":1782512401.5222278,"caller":"logger/logger.go:156","msg":"Experiment infer completed","request_id":"61bb83a2bed8dcdd","request_id":"req-A1-static_resilience-run1-5-17-1782512376616-0h400pcv","scenario":"A1","condition":"static_resilience","run":1,"category":"full","latency_ms":24898}
{"level":"info","ts":1782512401.522282,"caller":"logger/logger.go:106","msg":"Request served","request_id":"61bb83a2bed8dcdd","status":200,"method":"POST","path":"/api/v1/infer","ip":"[IP-DISAMARKAN]","latency":24.902819238}
{"level":"info","ts":1782512402.615528,"caller":"logger/logger.go:106","msg":"Request served","request_id":"ef1e2ae014d76d5f","status":200,"method":"GET","path":"/metrics","ip":"[IP-DISAMARKAN]","latency":0.001320197}
{"level":"warn","ts":1782512404.935915,"caller":"logger/logger.go:116","msg":"Worker health check failed","worker":"speech","error":"rpc error: code = DeadlineExceeded desc = context deadline exceeded"}
{"level":"info","ts":1782512404.9362822,"caller":"logger/logger.go:106","msg":"Health check completed","vision":"HEALTHY","ocr":"HEALTHY","speech":"UNHEALTHY"}
{"level":"info","ts":1782512406.6259966,"caller":"logger/logger.go:156","msg":"Experiment infer completed","request_id":"dcd43d8b5e0edf5f","request_id":"req-A1-static_resilience-run1-1-28-1782512381733-lka28jxh","scenario":"A1","condition":"static_resilience","run":1,"category":"full","latency_ms":24887}
{"level":"info","ts":1782512406.626062,"caller":"logger/logger.go:106","msg":"Request served","request_id":"dcd43d8b5e0edf5f","status":200,"method":"POST","path":"/api/v1/infer","ip":"[IP-DISAMARKAN]","latency":24.889601082}
{"level":"info","ts":1782512407.6139593,"caller":"logger/logger.go:106","msg":"Request served","request_id":"bf30b8bc2ae6b90e","status":200,"method":"GET","path":"/metrics","ip":"[IP-DISAMARKAN]","latency":0.001403424}
{"level":"info","ts":1782512411.72174,"caller":"logger/logger.go:156","msg":"Experiment infer completed","request_id":"0c6f640a2b83bc1f","request_id":"req-A1-static_resilience-run1-4-19-1782512386927-uhqvwm7b","scenario":"A1","condition":"static_resilience","run":1,"category":"full","latency_ms":24786}
{"level":"info","ts":1782512411.7218466,"caller":"logger/logger.go:106","msg":"Request served","request_id":"0c6f640a2b83bc1f","status":200,"method":"POST","path":"/api/v1/infer","ip":"[IP-DISAMARKAN]","latency":24.789246225}
{"level":"info","ts":1782512412.6157846,"caller":"logger/logger.go:106","msg":"Request served","request_id":"3fc4dfad1cc4ff2b","status":200,"method":"GET","path":"/metrics","ip":"[IP-DISAMARKAN]","latency":0.002334131}
{"level":"info","ts":1782512416.8281958,"caller":"logger/logger.go:156","msg":"Experiment infer completed","request_id":"8414fe183973d22a","request_id":"req-A1-static_resilience-run1-3-22-1782512392028-7rcbhzqv","scenario":"A1","condition":"static_resilience","run":1,"category":"full","latency_ms":24794}
{"level":"info","ts":1782512416.8282466,"caller":"logger/logger.go:106","msg":"Request served","request_id":"8414fe183973d22a","status":200,"method":"POST","path":"/api/v1/infer","ip":"[IP-DISAMARKAN]","latency":24.796932247}
{"level":"info","ts":1782512417.6135516,"caller":"logger/logger.go:106","msg":"Request served","request_id":"4219c616d3340898","status":200,"method":"GET","path":"/metrics","ip":"[IP-DISAMARKAN]","latency":0.001107013}
{"level":"warn","ts":1782512419.9371076,"caller":"logger/logger.go:116","msg":"Worker health check failed","worker":"speech","error":"rpc error: code = DeadlineExceeded desc = context deadline exceeded"}
{"level":"info","ts":1782512419.9374936,"caller":"logger/logger.go:106","msg":"Health check completed","vision":"HEALTHY","ocr":"HEALTHY","speech":"UNHEALTHY"}
{"level":"info","ts":1782512422.021799,"caller":"logger/logger.go:156","msg":"Experiment infer completed","request_id":"9ece50c6251f4fc1","request_id":"req-A1-static_resilience-run1-2-25-1782512397328-f058l23p","scenario":"A1","condition":"static_resilience","run":1,"category":"full","latency_ms":24681}
{"level":"info","ts":1782512422.0218546,"caller":"logger/logger.go:106","msg":"Request served","request_id":"9ece50c6251f4fc1","status":200,"method":"POST","path":"/api/v1/infer","ip":"[IP-DISAMARKAN]","latency":24.687613578}
{"level":"info","ts":1782512422.6140587,"caller":"logger/logger.go:106","msg":"Request served","request_id":"93ff29531747aab0","status":200,"method":"GET","path":"/metrics","ip":"[IP-DISAMARKAN]","latency":0.001763345}
{"level":"info","ts":1782512427.4244344,"caller":"logger/logger.go:156","msg":"Experiment infer completed","request_id":"8ae6e2f19726ed69","request_id":"req-A1-static_resilience-run1-5-18-1782512402524-239icaib","scenario":"A1","condition":"static_resilience","run":1,"category":"full","latency_ms":24888}
{"level":"info","ts":1782512427.4244907,"caller":"logger/logger.go:106","msg":"Request served","request_id":"8ae6e2f19726ed69","status":200,"method":"POST","path":"/api/v1/infer","ip":"[IP-DISAMARKAN]","latency":24.89404712}
{"level":"info","ts":1782512427.614212,"caller":"logger/logger.go:106","msg":"Request served","request_id":"29cc9d4aa36b317f","status":200,"method":"GET","path":"/metrics","ip":"[IP-DISAMARKAN]","latency":0.001471622}
{"level":"info","ts":1782512432.5275512,"caller":"logger/logger.go:106","msg":"Request served","request_id":"2d8f19f45a4934b3","status":200,"method":"GET","path":"/api/v1/health","ip":"::1","latency":4.455163999}
{"level":"info","ts":1782512432.5302746,"caller":"logger/logger.go:156","msg":"Experiment infer completed","request_id":"e4eb475bf5a74bc7","request_id":"req-A1-static_resilience-run1-1-29-1782512407627-f29i1ubp","scenario":"A1","condition":"static_resilience","run":1,"category":"full","latency_ms":24892}
{"level":"info","ts":1782512432.530311,"caller":"logger/logger.go:106","msg":"Request served","request_id":"e4eb475bf5a74bc7","status":200,"method":"POST","path":"/api/v1/infer","ip":"[IP-DISAMARKAN]","latency":24.89794562}
{"level":"info","ts":1782512432.6128652,"caller":"logger/logger.go:106","msg":"Request served","request_id":"5d488a62fb0b08f1","status":200,"method":"GET","path":"/metrics","ip":"[IP-DISAMARKAN]","latency":0.000843308}
{"level":"warn","ts":1782512434.9355304,"caller":"logger/logger.go:116","msg":"Worker health check failed","worker":"speech","error":"rpc error: code = DeadlineExceeded desc = context deadline exceeded"}
{"level":"info","ts":1782512434.9358628,"caller":"logger/logger.go:106","msg":"Health check completed","vision":"HEALTHY","ocr":"HEALTHY","speech":"UNHEALTHY"}
{"level":"info","ts":1782512437.613547,"caller":"logger/logger.go:106","msg":"Request served","request_id":"5acc1f07af4489df","status":200,"method":"GET","path":"/metrics","ip":"[IP-DISAMARKAN]","latency":0.001253228}
{"level":"info","ts":1782512437.7222178,"caller":"logger/logger.go:156","msg":"Experiment infer completed","request_id":"130f3f723d972aae","request_id":"req-A1-static_resilience-run1-4-20-1782512412724-bwrux8uo","scenario":"A1","condition":"static_resilience","run":1,"category":"full","latency_ms":24991}
{"level":"info","ts":1782512437.7222748,"caller":"logger/logger.go:106","msg":"Request served","request_id":"130f3f723d972aae","status":200,"method":"POST","path":"/api/v1/infer","ip":"[IP-DISAMARKAN]","latency":24.994451629}
{"level":"info","ts":1782512442.612717,"caller":"logger/logger.go:106","msg":"Request served","request_id":"2db925ea3df18e0c","status":200,"method":"GET","path":"/metrics","ip":"[IP-DISAMARKAN]","latency":0.000832019}
{"level":"info","ts":1782512442.8262386,"caller":"logger/logger.go:156","msg":"Experiment infer completed","request_id":"f8eba5e6e767a174","request_id":"req-A1-static_resilience-run1-3-23-1782512417829-w1wej7af","scenario":"A1","condition":"static_resilience","run":1,"category":"full","latency_ms":24991}
{"level":"info","ts":1782512442.8264723,"caller":"logger/logger.go:106","msg":"Request served","request_id":"f8eba5e6e767a174","status":200,"method":"POST","path":"/api/v1/infer","ip":"[IP-DISAMARKAN]","latency":24.993907771}
{"level":"info","ts":1782512447.6139433,"caller":"logger/logger.go:106","msg":"Request served","request_id":"bea4f1b0889e8de0","status":200,"method":"GET","path":"/metrics","ip":"[IP-DISAMARKAN]","latency":0.001422784}
{"level":"info","ts":1782512447.9291174,"caller":"logger/logger.go:156","msg":"Experiment infer completed","request_id":"c9de6d20da797092","request_id":"req-A1-static_resilience-run1-2-26-1782512423023-lfoztsmy","scenario":"A1","condition":"static_resilience","run":1,"category":"full","latency_ms":24888}
{"level":"info","ts":1782512447.9291737,"caller":"logger/logger.go:106","msg":"Request served","request_id":"c9de6d20da797092","status":200,"method":"POST","path":"/api/v1/infer","ip":"[IP-DISAMARKAN]","latency":24.900819729}
{"level":"warn","ts":1782512449.9364114,"caller":"logger/logger.go:116","msg":"Worker health check failed","worker":"speech","error":"rpc error: code = DeadlineExceeded desc = context deadline exceeded"}
{"level":"info","ts":1782512449.9366388,"caller":"logger/logger.go:106","msg":"Health check completed","vision":"HEALTHY","ocr":"HEALTHY","speech":"UNHEALTHY"}