{"level":"info","ts":1782543893.4162421,"caller":"logger/logger.go:156","msg":"Experiment infer completed","request_id":"req-A2-treatment-run1-3-8-1782543868333-2n9n8h6w","request_id":"req-A2-treatment-run1-3-8-1782543868333-2n9n8h6w","scenario":"A2","condition":"treatment","run":1,"category":"full","latency_ms":25078}
{"level":"info","ts":1782543893.416335,"caller":"logger/logger.go:106","msg":"Request served","request_id":"req-A2-treatment-run1-3-8-1782543868333-2n9n8h6w","status":200,"method":"POST","path":"/api/v1/infer","ip":"[IP-DISAMARKAN]","latency":25.080918081}
{"level":"info","ts":1782543897.613857,"caller":"logger/logger.go:106","msg":"Request served","request_id":"b45488241223f372","status":200,"method":"GET","path":"/metrics","ip":"[IP-DISAMARKAN]","latency":0.001054284}
{"level":"warn","ts":1782543898.4829352,"caller":"logger/logger.go:116","msg":"Worker health check failed","worker":"speech","error":"rpc error: code = DeadlineExceeded desc = context deadline exceeded"}
{"level":"info","ts":1782543898.4833558,"caller":"logger/logger.go:106","msg":"Health check completed","vision":"HEALTHY","ocr":"HEALTHY","speech":"UNHEALTHY"}
{"level":"info","ts":1782543898.8196263,"caller":"logger/logger.go:156","msg":"Experiment infer completed","request_id":"req-A2-treatment-run1-2-11-1782543873535-m54sa7rh","request_id":"req-A2-treatment-run1-2-11-1782543873535-m54sa7rh","scenario":"A2","condition":"treatment","run":1,"category":"full","latency_ms":25279}
{"level":"info","ts":1782543898.8196826,"caller":"logger/logger.go:106","msg":"Request served","request_id":"req-A2-treatment-run1-2-11-1782543873535-m54sa7rh","status":200,"method":"POST","path":"/api/v1/infer","ip":"[IP-DISAMARKAN]","latency":25.282293477}
{"level":"info","ts":1782543902.6144493,"caller":"logger/logger.go:106","msg":"Request served","request_id":"33279b48d1b48aa6","status":200,"method":"GET","path":"/metrics","ip":"[IP-DISAMARKAN]","latency":0.001030054}
{"level":"info","ts":1782543904.0167038,"caller":"logger/logger.go:156","msg":"Experiment infer completed","request_id":"req-A2-treatment-run1-4-4-1782543878832-hreccspm","request_id":"req-A2-treatment-run1-4-4-1782543878832-hreccspm","scenario":"A2","condition":"treatment","run":1,"category":"full","latency_ms":25178}
{"level":"info","ts":1782543904.016757,"caller":"logger/logger.go:106","msg":"Request served","request_id":"req-A2-treatment-run1-4-4-1782543878832-hreccspm","status":200,"method":"POST","path":"/api/v1/infer","ip":"[IP-DISAMARKAN]","latency":25.180800958}
{"level":"info","ts":1782543907.6141086,"caller":"logger/logger.go:106","msg":"Request served","request_id":"e7c5e705a3f8a804","status":200,"method":"GET","path":"/metrics","ip":"[IP-DISAMARKAN]","latency":0.002198335}
{"level":"info","ts":1782543909.216436,"caller":"logger/logger.go:156","msg":"Experiment infer completed","request_id":"req-A2-treatment-run1-1-15-1782543884021-wojn7tb4","request_id":"req-A2-treatment-run1-1-15-1782543884021-wojn7tb4","scenario":"A2","condition":"treatment","run":1,"category":"full","latency_ms":25190}
{"level":"info","ts":1782543909.216493,"caller":"logger/logger.go:106","msg":"Request served","request_id":"req-A2-treatment-run1-1-15-1782543884021-wojn7tb4","status":200,"method":"POST","path":"/api/v1/infer","ip":"[IP-DISAMARKAN]","latency":25.192904683}
{"level":"info","ts":1782543912.6154883,"caller":"logger/logger.go:106","msg":"Request served","request_id":"ec23e97b5bad8146","status":200,"method":"GET","path":"/metrics","ip":"[IP-DISAMARKAN]","latency":0.002885569}
{"level":"warn","ts":1782543913.4839234,"caller":"logger/logger.go:116","msg":"Worker health check failed","worker":"speech","error":"rpc error: code = DeadlineExceeded desc = context deadline exceeded"}
{"level":"info","ts":1782543913.4843333,"caller":"logger/logger.go:106","msg":"Health check completed","vision":"HEALTHY","ocr":"HEALTHY","speech":"UNHEALTHY"}
{"level":"info","ts":1782543914.418822,"caller":"logger/logger.go:156","msg":"Experiment infer completed","request_id":"req-A2-treatment-run1-5-6-1782543889236-qbpdrbg5","request_id":"req-A2-treatment-run1-5-6-1782543889236-qbpdrbg5","scenario":"A2","condition":"treatment","run":1,"category":"full","latency_ms":25177}
{"level":"info","ts":1782543914.4188716,"caller":"logger/logger.go:106","msg":"Request served","request_id":"req-A2-treatment-run1-5-6-1782543889236-qbpdrbg5","status":200,"method":"POST","path":"/api/v1/infer","ip":"[IP-DISAMARKAN]","latency":25.180194602}
{"level":"info","ts":1782543917.613455,"caller":"logger/logger.go:106","msg":"Request served","request_id":"fbb961546a18ada5","status":200,"method":"GET","path":"/metrics","ip":"[IP-DISAMARKAN]","latency":0.001136762}
{"level":"info","ts":1782543919.530084,"caller":"logger/logger.go:156","msg":"Experiment infer completed","request_id":"req-A2-treatment-run1-3-9-1782543894418-vz5hhjco","request_id":"req-A2-treatment-run1-3-9-1782543894418-vz5hhjco","scenario":"A2","condition":"treatment","run":1,"category":"full","latency_ms":25103}
{"level":"info","ts":1782543919.5301366,"caller":"logger/logger.go:106","msg":"Request served","request_id":"req-A2-treatment-run1-3-9-1782543894418-vz5hhjco","status":200,"method":"POST","path":"/api/v1/infer","ip":"[IP-DISAMARKAN]","latency":25.106925758}
{"level":"info","ts":1782543922.6141434,"caller":"logger/logger.go:106","msg":"Request served","request_id":"97dde3e5ee091826","status":200,"method":"GET","path":"/metrics","ip":"[IP-DISAMARKAN]","latency":0.001054343}
{"level":"info","ts":1782543924.6264238,"caller":"logger/logger.go:156","msg":"Experiment infer completed","request_id":"req-A2-treatment-run1-2-12-1782543899821-zmne6k6e","request_id":"req-A2-treatment-run1-2-12-1782543899821-zmne6k6e","scenario":"A2","condition":"treatment","run":1,"category":"full","latency_ms":24796}
{"level":"info","ts":1782543924.626783,"caller":"logger/logger.go:106","msg":"Request served","request_id":"req-A2-treatment-run1-2-12-1782543899821-zmne6k6e","status":200,"method":"POST","path":"/api/v1/infer","ip":"[IP-DISAMARKAN]","latency":24.79940076}
{"level":"info","ts":1782543927.6146402,"caller":"logger/logger.go:106","msg":"Request served","request_id":"d01b64e3f4b54c3d","status":200,"method":"GET","path":"/metrics","ip":"[IP-DISAMARKAN]","latency":0.001200619}
{"level":"error","ts":1782543928.2111864,"caller":"logger/logger.go:121","msg":"Server error","request_id":"4f90a887785afbb6","status":503,"method":"GET","path":"/api/v1/health","ip":"::1","latency":5.054585011,"error":"","stacktrace":"temandifa-backend/internal/logger.Error\n\t/app/internal/logger/logger.go:121\nmain.NewHTTPServer.RequestLogger.func5\n\t/app/internal/middleware/request_logger.go:44\ngithub.com/gin-gonic/gin.(*Context).Next\n\t/go/pkg/mod/github.com/gin-gonic/gin@v1.11.0/context.go:192\nmain.NewHTTPServer.VersionMiddleware.func4\n\t/app/internal/middleware/versioning.go:35\ngithub.com/gin-gonic/gin.(*Context).Next\n\t/go/pkg/mod/github.com/gin-gonic/gin@v1.11.0/context.go:192\nmain.NewHTTPServer.RequestID.func3\n\t/app/internal/middleware/request_id.go:34\ngithub.com/gin-gonic/gin.(*Context).Next\n\t/go/pkg/mod/github.com/gin-gonic/gin@v1.11.0/context.go:192\nmain.NewHTTPServer.MaxBodySize.func2\n\t/app/internal/middleware/security.go:52\ngithub.com/gin-gonic/gin.(*Context).Next\n\t/go/pkg/mod/github.com/gin-gonic/gin@v1.11.0/context.go:192\nmain.NewHTTPServer.SecurityHeaders.func1\n\t/app/internal/middleware/security.go:36\ngithub.com/gin-gonic/gin.(*Context).Next\n\t/go/pkg/mod/github.com/gin-gonic/gin@v1.11.0/context.go:192\ngithub.com/gin-gonic/gin.(*Engine).handleHTTPRequest\n\t/go/pkg/mod/github.com/gin-gonic/gin@v1.11.0/gin.go:689\ngithub.com/gin-gonic/gin.(*Engine).ServeHTTP\n\t/go/pkg/mod/github.com/gin-gonic/gin@v1.11.0/gin.go:643\nnet/http.serverHandler.ServeHTTP\n\t/usr/local/go/src/net/http/server.go:3340\nnet/http.(*conn).serve\n\t/usr/local/go/src/net/http/server.go:2109"}
{"level":"warn","ts":1782543928.4828236,"caller":"logger/logger.go:116","msg":"Worker health check failed","worker":"speech","error":"rpc error: code = DeadlineExceeded desc = context deadline exceeded"}
{"level":"info","ts":1782543928.4832888,"caller":"logger/logger.go:106","msg":"Health check completed","vision":"HEALTHY","ocr":"HEALTHY","speech":"UNHEALTHY"}
{"level":"info","ts":1782543930.0320985,"caller":"logger/logger.go:156","msg":"Experiment infer completed","request_id":"req-A2-treatment-run1-4-5-1782543905019-m20msgjd","request_id":"req-A2-treatment-run1-4-5-1782543905019-m20msgjd","scenario":"A2","condition":"treatment","run":1,"category":"full","latency_ms":25003}
{"level":"info","ts":1782543930.0321543,"caller":"logger/logger.go:106","msg":"Request served","request_id":"req-A2-treatment-run1-4-5-1782543905019-m20msgjd","status":200,"method":"POST","path":"/api/v1/infer","ip":"[IP-DISAMARKAN]","latency":25.005896164}
{"level":"info","ts":1782543932.6163425,"caller":"logger/logger.go:106","msg":"Request served","request_id":"f507b461c3f8cb4e","status":200,"method":"GET","path":"/metrics","ip":"[IP-DISAMARKAN]","latency":0.003500622}
{"level":"info","ts":1782543935.2302008,"caller":"logger/logger.go:156","msg":"Experiment infer completed","request_id":"req-A2-treatment-run1-1-16-1782543910219-f3nigimi","request_id":"req-A2-treatment-run1-1-16-1782543910219-f3nigimi","scenario":"A2","condition":"treatment","run":1,"category":"full","latency_ms":25004}
{"level":"info","ts":1782543935.2302542,"caller":"logger/logger.go:106","msg":"Request served","request_id":"req-A2-treatment-run1-1-16-1782543910219-f3nigimi","status":200,"method":"POST","path":"/api/v1/infer","ip":"[IP-DISAMARKAN]","latency":25.007273199}
{"level":"info","ts":1782543937.614911,"caller":"logger/logger.go:106","msg":"Request served","request_id":"c06609d9da0afd8a","status":200,"method":"GET","path":"/metrics","ip":"[IP-DISAMARKAN]","latency":0.000867218}
{"level":"info","ts":1782543940.4282014,"caller":"logger/logger.go:156","msg":"Experiment infer completed","request_id":"req-A2-treatment-run1-5-7-1782543915421-31crx5o7","request_id":"req-A2-treatment-run1-5-7-1782543915421-31crx5o7","scenario":"A2","condition":"treatment","run":1,"category":"full","latency_ms":24997}
{"level":"info","ts":1782543940.4282644,"caller":"logger/logger.go:106","msg":"Request served","request_id":"req-A2-treatment-run1-5-7-1782543915421-31crx5o7","status":200,"method":"POST","path":"/api/v1/infer","ip":"[IP-DISAMARKAN]","latency":25.002145535}
{"level":"info","ts":1782543942.6149573,"caller":"logger/logger.go:106","msg":"Request served","request_id":"a0d54115541a03fa","status":200,"method":"GET","path":"/metrics","ip":"[IP-DISAMARKAN]","latency":0.001140072}
{"level":"warn","ts":1782543943.4831378,"caller":"logger/logger.go:116","msg":"Worker health check failed","worker":"speech","error":"rpc error: code = DeadlineExceeded desc = context deadline exceeded"}
{"level":"info","ts":1782543943.4834821,"caller":"logger/logger.go:106","msg":"Health check completed","vision":"HEALTHY","ocr":"HEALTHY","speech":"UNHEALTHY"}
{"level":"info","ts":1782543945.5299387,"caller":"logger/logger.go:156","msg":"Experiment infer completed","request_id":"req-A2-treatment-run1-3-10-1782543920532-khgtsm3b","request_id":"req-A2-treatment-run1-3-10-1782543920532-khgtsm3b","scenario":"A2","condition":"treatment","run":1,"category":"full","latency_ms":24991}
{"level":"info","ts":1782543945.530159,"caller":"logger/logger.go:106","msg":"Request served","request_id":"req-A2-treatment-run1-3-10-1782543920532-khgtsm3b","status":200,"method":"POST","path":"/api/v1/infer","ip":"[IP-DISAMARKAN]","latency":24.994265419}
{"level":"info","ts":1782543947.6148367,"caller":"logger/logger.go:106","msg":"Request served","request_id":"09913d1b57efec04","status":200,"method":"GET","path":"/metrics","ip":"[IP-DISAMARKAN]","latency":0.001668008}
{"level":"info","ts":1782543950.7167788,"caller":"logger/logger.go:156","msg":"Experiment infer completed","request_id":"req-A2-treatment-run1-2-13-1782543925629-hrzwpz4g","request_id":"req-A2-treatment-run1-2-13-1782543925629-hrzwpz4g","scenario":"A2","condition":"treatment","run":1,"category":"full","latency_ms":25081}
{"level":"info","ts":1782543950.716838,"caller":"logger/logger.go:106","msg":"Request served","request_id":"req-A2-treatment-run1-2-13-1782543925629-hrzwpz4g","status":200,"method":"POST","path":"/api/v1/infer","ip":"[IP-DISAMARKAN]","latency":25.084603724}
{"level":"info","ts":1782543952.6137257,"caller":"logger/logger.go:106","msg":"Request served","request_id":"11212b22c06826d6","status":200,"method":"GET","path":"/metrics","ip":"[IP-DISAMARKAN]","latency":0.000992305}
{"level":"info","ts":1782543955.9337847,"caller":"logger/logger.go:156","msg":"Experiment infer completed","request_id":"req-A2-treatment-run1-4-6-1782543931035-lefwl69b","request_id":"req-A2-treatment-run1-4-6-1782543931035-lefwl69b","scenario":"A2","condition":"treatment","run":1,"category":"full","latency_ms":24875}
{"level":"info","ts":1782543955.933845,"caller":"logger/logger.go:106","msg":"Request served","request_id":"req-A2-treatment-run1-4-6-1782543931035-lefwl69b","status":200,"method":"POST","path":"/api/v1/infer","ip":"[IP-DISAMARKAN]","latency":24.89392424}
{"level":"info","ts":1782543956.071789,"caller":"logger/logger.go:106","msg":"ExperimentService","event":"fault_logged","type":"fault_injected","target":"speech"}
{"level":"info","ts":1782543956.0720146,"caller":"logger/logger.go:106","msg":"Request served","request_id":"2b56124223edaf4a","status":201,"method":"POST","path":"/api/v1/experiments/fault-events","ip":"[IP-DISAMARKAN]","latency":0.003541782}
{"level":"info","ts":1782543957.614667,"caller":"logger/logger.go:106","msg":"Request served","request_id":"ee0afcddbde0c569","status":200,"method":"GET","path":"/metrics","ip":"[IP-DISAMARKAN]","latency":0.001200941}
{"level":"warn","ts":1782543958.4830918,"caller":"logger/logger.go:116","msg":"Worker health check failed","worker":"speech","error":"rpc error: code = DeadlineExceeded desc = context deadline exceeded"}
{"level":"info","ts":1782543958.4834292,"caller":"logger/logger.go:106","msg":"Health check completed","vision":"HEALTHY","ocr":"HEALTHY","speech":"UNHEALTHY"}
{"level":"info","ts":1782543962.614687,"caller":"logger/logger.go:106","msg":"Request served","request_id":"a976e484daebe052","status":200,"method":"GET","path":"/metrics","ip":"[IP-DISAMARKAN]","latency":0.00123026}
{"level":"info","ts":1782543963.030079,"caller":"logger/logger.go:156","msg":"Experiment infer completed","request_id":"req-A2-treatment-run1-1-17-1782543936232-ojzb7fjk","request_id":"req-A2-treatment-run1-1-17-1782543936232-ojzb7fjk","scenario":"A2","condition":"treatment","run":1,"category":"full","latency_ms":26791}
{"level":"info","ts":1782543963.0302446,"caller":"logger/logger.go:106","msg":"Request served","request_id":"req-A2-treatment-run1-1-17-1782543936232-ojzb7fjk","status":200,"method":"POST","path":"/api/v1/infer","ip":"[IP-DISAMARKAN]","latency":26.794873115}
{"level":"error","ts":1782543963.2159584,"caller":"logger/logger.go:121","msg":"Server error","request_id":"2afaa71cf62c0c72","status":503,"method":"GET","path":"/api/v1/health","ip":"::1","latency":5.010565965,"error":"","stacktrace":"temandifa-backend/internal/logger.Error\n\t/app/internal/logger/logger.go:121\nmain.NewHTTPServer.RequestLogger.func5\n\t/app/internal/middleware/request_logger.go:44\ngithub.com/gin-gonic/gin.(*Context).Next\n\t/go/pkg/mod/github.com/gin-gonic/gin@v1.11.0/context.go:192\nmain.NewHTTPServer.VersionMiddleware.func4\n\t/app/internal/middleware/versioning.go:35\ngithub.com/gin-gonic/gin.(*Context).Next\n\t/go/pkg/mod/github.com/gin-gonic/gin@v1.11.0/context.go:192\nmain.NewHTTPServer.RequestID.func3\n\t/app/internal/middleware/request_id.go:34\ngithub.com/gin-gonic/gin.(*Context).Next\n\t/go/pkg/mod/github.com/gin-gonic/gin@v1.11.0/context.go:192\nmain.NewHTTPServer.MaxBodySize.func2\n\t/app/internal/middleware/security.go:52\ngithub.com/gin-gonic/gin.(*Context).Next\n\t/go/pkg/mod/github.com/gin-gonic/gin@v1.11.0/context.go:192\nmain.NewHTTPServer.SecurityHeaders.func1\n\t/app/internal/middleware/security.go:36\ngithub.com/gin-gonic/gin.(*Context).Next\n\t/go/pkg/mod/github.com/gin-gonic/gin@v1.11.0/context.go:192\ngithub.com/gin-gonic/gin.(*Engine).handleHTTPRequest\n\t/go/pkg/mod/github.com/gin-gonic/gin@v1.11.0/gin.go:689\ngithub.com/gin-gonic/gin.(*Engine).ServeHTTP\n\t/go/pkg/mod/github.com/gin-gonic/gin@v1.11.0/gin.go:643\nnet/http.serverHandler.ServeHTTP\n\t/usr/local/go/src/net/http/server.go:3340\nnet/http.(*conn).serve\n\t/usr/local/go/src/net/http/server.go:2109"}
{"level":"info","ts":1782543967.614013,"caller":"logger/logger.go:106","msg":"Request served","request_id":"d23680f5a0fe8502","status":200,"method":"GET","path":"/metrics","ip":"[IP-DISAMARKAN]","latency":0.001387605}
{"level":"info","ts":1782543968.7190447,"caller":"logger/logger.go:156","msg":"Experiment infer completed","request_id":"req-A2-treatment-run1-5-8-1782543941431-byvveeli","request_id":"req-A2-treatment-run1-5-8-1782543941431-byvveeli","scenario":"A2","condition":"treatment","run":1,"category":"full","latency_ms":27280}
{"level":"info","ts":1782543968.719096,"caller":"logger/logger.go:106","msg":"Request served","request_id":"req-A2-treatment-run1-5-8-1782543941431-byvveeli","status":200,"method":"POST","path":"/api/v1/infer","ip":"[IP-DISAMARKAN]","latency":27.283502361}
{"level":"info","ts":1782543972.6134315,"caller":"logger/logger.go:106","msg":"Request served","request_id":"0538760c4b0f97f2","status":200,"method":"GET","path":"/metrics","ip":"[IP-DISAMARKAN]","latency":0.001025733}
{"level":"warn","ts":1782543973.4839625,"caller":"logger/logger.go:116","msg":"Worker health check failed","worker":"speech","error":"rpc error: code = DeadlineExceeded desc = context deadline exceeded"}
{"level":"info","ts":1782543973.4845536,"caller":"logger/logger.go:106","msg":"Health check completed","vision":"HEALTHY","ocr":"HEALTHY","speech":"UNHEALTHY"}
{"level":"info","ts":1782543974.317138,"caller":"logger/logger.go:156","msg":"Experiment infer completed","request_id":"req-A2-treatment-run1-3-11-1782543946533-jmzz3e6w","request_id":"req-A2-treatment-run1-3-11-1782543946533-jmzz3e6w","scenario":"A2","condition":"treatment","run":1,"category":"full","latency_ms":27778}
{"level":"info","ts":1782543974.3171823,"caller":"logger/logger.go:106","msg":"Request served","request_id":"req-A2-treatment-run1-3-11-1782543946533-jmzz3e6w","status":200,"method":"POST","path":"/api/v1/infer","ip":"[IP-DISAMARKAN]","latency":27.78149056}
{"level":"info","ts":1782543977.613739,"caller":"logger/logger.go:106","msg":"Request served","request_id":"5516ff4389f12693","status":200,"method":"GET","path":"/metrics","ip":"[IP-DISAMARKAN]","latency":0.001051004}
{"level":"info","ts":1782543979.832597,"caller":"logger/logger.go:156","msg":"Experiment infer completed","request_id":"req-A2-treatment-run1-2-14-1782543951719-c72fke5u","request_id":"req-A2-treatment-run1-2-14-1782543951719-c72fke5u","scenario":"A2","condition":"treatment","run":1,"category":"full","latency_ms":28105}
{"level":"info","ts":1782543979.8326504,"caller":"logger/logger.go:106","msg":"Request served","request_id":"req-A2-treatment-run1-2-14-1782543951719-c72fke5u","status":200,"method":"POST","path":"/api/v1/infer","ip":"[IP-DISAMARKAN]","latency":28.10966477}
{"level":"info","ts":1782543982.614808,"caller":"logger/logger.go:106","msg":"Request served","request_id":"a81db67d56f16d39","status":200,"method":"GET","path":"/metrics","ip":"[IP-DISAMARKAN]","latency":0.001392626}
{"level":"info","ts":1782543985.416162,"caller":"logger/logger.go:156","msg":"Experiment infer completed","request_id":"req-A2-treatment-run1-4-7-1782543956936-5bv69mvb","request_id":"req-A2-treatment-run1-4-7-1782543956936-5bv69mvb","scenario":"A2","condition":"treatment","run":1,"category":"full","latency_ms":28473}
{"level":"info","ts":1782543985.4162133,"caller":"logger/logger.go:106","msg":"Request served","request_id":"req-A2-treatment-run1-4-7-1782543956936-5bv69mvb","status":200,"method":"POST","path":"/api/v1/infer","ip":"[IP-DISAMARKAN]","latency":28.476781776}
{"level":"info","ts":1782543987.6146557,"caller":"logger/logger.go:106","msg":"Request served","request_id":"cb7aa776461cc3ad","status":200,"method":"GET","path":"/metrics","ip":"[IP-DISAMARKAN]","latency":0.00121728}
{"level":"warn","ts":1782543988.4834616,"caller":"logger/logger.go:116","msg":"Worker health check failed","worker":"speech","error":"rpc error: code = DeadlineExceeded desc = context deadline exceeded"}
{"level":"info","ts":1782543988.4838524,"caller":"logger/logger.go:106","msg":"Health check completed","vision":"HEALTHY","ocr":"HEALTHY","speech":"UNHEALTHY"}
{"level":"info","ts":1782543991.2155461,"caller":"logger/logger.go:156","msg":"Experiment infer completed","request_id":"req-A2-treatment-run1-1-18-1782543964033-arqc4ccf","request_id":"req-A2-treatment-run1-1-18-1782543964033-arqc4ccf","scenario":"A2","condition":"treatment","run":1,"category":"full","latency_ms":27175}
{"level":"info","ts":1782543991.215774,"caller":"logger/logger.go:106","msg":"Request served","request_id":"req-A2-treatment-run1-1-18-1782543964033-arqc4ccf","status":200,"method":"POST","path":"/api/v1/infer","ip":"[IP-DISAMARKAN]","latency":27.178866428}
{"level":"info","ts":1782543992.6140373,"caller":"logger/logger.go:106","msg":"Request served","request_id":"85598004d50c7412","status":200,"method":"GET","path":"/metrics","ip":"[IP-DISAMARKAN]","latency":0.001676878}
{"level":"info","ts":1782543996.723613,"caller":"logger/logger.go:156","msg":"Experiment infer completed","request_id":"req-A2-treatment-run1-5-9-1782543969721-lkeeto7v","request_id":"req-A2-treatment-run1-5-9-1782543969721-lkeeto7v","scenario":"A2","condition":"treatment","run":1,"category":"full","latency_ms":26996}
{"level":"info","ts":1782543996.7236683,"caller":"logger/logger.go:106","msg":"Request served","request_id":"req-A2-treatment-run1-5-9-1782543969721-lkeeto7v","status":200,"method":"POST","path":"/api/v1/infer","ip":"[IP-DISAMARKAN]","latency":26.99955833}
{"level":"info","ts":1782543997.6161315,"caller":"logger/logger.go:106","msg":"Request served","request_id":"e851cb531d341256","status":200,"method":"GET","path":"/metrics","ip":"[IP-DISAMARKAN]","latency":0.002184726}
{"level":"error","ts":1782543998.314494,"caller":"logger/logger.go:121","msg":"Server error","request_id":"7e6521210ff2a341","status":503,"method":"GET","path":"/api/v1/health","ip":"::1","latency":5.039847402,"error":"","stacktrace":"temandifa-backend/internal/logger.Error\n\t/app/internal/logger/logger.go:121\nmain.NewHTTPServer.RequestLogger.func5\n\t/app/internal/middleware/request_logger.go:44\ngithub.com/gin-gonic/gin.(*Context).Next\n\t/go/pkg/mod/github.com/gin-gonic/gin@v1.11.0/context.go:192\nmain.NewHTTPServer.VersionMiddleware.func4\n\t/app/internal/middleware/versioning.go:35\ngithub.com/gin-gonic/gin.(*Context).Next\n\t/go/pkg/mod/github.com/gin-gonic/gin@v1.11.0/context.go:192\nmain.NewHTTPServer.RequestID.func3\n\t/app/internal/middleware/request_id.go:34\ngithub.com/gin-gonic/gin.(*Context).Next\n\t/go/pkg/mod/github.com/gin-gonic/gin@v1.11.0/context.go:192\nmain.NewHTTPServer.MaxBodySize.func2\n\t/app/internal/middleware/security.go:52\ngithub.com/gin-gonic/gin.(*Context).Next\n\t/go/pkg/mod/github.com/gin-gonic/gin@v1.11.0/context.go:192\nmain.NewHTTPServer.SecurityHeaders.func1\n\t/app/internal/middleware/security.go:36\ngithub.com/gin-gonic/gin.(*Context).Next\n\t/go/pkg/mod/github.com/gin-gonic/gin@v1.11.0/context.go:192\ngithub.com/gin-gonic/gin.(*Engine).handleHTTPRequest\n\t/go/pkg/mod/github.com/gin-gonic/gin@v1.11.0/gin.go:689\ngithub.com/gin-gonic/gin.(*Engine).ServeHTTP\n\t/go/pkg/mod/github.com/gin-gonic/gin@v1.11.0/gin.go:643\nnet/http.serverHandler.ServeHTTP\n\t/usr/local/go/src/net/http/server.go:3340\nnet/http.(*conn).serve\n\t/usr/local/go/src/net/http/server.go:2109"}
{"level":"info","ts":1782544002.217353,"caller":"logger/logger.go:156","msg":"Experiment infer completed","request_id":"req-A2-treatment-run1-3-12-1782543975319-ltr2o9b2","request_id":"req-A2-treatment-run1-3-12-1782543975319-ltr2o9b2","scenario":"A2","condition":"treatment","run":1,"category":"full","latency_ms":26891}
{"level":"info","ts":1782544002.2175379,"caller":"logger/logger.go:106","msg":"Request served","request_id":"req-A2-treatment-run1-3-12-1782543975319-ltr2o9b2","status":200,"method":"POST","path":"/api/v1/infer","ip":"[IP-DISAMARKAN]","latency":26.894560011}
{"level":"info","ts":1782544002.6143384,"caller":"logger/logger.go:106","msg":"Request served","request_id":"1ec9e4c84f611419","status":200,"method":"GET","path":"/metrics","ip":"[IP-DISAMARKAN]","latency":0.001355156}
{"level":"warn","ts":1782544003.483601,"caller":"logger/logger.go:116","msg":"Worker health check failed","worker":"speech","error":"rpc error: code = DeadlineExceeded desc = context deadline exceeded"}
{"level":"info","ts":1782544003.4842083,"caller":"logger/logger.go:106","msg":"Health check completed","vision":"HEALTHY","ocr":"HEALTHY","speech":"UNHEALTHY"}
{"level":"info","ts":1782544007.6141572,"caller":"logger/logger.go:106","msg":"Request served","request_id":"d6a1fed228046f5c","status":200,"method":"GET","path":"/metrics","ip":"[IP-DISAMARKAN]","latency":0.00114534}
{"level":"info","ts":1782544007.7178864,"caller":"logger/logger.go:156","msg":"Experiment infer completed","request_id":"req-A2-treatment-run1-2-15-1782543980834-iv4za9ab","request_id":"req-A2-treatment-run1-2-15-1782543980834-iv4za9ab","scenario":"A2","condition":"treatment","run":1,"category":"full","latency_ms":26877}
{"level":"info","ts":1782544007.718062,"caller":"logger/logger.go:106","msg":"Request served","request_id":"req-A2-treatment-run1-2-15-1782543980834-iv4za9ab","status":200,"method":"POST","path":"/api/v1/infer","ip":"[IP-DISAMARKAN]","latency":26.880122601}
{"level":"info","ts":1782544012.614299,"caller":"logger/logger.go:106","msg":"Request served","request_id":"82dbf695e395c813","status":200,"method":"GET","path":"/metrics","ip":"[IP-DISAMARKAN]","latency":0.000932107}
{"level":"info","ts":1782544013.2290657,"caller":"logger/logger.go:156","msg":"Experiment infer completed","request_id":"req-A2-treatment-run1-4-8-1782543986418-r7r9kp9w","request_id":"req-A2-treatment-run1-4-8-1782543986418-r7r9kp9w","scenario":"A2","condition":"treatment","run":1,"category":"full","latency_ms":26802}
{"level":"info","ts":1782544013.2291183,"caller":"logger/logger.go:106","msg":"Request served","request_id":"req-A2-treatment-run1-4-8-1782543986418-r7r9kp9w","status":200,"method":"POST","path":"/api/v1/infer","ip":"[IP-DISAMARKAN]","latency":26.806044763}
{"level":"info","ts":1782544017.6139326,"caller":"logger/logger.go:106","msg":"Request served","request_id":"5242e5b3a7bb3864","status":200,"method":"GET","path":"/metrics","ip":"[IP-DISAMARKAN]","latency":0.001451213}
{"level":"warn","ts":1782544018.4823828,"caller":"logger/logger.go:116","msg":"Worker health check failed","worker":"speech","error":"rpc error: code = DeadlineExceeded desc = context deadline exceeded"}
{"level":"info","ts":1782544018.4826496,"caller":"logger/logger.go:106","msg":"Health check completed","vision":"HEALTHY","ocr":"HEALTHY","speech":"UNHEALTHY"}
{"level":"info","ts":1782544019.264474,"caller":"logger/logger.go:156","msg":"Experiment infer completed","request_id":"req-A2-treatment-run1-1-19-1782543992219-o3xvwuyq","request_id":"req-A2-treatment-run1-1-19-1782543992219-o3xvwuyq","scenario":"A2","condition":"treatment","run":1,"category":"full","latency_ms":27040}
{"level":"info","ts":1782544019.2645264,"caller":"logger/logger.go:106","msg":"Request served","request_id":"req-A2-treatment-run1-1-19-1782543992219-o3xvwuyq","status":200,"method":"POST","path":"/api/v1/infer","ip":"[IP-DISAMARKAN]","latency":27.043020602}
{"level":"info","ts":1782544022.6134083,"caller":"logger/logger.go:106","msg":"Request served","request_id":"a978887599816bf8","status":200,"method":"GET","path":"/metrics","ip":"[IP-DISAMARKAN]","latency":0.000883147}
{"level":"info","ts":1782544025.8282504,"caller":"logger/logger.go:156","msg":"Experiment infer completed","request_id":"req-A2-treatment-run1-5-10-1782543997726-4bdsuwva","request_id":"req-A2-treatment-run1-5-10-1782543997726-4bdsuwva","scenario":"A2","condition":"treatment","run":1,"category":"full","latency_ms":28096}
{"level":"info","ts":1782544025.8283005,"caller":"logger/logger.go:106","msg":"Request served","request_id":"req-A2-treatment-run1-5-10-1782543997726-4bdsuwva","status":200,"method":"POST","path":"/api/v1/infer","ip":"[IP-DISAMARKAN]","latency":28.098987131}
{"level":"info","ts":1782544027.6135004,"caller":"logger/logger.go:106","msg":"Request served","request_id":"8e60ae728a02f6b8","status":200,"method":"GET","path":"/metrics","ip":"[IP-DISAMARKAN]","latency":0.001022785}
{"level":"info","ts":1782544032.024821,"caller":"logger/logger.go:156","msg":"Experiment infer completed","request_id":"req-A2-treatment-run1-3-13-1782544003221-fbhp29zo","request_id":"req-A2-treatment-run1-3-13-1782544003221-fbhp29zo","scenario":"A2","condition":"treatment","run":1,"category":"full","latency_ms":28798}
{"level":"info","ts":1782544032.024876,"caller":"logger/logger.go:106","msg":"Request served","request_id":"req-A2-treatment-run1-3-13-1782544003221-fbhp29zo","status":200,"method":"POST","path":"/api/v1/infer","ip":"[IP-DISAMARKAN]","latency":28.801090608}
{"level":"info","ts":1782544032.6133575,"caller":"logger/logger.go:106","msg":"Request served","request_id":"aed6a6153ac48d6e","status":200,"method":"GET","path":"/metrics","ip":"[IP-DISAMARKAN]","latency":0.000917168}
{"level":"error","ts":1782544033.340484,"caller":"logger/logger.go:121","msg":"Server error","request_id":"9dc002696ea10f3a","status":503,"method":"GET","path":"/api/v1/health","ip":"::1","latency":5.013053414,"error":"","stacktrace":"temandifa-backend/internal/logger.Error\n\t/app/internal/logger/logger.go:121\nmain.NewHTTPServer.RequestLogger.func5\n\t/app/internal/middleware/request_logger.go:44\ngithub.com/gin-gonic/gin.(*Context).Next\n\t/go/pkg/mod/github.com/gin-gonic/gin@v1.11.0/context.go:192\nmain.NewHTTPServer.VersionMiddleware.func4\n\t/app/internal/middleware/versioning.go:35\ngithub.com/gin-gonic/gin.(*Context).Next\n\t/go/pkg/mod/github.com/gin-gonic/gin@v1.11.0/context.go:192\nmain.NewHTTPServer.RequestID.func3\n\t/app/internal/middleware/request_id.go:34\ngithub.com/gin-gonic/gin.(*Context).Next\n\t/go/pkg/mod/github.com/gin-gonic/gin@v1.11.0/context.go:192\nmain.NewHTTPServer.MaxBodySize.func2\n\t/app/internal/middleware/security.go:52\ngithub.com/gin-gonic/gin.(*Context).Next\n\t/go/pkg/mod/github.com/gin-gonic/gin@v1.11.0/context.go:192\nmain.NewHTTPServer.SecurityHeaders.func1\n\t/app/internal/middleware/security.go:36\ngithub.com/gin-gonic/gin.(*Context).Next\n\t/go/pkg/mod/github.com/gin-gonic/gin@v1.11.0/context.go:192\ngithub.com/gin-gonic/gin.(*Engine).handleHTTPRequest\n\t/go/pkg/mod/github.com/gin-gonic/gin@v1.11.0/gin.go:689\ngithub.com/gin-gonic/gin.(*Engine).ServeHTTP\n\t/go/pkg/mod/github.com/gin-gonic/gin@v1.11.0/gin.go:643\nnet/http.serverHandler.ServeHTTP\n\t/usr/local/go/src/net/http/server.go:3340\nnet/http.(*conn).serve\n\t/usr/local/go/src/net/http/server.go:2109"}
{"level":"warn","ts":1782544033.4831042,"caller":"logger/logger.go:116","msg":"Worker health check failed","worker":"speech","error":"rpc error: code = DeadlineExceeded desc = context deadline exceeded"}
{"level":"info","ts":1782544033.4833395,"caller":"logger/logger.go:106","msg":"Health check completed","vision":"HEALTHY","ocr":"HEALTHY","speech":"UNHEALTHY"}
{"level":"info","ts":1782544037.612993,"caller":"logger/logger.go:106","msg":"Request served","request_id":"40ac15c183f90b4e","status":200,"method":"GET","path":"/metrics","ip":"[IP-DISAMARKAN]","latency":0.001064874}
{"level":"info","ts":1782544038.2325265,"caller":"logger/logger.go:156","msg":"Experiment infer completed","request_id":"req-A2-treatment-run1-2-16-1782544008720-sflbezds","request_id":"req-A2-treatment-run1-2-16-1782544008720-sflbezds","scenario":"A2","condition":"treatment","run":1,"category":"full","latency_ms":29506}
{"level":"info","ts":1782544038.2325754,"caller":"logger/logger.go:106","msg":"Request served","request_id":"req-A2-treatment-run1-2-16-1782544008720-sflbezds","status":200,"method":"POST","path":"/api/v1/infer","ip":"[IP-DISAMARKAN]","latency":29.509158213}
{"level":"info","ts":1782544042.6137877,"caller":"logger/logger.go:106","msg":"Request served","request_id":"caf030d4cdb7815e","status":200,"method":"GET","path":"/metrics","ip":"[IP-DISAMARKAN]","latency":0.001364596}
{"level":"info","ts":1782544044.2152758,"caller":"logger/logger.go:156","msg":"Experiment infer completed","request_id":"req-A2-treatment-run1-4-9-1782544014232-42bda6gm","request_id":"req-A2-treatment-run1-4-9-1782544014232-42bda6gm","scenario":"A2","condition":"treatment","run":1,"category":"full","latency_ms":29978}
{"level":"info","ts":1782544044.215321,"caller":"logger/logger.go:106","msg":"Request served","request_id":"req-A2-treatment-run1-4-9-1782544014232-42bda6gm","status":200,"method":"POST","path":"/api/v1/infer","ip":"[IP-DISAMARKAN]","latency":29.980134624}
{"level":"info","ts":1782544047.6146638,"caller":"logger/logger.go:106","msg":"Request served","request_id":"d271da43d8543f44","status":200,"method":"GET","path":"/metrics","ip":"[IP-DISAMARKAN]","latency":0.001112322}
{"level":"warn","ts":1782544048.482941,"caller":"logger/logger.go:116","msg":"Worker health check failed","worker":"speech","error":"rpc error: code = DeadlineExceeded desc = context deadline exceeded"}
{"level":"info","ts":1782544048.4833508,"caller":"logger/logger.go:106","msg":"Health check completed","vision":"HEALTHY","ocr":"HEALTHY","speech":"UNHEALTHY"}
{"level":"info","ts":1782544052.6131802,"caller":"logger/logger.go:106","msg":"Request served","request_id":"25d4da4c2c0d9cd4","status":200,"method":"GET","path":"/metrics","ip":"[IP-DISAMARKAN]","latency":0.00119993}
{"level":"info","ts":1782544052.860826,"caller":"logger/logger.go:156","msg":"Experiment infer completed","request_id":"req-A2-treatment-run1-1-20-1782544020267-iqlsv8l5","request_id":"req-A2-treatment-run1-1-20-1782544020267-iqlsv8l5","scenario":"A2","condition":"treatment","run":1,"category":"full","latency_ms":32588}
{"level":"info","ts":1782544052.8609347,"caller":"logger/logger.go:106","msg":"Request served","request_id":"req-A2-treatment-run1-1-20-1782544020267-iqlsv8l5","status":200,"method":"POST","path":"/api/v1/infer","ip":"[IP-DISAMARKAN]","latency":32.591203091}
{"level":"info","ts":1782544057.6134923,"caller":"logger/logger.go:106","msg":"Request served","request_id":"79f765692e3167e6","status":200,"method":"GET","path":"/metrics","ip":"[IP-DISAMARKAN]","latency":0.001045723}
{"level":"info","ts":1782544062.621725,"caller":"logger/logger.go:106","msg":"Request served","request_id":"15f85735cb138190","status":200,"method":"GET","path":"/metrics","ip":"[IP-DISAMARKAN]","latency":0.008290294}
{"level":"warn","ts":1782544063.4827127,"caller":"logger/logger.go:116","msg":"Worker health check failed","worker":"speech","error":"rpc error: code = DeadlineExceeded desc = context deadline exceeded"}
{"level":"info","ts":1782544063.4830043,"caller":"logger/logger.go:106","msg":"Health check completed","vision":"HEALTHY","ocr":"HEALTHY","speech":"UNHEALTHY"}
{"level":"info","ts":1782544067.6146874,"caller":"logger/logger.go:106","msg":"Request served","request_id":"cb6a19270d4a3b22","status":200,"method":"GET","path":"/metrics","ip":"[IP-DISAMARKAN]","latency":0.001235819}
{"level":"info","ts":1782544068.3181376,"caller":"logger/logger.go:156","msg":"Experiment infer completed","request_id":"req-A2-treatment-run1-5-11-1782544026830-jicg4ayl","request_id":"req-A2-treatment-run1-5-11-1782544026830-jicg4ayl","scenario":"A2","condition":"treatment","run":1,"category":"full","latency_ms":41482}
{"level":"info","ts":1782544068.3183742,"caller":"logger/logger.go:106","msg":"Request served","request_id":"req-A2-treatment-run1-5-11-1782544026830-jicg4ayl","status":200,"method":"POST","path":"/api/v1/infer","ip":"[IP-DISAMARKAN]","latency":41.485049649}
{"level":"error","ts":1782544069.9258955,"caller":"logger/logger.go:121","msg":"Server error","request_id":"00a9e273292249ad","status":503,"method":"GET","path":"/api/v1/health","ip":"::1","latency":6.546956186,"error":"","stacktrace":"temandifa-backend/internal/logger.Error\n\t/app/internal/logger/logger.go:121\nmain.NewHTTPServer.RequestLogger.func5\n\t/app/internal/middleware/request_logger.go:44\ngithub.com/gin-gonic/gin.(*Context).Next\n\t/go/pkg/mod/github.com/gin-gonic/gin@v1.11.0/context.go:192\nmain.NewHTTPServer.VersionMiddleware.func4\n\t/app/internal/middleware/versioning.go:35\ngithub.com/gin-gonic/gin.(*Context).Next\n\t/go/pkg/mod/github.com/gin-gonic/gin@v1.11.0/context.go:192\nmain.NewHTTPServer.RequestID.func3\n\t/app/internal/middleware/request_id.go:34\ngithub.com/gin-gonic/gin.(*Context).Next\n\t/go/pkg/mod/github.com/gin-gonic/gin@v1.11.0/context.go:192\nmain.NewHTTPServer.MaxBodySize.func2\n\t/app/internal/middleware/security.go:52\ngithub.com/gin-gonic/gin.(*Context).Next\n\t/go/pkg/mod/github.com/gin-gonic/gin@v1.11.0/context.go:192\nmain.NewHTTPServer.SecurityHeaders.func1\n\t/app/internal/middleware/security.go:36\ngithub.com/gin-gonic/gin.(*Context).Next\n\t/go/pkg/mod/github.com/gin-gonic/gin@v1.11.0/context.go:192\ngithub.com/gin-gonic/gin.(*Engine).handleHTTPRequest\n\t/go/pkg/mod/github.com/gin-gonic/gin@v1.11.0/gin.go:689\ngithub.com/gin-gonic/gin.(*Engine).ServeHTTP\n\t/go/pkg/mod/github.com/gin-gonic/gin@v1.11.0/gin.go:643\nnet/http.serverHandler.ServeHTTP\n\t/usr/local/go/src/net/http/server.go:3340\nnet/http.(*conn).serve\n\t/usr/local/go/src/net/http/server.go:2109"}
{"level":"info","ts":1782544072.6146812,"caller":"logger/logger.go:106","msg":"Request served","request_id":"92e71c8cb9f6744c","status":200,"method":"GET","path":"/metrics","ip":"[IP-DISAMARKAN]","latency":0.001402516}
{"level":"info","ts":1782544077.613016,"caller":"logger/logger.go:106","msg":"Request served","request_id":"a8f93e2844a9c6e5","status":200,"method":"GET","path":"/metrics","ip":"[IP-DISAMARKAN]","latency":0.001068793}
{"level":"warn","ts":1782544078.4833632,"caller":"logger/logger.go:116","msg":"Worker health check failed","worker":"speech","error":"rpc error: code = DeadlineExceeded desc = context deadline exceeded"}
{"level":"info","ts":1782544078.4838288,"caller":"logger/logger.go:106","msg":"Health check completed","vision":"HEALTHY","ocr":"HEALTHY","speech":"UNHEALTHY"}
{"level":"info","ts":1782544082.2276614,"caller":"logger/logger.go:156","msg":"Experiment infer completed","request_id":"req-A2-treatment-run1-3-14-1782544033027-dgmgaalg","request_id":"req-A2-treatment-run1-3-14-1782544033027-dgmgaalg","scenario":"A2","condition":"treatment","run":1,"category":"full","latency_ms":49192}
{"level":"info","ts":1782544082.2277112,"caller":"logger/logger.go:106","msg":"Request served","request_id":"req-A2-treatment-run1-3-14-1782544033027-dgmgaalg","status":200,"method":"POST","path":"/api/v1/infer","ip":"[IP-DISAMARKAN]","latency":49.198127877}
{"level":"info","ts":1782544082.6135726,"caller":"logger/logger.go:106","msg":"Request served","request_id":"c4c2a598830e2cdd","status":200,"method":"GET","path":"/metrics","ip":"[IP-DISAMARKAN]","latency":0.001044975}
{"level":"info","ts":1782544087.6128304,"caller":"logger/logger.go:106","msg":"Request served","request_id":"1dc491910afbe9cd","status":200,"method":"GET","path":"/metrics","ip":"[IP-DISAMARKAN]","latency":0.000963527}
{"level":"info","ts":1782544092.6144269,"caller":"logger/logger.go:106","msg":"Request served","request_id":"53cc99997f6c2c50","status":200,"method":"GET","path":"/metrics","ip":"[IP-DISAMARKAN]","latency":0.00200442}
{"level":"warn","ts":1782544093.484084,"caller":"logger/logger.go:116","msg":"Worker health check failed","worker":"speech","error":"rpc error: code = DeadlineExceeded desc = context deadline exceeded"}
{"level":"info","ts":1782544093.4844782,"caller":"logger/logger.go:106","msg":"Health check completed","vision":"HEALTHY","ocr":"HEALTHY","speech":"UNHEALTHY"}
{"level":"info","ts":1782544097.5144954,"caller":"logger/logger.go:156","msg":"Experiment infer completed","request_id":"req-A2-treatment-run1-2-17-1782544039234-nbfvim6k","request_id":"req-A2-treatment-run1-2-17-1782544039234-nbfvim6k","scenario":"A2","condition":"treatment","run":1,"category":"full","latency_ms":58275}
{"level":"info","ts":1782544097.5147417,"caller":"logger/logger.go:106","msg":"Request served","request_id":"req-A2-treatment-run1-2-17-1782544039234-nbfvim6k","status":200,"method":"POST","path":"/api/v1/infer","ip":"[IP-DISAMARKAN]","latency":58.277671158}
{"level":"info","ts":1782544097.61399,"caller":"logger/logger.go:106","msg":"Request served","request_id":"0a3728708ed0c57e","status":200,"method":"GET","path":"/metrics","ip":"[IP-DISAMARKAN]","latency":0.000998315}
{"level":"info","ts":1782544102.613925,"caller":"logger/logger.go:106","msg":"Request served","request_id":"7369ca38db8b9093","status":200,"method":"GET","path":"/metrics","ip":"[IP-DISAMARKAN]","latency":0.001402626}
{"level":"error","ts":1782544103.637642,"caller":"logger/logger.go:121","msg":"Server error","request_id":"d7d953109d41053b","status":503,"method":"GET","path":"/api/v1/health","ip":"::1","latency":5.202558788,"error":"","stacktrace":"temandifa-backend/internal/logger.Error\n\t/app/internal/logger/logger.go:121\nmain.NewHTTPServer.RequestLogger.func5\n\t/app/internal/middleware/request_logger.go:44\ngithub.com/gin-gonic/gin.(*Context).Next\n\t/go/pkg/mod/github.com/gin-gonic/gin@v1.11.0/context.go:192\nmain.NewHTTPServer.VersionMiddleware.func4\n\t/app/internal/middleware/versioning.go:35\ngithub.com/gin-gonic/gin.(*Context).Next\n\t/go/pkg/mod/github.com/gin-gonic/gin@v1.11.0/context.go:192\nmain.NewHTTPServer.RequestID.func3\n\t/app/internal/middleware/request_id.go:34\ngithub.com/gin-gonic/gin.(*Context).Next\n\t/go/pkg/mod/github.com/gin-gonic/gin@v1.11.0/context.go:192\nmain.NewHTTPServer.MaxBodySize.func2\n\t/app/internal/middleware/security.go:52\ngithub.com/gin-gonic/gin.(*Context).Next\n\t/go/pkg/mod/github.com/gin-gonic/gin@v1.11.0/context.go:192\nmain.NewHTTPServer.SecurityHeaders.func1\n\t/app/internal/middleware/security.go:36\ngithub.com/gin-gonic/gin.(*Context).Next\n\t/go/pkg/mod/github.com/gin-gonic/gin@v1.11.0/context.go:192\ngithub.com/gin-gonic/gin.(*Engine).handleHTTPRequest\n\t/go/pkg/mod/github.com/gin-gonic/gin@v1.11.0/gin.go:689\ngithub.com/gin-gonic/gin.(*Engine).ServeHTTP\n\t/go/pkg/mod/github.com/gin-gonic/gin@v1.11.0/gin.go:643\nnet/http.serverHandler.ServeHTTP\n\t/usr/local/go/src/net/http/server.go:3340\nnet/http.(*conn).serve\n\t/usr/local/go/src/net/http/server.go:2109"}
{"level":"error","ts":1782544105.222122,"caller":"logger/logger.go:121","msg":"AI Worker gRPC failed","code":"DeadlineExceeded","message":"context deadline exceeded","stacktrace":"temandifa-backend/internal/logger.Error\n\t/app/internal/logger/logger.go:121\ntemandifa-backend/internal/services.(*aiService).handleError\n\t/app/internal/services/ai_service.go:387\ntemandifa-backend/internal/services.(*aiService).TranscribeAudio.func1\n\t/app/internal/services/ai_service.go:331\ntemandifa-backend/internal/services.(*aiService).TranscribeAudio\n\t/app/internal/services/ai_service.go:354\ntemandifa-backend/internal/handlers.(*ExperimentHandler).callWorkersConcurrent.func1\n\t/app/internal/handlers/experiment_handler.go:610"}
{"level":"error","ts":1782544105.2261906,"caller":"logger/logger.go:121","msg":"Server error","request_id":"req-A2-treatment-run1-4-10-1782544045217-dsf9678i","status":504,"method":"POST","path":"/api/v1/infer","ip":"[IP-DISAMARKAN]","latency":60.004830445,"error":"","stacktrace":"temandifa-backend/internal/logger.Error\n\t/app/internal/logger/logger.go:121\nmain.NewHTTPServer.RequestLogger.func5\n\t/app/internal/middleware/request_logger.go:44\ngithub.com/gin-gonic/gin.(*Context).Next\n\t/go/pkg/mod/github.com/gin-gonic/gin@v1.11.0/context.go:192\nmain.NewHTTPServer.VersionMiddleware.func4\n\t/app/internal/middleware/versioning.go:35\ngithub.com/gin-gonic/gin.(*Context).Next\n\t/go/pkg/mod/github.com/gin-gonic/gin@v1.11.0/context.go:192\nmain.NewHTTPServer.RequestID.func3\n\t/app/internal/middleware/request_id.go:34\ngithub.com/gin-gonic/gin.(*Context).Next\n\t/go/pkg/mod/github.com/gin-gonic/gin@v1.11.0/context.go:192\nmain.NewHTTPServer.MaxBodySize.func2\n\t/app/internal/middleware/security.go:52\ngithub.com/gin-gonic/gin.(*Context).Next\n\t/go/pkg/mod/github.com/gin-gonic/gin@v1.11.0/context.go:192\nmain.NewHTTPServer.SecurityHeaders.func1\n\t/app/internal/middleware/security.go:36\ngithub.com/gin-gonic/gin.(*Context).Next\n\t/go/pkg/mod/github.com/gin-gonic/gin@v1.11.0/context.go:192\ngithub.com/gin-gonic/gin.(*Engine).handleHTTPRequest\n\t/go/pkg/mod/github.com/gin-gonic/gin@v1.11.0/gin.go:689\ngithub.com/gin-gonic/gin.(*Engine).ServeHTTP\n\t/go/pkg/mod/github.com/gin-gonic/gin@v1.11.0/gin.go:643\nnet/http.serverHandler.ServeHTTP\n\t/usr/local/go/src/net/http/server.go:3340\nnet/http.(*conn).serve\n\t/usr/local/go/src/net/http/server.go:2109"}
{"level":"info","ts":1782544107.6137044,"caller":"logger/logger.go:106","msg":"Request served","request_id":"771b37d2741a2dd8","status":200,"method":"GET","path":"/metrics","ip":"[IP-DISAMARKAN]","latency":0.001278458}
{"level":"warn","ts":1782544108.4824035,"caller":"logger/logger.go:116","msg":"Worker health check failed","worker":"speech","error":"rpc error: code = DeadlineExceeded desc = context deadline exceeded"}
{"level":"info","ts":1782544108.4827437,"caller":"logger/logger.go:106","msg":"Health check completed","vision":"HEALTHY","ocr":"HEALTHY","speech":"UNHEALTHY"}
{"level":"info","ts":1782544112.6142392,"caller":"logger/logger.go:106","msg":"Request served","request_id":"978bde2b78462b79","status":200,"method":"GET","path":"/metrics","ip":"[IP-DISAMARKAN]","latency":0.001377816}
{"level":"error","ts":1782544113.866095,"caller":"logger/logger.go:121","msg":"AI Worker gRPC failed","code":"DeadlineExceeded","message":"context deadline exceeded","stacktrace":"temandifa-backend/internal/logger.Error\n\t/app/internal/logger/logger.go:121\ntemandifa-backend/internal/services.(*aiService).handleError\n\t/app/internal/services/ai_service.go:387\ntemandifa-backend/internal/services.(*aiService).TranscribeAudio.func1\n\t/app/internal/services/ai_service.go:331\ntemandifa-backend/internal/services.(*aiService).TranscribeAudio\n\t/app/internal/services/ai_service.go:354\ntemandifa-backend/internal/handlers.(*ExperimentHandler).callWorkersConcurrent.func1\n\t/app/internal/handlers/experiment_handler.go:610"}
{"level":"error","ts":1782544113.8677294,"caller":"logger/logger.go:121","msg":"Server error","request_id":"req-A2-treatment-run1-1-21-1782544053862-ll6g8wxa","status":504,"method":"POST","path":"/api/v1/infer","ip":"[IP-DISAMARKAN]","latency":60.00279468,"error":"","stacktrace":"temandifa-backend/internal/logger.Error\n\t/app/internal/logger/logger.go:121\nmain.NewHTTPServer.RequestLogger.func5\n\t/app/internal/middleware/request_logger.go:44\ngithub.com/gin-gonic/gin.(*Context).Next\n\t/go/pkg/mod/github.com/gin-gonic/gin@v1.11.0/context.go:192\nmain.NewHTTPServer.VersionMiddleware.func4\n\t/app/internal/middleware/versioning.go:35\ngithub.com/gin-gonic/gin.(*Context).Next\n\t/go/pkg/mod/github.com/gin-gonic/gin@v1.11.0/context.go:192\nmain.NewHTTPServer.RequestID.func3\n\t/app/internal/middleware/request_id.go:34\ngithub.com/gin-gonic/gin.(*Context).Next\n\t/go/pkg/mod/github.com/gin-gonic/gin@v1.11.0/context.go:192\nmain.NewHTTPServer.MaxBodySize.func2\n\t/app/internal/middleware/security.go:52\ngithub.com/gin-gonic/gin.(*Context).Next\n\t/go/pkg/mod/github.com/gin-gonic/gin@v1.11.0/context.go:192\nmain.NewHTTPServer.SecurityHeaders.func1\n\t/app/internal/middleware/security.go:36\ngithub.com/gin-gonic/gin.(*Context).Next\n\t/go/pkg/mod/github.com/gin-gonic/gin@v1.11.0/context.go:192\ngithub.com/gin-gonic/gin.(*Engine).handleHTTPRequest\n\t/go/pkg/mod/github.com/gin-gonic/gin@v1.11.0/gin.go:689\ngithub.com/gin-gonic/gin.(*Engine).ServeHTTP\n\t/go/pkg/mod/github.com/gin-gonic/gin@v1.11.0/gin.go:643\nnet/http.serverHandler.ServeHTTP\n\t/usr/local/go/src/net/http/server.go:3340\nnet/http.(*conn).serve\n\t/usr/local/go/src/net/http/server.go:2109"}
{"level":"info","ts":1782544117.6136627,"caller":"logger/logger.go:106","msg":"Request served","request_id":"4d070552600920d7","status":200,"method":"GET","path":"/metrics","ip":"[IP-DISAMARKAN]","latency":0.001748116}
{"level":"info","ts":1782544122.6135352,"caller":"logger/logger.go:106","msg":"Request served","request_id":"ce23dd06dc6eba05","status":200,"method":"GET","path":"/metrics","ip":"[IP-DISAMARKAN]","latency":0.001101212}
{"level":"warn","ts":1782544123.4833717,"caller":"logger/logger.go:116","msg":"Worker health check failed","worker":"speech","error":"rpc error: code = DeadlineExceeded desc = context deadline exceeded"}
{"level":"info","ts":1782544123.4837227,"caller":"logger/logger.go:106","msg":"Health check completed","vision":"HEALTHY","ocr":"HEALTHY","speech":"UNHEALTHY"}
{"level":"info","ts":1782544127.613548,"caller":"logger/logger.go:106","msg":"Request served","request_id":"f1342c96f5e0d5f5","status":200,"method":"GET","path":"/metrics","ip":"[IP-DISAMARKAN]","latency":0.00116815}
{"level":"error","ts":1782544129.3264928,"caller":"logger/logger.go:121","msg":"AI Worker gRPC failed","code":"DeadlineExceeded","message":"context deadline exceeded","stacktrace":"temandifa-backend/internal/logger.Error\n\t/app/internal/logger/logger.go:121\ntemandifa-backend/internal/services.(*aiService).handleError\n\t/app/internal/services/ai_service.go:387\ntemandifa-backend/internal/services.(*aiService).TranscribeAudio.func1\n\t/app/internal/services/ai_service.go:331\ntemandifa-backend/internal/services.(*aiService).TranscribeAudio\n\t/app/internal/services/ai_service.go:354\ntemandifa-backend/internal/handlers.(*ExperimentHandler).callWorkersConcurrent.func1\n\t/app/internal/handlers/experiment_handler.go:610"}
{"level":"warn","ts":1782544129.326624,"caller":"logger/logger.go:116","msg":"Circuit breaker transitioning to OPEN","name":"speech","failures":5}
{"level":"error","ts":1782544129.328548,"caller":"logger/logger.go:121","msg":"Server error","request_id":"req-A2-treatment-run1-5-12-1782544069322-zpn5n6fw","status":504,"method":"POST","path":"/api/v1/infer","ip":"[IP-DISAMARKAN]","latency":60.003282625,"error":"","stacktrace":"temandifa-backend/internal/logger.Error\n\t/app/internal/logger/logger.go:121\nmain.NewHTTPServer.RequestLogger.func5\n\t/app/internal/middleware/request_logger.go:44\ngithub.com/gin-gonic/gin.(*Context).Next\n\t/go/pkg/mod/github.com/gin-gonic/gin@v1.11.0/context.go:192\nmain.NewHTTPServer.VersionMiddleware.func4\n\t/app/internal/middleware/versioning.go:35\ngithub.com/gin-gonic/gin.(*Context).Next\n\t/go/pkg/mod/github.com/gin-gonic/gin@v1.11.0/context.go:192\nmain.NewHTTPServer.RequestID.func3\n\t/app/internal/middleware/request_id.go:34\ngithub.com/gin-gonic/gin.(*Context).Next\n\t/go/pkg/mod/github.com/gin-gonic/gin@v1.11.0/context.go:192\nmain.NewHTTPServer.MaxBodySize.func2\n\t/app/internal/middleware/security.go:52\ngithub.com/gin-gonic/gin.(*Context).Next\n\t/go/pkg/mod/github.com/gin-gonic/gin@v1.11.0/context.go:192\nmain.NewHTTPServer.SecurityHeaders.func1\n\t/app/internal/middleware/security.go:36\ngithub.com/gin-gonic/gin.(*Context).Next\n\t/go/pkg/mod/github.com/gin-gonic/gin@v1.11.0/context.go:192\ngithub.com/gin-gonic/gin.(*Engine).handleHTTPRequest\n\t/go/pkg/mod/github.com/gin-gonic/gin@v1.11.0/gin.go:689\ngithub.com/gin-gonic/gin.(*Engine).ServeHTTP\n\t/go/pkg/mod/github.com/gin-gonic/gin@v1.11.0/gin.go:643\nnet/http.serverHandler.ServeHTTP\n\t/usr/local/go/src/net/http/server.go:3340\nnet/http.(*conn).serve\n\t/usr/local/go/src/net/http/server.go:2109"}
{"level":"info","ts":1782544130.731286,"caller":"logger/logger.go:156","msg":"Experiment infer completed","request_id":"req-A2-treatment-run1-5-13-1782544130331-08cyjafm","request_id":"req-A2-treatment-run1-5-13-1782544130331-08cyjafm","scenario":"A2","condition":"treatment","run":1,"category":"partial","latency_ms":392}
{"level":"info","ts":1782544130.7313435,"caller":"logger/logger.go:106","msg":"Request served","request_id":"req-A2-treatment-run1-5-13-1782544130331-08cyjafm","status":200,"method":"POST","path":"/api/v1/infer","ip":"[IP-DISAMARKAN]","latency":0.396674697}
{"level":"info","ts":1782544132.1182008,"caller":"logger/logger.go:156","msg":"Experiment infer completed","request_id":"req-A2-treatment-run1-5-14-1782544131734-j45wjhsl","request_id":"req-A2-treatment-run1-5-14-1782544131734-j45wjhsl","scenario":"A2","condition":"treatment","run":1,"category":"partial","latency_ms":374}
{"level":"info","ts":1782544132.1182535,"caller":"logger/logger.go:106","msg":"Request served","request_id":"req-A2-treatment-run1-5-14-1782544131734-j45wjhsl","status":200,"method":"POST","path":"/api/v1/infer","ip":"[IP-DISAMARKAN]","latency":0.381001046}
{"level":"info","ts":1782544132.6138422,"caller":"logger/logger.go:106","msg":"Request served","request_id":"64e4492c63ecd7b7","status":200,"method":"GET","path":"/metrics","ip":"[IP-DISAMARKAN]","latency":0.001149562}
{"level":"info","ts":1782544133.5733886,"caller":"logger/logger.go:156","msg":"Experiment infer completed","request_id":"req-A2-treatment-run1-5-15-1782544133121-cjwp5rqx","request_id":"req-A2-treatment-run1-5-15-1782544133121-cjwp5rqx","scenario":"A2","condition":"treatment","run":1,"category":"partial","latency_ms":444}
{"level":"info","ts":1782544133.5734322,"caller":"logger/logger.go:106","msg":"Request served","request_id":"req-A2-treatment-run1-5-15-1782544133121-cjwp5rqx","status":200,"method":"POST","path":"/api/v1/infer","ip":"[IP-DISAMARKAN]","latency":0.447832374}
{"level":"info","ts":1782544134.9376035,"caller":"logger/logger.go:156","msg":"Experiment infer completed","request_id":"req-A2-treatment-run1-5-16-1782544134575-etjzmfnj","request_id":"req-A2-treatment-run1-5-16-1782544134575-etjzmfnj","scenario":"A2","condition":"treatment","run":1,"category":"partial","latency_ms":354}
{"level":"info","ts":1782544134.937663,"caller":"logger/logger.go:106","msg":"Request served","request_id":"req-A2-treatment-run1-5-16-1782544134575-etjzmfnj","status":200,"method":"POST","path":"/api/v1/infer","ip":"[IP-DISAMARKAN]","latency":0.359498152}
{"level":"info","ts":1782544136.3141804,"caller":"logger/logger.go:156","msg":"Experiment infer completed","request_id":"req-A2-treatment-run1-5-17-1782544135940-viy8w6x3","request_id":"req-A2-treatment-run1-5-17-1782544135940-viy8w6x3","scenario":"A2","condition":"treatment","run":1,"category":"partial","latency_ms":366}
{"level":"info","ts":1782544136.3144584,"caller":"logger/logger.go:106","msg":"Request served","request_id":"req-A2-treatment-run1-5-17-1782544135940-viy8w6x3","status":200,"method":"POST","path":"/api/v1/infer","ip":"[IP-DISAMARKAN]","latency":0.371367172}
{"level":"info","ts":1782544137.187351,"caller":"logger/logger.go:106","msg":"ExperimentService","event":"fault_logged","type":"fault_finished","target":"speech"}
{"level":"info","ts":1782544137.1875107,"caller":"logger/logger.go:106","msg":"Request served","request_id":"ae36451b20ebd58c","status":201,"method":"POST","path":"/api/v1/experiments/fault-events","ip":"[IP-DISAMARKAN]","latency":0.002081319}
{"level":"info","ts":1782544137.6143184,"caller":"logger/logger.go:106","msg":"Request served","request_id":"c096703444431753","status":200,"method":"GET","path":"/metrics","ip":"[IP-DISAMARKAN]","latency":0.001131222}
{"level":"info","ts":1782544137.7186835,"caller":"logger/logger.go:156","msg":"Experiment infer completed","request_id":"req-A2-treatment-run1-5-18-1782544137317-ukt2ysdc","request_id":"req-A2-treatment-run1-5-18-1782544137317-ukt2ysdc","scenario":"A2","condition":"treatment","run":1,"category":"partial","latency_ms":395}
{"level":"info","ts":1782544137.7187343,"caller":"logger/logger.go:106","msg":"Request served","request_id":"req-A2-treatment-run1-5-18-1782544137317-ukt2ysdc","status":200,"method":"POST","path":"/api/v1/infer","ip":"[IP-DISAMARKAN]","latency":0.398515131}
{"level":"warn","ts":1782544138.48392,"caller":"logger/logger.go:116","msg":"Worker health check failed","worker":"speech","error":"rpc error: code = DeadlineExceeded desc = context deadline exceeded"}
{"level":"info","ts":1782544138.4843028,"caller":"logger/logger.go:106","msg":"Health check completed","vision":"HEALTHY","ocr":"HEALTHY","speech":"UNHEALTHY"}
{"level":"error","ts":1782544138.7102423,"caller":"logger/logger.go:121","msg":"Server error","request_id":"f18fbf8544b8984a","status":503,"method":"GET","path":"/api/v1/health","ip":"::1","latency":5.149920527,"error":"","stacktrace":"temandifa-backend/internal/logger.Error\n\t/app/internal/logger/logger.go:121\nmain.NewHTTPServer.RequestLogger.func5\n\t/app/internal/middleware/request_logger.go:44\ngithub.com/gin-gonic/gin.(*Context).Next\n\t/go/pkg/mod/github.com/gin-gonic/gin@v1.11.0/context.go:192\nmain.NewHTTPServer.VersionMiddleware.func4\n\t/app/internal/middleware/versioning.go:35\ngithub.com/gin-gonic/gin.(*Context).Next\n\t/go/pkg/mod/github.com/gin-gonic/gin@v1.11.0/context.go:192\nmain.NewHTTPServer.RequestID.func3\n\t/app/internal/middleware/request_id.go:34\ngithub.com/gin-gonic/gin.(*Context).Next\n\t/go/pkg/mod/github.com/gin-gonic/gin@v1.11.0/context.go:192\nmain.NewHTTPServer.MaxBodySize.func2\n\t/app/internal/middleware/security.go:52\ngithub.com/gin-gonic/gin.(*Context).Next\n\t/go/pkg/mod/github.com/gin-gonic/gin@v1.11.0/context.go:192\nmain.NewHTTPServer.SecurityHeaders.func1\n\t/app/internal/middleware/security.go:36\ngithub.com/gin-gonic/gin.(*Context).Next\n\t/go/pkg/mod/github.com/gin-gonic/gin@v1.11.0/context.go:192\ngithub.com/gin-gonic/gin.(*Engine).handleHTTPRequest\n\t/go/pkg/mod/github.com/gin-gonic/gin@v1.11.0/gin.go:689\ngithub.com/gin-gonic/gin.(*Engine).ServeHTTP\n\t/go/pkg/mod/github.com/gin-gonic/gin@v1.11.0/gin.go:643\nnet/http.serverHandler.ServeHTTP\n\t/usr/local/go/src/net/http/server.go:3340\nnet/http.(*conn).serve\n\t/usr/local/go/src/net/http/server.go:2109"}
{"level":"info","ts":1782544139.1191099,"caller":"logger/logger.go:156","msg":"Experiment infer completed","request_id":"req-A2-treatment-run1-5-19-1782544138721-bfvb71rw","request_id":"req-A2-treatment-run1-5-19-1782544138721-bfvb71rw","scenario":"A2","condition":"treatment","run":1,"category":"partial","latency_ms":389}
{"level":"info","ts":1782544139.1192205,"caller":"logger/logger.go:106","msg":"Request served","request_id":"req-A2-treatment-run1-5-19-1782544138721-bfvb71rw","status":200,"method":"POST","path":"/api/v1/infer","ip":"[IP-DISAMARKAN]","latency":0.39498864}
{"level":"info","ts":1782544140.4981427,"caller":"logger/logger.go:156","msg":"Experiment infer completed","request_id":"req-A2-treatment-run1-5-20-1782544140121-cu2ixfsm","request_id":"req-A2-treatment-run1-5-20-1782544140121-cu2ixfsm","scenario":"A2","condition":"treatment","run":1,"category":"partial","latency_ms":368}
{"level":"info","ts":1782544140.498386,"caller":"logger/logger.go:106","msg":"Request served","request_id":"req-A2-treatment-run1-5-20-1782544140121-cu2ixfsm","status":200,"method":"POST","path":"/api/v1/infer","ip":"[IP-DISAMARKAN]","latency":0.371631503}
{"level":"info","ts":1782544141.895863,"caller":"logger/logger.go:156","msg":"Experiment infer completed","request_id":"req-A2-treatment-run1-5-21-1782544141500-op92g9mo","request_id":"req-A2-treatment-run1-5-21-1782544141500-op92g9mo","scenario":"A2","condition":"treatment","run":1,"category":"partial","latency_ms":389}
{"level":"info","ts":1782544141.8959057,"caller":"logger/logger.go:106","msg":"Request served","request_id":"req-A2-treatment-run1-5-21-1782544141500-op92g9mo","status":200,"method":"POST","path":"/api/v1/infer","ip":"[IP-DISAMARKAN]","latency":0.391850948}
{"level":"info","ts":1782544142.613465,"caller":"logger/logger.go:106","msg":"Request served","request_id":"d9fd7565dd930183","status":200,"method":"GET","path":"/metrics","ip":"[IP-DISAMARKAN]","latency":0.000940037}
{"level":"info","ts":1782544143.2253613,"caller":"logger/logger.go:156","msg":"Experiment infer completed","request_id":"req-A2-treatment-run1-5-22-1782544142898-wqhneqic","request_id":"req-A2-treatment-run1-5-22-1782544142898-wqhneqic","scenario":"A2","condition":"treatment","run":1,"category":"partial","latency_ms":322}
{"level":"info","ts":1782544143.2254171,"caller":"logger/logger.go:106","msg":"Request served","request_id":"req-A2-treatment-run1-5-22-1782544142898-wqhneqic","status":200,"method":"POST","path":"/api/v1/infer","ip":"[IP-DISAMARKAN]","latency":0.324327502}
{"level":"error","ts":1782544143.2340739,"caller":"logger/logger.go:121","msg":"AI Worker gRPC failed","code":"DeadlineExceeded","message":"context deadline exceeded","stacktrace":"temandifa-backend/internal/logger.Error\n\t/app/internal/logger/logger.go:121\ntemandifa-backend/internal/services.(*aiService).handleError\n\t/app/internal/services/ai_service.go:387\ntemandifa-backend/internal/services.(*aiService).TranscribeAudio.func1\n\t/app/internal/services/ai_service.go:331\ntemandifa-backend/internal/services.(*aiService).TranscribeAudio\n\t/app/internal/services/ai_service.go:354\ntemandifa-backend/internal/handlers.(*ExperimentHandler).callWorkersConcurrent.func1\n\t/app/internal/handlers/experiment_handler.go:610"}
{"level":"error","ts":1782544143.2352893,"caller":"logger/logger.go:121","msg":"Server error","request_id":"req-A2-treatment-run1-3-15-1782544083229-9rt64kxh","status":504,"method":"POST","path":"/api/v1/infer","ip":"[IP-DISAMARKAN]","latency":60.002678494,"error":"","stacktrace":"temandifa-backend/internal/logger.Error\n\t/app/internal/logger/logger.go:121\nmain.NewHTTPServer.RequestLogger.func5\n\t/app/internal/middleware/request_logger.go:44\ngithub.com/gin-gonic/gin.(*Context).Next\n\t/go/pkg/mod/github.com/gin-gonic/gin@v1.11.0/context.go:192\nmain.NewHTTPServer.VersionMiddleware.func4\n\t/app/internal/middleware/versioning.go:35\ngithub.com/gin-gonic/gin.(*Context).Next\n\t/go/pkg/mod/github.com/gin-gonic/gin@v1.11.0/context.go:192\nmain.NewHTTPServer.RequestID.func3\n\t/app/internal/middleware/request_id.go:34\ngithub.com/gin-gonic/gin.(*Context).Next\n\t/go/pkg/mod/github.com/gin-gonic/gin@v1.11.0/context.go:192\nmain.NewHTTPServer.MaxBodySize.func2\n\t/app/internal/middleware/security.go:52\ngithub.com/gin-gonic/gin.(*Context).Next\n\t/go/pkg/mod/github.com/gin-gonic/gin@v1.11.0/context.go:192\nmain.NewHTTPServer.SecurityHeaders.func1\n\t/app/internal/middleware/security.go:36\ngithub.com/gin-gonic/gin.(*Context).Next\n\t/go/pkg/mod/github.com/gin-gonic/gin@v1.11.0/context.go:192\ngithub.com/gin-gonic/gin.(*Engine).handleHTTPRequest\n\t/go/pkg/mod/github.com/gin-gonic/gin@v1.11.0/gin.go:689\ngithub.com/gin-gonic/gin.(*Engine).ServeHTTP\n\t/go/pkg/mod/github.com/gin-gonic/gin@v1.11.0/gin.go:643\nnet/http.serverHandler.ServeHTTP\n\t/usr/local/go/src/net/http/server.go:3340\nnet/http.(*conn).serve\n\t/usr/local/go/src/net/http/server.go:2109"}
{"level":"info","ts":1782544144.7061827,"caller":"logger/logger.go:156","msg":"Experiment infer completed","request_id":"req-A2-treatment-run1-5-23-1782544144228-c7twpntd","request_id":"req-A2-treatment-run1-5-23-1782544144228-c7twpntd","scenario":"A2","condition":"treatment","run":1,"category":"partial","latency_ms":471}
{"level":"info","ts":1782544144.706237,"caller":"logger/logger.go:106","msg":"Request served","request_id":"req-A2-treatment-run1-5-23-1782544144228-c7twpntd","status":200,"method":"POST","path":"/api/v1/infer","ip":"[IP-DISAMARKAN]","latency":0.475726777}
{"level":"info","ts":1782544145.0174477,"caller":"logger/logger.go:156","msg":"Experiment infer completed","request_id":"req-A2-treatment-run1-3-16-1782544144237-iwmj2w88","request_id":"req-A2-treatment-run1-3-16-1782544144237-iwmj2w88","scenario":"A2","condition":"treatment","run":1,"category":"partial","latency_ms":769}
{"level":"info","ts":1782544145.017502,"caller":"logger/logger.go:106","msg":"Request served","request_id":"req-A2-treatment-run1-3-16-1782544144237-iwmj2w88","status":200,"method":"POST","path":"/api/v1/infer","ip":"[IP-DISAMARKAN]","latency":0.774136214}
{"level":"info","ts":1782544146.1269007,"caller":"logger/logger.go:156","msg":"Experiment infer completed","request_id":"req-A2-treatment-run1-5-24-1782544145708-g8jbymr8","request_id":"req-A2-treatment-run1-5-24-1782544145708-g8jbymr8","scenario":"A2","condition":"treatment","run":1,"category":"partial","latency_ms":410}
{"level":"info","ts":1782544146.1269593,"caller":"logger/logger.go:106","msg":"Request served","request_id":"req-A2-treatment-run1-5-24-1782544145708-g8jbymr8","status":200,"method":"POST","path":"/api/v1/infer","ip":"[IP-DISAMARKAN]","latency":0.413853079}
{"level":"info","ts":1782544146.5057843,"caller":"logger/logger.go:156","msg":"Experiment infer completed","request_id":"req-A2-treatment-run1-3-17-1782544146020-y1q7qqo5","request_id":"req-A2-treatment-run1-3-17-1782544146020-y1q7qqo5","scenario":"A2","condition":"treatment","run":1,"category":"partial","latency_ms":480}
{"level":"info","ts":1782544146.5059962,"caller":"logger/logger.go:106","msg":"Request served","request_id":"req-A2-treatment-run1-3-17-1782544146020-y1q7qqo5","status":200,"method":"POST","path":"/api/v1/infer","ip":"[IP-DISAMARKAN]","latency":0.483382496}
{"level":"info","ts":1782544147.5207922,"caller":"logger/logger.go:156","msg":"Experiment infer completed","request_id":"req-A2-treatment-run1-5-25-1782544147129-pl2w3e8q","request_id":"req-A2-treatment-run1-5-25-1782544147129-pl2w3e8q","scenario":"A2","condition":"treatment","run":1,"category":"partial","latency_ms":384}
{"level":"info","ts":1782544147.5208433,"caller":"logger/logger.go:106","msg":"Request served","request_id":"req-A2-treatment-run1-5-25-1782544147129-pl2w3e8q","status":200,"method":"POST","path":"/api/v1/infer","ip":"[IP-DISAMARKAN]","latency":0.388781184}
{"level":"info","ts":1782544147.6137729,"caller":"logger/logger.go:106","msg":"Request served","request_id":"664456add086a8bc","status":200,"method":"GET","path":"/metrics","ip":"[IP-DISAMARKAN]","latency":0.001180989}
{"level":"info","ts":1782544147.9450803,"caller":"logger/logger.go:156","msg":"Experiment infer completed","request_id":"req-A2-treatment-run1-3-18-1782544147508-qw6cwdjs","request_id":"req-A2-treatment-run1-3-18-1782544147508-qw6cwdjs","scenario":"A2","condition":"treatment","run":1,"category":"partial","latency_ms":429}
{"level":"info","ts":1782544147.945132,"caller":"logger/logger.go:106","msg":"Request served","request_id":"req-A2-treatment-run1-3-18-1782544147508-qw6cwdjs","status":200,"method":"POST","path":"/api/v1/infer","ip":"[IP-DISAMARKAN]","latency":0.432657749}
{"level":"info","ts":1782544148.9323108,"caller":"logger/logger.go:156","msg":"Experiment infer completed","request_id":"req-A2-treatment-run1-5-26-1782544148524-wt818s2r","request_id":"req-A2-treatment-run1-5-26-1782544148524-wt818s2r","scenario":"A2","condition":"treatment","run":1,"category":"partial","latency_ms":401}
{"level":"info","ts":1782544148.9325466,"caller":"logger/logger.go:106","msg":"Request served","request_id":"req-A2-treatment-run1-5-26-1782544148524-wt818s2r","status":200,"method":"POST","path":"/api/v1/infer","ip":"[IP-DISAMARKAN]","latency":0.405379861}
{"level":"info","ts":1782544148.967985,"caller":"logger/logger.go:106","msg":"Health check completed","vision":"HEALTHY","ocr":"HEALTHY","speech":"HEALTHY"}
{"level":"info","ts":1782544149.3999527,"caller":"logger/logger.go:156","msg":"Experiment infer completed","request_id":"req-A2-treatment-run1-3-19-1782544148947-wgo5q6el","request_id":"req-A2-treatment-run1-3-19-1782544148947-wgo5q6el","scenario":"A2","condition":"treatment","run":1,"category":"partial","latency_ms":446}
{"level":"info","ts":1782544149.4000018,"caller":"logger/logger.go:106","msg":"Request served","request_id":"req-A2-treatment-run1-3-19-1782544148947-wgo5q6el","status":200,"method":"POST","path":"/api/v1/infer","ip":"[IP-DISAMARKAN]","latency":0.449645917}
{"level":"info","ts":1782544150.3064892,"caller":"logger/logger.go:156","msg":"Experiment infer completed","request_id":"req-A2-treatment-run1-5-27-1782544149935-gqay8tj2","request_id":"req-A2-treatment-run1-5-27-1782544149935-gqay8tj2","scenario":"A2","condition":"treatment","run":1,"category":"partial","latency_ms":366}
{"level":"info","ts":1782544150.3065412,"caller":"logger/logger.go:106","msg":"Request served","request_id":"req-A2-treatment-run1-5-27-1782544149935-gqay8tj2","status":200,"method":"POST","path":"/api/v1/infer","ip":"[IP-DISAMARKAN]","latency":0.369013697}
{"level":"info","ts":1782544150.840992,"caller":"logger/logger.go:156","msg":"Experiment infer completed","request_id":"req-A2-treatment-run1-3-20-1782544150402-0eh61d1l","request_id":"req-A2-treatment-run1-3-20-1782544150402-0eh61d1l","scenario":"A2","condition":"treatment","run":1,"category":"partial","latency_ms":432}
{"level":"info","ts":1782544150.8410618,"caller":"logger/logger.go:106","msg":"Request served","request_id":"req-A2-treatment-run1-3-20-1782544150402-0eh61d1l","status":200,"method":"POST","path":"/api/v1/infer","ip":"[IP-DISAMARKAN]","latency":0.436236001}
{"level":"info","ts":1782544151.706669,"caller":"logger/logger.go:156","msg":"Experiment infer completed","request_id":"req-A2-treatment-run1-5-28-1782544151309-tfluu74l","request_id":"req-A2-treatment-run1-5-28-1782544151309-tfluu74l","scenario":"A2","condition":"treatment","run":1,"category":"partial","latency_ms":387}
{"level":"info","ts":1782544151.7067192,"caller":"logger/logger.go:106","msg":"Request served","request_id":"req-A2-treatment-run1-5-28-1782544151309-tfluu74l","status":200,"method":"POST","path":"/api/v1/infer","ip":"[IP-DISAMARKAN]","latency":0.391726202}
{"level":"info","ts":1782544152.2132688,"caller":"logger/logger.go:156","msg":"Experiment infer completed","request_id":"req-A2-treatment-run1-3-21-1782544151844-e7ccl2da","request_id":"req-A2-treatment-run1-3-21-1782544151844-e7ccl2da","scenario":"A2","condition":"treatment","run":1,"category":"partial","latency_ms":361}
{"level":"info","ts":1782544152.213338,"caller":"logger/logger.go:106","msg":"Request served","request_id":"req-A2-treatment-run1-3-21-1782544151844-e7ccl2da","status":200,"method":"POST","path":"/api/v1/infer","ip":"[IP-DISAMARKAN]","latency":0.366834601}
{"level":"info","ts":1782544152.6137369,"caller":"logger/logger.go:106","msg":"Request served","request_id":"b5d425c79c38fb0d","status":200,"method":"GET","path":"/metrics","ip":"[IP-DISAMARKAN]","latency":0.00121856}
{"level":"info","ts":1782544153.1032171,"caller":"logger/logger.go:156","msg":"Experiment infer completed","request_id":"req-A2-treatment-run1-5-29-1782544152708-x7q41zvi","request_id":"req-A2-treatment-run1-5-29-1782544152708-x7q41zvi","scenario":"A2","condition":"treatment","run":1,"category":"partial","latency_ms":386}
{"level":"info","ts":1782544153.1033273,"caller":"logger/logger.go:106","msg":"Request served","request_id":"req-A2-treatment-run1-5-29-1782544152708-x7q41zvi","status":200,"method":"POST","path":"/api/v1/infer","ip":"[IP-DISAMARKAN]","latency":0.391057378}
{"level":"info","ts":1782544153.6305509,"caller":"logger/logger.go:156","msg":"Experiment infer completed","request_id":"req-A2-treatment-run1-3-22-1782544153216-485eonwg","request_id":"req-A2-treatment-run1-3-22-1782544153216-485eonwg","scenario":"A2","condition":"treatment","run":1,"category":"partial","latency_ms":407}
{"level":"info","ts":1782544153.6306047,"caller":"logger/logger.go:106","msg":"Request served","request_id":"req-A2-treatment-run1-3-22-1782544153216-485eonwg","status":200,"method":"POST","path":"/api/v1/infer","ip":"[IP-DISAMARKAN]","latency":0.411533338}
{"level":"info","ts":1782544154.4115636,"caller":"logger/logger.go:106","msg":"Circuit breaker transitioning to CLOSED","name":"speech"}
{"level":"info","ts":1782544154.4149263,"caller":"logger/logger.go:156","msg":"Experiment infer completed","request_id":"req-A2-treatment-run1-2-18-1782544098517-ernbra2j","request_id":"req-A2-treatment-run1-2-18-1782544098517-ernbra2j","scenario":"A2","condition":"treatment","run":1,"category":"full","latency_ms":55888}
{"level":"info","ts":1782544154.4149706,"caller":"logger/logger.go:106","msg":"Request served","request_id":"req-A2-treatment-run1-2-18-1782544098517-ernbra2j","status":200,"method":"POST","path":"/api/v1/infer","ip":"[IP-DISAMARKAN]","latency":55.894519403}
{"level":"info","ts":1782544154.5312436,"caller":"logger/logger.go:156","msg":"Experiment infer completed","request_id":"req-A2-treatment-run1-5-30-1782544154105-r45kakxm","request_id":"req-A2-treatment-run1-5-30-1782544154105-r45kakxm","scenario":"A2","condition":"treatment","run":1,"category":"partial","latency_ms":421}
{"level":"info","ts":1782544154.531289,"caller":"logger/logger.go:106","msg":"Request served","request_id":"req-A2-treatment-run1-5-30-1782544154105-r45kakxm","status":200,"method":"POST","path":"/api/v1/infer","ip":"[IP-DISAMARKAN]","latency":0.423294365}
{"level":"info","ts":1782544157.6131458,"caller":"logger/logger.go:106","msg":"Request served","request_id":"8d5c622dd4129436","status":200,"method":"GET","path":"/metrics","ip":"[IP-DISAMARKAN]","latency":0.001234289}
{"level":"info","ts":1782544159.8313236,"caller":"logger/logger.go:156","msg":"Experiment infer completed","request_id":"req-A2-treatment-run1-4-11-1782544106229-jl6vyxda","request_id":"req-A2-treatment-run1-4-11-1782544106229-jl6vyxda","scenario":"A2","condition":"treatment","run":1,"category":"full","latency_ms":53596}
{"level":"info","ts":1782544159.8313763,"caller":"logger/logger.go:106","msg":"Request served","request_id":"req-A2-treatment-run1-4-11-1782544106229-jl6vyxda","status":200,"method":"POST","path":"/api/v1/infer","ip":"[IP-DISAMARKAN]","latency":53.598323607}
{"level":"info","ts":1782544162.6152468,"caller":"logger/logger.go:106","msg":"Request served","request_id":"b71c8f81b360a971","status":200,"method":"GET","path":"/metrics","ip":"[IP-DISAMARKAN]","latency":0.001811985}
{"level":"info","ts":1782544165.0299623,"caller":"logger/logger.go:156","msg":"Experiment infer completed","request_id":"req-A2-treatment-run1-1-22-1782544114870-syd7jusd","request_id":"req-A2-treatment-run1-1-22-1782544114870-syd7jusd","scenario":"A2","condition":"treatment","run":1,"category":"full","latency_ms":50155}
{"level":"info","ts":1782544165.03003,"caller":"logger/logger.go:106","msg":"Request served","request_id":"req-A2-treatment-run1-1-22-1782544114870-syd7jusd","status":200,"method":"POST","path":"/api/v1/infer","ip":"[IP-DISAMARKAN]","latency":50.157774882}
{"level":"info","ts":1782544167.6140103,"caller":"logger/logger.go:106","msg":"Request served","request_id":"c339fce07a96b1f2","status":200,"method":"GET","path":"/metrics","ip":"[IP-DISAMARKAN]","latency":0.001325997}
{"level":"warn","ts":1782544168.4823375,"caller":"logger/logger.go:116","msg":"Worker health check failed","worker":"speech","error":"rpc error: code = DeadlineExceeded desc = context deadline exceeded"}
{"level":"info","ts":1782544168.482648,"caller":"logger/logger.go:106","msg":"Health check completed","vision":"HEALTHY","ocr":"HEALTHY","speech":"UNHEALTHY"}
{"level":"info","ts":1782544170.2141423,"caller":"logger/logger.go:156","msg":"Experiment infer completed","request_id":"req-A2-treatment-run1-3-23-1782544154633-0fjtpviq","request_id":"req-A2-treatment-run1-3-23-1782544154633-0fjtpviq","scenario":"A2","condition":"treatment","run":1,"category":"full","latency_ms":15575}
{"level":"info","ts":1782544170.2141926,"caller":"logger/logger.go:106","msg":"Request served","request_id":"req-A2-treatment-run1-3-23-1782544154633-0fjtpviq","status":200,"method":"POST","path":"/api/v1/infer","ip":"[IP-DISAMARKAN]","latency":15.578221654}
{"level":"info","ts":1782544172.614811,"caller":"logger/logger.go:106","msg":"Request served","request_id":"35649719a14e4685","status":200,"method":"GET","path":"/metrics","ip":"[IP-DISAMARKAN]","latency":0.002261734}
{"level":"error","ts":1782544173.612032,"caller":"logger/logger.go:121","msg":"Server error","request_id":"158cb9490feaa2b6","status":503,"method":"GET","path":"/api/v1/health","ip":"::1","latency":5.007833784,"error":"","stacktrace":"temandifa-backend/internal/logger.Error\n\t/app/internal/logger/logger.go:121\nmain.NewHTTPServer.RequestLogger.func5\n\t/app/internal/middleware/request_logger.go:44\ngithub.com/gin-gonic/gin.(*Context).Next\n\t/go/pkg/mod/github.com/gin-gonic/gin@v1.11.0/context.go:192\nmain.NewHTTPServer.VersionMiddleware.func4\n\t/app/internal/middleware/versioning.go:35\ngithub.com/gin-gonic/gin.(*Context).Next\n\t/go/pkg/mod/github.com/gin-gonic/gin@v1.11.0/context.go:192\nmain.NewHTTPServer.RequestID.func3\n\t/app/internal/middleware/request_id.go:34\ngithub.com/gin-gonic/gin.(*Context).Next\n\t/go/pkg/mod/github.com/gin-gonic/gin@v1.11.0/context.go:192\nmain.NewHTTPServer.MaxBodySize.func2\n\t/app/internal/middleware/security.go:52\ngithub.com/gin-gonic/gin.(*Context).Next\n\t/go/pkg/mod/github.com/gin-gonic/gin@v1.11.0/context.go:192\nmain.NewHTTPServer.SecurityHeaders.func1\n\t/app/internal/middleware/security.go:36\ngithub.com/gin-gonic/gin.(*Context).Next\n\t/go/pkg/mod/github.com/gin-gonic/gin@v1.11.0/context.go:192\ngithub.com/gin-gonic/gin.(*Engine).handleHTTPRequest\n\t/go/pkg/mod/github.com/gin-gonic/gin@v1.11.0/gin.go:689\ngithub.com/gin-gonic/gin.(*Engine).ServeHTTP\n\t/go/pkg/mod/github.com/gin-gonic/gin@v1.11.0/gin.go:643\nnet/http.serverHandler.ServeHTTP\n\t/usr/local/go/src/net/http/server.go:3340\nnet/http.(*conn).serve\n\t/usr/local/go/src/net/http/server.go:2109"}
{"level":"info","ts":1782544175.5191298,"caller":"logger/logger.go:156","msg":"Experiment infer completed","request_id":"req-A2-treatment-run1-2-19-1782544155417-q00mz746","request_id":"req-A2-treatment-run1-2-19-1782544155417-q00mz746","scenario":"A2","condition":"treatment","run":1,"category":"full","latency_ms":20092}
{"level":"info","ts":1782544175.5191832,"caller":"logger/logger.go:106","msg":"Request served","request_id":"req-A2-treatment-run1-2-19-1782544155417-q00mz746","status":200,"method":"POST","path":"/api/v1/infer","ip":"[IP-DISAMARKAN]","latency":20.098535555}
{"level":"info","ts":1782544177.6147797,"caller":"logger/logger.go:106","msg":"Request served","request_id":"947ff27d85aa13e7","status":200,"method":"GET","path":"/metrics","ip":"[IP-DISAMARKAN]","latency":0.001361716}
{"level":"info","ts":1782544180.8191392,"caller":"logger/logger.go:156","msg":"Experiment infer completed","request_id":"req-A2-treatment-run1-5-31-1782544155535-x1y6mtyb","request_id":"req-A2-treatment-run1-5-31-1782544155535-x1y6mtyb","scenario":"A2","condition":"treatment","run":1,"category":"full","latency_ms":25277}
{"level":"info","ts":1782544180.8191967,"caller":"logger/logger.go:106","msg":"Request served","request_id":"req-A2-treatment-run1-5-31-1782544155535-x1y6mtyb","status":200,"method":"POST","path":"/api/v1/infer","ip":"[IP-DISAMARKAN]","latency":25.27994205}
{"level":"info","ts":1782544182.6139994,"caller":"logger/logger.go:106","msg":"Request served","request_id":"7a7e46a6cc29c9c6","status":200,"method":"GET","path":"/metrics","ip":"[IP-DISAMARKAN]","latency":0.001562791}
{"level":"warn","ts":1782544183.48301,"caller":"logger/logger.go:116","msg":"Worker health check failed","worker":"speech","error":"rpc error: code = DeadlineExceeded desc = context deadline exceeded"}
{"level":"info","ts":1782544183.4832518,"caller":"logger/logger.go:106","msg":"Health check completed","vision":"HEALTHY","ocr":"HEALTHY","speech":"UNHEALTHY"}
{"level":"info","ts":1782544185.9258344,"caller":"logger/logger.go:156","msg":"Experiment infer completed","request_id":"req-A2-treatment-run1-4-12-1782544160834-wo8bbpfe","request_id":"req-A2-treatment-run1-4-12-1782544160834-wo8bbpfe","scenario":"A2","condition":"treatment","run":1,"category":"full","latency_ms":25085}
{"level":"info","ts":1782544185.9258878,"caller":"logger/logger.go:106","msg":"Request served","request_id":"req-A2-treatment-run1-4-12-1782544160834-wo8bbpfe","status":200,"method":"POST","path":"/api/v1/infer","ip":"[IP-DISAMARKAN]","latency":25.088151192}
{"level":"info","ts":1782544187.6141336,"caller":"logger/logger.go:106","msg":"Request served","request_id":"c06f6e04e1929273","status":200,"method":"GET","path":"/metrics","ip":"[IP-DISAMARKAN]","latency":0.001255868}
{"level":"info","ts":1782544191.029666,"caller":"logger/logger.go:156","msg":"Experiment infer completed","request_id":"req-A2-treatment-run1-1-23-1782544166033-vexx1gwm","request_id":"req-A2-treatment-run1-1-23-1782544166033-vexx1gwm","scenario":"A2","condition":"treatment","run":1,"category":"full","latency_ms":24990}
{"level":"info","ts":1782544191.0297241,"caller":"logger/logger.go:106","msg":"Request served","request_id":"req-A2-treatment-run1-1-23-1782544166033-vexx1gwm","status":200,"method":"POST","path":"/api/v1/infer","ip":"[IP-DISAMARKAN]","latency":24.993476482}
{"level":"info","ts":1782544192.6143708,"caller":"logger/logger.go:106","msg":"Request served","request_id":"94e70df261b07e3d","status":200,"method":"GET","path":"/metrics","ip":"[IP-DISAMARKAN]","latency":0.001539123}
{"level":"info","ts":1782544196.126158,"caller":"logger/logger.go:156","msg":"Experiment infer completed","request_id":"req-A2-treatment-run1-3-24-1782544171216-cgfu7hu0","request_id":"req-A2-treatment-run1-3-24-1782544171216-cgfu7hu0","scenario":"A2","condition":"treatment","run":1,"category":"full","latency_ms":24904}
{"level":"info","ts":1782544196.1262114,"caller":"logger/logger.go:106","msg":"Request served","request_id":"req-A2-treatment-run1-3-24-1782544171216-cgfu7hu0","status":200,"method":"POST","path":"/api/v1/infer","ip":"[IP-DISAMARKAN]","latency":24.907220714}
{"level":"info","ts":1782544197.614618,"caller":"logger/logger.go:106","msg":"Request served","request_id":"863deb3cb3665f85","status":200,"method":"GET","path":"/metrics","ip":"[IP-DISAMARKAN]","latency":0.002710913}
{"level":"warn","ts":1782544198.4828227,"caller":"logger/logger.go:116","msg":"Worker health check failed","worker":"speech","error":"rpc error: code = DeadlineExceeded desc = context deadline exceeded"}
{"level":"info","ts":1782544198.483127,"caller":"logger/logger.go:106","msg":"Health check completed","vision":"HEALTHY","ocr":"HEALTHY","speech":"UNHEALTHY"}
{"level":"info","ts":1782544201.3227472,"caller":"logger/logger.go:156","msg":"Experiment infer completed","request_id":"req-A2-treatment-run1-2-20-1782544176522-g170ryrl","request_id":"req-A2-treatment-run1-2-20-1782544176522-g170ryrl","scenario":"A2","condition":"treatment","run":1,"category":"full","latency_ms":24793}
{"level":"info","ts":1782544201.322808,"caller":"logger/logger.go:106","msg":"Request served","request_id":"req-A2-treatment-run1-2-20-1782544176522-g170ryrl","status":200,"method":"POST","path":"/api/v1/infer","ip":"[IP-DISAMARKAN]","latency":24.796353231}
{"level":"info","ts":1782544202.6152275,"caller":"logger/logger.go:106","msg":"Request served","request_id":"1754b47d215cace0","status":200,"method":"GET","path":"/metrics","ip":"[IP-DISAMARKAN]","latency":0.001737397}
{"level":"info","ts":1782544206.7301354,"caller":"logger/logger.go:156","msg":"Experiment infer completed","request_id":"req-A2-treatment-run1-5-32-1782544181822-j4jei9tc","request_id":"req-A2-treatment-run1-5-32-1782544181822-j4jei9tc","scenario":"A2","condition":"treatment","run":1,"category":"full","latency_ms":24900}
{"level":"info","ts":1782544206.730256,"caller":"logger/logger.go:106","msg":"Request served","request_id":"req-A2-treatment-run1-5-32-1782544181822-j4jei9tc","status":200,"method":"POST","path":"/api/v1/infer","ip":"[IP-DISAMARKAN]","latency":24.902965586}
{"level":"info","ts":1782544207.616476,"caller":"logger/logger.go:106","msg":"Request served","request_id":"81338aa4dbb481bb","status":200,"method":"GET","path":"/metrics","ip":"[IP-DISAMARKAN]","latency":0.002986156}
{"level":"error","ts":1782544208.713802,"caller":"logger/logger.go:121","msg":"Server error","request_id":"45866dbe9b487b79","status":503,"method":"GET","path":"/api/v1/health","ip":"::1","latency":5.037609304,"error":"","stacktrace":"temandifa-backend/internal/logger.Error\n\t/app/internal/logger/logger.go:121\nmain.NewHTTPServer.RequestLogger.func5\n\t/app/internal/middleware/request_logger.go:44\ngithub.com/gin-gonic/gin.(*Context).Next\n\t/go/pkg/mod/github.com/gin-gonic/gin@v1.11.0/context.go:192\nmain.NewHTTPServer.VersionMiddleware.func4\n\t/app/internal/middleware/versioning.go:35\ngithub.com/gin-gonic/gin.(*Context).Next\n\t/go/pkg/mod/github.com/gin-gonic/gin@v1.11.0/context.go:192\nmain.NewHTTPServer.RequestID.func3\n\t/app/internal/middleware/request_id.go:34\ngithub.com/gin-gonic/gin.(*Context).Next\n\t/go/pkg/mod/github.com/gin-gonic/gin@v1.11.0/context.go:192\nmain.NewHTTPServer.MaxBodySize.func2\n\t/app/internal/middleware/security.go:52\ngithub.com/gin-gonic/gin.(*Context).Next\n\t/go/pkg/mod/github.com/gin-gonic/gin@v1.11.0/context.go:192\nmain.NewHTTPServer.SecurityHeaders.func1\n\t/app/internal/middleware/security.go:36\ngithub.com/gin-gonic/gin.(*Context).Next\n\t/go/pkg/mod/github.com/gin-gonic/gin@v1.11.0/context.go:192\ngithub.com/gin-gonic/gin.(*Engine).handleHTTPRequest\n\t/go/pkg/mod/github.com/gin-gonic/gin@v1.11.0/gin.go:689\ngithub.com/gin-gonic/gin.(*Engine).ServeHTTP\n\t/go/pkg/mod/github.com/gin-gonic/gin@v1.11.0/gin.go:643\nnet/http.serverHandler.ServeHTTP\n\t/usr/local/go/src/net/http/server.go:3340\nnet/http.(*conn).serve\n\t/usr/local/go/src/net/http/server.go:2109"}
{"level":"info","ts":1782544212.0209672,"caller":"logger/logger.go:156","msg":"Experiment infer completed","request_id":"req-A2-treatment-run1-4-13-1782544186928-jcgcv88y","request_id":"req-A2-treatment-run1-4-13-1782544186928-jcgcv88y","scenario":"A2","condition":"treatment","run":1,"category":"full","latency_ms":25084}
{"level":"info","ts":1782544212.0210373,"caller":"logger/logger.go:106","msg":"Request served","request_id":"req-A2-treatment-run1-4-13-1782544186928-jcgcv88y","status":200,"method":"POST","path":"/api/v1/infer","ip":"[IP-DISAMARKAN]","latency":25.088494554}
{"level":"info","ts":1782544212.6151586,"caller":"logger/logger.go:106","msg":"Request served","request_id":"6c6f35971d2c829f","status":200,"method":"GET","path":"/metrics","ip":"[IP-DISAMARKAN]","latency":0.002598175}
{"level":"warn","ts":1782544213.4833589,"caller":"logger/logger.go:116","msg":"Worker health check failed","worker":"speech","error":"rpc error: code = DeadlineExceeded desc = context deadline exceeded"}
{"level":"info","ts":1782544213.4839246,"caller":"logger/logger.go:106","msg":"Health check completed","vision":"HEALTHY","ocr":"HEALTHY","speech":"UNHEALTHY"}
{"level":"info","ts":1782544217.126418,"caller":"logger/logger.go:156","msg":"Experiment infer completed","request_id":"req-A2-treatment-run1-1-24-1782544192032-1nns7xop","request_id":"req-A2-treatment-run1-1-24-1782544192032-1nns7xop","scenario":"A2","condition":"treatment","run":1,"category":"full","latency_ms":25087}
{"level":"info","ts":1782544217.1264706,"caller":"logger/logger.go:106","msg":"Request served","request_id":"req-A2-treatment-run1-1-24-1782544192032-1nns7xop","status":200,"method":"POST","path":"/api/v1/infer","ip":"[IP-DISAMARKAN]","latency":25.090576523}
{"level":"info","ts":1782544217.6131737,"caller":"logger/logger.go:106","msg":"Request served","request_id":"b5df667709d9e624","status":200,"method":"GET","path":"/metrics","ip":"[IP-DISAMARKAN]","latency":0.001214939}
{"level":"info","ts":1782544222.3145666,"caller":"logger/logger.go:156","msg":"Experiment infer completed","request_id":"req-A2-treatment-run1-3-25-1782544197128-9lyzrmvf","request_id":"req-A2-treatment-run1-3-25-1782544197128-9lyzrmvf","scenario":"A2","condition":"treatment","run":1,"category":"full","latency_ms":25179}
{"level":"info","ts":1782544222.314621,"caller":"logger/logger.go:106","msg":"Request served","request_id":"req-A2-treatment-run1-3-25-1782544197128-9lyzrmvf","status":200,"method":"POST","path":"/api/v1/infer","ip":"[IP-DISAMARKAN]","latency":25.181342368}
{"level":"info","ts":1782544222.6136465,"caller":"logger/logger.go:106","msg":"Request served","request_id":"3c511ba0974d3fcf","status":200,"method":"GET","path":"/metrics","ip":"[IP-DISAMARKAN]","latency":0.001215429}
{"level":"info","ts":1782544227.4161348,"caller":"logger/logger.go:156","msg":"Experiment infer completed","request_id":"req-A2-treatment-run1-2-21-1782544202324-y9t1w7na","request_id":"req-A2-treatment-run1-2-21-1782544202324-y9t1w7na","scenario":"A2","condition":"treatment","run":1,"category":"full","latency_ms":25085}
{"level":"info","ts":1782544227.4161894,"caller":"logger/logger.go:106","msg":"Request served","request_id":"req-A2-treatment-run1-2-21-1782544202324-y9t1w7na","status":200,"method":"POST","path":"/api/v1/infer","ip":"[IP-DISAMARKAN]","latency":25.088926564}
{"level":"info","ts":1782544227.6170497,"caller":"logger/logger.go:106","msg":"Request served","request_id":"80b922a42fc1587a","status":200,"method":"GET","path":"/metrics","ip":"[IP-DISAMARKAN]","latency":0.001483103}
{"level":"warn","ts":1782544228.4827352,"caller":"logger/logger.go:116","msg":"Worker health check failed","worker":"speech","error":"rpc error: code = DeadlineExceeded desc = context deadline exceeded"}
{"level":"info","ts":1782544228.482973,"caller":"logger/logger.go:106","msg":"Health check completed","vision":"HEALTHY","ocr":"HEALTHY","speech":"UNHEALTHY"}
{"level":"info","ts":1782544232.6141028,"caller":"logger/logger.go:106","msg":"Request served","request_id":"9595cf897ea3a0a1","status":200,"method":"GET","path":"/metrics","ip":"[IP-DISAMARKAN]","latency":0.00159875}
{"level":"info","ts":1782544232.6181273,"caller":"logger/logger.go:156","msg":"Experiment infer completed","request_id":"req-A2-treatment-run1-5-33-1782544207733-uwu1a0mn","request_id":"req-A2-treatment-run1-5-33-1782544207733-uwu1a0mn","scenario":"A2","condition":"treatment","run":1,"category":"full","latency_ms":24877}
{"level":"info","ts":1782544232.6181612,"caller":"logger/logger.go:106","msg":"Request served","request_id":"req-A2-treatment-run1-5-33-1782544207733-uwu1a0mn","status":200,"method":"POST","path":"/api/v1/infer","ip":"[IP-DISAMARKAN]","latency":24.88105521}
{"level":"info","ts":1782544237.6143079,"caller":"logger/logger.go:106","msg":"Request served","request_id":"8b4506d28ce154d7","status":200,"method":"GET","path":"/metrics","ip":"[IP-DISAMARKAN]","latency":0.001142571}
{"level":"info","ts":1782544237.8280385,"caller":"logger/logger.go:156","msg":"Experiment infer completed","request_id":"req-A2-treatment-run1-4-14-1782544213023-pztn8i72","request_id":"req-A2-treatment-run1-4-14-1782544213023-pztn8i72","scenario":"A2","condition":"treatment","run":1,"category":"full","latency_ms":24797}
{"level":"info","ts":1782544237.8280911,"caller":"logger/logger.go:106","msg":"Request served","request_id":"req-A2-treatment-run1-4-14-1782544213023-pztn8i72","status":200,"method":"POST","path":"/api/v1/infer","ip":"[IP-DISAMARKAN]","latency":24.800726416}
{"level":"info","ts":1782544242.6142902,"caller":"logger/logger.go:106","msg":"Request served","request_id":"8d747853dcc5c40e","status":200,"method":"GET","path":"/metrics","ip":"[IP-DISAMARKAN]","latency":0.001089884}
{"level":"info","ts":1782544243.0149066,"caller":"logger/logger.go:106","msg":"Health check completed","vision":"HEALTHY","ocr":"HEALTHY","speech":"HEALTHY"}
{"level":"info","ts":1782544243.0154145,"caller":"logger/logger.go:156","msg":"Experiment infer completed","request_id":"req-A2-treatment-run1-1-25-1782544218129-oj7cioti","request_id":"req-A2-treatment-run1-1-25-1782544218129-oj7cioti","scenario":"A2","condition":"treatment","run":1,"category":"full","latency_ms":24879}
{"level":"info","ts":1782544243.0154526,"caller":"logger/logger.go:106","msg":"Request served","request_id":"req-A2-treatment-run1-1-25-1782544218129-oj7cioti","status":200,"method":"POST","path":"/api/v1/infer","ip":"[IP-DISAMARKAN]","latency":24.882319599}
{"level":"info","ts":1782544243.0167086,"caller":"logger/logger.go:106","msg":"Request served","request_id":"94a002f06d15e23a","status":200,"method":"GET","path":"/api/v1/health","ip":"::1","latency":4.284629139}
{"level":"info","ts":1782544247.6152086,"caller":"logger/logger.go:106","msg":"Request served","request_id":"1c6949df5b0c4512","status":200,"method":"GET","path":"/metrics","ip":"[IP-DISAMARKAN]","latency":0.003200479}
{"level":"info","ts":1782544248.2166247,"caller":"logger/logger.go:156","msg":"Experiment infer completed","request_id":"req-A2-treatment-run1-3-26-1782544223316-1943nbgq","request_id":"req-A2-treatment-run1-3-26-1782544223316-1943nbgq","scenario":"A2","condition":"treatment","run":1,"category":"full","latency_ms":24891}
{"level":"info","ts":1782544248.2166772,"caller":"logger/logger.go:106","msg":"Request served","request_id":"req-A2-treatment-run1-3-26-1782544223316-1943nbgq","status":200,"method":"POST","path":"/api/v1/infer","ip":"[IP-DISAMARKAN]","latency":24.89657578}
{"level":"info","ts":1782544252.6138363,"caller":"logger/logger.go:106","msg":"Request served","request_id":"a308e37655d43ea3","status":200,"method":"GET","path":"/metrics","ip":"[IP-DISAMARKAN]","latency":0.001467053}
{"level":"info","ts":1782544253.4268632,"caller":"logger/logger.go:156","msg":"Experiment infer completed","request_id":"req-A2-treatment-run1-2-22-1782544228418-w6go9fgc","request_id":"req-A2-treatment-run1-2-22-1782544228418-w6go9fgc","scenario":"A2","condition":"treatment","run":1,"category":"full","latency_ms":25002}
{"level":"info","ts":1782544253.4269817,"caller":"logger/logger.go:106","msg":"Request served","request_id":"req-A2-treatment-run1-2-22-1782544228418-w6go9fgc","status":200,"method":"POST","path":"/api/v1/infer","ip":"[IP-DISAMARKAN]","latency":25.004790602}
{"level":"info","ts":1782544257.6164932,"caller":"logger/logger.go:106","msg":"Request served","request_id":"c703ae2228c58869","status":200,"method":"GET","path":"/metrics","ip":"[IP-DISAMARKAN]","latency":0.003047144}
{"level":"info","ts":1782544258.4526262,"caller":"logger/logger.go:106","msg":"Health check completed","vision":"HEALTHY","ocr":"HEALTHY","speech":"HEALTHY"}
{"level":"info","ts":1782544258.4604192,"caller":"logger/logger.go:156","msg":"Experiment infer completed","request_id":"req-A2-treatment-run1-5-34-1782544233621-4kpow8rl","request_id":"req-A2-treatment-run1-5-34-1782544233621-4kpow8rl","scenario":"A2","condition":"treatment","run":1,"category":"full","latency_ms":24822}
{"level":"info","ts":1782544258.4604697,"caller":"logger/logger.go:106","msg":"Request served","request_id":"req-A2-treatment-run1-5-34-1782544233621-4kpow8rl","status":200,"method":"POST","path":"/api/v1/infer","ip":"[IP-DISAMARKAN]","latency":24.835898255}