{"level":"info","ts":1782503707.6163766,"caller":"logger/logger.go:106","msg":"Request served","request_id":"4359620315e319b3","status":200,"method":"GET","path":"/metrics","ip":"[IP-DISAMARKAN]","latency":0.002929236}
{"level":"info","ts":1782503712.026974,"caller":"logger/logger.go:156","msg":"Experiment infer completed","request_id":"req-SS-treatment-run1-1-3-1782503702818-lbz3g6wu","request_id":"req-SS-treatment-run1-1-3-1782503702818-lbz3g6wu","scenario":"SS","condition":"treatment","run":1,"category":"full","latency_ms":9201}
{"level":"info","ts":1782503712.0270407,"caller":"logger/logger.go:106","msg":"Request served","request_id":"req-SS-treatment-run1-1-3-1782503702818-lbz3g6wu","status":200,"method":"POST","path":"/api/v1/infer","ip":"[IP-DISAMARKAN]","latency":9.204128809}
{"level":"info","ts":1782503712.511985,"caller":"logger/logger.go:106","msg":"Health check completed","vision":"HEALTHY","ocr":"HEALTHY","speech":"HEALTHY"}
{"level":"info","ts":1782503712.6149285,"caller":"logger/logger.go:106","msg":"Request served","request_id":"72cc3ec456dd08cd","status":200,"method":"GET","path":"/metrics","ip":"[IP-DISAMARKAN]","latency":0.002649183}
{"level":"info","ts":1782503717.1155498,"caller":"logger/logger.go:156","msg":"Experiment infer completed","request_id":"req-SS-treatment-run1-2-1-1782503707932-wbxbjas3","request_id":"req-SS-treatment-run1-2-1-1782503707932-wbxbjas3","scenario":"SS","condition":"treatment","run":1,"category":"full","latency_ms":9178}
{"level":"info","ts":1782503717.1156008,"caller":"logger/logger.go:106","msg":"Request served","request_id":"req-SS-treatment-run1-2-1-1782503707932-wbxbjas3","status":200,"method":"POST","path":"/api/v1/infer","ip":"[IP-DISAMARKAN]","latency":9.181201993}
{"level":"info","ts":1782503717.5152192,"caller":"logger/logger.go:106","msg":"Request served","request_id":"85b9ad5db70d9707","status":200,"method":"GET","path":"/api/v1/health","ip":"[IP-DISAMARKAN]","latency":0.021648548}
{"level":"info","ts":1782503717.612905,"caller":"logger/logger.go:106","msg":"Request served","request_id":"2e3d316752d3eaf3","status":200,"method":"GET","path":"/metrics","ip":"[IP-DISAMARKAN]","latency":0.001041183}
{"level":"info","ts":1782503722.31555,"caller":"logger/logger.go:156","msg":"Experiment infer completed","request_id":"req-SS-treatment-run1-1-4-1782503713029-ozwxy1mq","request_id":"req-SS-treatment-run1-1-4-1782503713029-ozwxy1mq","scenario":"SS","condition":"treatment","run":1,"category":"full","latency_ms":9277}
{"level":"info","ts":1782503722.3156075,"caller":"logger/logger.go:106","msg":"Request served","request_id":"req-SS-treatment-run1-1-4-1782503713029-ozwxy1mq","status":200,"method":"POST","path":"/api/v1/infer","ip":"[IP-DISAMARKAN]","latency":9.281739313}
{"level":"info","ts":1782503722.6152472,"caller":"logger/logger.go:106","msg":"Request served","request_id":"3fa59243afedc2d0","status":200,"method":"GET","path":"/metrics","ip":"[IP-DISAMARKAN]","latency":0.002846357}
{"level":"info","ts":1782503727.4231317,"caller":"logger/logger.go:156","msg":"Experiment infer completed","request_id":"req-SS-treatment-run1-3-0-1782503714004-9blhvs1g","request_id":"req-SS-treatment-run1-3-0-1782503714004-9blhvs1g","scenario":"SS","condition":"treatment","run":1,"category":"full","latency_ms":13411}
{"level":"info","ts":1782503727.423187,"caller":"logger/logger.go:106","msg":"Request served","request_id":"req-SS-treatment-run1-3-0-1782503714004-9blhvs1g","status":200,"method":"POST","path":"/api/v1/infer","ip":"[IP-DISAMARKAN]","latency":13.415291759}
{"level":"info","ts":1782503727.536094,"caller":"logger/logger.go:106","msg":"Health check completed","vision":"HEALTHY","ocr":"HEALTHY","speech":"HEALTHY"}
{"level":"info","ts":1782503727.6138496,"caller":"logger/logger.go:106","msg":"Request served","request_id":"0303e6c15d914c5f","status":200,"method":"GET","path":"/metrics","ip":"[IP-DISAMARKAN]","latency":0.001050733}
{"level":"info","ts":1782503732.6129742,"caller":"logger/logger.go:106","msg":"Request served","request_id":"f56af00bf48c44ef","status":200,"method":"GET","path":"/metrics","ip":"[IP-DISAMARKAN]","latency":0.001075193}
{"level":"info","ts":1782503732.6272888,"caller":"logger/logger.go:156","msg":"Experiment infer completed","request_id":"req-SS-treatment-run1-2-2-1782503718119-5kpbjztc","request_id":"req-SS-treatment-run1-2-2-1782503718119-5kpbjztc","scenario":"SS","condition":"treatment","run":1,"category":"full","latency_ms":14501}
{"level":"info","ts":1782503732.6274767,"caller":"logger/logger.go:106","msg":"Request served","request_id":"req-SS-treatment-run1-2-2-1782503718119-5kpbjztc","status":200,"method":"POST","path":"/api/v1/infer","ip":"[IP-DISAMARKAN]","latency":14.506120603}
{"level":"info","ts":1782503737.61348,"caller":"logger/logger.go:106","msg":"Request served","request_id":"11a392886235ba5d","status":200,"method":"GET","path":"/metrics","ip":"[IP-DISAMARKAN]","latency":0.001060833}
{"level":"info","ts":1782503737.8165734,"caller":"logger/logger.go:156","msg":"Experiment infer completed","request_id":"req-SS-treatment-run1-1-5-1782503723318-ccc2ry07","request_id":"req-SS-treatment-run1-1-5-1782503723318-ccc2ry07","scenario":"SS","condition":"treatment","run":1,"category":"full","latency_ms":14490}
{"level":"info","ts":1782503737.8166273,"caller":"logger/logger.go:106","msg":"Request served","request_id":"req-SS-treatment-run1-1-5-1782503723318-ccc2ry07","status":200,"method":"POST","path":"/api/v1/infer","ip":"[IP-DISAMARKAN]","latency":14.493811796}
{"level":"info","ts":1782503742.613408,"caller":"logger/logger.go:106","msg":"Request served","request_id":"df4ca9b405cc927f","status":200,"method":"GET","path":"/metrics","ip":"[IP-DISAMARKAN]","latency":0.000941796}
{"level":"info","ts":1782503742.9138758,"caller":"logger/logger.go:106","msg":"Health check completed","vision":"HEALTHY","ocr":"HEALTHY","speech":"HEALTHY"}
{"level":"info","ts":1782503742.9156263,"caller":"logger/logger.go:156","msg":"Experiment infer completed","request_id":"req-SS-treatment-run1-3-1-1782503728426-xde6j10m","request_id":"req-SS-treatment-run1-3-1-1782503728426-xde6j10m","scenario":"SS","condition":"treatment","run":1,"category":"full","latency_ms":14482}
{"level":"info","ts":1782503742.9156752,"caller":"logger/logger.go:106","msg":"Request served","request_id":"req-SS-treatment-run1-3-1-1782503728426-xde6j10m","status":200,"method":"POST","path":"/api/v1/infer","ip":"[IP-DISAMARKAN]","latency":14.48671938}
{"level":"info","ts":1782503747.6129613,"caller":"logger/logger.go:106","msg":"Request served","request_id":"701bf9db7816e44f","status":200,"method":"GET","path":"/metrics","ip":"[IP-DISAMARKAN]","latency":0.001032254}
{"level":"info","ts":1782503747.9185035,"caller":"logger/logger.go:156","msg":"Experiment infer completed","request_id":"req-SS-treatment-run1-4-0-1782503729003-jyj8amsz","request_id":"req-SS-treatment-run1-4-0-1782503729003-jyj8amsz","scenario":"SS","condition":"treatment","run":1,"category":"full","latency_ms":18903}
{"level":"info","ts":1782503747.918735,"caller":"logger/logger.go:106","msg":"Request served","request_id":"req-SS-treatment-run1-4-0-1782503729003-jyj8amsz","status":200,"method":"POST","path":"/api/v1/infer","ip":"[IP-DISAMARKAN]","latency":18.906308138}
{"level":"error","ts":1782503752.612165,"caller":"logger/logger.go:121","msg":"Server error","request_id":"5abe14daa3a71021","status":503,"method":"GET","path":"/api/v1/health","ip":"[IP-DISAMARKAN]","latency":5.038540919,"error":"","stacktrace":"temandifa-backend/internal/logger.Error\n\t/app/internal/logger/logger.go:121\nmain.NewHTTPServer.RequestLogger.func5\n\t/app/internal/middleware/request_logger.go:44\ngithub.com/gin-gonic/gin.(*Context).Next\n\t/go/pkg/mod/github.com/gin-gonic/gin@v1.11.0/context.go:192\nmain.NewHTTPServer.VersionMiddleware.func4\n\t/app/internal/middleware/versioning.go:35\ngithub.com/gin-gonic/gin.(*Context).Next\n\t/go/pkg/mod/github.com/gin-gonic/gin@v1.11.0/context.go:192\nmain.NewHTTPServer.RequestID.func3\n\t/app/internal/middleware/request_id.go:34\ngithub.com/gin-gonic/gin.(*Context).Next\n\t/go/pkg/mod/github.com/gin-gonic/gin@v1.11.0/context.go:192\nmain.NewHTTPServer.MaxBodySize.func2\n\t/app/internal/middleware/security.go:52\ngithub.com/gin-gonic/gin.(*Context).Next\n\t/go/pkg/mod/github.com/gin-gonic/gin@v1.11.0/context.go:192\nmain.NewHTTPServer.SecurityHeaders.func1\n\t/app/internal/middleware/security.go:36\ngithub.com/gin-gonic/gin.(*Context).Next\n\t/go/pkg/mod/github.com/gin-gonic/gin@v1.11.0/context.go:192\ngithub.com/gin-gonic/gin.(*Engine).handleHTTPRequest\n\t/go/pkg/mod/github.com/gin-gonic/gin@v1.11.0/gin.go:689\ngithub.com/gin-gonic/gin.(*Engine).ServeHTTP\n\t/go/pkg/mod/github.com/gin-gonic/gin@v1.11.0/gin.go:643\nnet/http.serverHandler.ServeHTTP\n\t/usr/local/go/src/net/http/server.go:3340\nnet/http.(*conn).serve\n\t/usr/local/go/src/net/http/server.go:2109"}
{"level":"info","ts":1782503752.613393,"caller":"logger/logger.go:106","msg":"Request served","request_id":"7311a23a3dbb213b","status":200,"method":"GET","path":"/metrics","ip":"[IP-DISAMARKAN]","latency":0.000934766}
{"level":"info","ts":1782503753.0168786,"caller":"logger/logger.go:156","msg":"Experiment infer completed","request_id":"req-SS-treatment-run1-2-3-1782503733631-n2q8lpqn","request_id":"req-SS-treatment-run1-2-3-1782503733631-n2q8lpqn","scenario":"SS","condition":"treatment","run":1,"category":"full","latency_ms":19380}
{"level":"info","ts":1782503753.0169547,"caller":"logger/logger.go:106","msg":"Request served","request_id":"req-SS-treatment-run1-2-3-1782503733631-n2q8lpqn","status":200,"method":"POST","path":"/api/v1/infer","ip":"[IP-DISAMARKAN]","latency":19.383771956}
{"level":"info","ts":1782503757.6130042,"caller":"logger/logger.go:106","msg":"Request served","request_id":"7796ef1c065266cd","status":200,"method":"GET","path":"/metrics","ip":"[IP-DISAMARKAN]","latency":0.001034353}
{"level":"info","ts":1782503758.0338624,"caller":"logger/logger.go:156","msg":"Experiment infer completed","request_id":"req-SS-treatment-run1-1-6-1782503738820-qu1bb92f","request_id":"req-SS-treatment-run1-1-6-1782503738820-qu1bb92f","scenario":"SS","condition":"treatment","run":1,"category":"full","latency_ms":19205}
{"level":"info","ts":1782503758.0339115,"caller":"logger/logger.go:106","msg":"Request served","request_id":"req-SS-treatment-run1-1-6-1782503738820-qu1bb92f","status":200,"method":"POST","path":"/api/v1/infer","ip":"[IP-DISAMARKAN]","latency":19.210517763}
{"level":"warn","ts":1782503762.4936962,"caller":"logger/logger.go:116","msg":"Worker health check failed","worker":"speech","error":"rpc error: code = DeadlineExceeded desc = context deadline exceeded"}
{"level":"info","ts":1782503762.4942172,"caller":"logger/logger.go:106","msg":"Health check completed","vision":"HEALTHY","ocr":"HEALTHY","speech":"UNHEALTHY"}
{"level":"info","ts":1782503762.614478,"caller":"logger/logger.go:106","msg":"Request served","request_id":"c1fbaa9b98f700c7","status":200,"method":"GET","path":"/metrics","ip":"[IP-DISAMARKAN]","latency":0.001077222}
{"level":"info","ts":1782503763.4265373,"caller":"logger/logger.go:156","msg":"Experiment infer completed","request_id":"req-SS-treatment-run1-3-2-1782503743918-f0a3p6p4","request_id":"req-SS-treatment-run1-3-2-1782503743918-f0a3p6p4","scenario":"SS","condition":"treatment","run":1,"category":"full","latency_ms":19501}
{"level":"info","ts":1782503763.426588,"caller":"logger/logger.go:106","msg":"Request served","request_id":"req-SS-treatment-run1-3-2-1782503743918-f0a3p6p4","status":200,"method":"POST","path":"/api/v1/infer","ip":"[IP-DISAMARKAN]","latency":19.504578765}
{"level":"info","ts":1782503767.613181,"caller":"logger/logger.go:106","msg":"Request served","request_id":"6f1bfec143a73d43","status":200,"method":"GET","path":"/metrics","ip":"[IP-DISAMARKAN]","latency":0.001241448}
{"level":"info","ts":1782503768.517847,"caller":"logger/logger.go:156","msg":"Experiment infer completed","request_id":"req-SS-treatment-run1-5-0-1782503744004-k1qyc6d0","request_id":"req-SS-treatment-run1-5-0-1782503744004-k1qyc6d0","scenario":"SS","condition":"treatment","run":1,"category":"full","latency_ms":24501}
{"level":"info","ts":1782503768.5178998,"caller":"logger/logger.go:106","msg":"Request served","request_id":"req-SS-treatment-run1-5-0-1782503744004-k1qyc6d0","status":200,"method":"POST","path":"/api/v1/infer","ip":"[IP-DISAMARKAN]","latency":24.505186412}
{"level":"info","ts":1782503772.614223,"caller":"logger/logger.go:106","msg":"Request served","request_id":"f38bda5e3ce3b0ae","status":200,"method":"GET","path":"/metrics","ip":"[IP-DISAMARKAN]","latency":0.001051913}
{"level":"info","ts":1782503773.7257495,"caller":"logger/logger.go:156","msg":"Experiment infer completed","request_id":"req-SS-treatment-run1-4-1-1782503748921-3gng7nyn","request_id":"req-SS-treatment-run1-4-1-1782503748921-3gng7nyn","scenario":"SS","condition":"treatment","run":1,"category":"full","latency_ms":24797}
{"level":"info","ts":1782503773.7258027,"caller":"logger/logger.go:106","msg":"Request served","request_id":"req-SS-treatment-run1-4-1-1782503748921-3gng7nyn","status":200,"method":"POST","path":"/api/v1/infer","ip":"[IP-DISAMARKAN]","latency":24.800531171}
{"level":"warn","ts":1782503777.4958732,"caller":"logger/logger.go:116","msg":"Worker health check failed","worker":"speech","error":"rpc error: code = DeadlineExceeded desc = context deadline exceeded"}
{"level":"info","ts":1782503777.4962685,"caller":"logger/logger.go:106","msg":"Health check completed","vision":"HEALTHY","ocr":"HEALTHY","speech":"UNHEALTHY"}
{"level":"info","ts":1782503777.614556,"caller":"logger/logger.go:106","msg":"Request served","request_id":"d0f81ef2b0a4afbc","status":200,"method":"GET","path":"/metrics","ip":"[IP-DISAMARKAN]","latency":0.00112842}
{"level":"info","ts":1782503778.81522,"caller":"logger/logger.go:156","msg":"Experiment infer completed","request_id":"req-SS-treatment-run1-2-4-1782503754019-4jpbxlpw","request_id":"req-SS-treatment-run1-2-4-1782503754019-4jpbxlpw","scenario":"SS","condition":"treatment","run":1,"category":"full","latency_ms":24789}
{"level":"info","ts":1782503778.8152695,"caller":"logger/logger.go:106","msg":"Request served","request_id":"req-SS-treatment-run1-2-4-1782503754019-4jpbxlpw","status":200,"method":"POST","path":"/api/v1/infer","ip":"[IP-DISAMARKAN]","latency":24.792635752}
{"level":"info","ts":1782503782.615467,"caller":"logger/logger.go:106","msg":"Request served","request_id":"aed3593165ea85a4","status":200,"method":"GET","path":"/metrics","ip":"[IP-DISAMARKAN]","latency":0.002620423}
{"level":"info","ts":1782503783.9239998,"caller":"logger/logger.go:156","msg":"Experiment infer completed","request_id":"req-SS-treatment-run1-1-7-1782503759036-nwa75x56","request_id":"req-SS-treatment-run1-1-7-1782503759036-nwa75x56","scenario":"SS","condition":"treatment","run":1,"category":"full","latency_ms":24881}
{"level":"info","ts":1782503783.924072,"caller":"logger/logger.go:106","msg":"Request served","request_id":"req-SS-treatment-run1-1-7-1782503759036-nwa75x56","status":200,"method":"POST","path":"/api/v1/infer","ip":"[IP-DISAMARKAN]","latency":24.884360563}
{"level":"info","ts":1782503787.6146183,"caller":"logger/logger.go:106","msg":"Request served","request_id":"f7a1db8a6ff195ba","status":200,"method":"GET","path":"/metrics","ip":"[IP-DISAMARKAN]","latency":0.00196163}
{"level":"error","ts":1782503787.7153847,"caller":"logger/logger.go:121","msg":"Server error","request_id":"e4c7af1c8fcbca5a","status":503,"method":"GET","path":"/api/v1/health","ip":"[IP-DISAMARKAN]","latency":5.062438222,"error":"","stacktrace":"temandifa-backend/internal/logger.Error\n\t/app/internal/logger/logger.go:121\nmain.NewHTTPServer.RequestLogger.func5\n\t/app/internal/middleware/request_logger.go:44\ngithub.com/gin-gonic/gin.(*Context).Next\n\t/go/pkg/mod/github.com/gin-gonic/gin@v1.11.0/context.go:192\nmain.NewHTTPServer.VersionMiddleware.func4\n\t/app/internal/middleware/versioning.go:35\ngithub.com/gin-gonic/gin.(*Context).Next\n\t/go/pkg/mod/github.com/gin-gonic/gin@v1.11.0/context.go:192\nmain.NewHTTPServer.RequestID.func3\n\t/app/internal/middleware/request_id.go:34\ngithub.com/gin-gonic/gin.(*Context).Next\n\t/go/pkg/mod/github.com/gin-gonic/gin@v1.11.0/context.go:192\nmain.NewHTTPServer.MaxBodySize.func2\n\t/app/internal/middleware/security.go:52\ngithub.com/gin-gonic/gin.(*Context).Next\n\t/go/pkg/mod/github.com/gin-gonic/gin@v1.11.0/context.go:192\nmain.NewHTTPServer.SecurityHeaders.func1\n\t/app/internal/middleware/security.go:36\ngithub.com/gin-gonic/gin.(*Context).Next\n\t/go/pkg/mod/github.com/gin-gonic/gin@v1.11.0/context.go:192\ngithub.com/gin-gonic/gin.(*Engine).handleHTTPRequest\n\t/go/pkg/mod/github.com/gin-gonic/gin@v1.11.0/gin.go:689\ngithub.com/gin-gonic/gin.(*Engine).ServeHTTP\n\t/go/pkg/mod/github.com/gin-gonic/gin@v1.11.0/gin.go:643\nnet/http.serverHandler.ServeHTTP\n\t/usr/local/go/src/net/http/server.go:3340\nnet/http.(*conn).serve\n\t/usr/local/go/src/net/http/server.go:2109"}
{"level":"info","ts":1782503789.1156323,"caller":"logger/logger.go:156","msg":"Experiment infer completed","request_id":"req-SS-treatment-run1-3-3-1782503764429-fyqkmocu","request_id":"req-SS-treatment-run1-3-3-1782503764429-fyqkmocu","scenario":"SS","condition":"treatment","run":1,"category":"full","latency_ms":24678}
{"level":"info","ts":1782503789.115744,"caller":"logger/logger.go:106","msg":"Request served","request_id":"req-SS-treatment-run1-3-3-1782503764429-fyqkmocu","status":200,"method":"POST","path":"/api/v1/infer","ip":"[IP-DISAMARKAN]","latency":24.682085015}
{"level":"warn","ts":1782503792.4952617,"caller":"logger/logger.go:116","msg":"Worker health check failed","worker":"speech","error":"rpc error: code = DeadlineExceeded desc = context deadline exceeded"}
{"level":"info","ts":1782503792.495564,"caller":"logger/logger.go:106","msg":"Health check completed","vision":"HEALTHY","ocr":"HEALTHY","speech":"UNHEALTHY"}
{"level":"info","ts":1782503792.6142943,"caller":"logger/logger.go:106","msg":"Request served","request_id":"33ce0b8b19c4de3d","status":200,"method":"GET","path":"/metrics","ip":"[IP-DISAMARKAN]","latency":0.001117431}
{"level":"info","ts":1782503794.4318588,"caller":"logger/logger.go:156","msg":"Experiment infer completed","request_id":"req-SS-treatment-run1-5-1-1782503769520-gycklhgi","request_id":"req-SS-treatment-run1-5-1-1782503769520-gycklhgi","scenario":"SS","condition":"treatment","run":1,"category":"full","latency_ms":24902}
{"level":"info","ts":1782503794.4319723,"caller":"logger/logger.go:106","msg":"Request served","request_id":"req-SS-treatment-run1-5-1-1782503769520-gycklhgi","status":200,"method":"POST","path":"/api/v1/infer","ip":"[IP-DISAMARKAN]","latency":24.905726065}
{"level":"info","ts":1782503797.6155589,"caller":"logger/logger.go:106","msg":"Request served","request_id":"b5daa73f0b4968ee","status":200,"method":"GET","path":"/metrics","ip":"[IP-DISAMARKAN]","latency":0.003061671}
{"level":"info","ts":1782503799.616284,"caller":"logger/logger.go:156","msg":"Experiment infer completed","request_id":"req-SS-treatment-run1-4-2-1782503774728-yx0u3tbw","request_id":"req-SS-treatment-run1-4-2-1782503774728-yx0u3tbw","scenario":"SS","condition":"treatment","run":1,"category":"full","latency_ms":24881}
{"level":"info","ts":1782503799.6163418,"caller":"logger/logger.go:106","msg":"Request served","request_id":"req-SS-treatment-run1-4-2-1782503774728-yx0u3tbw","status":200,"method":"POST","path":"/api/v1/infer","ip":"[IP-DISAMARKAN]","latency":24.883555455}
{"level":"info","ts":1782503802.61325,"caller":"logger/logger.go:106","msg":"Request served","request_id":"31069cd702ebd6f9","status":200,"method":"GET","path":"/metrics","ip":"[IP-DISAMARKAN]","latency":0.001154141}
{"level":"info","ts":1782503804.7221131,"caller":"logger/logger.go:156","msg":"Experiment infer completed","request_id":"req-SS-treatment-run1-2-5-1782503779818-0zfux5k9","request_id":"req-SS-treatment-run1-2-5-1782503779818-0zfux5k9","scenario":"SS","condition":"treatment","run":1,"category":"full","latency_ms":24898}
{"level":"info","ts":1782503804.7221732,"caller":"logger/logger.go:106","msg":"Request served","request_id":"req-SS-treatment-run1-2-5-1782503779818-0zfux5k9","status":200,"method":"POST","path":"/api/v1/infer","ip":"[IP-DISAMARKAN]","latency":24.901551177}
{"level":"warn","ts":1782503807.494455,"caller":"logger/logger.go:116","msg":"Worker health check failed","worker":"speech","error":"rpc error: code = DeadlineExceeded desc = context deadline exceeded"}
{"level":"info","ts":1782503807.4947553,"caller":"logger/logger.go:106","msg":"Health check completed","vision":"HEALTHY","ocr":"HEALTHY","speech":"UNHEALTHY"}
{"level":"info","ts":1782503807.613567,"caller":"logger/logger.go:106","msg":"Request served","request_id":"80c7103ad5fcfff5","status":200,"method":"GET","path":"/metrics","ip":"[IP-DISAMARKAN]","latency":0.001141782}
{"level":"info","ts":1782503809.8258486,"caller":"logger/logger.go:156","msg":"Experiment infer completed","request_id":"req-SS-treatment-run1-1-8-1782503784927-zwszrte7","request_id":"req-SS-treatment-run1-1-8-1782503784927-zwszrte7","scenario":"SS","condition":"treatment","run":1,"category":"full","latency_ms":24889}
{"level":"info","ts":1782503809.8259006,"caller":"logger/logger.go:106","msg":"Request served","request_id":"req-SS-treatment-run1-1-8-1782503784927-zwszrte7","status":200,"method":"POST","path":"/api/v1/infer","ip":"[IP-DISAMARKAN]","latency":24.894485639}
{"level":"info","ts":1782503812.6147654,"caller":"logger/logger.go:106","msg":"Request served","request_id":"467ebf32784913ae","status":200,"method":"GET","path":"/metrics","ip":"[IP-DISAMARKAN]","latency":0.001316667}
{"level":"info","ts":1782503814.9270284,"caller":"logger/logger.go:156","msg":"Experiment infer completed","request_id":"req-SS-treatment-run1-3-4-1782503790121-0xhdgggk","request_id":"req-SS-treatment-run1-3-4-1782503790121-0xhdgggk","scenario":"SS","condition":"treatment","run":1,"category":"full","latency_ms":24800}
{"level":"info","ts":1782503814.9270864,"caller":"logger/logger.go:106","msg":"Request served","request_id":"req-SS-treatment-run1-3-4-1782503790121-0xhdgggk","status":200,"method":"POST","path":"/api/v1/infer","ip":"[IP-DISAMARKAN]","latency":24.802919543}
{"level":"info","ts":1782503817.6163929,"caller":"logger/logger.go:106","msg":"Request served","request_id":"d97ed7137a875c20","status":200,"method":"GET","path":"/metrics","ip":"[IP-DISAMARKAN]","latency":0.002938425}
{"level":"info","ts":1782503820.1159327,"caller":"logger/logger.go:156","msg":"Experiment infer completed","request_id":"req-SS-treatment-run1-5-2-1782503795434-qr7ffzio","request_id":"req-SS-treatment-run1-5-2-1782503795434-qr7ffzio","scenario":"SS","condition":"treatment","run":1,"category":"full","latency_ms":24676}
{"level":"info","ts":1782503820.115987,"caller":"logger/logger.go:106","msg":"Request served","request_id":"req-SS-treatment-run1-5-2-1782503795434-qr7ffzio","status":200,"method":"POST","path":"/api/v1/infer","ip":"[IP-DISAMARKAN]","latency":24.679411318}
{"level":"warn","ts":1782503822.493995,"caller":"logger/logger.go:116","msg":"Worker health check failed","worker":"speech","error":"rpc error: code = DeadlineExceeded desc = context deadline exceeded"}
{"level":"info","ts":1782503822.4943345,"caller":"logger/logger.go:106","msg":"Health check completed","vision":"HEALTHY","ocr":"HEALTHY","speech":"UNHEALTHY"}
{"level":"info","ts":1782503822.6129186,"caller":"logger/logger.go:106","msg":"Request served","request_id":"dda4a3f8e48643fb","status":200,"method":"GET","path":"/metrics","ip":"[IP-DISAMARKAN]","latency":0.000968486}
{"level":"error","ts":1782503822.7141933,"caller":"logger/logger.go:121","msg":"Server error","request_id":"c0060c289598f5f2","status":503,"method":"GET","path":"/api/v1/health","ip":"[IP-DISAMARKAN]","latency":5.008037474,"error":"","stacktrace":"temandifa-backend/internal/logger.Error\n\t/app/internal/logger/logger.go:121\nmain.NewHTTPServer.RequestLogger.func5\n\t/app/internal/middleware/request_logger.go:44\ngithub.com/gin-gonic/gin.(*Context).Next\n\t/go/pkg/mod/github.com/gin-gonic/gin@v1.11.0/context.go:192\nmain.NewHTTPServer.VersionMiddleware.func4\n\t/app/internal/middleware/versioning.go:35\ngithub.com/gin-gonic/gin.(*Context).Next\n\t/go/pkg/mod/github.com/gin-gonic/gin@v1.11.0/context.go:192\nmain.NewHTTPServer.RequestID.func3\n\t/app/internal/middleware/request_id.go:34\ngithub.com/gin-gonic/gin.(*Context).Next\n\t/go/pkg/mod/github.com/gin-gonic/gin@v1.11.0/context.go:192\nmain.NewHTTPServer.MaxBodySize.func2\n\t/app/internal/middleware/security.go:52\ngithub.com/gin-gonic/gin.(*Context).Next\n\t/go/pkg/mod/github.com/gin-gonic/gin@v1.11.0/context.go:192\nmain.NewHTTPServer.SecurityHeaders.func1\n\t/app/internal/middleware/security.go:36\ngithub.com/gin-gonic/gin.(*Context).Next\n\t/go/pkg/mod/github.com/gin-gonic/gin@v1.11.0/context.go:192\ngithub.com/gin-gonic/gin.(*Engine).handleHTTPRequest\n\t/go/pkg/mod/github.com/gin-gonic/gin@v1.11.0/gin.go:689\ngithub.com/gin-gonic/gin.(*Engine).ServeHTTP\n\t/go/pkg/mod/github.com/gin-gonic/gin@v1.11.0/gin.go:643\nnet/http.serverHandler.ServeHTTP\n\t/usr/local/go/src/net/http/server.go:3340\nnet/http.(*conn).serve\n\t/usr/local/go/src/net/http/server.go:2109"}
{"level":"info","ts":1782503825.5178773,"caller":"logger/logger.go:156","msg":"Experiment infer completed","request_id":"req-SS-treatment-run1-4-3-1782503800620-4lietjta","request_id":"req-SS-treatment-run1-4-3-1782503800620-4lietjta","scenario":"SS","condition":"treatment","run":1,"category":"full","latency_ms":24887}
{"level":"info","ts":1782503825.5179856,"caller":"logger/logger.go:106","msg":"Request served","request_id":"req-SS-treatment-run1-4-3-1782503800620-4lietjta","status":200,"method":"POST","path":"/api/v1/infer","ip":"[IP-DISAMARKAN]","latency":24.892273129}
{"level":"info","ts":1782503827.6142042,"caller":"logger/logger.go:106","msg":"Request served","request_id":"ac825eb8a553ec5a","status":200,"method":"GET","path":"/metrics","ip":"[IP-DISAMARKAN]","latency":0.002126366}
{"level":"info","ts":1782503830.6165907,"caller":"logger/logger.go:156","msg":"Experiment infer completed","request_id":"req-SS-treatment-run1-2-6-1782503805724-h4cnjnkl","request_id":"req-SS-treatment-run1-2-6-1782503805724-h4cnjnkl","scenario":"SS","condition":"treatment","run":1,"category":"full","latency_ms":24885}
{"level":"info","ts":1782503830.6167235,"caller":"logger/logger.go:106","msg":"Request served","request_id":"req-SS-treatment-run1-2-6-1782503805724-h4cnjnkl","status":200,"method":"POST","path":"/api/v1/infer","ip":"[IP-DISAMARKAN]","latency":24.888628173}
{"level":"info","ts":1782503832.614251,"caller":"logger/logger.go:106","msg":"Request served","request_id":"fe75009e177315f9","status":200,"method":"GET","path":"/metrics","ip":"[IP-DISAMARKAN]","latency":0.001068162}
{"level":"info","ts":1782503835.728794,"caller":"logger/logger.go:156","msg":"Experiment infer completed","request_id":"req-SS-treatment-run1-1-9-1782503810828-70ogvxjs","request_id":"req-SS-treatment-run1-1-9-1782503810828-70ogvxjs","scenario":"SS","condition":"treatment","run":1,"category":"full","latency_ms":24893}
{"level":"info","ts":1782503835.7288544,"caller":"logger/logger.go:106","msg":"Request served","request_id":"req-SS-treatment-run1-1-9-1782503810828-70ogvxjs","status":200,"method":"POST","path":"/api/v1/infer","ip":"[IP-DISAMARKAN]","latency":24.895720021}
{"level":"warn","ts":1782503837.4936604,"caller":"logger/logger.go:116","msg":"Worker health check failed","worker":"speech","error":"rpc error: code = DeadlineExceeded desc = context deadline exceeded"}
{"level":"info","ts":1782503837.4940033,"caller":"logger/logger.go:106","msg":"Health check completed","vision":"HEALTHY","ocr":"HEALTHY","speech":"UNHEALTHY"}
{"level":"info","ts":1782503837.6146042,"caller":"logger/logger.go:106","msg":"Request served","request_id":"ee4fb26e259e9617","status":200,"method":"GET","path":"/metrics","ip":"[IP-DISAMARKAN]","latency":0.00276028}
{"level":"info","ts":1782503840.9263253,"caller":"logger/logger.go:156","msg":"Experiment infer completed","request_id":"req-SS-treatment-run1-3-5-1782503815930-xw8s5j1z","request_id":"req-SS-treatment-run1-3-5-1782503815930-xw8s5j1z","scenario":"SS","condition":"treatment","run":1,"category":"full","latency_ms":24990}
{"level":"info","ts":1782503840.926377,"caller":"logger/logger.go:106","msg":"Request served","request_id":"req-SS-treatment-run1-3-5-1782503815930-xw8s5j1z","status":200,"method":"POST","path":"/api/v1/infer","ip":"[IP-DISAMARKAN]","latency":24.994139987}
{"level":"info","ts":1782503842.614733,"caller":"logger/logger.go:106","msg":"Request served","request_id":"8882fc9486e1f0d7","status":200,"method":"GET","path":"/metrics","ip":"[IP-DISAMARKAN]","latency":0.002298141}
{"level":"info","ts":1782503846.030162,"caller":"logger/logger.go:156","msg":"Experiment infer completed","request_id":"req-SS-treatment-run1-5-3-1782503821118-uemf4e03","request_id":"req-SS-treatment-run1-5-3-1782503821118-uemf4e03","scenario":"SS","condition":"treatment","run":1,"category":"full","latency_ms":24905}
{"level":"info","ts":1782503846.0304806,"caller":"logger/logger.go:106","msg":"Request served","request_id":"req-SS-treatment-run1-5-3-1782503821118-uemf4e03","status":200,"method":"POST","path":"/api/v1/infer","ip":"[IP-DISAMARKAN]","latency":24.908782848}
{"level":"info","ts":1782503847.6133041,"caller":"logger/logger.go:106","msg":"Request served","request_id":"d318e9f56cdebc36","status":200,"method":"GET","path":"/metrics","ip":"[IP-DISAMARKAN]","latency":0.001417374}
{"level":"info","ts":1782503851.2172053,"caller":"logger/logger.go:156","msg":"Experiment infer completed","request_id":"req-SS-treatment-run1-4-4-1782503826521-hbc9ns0r","request_id":"req-SS-treatment-run1-4-4-1782503826521-hbc9ns0r","scenario":"SS","condition":"treatment","run":1,"category":"full","latency_ms":24689}
{"level":"info","ts":1782503851.2172642,"caller":"logger/logger.go:106","msg":"Request served","request_id":"req-SS-treatment-run1-4-4-1782503826521-hbc9ns0r","status":200,"method":"POST","path":"/api/v1/infer","ip":"[IP-DISAMARKAN]","latency":24.692102946}
{"level":"warn","ts":1782503852.4956236,"caller":"logger/logger.go:116","msg":"Worker health check failed","worker":"speech","error":"rpc error: code = DeadlineExceeded desc = context deadline exceeded"}
{"level":"info","ts":1782503852.495951,"caller":"logger/logger.go:106","msg":"Health check completed","vision":"HEALTHY","ocr":"HEALTHY","speech":"UNHEALTHY"}
{"level":"info","ts":1782503852.6207283,"caller":"logger/logger.go:106","msg":"Request served","request_id":"f5e011e8c4d2d1ae","status":200,"method":"GET","path":"/metrics","ip":"[IP-DISAMARKAN]","latency":0.007195625}
{"level":"info","ts":1782503856.433621,"caller":"logger/logger.go:156","msg":"Experiment infer completed","request_id":"req-SS-treatment-run1-2-7-1782503831619-w9i1akkl","request_id":"req-SS-treatment-run1-2-7-1782503831619-w9i1akkl","scenario":"SS","condition":"treatment","run":1,"category":"full","latency_ms":24805}
{"level":"info","ts":1782503856.433677,"caller":"logger/logger.go:106","msg":"Request served","request_id":"req-SS-treatment-run1-2-7-1782503831619-w9i1akkl","status":200,"method":"POST","path":"/api/v1/infer","ip":"[IP-DISAMARKAN]","latency":24.809467798}
{"level":"info","ts":1782503857.6161733,"caller":"logger/logger.go:106","msg":"Request served","request_id":"0cbebd61c7525e9b","status":200,"method":"GET","path":"/metrics","ip":"[IP-DISAMARKAN]","latency":0.001017864}
{"level":"error","ts":1782503857.8121977,"caller":"logger/logger.go:121","msg":"Server error","request_id":"349771456ce66291","status":503,"method":"GET","path":"/api/v1/health","ip":"[IP-DISAMARKAN]","latency":5.047382208,"error":"","stacktrace":"temandifa-backend/internal/logger.Error\n\t/app/internal/logger/logger.go:121\nmain.NewHTTPServer.RequestLogger.func5\n\t/app/internal/middleware/request_logger.go:44\ngithub.com/gin-gonic/gin.(*Context).Next\n\t/go/pkg/mod/github.com/gin-gonic/gin@v1.11.0/context.go:192\nmain.NewHTTPServer.VersionMiddleware.func4\n\t/app/internal/middleware/versioning.go:35\ngithub.com/gin-gonic/gin.(*Context).Next\n\t/go/pkg/mod/github.com/gin-gonic/gin@v1.11.0/context.go:192\nmain.NewHTTPServer.RequestID.func3\n\t/app/internal/middleware/request_id.go:34\ngithub.com/gin-gonic/gin.(*Context).Next\n\t/go/pkg/mod/github.com/gin-gonic/gin@v1.11.0/context.go:192\nmain.NewHTTPServer.MaxBodySize.func2\n\t/app/internal/middleware/security.go:52\ngithub.com/gin-gonic/gin.(*Context).Next\n\t/go/pkg/mod/github.com/gin-gonic/gin@v1.11.0/context.go:192\nmain.NewHTTPServer.SecurityHeaders.func1\n\t/app/internal/middleware/security.go:36\ngithub.com/gin-gonic/gin.(*Context).Next\n\t/go/pkg/mod/github.com/gin-gonic/gin@v1.11.0/context.go:192\ngithub.com/gin-gonic/gin.(*Engine).handleHTTPRequest\n\t/go/pkg/mod/github.com/gin-gonic/gin@v1.11.0/gin.go:689\ngithub.com/gin-gonic/gin.(*Engine).ServeHTTP\n\t/go/pkg/mod/github.com/gin-gonic/gin@v1.11.0/gin.go:643\nnet/http.serverHandler.ServeHTTP\n\t/usr/local/go/src/net/http/server.go:3340\nnet/http.(*conn).serve\n\t/usr/local/go/src/net/http/server.go:2109"}
{"level":"info","ts":1782503861.528697,"caller":"logger/logger.go:156","msg":"Experiment infer completed","request_id":"req-SS-treatment-run1-1-10-1782503836730-cbzs56vd","request_id":"req-SS-treatment-run1-1-10-1782503836730-cbzs56vd","scenario":"SS","condition":"treatment","run":1,"category":"full","latency_ms":24792}
{"level":"info","ts":1782503861.5287519,"caller":"logger/logger.go:106","msg":"Request served","request_id":"req-SS-treatment-run1-1-10-1782503836730-cbzs56vd","status":200,"method":"POST","path":"/api/v1/infer","ip":"[IP-DISAMARKAN]","latency":24.794873125}
{"level":"info","ts":1782503862.6136005,"caller":"logger/logger.go:106","msg":"Request served","request_id":"24f1568b4c482caa","status":200,"method":"GET","path":"/metrics","ip":"[IP-DISAMARKAN]","latency":0.001015144}
{"level":"info","ts":1782503866.6263626,"caller":"logger/logger.go:106","msg":"Health check completed","vision":"HEALTHY","ocr":"HEALTHY","speech":"HEALTHY"}
{"level":"info","ts":1782503866.6279018,"caller":"logger/logger.go:156","msg":"Experiment infer completed","request_id":"req-SS-treatment-run1-3-6-1782503841928-ubyzx052","request_id":"req-SS-treatment-run1-3-6-1782503841928-ubyzx052","scenario":"SS","condition":"treatment","run":1,"category":"full","latency_ms":24691}
{"level":"info","ts":1782503866.62796,"caller":"logger/logger.go:106","msg":"Request served","request_id":"req-SS-treatment-run1-3-6-1782503841928-ubyzx052","status":200,"method":"POST","path":"/api/v1/infer","ip":"[IP-DISAMARKAN]","latency":24.695701487}
{"level":"info","ts":1782503867.6131692,"caller":"logger/logger.go:106","msg":"Request served","request_id":"20e970803c630f0d","status":200,"method":"GET","path":"/metrics","ip":"[IP-DISAMARKAN]","latency":0.001143801}
{"level":"info","ts":1782503871.8175216,"caller":"logger/logger.go:156","msg":"Experiment infer completed","request_id":"req-SS-treatment-run1-5-4-1782503847033-dii4eb0w","request_id":"req-SS-treatment-run1-5-4-1782503847033-dii4eb0w","scenario":"SS","condition":"treatment","run":1,"category":"full","latency_ms":24778}
{"level":"info","ts":1782503871.8176358,"caller":"logger/logger.go:106","msg":"Request served","request_id":"req-SS-treatment-run1-5-4-1782503847033-dii4eb0w","status":200,"method":"POST","path":"/api/v1/infer","ip":"[IP-DISAMARKAN]","latency":24.781279401}
{"level":"info","ts":1782503872.6148756,"caller":"logger/logger.go:106","msg":"Request served","request_id":"3300e73a3f14b6bc","status":200,"method":"GET","path":"/metrics","ip":"[IP-DISAMARKAN]","latency":0.001331196}
{"level":"info","ts":1782503877.0156496,"caller":"logger/logger.go:156","msg":"Experiment infer completed","request_id":"req-SS-treatment-run1-4-5-1782503852220-3gndo562","request_id":"req-SS-treatment-run1-4-5-1782503852220-3gndo562","scenario":"SS","condition":"treatment","run":1,"category":"full","latency_ms":24789}
{"level":"info","ts":1782503877.0157182,"caller":"logger/logger.go:106","msg":"Request served","request_id":"req-SS-treatment-run1-4-5-1782503852220-3gndo562","status":200,"method":"POST","path":"/api/v1/infer","ip":"[IP-DISAMARKAN]","latency":24.792235864}
{"level":"info","ts":1782503877.6147535,"caller":"logger/logger.go:106","msg":"Request served","request_id":"2545c5fb67bd0e2b","status":200,"method":"GET","path":"/metrics","ip":"[IP-DISAMARKAN]","latency":0.001244298}
{"level":"info","ts":1782503882.1197302,"caller":"logger/logger.go:156","msg":"Experiment infer completed","request_id":"req-SS-treatment-run1-2-8-1782503857435-akb3lmms","request_id":"req-SS-treatment-run1-2-8-1782503857435-akb3lmms","scenario":"SS","condition":"treatment","run":1,"category":"full","latency_ms":24674}
{"level":"info","ts":1782503882.1197805,"caller":"logger/logger.go:106","msg":"Request served","request_id":"req-SS-treatment-run1-2-8-1782503857435-akb3lmms","status":200,"method":"POST","path":"/api/v1/infer","ip":"[IP-DISAMARKAN]","latency":24.681272288}
{"level":"info","ts":1782503882.1199126,"caller":"logger/logger.go:106","msg":"Health check completed","vision":"HEALTHY","ocr":"HEALTHY","speech":"HEALTHY"}
{"level":"info","ts":1782503882.6144,"caller":"logger/logger.go:106","msg":"Request served","request_id":"4bc4af3653430f2a","status":200,"method":"GET","path":"/metrics","ip":"[IP-DISAMARKAN]","latency":0.000924516}
{"level":"info","ts":1782503887.4263515,"caller":"logger/logger.go:156","msg":"Experiment infer completed","request_id":"req-SS-treatment-run1-1-11-1782503862531-shinwgl9","request_id":"req-SS-treatment-run1-1-11-1782503862531-shinwgl9","scenario":"SS","condition":"treatment","run":1,"category":"full","latency_ms":24889}
{"level":"info","ts":1782503887.426408,"caller":"logger/logger.go:106","msg":"Request served","request_id":"req-SS-treatment-run1-1-11-1782503862531-shinwgl9","status":200,"method":"POST","path":"/api/v1/infer","ip":"[IP-DISAMARKAN]","latency":24.89182715}
{"level":"info","ts":1782503887.6150835,"caller":"logger/logger.go:106","msg":"Request served","request_id":"051a7b8867ccd9bc","status":200,"method":"GET","path":"/metrics","ip":"[IP-DISAMARKAN]","latency":0.001019643}
{"level":"info","ts":1782503892.6141074,"caller":"logger/logger.go:106","msg":"Request served","request_id":"d33d98d92be11135","status":200,"method":"GET","path":"/metrics","ip":"[IP-DISAMARKAN]","latency":0.001022953}
{"level":"info","ts":1782503892.6167858,"caller":"logger/logger.go:106","msg":"Request served","request_id":"207dc5ff0911c253","status":200,"method":"GET","path":"/api/v1/health","ip":"[IP-DISAMARKAN]","latency":4.796118648}
{"level":"info","ts":1782503892.618368,"caller":"logger/logger.go:156","msg":"Experiment infer completed","request_id":"req-SS-treatment-run1-3-7-1782503867631-8pzsuk74","request_id":"req-SS-treatment-run1-3-7-1782503867631-8pzsuk74","scenario":"SS","condition":"treatment","run":1,"category":"full","latency_ms":24981}
{"level":"info","ts":1782503892.6184056,"caller":"logger/logger.go:106","msg":"Request served","request_id":"req-SS-treatment-run1-3-7-1782503867631-8pzsuk74","status":200,"method":"POST","path":"/api/v1/infer","ip":"[IP-DISAMARKAN]","latency":24.985242186}
{"level":"warn","ts":1782503897.4945233,"caller":"logger/logger.go:116","msg":"Worker health check failed","worker":"speech","error":"rpc error: code = DeadlineExceeded desc = context deadline exceeded"}
{"level":"info","ts":1782503897.494837,"caller":"logger/logger.go:106","msg":"Health check completed","vision":"HEALTHY","ocr":"HEALTHY","speech":"UNHEALTHY"}
{"level":"info","ts":1782503897.61449,"caller":"logger/logger.go:106","msg":"Request served","request_id":"ee366ce5a8ffe9a3","status":200,"method":"GET","path":"/metrics","ip":"[IP-DISAMARKAN]","latency":0.001026355}
{"level":"info","ts":1782503897.7313392,"caller":"logger/logger.go:156","msg":"Experiment infer completed","request_id":"req-SS-treatment-run1-5-5-1782503872819-lyj9v0yn","request_id":"req-SS-treatment-run1-5-5-1782503872819-lyj9v0yn","scenario":"SS","condition":"treatment","run":1,"category":"full","latency_ms":24904}
{"level":"info","ts":1782503897.7313976,"caller":"logger/logger.go:106","msg":"Request served","request_id":"req-SS-treatment-run1-5-5-1782503872819-lyj9v0yn","status":200,"method":"POST","path":"/api/v1/infer","ip":"[IP-DISAMARKAN]","latency":24.90866571}
{"level":"info","ts":1782503902.6133165,"caller":"logger/logger.go:106","msg":"Request served","request_id":"9591692c296193d1","status":200,"method":"GET","path":"/metrics","ip":"[IP-DISAMARKAN]","latency":0.001172399}
{"level":"info","ts":1782503902.9333012,"caller":"logger/logger.go:156","msg":"Experiment infer completed","request_id":"req-SS-treatment-run1-4-6-1782503878019-mavhp66k","request_id":"req-SS-treatment-run1-4-6-1782503878019-mavhp66k","scenario":"SS","condition":"treatment","run":1,"category":"full","latency_ms":24905}
{"level":"info","ts":1782503902.9333506,"caller":"logger/logger.go:106","msg":"Request served","request_id":"req-SS-treatment-run1-4-6-1782503878019-mavhp66k","status":200,"method":"POST","path":"/api/v1/infer","ip":"[IP-DISAMARKAN]","latency":24.910076695}
{"level":"info","ts":1782503907.6146312,"caller":"logger/logger.go:106","msg":"Request served","request_id":"5d88d31fb690598a","status":200,"method":"GET","path":"/metrics","ip":"[IP-DISAMARKAN]","latency":0.001220168}
{"level":"info","ts":1782503908.1283467,"caller":"logger/logger.go:156","msg":"Experiment infer completed","request_id":"req-SS-treatment-run1-2-9-1782503883123-mw5d68lh","request_id":"req-SS-treatment-run1-2-9-1782503883123-mw5d68lh","scenario":"SS","condition":"treatment","run":1,"category":"full","latency_ms":24997}
{"level":"info","ts":1782503908.1283984,"caller":"logger/logger.go:106","msg":"Request served","request_id":"req-SS-treatment-run1-2-9-1782503883123-mw5d68lh","status":200,"method":"POST","path":"/api/v1/infer","ip":"[IP-DISAMARKAN]","latency":25.001608648}
{"level":"warn","ts":1782503912.4941237,"caller":"logger/logger.go:116","msg":"Worker health check failed","worker":"speech","error":"rpc error: code = DeadlineExceeded desc = context deadline exceeded"}
{"level":"info","ts":1782503912.4944272,"caller":"logger/logger.go:106","msg":"Health check completed","vision":"HEALTHY","ocr":"HEALTHY","speech":"UNHEALTHY"}
{"level":"info","ts":1782503912.6147797,"caller":"logger/logger.go:106","msg":"Request served","request_id":"23cfdcf341731a82","status":200,"method":"GET","path":"/metrics","ip":"[IP-DISAMARKAN]","latency":0.001386226}
{"level":"info","ts":1782503913.3251028,"caller":"logger/logger.go:156","msg":"Experiment infer completed","request_id":"req-SS-treatment-run1-1-12-1782503888429-coml6uwc","request_id":"req-SS-treatment-run1-1-12-1782503888429-coml6uwc","scenario":"SS","condition":"treatment","run":1,"category":"full","latency_ms":24889}
{"level":"info","ts":1782503913.3251538,"caller":"logger/logger.go:106","msg":"Request served","request_id":"req-SS-treatment-run1-1-12-1782503888429-coml6uwc","status":200,"method":"POST","path":"/api/v1/infer","ip":"[IP-DISAMARKAN]","latency":24.891516819}
{"level":"info","ts":1782503917.6141016,"caller":"logger/logger.go:106","msg":"Request served","request_id":"33f39dcfd0bc78c2","status":200,"method":"GET","path":"/metrics","ip":"[IP-DISAMARKAN]","latency":0.001279657}
{"level":"info","ts":1782503918.6268303,"caller":"logger/logger.go:156","msg":"Experiment infer completed","request_id":"req-SS-treatment-run1-3-8-1782503893621-7ogx7ocj","request_id":"req-SS-treatment-run1-3-8-1782503893621-7ogx7ocj","scenario":"SS","condition":"treatment","run":1,"category":"full","latency_ms":24997}
{"level":"info","ts":1782503918.626884,"caller":"logger/logger.go:106","msg":"Request served","request_id":"req-SS-treatment-run1-3-8-1782503893621-7ogx7ocj","status":200,"method":"POST","path":"/api/v1/infer","ip":"[IP-DISAMARKAN]","latency":25.00254601}
{"level":"info","ts":1782503922.615486,"caller":"logger/logger.go:106","msg":"Request served","request_id":"09bf9ecf3534cdb6","status":200,"method":"GET","path":"/metrics","ip":"[IP-DISAMARKAN]","latency":0.002035459}
{"level":"info","ts":1782503923.8169947,"caller":"logger/logger.go:156","msg":"Experiment infer completed","request_id":"req-SS-treatment-run1-5-6-1782503898734-8du6iafv","request_id":"req-SS-treatment-run1-5-6-1782503898734-8du6iafv","scenario":"SS","condition":"treatment","run":1,"category":"full","latency_ms":25077}
{"level":"info","ts":1782503923.8171515,"caller":"logger/logger.go:106","msg":"Request served","request_id":"req-SS-treatment-run1-5-6-1782503898734-8du6iafv","status":200,"method":"POST","path":"/api/v1/infer","ip":"[IP-DISAMARKAN]","latency":25.081004352}
{"level":"warn","ts":1782503927.493623,"caller":"logger/logger.go:116","msg":"Worker health check failed","worker":"speech","error":"rpc error: code = DeadlineExceeded desc = context deadline exceeded"}
{"level":"info","ts":1782503927.4940135,"caller":"logger/logger.go:106","msg":"Health check completed","vision":"HEALTHY","ocr":"HEALTHY","speech":"UNHEALTHY"}
{"level":"info","ts":1782503927.6129866,"caller":"logger/logger.go:106","msg":"Request served","request_id":"65ac9cd558e8bd31","status":200,"method":"GET","path":"/metrics","ip":"[IP-DISAMARKAN]","latency":0.001130581}
{"level":"error","ts":1782503927.7138567,"caller":"logger/logger.go:121","msg":"Server error","request_id":"f9056e0b68490a19","status":503,"method":"GET","path":"/api/v1/health","ip":"[IP-DISAMARKAN]","latency":5.040201283,"error":"","stacktrace":"temandifa-backend/internal/logger.Error\n\t/app/internal/logger/logger.go:121\nmain.NewHTTPServer.RequestLogger.func5\n\t/app/internal/middleware/request_logger.go:44\ngithub.com/gin-gonic/gin.(*Context).Next\n\t/go/pkg/mod/github.com/gin-gonic/gin@v1.11.0/context.go:192\nmain.NewHTTPServer.VersionMiddleware.func4\n\t/app/internal/middleware/versioning.go:35\ngithub.com/gin-gonic/gin.(*Context).Next\n\t/go/pkg/mod/github.com/gin-gonic/gin@v1.11.0/context.go:192\nmain.NewHTTPServer.RequestID.func3\n\t/app/internal/middleware/request_id.go:34\ngithub.com/gin-gonic/gin.(*Context).Next\n\t/go/pkg/mod/github.com/gin-gonic/gin@v1.11.0/context.go:192\nmain.NewHTTPServer.MaxBodySize.func2\n\t/app/internal/middleware/security.go:52\ngithub.com/gin-gonic/gin.(*Context).Next\n\t/go/pkg/mod/github.com/gin-gonic/gin@v1.11.0/context.go:192\nmain.NewHTTPServer.SecurityHeaders.func1\n\t/app/internal/middleware/security.go:36\ngithub.com/gin-gonic/gin.(*Context).Next\n\t/go/pkg/mod/github.com/gin-gonic/gin@v1.11.0/context.go:192\ngithub.com/gin-gonic/gin.(*Engine).handleHTTPRequest\n\t/go/pkg/mod/github.com/gin-gonic/gin@v1.11.0/gin.go:689\ngithub.com/gin-gonic/gin.(*Engine).ServeHTTP\n\t/go/pkg/mod/github.com/gin-gonic/gin@v1.11.0/gin.go:643\nnet/http.serverHandler.ServeHTTP\n\t/usr/local/go/src/net/http/server.go:3340\nnet/http.(*conn).serve\n\t/usr/local/go/src/net/http/server.go:2109"}
{"level":"info","ts":1782503928.9127166,"caller":"logger/logger.go:156","msg":"Experiment infer completed","request_id":"req-SS-treatment-run1-4-7-1782503903935-mkjj1j2f","request_id":"req-SS-treatment-run1-4-7-1782503903935-mkjj1j2f","scenario":"SS","condition":"treatment","run":1,"category":"full","latency_ms":24970}
{"level":"info","ts":1782503928.9127667,"caller":"logger/logger.go:106","msg":"Request served","request_id":"req-SS-treatment-run1-4-7-1782503903935-mkjj1j2f","status":200,"method":"POST","path":"/api/v1/infer","ip":"[IP-DISAMARKAN]","latency":24.97331882}
{"level":"info","ts":1782503932.6146812,"caller":"logger/logger.go:106","msg":"Request served","request_id":"c70ecd419e9d2581","status":200,"method":"GET","path":"/metrics","ip":"[IP-DISAMARKAN]","latency":0.002137286}
{"level":"info","ts":1782503934.0266583,"caller":"logger/logger.go:156","msg":"Experiment infer completed","request_id":"req-SS-treatment-run1-2-10-1782503909132-6cnwrzx1","request_id":"req-SS-treatment-run1-2-10-1782503909132-6cnwrzx1","scenario":"SS","condition":"treatment","run":1,"category":"full","latency_ms":24887}
{"level":"info","ts":1782503934.0267117,"caller":"logger/logger.go:106","msg":"Request served","request_id":"req-SS-treatment-run1-2-10-1782503909132-6cnwrzx1","status":200,"method":"POST","path":"/api/v1/infer","ip":"[IP-DISAMARKAN]","latency":24.891955943}
{"level":"info","ts":1782503937.6158912,"caller":"logger/logger.go:106","msg":"Request served","request_id":"d21f663042d7513c","status":200,"method":"GET","path":"/metrics","ip":"[IP-DISAMARKAN]","latency":0.002425748}
{"level":"info","ts":1782503939.12995,"caller":"logger/logger.go:156","msg":"Experiment infer completed","request_id":"req-SS-treatment-run1-1-13-1782503914328-inq7shp5","request_id":"req-SS-treatment-run1-1-13-1782503914328-inq7shp5","scenario":"SS","condition":"treatment","run":1,"category":"full","latency_ms":24794}
{"level":"info","ts":1782503939.129998,"caller":"logger/logger.go:106","msg":"Request served","request_id":"req-SS-treatment-run1-1-13-1782503914328-inq7shp5","status":200,"method":"POST","path":"/api/v1/infer","ip":"[IP-DISAMARKAN]","latency":24.797578201}
{"level":"warn","ts":1782503942.49454,"caller":"logger/logger.go:116","msg":"Worker health check failed","worker":"speech","error":"rpc error: code = DeadlineExceeded desc = context deadline exceeded"}
{"level":"info","ts":1782503942.4948723,"caller":"logger/logger.go:106","msg":"Health check completed","vision":"HEALTHY","ocr":"HEALTHY","speech":"UNHEALTHY"}
{"level":"info","ts":1782503942.6143465,"caller":"logger/logger.go:106","msg":"Request served","request_id":"18074b7ada85d407","status":200,"method":"GET","path":"/metrics","ip":"[IP-DISAMARKAN]","latency":0.000866567}
{"level":"info","ts":1782503944.3311357,"caller":"logger/logger.go:156","msg":"Experiment infer completed","request_id":"req-SS-treatment-run1-3-9-1782503919630-4545zmmh","request_id":"req-SS-treatment-run1-3-9-1782503919630-4545zmmh","scenario":"SS","condition":"treatment","run":1,"category":"full","latency_ms":24695}
{"level":"info","ts":1782503944.331187,"caller":"logger/logger.go:106","msg":"Request served","request_id":"req-SS-treatment-run1-3-9-1782503919630-4545zmmh","status":200,"method":"POST","path":"/api/v1/infer","ip":"[IP-DISAMARKAN]","latency":24.698313629}
{"level":"info","ts":1782503947.6144252,"caller":"logger/logger.go:106","msg":"Request served","request_id":"942c2666a7dc212c","status":200,"method":"GET","path":"/metrics","ip":"[IP-DISAMARKAN]","latency":0.001086932}
{"level":"info","ts":1782503949.7261283,"caller":"logger/logger.go:156","msg":"Experiment infer completed","request_id":"req-SS-treatment-run1-5-7-1782503924819-7c8i1k1t","request_id":"req-SS-treatment-run1-5-7-1782503924819-7c8i1k1t","scenario":"SS","condition":"treatment","run":1,"category":"full","latency_ms":24899}
{"level":"info","ts":1782503949.7261872,"caller":"logger/logger.go:106","msg":"Request served","request_id":"req-SS-treatment-run1-5-7-1782503924819-7c8i1k1t","status":200,"method":"POST","path":"/api/v1/infer","ip":"[IP-DISAMARKAN]","latency":24.90342356}
{"level":"info","ts":1782503952.619296,"caller":"logger/logger.go:106","msg":"Request served","request_id":"cd7e6143db9ff79f","status":200,"method":"GET","path":"/metrics","ip":"[IP-DISAMARKAN]","latency":0.005798621}
{"level":"info","ts":1782503955.0155725,"caller":"logger/logger.go:156","msg":"Experiment infer completed","request_id":"req-SS-treatment-run1-4-8-1782503929915-modngvjj","request_id":"req-SS-treatment-run1-4-8-1782503929915-modngvjj","scenario":"SS","condition":"treatment","run":1,"category":"full","latency_ms":25092}
{"level":"info","ts":1782503955.015625,"caller":"logger/logger.go:106","msg":"Request served","request_id":"req-SS-treatment-run1-4-8-1782503929915-modngvjj","status":200,"method":"POST","path":"/api/v1/infer","ip":"[IP-DISAMARKAN]","latency":25.095317158}
{"level":"warn","ts":1782503957.4943488,"caller":"logger/logger.go:116","msg":"Worker health check failed","worker":"speech","error":"rpc error: code = DeadlineExceeded desc = context deadline exceeded"}
{"level":"info","ts":1782503957.4946487,"caller":"logger/logger.go:106","msg":"Health check completed","vision":"HEALTHY","ocr":"HEALTHY","speech":"UNHEALTHY"}
{"level":"info","ts":1782503957.6145647,"caller":"logger/logger.go:106","msg":"Request served","request_id":"ab8ac715ce0f7aa2","status":200,"method":"GET","path":"/metrics","ip":"[IP-DISAMARKAN]","latency":0.002161544}
{"level":"info","ts":1782503960.126404,"caller":"logger/logger.go:156","msg":"Experiment infer completed","request_id":"req-SS-treatment-run1-2-11-1782503935029-u1r5h900","request_id":"req-SS-treatment-run1-2-11-1782503935029-u1r5h900","scenario":"SS","condition":"treatment","run":1,"category":"full","latency_ms":25090}
{"level":"info","ts":1782503960.1264646,"caller":"logger/logger.go:106","msg":"Request served","request_id":"req-SS-treatment-run1-2-11-1782503935029-u1r5h900","status":200,"method":"POST","path":"/api/v1/infer","ip":"[IP-DISAMARKAN]","latency":25.093543294}
{"level":"info","ts":1782503962.615686,"caller":"logger/logger.go:106","msg":"Request served","request_id":"b6e5dd741bad4d82","status":200,"method":"GET","path":"/metrics","ip":"[IP-DISAMARKAN]","latency":0.001248228}
{"level":"error","ts":1782503962.7385907,"caller":"logger/logger.go:121","msg":"Server error","request_id":"65f1d609d2bfeb8d","status":503,"method":"GET","path":"/api/v1/health","ip":"[IP-DISAMARKAN]","latency":5.009044139,"error":"","stacktrace":"temandifa-backend/internal/logger.Error\n\t/app/internal/logger/logger.go:121\nmain.NewHTTPServer.RequestLogger.func5\n\t/app/internal/middleware/request_logger.go:44\ngithub.com/gin-gonic/gin.(*Context).Next\n\t/go/pkg/mod/github.com/gin-gonic/gin@v1.11.0/context.go:192\nmain.NewHTTPServer.VersionMiddleware.func4\n\t/app/internal/middleware/versioning.go:35\ngithub.com/gin-gonic/gin.(*Context).Next\n\t/go/pkg/mod/github.com/gin-gonic/gin@v1.11.0/context.go:192\nmain.NewHTTPServer.RequestID.func3\n\t/app/internal/middleware/request_id.go:34\ngithub.com/gin-gonic/gin.(*Context).Next\n\t/go/pkg/mod/github.com/gin-gonic/gin@v1.11.0/context.go:192\nmain.NewHTTPServer.MaxBodySize.func2\n\t/app/internal/middleware/security.go:52\ngithub.com/gin-gonic/gin.(*Context).Next\n\t/go/pkg/mod/github.com/gin-gonic/gin@v1.11.0/context.go:192\nmain.NewHTTPServer.SecurityHeaders.func1\n\t/app/internal/middleware/security.go:36\ngithub.com/gin-gonic/gin.(*Context).Next\n\t/go/pkg/mod/github.com/gin-gonic/gin@v1.11.0/context.go:192\ngithub.com/gin-gonic/gin.(*Engine).handleHTTPRequest\n\t/go/pkg/mod/github.com/gin-gonic/gin@v1.11.0/gin.go:689\ngithub.com/gin-gonic/gin.(*Engine).ServeHTTP\n\t/go/pkg/mod/github.com/gin-gonic/gin@v1.11.0/gin.go:643\nnet/http.serverHandler.ServeHTTP\n\t/usr/local/go/src/net/http/server.go:3340\nnet/http.(*conn).serve\n\t/usr/local/go/src/net/http/server.go:2109"}
{"level":"info","ts":1782503965.3207338,"caller":"logger/logger.go:156","msg":"Experiment infer completed","request_id":"req-SS-treatment-run1-1-14-1782503940133-dsxkxvvq","request_id":"req-SS-treatment-run1-1-14-1782503940133-dsxkxvvq","scenario":"SS","condition":"treatment","run":1,"category":"full","latency_ms":25181}
{"level":"info","ts":1782503965.3207893,"caller":"logger/logger.go:106","msg":"Request served","request_id":"req-SS-treatment-run1-1-14-1782503940133-dsxkxvvq","status":200,"method":"POST","path":"/api/v1/infer","ip":"[IP-DISAMARKAN]","latency":25.184834378}
{"level":"info","ts":1782503967.6142316,"caller":"logger/logger.go:106","msg":"Request served","request_id":"a6a7313789d663b8","status":200,"method":"GET","path":"/metrics","ip":"[IP-DISAMARKAN]","latency":0.001238037}
{"level":"info","ts":1782503970.4323702,"caller":"logger/logger.go:156","msg":"Experiment infer completed","request_id":"req-SS-treatment-run1-3-10-1782503945333-kdcg68iy","request_id":"req-SS-treatment-run1-3-10-1782503945333-kdcg68iy","scenario":"SS","condition":"treatment","run":1,"category":"full","latency_ms":25093}
{"level":"info","ts":1782503970.4324236,"caller":"logger/logger.go:106","msg":"Request served","request_id":"req-SS-treatment-run1-3-10-1782503945333-kdcg68iy","status":200,"method":"POST","path":"/api/v1/infer","ip":"[IP-DISAMARKAN]","latency":25.095452713}
{"level":"warn","ts":1782503972.4944224,"caller":"logger/logger.go:116","msg":"Worker health check failed","worker":"speech","error":"rpc error: code = DeadlineExceeded desc = context deadline exceeded"}
{"level":"info","ts":1782503972.4947276,"caller":"logger/logger.go:106","msg":"Health check completed","vision":"HEALTHY","ocr":"HEALTHY","speech":"UNHEALTHY"}
{"level":"info","ts":1782503972.614618,"caller":"logger/logger.go:106","msg":"Request served","request_id":"c34ba7fd548da727","status":200,"method":"GET","path":"/metrics","ip":"[IP-DISAMARKAN]","latency":0.001160171}
{"level":"info","ts":1782503975.7163038,"caller":"logger/logger.go:156","msg":"Experiment infer completed","request_id":"req-SS-treatment-run1-5-8-1782503950729-wx0bjnkp","request_id":"req-SS-treatment-run1-5-8-1782503950729-wx0bjnkp","scenario":"SS","condition":"treatment","run":1,"category":"full","latency_ms":24982}
{"level":"info","ts":1782503975.7163522,"caller":"logger/logger.go:106","msg":"Request served","request_id":"req-SS-treatment-run1-5-8-1782503950729-wx0bjnkp","status":200,"method":"POST","path":"/api/v1/infer","ip":"[IP-DISAMARKAN]","latency":24.984800304}
{"level":"info","ts":1782503977.6162276,"caller":"logger/logger.go:106","msg":"Request served","request_id":"5d6972fecc5ffd92","status":200,"method":"GET","path":"/metrics","ip":"[IP-DISAMARKAN]","latency":0.001058023}
{"level":"info","ts":1782503981.021066,"caller":"logger/logger.go:156","msg":"Experiment infer completed","request_id":"req-SS-treatment-run1-4-9-1782503956018-mgfy3yq2","request_id":"req-SS-treatment-run1-4-9-1782503956018-mgfy3yq2","scenario":"SS","condition":"treatment","run":1,"category":"full","latency_ms":24994}
{"level":"info","ts":1782503981.0211196,"caller":"logger/logger.go:106","msg":"Request served","request_id":"req-SS-treatment-run1-4-9-1782503956018-mgfy3yq2","status":200,"method":"POST","path":"/api/v1/infer","ip":"[IP-DISAMARKAN]","latency":24.996860477}
{"level":"info","ts":1782503982.6163733,"caller":"logger/logger.go:106","msg":"Request served","request_id":"d5396b48b6cdefab","status":200,"method":"GET","path":"/metrics","ip":"[IP-DISAMARKAN]","latency":0.001200869}
{"level":"info","ts":1782503986.2365983,"caller":"logger/logger.go:156","msg":"Experiment infer completed","request_id":"req-SS-treatment-run1-2-12-1782503961129-gqw9o30y","request_id":"req-SS-treatment-run1-2-12-1782503961129-gqw9o30y","scenario":"SS","condition":"treatment","run":1,"category":"full","latency_ms":25091}
{"level":"info","ts":1782503986.2367263,"caller":"logger/logger.go:106","msg":"Request served","request_id":"req-SS-treatment-run1-2-12-1782503961129-gqw9o30y","status":200,"method":"POST","path":"/api/v1/infer","ip":"[IP-DISAMARKAN]","latency":25.103299751}
{"level":"warn","ts":1782503987.4951196,"caller":"logger/logger.go:116","msg":"Worker health check failed","worker":"speech","error":"rpc error: code = DeadlineExceeded desc = context deadline exceeded"}
{"level":"info","ts":1782503987.4955058,"caller":"logger/logger.go:106","msg":"Health check completed","vision":"HEALTHY","ocr":"HEALTHY","speech":"UNHEALTHY"}
{"level":"info","ts":1782503987.6147745,"caller":"logger/logger.go:106","msg":"Request served","request_id":"ecd943e51ba74eb6","status":200,"method":"GET","path":"/metrics","ip":"[IP-DISAMARKAN]","latency":0.001296376}
{"level":"info","ts":1782503991.3275537,"caller":"logger/logger.go:156","msg":"Experiment infer completed","request_id":"req-SS-treatment-run1-1-15-1782503966323-4owukaw2","request_id":"req-SS-treatment-run1-1-15-1782503966323-4owukaw2","scenario":"SS","condition":"treatment","run":1,"category":"full","latency_ms":24996}
{"level":"info","ts":1782503991.32761,"caller":"logger/logger.go:106","msg":"Request served","request_id":"req-SS-treatment-run1-1-15-1782503966323-4owukaw2","status":200,"method":"POST","path":"/api/v1/infer","ip":"[IP-DISAMARKAN]","latency":25.000590758}
{"level":"info","ts":1782503992.6136096,"caller":"logger/logger.go:106","msg":"Request served","request_id":"1b39b2b96fde6f57","status":200,"method":"GET","path":"/metrics","ip":"[IP-DISAMARKAN]","latency":0.000993555}
{"level":"info","ts":1782503996.5149777,"caller":"logger/logger.go:156","msg":"Experiment infer completed","request_id":"req-SS-treatment-run1-3-11-1782503971435-30s8up7s","request_id":"req-SS-treatment-run1-3-11-1782503971435-30s8up7s","scenario":"SS","condition":"treatment","run":1,"category":"full","latency_ms":25075}
{"level":"info","ts":1782503996.5150433,"caller":"logger/logger.go:106","msg":"Request served","request_id":"req-SS-treatment-run1-3-11-1782503971435-30s8up7s","status":200,"method":"POST","path":"/api/v1/infer","ip":"[IP-DISAMARKAN]","latency":25.077906582}
{"level":"info","ts":1782503997.6172907,"caller":"logger/logger.go:106","msg":"Request served","request_id":"d233b6a5fa38cc1d","status":200,"method":"GET","path":"/metrics","ip":"[IP-DISAMARKAN]","latency":0.002266513}
{"level":"error","ts":1782503997.8112152,"caller":"logger/logger.go:121","msg":"Server error","request_id":"2d64faae7471c21e","status":503,"method":"GET","path":"/api/v1/health","ip":"[IP-DISAMARKAN]","latency":5.030390395,"error":"","stacktrace":"temandifa-backend/internal/logger.Error\n\t/app/internal/logger/logger.go:121\nmain.NewHTTPServer.RequestLogger.func5\n\t/app/internal/middleware/request_logger.go:44\ngithub.com/gin-gonic/gin.(*Context).Next\n\t/go/pkg/mod/github.com/gin-gonic/gin@v1.11.0/context.go:192\nmain.NewHTTPServer.VersionMiddleware.func4\n\t/app/internal/middleware/versioning.go:35\ngithub.com/gin-gonic/gin.(*Context).Next\n\t/go/pkg/mod/github.com/gin-gonic/gin@v1.11.0/context.go:192\nmain.NewHTTPServer.RequestID.func3\n\t/app/internal/middleware/request_id.go:34\ngithub.com/gin-gonic/gin.(*Context).Next\n\t/go/pkg/mod/github.com/gin-gonic/gin@v1.11.0/context.go:192\nmain.NewHTTPServer.MaxBodySize.func2\n\t/app/internal/middleware/security.go:52\ngithub.com/gin-gonic/gin.(*Context).Next\n\t/go/pkg/mod/github.com/gin-gonic/gin@v1.11.0/context.go:192\nmain.NewHTTPServer.SecurityHeaders.func1\n\t/app/internal/middleware/security.go:36\ngithub.com/gin-gonic/gin.(*Context).Next\n\t/go/pkg/mod/github.com/gin-gonic/gin@v1.11.0/context.go:192\ngithub.com/gin-gonic/gin.(*Engine).handleHTTPRequest\n\t/go/pkg/mod/github.com/gin-gonic/gin@v1.11.0/gin.go:689\ngithub.com/gin-gonic/gin.(*Engine).ServeHTTP\n\t/go/pkg/mod/github.com/gin-gonic/gin@v1.11.0/gin.go:643\nnet/http.serverHandler.ServeHTTP\n\t/usr/local/go/src/net/http/server.go:3340\nnet/http.(*conn).serve\n\t/usr/local/go/src/net/http/server.go:2109"}
{"level":"info","ts":1782504001.7169933,"caller":"logger/logger.go:156","msg":"Experiment infer completed","request_id":"req-SS-treatment-run1-5-9-1782503976718-chsabzpd","request_id":"req-SS-treatment-run1-5-9-1782503976718-chsabzpd","scenario":"SS","condition":"treatment","run":1,"category":"full","latency_ms":24988}
{"level":"info","ts":1782504001.7171268,"caller":"logger/logger.go:106","msg":"Request served","request_id":"req-SS-treatment-run1-5-9-1782503976718-chsabzpd","status":200,"method":"POST","path":"/api/v1/infer","ip":"[IP-DISAMARKAN]","latency":24.994733334}
{"level":"info","ts":1782504001.7171836,"caller":"logger/logger.go:106","msg":"Health check completed","vision":"HEALTHY","ocr":"HEALTHY","speech":"HEALTHY"}
{"level":"info","ts":1782504002.614711,"caller":"logger/logger.go:106","msg":"Request served","request_id":"274cd66d7231383c","status":200,"method":"GET","path":"/metrics","ip":"[IP-DISAMARKAN]","latency":0.001239619}
{"level":"info","ts":1782504007.0164373,"caller":"logger/logger.go:156","msg":"Experiment infer completed","request_id":"req-SS-treatment-run1-4-10-1782503982024-i54ot929","request_id":"req-SS-treatment-run1-4-10-1782503982024-i54ot929","scenario":"SS","condition":"treatment","run":1,"category":"full","latency_ms":24985}
{"level":"info","ts":1782504007.016497,"caller":"logger/logger.go:106","msg":"Request served","request_id":"req-SS-treatment-run1-4-10-1782503982024-i54ot929","status":200,"method":"POST","path":"/api/v1/infer","ip":"[IP-DISAMARKAN]","latency":24.989247881}
{"level":"info","ts":1782504007.6129854,"caller":"logger/logger.go:106","msg":"Request served","request_id":"47cdfffed28c3c4f","status":200,"method":"GET","path":"/metrics","ip":"[IP-DISAMARKAN]","latency":0.001014075}
{"level":"info","ts":1782504012.415851,"caller":"logger/logger.go:156","msg":"Experiment infer completed","request_id":"req-SS-treatment-run1-2-13-1782503987239-q2ejh4wt","request_id":"req-SS-treatment-run1-2-13-1782503987239-q2ejh4wt","scenario":"SS","condition":"treatment","run":1,"category":"full","latency_ms":25170}
{"level":"info","ts":1782504012.415905,"caller":"logger/logger.go:106","msg":"Request served","request_id":"req-SS-treatment-run1-2-13-1782503987239-q2ejh4wt","status":200,"method":"POST","path":"/api/v1/infer","ip":"[IP-DISAMARKAN]","latency":25.174073544}
{"level":"info","ts":1782504012.6143897,"caller":"logger/logger.go:106","msg":"Request served","request_id":"adb17d5cef29a150","status":200,"method":"GET","path":"/metrics","ip":"[IP-DISAMARKAN]","latency":0.001964551}
{"level":"info","ts":1782504014.4587758,"caller":"logger/logger.go:106","msg":"Request served","request_id":"44f724ff4a7556a3","status":200,"method":"GET","path":"/","ip":"[IP-DISAMARKAN]","latency":0.000035459}
{"level":"warn","ts":1782504017.4946926,"caller":"logger/logger.go:116","msg":"Worker health check failed","worker":"speech","error":"rpc error: code = DeadlineExceeded desc = context deadline exceeded"}
{"level":"info","ts":1782504017.4950135,"caller":"logger/logger.go:106","msg":"Health check completed","vision":"HEALTHY","ocr":"HEALTHY","speech":"UNHEALTHY"}
{"level":"info","ts":1782504017.5243065,"caller":"logger/logger.go:156","msg":"Experiment infer completed","request_id":"req-SS-treatment-run1-1-16-1782503992330-d2421aq3","request_id":"req-SS-treatment-run1-1-16-1782503992330-d2421aq3","scenario":"SS","condition":"treatment","run":1,"category":"full","latency_ms":25187}
{"level":"info","ts":1782504017.5243552,"caller":"logger/logger.go:106","msg":"Request served","request_id":"req-SS-treatment-run1-1-16-1782503992330-d2421aq3","status":200,"method":"POST","path":"/api/v1/infer","ip":"[IP-DISAMARKAN]","latency":25.190728691}
{"level":"info","ts":1782504017.6128888,"caller":"logger/logger.go:106","msg":"Request served","request_id":"2b5065a76089f587","status":200,"method":"GET","path":"/metrics","ip":"[IP-DISAMARKAN]","latency":0.000972175}
{"level":"info","ts":1782504022.6140552,"caller":"logger/logger.go:106","msg":"Request served","request_id":"478cf6fe5c9a8e1c","status":200,"method":"GET","path":"/metrics","ip":"[IP-DISAMARKAN]","latency":0.001549742}
{"level":"info","ts":1782504022.6203256,"caller":"logger/logger.go:156","msg":"Experiment infer completed","request_id":"req-SS-treatment-run1-3-12-1782503997518-l9scowa2","request_id":"req-SS-treatment-run1-3-12-1782503997518-l9scowa2","scenario":"SS","condition":"treatment","run":1,"category":"full","latency_ms":25093}
{"level":"info","ts":1782504022.6203682,"caller":"logger/logger.go:106","msg":"Request served","request_id":"req-SS-treatment-run1-3-12-1782503997518-l9scowa2","status":200,"method":"POST","path":"/api/v1/infer","ip":"[IP-DISAMARKAN]","latency":25.097864967}
{"level":"info","ts":1782504027.6131659,"caller":"logger/logger.go:106","msg":"Request served","request_id":"ff405c89eb544ffe","status":200,"method":"GET","path":"/metrics","ip":"[IP-DISAMARKAN]","latency":0.001148141}
{"level":"info","ts":1782504027.8261855,"caller":"logger/logger.go:156","msg":"Experiment infer completed","request_id":"req-SS-treatment-run1-5-10-1782504002719-zowvi0jv","request_id":"req-SS-treatment-run1-5-10-1782504002719-zowvi0jv","scenario":"SS","condition":"treatment","run":1,"category":"full","latency_ms":25097}
{"level":"info","ts":1782504027.826241,"caller":"logger/logger.go:106","msg":"Request served","request_id":"req-SS-treatment-run1-5-10-1782504002719-zowvi0jv","status":200,"method":"POST","path":"/api/v1/infer","ip":"[IP-DISAMARKAN]","latency":25.103480895}
{"level":"warn","ts":1782504032.4942627,"caller":"logger/logger.go:116","msg":"Worker health check failed","worker":"speech","error":"rpc error: code = DeadlineExceeded desc = context deadline exceeded"}
{"level":"info","ts":1782504032.4945886,"caller":"logger/logger.go:106","msg":"Health check completed","vision":"HEALTHY","ocr":"HEALTHY","speech":"UNHEALTHY"}
{"level":"info","ts":1782504032.6132476,"caller":"logger/logger.go:106","msg":"Request served","request_id":"24c06b4bf4fa3a3f","status":200,"method":"GET","path":"/metrics","ip":"[IP-DISAMARKAN]","latency":0.001302227}
{"level":"error","ts":1782504032.8411305,"caller":"logger/logger.go:121","msg":"Server error","request_id":"19acb55046aff69d","status":503,"method":"GET","path":"/api/v1/health","ip":"[IP-DISAMARKAN]","latency":5.008868301,"error":"","stacktrace":"temandifa-backend/internal/logger.Error\n\t/app/internal/logger/logger.go:121\nmain.NewHTTPServer.RequestLogger.func5\n\t/app/internal/middleware/request_logger.go:44\ngithub.com/gin-gonic/gin.(*Context).Next\n\t/go/pkg/mod/github.com/gin-gonic/gin@v1.11.0/context.go:192\nmain.NewHTTPServer.VersionMiddleware.func4\n\t/app/internal/middleware/versioning.go:35\ngithub.com/gin-gonic/gin.(*Context).Next\n\t/go/pkg/mod/github.com/gin-gonic/gin@v1.11.0/context.go:192\nmain.NewHTTPServer.RequestID.func3\n\t/app/internal/middleware/request_id.go:34\ngithub.com/gin-gonic/gin.(*Context).Next\n\t/go/pkg/mod/github.com/gin-gonic/gin@v1.11.0/context.go:192\nmain.NewHTTPServer.MaxBodySize.func2\n\t/app/internal/middleware/security.go:52\ngithub.com/gin-gonic/gin.(*Context).Next\n\t/go/pkg/mod/github.com/gin-gonic/gin@v1.11.0/context.go:192\nmain.NewHTTPServer.SecurityHeaders.func1\n\t/app/internal/middleware/security.go:36\ngithub.com/gin-gonic/gin.(*Context).Next\n\t/go/pkg/mod/github.com/gin-gonic/gin@v1.11.0/context.go:192\ngithub.com/gin-gonic/gin.(*Engine).handleHTTPRequest\n\t/go/pkg/mod/github.com/gin-gonic/gin@v1.11.0/gin.go:689\ngithub.com/gin-gonic/gin.(*Engine).ServeHTTP\n\t/go/pkg/mod/github.com/gin-gonic/gin@v1.11.0/gin.go:643\nnet/http.serverHandler.ServeHTTP\n\t/usr/local/go/src/net/http/server.go:3340\nnet/http.(*conn).serve\n\t/usr/local/go/src/net/http/server.go:2109"}
{"level":"info","ts":1782504033.0158198,"caller":"logger/logger.go:156","msg":"Experiment infer completed","request_id":"req-SS-treatment-run1-4-11-1782504008019-gramavjz","request_id":"req-SS-treatment-run1-4-11-1782504008019-gramavjz","scenario":"SS","condition":"treatment","run":1,"category":"full","latency_ms":24988}
{"level":"info","ts":1782504033.015872,"caller":"logger/logger.go:106","msg":"Request served","request_id":"req-SS-treatment-run1-4-11-1782504008019-gramavjz","status":200,"method":"POST","path":"/api/v1/infer","ip":"[IP-DISAMARKAN]","latency":24.991961986}
{"level":"info","ts":1782504037.6142545,"caller":"logger/logger.go:106","msg":"Request served","request_id":"25249c174375e387","status":200,"method":"GET","path":"/metrics","ip":"[IP-DISAMARKAN]","latency":0.001076612}
{"level":"info","ts":1782504038.426951,"caller":"logger/logger.go:156","msg":"Experiment infer completed","request_id":"req-SS-treatment-run1-2-14-1782504013418-o1pippzb","request_id":"req-SS-treatment-run1-2-14-1782504013418-o1pippzb","scenario":"SS","condition":"treatment","run":1,"category":"full","latency_ms":25002}
{"level":"info","ts":1782504038.4270053,"caller":"logger/logger.go:106","msg":"Request served","request_id":"req-SS-treatment-run1-2-14-1782504013418-o1pippzb","status":200,"method":"POST","path":"/api/v1/infer","ip":"[IP-DISAMARKAN]","latency":25.006228179}
{"level":"info","ts":1782504042.6139953,"caller":"logger/logger.go:106","msg":"Request served","request_id":"a93814a436a6c9cc","status":200,"method":"GET","path":"/metrics","ip":"[IP-DISAMARKAN]","latency":0.000806408}
{"level":"info","ts":1782504043.6278057,"caller":"logger/logger.go:156","msg":"Experiment infer completed","request_id":"req-SS-treatment-run1-1-17-1782504018527-s4235iud","request_id":"req-SS-treatment-run1-1-17-1782504018527-s4235iud","scenario":"SS","condition":"treatment","run":1,"category":"full","latency_ms":25092}
{"level":"info","ts":1782504043.6278589,"caller":"logger/logger.go:106","msg":"Request served","request_id":"req-SS-treatment-run1-1-17-1782504018527-s4235iud","status":200,"method":"POST","path":"/api/v1/infer","ip":"[IP-DISAMARKAN]","latency":25.095616843}
{"level":"warn","ts":1782504047.4940143,"caller":"logger/logger.go:116","msg":"Worker health check failed","worker":"speech","error":"rpc error: code = DeadlineExceeded desc = context deadline exceeded"}
{"level":"info","ts":1782504047.4943864,"caller":"logger/logger.go:106","msg":"Health check completed","vision":"HEALTHY","ocr":"HEALTHY","speech":"UNHEALTHY"}
{"level":"info","ts":1782504047.616239,"caller":"logger/logger.go:106","msg":"Request served","request_id":"24436952c9d87fbd","status":200,"method":"GET","path":"/metrics","ip":"[IP-DISAMARKAN]","latency":0.002786921}
{"level":"info","ts":1782504048.7264154,"caller":"logger/logger.go:156","msg":"Experiment infer completed","request_id":"req-SS-treatment-run1-3-13-1782504023623-cjnynlnr","request_id":"req-SS-treatment-run1-3-13-1782504023623-cjnynlnr","scenario":"SS","condition":"treatment","run":1,"category":"full","latency_ms":25096}
{"level":"info","ts":1782504048.7265341,"caller":"logger/logger.go:106","msg":"Request served","request_id":"req-SS-treatment-run1-3-13-1782504023623-cjnynlnr","status":200,"method":"POST","path":"/api/v1/infer","ip":"[IP-DISAMARKAN]","latency":25.099401028}
{"level":"info","ts":1782504052.6146455,"caller":"logger/logger.go:106","msg":"Request served","request_id":"3f98b4a555b0400c","status":200,"method":"GET","path":"/metrics","ip":"[IP-DISAMARKAN]","latency":0.00122648}
{"level":"info","ts":1782504054.0156124,"caller":"logger/logger.go:156","msg":"Experiment infer completed","request_id":"req-SS-treatment-run1-5-11-1782504028830-wwjhshf5","request_id":"req-SS-treatment-run1-5-11-1782504028830-wwjhshf5","scenario":"SS","condition":"treatment","run":1,"category":"full","latency_ms":25178}
{"level":"info","ts":1782504054.015677,"caller":"logger/logger.go:106","msg":"Request served","request_id":"req-SS-treatment-run1-5-11-1782504028830-wwjhshf5","status":200,"method":"POST","path":"/api/v1/infer","ip":"[IP-DISAMARKAN]","latency":25.181480826}
{"level":"info","ts":1782504057.613719,"caller":"logger/logger.go:106","msg":"Request served","request_id":"a347cb0055676fdb","status":200,"method":"GET","path":"/metrics","ip":"[IP-DISAMARKAN]","latency":0.000927017}
{"level":"info","ts":1782504059.1216993,"caller":"logger/logger.go:156","msg":"Experiment infer completed","request_id":"req-SS-treatment-run1-4-12-1782504034018-7ds5i5mt","request_id":"req-SS-treatment-run1-4-12-1782504034018-7ds5i5mt","scenario":"SS","condition":"treatment","run":1,"category":"full","latency_ms":25093}
{"level":"info","ts":1782504059.1217535,"caller":"logger/logger.go:106","msg":"Request served","request_id":"req-SS-treatment-run1-4-12-1782504034018-7ds5i5mt","status":200,"method":"POST","path":"/api/v1/infer","ip":"[IP-DISAMARKAN]","latency":25.099818966}
{"level":"warn","ts":1782504062.495483,"caller":"logger/logger.go:116","msg":"Worker health check failed","worker":"speech","error":"rpc error: code = DeadlineExceeded desc = context deadline exceeded"}
{"level":"info","ts":1782504062.495828,"caller":"logger/logger.go:106","msg":"Health check completed","vision":"HEALTHY","ocr":"HEALTHY","speech":"UNHEALTHY"}
{"level":"info","ts":1782504062.6145842,"caller":"logger/logger.go:106","msg":"Request served","request_id":"1677b0f719b61c0c","status":200,"method":"GET","path":"/metrics","ip":"[IP-DISAMARKAN]","latency":0.001125572}
{"level":"info","ts":1782504064.3277206,"caller":"logger/logger.go:156","msg":"Experiment infer completed","request_id":"req-SS-treatment-run1-2-15-1782504039430-tuhctx94","request_id":"req-SS-treatment-run1-2-15-1782504039430-tuhctx94","scenario":"SS","condition":"treatment","run":1,"category":"full","latency_ms":24892}
{"level":"info","ts":1782504064.3279548,"caller":"logger/logger.go:106","msg":"Request served","request_id":"req-SS-treatment-run1-2-15-1782504039430-tuhctx94","status":200,"method":"POST","path":"/api/v1/infer","ip":"[IP-DISAMARKAN]","latency":24.895704061}
{"level":"info","ts":1782504067.6138422,"caller":"logger/logger.go:106","msg":"Request served","request_id":"08943ec951f11b17","status":200,"method":"GET","path":"/metrics","ip":"[IP-DISAMARKAN]","latency":0.001012655}
{"level":"error","ts":1782504067.9132094,"caller":"logger/logger.go:121","msg":"Server error","request_id":"c4991d2bfac1283f","status":503,"method":"GET","path":"/api/v1/health","ip":"[IP-DISAMARKAN]","latency":5.02697723,"error":"","stacktrace":"temandifa-backend/internal/logger.Error\n\t/app/internal/logger/logger.go:121\nmain.NewHTTPServer.RequestLogger.func5\n\t/app/internal/middleware/request_logger.go:44\ngithub.com/gin-gonic/gin.(*Context).Next\n\t/go/pkg/mod/github.com/gin-gonic/gin@v1.11.0/context.go:192\nmain.NewHTTPServer.VersionMiddleware.func4\n\t/app/internal/middleware/versioning.go:35\ngithub.com/gin-gonic/gin.(*Context).Next\n\t/go/pkg/mod/github.com/gin-gonic/gin@v1.11.0/context.go:192\nmain.NewHTTPServer.RequestID.func3\n\t/app/internal/middleware/request_id.go:34\ngithub.com/gin-gonic/gin.(*Context).Next\n\t/go/pkg/mod/github.com/gin-gonic/gin@v1.11.0/context.go:192\nmain.NewHTTPServer.MaxBodySize.func2\n\t/app/internal/middleware/security.go:52\ngithub.com/gin-gonic/gin.(*Context).Next\n\t/go/pkg/mod/github.com/gin-gonic/gin@v1.11.0/context.go:192\nmain.NewHTTPServer.SecurityHeaders.func1\n\t/app/internal/middleware/security.go:36\ngithub.com/gin-gonic/gin.(*Context).Next\n\t/go/pkg/mod/github.com/gin-gonic/gin@v1.11.0/context.go:192\ngithub.com/gin-gonic/gin.(*Engine).handleHTTPRequest\n\t/go/pkg/mod/github.com/gin-gonic/gin@v1.11.0/gin.go:689\ngithub.com/gin-gonic/gin.(*Engine).ServeHTTP\n\t/go/pkg/mod/github.com/gin-gonic/gin@v1.11.0/gin.go:643\nnet/http.serverHandler.ServeHTTP\n\t/usr/local/go/src/net/http/server.go:3340\nnet/http.(*conn).serve\n\t/usr/local/go/src/net/http/server.go:2109"}
{"level":"info","ts":1782504069.6302328,"caller":"logger/logger.go:156","msg":"Experiment infer completed","request_id":"req-SS-treatment-run1-1-18-1782504044632-9fjyp6mo","request_id":"req-SS-treatment-run1-1-18-1782504044632-9fjyp6mo","scenario":"SS","condition":"treatment","run":1,"category":"full","latency_ms":24992}
{"level":"info","ts":1782504069.6302865,"caller":"logger/logger.go:106","msg":"Request served","request_id":"req-SS-treatment-run1-1-18-1782504044632-9fjyp6mo","status":200,"method":"POST","path":"/api/v1/infer","ip":"[IP-DISAMARKAN]","latency":24.994963103}
{"level":"info","ts":1782504072.614866,"caller":"logger/logger.go:106","msg":"Request served","request_id":"5cf1e904d7dea940","status":200,"method":"GET","path":"/metrics","ip":"[IP-DISAMARKAN]","latency":0.001470403}
{"level":"info","ts":1782504074.7301817,"caller":"logger/logger.go:156","msg":"Experiment infer completed","request_id":"req-SS-treatment-run1-3-14-1782504049729-1o2zbgna","request_id":"req-SS-treatment-run1-3-14-1782504049729-1o2zbgna","scenario":"SS","condition":"treatment","run":1,"category":"full","latency_ms":24995}
{"level":"info","ts":1782504074.7303019,"caller":"logger/logger.go:106","msg":"Request served","request_id":"req-SS-treatment-run1-3-14-1782504049729-1o2zbgna","status":200,"method":"POST","path":"/api/v1/infer","ip":"[IP-DISAMARKAN]","latency":24.998175092}
{"level":"warn","ts":1782504077.4935503,"caller":"logger/logger.go:116","msg":"Worker health check failed","worker":"speech","error":"rpc error: code = DeadlineExceeded desc = context deadline exceeded"}
{"level":"info","ts":1782504077.494103,"caller":"logger/logger.go:106","msg":"Health check completed","vision":"HEALTHY","ocr":"HEALTHY","speech":"UNHEALTHY"}
{"level":"info","ts":1782504077.6162271,"caller":"logger/logger.go:106","msg":"Request served","request_id":"1f322b2c19af1d6f","status":200,"method":"GET","path":"/metrics","ip":"[IP-DISAMARKAN]","latency":0.001064903}
{"level":"info","ts":1782504079.9258065,"caller":"logger/logger.go:156","msg":"Experiment infer completed","request_id":"req-SS-treatment-run1-5-12-1782504055017-hz1x3kkm","request_id":"req-SS-treatment-run1-5-12-1782504055017-hz1x3kkm","scenario":"SS","condition":"treatment","run":1,"category":"full","latency_ms":24902}
{"level":"info","ts":1782504079.9258597,"caller":"logger/logger.go:106","msg":"Request served","request_id":"req-SS-treatment-run1-5-12-1782504055017-hz1x3kkm","status":200,"method":"POST","path":"/api/v1/infer","ip":"[IP-DISAMARKAN]","latency":24.905061838}
{"level":"info","ts":1782504082.6167452,"caller":"logger/logger.go:106","msg":"Request served","request_id":"648386027908729c","status":200,"method":"GET","path":"/metrics","ip":"[IP-DISAMARKAN]","latency":0.004303221}
{"level":"info","ts":1782504085.130941,"caller":"logger/logger.go:156","msg":"Experiment infer completed","request_id":"req-SS-treatment-run1-4-13-1782504060123-kt7dicb9","request_id":"req-SS-treatment-run1-4-13-1782504060123-kt7dicb9","scenario":"SS","condition":"treatment","run":1,"category":"full","latency_ms":24999}
{"level":"info","ts":1782504085.1309977,"caller":"logger/logger.go:106","msg":"Request served","request_id":"req-SS-treatment-run1-4-13-1782504060123-kt7dicb9","status":200,"method":"POST","path":"/api/v1/infer","ip":"[IP-DISAMARKAN]","latency":25.00285325}
{"level":"info","ts":1782504087.5111485,"caller":"logger/logger.go:106","msg":"Health check completed","vision":"HEALTHY","ocr":"HEALTHY","speech":"HEALTHY"}
{"level":"info","ts":1782504087.614735,"caller":"logger/logger.go:106","msg":"Request served","request_id":"c8f41f2d36722d9b","status":200,"method":"GET","path":"/metrics","ip":"[IP-DISAMARKAN]","latency":0.002885699}
{"level":"info","ts":1782504090.3256621,"caller":"logger/logger.go:156","msg":"Experiment infer completed","request_id":"req-SS-treatment-run1-2-16-1782504065330-8cbr5aaa","request_id":"req-SS-treatment-run1-2-16-1782504065330-8cbr5aaa","scenario":"SS","condition":"treatment","run":1,"category":"full","latency_ms":24989}
{"level":"info","ts":1782504090.3257153,"caller":"logger/logger.go:106","msg":"Request served","request_id":"req-SS-treatment-run1-2-16-1782504065330-8cbr5aaa","status":200,"method":"POST","path":"/api/v1/infer","ip":"[IP-DISAMARKAN]","latency":24.993034878}
{"level":"info","ts":1782504090.5701365,"caller":"logger/logger.go:106","msg":"Request served","request_id":"bde1ccf2d9b051b8","status":200,"method":"GET","path":"/","ip":"[IP-DISAMARKAN]","latency":0.000042869}
{"level":"info","ts":1782504092.6155188,"caller":"logger/logger.go:106","msg":"Request served","request_id":"92d81c18a50e84f8","status":200,"method":"GET","path":"/metrics","ip":"[IP-DISAMARKAN]","latency":0.003099122}
{"level":"info","ts":1782504095.5147693,"caller":"logger/logger.go:156","msg":"Experiment infer completed","request_id":"req-SS-treatment-run1-1-19-1782504070632-03nn2kpr","request_id":"req-SS-treatment-run1-1-19-1782504070632-03nn2kpr","scenario":"SS","condition":"treatment","run":1,"category":"full","latency_ms":24875}
{"level":"info","ts":1782504095.5148327,"caller":"logger/logger.go:106","msg":"Request served","request_id":"req-SS-treatment-run1-1-19-1782504070632-03nn2kpr","status":200,"method":"POST","path":"/api/v1/infer","ip":"[IP-DISAMARKAN]","latency":24.87889587}
{"level":"info","ts":1782504097.6145685,"caller":"logger/logger.go:106","msg":"Request served","request_id":"29e181986ccd7257","status":200,"method":"GET","path":"/metrics","ip":"[IP-DISAMARKAN]","latency":0.001122532}
{"level":"info","ts":1782504098.0135598,"caller":"logger/logger.go:106","msg":"Request served","request_id":"3de486ae93d51770","status":200,"method":"GET","path":"/api/v1/health","ip":"[IP-DISAMARKAN]","latency":0.06086316}
{"level":"info","ts":1782504100.7318559,"caller":"logger/logger.go:156","msg":"Experiment infer completed","request_id":"req-SS-treatment-run1-3-15-1782504075732-nr109v9d","request_id":"req-SS-treatment-run1-3-15-1782504075732-nr109v9d","scenario":"SS","condition":"treatment","run":1,"category":"full","latency_ms":24992}
{"level":"info","ts":1782504100.7319095,"caller":"logger/logger.go:106","msg":"Request served","request_id":"req-SS-treatment-run1-3-15-1782504075732-nr109v9d","status":200,"method":"POST","path":"/api/v1/infer","ip":"[IP-DISAMARKAN]","latency":24.997201025}
{"level":"info","ts":1782504102.5140853,"caller":"logger/logger.go:106","msg":"Health check completed","vision":"HEALTHY","ocr":"HEALTHY","speech":"HEALTHY"}
{"level":"info","ts":1782504102.6143284,"caller":"logger/logger.go:106","msg":"Request served","request_id":"7bd98da149b87da0","status":200,"method":"GET","path":"/metrics","ip":"[IP-DISAMARKAN]","latency":0.001679706}
{"level":"info","ts":1782504106.0194075,"caller":"logger/logger.go:156","msg":"Experiment infer completed","request_id":"req-SS-treatment-run1-2-17-1782504091329-ayjr3wzg","request_id":"req-SS-treatment-run1-2-17-1782504091329-ayjr3wzg","scenario":"SS","condition":"treatment","run":1,"category":"full","latency_ms":14683}
{"level":"info","ts":1782504106.0194628,"caller":"logger/logger.go:106","msg":"Request served","request_id":"req-SS-treatment-run1-2-17-1782504091329-ayjr3wzg","status":200,"method":"POST","path":"/api/v1/infer","ip":"[IP-DISAMARKAN]","latency":14.686527576}
{"level":"info","ts":1782504107.6137931,"caller":"logger/logger.go:106","msg":"Request served","request_id":"2808d2b3f98c7291","status":200,"method":"GET","path":"/metrics","ip":"[IP-DISAMARKAN]","latency":0.001020194}
{"level":"info","ts":1782504111.2159064,"caller":"logger/logger.go:156","msg":"Experiment infer completed","request_id":"req-SS-treatment-run1-1-20-1782504096517-17h0v05g","request_id":"req-SS-treatment-run1-1-20-1782504096517-17h0v05g","scenario":"SS","condition":"treatment","run":1,"category":"full","latency_ms":14691}
{"level":"info","ts":1782504111.215957,"caller":"logger/logger.go:106","msg":"Request served","request_id":"req-SS-treatment-run1-1-20-1782504096517-17h0v05g","status":200,"method":"POST","path":"/api/v1/infer","ip":"[IP-DISAMARKAN]","latency":14.694977622}
{"level":"info","ts":1782504112.5056617,"caller":"logger/logger.go:106","msg":"ExperimentService","event":"run_ended","run_id":11}
{"level":"info","ts":1782504112.5057852,"caller":"logger/logger.go:106","msg":"Request served","request_id":"fc2781966d21eef1","status":200,"method":"POST","path":"/api/v1/experiments/runs/11/end","ip":"[IP-DISAMARKAN]","latency":0.002113727}
{"level":"info","ts":1782504112.613433,"caller":"logger/logger.go:106","msg":"Request served","request_id":"5116aa44aaff2d9c","status":200,"method":"GET","path":"/metrics","ip":"[IP-DISAMARKAN]","latency":0.000819079}