{"level":"info","ts":1782586177.7161508,"caller":"logger/logger.go:106","msg":"Request served","request_id":"4f898e3e0b492035","status":200,"method":"GET","path":"/api/v1/health","ip":"::1","latency":0.041812096}
{"level":"info","ts":1782586181.0159762,"caller":"logger/logger.go:156","msg":"Experiment infer completed","request_id":"req-B1-treatment-run1-2-3-1782586171628-x8vdapih","request_id":"req-B1-treatment-run1-2-3-1782586171628-x8vdapih","scenario":"B1","condition":"treatment","run":1,"category":"full","latency_ms":9379}
{"level":"info","ts":1782586181.01604,"caller":"logger/logger.go:106","msg":"Request served","request_id":"req-B1-treatment-run1-2-3-1782586171628-x8vdapih","status":200,"method":"POST","path":"/api/v1/infer","ip":"[IP-DISAMARKAN]","latency":9.38170446}
{"level":"info","ts":1782586182.6137152,"caller":"logger/logger.go:106","msg":"Request served","request_id":"b09761ce559d3cd6","status":200,"method":"GET","path":"/metrics","ip":"[IP-DISAMARKAN]","latency":0.000875628}
{"level":"info","ts":1782586186.3164496,"caller":"logger/logger.go:156","msg":"Experiment infer completed","request_id":"req-B1-treatment-run1-3-0-1782586174062-xun29ha6","request_id":"req-B1-treatment-run1-3-0-1782586174062-xun29ha6","scenario":"B1","condition":"treatment","run":1,"category":"full","latency_ms":12242}
{"level":"info","ts":1782586186.316497,"caller":"logger/logger.go:106","msg":"Request served","request_id":"req-B1-treatment-run1-3-0-1782586174062-xun29ha6","status":200,"method":"POST","path":"/api/v1/infer","ip":"[IP-DISAMARKAN]","latency":12.244980576}
{"level":"info","ts":1782586187.6129775,"caller":"logger/logger.go:106","msg":"Request served","request_id":"a2fe7669163ae70a","status":200,"method":"GET","path":"/metrics","ip":"[IP-DISAMARKAN]","latency":0.000923947}
{"level":"info","ts":1782586187.6220574,"caller":"logger/logger.go:106","msg":"Health check completed","vision":"HEALTHY","ocr":"HEALTHY","speech":"HEALTHY"}
{"level":"info","ts":1782586191.426047,"caller":"logger/logger.go:156","msg":"Experiment infer completed","request_id":"req-B1-treatment-run1-1-8-1782586176820-7hgzlnjw","request_id":"req-B1-treatment-run1-1-8-1782586176820-7hgzlnjw","scenario":"B1","condition":"treatment","run":1,"category":"full","latency_ms":14598}
{"level":"info","ts":1782586191.4262943,"caller":"logger/logger.go:106","msg":"Request served","request_id":"req-B1-treatment-run1-1-8-1782586176820-7hgzlnjw","status":200,"method":"POST","path":"/api/v1/infer","ip":"[IP-DISAMARKAN]","latency":14.601103644}
{"level":"info","ts":1782586192.613836,"caller":"logger/logger.go:106","msg":"Request served","request_id":"c232a1d69184b524","status":200,"method":"GET","path":"/metrics","ip":"[IP-DISAMARKAN]","latency":0.001255348}
{"level":"info","ts":1782586196.7160006,"caller":"logger/logger.go:156","msg":"Experiment infer completed","request_id":"req-B1-treatment-run1-2-4-1782586182018-lkwpknqv","request_id":"req-B1-treatment-run1-2-4-1782586182018-lkwpknqv","scenario":"B1","condition":"treatment","run":1,"category":"full","latency_ms":14691}
{"level":"info","ts":1782586196.7160711,"caller":"logger/logger.go:106","msg":"Request served","request_id":"req-B1-treatment-run1-2-4-1782586182018-lkwpknqv","status":200,"method":"POST","path":"/api/v1/infer","ip":"[IP-DISAMARKAN]","latency":14.695075726}
{"level":"info","ts":1782586197.61301,"caller":"logger/logger.go:106","msg":"Request served","request_id":"a6d7a562126ef789","status":200,"method":"GET","path":"/metrics","ip":"[IP-DISAMARKAN]","latency":0.001045484}
{"level":"info","ts":1782586202.1284046,"caller":"logger/logger.go:156","msg":"Experiment infer completed","request_id":"req-B1-treatment-run1-3-1-1782586187317-ewuhf19k","request_id":"req-B1-treatment-run1-3-1-1782586187317-ewuhf19k","scenario":"B1","condition":"treatment","run":1,"category":"full","latency_ms":14799}
{"level":"info","ts":1782586202.1284559,"caller":"logger/logger.go:106","msg":"Request served","request_id":"req-B1-treatment-run1-3-1-1782586187317-ewuhf19k","status":200,"method":"POST","path":"/api/v1/infer","ip":"[IP-DISAMARKAN]","latency":14.802978951}
{"level":"info","ts":1782586202.6137612,"caller":"logger/logger.go:106","msg":"Request served","request_id":"45a57c6b4192b835","status":200,"method":"GET","path":"/metrics","ip":"[IP-DISAMARKAN]","latency":0.001047915}
{"level":"info","ts":1782586202.6154706,"caller":"logger/logger.go:106","msg":"Health check completed","vision":"HEALTHY","ocr":"HEALTHY","speech":"HEALTHY"}
{"level":"info","ts":1782586207.4306712,"caller":"logger/logger.go:156","msg":"Experiment infer completed","request_id":"req-B1-treatment-run1-1-9-1782586192428-gxk8fgkr","request_id":"req-B1-treatment-run1-1-9-1782586192428-gxk8fgkr","scenario":"B1","condition":"treatment","run":1,"category":"full","latency_ms":14993}
{"level":"info","ts":1782586207.430722,"caller":"logger/logger.go:106","msg":"Request served","request_id":"req-B1-treatment-run1-1-9-1782586192428-gxk8fgkr","status":200,"method":"POST","path":"/api/v1/infer","ip":"[IP-DISAMARKAN]","latency":14.998530147}
{"level":"info","ts":1782586207.6133218,"caller":"logger/logger.go:106","msg":"Request served","request_id":"d6be76fdf855e0b3","status":200,"method":"GET","path":"/metrics","ip":"[IP-DISAMARKAN]","latency":0.001437844}
{"level":"info","ts":1782586207.8132942,"caller":"logger/logger.go:106","msg":"Request served","request_id":"9387598a4c5b1bf6","status":200,"method":"GET","path":"/api/v1/health","ip":"::1","latency":0.03764544}
{"level":"info","ts":1782586212.6134436,"caller":"logger/logger.go:106","msg":"Request served","request_id":"25d1daeb0f7f885b","status":200,"method":"GET","path":"/metrics","ip":"[IP-DISAMARKAN]","latency":0.000873699}
{"level":"info","ts":1782586212.7201154,"caller":"logger/logger.go:156","msg":"Experiment infer completed","request_id":"req-B1-treatment-run1-2-5-1782586197718-dlso8f09","request_id":"req-B1-treatment-run1-2-5-1782586197718-dlso8f09","scenario":"B1","condition":"treatment","run":1,"category":"full","latency_ms":14993}
{"level":"info","ts":1782586212.7203922,"caller":"logger/logger.go:106","msg":"Request served","request_id":"req-B1-treatment-run1-2-5-1782586197718-dlso8f09","status":200,"method":"POST","path":"/api/v1/infer","ip":"[IP-DISAMARKAN]","latency":14.998180174}
{"level":"info","ts":1782586217.6127675,"caller":"logger/logger.go:106","msg":"Request served","request_id":"5140e1ffb39f549b","status":200,"method":"GET","path":"/metrics","ip":"[IP-DISAMARKAN]","latency":0.000836399}
{"level":"info","ts":1782586217.917926,"caller":"logger/logger.go:156","msg":"Experiment infer completed","request_id":"req-B1-treatment-run1-3-2-1782586203131-g111un7a","request_id":"req-B1-treatment-run1-3-2-1782586203131-g111un7a","scenario":"B1","condition":"treatment","run":1,"category":"full","latency_ms":14780}
{"level":"info","ts":1782586217.9179785,"caller":"logger/logger.go:106","msg":"Request served","request_id":"req-B1-treatment-run1-3-2-1782586203131-g111un7a","status":200,"method":"POST","path":"/api/v1/infer","ip":"[IP-DISAMARKAN]","latency":14.782681166}
{"level":"info","ts":1782586217.91822,"caller":"logger/logger.go:106","msg":"Health check completed","vision":"HEALTHY","ocr":"HEALTHY","speech":"HEALTHY"}
{"level":"info","ts":1782586222.6136513,"caller":"logger/logger.go:106","msg":"Request served","request_id":"1a0cb4bf7937f4e7","status":200,"method":"GET","path":"/metrics","ip":"[IP-DISAMARKAN]","latency":0.00122763}
{"level":"info","ts":1782586223.1159554,"caller":"logger/logger.go:156","msg":"Experiment infer completed","request_id":"req-B1-treatment-run1-5-0-1782586204062-q368eku8","request_id":"req-B1-treatment-run1-5-0-1782586204062-q368eku8","scenario":"B1","condition":"treatment","run":1,"category":"full","latency_ms":19045}
{"level":"info","ts":1782586223.1161997,"caller":"logger/logger.go:106","msg":"Request served","request_id":"req-B1-treatment-run1-5-0-1782586204062-q368eku8","status":200,"method":"POST","path":"/api/v1/infer","ip":"[IP-DISAMARKAN]","latency":19.048539858}
{"level":"info","ts":1782586227.6142933,"caller":"logger/logger.go:106","msg":"Request served","request_id":"ab22d9ae76323e20","status":200,"method":"GET","path":"/metrics","ip":"[IP-DISAMARKAN]","latency":0.000860248}
{"level":"info","ts":1782586228.321333,"caller":"logger/logger.go:156","msg":"Experiment infer completed","request_id":"req-B1-treatment-run1-1-10-1782586208432-rff2qfpy","request_id":"req-B1-treatment-run1-1-10-1782586208432-rff2qfpy","scenario":"B1","condition":"treatment","run":1,"category":"full","latency_ms":19883}
{"level":"info","ts":1782586228.3213885,"caller":"logger/logger.go:106","msg":"Request served","request_id":"req-B1-treatment-run1-1-10-1782586208432-rff2qfpy","status":200,"method":"POST","path":"/api/v1/infer","ip":"[IP-DISAMARKAN]","latency":19.885935197}
{"level":"info","ts":1782586232.6144023,"caller":"logger/logger.go:106","msg":"Request served","request_id":"b550c87301f5f135","status":200,"method":"GET","path":"/metrics","ip":"[IP-DISAMARKAN]","latency":0.000990815}
{"level":"info","ts":1782586233.6306121,"caller":"logger/logger.go:106","msg":"Health check completed","vision":"HEALTHY","ocr":"HEALTHY","speech":"HEALTHY"}
{"level":"info","ts":1782586233.6309235,"caller":"logger/logger.go:156","msg":"Experiment infer completed","request_id":"req-B1-treatment-run1-2-6-1782586213722-3o2r1q8g","request_id":"req-B1-treatment-run1-2-6-1782586213722-3o2r1q8g","scenario":"B1","condition":"treatment","run":1,"category":"full","latency_ms":19903}
{"level":"info","ts":1782586233.6309605,"caller":"logger/logger.go:106","msg":"Request served","request_id":"req-B1-treatment-run1-2-6-1782586213722-3o2r1q8g","status":200,"method":"POST","path":"/api/v1/infer","ip":"[IP-DISAMARKAN]","latency":19.906378638}
{"level":"info","ts":1782586237.6140363,"caller":"logger/logger.go:106","msg":"Request served","request_id":"468499512408716c","status":200,"method":"GET","path":"/metrics","ip":"[IP-DISAMARKAN]","latency":0.000857139}
{"level":"info","ts":1782586238.9280775,"caller":"logger/logger.go:156","msg":"Experiment infer completed","request_id":"req-B1-treatment-run1-3-3-1782586218921-07kemi9y","request_id":"req-B1-treatment-run1-3-3-1782586218921-07kemi9y","scenario":"B1","condition":"treatment","run":1,"category":"full","latency_ms":19998}
{"level":"info","ts":1782586238.9281282,"caller":"logger/logger.go:106","msg":"Request served","request_id":"req-B1-treatment-run1-3-3-1782586218921-07kemi9y","status":200,"method":"POST","path":"/api/v1/infer","ip":"[IP-DISAMARKAN]","latency":20.001934892}
{"level":"info","ts":1782586242.6153762,"caller":"logger/logger.go:106","msg":"Request served","request_id":"03ed1ef1e54493aa","status":200,"method":"GET","path":"/metrics","ip":"[IP-DISAMARKAN]","latency":0.003073134}
{"level":"error","ts":1782586242.9100664,"caller":"logger/logger.go:121","msg":"Server error","request_id":"0b067b4882dd277a","status":503,"method":"GET","path":"/api/v1/health","ip":"::1","latency":5.038219016,"error":"","stacktrace":"temandifa-backend/internal/logger.Error\n\t/app/internal/logger/logger.go:121\nmain.NewHTTPServer.RequestLogger.func5\n\t/app/internal/middleware/request_logger.go:44\ngithub.com/gin-gonic/gin.(*Context).Next\n\t/go/pkg/mod/github.com/gin-gonic/gin@v1.11.0/context.go:192\nmain.NewHTTPServer.VersionMiddleware.func4\n\t/app/internal/middleware/versioning.go:35\ngithub.com/gin-gonic/gin.(*Context).Next\n\t/go/pkg/mod/github.com/gin-gonic/gin@v1.11.0/context.go:192\nmain.NewHTTPServer.RequestID.func3\n\t/app/internal/middleware/request_id.go:34\ngithub.com/gin-gonic/gin.(*Context).Next\n\t/go/pkg/mod/github.com/gin-gonic/gin@v1.11.0/context.go:192\nmain.NewHTTPServer.MaxBodySize.func2\n\t/app/internal/middleware/security.go:52\ngithub.com/gin-gonic/gin.(*Context).Next\n\t/go/pkg/mod/github.com/gin-gonic/gin@v1.11.0/context.go:192\nmain.NewHTTPServer.SecurityHeaders.func1\n\t/app/internal/middleware/security.go:36\ngithub.com/gin-gonic/gin.(*Context).Next\n\t/go/pkg/mod/github.com/gin-gonic/gin@v1.11.0/context.go:192\ngithub.com/gin-gonic/gin.(*Engine).handleHTTPRequest\n\t/go/pkg/mod/github.com/gin-gonic/gin@v1.11.0/gin.go:689\ngithub.com/gin-gonic/gin.(*Engine).ServeHTTP\n\t/go/pkg/mod/github.com/gin-gonic/gin@v1.11.0/gin.go:643\nnet/http.serverHandler.ServeHTTP\n\t/usr/local/go/src/net/http/server.go:3340\nnet/http.(*conn).serve\n\t/usr/local/go/src/net/http/server.go:2109"}
{"level":"info","ts":1782586244.2160034,"caller":"logger/logger.go:156","msg":"Experiment infer completed","request_id":"req-B1-treatment-run1-5-1-1782586224118-8nt6fddy","request_id":"req-B1-treatment-run1-5-1-1782586224118-8nt6fddy","scenario":"B1","condition":"treatment","run":1,"category":"full","latency_ms":20092}
{"level":"info","ts":1782586244.2160714,"caller":"logger/logger.go:106","msg":"Request served","request_id":"req-B1-treatment-run1-5-1-1782586224118-8nt6fddy","status":200,"method":"POST","path":"/api/v1/infer","ip":"[IP-DISAMARKAN]","latency":20.095190824}
{"level":"info","ts":1782586247.6133447,"caller":"logger/logger.go:106","msg":"Request served","request_id":"41ef53577ff1ca41","status":200,"method":"GET","path":"/metrics","ip":"[IP-DISAMARKAN]","latency":0.000964686}
{"level":"info","ts":1782586249.41484,"caller":"logger/logger.go:156","msg":"Experiment infer completed","request_id":"req-B1-treatment-run1-1-11-1782586229323-fk1lwxj8","request_id":"req-B1-treatment-run1-1-11-1782586229323-fk1lwxj8","scenario":"B1","condition":"treatment","run":1,"category":"full","latency_ms":20084}
{"level":"info","ts":1782586249.4148953,"caller":"logger/logger.go:106","msg":"Request served","request_id":"req-B1-treatment-run1-1-11-1782586229323-fk1lwxj8","status":200,"method":"POST","path":"/api/v1/infer","ip":"[IP-DISAMARKAN]","latency":20.087733529}
{"level":"warn","ts":1782586252.5816271,"caller":"logger/logger.go:116","msg":"Worker health check failed","worker":"speech","error":"rpc error: code = DeadlineExceeded desc = context deadline exceeded"}
{"level":"info","ts":1782586252.582045,"caller":"logger/logger.go:106","msg":"Health check completed","vision":"HEALTHY","ocr":"HEALTHY","speech":"UNHEALTHY"}
{"level":"info","ts":1782586252.6140156,"caller":"logger/logger.go:106","msg":"Request served","request_id":"7c87e02f9f2b4409","status":200,"method":"GET","path":"/metrics","ip":"[IP-DISAMARKAN]","latency":0.001174762}
{"level":"info","ts":1782586254.6143947,"caller":"logger/logger.go:156","msg":"Experiment infer completed","request_id":"req-B1-treatment-run1-4-0-1782586234062-zekvjm1f","request_id":"req-B1-treatment-run1-4-0-1782586234062-zekvjm1f","scenario":"B1","condition":"treatment","run":1,"category":"full","latency_ms":20541}
{"level":"info","ts":1782586254.6144464,"caller":"logger/logger.go:106","msg":"Request served","request_id":"req-B1-treatment-run1-4-0-1782586234062-zekvjm1f","status":200,"method":"POST","path":"/api/v1/infer","ip":"[IP-DISAMARKAN]","latency":20.543570319}
{"level":"info","ts":1782586257.6133986,"caller":"logger/logger.go:106","msg":"Request served","request_id":"713465a129cf4d2f","status":200,"method":"GET","path":"/metrics","ip":"[IP-DISAMARKAN]","latency":0.000960185}
{"level":"info","ts":1782586259.8241906,"caller":"logger/logger.go:156","msg":"Experiment infer completed","request_id":"req-B1-treatment-run1-2-7-1782586234633-q9j8uer2","request_id":"req-B1-treatment-run1-2-7-1782586234633-q9j8uer2","scenario":"B1","condition":"treatment","run":1,"category":"full","latency_ms":25184}
{"level":"info","ts":1782586259.8242457,"caller":"logger/logger.go:106","msg":"Request served","request_id":"req-B1-treatment-run1-2-7-1782586234633-q9j8uer2","status":200,"method":"POST","path":"/api/v1/infer","ip":"[IP-DISAMARKAN]","latency":25.188236948}
{"level":"info","ts":1782586262.6155572,"caller":"logger/logger.go:106","msg":"Request served","request_id":"e9738deee27ca3e3","status":200,"method":"GET","path":"/metrics","ip":"[IP-DISAMARKAN]","latency":0.001039514}
{"level":"info","ts":1782586265.3145704,"caller":"logger/logger.go:156","msg":"Experiment infer completed","request_id":"req-B1-treatment-run1-4-1-1782586255616-ob78kcar","request_id":"req-B1-treatment-run1-4-1-1782586255616-ob78kcar","scenario":"B1","condition":"treatment","run":1,"category":"full","latency_ms":9687}
{"level":"info","ts":1782586265.3146794,"caller":"logger/logger.go:106","msg":"Request served","request_id":"req-B1-treatment-run1-4-1-1782586255616-ob78kcar","status":200,"method":"POST","path":"/api/v1/infer","ip":"[IP-DISAMARKAN]","latency":9.691401315}
{"level":"warn","ts":1782586267.58017,"caller":"logger/logger.go:116","msg":"Worker health check failed","worker":"speech","error":"rpc error: code = DeadlineExceeded desc = context deadline exceeded"}
{"level":"info","ts":1782586267.5805304,"caller":"logger/logger.go:106","msg":"Health check completed","vision":"HEALTHY","ocr":"HEALTHY","speech":"UNHEALTHY"}
{"level":"info","ts":1782586267.616279,"caller":"logger/logger.go:106","msg":"Request served","request_id":"87088aee667ec6eb","status":200,"method":"GET","path":"/metrics","ip":"[IP-DISAMARKAN]","latency":0.002890167}
{"level":"info","ts":1782586270.5136664,"caller":"logger/logger.go:156","msg":"Experiment infer completed","request_id":"req-B1-treatment-run1-5-2-1782586245218-od1hg2gn","request_id":"req-B1-treatment-run1-5-2-1782586245218-od1hg2gn","scenario":"B1","condition":"treatment","run":1,"category":"full","latency_ms":25287}
{"level":"info","ts":1782586270.513724,"caller":"logger/logger.go:106","msg":"Request served","request_id":"req-B1-treatment-run1-5-2-1782586245218-od1hg2gn","status":200,"method":"POST","path":"/api/v1/infer","ip":"[IP-DISAMARKAN]","latency":25.291509499}
{"level":"info","ts":1782586272.6136584,"caller":"logger/logger.go:106","msg":"Request served","request_id":"4ad45dab56dbae21","status":200,"method":"GET","path":"/metrics","ip":"[IP-DISAMARKAN]","latency":0.000851249}
{"level":"info","ts":1782586275.633919,"caller":"logger/logger.go:156","msg":"Experiment infer completed","request_id":"req-B1-treatment-run1-1-12-1782586250416-fstacoxa","request_id":"req-B1-treatment-run1-1-12-1782586250416-fstacoxa","scenario":"B1","condition":"treatment","run":1,"category":"full","latency_ms":25208}
{"level":"info","ts":1782586275.6339686,"caller":"logger/logger.go:106","msg":"Request served","request_id":"req-B1-treatment-run1-1-12-1782586250416-fstacoxa","status":200,"method":"POST","path":"/api/v1/infer","ip":"[IP-DISAMARKAN]","latency":25.211538745}
{"level":"info","ts":1782586277.6128352,"caller":"logger/logger.go:106","msg":"Request served","request_id":"3bd86dbb7278fad3","status":200,"method":"GET","path":"/metrics","ip":"[IP-DISAMARKAN]","latency":0.000967826}
{"level":"error","ts":1782586278.0123131,"caller":"logger/logger.go:121","msg":"Server error","request_id":"e832847e93ff1830","status":503,"method":"GET","path":"/api/v1/health","ip":"::1","latency":5.074575856,"error":"","stacktrace":"temandifa-backend/internal/logger.Error\n\t/app/internal/logger/logger.go:121\nmain.NewHTTPServer.RequestLogger.func5\n\t/app/internal/middleware/request_logger.go:44\ngithub.com/gin-gonic/gin.(*Context).Next\n\t/go/pkg/mod/github.com/gin-gonic/gin@v1.11.0/context.go:192\nmain.NewHTTPServer.VersionMiddleware.func4\n\t/app/internal/middleware/versioning.go:35\ngithub.com/gin-gonic/gin.(*Context).Next\n\t/go/pkg/mod/github.com/gin-gonic/gin@v1.11.0/context.go:192\nmain.NewHTTPServer.RequestID.func3\n\t/app/internal/middleware/request_id.go:34\ngithub.com/gin-gonic/gin.(*Context).Next\n\t/go/pkg/mod/github.com/gin-gonic/gin@v1.11.0/context.go:192\nmain.NewHTTPServer.MaxBodySize.func2\n\t/app/internal/middleware/security.go:52\ngithub.com/gin-gonic/gin.(*Context).Next\n\t/go/pkg/mod/github.com/gin-gonic/gin@v1.11.0/context.go:192\nmain.NewHTTPServer.SecurityHeaders.func1\n\t/app/internal/middleware/security.go:36\ngithub.com/gin-gonic/gin.(*Context).Next\n\t/go/pkg/mod/github.com/gin-gonic/gin@v1.11.0/context.go:192\ngithub.com/gin-gonic/gin.(*Engine).handleHTTPRequest\n\t/go/pkg/mod/github.com/gin-gonic/gin@v1.11.0/gin.go:689\ngithub.com/gin-gonic/gin.(*Engine).ServeHTTP\n\t/go/pkg/mod/github.com/gin-gonic/gin@v1.11.0/gin.go:643\nnet/http.serverHandler.ServeHTTP\n\t/usr/local/go/src/net/http/server.go:3340\nnet/http.(*conn).serve\n\t/usr/local/go/src/net/http/server.go:2109"}
{"level":"info","ts":1782586280.8261402,"caller":"logger/logger.go:156","msg":"Experiment infer completed","request_id":"req-B1-treatment-run1-3-4-1782586239930-kzjc1lg7","request_id":"req-B1-treatment-run1-3-4-1782586239930-kzjc1lg7","scenario":"B1","condition":"treatment","run":1,"category":"full","latency_ms":40889}
{"level":"info","ts":1782586280.8261938,"caller":"logger/logger.go:106","msg":"Request served","request_id":"req-B1-treatment-run1-3-4-1782586239930-kzjc1lg7","status":200,"method":"POST","path":"/api/v1/infer","ip":"[IP-DISAMARKAN]","latency":40.892342146}
{"level":"warn","ts":1782586282.5804853,"caller":"logger/logger.go:116","msg":"Worker health check failed","worker":"speech","error":"rpc error: code = DeadlineExceeded desc = context deadline exceeded"}
{"level":"info","ts":1782586282.5807934,"caller":"logger/logger.go:106","msg":"Health check completed","vision":"HEALTHY","ocr":"HEALTHY","speech":"UNHEALTHY"}
{"level":"info","ts":1782586282.6134691,"caller":"logger/logger.go:106","msg":"Request served","request_id":"fab4eb2375e3c4b7","status":200,"method":"GET","path":"/metrics","ip":"[IP-DISAMARKAN]","latency":0.001032764}
{"level":"info","ts":1782586286.1221304,"caller":"logger/logger.go:156","msg":"Experiment infer completed","request_id":"req-B1-treatment-run1-2-8-1782586260826-vu9gk2m6","request_id":"req-B1-treatment-run1-2-8-1782586260826-vu9gk2m6","scenario":"B1","condition":"treatment","run":1,"category":"full","latency_ms":25287}
{"level":"info","ts":1782586286.1222436,"caller":"logger/logger.go:106","msg":"Request served","request_id":"req-B1-treatment-run1-2-8-1782586260826-vu9gk2m6","status":200,"method":"POST","path":"/api/v1/infer","ip":"[IP-DISAMARKAN]","latency":25.29187272}
{"level":"info","ts":1782586287.6152966,"caller":"logger/logger.go:106","msg":"Request served","request_id":"f2cfd632fa4ea7ab","status":200,"method":"GET","path":"/metrics","ip":"[IP-DISAMARKAN]","latency":0.002781651}
{"level":"info","ts":1782586291.4266722,"caller":"logger/logger.go:156","msg":"Experiment infer completed","request_id":"req-B1-treatment-run1-4-2-1782586266316-jx0iqg07","request_id":"req-B1-treatment-run1-4-2-1782586266316-jx0iqg07","scenario":"B1","condition":"treatment","run":1,"category":"full","latency_ms":25101}
{"level":"info","ts":1782586291.4267328,"caller":"logger/logger.go:106","msg":"Request served","request_id":"req-B1-treatment-run1-4-2-1782586266316-jx0iqg07","status":200,"method":"POST","path":"/api/v1/infer","ip":"[IP-DISAMARKAN]","latency":25.103984281}
{"level":"info","ts":1782586292.6133084,"caller":"logger/logger.go:106","msg":"Request served","request_id":"4bdc66fefb6fb452","status":200,"method":"GET","path":"/metrics","ip":"[IP-DISAMARKAN]","latency":0.000914397}
{"level":"info","ts":1782586296.7146387,"caller":"logger/logger.go:156","msg":"Experiment infer completed","request_id":"req-B1-treatment-run1-5-3-1782586271515-gzcos466","request_id":"req-B1-treatment-run1-5-3-1782586271515-gzcos466","scenario":"B1","condition":"treatment","run":1,"category":"full","latency_ms":25191}
{"level":"info","ts":1782586296.7146945,"caller":"logger/logger.go:106","msg":"Request served","request_id":"req-B1-treatment-run1-5-3-1782586271515-gzcos466","status":200,"method":"POST","path":"/api/v1/infer","ip":"[IP-DISAMARKAN]","latency":25.194075123}
{"level":"warn","ts":1782586297.5811934,"caller":"logger/logger.go:116","msg":"Worker health check failed","worker":"speech","error":"rpc error: code = DeadlineExceeded desc = context deadline exceeded"}
{"level":"info","ts":1782586297.5830073,"caller":"logger/logger.go:106","msg":"Health check completed","vision":"HEALTHY","ocr":"HEALTHY","speech":"UNHEALTHY"}
{"level":"info","ts":1782586297.6141903,"caller":"logger/logger.go:106","msg":"Request served","request_id":"968f988ec1c0bf5a","status":200,"method":"GET","path":"/metrics","ip":"[IP-DISAMARKAN]","latency":0.001030425}
{"level":"info","ts":1782586301.9165227,"caller":"logger/logger.go:156","msg":"Experiment infer completed","request_id":"req-B1-treatment-run1-1-13-1782586276636-6sf4ib27","request_id":"req-B1-treatment-run1-1-13-1782586276636-6sf4ib27","scenario":"B1","condition":"treatment","run":1,"category":"full","latency_ms":25274}
{"level":"info","ts":1782586301.9165745,"caller":"logger/logger.go:106","msg":"Request served","request_id":"req-B1-treatment-run1-1-13-1782586276636-6sf4ib27","status":200,"method":"POST","path":"/api/v1/infer","ip":"[IP-DISAMARKAN]","latency":25.277399302}
{"level":"info","ts":1782586302.6141896,"caller":"logger/logger.go:106","msg":"Request served","request_id":"1aeac90fb273fd73","status":200,"method":"GET","path":"/metrics","ip":"[IP-DISAMARKAN]","latency":0.000997875}
{"level":"info","ts":1782586302.7743545,"caller":"logger/logger.go:106","msg":"Request served","request_id":"1b91fbcfc66a2ca4","status":200,"method":"GET","path":"/","ip":"[IP-DISAMARKAN]","latency":0.000075859}
{"level":"info","ts":1782586307.1297264,"caller":"logger/logger.go:156","msg":"Experiment infer completed","request_id":"req-B1-treatment-run1-3-5-1782586281828-prczteyw","request_id":"req-B1-treatment-run1-3-5-1782586281828-prczteyw","scenario":"B1","condition":"treatment","run":1,"category":"full","latency_ms":25292}
{"level":"info","ts":1782586307.1298354,"caller":"logger/logger.go:106","msg":"Request served","request_id":"req-B1-treatment-run1-3-5-1782586281828-prczteyw","status":200,"method":"POST","path":"/api/v1/infer","ip":"[IP-DISAMARKAN]","latency":25.295198837}
{"level":"info","ts":1782586307.6141565,"caller":"logger/logger.go:106","msg":"Request served","request_id":"35511ac182e4dd16","status":200,"method":"GET","path":"/metrics","ip":"[IP-DISAMARKAN]","latency":0.001013905}
{"level":"info","ts":1782586312.414968,"caller":"logger/logger.go:106","msg":"Health check completed","vision":"HEALTHY","ocr":"HEALTHY","speech":"HEALTHY"}
{"level":"info","ts":1782586312.4161942,"caller":"logger/logger.go:156","msg":"Experiment infer completed","request_id":"req-B1-treatment-run1-2-9-1782586287123-ycydugm3","request_id":"req-B1-treatment-run1-2-9-1782586287123-ycydugm3","scenario":"B1","condition":"treatment","run":1,"category":"full","latency_ms":25285}
{"level":"info","ts":1782586312.4162407,"caller":"logger/logger.go:106","msg":"Request served","request_id":"req-B1-treatment-run1-2-9-1782586287123-ycydugm3","status":200,"method":"POST","path":"/api/v1/infer","ip":"[IP-DISAMARKAN]","latency":25.288941454}
{"level":"info","ts":1782586312.4174454,"caller":"logger/logger.go:106","msg":"Request served","request_id":"b160d23c199cbc28","status":200,"method":"GET","path":"/api/v1/health","ip":"::1","latency":4.43651615}
{"level":"info","ts":1782586312.6131911,"caller":"logger/logger.go:106","msg":"Request served","request_id":"cf9a87fb9fbe6190","status":200,"method":"GET","path":"/metrics","ip":"[IP-DISAMARKAN]","latency":0.001067324}
{"level":"info","ts":1782586317.6130495,"caller":"logger/logger.go:106","msg":"Request served","request_id":"199c55b9d0bc1510","status":200,"method":"GET","path":"/metrics","ip":"[IP-DISAMARKAN]","latency":0.001181621}
{"level":"info","ts":1782586317.6232126,"caller":"logger/logger.go:156","msg":"Experiment infer completed","request_id":"req-B1-treatment-run1-4-3-1782586292430-2h2kfcxt","request_id":"req-B1-treatment-run1-4-3-1782586292430-2h2kfcxt","scenario":"B1","condition":"treatment","run":1,"category":"full","latency_ms":25185}
{"level":"info","ts":1782586317.6232595,"caller":"logger/logger.go:106","msg":"Request served","request_id":"req-B1-treatment-run1-4-3-1782586292430-2h2kfcxt","status":200,"method":"POST","path":"/api/v1/infer","ip":"[IP-DISAMARKAN]","latency":25.188362076}
{"level":"info","ts":1782586322.6128495,"caller":"logger/logger.go:106","msg":"Request served","request_id":"4da6a5591bb7cf54","status":200,"method":"GET","path":"/metrics","ip":"[IP-DISAMARKAN]","latency":0.000861659}
{"level":"info","ts":1782586323.0270822,"caller":"logger/logger.go:156","msg":"Experiment infer completed","request_id":"req-B1-treatment-run1-5-4-1782586297717-1oblguf1","request_id":"req-B1-treatment-run1-5-4-1782586297717-1oblguf1","scenario":"B1","condition":"treatment","run":1,"category":"full","latency_ms":25303}
{"level":"info","ts":1782586323.0271358,"caller":"logger/logger.go:106","msg":"Request served","request_id":"req-B1-treatment-run1-5-4-1782586297717-1oblguf1","status":200,"method":"POST","path":"/api/v1/infer","ip":"[IP-DISAMARKAN]","latency":25.306068357}
{"level":"warn","ts":1782586327.5805266,"caller":"logger/logger.go:116","msg":"Worker health check failed","worker":"speech","error":"rpc error: code = DeadlineExceeded desc = context deadline exceeded"}
{"level":"info","ts":1782586327.5807312,"caller":"logger/logger.go:106","msg":"Health check completed","vision":"HEALTHY","ocr":"HEALTHY","speech":"UNHEALTHY"}
{"level":"info","ts":1782586327.6132903,"caller":"logger/logger.go:106","msg":"Request served","request_id":"2641b1c6de12e7d7","status":200,"method":"GET","path":"/metrics","ip":"[IP-DISAMARKAN]","latency":0.001032744}
{"level":"info","ts":1782586328.217115,"caller":"logger/logger.go:156","msg":"Experiment infer completed","request_id":"req-B1-treatment-run1-1-14-1782586302918-3gjzl9sm","request_id":"req-B1-treatment-run1-1-14-1782586302918-3gjzl9sm","scenario":"B1","condition":"treatment","run":1,"category":"full","latency_ms":25291}
{"level":"info","ts":1782586328.2171712,"caller":"logger/logger.go:106","msg":"Request served","request_id":"req-B1-treatment-run1-1-14-1782586302918-3gjzl9sm","status":200,"method":"POST","path":"/api/v1/infer","ip":"[IP-DISAMARKAN]","latency":25.295150272}
{"level":"info","ts":1782586332.6128647,"caller":"logger/logger.go:106","msg":"Request served","request_id":"0a03c15815fa723f","status":200,"method":"GET","path":"/metrics","ip":"[IP-DISAMARKAN]","latency":0.000956896}
{"level":"info","ts":1782586333.4158452,"caller":"logger/logger.go:156","msg":"Experiment infer completed","request_id":"req-B1-treatment-run1-3-6-1782586308132-3c5qo9zs","request_id":"req-B1-treatment-run1-3-6-1782586308132-3c5qo9zs","scenario":"B1","condition":"treatment","run":1,"category":"full","latency_ms":25277}
{"level":"info","ts":1782586333.4158978,"caller":"logger/logger.go:106","msg":"Request served","request_id":"req-B1-treatment-run1-3-6-1782586308132-3c5qo9zs","status":200,"method":"POST","path":"/api/v1/infer","ip":"[IP-DISAMARKAN]","latency":25.280236486}
{"level":"info","ts":1782586337.6135063,"caller":"logger/logger.go:106","msg":"Request served","request_id":"b007edd1e76a8122","status":200,"method":"GET","path":"/metrics","ip":"[IP-DISAMARKAN]","latency":0.001038512}
{"level":"info","ts":1782586338.515734,"caller":"logger/logger.go:156","msg":"Experiment infer completed","request_id":"req-B1-treatment-run1-2-10-1782586313418-okjg604p","request_id":"req-B1-treatment-run1-2-10-1782586313418-okjg604p","scenario":"B1","condition":"treatment","run":1,"category":"full","latency_ms":25089}
{"level":"info","ts":1782586338.5158052,"caller":"logger/logger.go:106","msg":"Request served","request_id":"req-B1-treatment-run1-2-10-1782586313418-okjg604p","status":200,"method":"POST","path":"/api/v1/infer","ip":"[IP-DISAMARKAN]","latency":25.094638821}
{"level":"warn","ts":1782586342.5805817,"caller":"logger/logger.go:116","msg":"Worker health check failed","worker":"speech","error":"rpc error: code = DeadlineExceeded desc = context deadline exceeded"}
{"level":"info","ts":1782586342.5809906,"caller":"logger/logger.go:106","msg":"Health check completed","vision":"HEALTHY","ocr":"HEALTHY","speech":"UNHEALTHY"}
{"level":"info","ts":1782586342.6143138,"caller":"logger/logger.go:106","msg":"Request served","request_id":"bea069464d83c3c8","status":200,"method":"GET","path":"/metrics","ip":"[IP-DISAMARKAN]","latency":0.001239308}
{"level":"info","ts":1782586343.720106,"caller":"logger/logger.go:156","msg":"Experiment infer completed","request_id":"req-B1-treatment-run1-4-4-1782586318625-4vpkfn6y","request_id":"req-B1-treatment-run1-4-4-1782586318625-4vpkfn6y","scenario":"B1","condition":"treatment","run":1,"category":"full","latency_ms":25085}
{"level":"info","ts":1782586343.7201614,"caller":"logger/logger.go:106","msg":"Request served","request_id":"req-B1-treatment-run1-4-4-1782586318625-4vpkfn6y","status":200,"method":"POST","path":"/api/v1/infer","ip":"[IP-DISAMARKAN]","latency":25.087580358}
{"level":"error","ts":1782586347.5137157,"caller":"logger/logger.go:121","msg":"Server error","request_id":"29d852d5f6df65ec","status":503,"method":"GET","path":"/api/v1/health","ip":"::1","latency":5.034338763,"error":"","stacktrace":"temandifa-backend/internal/logger.Error\n\t/app/internal/logger/logger.go:121\nmain.NewHTTPServer.RequestLogger.func5\n\t/app/internal/middleware/request_logger.go:44\ngithub.com/gin-gonic/gin.(*Context).Next\n\t/go/pkg/mod/github.com/gin-gonic/gin@v1.11.0/context.go:192\nmain.NewHTTPServer.VersionMiddleware.func4\n\t/app/internal/middleware/versioning.go:35\ngithub.com/gin-gonic/gin.(*Context).Next\n\t/go/pkg/mod/github.com/gin-gonic/gin@v1.11.0/context.go:192\nmain.NewHTTPServer.RequestID.func3\n\t/app/internal/middleware/request_id.go:34\ngithub.com/gin-gonic/gin.(*Context).Next\n\t/go/pkg/mod/github.com/gin-gonic/gin@v1.11.0/context.go:192\nmain.NewHTTPServer.MaxBodySize.func2\n\t/app/internal/middleware/security.go:52\ngithub.com/gin-gonic/gin.(*Context).Next\n\t/go/pkg/mod/github.com/gin-gonic/gin@v1.11.0/context.go:192\nmain.NewHTTPServer.SecurityHeaders.func1\n\t/app/internal/middleware/security.go:36\ngithub.com/gin-gonic/gin.(*Context).Next\n\t/go/pkg/mod/github.com/gin-gonic/gin@v1.11.0/context.go:192\ngithub.com/gin-gonic/gin.(*Engine).handleHTTPRequest\n\t/go/pkg/mod/github.com/gin-gonic/gin@v1.11.0/gin.go:689\ngithub.com/gin-gonic/gin.(*Engine).ServeHTTP\n\t/go/pkg/mod/github.com/gin-gonic/gin@v1.11.0/gin.go:643\nnet/http.serverHandler.ServeHTTP\n\t/usr/local/go/src/net/http/server.go:3340\nnet/http.(*conn).serve\n\t/usr/local/go/src/net/http/server.go:2109"}
{"level":"info","ts":1782586347.6164305,"caller":"logger/logger.go:106","msg":"Request served","request_id":"9388e4d6894e5b95","status":200,"method":"GET","path":"/metrics","ip":"[IP-DISAMARKAN]","latency":0.002991916}
{"level":"info","ts":1782586348.9303014,"caller":"logger/logger.go:156","msg":"Experiment infer completed","request_id":"req-B1-treatment-run1-5-5-1782586324029-bm6wjbue","request_id":"req-B1-treatment-run1-5-5-1782586324029-bm6wjbue","scenario":"B1","condition":"treatment","run":1,"category":"full","latency_ms":24895}
{"level":"info","ts":1782586348.9303522,"caller":"logger/logger.go:106","msg":"Request served","request_id":"req-B1-treatment-run1-5-5-1782586324029-bm6wjbue","status":200,"method":"POST","path":"/api/v1/infer","ip":"[IP-DISAMARKAN]","latency":24.898042623}
{"level":"info","ts":1782586352.6170852,"caller":"logger/logger.go:106","msg":"Request served","request_id":"0cacb032cdcb25b1","status":200,"method":"GET","path":"/metrics","ip":"[IP-DISAMARKAN]","latency":0.00362277}
{"level":"info","ts":1782586354.3314383,"caller":"logger/logger.go:156","msg":"Experiment infer completed","request_id":"req-B1-treatment-run1-1-15-1782586329219-kqk5a8ka","request_id":"req-B1-treatment-run1-1-15-1782586329219-kqk5a8ka","scenario":"B1","condition":"treatment","run":1,"category":"full","latency_ms":25103}
{"level":"info","ts":1782586354.3314931,"caller":"logger/logger.go:106","msg":"Request served","request_id":"req-B1-treatment-run1-1-15-1782586329219-kqk5a8ka","status":200,"method":"POST","path":"/api/v1/infer","ip":"[IP-DISAMARKAN]","latency":25.108861899}
{"level":"info","ts":1782586356.6253161,"caller":"logger/logger.go:106","msg":"Request served","request_id":"9e35d495cd748e35","status":200,"method":"GET","path":"/","ip":"[IP-DISAMARKAN]","latency":0.000046429}
{"level":"warn","ts":1782586357.5796907,"caller":"logger/logger.go:116","msg":"Worker health check failed","worker":"speech","error":"rpc error: code = DeadlineExceeded desc = context deadline exceeded"}
{"level":"info","ts":1782586357.5800052,"caller":"logger/logger.go:106","msg":"Health check completed","vision":"HEALTHY","ocr":"HEALTHY","speech":"UNHEALTHY"}
{"level":"info","ts":1782586357.614325,"caller":"logger/logger.go:106","msg":"Request served","request_id":"a925d7784b8e94aa","status":200,"method":"GET","path":"/metrics","ip":"[IP-DISAMARKAN]","latency":0.000866319}
{"level":"info","ts":1782586359.630264,"caller":"logger/logger.go:156","msg":"Experiment infer completed","request_id":"req-B1-treatment-run1-3-7-1782586334418-lqgcgaad","request_id":"req-B1-treatment-run1-3-7-1782586334418-lqgcgaad","scenario":"B1","condition":"treatment","run":1,"category":"full","latency_ms":25202}
{"level":"info","ts":1782586359.6304781,"caller":"logger/logger.go:106","msg":"Request served","request_id":"req-B1-treatment-run1-3-7-1782586334418-lqgcgaad","status":200,"method":"POST","path":"/api/v1/infer","ip":"[IP-DISAMARKAN]","latency":25.20726524}
{"level":"info","ts":1782586362.6136224,"caller":"logger/logger.go:106","msg":"Request served","request_id":"e7472e4961676683","status":200,"method":"GET","path":"/metrics","ip":"[IP-DISAMARKAN]","latency":0.000823779}
{"level":"info","ts":1782586364.815419,"caller":"logger/logger.go:156","msg":"Experiment infer completed","request_id":"req-B1-treatment-run1-2-11-1782586339517-8nmkjj4l","request_id":"req-B1-treatment-run1-2-11-1782586339517-8nmkjj4l","scenario":"B1","condition":"treatment","run":1,"category":"full","latency_ms":25291}
{"level":"info","ts":1782586364.8154721,"caller":"logger/logger.go:106","msg":"Request served","request_id":"req-B1-treatment-run1-2-11-1782586339517-8nmkjj4l","status":200,"method":"POST","path":"/api/v1/infer","ip":"[IP-DISAMARKAN]","latency":25.293879675}
{"level":"info","ts":1782586367.6129308,"caller":"logger/logger.go:106","msg":"Request served","request_id":"7581770c347b4e0f","status":200,"method":"GET","path":"/metrics","ip":"[IP-DISAMARKAN]","latency":0.000996765}
{"level":"info","ts":1782586369.92928,"caller":"logger/logger.go:156","msg":"Experiment infer completed","request_id":"req-B1-treatment-run1-4-5-1782586344722-wgymemd9","request_id":"req-B1-treatment-run1-4-5-1782586344722-wgymemd9","scenario":"B1","condition":"treatment","run":1,"category":"full","latency_ms":25198}
{"level":"info","ts":1782586369.9293303,"caller":"logger/logger.go:106","msg":"Request served","request_id":"req-B1-treatment-run1-4-5-1782586344722-wgymemd9","status":200,"method":"POST","path":"/api/v1/infer","ip":"[IP-DISAMARKAN]","latency":25.200993174}
{"level":"warn","ts":1782586372.580227,"caller":"logger/logger.go:116","msg":"Worker health check failed","worker":"speech","error":"rpc error: code = DeadlineExceeded desc = context deadline exceeded"}
{"level":"info","ts":1782586372.5805204,"caller":"logger/logger.go:106","msg":"Health check completed","vision":"HEALTHY","ocr":"HEALTHY","speech":"UNHEALTHY"}
{"level":"info","ts":1782586372.6163876,"caller":"logger/logger.go:106","msg":"Request served","request_id":"7573d7bc1a38e977","status":200,"method":"GET","path":"/metrics","ip":"[IP-DISAMARKAN]","latency":0.002926277}
{"level":"info","ts":1782586375.227329,"caller":"logger/logger.go:156","msg":"Experiment infer completed","request_id":"req-B1-treatment-run1-5-6-1782586349932-fnwk8svl","request_id":"req-B1-treatment-run1-5-6-1782586349932-fnwk8svl","scenario":"B1","condition":"treatment","run":1,"category":"full","latency_ms":25286}
{"level":"info","ts":1782586375.2273834,"caller":"logger/logger.go:106","msg":"Request served","request_id":"req-B1-treatment-run1-5-6-1782586349932-fnwk8svl","status":200,"method":"POST","path":"/api/v1/infer","ip":"[IP-DISAMARKAN]","latency":25.290312811}
{"level":"info","ts":1782586377.6138606,"caller":"logger/logger.go:106","msg":"Request served","request_id":"277b53b63806ea40","status":200,"method":"GET","path":"/metrics","ip":"[IP-DISAMARKAN]","latency":0.001043273}
{"level":"info","ts":1782586380.4179587,"caller":"logger/logger.go:156","msg":"Experiment infer completed","request_id":"req-B1-treatment-run1-1-16-1782586355333-3epct54f","request_id":"req-B1-treatment-run1-1-16-1782586355333-3epct54f","scenario":"B1","condition":"treatment","run":1,"category":"full","latency_ms":25079}
{"level":"info","ts":1782586380.418169,"caller":"logger/logger.go:106","msg":"Request served","request_id":"req-B1-treatment-run1-1-16-1782586355333-3epct54f","status":200,"method":"POST","path":"/api/v1/infer","ip":"[IP-DISAMARKAN]","latency":25.082509777}
{"level":"error","ts":1782586382.545197,"caller":"logger/logger.go:121","msg":"Server error","request_id":"c9972f0d56ff78a3","status":503,"method":"GET","path":"/api/v1/health","ip":"::1","latency":5.011340456,"error":"","stacktrace":"temandifa-backend/internal/logger.Error\n\t/app/internal/logger/logger.go:121\nmain.NewHTTPServer.RequestLogger.func5\n\t/app/internal/middleware/request_logger.go:44\ngithub.com/gin-gonic/gin.(*Context).Next\n\t/go/pkg/mod/github.com/gin-gonic/gin@v1.11.0/context.go:192\nmain.NewHTTPServer.VersionMiddleware.func4\n\t/app/internal/middleware/versioning.go:35\ngithub.com/gin-gonic/gin.(*Context).Next\n\t/go/pkg/mod/github.com/gin-gonic/gin@v1.11.0/context.go:192\nmain.NewHTTPServer.RequestID.func3\n\t/app/internal/middleware/request_id.go:34\ngithub.com/gin-gonic/gin.(*Context).Next\n\t/go/pkg/mod/github.com/gin-gonic/gin@v1.11.0/context.go:192\nmain.NewHTTPServer.MaxBodySize.func2\n\t/app/internal/middleware/security.go:52\ngithub.com/gin-gonic/gin.(*Context).Next\n\t/go/pkg/mod/github.com/gin-gonic/gin@v1.11.0/context.go:192\nmain.NewHTTPServer.SecurityHeaders.func1\n\t/app/internal/middleware/security.go:36\ngithub.com/gin-gonic/gin.(*Context).Next\n\t/go/pkg/mod/github.com/gin-gonic/gin@v1.11.0/context.go:192\ngithub.com/gin-gonic/gin.(*Engine).handleHTTPRequest\n\t/go/pkg/mod/github.com/gin-gonic/gin@v1.11.0/gin.go:689\ngithub.com/gin-gonic/gin.(*Engine).ServeHTTP\n\t/go/pkg/mod/github.com/gin-gonic/gin@v1.11.0/gin.go:643\nnet/http.serverHandler.ServeHTTP\n\t/usr/local/go/src/net/http/server.go:3340\nnet/http.(*conn).serve\n\t/usr/local/go/src/net/http/server.go:2109"}
{"level":"info","ts":1782586382.6128266,"caller":"logger/logger.go:106","msg":"Request served","request_id":"f785b557497f833b","status":200,"method":"GET","path":"/metrics","ip":"[IP-DISAMARKAN]","latency":0.000961807}
{"level":"info","ts":1782586385.8165631,"caller":"logger/logger.go:156","msg":"Experiment infer completed","request_id":"req-B1-treatment-run1-3-8-1782586360633-m85gfrwj","request_id":"req-B1-treatment-run1-3-8-1782586360633-m85gfrwj","scenario":"B1","condition":"treatment","run":1,"category":"full","latency_ms":25174}
{"level":"info","ts":1782586385.8166678,"caller":"logger/logger.go:106","msg":"Request served","request_id":"req-B1-treatment-run1-3-8-1782586360633-m85gfrwj","status":200,"method":"POST","path":"/api/v1/infer","ip":"[IP-DISAMARKAN]","latency":25.17804393}
{"level":"warn","ts":1782586387.5810697,"caller":"logger/logger.go:116","msg":"Worker health check failed","worker":"speech","error":"rpc error: code = DeadlineExceeded desc = context deadline exceeded"}
{"level":"info","ts":1782586387.5814853,"caller":"logger/logger.go:106","msg":"Health check completed","vision":"HEALTHY","ocr":"HEALTHY","speech":"UNHEALTHY"}
{"level":"info","ts":1782586387.6137593,"caller":"logger/logger.go:106","msg":"Request served","request_id":"8d994d09c1a400c9","status":200,"method":"GET","path":"/metrics","ip":"[IP-DISAMARKAN]","latency":0.001102372}
{"level":"info","ts":1782586391.0289118,"caller":"logger/logger.go:156","msg":"Experiment infer completed","request_id":"req-B1-treatment-run1-2-12-1782586365818-c0fhdikz","request_id":"req-B1-treatment-run1-2-12-1782586365818-c0fhdikz","scenario":"B1","condition":"treatment","run":1,"category":"full","latency_ms":25202}
{"level":"info","ts":1782586391.0291462,"caller":"logger/logger.go:106","msg":"Request served","request_id":"req-B1-treatment-run1-2-12-1782586365818-c0fhdikz","status":200,"method":"POST","path":"/api/v1/infer","ip":"[IP-DISAMARKAN]","latency":25.207060025}
{"level":"info","ts":1782586392.6137075,"caller":"logger/logger.go:106","msg":"Request served","request_id":"c7b4153d38d7af0f","status":200,"method":"GET","path":"/metrics","ip":"[IP-DISAMARKAN]","latency":0.001038244}
{"level":"info","ts":1782586396.3148277,"caller":"logger/logger.go:156","msg":"Experiment infer completed","request_id":"req-B1-treatment-run1-4-6-1782586370931-6lykj6s2","request_id":"req-B1-treatment-run1-4-6-1782586370931-6lykj6s2","scenario":"B1","condition":"treatment","run":1,"category":"full","latency_ms":25375}
{"level":"info","ts":1782586396.3148832,"caller":"logger/logger.go:106","msg":"Request served","request_id":"req-B1-treatment-run1-4-6-1782586370931-6lykj6s2","status":200,"method":"POST","path":"/api/v1/infer","ip":"[IP-DISAMARKAN]","latency":25.378322698}
{"level":"info","ts":1782586397.6147602,"caller":"logger/logger.go:106","msg":"Request served","request_id":"99e4a47204fb7ebb","status":200,"method":"GET","path":"/metrics","ip":"[IP-DISAMARKAN]","latency":0.001298977}
{"level":"info","ts":1782586401.5252028,"caller":"logger/logger.go:156","msg":"Experiment infer completed","request_id":"req-B1-treatment-run1-5-7-1782586376228-jnux5zuo","request_id":"req-B1-treatment-run1-5-7-1782586376228-jnux5zuo","scenario":"B1","condition":"treatment","run":1,"category":"full","latency_ms":25289}
{"level":"info","ts":1782586401.525253,"caller":"logger/logger.go:106","msg":"Request served","request_id":"req-B1-treatment-run1-5-7-1782586376228-jnux5zuo","status":200,"method":"POST","path":"/api/v1/infer","ip":"[IP-DISAMARKAN]","latency":25.29298726}
{"level":"warn","ts":1782586402.5804996,"caller":"logger/logger.go:116","msg":"Worker health check failed","worker":"speech","error":"rpc error: code = DeadlineExceeded desc = context deadline exceeded"}
{"level":"info","ts":1782586402.5814056,"caller":"logger/logger.go:106","msg":"Health check completed","vision":"HEALTHY","ocr":"HEALTHY","speech":"UNHEALTHY"}
{"level":"info","ts":1782586402.614486,"caller":"logger/logger.go:106","msg":"Request served","request_id":"02885272e2b3ba3f","status":200,"method":"GET","path":"/metrics","ip":"[IP-DISAMARKAN]","latency":0.001039363}
{"level":"info","ts":1782586404.7310028,"caller":"logger/logger.go:106","msg":"Request served","request_id":"12c3a8551015687a","status":200,"method":"GET","path":"/","ip":"[IP-DISAMARKAN]","latency":0.00003609}
{"level":"info","ts":1782586406.7322528,"caller":"logger/logger.go:156","msg":"Experiment infer completed","request_id":"req-B1-treatment-run1-1-17-1782586381419-281vccd5","request_id":"req-B1-treatment-run1-1-17-1782586381419-281vccd5","scenario":"B1","condition":"treatment","run":1,"category":"full","latency_ms":25303}
{"level":"info","ts":1782586406.732372,"caller":"logger/logger.go:106","msg":"Request served","request_id":"req-B1-treatment-run1-1-17-1782586381419-281vccd5","status":200,"method":"POST","path":"/api/v1/infer","ip":"[IP-DISAMARKAN]","latency":25.308076226}
{"level":"info","ts":1782586407.614604,"caller":"logger/logger.go:106","msg":"Request served","request_id":"503e1ba69fe827c2","status":200,"method":"GET","path":"/metrics","ip":"[IP-DISAMARKAN]","latency":0.002076548}
{"level":"info","ts":1782586412.0181968,"caller":"logger/logger.go:156","msg":"Experiment infer completed","request_id":"req-B1-treatment-run1-3-9-1782586386819-8zcgbaah","request_id":"req-B1-treatment-run1-3-9-1782586386819-8zcgbaah","scenario":"B1","condition":"treatment","run":1,"category":"full","latency_ms":25190}
{"level":"info","ts":1782586412.0183127,"caller":"logger/logger.go:106","msg":"Request served","request_id":"req-B1-treatment-run1-3-9-1782586386819-8zcgbaah","status":200,"method":"POST","path":"/api/v1/infer","ip":"[IP-DISAMARKAN]","latency":25.194831673}
{"level":"info","ts":1782586412.6138709,"caller":"logger/logger.go:106","msg":"Request served","request_id":"87bc087b733c7634","status":200,"method":"GET","path":"/metrics","ip":"[IP-DISAMARKAN]","latency":0.0016113}
{"level":"info","ts":1782586414.4409316,"caller":"logger/logger.go:106","msg":"ExperimentService","event":"fault_logged","type":"fault_injected","target":"vision"}
{"level":"info","ts":1782586414.441087,"caller":"logger/logger.go:106","msg":"Request served","request_id":"9dbb85548014e5e2","status":201,"method":"POST","path":"/api/v1/experiments/fault-events","ip":"[IP-DISAMARKAN]","latency":0.007868963}
{"level":"info","ts":1782586415.4194293,"caller":"logger/logger.go:106","msg":"ExperimentService","event":"fault_logged","type":"fault_finished","target":"vision"}
{"level":"info","ts":1782586415.4195786,"caller":"logger/logger.go:106","msg":"Request served","request_id":"32fe2d492d6b2659","status":201,"method":"POST","path":"/api/v1/experiments/fault-events","ip":"[IP-DISAMARKAN]","latency":0.00479708}
{"level":"info","ts":1782586417.3342981,"caller":"logger/logger.go:156","msg":"Experiment infer completed","request_id":"req-B1-treatment-run1-2-13-1782586392031-bvq7vvaz","request_id":"req-B1-treatment-run1-2-13-1782586392031-bvq7vvaz","scenario":"B1","condition":"treatment","run":1,"category":"full","latency_ms":25292}
{"level":"info","ts":1782586417.33451,"caller":"logger/logger.go:106","msg":"Request served","request_id":"req-B1-treatment-run1-2-13-1782586392031-bvq7vvaz","status":200,"method":"POST","path":"/api/v1/infer","ip":"[IP-DISAMARKAN]","latency":25.29908428}
{"level":"info","ts":1782586417.4112344,"caller":"logger/logger.go:106","msg":"Request served","request_id":"b025683f6a54b809","status":200,"method":"GET","path":"/api/v1/health","ip":"::1","latency":4.830331996}
{"level":"info","ts":1782586417.4114716,"caller":"logger/logger.go:106","msg":"Health check completed","vision":"HEALTHY","ocr":"HEALTHY","speech":"HEALTHY"}
{"level":"info","ts":1782586417.6143389,"caller":"logger/logger.go:106","msg":"Request served","request_id":"0cab8112f32c94b3","status":200,"method":"GET","path":"/metrics","ip":"[IP-DISAMARKAN]","latency":0.001159212}
{"level":"info","ts":1782586422.6136153,"caller":"logger/logger.go:106","msg":"Request served","request_id":"9684d54543ddcf4f","status":200,"method":"GET","path":"/metrics","ip":"[IP-DISAMARKAN]","latency":0.001101902}
{"level":"info","ts":1782586422.7200642,"caller":"logger/logger.go:156","msg":"Experiment infer completed","request_id":"req-B1-treatment-run1-4-7-1782586397316-2pqzgmly","request_id":"req-B1-treatment-run1-4-7-1782586397316-2pqzgmly","scenario":"B1","condition":"treatment","run":1,"category":"full","latency_ms":25395}
{"level":"info","ts":1782586422.7201233,"caller":"logger/logger.go:106","msg":"Request served","request_id":"req-B1-treatment-run1-4-7-1782586397316-2pqzgmly","status":200,"method":"POST","path":"/api/v1/infer","ip":"[IP-DISAMARKAN]","latency":25.399907464}
{"level":"info","ts":1782586426.762984,"caller":"logger/logger.go:106","msg":"Request served","request_id":"179bcf5c5113eecb","status":200,"method":"GET","path":"/","ip":"[IP-DISAMARKAN]","latency":0.00002275}
{"level":"info","ts":1782586427.6130626,"caller":"logger/logger.go:106","msg":"Request served","request_id":"6afed45ee5362a93","status":200,"method":"GET","path":"/metrics","ip":"[IP-DISAMARKAN]","latency":0.00116007}
{"level":"info","ts":1782586427.930382,"caller":"logger/logger.go:156","msg":"Experiment infer completed","request_id":"req-B1-treatment-run1-5-8-1782586402527-7vn6o4mu","request_id":"req-B1-treatment-run1-5-8-1782586402527-7vn6o4mu","scenario":"B1","condition":"treatment","run":1,"category":"full","latency_ms":25394}
{"level":"info","ts":1782586427.9304366,"caller":"logger/logger.go:106","msg":"Request served","request_id":"req-B1-treatment-run1-5-8-1782586402527-7vn6o4mu","status":200,"method":"POST","path":"/api/v1/infer","ip":"[IP-DISAMARKAN]","latency":25.39774459}
{"level":"warn","ts":1782586431.115198,"caller":"logger/logger.go:116","msg":"Client error","request_id":"1eba87fb78fac544","status":404,"method":"GET","path":"/favicon.ico","ip":"[IP-DISAMARKAN]","latency":0.00000121,"error":""}
{"level":"warn","ts":1782586432.5804217,"caller":"logger/logger.go:116","msg":"Worker health check failed","worker":"speech","error":"rpc error: code = DeadlineExceeded desc = context deadline exceeded"}
{"level":"warn","ts":1782586432.5804336,"caller":"logger/logger.go:116","msg":"Worker health check failed","worker":"vision","error":"rpc error: code = DeadlineExceeded desc = context deadline exceeded while waiting for connections to become ready"}
{"level":"info","ts":1782586432.580706,"caller":"logger/logger.go:106","msg":"Health check completed","vision":"UNHEALTHY","ocr":"HEALTHY","speech":"UNHEALTHY"}
{"level":"info","ts":1782586432.6137397,"caller":"logger/logger.go:106","msg":"Request served","request_id":"808f0f6c57779def","status":200,"method":"GET","path":"/metrics","ip":"[IP-DISAMARKAN]","latency":0.00085473}
{"level":"info","ts":1782586433.1205266,"caller":"logger/logger.go:156","msg":"Experiment infer completed","request_id":"req-B1-treatment-run1-1-18-1782586407735-12xhowxz","request_id":"req-B1-treatment-run1-1-18-1782586407735-12xhowxz","scenario":"B1","condition":"treatment","run":1,"category":"full","latency_ms":25379}
{"level":"info","ts":1782586433.120579,"caller":"logger/logger.go:106","msg":"Request served","request_id":"req-B1-treatment-run1-1-18-1782586407735-12xhowxz","status":200,"method":"POST","path":"/api/v1/infer","ip":"[IP-DISAMARKAN]","latency":25.382472251}
{"level":"info","ts":1782586437.613565,"caller":"logger/logger.go:106","msg":"Request served","request_id":"04d9fcf4571c71fa","status":200,"method":"GET","path":"/metrics","ip":"[IP-DISAMARKAN]","latency":0.000887268}
{"level":"info","ts":1782586438.4217503,"caller":"logger/logger.go:156","msg":"Experiment infer completed","request_id":"req-B1-treatment-run1-3-10-1782586413020-ynx3sadv","request_id":"req-B1-treatment-run1-3-10-1782586413020-ynx3sadv","scenario":"B1","condition":"treatment","run":1,"category":"full","latency_ms":25391}
{"level":"info","ts":1782586438.421818,"caller":"logger/logger.go:106","msg":"Request served","request_id":"req-B1-treatment-run1-3-10-1782586413020-ynx3sadv","status":200,"method":"POST","path":"/api/v1/infer","ip":"[IP-DISAMARKAN]","latency":25.395650664}
{"level":"error","ts":1782586438.4230573,"caller":"logger/logger.go:121","msg":"AI Worker gRPC failed","code":"Unavailable","message":"connection error: desc = \"transport: Error while dialing: dial tcp [IP-DISAMARKAN]:50051: i/o timeout\"","stacktrace":"temandifa-backend/internal/logger.Error\n\t/app/internal/logger/logger.go:121\ntemandifa-backend/internal/services.(*aiService).handleError\n\t/app/internal/services/ai_service.go:387\ntemandifa-backend/internal/services.(*aiService).DetectObjects.func1\n\t/app/internal/services/ai_service.go:169\ntemandifa-backend/internal/services.(*aiService).DetectObjects\n\t/app/internal/services/ai_service.go:199\ntemandifa-backend/internal/handlers.(*ExperimentHandler).callWorkersConcurrent.func1\n\t/app/internal/handlers/experiment_handler.go:577"}
{"level":"error","ts":1782586438.4292183,"caller":"logger/logger.go:121","msg":"AI Worker gRPC failed","code":"Unavailable","message":"connection error: desc = \"transport: Error while dialing: dial tcp [IP-DISAMARKAN]:50051: i/o timeout\"","stacktrace":"temandifa-backend/internal/logger.Error\n\t/app/internal/logger/logger.go:121\ntemandifa-backend/internal/services.(*aiService).handleError\n\t/app/internal/services/ai_service.go:387\ntemandifa-backend/internal/services.(*aiService).DetectObjects.func1\n\t/app/internal/services/ai_service.go:169\ntemandifa-backend/internal/services.(*aiService).DetectObjects\n\t/app/internal/services/ai_service.go:199\ntemandifa-backend/internal/handlers.(*ExperimentHandler).callWorkersConcurrent.func1\n\t/app/internal/handlers/experiment_handler.go:577"}
{"level":"error","ts":1782586438.4383295,"caller":"logger/logger.go:121","msg":"AI Worker gRPC failed","code":"Unavailable","message":"connection error: desc = \"transport: Error while dialing: dial tcp [IP-DISAMARKAN]:50051: i/o timeout\"","stacktrace":"temandifa-backend/internal/logger.Error\n\t/app/internal/logger/logger.go:121\ntemandifa-backend/internal/services.(*aiService).handleError\n\t/app/internal/services/ai_service.go:387\ntemandifa-backend/internal/services.(*aiService).DetectObjects.func1\n\t/app/internal/services/ai_service.go:169\ntemandifa-backend/internal/services.(*aiService).DetectObjects\n\t/app/internal/services/ai_service.go:199\ntemandifa-backend/internal/handlers.(*ExperimentHandler).callWorkersConcurrent.func1\n\t/app/internal/handlers/experiment_handler.go:577"}
{"level":"error","ts":1782586438.455546,"caller":"logger/logger.go:121","msg":"AI Worker gRPC failed","code":"Unavailable","message":"connection error: desc = \"transport: Error while dialing: dial tcp [IP-DISAMARKAN]:50051: i/o timeout\"","stacktrace":"temandifa-backend/internal/logger.Error\n\t/app/internal/logger/logger.go:121\ntemandifa-backend/internal/services.(*aiService).handleError\n\t/app/internal/services/ai_service.go:387\ntemandifa-backend/internal/services.(*aiService).DetectObjects.func1\n\t/app/internal/services/ai_service.go:169\ntemandifa-backend/internal/services.(*aiService).DetectObjects\n\t/app/internal/services/ai_service.go:199\ntemandifa-backend/internal/handlers.(*ExperimentHandler).callWorkersConcurrent.func1\n\t/app/internal/handlers/experiment_handler.go:577"}
{"level":"warn","ts":1782586438.455623,"caller":"logger/logger.go:116","msg":"Circuit breaker transitioning to OPEN","name":"vision","failures":5}
{"level":"info","ts":1782586442.614487,"caller":"logger/logger.go:106","msg":"Request served","request_id":"6295d3ee44a1d682","status":200,"method":"GET","path":"/metrics","ip":"[IP-DISAMARKAN]","latency":0.001108173}
{"level":"warn","ts":1782586442.6958756,"caller":"logger/logger.go:116","msg":"Worker health check failed","worker":"vision","error":"rpc error: code = Unavailable desc = connection error: desc = \"transport: Error while dialing: dial tcp [IP-DISAMARKAN]:50051: i/o timeout\""}
{"level":"info","ts":1782586444.0188088,"caller":"logger/logger.go:156","msg":"Experiment infer completed","request_id":"req-B1-treatment-run1-2-14-1782586418336-ry7k8v9k","request_id":"req-B1-treatment-run1-2-14-1782586418336-ry7k8v9k","scenario":"B1","condition":"treatment","run":1,"category":"partial","latency_ms":25676}
{"level":"info","ts":1782586444.018861,"caller":"logger/logger.go:106","msg":"Request served","request_id":"req-B1-treatment-run1-2-14-1782586418336-ry7k8v9k","status":200,"method":"POST","path":"/api/v1/infer","ip":"[IP-DISAMARKAN]","latency":25.67938101}
{"level":"warn","ts":1782586447.4741967,"caller":"logger/logger.go:116","msg":"AI worker health check failed","worker":"vision-worker","error":"Get \"http://vision-worker:8001/health\": dial tcp: lookup vision-worker on 127.0.0.11:53: server misbehaving"}
{"level":"warn","ts":1782586447.58036,"caller":"logger/logger.go:116","msg":"Worker health check failed","worker":"speech","error":"rpc error: code = DeadlineExceeded desc = context deadline exceeded"}
{"level":"info","ts":1782586447.5807097,"caller":"logger/logger.go:106","msg":"Health check completed","vision":"UNHEALTHY","ocr":"HEALTHY","speech":"UNHEALTHY"}
{"level":"info","ts":1782586447.6132503,"caller":"logger/logger.go:106","msg":"Request served","request_id":"1244bd1709683c35","status":200,"method":"GET","path":"/metrics","ip":"[IP-DISAMARKAN]","latency":0.001007865}
{"level":"info","ts":1782586449.3177621,"caller":"logger/logger.go:156","msg":"Experiment infer completed","request_id":"req-B1-treatment-run1-4-8-1782586423722-lab6o71x","request_id":"req-B1-treatment-run1-4-8-1782586423722-lab6o71x","scenario":"B1","condition":"treatment","run":1,"category":"partial","latency_ms":25586}
{"level":"info","ts":1782586449.3178177,"caller":"logger/logger.go:106","msg":"Request served","request_id":"req-B1-treatment-run1-4-8-1782586423722-lab6o71x","status":200,"method":"POST","path":"/api/v1/infer","ip":"[IP-DISAMARKAN]","latency":25.590944058}
{"level":"error","ts":1782586452.5122497,"caller":"logger/logger.go:121","msg":"Server error","request_id":"31dfbfef4ea43e3a","status":503,"method":"GET","path":"/api/v1/health","ip":"::1","latency":5.04048837,"error":"","stacktrace":"temandifa-backend/internal/logger.Error\n\t/app/internal/logger/logger.go:121\nmain.NewHTTPServer.RequestLogger.func5\n\t/app/internal/middleware/request_logger.go:44\ngithub.com/gin-gonic/gin.(*Context).Next\n\t/go/pkg/mod/github.com/gin-gonic/gin@v1.11.0/context.go:192\nmain.NewHTTPServer.VersionMiddleware.func4\n\t/app/internal/middleware/versioning.go:35\ngithub.com/gin-gonic/gin.(*Context).Next\n\t/go/pkg/mod/github.com/gin-gonic/gin@v1.11.0/context.go:192\nmain.NewHTTPServer.RequestID.func3\n\t/app/internal/middleware/request_id.go:34\ngithub.com/gin-gonic/gin.(*Context).Next\n\t/go/pkg/mod/github.com/gin-gonic/gin@v1.11.0/context.go:192\nmain.NewHTTPServer.MaxBodySize.func2\n\t/app/internal/middleware/security.go:52\ngithub.com/gin-gonic/gin.(*Context).Next\n\t/go/pkg/mod/github.com/gin-gonic/gin@v1.11.0/context.go:192\nmain.NewHTTPServer.SecurityHeaders.func1\n\t/app/internal/middleware/security.go:36\ngithub.com/gin-gonic/gin.(*Context).Next\n\t/go/pkg/mod/github.com/gin-gonic/gin@v1.11.0/context.go:192\ngithub.com/gin-gonic/gin.(*Engine).handleHTTPRequest\n\t/go/pkg/mod/github.com/gin-gonic/gin@v1.11.0/gin.go:689\ngithub.com/gin-gonic/gin.(*Engine).ServeHTTP\n\t/go/pkg/mod/github.com/gin-gonic/gin@v1.11.0/gin.go:643\nnet/http.serverHandler.ServeHTTP\n\t/usr/local/go/src/net/http/server.go:3340\nnet/http.(*conn).serve\n\t/usr/local/go/src/net/http/server.go:2109"}
{"level":"info","ts":1782586452.6146224,"caller":"logger/logger.go:106","msg":"Request served","request_id":"1e5109c0687a41e8","status":200,"method":"GET","path":"/metrics","ip":"[IP-DISAMARKAN]","latency":0.001273308}
{"level":"info","ts":1782586454.5259573,"caller":"logger/logger.go:156","msg":"Experiment infer completed","request_id":"req-B1-treatment-run1-5-9-1782586428932-6r8v2anr","request_id":"req-B1-treatment-run1-5-9-1782586428932-6r8v2anr","scenario":"B1","condition":"treatment","run":1,"category":"partial","latency_ms":25587}
{"level":"info","ts":1782586454.5260096,"caller":"logger/logger.go:106","msg":"Request served","request_id":"req-B1-treatment-run1-5-9-1782586428932-6r8v2anr","status":200,"method":"POST","path":"/api/v1/infer","ip":"[IP-DISAMARKAN]","latency":25.589760978}
{"level":"info","ts":1782586457.6146848,"caller":"logger/logger.go:106","msg":"Request served","request_id":"d3092e5245bb1a43","status":200,"method":"GET","path":"/metrics","ip":"[IP-DISAMARKAN]","latency":0.001302136}
{"level":"warn","ts":1782586457.6962783,"caller":"logger/logger.go:116","msg":"Worker health check failed","worker":"vision","error":"rpc error: code = Unavailable desc = name resolver error: dns: A record lookup error: lookup vision-worker on 127.0.0.11:53: server misbehaving"}
{"level":"info","ts":1782586459.8271298,"caller":"logger/logger.go:156","msg":"Experiment infer completed","request_id":"req-B1-treatment-run1-1-19-1782586434121-jy4k7wus","request_id":"req-B1-treatment-run1-1-19-1782586434121-jy4k7wus","scenario":"B1","condition":"treatment","run":1,"category":"partial","latency_ms":25697}
{"level":"info","ts":1782586459.827186,"caller":"logger/logger.go:106","msg":"Request served","request_id":"req-B1-treatment-run1-1-19-1782586434121-jy4k7wus","status":200,"method":"POST","path":"/api/v1/infer","ip":"[IP-DISAMARKAN]","latency":25.700635249}
{"level":"warn","ts":1782586462.5803983,"caller":"logger/logger.go:116","msg":"Worker health check failed","worker":"speech","error":"rpc error: code = DeadlineExceeded desc = context deadline exceeded"}
{"level":"info","ts":1782586462.5808253,"caller":"logger/logger.go:106","msg":"Health check completed","vision":"UNHEALTHY","ocr":"HEALTHY","speech":"UNHEALTHY"}
{"level":"info","ts":1782586462.613262,"caller":"logger/logger.go:106","msg":"Request served","request_id":"d3eeab295a58b018","status":200,"method":"GET","path":"/metrics","ip":"[IP-DISAMARKAN]","latency":0.001095903}
{"level":"info","ts":1782586465.1157346,"caller":"logger/logger.go:156","msg":"Experiment infer completed","request_id":"req-B1-treatment-run1-3-11-1782586439424-j2hjqt96","request_id":"req-B1-treatment-run1-3-11-1782586439424-j2hjqt96","scenario":"B1","condition":"treatment","run":1,"category":"partial","latency_ms":25681}
{"level":"info","ts":1782586465.1157992,"caller":"logger/logger.go:106","msg":"Request served","request_id":"req-B1-treatment-run1-3-11-1782586439424-j2hjqt96","status":200,"method":"POST","path":"/api/v1/infer","ip":"[IP-DISAMARKAN]","latency":25.68652336}
{"level":"info","ts":1782586465.8801122,"caller":"logger/logger.go:106","msg":"Request served","request_id":"8bff32bd57e1cc36","status":200,"method":"GET","path":"/","ip":"[IP-DISAMARKAN]","latency":0.000021}
{"level":"info","ts":1782586467.6137218,"caller":"logger/logger.go:106","msg":"Request served","request_id":"155489e28d1dfb44","status":200,"method":"GET","path":"/metrics","ip":"[IP-DISAMARKAN]","latency":0.001247938}
{"level":"info","ts":1782586470.415585,"caller":"logger/logger.go:156","msg":"Experiment infer completed","request_id":"req-B1-treatment-run1-2-15-1782586445021-c7jugiws","request_id":"req-B1-treatment-run1-2-15-1782586445021-c7jugiws","scenario":"B1","condition":"treatment","run":1,"category":"partial","latency_ms":25386}
{"level":"info","ts":1782586470.415635,"caller":"logger/logger.go:106","msg":"Request served","request_id":"req-B1-treatment-run1-2-15-1782586445021-c7jugiws","status":200,"method":"POST","path":"/api/v1/infer","ip":"[IP-DISAMARKAN]","latency":25.389319851}
{"level":"info","ts":1782586471.427109,"caller":"logger/logger.go:106","msg":"Circuit breaker transitioning to HALF_OPEN","name":"vision"}
{"level":"error","ts":1782586471.5126493,"caller":"logger/logger.go:121","msg":"AI Worker gRPC failed","code":"Unavailable","message":"connection error: desc = \"transport: Error while dialing: dial tcp [IP-DISAMARKAN]:50051: connect: no route to host\"","stacktrace":"temandifa-backend/internal/logger.Error\n\t/app/internal/logger/logger.go:121\ntemandifa-backend/internal/services.(*aiService).handleError\n\t/app/internal/services/ai_service.go:387\ntemandifa-backend/internal/services.(*aiService).DetectObjects.func1\n\t/app/internal/services/ai_service.go:169\ntemandifa-backend/internal/services.(*aiService).DetectObjects\n\t/app/internal/services/ai_service.go:199\ntemandifa-backend/internal/handlers.(*ExperimentHandler).callWorkersConcurrent.func1\n\t/app/internal/handlers/experiment_handler.go:577"}
{"level":"warn","ts":1782586471.5127137,"caller":"logger/logger.go:116","msg":"Circuit breaker transitioning back to OPEN from HALF_OPEN","name":"vision"}
{"level":"info","ts":1782586472.613228,"caller":"logger/logger.go:106","msg":"Request served","request_id":"cd772c0465ccb15f","status":200,"method":"GET","path":"/metrics","ip":"[IP-DISAMARKAN]","latency":0.001123532}
{"level":"warn","ts":1782586472.700475,"caller":"logger/logger.go:116","msg":"Worker health check failed","worker":"vision","error":"rpc error: code = Unavailable desc = name resolver error: dns: A record lookup error: lookup vision-worker on 127.0.0.11:53: server misbehaving"}
{"level":"warn","ts":1782586474.1589222,"caller":"logger/logger.go:116","msg":"Client error","request_id":"9043566f12008baf","status":404,"method":"GET","path":"/sitemap.xml","ip":"[IP-DISAMARKAN]","latency":0.00000129,"error":""}
{"level":"info","ts":1782586475.8211646,"caller":"logger/logger.go:156","msg":"Experiment infer completed","request_id":"req-B1-treatment-run1-4-9-1782586450320-w4zm8bfk","request_id":"req-B1-treatment-run1-4-9-1782586450320-w4zm8bfk","scenario":"B1","condition":"treatment","run":1,"category":"partial","latency_ms":25491}
{"level":"info","ts":1782586475.8212163,"caller":"logger/logger.go:106","msg":"Request served","request_id":"req-B1-treatment-run1-4-9-1782586450320-w4zm8bfk","status":200,"method":"POST","path":"/api/v1/infer","ip":"[IP-DISAMARKAN]","latency":25.496839626}
{"level":"warn","ts":1782586477.5815105,"caller":"logger/logger.go:116","msg":"Worker health check failed","worker":"speech","error":"rpc error: code = DeadlineExceeded desc = context deadline exceeded"}
{"level":"info","ts":1782586477.5817943,"caller":"logger/logger.go:106","msg":"Health check completed","vision":"UNHEALTHY","ocr":"HEALTHY","speech":"UNHEALTHY"}
{"level":"info","ts":1782586477.6157708,"caller":"logger/logger.go:106","msg":"Request served","request_id":"e36f95cb2e0498f8","status":200,"method":"GET","path":"/metrics","ip":"[IP-DISAMARKAN]","latency":0.003361576}
{"level":"info","ts":1782586481.127452,"caller":"logger/logger.go:156","msg":"Experiment infer completed","request_id":"req-B1-treatment-run1-5-10-1782586455528-oo0wojyz","request_id":"req-B1-treatment-run1-5-10-1782586455528-oo0wojyz","scenario":"B1","condition":"treatment","run":1,"category":"partial","latency_ms":25592}
{"level":"info","ts":1782586481.1275113,"caller":"logger/logger.go:106","msg":"Request served","request_id":"req-B1-treatment-run1-5-10-1782586455528-oo0wojyz","status":200,"method":"POST","path":"/api/v1/infer","ip":"[IP-DISAMARKAN]","latency":25.594997183}
{"level":"warn","ts":1782586482.5422416,"caller":"logger/logger.go:116","msg":"AI worker health check failed","worker":"vision-worker","error":"Get \"http://vision-worker:8001/health\": dial tcp: lookup vision-worker on 127.0.0.11:53: server misbehaving"}
{"level":"info","ts":1782586482.6144345,"caller":"logger/logger.go:106","msg":"Request served","request_id":"905df0ca66c1c334","status":200,"method":"GET","path":"/metrics","ip":"[IP-DISAMARKAN]","latency":0.002468398}
{"level":"info","ts":1782586486.3303554,"caller":"logger/logger.go:156","msg":"Experiment infer completed","request_id":"req-B1-treatment-run1-1-20-1782586460829-p8kw4kpr","request_id":"req-B1-treatment-run1-1-20-1782586460829-p8kw4kpr","scenario":"B1","condition":"treatment","run":1,"category":"partial","latency_ms":25491}
{"level":"info","ts":1782586486.3304052,"caller":"logger/logger.go:106","msg":"Request served","request_id":"req-B1-treatment-run1-1-20-1782586460829-p8kw4kpr","status":200,"method":"POST","path":"/api/v1/infer","ip":"[IP-DISAMARKAN]","latency":25.496904251}
{"level":"info","ts":1782586487.614553,"caller":"logger/logger.go:106","msg":"Request served","request_id":"c0e1ae561d1a2544","status":200,"method":"GET","path":"/metrics","ip":"[IP-DISAMARKAN]","latency":0.001161962}
{"level":"error","ts":1782586487.6162872,"caller":"logger/logger.go:121","msg":"Server error","request_id":"818471990c4c9385","status":503,"method":"GET","path":"/api/v1/health","ip":"::1","latency":5.080084229,"error":"","stacktrace":"temandifa-backend/internal/logger.Error\n\t/app/internal/logger/logger.go:121\nmain.NewHTTPServer.RequestLogger.func5\n\t/app/internal/middleware/request_logger.go:44\ngithub.com/gin-gonic/gin.(*Context).Next\n\t/go/pkg/mod/github.com/gin-gonic/gin@v1.11.0/context.go:192\nmain.NewHTTPServer.VersionMiddleware.func4\n\t/app/internal/middleware/versioning.go:35\ngithub.com/gin-gonic/gin.(*Context).Next\n\t/go/pkg/mod/github.com/gin-gonic/gin@v1.11.0/context.go:192\nmain.NewHTTPServer.RequestID.func3\n\t/app/internal/middleware/request_id.go:34\ngithub.com/gin-gonic/gin.(*Context).Next\n\t/go/pkg/mod/github.com/gin-gonic/gin@v1.11.0/context.go:192\nmain.NewHTTPServer.MaxBodySize.func2\n\t/app/internal/middleware/security.go:52\ngithub.com/gin-gonic/gin.(*Context).Next\n\t/go/pkg/mod/github.com/gin-gonic/gin@v1.11.0/context.go:192\nmain.NewHTTPServer.SecurityHeaders.func1\n\t/app/internal/middleware/security.go:36\ngithub.com/gin-gonic/gin.(*Context).Next\n\t/go/pkg/mod/github.com/gin-gonic/gin@v1.11.0/context.go:192\ngithub.com/gin-gonic/gin.(*Engine).handleHTTPRequest\n\t/go/pkg/mod/github.com/gin-gonic/gin@v1.11.0/gin.go:689\ngithub.com/gin-gonic/gin.(*Engine).ServeHTTP\n\t/go/pkg/mod/github.com/gin-gonic/gin@v1.11.0/gin.go:643\nnet/http.serverHandler.ServeHTTP\n\t/usr/local/go/src/net/http/server.go:3340\nnet/http.(*conn).serve\n\t/usr/local/go/src/net/http/server.go:2109"}
{"level":"warn","ts":1782586487.6896892,"caller":"logger/logger.go:116","msg":"Worker health check failed","worker":"vision","error":"rpc error: code = Unavailable desc = name resolver error: dns: A record lookup error: lookup vision-worker on 127.0.0.11:53: server misbehaving"}
{"level":"info","ts":1782586491.5296407,"caller":"logger/logger.go:156","msg":"Experiment infer completed","request_id":"req-B1-treatment-run1-3-12-1782586466118-55ncc5uj","request_id":"req-B1-treatment-run1-3-12-1782586466118-55ncc5uj","scenario":"B1","condition":"treatment","run":1,"category":"partial","latency_ms":25401}
{"level":"info","ts":1782586491.5296993,"caller":"logger/logger.go:106","msg":"Request served","request_id":"req-B1-treatment-run1-3-12-1782586466118-55ncc5uj","status":200,"method":"POST","path":"/api/v1/infer","ip":"[IP-DISAMARKAN]","latency":25.405495053}
{"level":"warn","ts":1782586492.5808349,"caller":"logger/logger.go:116","msg":"Worker health check failed","worker":"speech","error":"rpc error: code = DeadlineExceeded desc = context deadline exceeded"}
{"level":"info","ts":1782586492.5812166,"caller":"logger/logger.go:106","msg":"Health check completed","vision":"UNHEALTHY","ocr":"HEALTHY","speech":"UNHEALTHY"}
{"level":"info","ts":1782586492.612739,"caller":"logger/logger.go:106","msg":"Request served","request_id":"fa30583fd9f85a14","status":200,"method":"GET","path":"/metrics","ip":"[IP-DISAMARKAN]","latency":0.000863268}
{"level":"info","ts":1782586496.8161714,"caller":"logger/logger.go:156","msg":"Experiment infer completed","request_id":"req-B1-treatment-run1-2-16-1782586471418-lem5jwig","request_id":"req-B1-treatment-run1-2-16-1782586471418-lem5jwig","scenario":"B1","condition":"treatment","run":1,"category":"partial","latency_ms":25389}
{"level":"info","ts":1782586496.8163846,"caller":"logger/logger.go:106","msg":"Request served","request_id":"req-B1-treatment-run1-2-16-1782586471418-lem5jwig","status":200,"method":"POST","path":"/api/v1/infer","ip":"[IP-DISAMARKAN]","latency":25.393044305}
{"level":"warn","ts":1782586496.8189268,"caller":"logger/logger.go:116","msg":"Client error","request_id":"dcdfd253a0ca2316","status":404,"method":"GET","path":"/sitemap.xml","ip":"[IP-DISAMARKAN]","latency":0.00000086,"error":""}
{"level":"info","ts":1782586497.6144848,"caller":"logger/logger.go:106","msg":"Request served","request_id":"2422a8671d23beb9","status":200,"method":"GET","path":"/metrics","ip":"[IP-DISAMARKAN]","latency":0.002439399}
{"level":"info","ts":1782586502.1173515,"caller":"logger/logger.go:156","msg":"Experiment infer completed","request_id":"req-B1-treatment-run1-4-10-1782586476822-2q54kspp","request_id":"req-B1-treatment-run1-4-10-1782586476822-2q54kspp","scenario":"B1","condition":"treatment","run":1,"category":"partial","latency_ms":25286}
{"level":"info","ts":1782586502.117404,"caller":"logger/logger.go:106","msg":"Request served","request_id":"req-B1-treatment-run1-4-10-1782586476822-2q54kspp","status":200,"method":"POST","path":"/api/v1/infer","ip":"[IP-DISAMARKAN]","latency":25.288832275}
{"level":"info","ts":1782586502.6132011,"caller":"logger/logger.go:106","msg":"Request served","request_id":"93f3567dc2ea4073","status":200,"method":"GET","path":"/metrics","ip":"[IP-DISAMARKAN]","latency":0.000767421}
{"level":"warn","ts":1782586502.683964,"caller":"logger/logger.go:116","msg":"Worker health check failed","worker":"vision","error":"rpc error: code = Unavailable desc = connection error: desc = \"transport: Error while dialing: dial tcp [IP-DISAMARKAN]:50051: connect: no route to host\""}
{"level":"info","ts":1782586503.126444,"caller":"logger/logger.go:106","msg":"Circuit breaker transitioning to HALF_OPEN","name":"vision"}
{"level":"error","ts":1782586503.241039,"caller":"logger/logger.go:121","msg":"AI Worker gRPC failed","code":"Unavailable","message":"connection error: desc = \"transport: Error while dialing: dial tcp [IP-DISAMARKAN]:50051: connect: no route to host\"","stacktrace":"temandifa-backend/internal/logger.Error\n\t/app/internal/logger/logger.go:121\ntemandifa-backend/internal/services.(*aiService).handleError\n\t/app/internal/services/ai_service.go:387\ntemandifa-backend/internal/services.(*aiService).DetectObjects.func1\n\t/app/internal/services/ai_service.go:169\ntemandifa-backend/internal/services.(*aiService).DetectObjects\n\t/app/internal/services/ai_service.go:199\ntemandifa-backend/internal/handlers.(*ExperimentHandler).callWorkersConcurrent.func1\n\t/app/internal/handlers/experiment_handler.go:577"}
{"level":"warn","ts":1782586503.2412293,"caller":"logger/logger.go:116","msg":"Circuit breaker transitioning back to OPEN from HALF_OPEN","name":"vision"}
{"level":"info","ts":1782586503.2869158,"caller":"logger/logger.go:106","msg":"Request served","request_id":"d8cc5763f8d2525b","status":200,"method":"GET","path":"/","ip":"[IP-DISAMARKAN]","latency":0.00002019}
{"level":"info","ts":1782586507.5268228,"caller":"logger/logger.go:156","msg":"Experiment infer completed","request_id":"req-B1-treatment-run1-5-11-1782586482128-m2jlv9l7","request_id":"req-B1-treatment-run1-5-11-1782586482128-m2jlv9l7","scenario":"B1","condition":"treatment","run":1,"category":"partial","latency_ms":25391}
{"level":"info","ts":1782586507.5268757,"caller":"logger/logger.go:106","msg":"Request served","request_id":"req-B1-treatment-run1-5-11-1782586482128-m2jlv9l7","status":200,"method":"POST","path":"/api/v1/infer","ip":"[IP-DISAMARKAN]","latency":25.394300763}
{"level":"info","ts":1782586507.5287106,"caller":"logger/logger.go:106","msg":"Health check completed","vision":"UNHEALTHY","ocr":"HEALTHY","speech":"HEALTHY"}
{"level":"info","ts":1782586507.614174,"caller":"logger/logger.go:106","msg":"Request served","request_id":"d83eea59267500dd","status":200,"method":"GET","path":"/metrics","ip":"[IP-DISAMARKAN]","latency":0.001352066}
{"level":"info","ts":1782586512.6137764,"caller":"logger/logger.go:106","msg":"Request served","request_id":"2353a02f4e7c3c6c","status":200,"method":"GET","path":"/metrics","ip":"[IP-DISAMARKAN]","latency":0.00118311}
{"level":"info","ts":1782586512.7264912,"caller":"logger/logger.go:156","msg":"Experiment infer completed","request_id":"req-B1-treatment-run1-1-21-1782586487333-edyvezll","request_id":"req-B1-treatment-run1-1-21-1782586487333-edyvezll","scenario":"B1","condition":"treatment","run":1,"category":"partial","latency_ms":25387}
{"level":"info","ts":1782586512.726545,"caller":"logger/logger.go:106","msg":"Request served","request_id":"req-B1-treatment-run1-1-21-1782586487333-edyvezll","status":200,"method":"POST","path":"/api/v1/infer","ip":"[IP-DISAMARKAN]","latency":25.390175875}
{"level":"warn","ts":1782586517.5882292,"caller":"logger/logger.go:116","msg":"AI worker health check failed","worker":"vision-worker","error":"Get \"http://vision-worker:8001/health\": dial tcp: lookup vision-worker on 127.0.0.11:53: server misbehaving"}
{"level":"info","ts":1782586517.613001,"caller":"logger/logger.go:106","msg":"Request served","request_id":"6111904dcb67499d","status":200,"method":"GET","path":"/metrics","ip":"[IP-DISAMARKAN]","latency":0.001130532}
{"level":"warn","ts":1782586517.6830142,"caller":"logger/logger.go:116","msg":"Worker health check failed","worker":"vision","error":"rpc error: code = Unavailable desc = name resolver error: dns: A record lookup error: lookup vision-worker on 127.0.0.11:53: server misbehaving"}
{"level":"info","ts":1782586518.0159876,"caller":"logger/logger.go:156","msg":"Experiment infer completed","request_id":"req-B1-treatment-run1-3-13-1782586492531-hlnmaoef","request_id":"req-B1-treatment-run1-3-13-1782586492531-hlnmaoef","scenario":"B1","condition":"treatment","run":1,"category":"partial","latency_ms":25476}
{"level":"info","ts":1782586518.0161068,"caller":"logger/logger.go:106","msg":"Request served","request_id":"req-B1-treatment-run1-3-13-1782586492531-hlnmaoef","status":200,"method":"POST","path":"/api/v1/infer","ip":"[IP-DISAMARKAN]","latency":25.479107046}
{"level":"warn","ts":1782586522.5802662,"caller":"logger/logger.go:116","msg":"Worker health check failed","worker":"speech","error":"rpc error: code = DeadlineExceeded desc = context deadline exceeded"}
{"level":"info","ts":1782586522.5805368,"caller":"logger/logger.go:106","msg":"Health check completed","vision":"UNHEALTHY","ocr":"HEALTHY","speech":"UNHEALTHY"}
{"level":"error","ts":1782586522.5908647,"caller":"logger/logger.go:121","msg":"Server error","request_id":"813c1ff546b89687","status":503,"method":"GET","path":"/api/v1/health","ip":"::1","latency":5.006201008,"error":"","stacktrace":"temandifa-backend/internal/logger.Error\n\t/app/internal/logger/logger.go:121\nmain.NewHTTPServer.RequestLogger.func5\n\t/app/internal/middleware/request_logger.go:44\ngithub.com/gin-gonic/gin.(*Context).Next\n\t/go/pkg/mod/github.com/gin-gonic/gin@v1.11.0/context.go:192\nmain.NewHTTPServer.VersionMiddleware.func4\n\t/app/internal/middleware/versioning.go:35\ngithub.com/gin-gonic/gin.(*Context).Next\n\t/go/pkg/mod/github.com/gin-gonic/gin@v1.11.0/context.go:192\nmain.NewHTTPServer.RequestID.func3\n\t/app/internal/middleware/request_id.go:34\ngithub.com/gin-gonic/gin.(*Context).Next\n\t/go/pkg/mod/github.com/gin-gonic/gin@v1.11.0/context.go:192\nmain.NewHTTPServer.MaxBodySize.func2\n\t/app/internal/middleware/security.go:52\ngithub.com/gin-gonic/gin.(*Context).Next\n\t/go/pkg/mod/github.com/gin-gonic/gin@v1.11.0/context.go:192\nmain.NewHTTPServer.SecurityHeaders.func1\n\t/app/internal/middleware/security.go:36\ngithub.com/gin-gonic/gin.(*Context).Next\n\t/go/pkg/mod/github.com/gin-gonic/gin@v1.11.0/context.go:192\ngithub.com/gin-gonic/gin.(*Engine).handleHTTPRequest\n\t/go/pkg/mod/github.com/gin-gonic/gin@v1.11.0/gin.go:689\ngithub.com/gin-gonic/gin.(*Engine).ServeHTTP\n\t/go/pkg/mod/github.com/gin-gonic/gin@v1.11.0/gin.go:643\nnet/http.serverHandler.ServeHTTP\n\t/usr/local/go/src/net/http/server.go:3340\nnet/http.(*conn).serve\n\t/usr/local/go/src/net/http/server.go:2109"}
{"level":"info","ts":1782586522.6138356,"caller":"logger/logger.go:106","msg":"Request served","request_id":"c8ad38ced8f866bb","status":200,"method":"GET","path":"/metrics","ip":"[IP-DISAMARKAN]","latency":0.000990356}
{"level":"info","ts":1782586523.2347093,"caller":"logger/logger.go:156","msg":"Experiment infer completed","request_id":"req-B1-treatment-run1-2-17-1782586497819-txpnd8yz","request_id":"req-B1-treatment-run1-2-17-1782586497819-txpnd8yz","scenario":"B1","condition":"treatment","run":1,"category":"partial","latency_ms":25409}
{"level":"info","ts":1782586523.2347593,"caller":"logger/logger.go:106","msg":"Request served","request_id":"req-B1-treatment-run1-2-17-1782586497819-txpnd8yz","status":200,"method":"POST","path":"/api/v1/infer","ip":"[IP-DISAMARKAN]","latency":25.411540533}
{"level":"info","ts":1782586527.6143131,"caller":"logger/logger.go:106","msg":"Request served","request_id":"fc1f80b4d4bf501d","status":200,"method":"GET","path":"/metrics","ip":"[IP-DISAMARKAN]","latency":0.001156782}
{"level":"info","ts":1782586528.6165361,"caller":"logger/logger.go:156","msg":"Experiment infer completed","request_id":"req-B1-treatment-run1-4-11-1782586503118-bdw3zxg3","request_id":"req-B1-treatment-run1-4-11-1782586503118-bdw3zxg3","scenario":"B1","condition":"treatment","run":1,"category":"partial","latency_ms":25489}
{"level":"info","ts":1782586528.6165867,"caller":"logger/logger.go:106","msg":"Request served","request_id":"req-B1-treatment-run1-4-11-1782586503118-bdw3zxg3","status":200,"method":"POST","path":"/api/v1/infer","ip":"[IP-DISAMARKAN]","latency":25.493871951}
{"level":"info","ts":1782586532.613829,"caller":"logger/logger.go:106","msg":"Request served","request_id":"e500111e4bec023b","status":200,"method":"GET","path":"/metrics","ip":"[IP-DISAMARKAN]","latency":0.001451444}
{"level":"warn","ts":1782586532.6943882,"caller":"logger/logger.go:116","msg":"Worker health check failed","worker":"vision","error":"rpc error: code = Unavailable desc = name resolver error: dns: A record lookup error: lookup vision-worker on 127.0.0.11:53: server misbehaving"}
{"level":"info","ts":1782586533.9165413,"caller":"logger/logger.go:156","msg":"Experiment infer completed","request_id":"req-B1-treatment-run1-5-12-1782586508529-4enetml5","request_id":"req-B1-treatment-run1-5-12-1782586508529-4enetml5","scenario":"B1","condition":"treatment","run":1,"category":"partial","latency_ms":25376}
{"level":"info","ts":1782586533.916594,"caller":"logger/logger.go:106","msg":"Request served","request_id":"req-B1-treatment-run1-5-12-1782586508529-4enetml5","status":200,"method":"POST","path":"/api/v1/infer","ip":"[IP-DISAMARKAN]","latency":25.382430224}
{"level":"info","ts":1782586534.925645,"caller":"logger/logger.go:106","msg":"Circuit breaker transitioning to HALF_OPEN","name":"vision"}
{"level":"error","ts":1782586535.0229907,"caller":"logger/logger.go:121","msg":"AI Worker gRPC failed","code":"Unavailable","message":"name resolver error: dns: A record lookup error: lookup vision-worker on 127.0.0.11:53: server misbehaving","stacktrace":"temandifa-backend/internal/logger.Error\n\t/app/internal/logger/logger.go:121\ntemandifa-backend/internal/services.(*aiService).handleError\n\t/app/internal/services/ai_service.go:387\ntemandifa-backend/internal/services.(*aiService).DetectObjects.func1\n\t/app/internal/services/ai_service.go:169\ntemandifa-backend/internal/services.(*aiService).DetectObjects\n\t/app/internal/services/ai_service.go:199\ntemandifa-backend/internal/handlers.(*ExperimentHandler).callWorkersConcurrent.func1\n\t/app/internal/handlers/experiment_handler.go:577"}
{"level":"warn","ts":1782586535.0230632,"caller":"logger/logger.go:116","msg":"Circuit breaker transitioning back to OPEN from HALF_OPEN","name":"vision"}
{"level":"warn","ts":1782586537.58032,"caller":"logger/logger.go:116","msg":"Worker health check failed","worker":"speech","error":"rpc error: code = DeadlineExceeded desc = context deadline exceeded"}
{"level":"info","ts":1782586537.5805812,"caller":"logger/logger.go:106","msg":"Health check completed","vision":"UNHEALTHY","ocr":"HEALTHY","speech":"UNHEALTHY"}
{"level":"info","ts":1782586537.6153057,"caller":"logger/logger.go:106","msg":"Request served","request_id":"3859007b57cffa62","status":200,"method":"GET","path":"/metrics","ip":"[IP-DISAMARKAN]","latency":0.001901182}
{"level":"info","ts":1782586539.2252378,"caller":"logger/logger.go:156","msg":"Experiment infer completed","request_id":"req-B1-treatment-run1-1-22-1782586513728-zzyegzpx","request_id":"req-B1-treatment-run1-1-22-1782586513728-zzyegzpx","scenario":"B1","condition":"treatment","run":1,"category":"partial","latency_ms":25489}
{"level":"info","ts":1782586539.2252924,"caller":"logger/logger.go:106","msg":"Request served","request_id":"req-B1-treatment-run1-1-22-1782586513728-zzyegzpx","status":200,"method":"POST","path":"/api/v1/infer","ip":"[IP-DISAMARKAN]","latency":25.493563721}