{"level":"info","ts":1782495537.9316802,"caller":"logger/logger.go:106","msg":"Request served","request_id":"1afead96cbd342b1","status":200,"method":"POST","path":"/api/v1/infer","ip":"[IP-DISAMARKAN]","latency":5.194567207}
{"level":"info","ts":1782495542.6129138,"caller":"logger/logger.go:106","msg":"Request served","request_id":"5d477802e5b1b043","status":200,"method":"GET","path":"/metrics","ip":"[IP-DISAMARKAN]","latency":0.001049224}
{"level":"info","ts":1782495543.1304939,"caller":"logger/logger.go:156","msg":"Experiment infer completed","request_id":"8150b8cc296203c7","request_id":"req-SS-static_resilience-run1-2-0-1782495535683-y1z3699c","scenario":"SS","condition":"static_resilience","run":1,"category":"full","latency_ms":7433}
{"level":"info","ts":1782495543.130547,"caller":"logger/logger.go:106","msg":"Request served","request_id":"8150b8cc296203c7","status":200,"method":"POST","path":"/api/v1/infer","ip":"[IP-DISAMARKAN]","latency":7.436065711}
{"level":"info","ts":1782495547.614072,"caller":"logger/logger.go:106","msg":"Request served","request_id":"c9d2b75d19094c0e","status":200,"method":"GET","path":"/metrics","ip":"[IP-DISAMARKAN]","latency":0.000910957}
{"level":"info","ts":1782495548.2299535,"caller":"logger/logger.go:156","msg":"Experiment infer completed","request_id":"b837ee2ad0f73bdd","request_id":"req-SS-static_resilience-run1-1-3-1782495538933-fod1ju5l","scenario":"SS","condition":"static_resilience","run":1,"category":"full","latency_ms":9289}
{"level":"info","ts":1782495548.2300377,"caller":"logger/logger.go:106","msg":"Request served","request_id":"b837ee2ad0f73bdd","status":200,"method":"POST","path":"/api/v1/infer","ip":"[IP-DISAMARKAN]","latency":9.291948527}
{"level":"info","ts":1782495549.2103992,"caller":"logger/logger.go:106","msg":"Health check completed","vision":"HEALTHY","ocr":"HEALTHY","speech":"HEALTHY"}
{"level":"info","ts":1782495552.613683,"caller":"logger/logger.go:106","msg":"Request served","request_id":"8d9cb54e58f413b5","status":200,"method":"GET","path":"/metrics","ip":"[IP-DISAMARKAN]","latency":0.000986656}
{"level":"info","ts":1782495553.3323812,"caller":"logger/logger.go:156","msg":"Experiment infer completed","request_id":"900269d2814ec401","request_id":"req-SS-static_resilience-run1-2-1-1782495544131-gtuu6q0m","scenario":"SS","condition":"static_resilience","run":1,"category":"full","latency_ms":9191}
{"level":"info","ts":1782495553.3324342,"caller":"logger/logger.go:106","msg":"Request served","request_id":"900269d2814ec401","status":200,"method":"POST","path":"/api/v1/infer","ip":"[IP-DISAMARKAN]","latency":9.19407237}
{"level":"info","ts":1782495554.2141294,"caller":"logger/logger.go:106","msg":"Request served","request_id":"ab0de370e9ee24b7","status":200,"method":"GET","path":"/api/v1/health","ip":"[IP-DISAMARKAN]","latency":0.033648616}
{"level":"info","ts":1782495557.613506,"caller":"logger/logger.go:106","msg":"Request served","request_id":"7f9d52f3762a0184","status":200,"method":"GET","path":"/metrics","ip":"[IP-DISAMARKAN]","latency":0.001024345}
{"level":"info","ts":1782495558.5158694,"caller":"logger/logger.go:156","msg":"Experiment infer completed","request_id":"4d9988f85661bcee","request_id":"req-SS-static_resilience-run1-1-4-1782495549232-5nw14t90","scenario":"SS","condition":"static_resilience","run":1,"category":"full","latency_ms":9276}
{"level":"info","ts":1782495558.516132,"caller":"logger/logger.go:106","msg":"Request served","request_id":"4d9988f85661bcee","status":200,"method":"POST","path":"/api/v1/infer","ip":"[IP-DISAMARKAN]","latency":9.2791162}
{"level":"info","ts":1782495562.614768,"caller":"logger/logger.go:106","msg":"Request served","request_id":"151a1f803b2f30c4","status":200,"method":"GET","path":"/metrics","ip":"[IP-DISAMARKAN]","latency":0.002250544}
{"level":"info","ts":1782495563.7158628,"caller":"logger/logger.go:156","msg":"Experiment infer completed","request_id":"73f020f34e694be4","request_id":"req-SS-static_resilience-run1-3-0-1782495550683-vm84sb5d","scenario":"SS","condition":"static_resilience","run":1,"category":"full","latency_ms":13022}
{"level":"info","ts":1782495563.71594,"caller":"logger/logger.go:106","msg":"Request served","request_id":"73f020f34e694be4","status":200,"method":"POST","path":"/api/v1/infer","ip":"[IP-DISAMARKAN]","latency":13.025371201}
{"level":"info","ts":1782495564.2119427,"caller":"logger/logger.go:106","msg":"Health check completed","vision":"HEALTHY","ocr":"HEALTHY","speech":"HEALTHY"}
{"level":"info","ts":1782495567.6161382,"caller":"logger/logger.go:106","msg":"Request served","request_id":"c7b1cb0e63267788","status":200,"method":"GET","path":"/metrics","ip":"[IP-DISAMARKAN]","latency":0.003115033}
{"level":"info","ts":1782495569.0286593,"caller":"logger/logger.go:156","msg":"Experiment infer completed","request_id":"e2b0853f5e33882c","request_id":"req-SS-static_resilience-run1-2-2-1782495554333-jhuao268","scenario":"SS","condition":"static_resilience","run":1,"category":"full","latency_ms":14688}
{"level":"info","ts":1782495569.028715,"caller":"logger/logger.go:106","msg":"Request served","request_id":"e2b0853f5e33882c","status":200,"method":"POST","path":"/api/v1/infer","ip":"[IP-DISAMARKAN]","latency":14.690368625}
{"level":"info","ts":1782495572.6145585,"caller":"logger/logger.go:106","msg":"Request served","request_id":"2efb1776b29f3d31","status":200,"method":"GET","path":"/metrics","ip":"[IP-DISAMARKAN]","latency":0.001090873}
{"level":"info","ts":1782495574.2161865,"caller":"logger/logger.go:156","msg":"Experiment infer completed","request_id":"4956e62e0b5103b2","request_id":"req-SS-static_resilience-run1-1-5-1782495559518-azqv33s6","scenario":"SS","condition":"static_resilience","run":1,"category":"full","latency_ms":14688}
{"level":"info","ts":1782495574.2163165,"caller":"logger/logger.go:106","msg":"Request served","request_id":"4956e62e0b5103b2","status":200,"method":"POST","path":"/api/v1/infer","ip":"[IP-DISAMARKAN]","latency":14.692070383}
{"level":"info","ts":1782495577.6140447,"caller":"logger/logger.go:106","msg":"Request served","request_id":"73ca7d9209238816","status":200,"method":"GET","path":"/metrics","ip":"[IP-DISAMARKAN]","latency":0.001066854}
{"level":"info","ts":1782495579.3207984,"caller":"logger/logger.go:156","msg":"Experiment infer completed","request_id":"d510bbf38ec09fbf","request_id":"req-SS-static_resilience-run1-3-1-1782495564718-ss85a3km","scenario":"SS","condition":"static_resilience","run":1,"category":"full","latency_ms":14593}
{"level":"info","ts":1782495579.320853,"caller":"logger/logger.go:106","msg":"Request served","request_id":"d510bbf38ec09fbf","status":200,"method":"POST","path":"/api/v1/infer","ip":"[IP-DISAMARKAN]","latency":14.596680467}
{"level":"info","ts":1782495579.3221383,"caller":"logger/logger.go:106","msg":"Health check completed","vision":"HEALTHY","ocr":"HEALTHY","speech":"HEALTHY"}
{"level":"info","ts":1782495582.6162908,"caller":"logger/logger.go:106","msg":"Request served","request_id":"50ad4f2053731c04","status":200,"method":"GET","path":"/metrics","ip":"[IP-DISAMARKAN]","latency":0.003101934}
{"level":"info","ts":1782495584.5160692,"caller":"logger/logger.go:156","msg":"Experiment infer completed","request_id":"c48f93018b73d3d7","request_id":"req-SS-static_resilience-run1-4-0-1782495565683-qm7fma6p","scenario":"SS","condition":"static_resilience","run":1,"category":"full","latency_ms":18820}
{"level":"info","ts":1782495584.5161233,"caller":"logger/logger.go:106","msg":"Request served","request_id":"c48f93018b73d3d7","status":200,"method":"POST","path":"/api/v1/infer","ip":"[IP-DISAMARKAN]","latency":18.824632754}
{"level":"info","ts":1782495587.614269,"caller":"logger/logger.go:106","msg":"Request served","request_id":"9651cfefc59c0995","status":200,"method":"GET","path":"/metrics","ip":"[IP-DISAMARKAN]","latency":0.001098802}
{"level":"error","ts":1782495589.3107755,"caller":"logger/logger.go:121","msg":"Server error","request_id":"45b565564b90be4a","status":503,"method":"GET","path":"/api/v1/health","ip":"[IP-DISAMARKAN]","latency":5.039541812,"error":"","stacktrace":"temandifa-backend/internal/logger.Error\n\t/app/internal/logger/logger.go:121\nmain.NewHTTPServer.RequestLogger.func5\n\t/app/internal/middleware/request_logger.go:44\ngithub.com/gin-gonic/gin.(*Context).Next\n\t/go/pkg/mod/github.com/gin-gonic/gin@v1.11.0/context.go:192\nmain.NewHTTPServer.VersionMiddleware.func4\n\t/app/internal/middleware/versioning.go:35\ngithub.com/gin-gonic/gin.(*Context).Next\n\t/go/pkg/mod/github.com/gin-gonic/gin@v1.11.0/context.go:192\nmain.NewHTTPServer.RequestID.func3\n\t/app/internal/middleware/request_id.go:34\ngithub.com/gin-gonic/gin.(*Context).Next\n\t/go/pkg/mod/github.com/gin-gonic/gin@v1.11.0/context.go:192\nmain.NewHTTPServer.MaxBodySize.func2\n\t/app/internal/middleware/security.go:52\ngithub.com/gin-gonic/gin.(*Context).Next\n\t/go/pkg/mod/github.com/gin-gonic/gin@v1.11.0/context.go:192\nmain.NewHTTPServer.SecurityHeaders.func1\n\t/app/internal/middleware/security.go:36\ngithub.com/gin-gonic/gin.(*Context).Next\n\t/go/pkg/mod/github.com/gin-gonic/gin@v1.11.0/context.go:192\ngithub.com/gin-gonic/gin.(*Engine).handleHTTPRequest\n\t/go/pkg/mod/github.com/gin-gonic/gin@v1.11.0/gin.go:689\ngithub.com/gin-gonic/gin.(*Engine).ServeHTTP\n\t/go/pkg/mod/github.com/gin-gonic/gin@v1.11.0/gin.go:643\nnet/http.serverHandler.ServeHTTP\n\t/usr/local/go/src/net/http/server.go:3340\nnet/http.(*conn).serve\n\t/usr/local/go/src/net/http/server.go:2109"}
{"level":"info","ts":1782495589.6190522,"caller":"logger/logger.go:156","msg":"Experiment infer completed","request_id":"8248f25d5abb7823","request_id":"req-SS-static_resilience-run1-2-3-1782495570029-7ocb4eim","scenario":"SS","condition":"static_resilience","run":1,"category":"full","latency_ms":19582}
{"level":"info","ts":1782495589.6191063,"caller":"logger/logger.go:106","msg":"Request served","request_id":"8248f25d5abb7823","status":200,"method":"POST","path":"/api/v1/infer","ip":"[IP-DISAMARKAN]","latency":19.585261271}
{"level":"info","ts":1782495592.6147053,"caller":"logger/logger.go:106","msg":"Request served","request_id":"197a136613433614","status":200,"method":"GET","path":"/metrics","ip":"[IP-DISAMARKAN]","latency":0.001274099}
{"level":"info","ts":1782495595.0136893,"caller":"logger/logger.go:156","msg":"Experiment infer completed","request_id":"7ae8f3d6cc1b9e5a","request_id":"req-SS-static_resilience-run1-1-6-1782495575217-uunvyxkf","scenario":"SS","condition":"static_resilience","run":1,"category":"full","latency_ms":19784}
{"level":"info","ts":1782495595.0137498,"caller":"logger/logger.go:106","msg":"Request served","request_id":"7ae8f3d6cc1b9e5a","status":200,"method":"POST","path":"/api/v1/infer","ip":"[IP-DISAMARKAN]","latency":19.789645908}
{"level":"info","ts":1782495596.6637528,"caller":"logger/logger.go:106","msg":"Request served","request_id":"9456bfadcbfe787f","status":200,"method":"GET","path":"/","ip":"[IP-DISAMARKAN]","latency":0.000046799}
{"level":"info","ts":1782495597.614154,"caller":"logger/logger.go:106","msg":"Request served","request_id":"3794d5306aebd7b4","status":200,"method":"GET","path":"/metrics","ip":"[IP-DISAMARKAN]","latency":0.000957187}
{"level":"warn","ts":1782495599.198478,"caller":"logger/logger.go:116","msg":"Worker health check failed","worker":"speech","error":"rpc error: code = DeadlineExceeded desc = context deadline exceeded"}
{"level":"info","ts":1782495599.198849,"caller":"logger/logger.go:106","msg":"Health check completed","vision":"HEALTHY","ocr":"HEALTHY","speech":"UNHEALTHY"}
{"level":"info","ts":1782495600.2278125,"caller":"logger/logger.go:156","msg":"Experiment infer completed","request_id":"6654bfba82e42136","request_id":"req-SS-static_resilience-run1-3-2-1782495580322-r0e3qh0c","scenario":"SS","condition":"static_resilience","run":1,"category":"full","latency_ms":19897}
{"level":"info","ts":1782495600.2280703,"caller":"logger/logger.go:106","msg":"Request served","request_id":"6654bfba82e42136","status":200,"method":"POST","path":"/api/v1/infer","ip":"[IP-DISAMARKAN]","latency":19.900824205}
{"level":"info","ts":1782495602.613048,"caller":"logger/logger.go:106","msg":"Request served","request_id":"31daf0ee35c95803","status":200,"method":"GET","path":"/metrics","ip":"[IP-DISAMARKAN]","latency":0.001098383}
{"level":"info","ts":1782495605.4154122,"caller":"logger/logger.go:156","msg":"Experiment infer completed","request_id":"afe62aa28eb8840a","request_id":"req-SS-static_resilience-run1-5-0-1782495580683-4dkiyve3","scenario":"SS","condition":"static_resilience","run":1,"category":"full","latency_ms":24723}
{"level":"info","ts":1782495605.415618,"caller":"logger/logger.go:106","msg":"Request served","request_id":"afe62aa28eb8840a","status":200,"method":"POST","path":"/api/v1/infer","ip":"[IP-DISAMARKAN]","latency":24.725956106}
{"level":"info","ts":1782495607.6136007,"caller":"logger/logger.go:106","msg":"Request served","request_id":"d5798cb8472f5541","status":200,"method":"GET","path":"/metrics","ip":"[IP-DISAMARKAN]","latency":0.001106832}
{"level":"info","ts":1782495610.5193858,"caller":"logger/logger.go:156","msg":"Experiment infer completed","request_id":"0c18bd4b3ce408af","request_id":"req-SS-static_resilience-run1-4-1-1782495585517-k2hhqnss","scenario":"SS","condition":"static_resilience","run":1,"category":"full","latency_ms":24990}
{"level":"info","ts":1782495610.5194418,"caller":"logger/logger.go:106","msg":"Request served","request_id":"0c18bd4b3ce408af","status":200,"method":"POST","path":"/api/v1/infer","ip":"[IP-DISAMARKAN]","latency":24.994163522}
{"level":"info","ts":1782495612.614679,"caller":"logger/logger.go:106","msg":"Request served","request_id":"c589a76b6e8f1b67","status":200,"method":"GET","path":"/metrics","ip":"[IP-DISAMARKAN]","latency":0.001205959}
{"level":"warn","ts":1782495614.1978867,"caller":"logger/logger.go:116","msg":"Worker health check failed","worker":"speech","error":"rpc error: code = DeadlineExceeded desc = context deadline exceeded"}
{"level":"info","ts":1782495614.1981812,"caller":"logger/logger.go:106","msg":"Health check completed","vision":"HEALTHY","ocr":"HEALTHY","speech":"UNHEALTHY"}
{"level":"info","ts":1782495615.7158077,"caller":"logger/logger.go:156","msg":"Experiment infer completed","request_id":"e21f7b97c39e3b9b","request_id":"req-SS-static_resilience-run1-2-4-1782495590621-gk6vjsue","scenario":"SS","condition":"static_resilience","run":1,"category":"full","latency_ms":25084}
{"level":"info","ts":1782495615.715932,"caller":"logger/logger.go:106","msg":"Request served","request_id":"e21f7b97c39e3b9b","status":200,"method":"POST","path":"/api/v1/infer","ip":"[IP-DISAMARKAN]","latency":25.089442282}
{"level":"info","ts":1782495617.6132565,"caller":"logger/logger.go:106","msg":"Request served","request_id":"5dc473811c27a8dc","status":200,"method":"GET","path":"/metrics","ip":"[IP-DISAMARKAN]","latency":0.001171691}
{"level":"info","ts":1782495620.8201702,"caller":"logger/logger.go:156","msg":"Experiment infer completed","request_id":"da69479a4120a8a9","request_id":"req-SS-static_resilience-run1-1-7-1782495596015-mxwar5zi","scenario":"SS","condition":"static_resilience","run":1,"category":"full","latency_ms":24794}
{"level":"info","ts":1782495620.820223,"caller":"logger/logger.go:106","msg":"Request served","request_id":"da69479a4120a8a9","status":200,"method":"POST","path":"/api/v1/infer","ip":"[IP-DISAMARKAN]","latency":24.799032675}
{"level":"info","ts":1782495622.6138432,"caller":"logger/logger.go:106","msg":"Request served","request_id":"9c316f82ca62b158","status":200,"method":"GET","path":"/metrics","ip":"[IP-DISAMARKAN]","latency":0.00077567}
{"level":"error","ts":1782495624.347479,"caller":"logger/logger.go:121","msg":"Server error","request_id":"189477a9904fc6d6","status":503,"method":"GET","path":"/api/v1/health","ip":"[IP-DISAMARKAN]","latency":5.008737897,"error":"","stacktrace":"temandifa-backend/internal/logger.Error\n\t/app/internal/logger/logger.go:121\nmain.NewHTTPServer.RequestLogger.func5\n\t/app/internal/middleware/request_logger.go:44\ngithub.com/gin-gonic/gin.(*Context).Next\n\t/go/pkg/mod/github.com/gin-gonic/gin@v1.11.0/context.go:192\nmain.NewHTTPServer.VersionMiddleware.func4\n\t/app/internal/middleware/versioning.go:35\ngithub.com/gin-gonic/gin.(*Context).Next\n\t/go/pkg/mod/github.com/gin-gonic/gin@v1.11.0/context.go:192\nmain.NewHTTPServer.RequestID.func3\n\t/app/internal/middleware/request_id.go:34\ngithub.com/gin-gonic/gin.(*Context).Next\n\t/go/pkg/mod/github.com/gin-gonic/gin@v1.11.0/context.go:192\nmain.NewHTTPServer.MaxBodySize.func2\n\t/app/internal/middleware/security.go:52\ngithub.com/gin-gonic/gin.(*Context).Next\n\t/go/pkg/mod/github.com/gin-gonic/gin@v1.11.0/context.go:192\nmain.NewHTTPServer.SecurityHeaders.func1\n\t/app/internal/middleware/security.go:36\ngithub.com/gin-gonic/gin.(*Context).Next\n\t/go/pkg/mod/github.com/gin-gonic/gin@v1.11.0/context.go:192\ngithub.com/gin-gonic/gin.(*Engine).handleHTTPRequest\n\t/go/pkg/mod/github.com/gin-gonic/gin@v1.11.0/gin.go:689\ngithub.com/gin-gonic/gin.(*Engine).ServeHTTP\n\t/go/pkg/mod/github.com/gin-gonic/gin@v1.11.0/gin.go:643\nnet/http.serverHandler.ServeHTTP\n\t/usr/local/go/src/net/http/server.go:3340\nnet/http.(*conn).serve\n\t/usr/local/go/src/net/http/server.go:2109"}
{"level":"info","ts":1782495626.129874,"caller":"logger/logger.go:156","msg":"Experiment infer completed","request_id":"b5919d9ca8568e90","request_id":"req-SS-static_resilience-run1-3-3-1782495601228-3u1m307p","scenario":"SS","condition":"static_resilience","run":1,"category":"full","latency_ms":24893}
{"level":"info","ts":1782495626.1299434,"caller":"logger/logger.go:106","msg":"Request served","request_id":"b5919d9ca8568e90","status":200,"method":"POST","path":"/api/v1/infer","ip":"[IP-DISAMARKAN]","latency":24.895922542}
{"level":"info","ts":1782495627.6127021,"caller":"logger/logger.go:106","msg":"Request served","request_id":"74b0e8cf6f4d3cf1","status":200,"method":"GET","path":"/metrics","ip":"[IP-DISAMARKAN]","latency":0.000855649}
{"level":"warn","ts":1782495629.1984322,"caller":"logger/logger.go:116","msg":"Worker health check failed","worker":"speech","error":"rpc error: code = DeadlineExceeded desc = context deadline exceeded"}
{"level":"info","ts":1782495629.1986454,"caller":"logger/logger.go:106","msg":"Health check completed","vision":"HEALTHY","ocr":"HEALTHY","speech":"UNHEALTHY"}
{"level":"info","ts":1782495631.4148173,"caller":"logger/logger.go:156","msg":"Experiment infer completed","request_id":"aab4dd4f6fb7e001","request_id":"req-SS-static_resilience-run1-5-1-1782495606417-sf899gfy","scenario":"SS","condition":"static_resilience","run":1,"category":"full","latency_ms":24988}
{"level":"info","ts":1782495631.4148726,"caller":"logger/logger.go:106","msg":"Request served","request_id":"aab4dd4f6fb7e001","status":200,"method":"POST","path":"/api/v1/infer","ip":"[IP-DISAMARKAN]","latency":24.99290272}
{"level":"info","ts":1782495632.6143641,"caller":"logger/logger.go:106","msg":"Request served","request_id":"82248c00dec6763f","status":200,"method":"GET","path":"/metrics","ip":"[IP-DISAMARKAN]","latency":0.000882048}
{"level":"info","ts":1782495636.5266511,"caller":"logger/logger.go:156","msg":"Experiment infer completed","request_id":"28d08ac049c62729","request_id":"req-SS-static_resilience-run1-4-2-1782495611520-rtsevqun","scenario":"SS","condition":"static_resilience","run":1,"category":"full","latency_ms":24996}
{"level":"info","ts":1782495636.5267093,"caller":"logger/logger.go:106","msg":"Request served","request_id":"28d08ac049c62729","status":200,"method":"POST","path":"/api/v1/infer","ip":"[IP-DISAMARKAN]","latency":25.000451786}
{"level":"info","ts":1782495637.6151752,"caller":"logger/logger.go:106","msg":"Request served","request_id":"06316211b2d00682","status":200,"method":"GET","path":"/metrics","ip":"[IP-DISAMARKAN]","latency":0.003318467}
{"level":"info","ts":1782495641.7160573,"caller":"logger/logger.go:156","msg":"Experiment infer completed","request_id":"e877d7d09c853bf6","request_id":"req-SS-static_resilience-run1-2-5-1782495616717-x966hbg7","scenario":"SS","condition":"static_resilience","run":1,"category":"full","latency_ms":24988}
{"level":"info","ts":1782495641.7161114,"caller":"logger/logger.go:106","msg":"Request served","request_id":"e877d7d09c853bf6","status":200,"method":"POST","path":"/api/v1/infer","ip":"[IP-DISAMARKAN]","latency":24.992921053}
{"level":"info","ts":1782495642.613934,"caller":"logger/logger.go:106","msg":"Request served","request_id":"da245d839145cc28","status":200,"method":"GET","path":"/metrics","ip":"[IP-DISAMARKAN]","latency":0.001358626}
{"level":"warn","ts":1782495644.1981535,"caller":"logger/logger.go:116","msg":"Worker health check failed","worker":"speech","error":"rpc error: code = DeadlineExceeded desc = context deadline exceeded"}
{"level":"info","ts":1782495644.1984243,"caller":"logger/logger.go:106","msg":"Health check completed","vision":"HEALTHY","ocr":"HEALTHY","speech":"UNHEALTHY"}
{"level":"info","ts":1782495646.9161108,"caller":"logger/logger.go:156","msg":"Experiment infer completed","request_id":"12c8356c7baa492d","request_id":"req-SS-static_resilience-run1-1-8-1782495621820-5dk1hefe","scenario":"SS","condition":"static_resilience","run":1,"category":"full","latency_ms":25085}
{"level":"info","ts":1782495646.9161692,"caller":"logger/logger.go:106","msg":"Request served","request_id":"12c8356c7baa492d","status":200,"method":"POST","path":"/api/v1/infer","ip":"[IP-DISAMARKAN]","latency":25.090718339}
{"level":"info","ts":1782495647.6140397,"caller":"logger/logger.go:106","msg":"Request served","request_id":"6403127b6143a19c","status":200,"method":"GET","path":"/metrics","ip":"[IP-DISAMARKAN]","latency":0.000826029}
{"level":"info","ts":1782495652.0253086,"caller":"logger/logger.go:156","msg":"Experiment infer completed","request_id":"ed6af2c2f27eba42","request_id":"req-SS-static_resilience-run1-3-4-1782495627131-pex18chv","scenario":"SS","condition":"static_resilience","run":1,"category":"full","latency_ms":24887}
{"level":"info","ts":1782495652.0253637,"caller":"logger/logger.go:106","msg":"Request served","request_id":"ed6af2c2f27eba42","status":200,"method":"POST","path":"/api/v1/infer","ip":"[IP-DISAMARKAN]","latency":24.890032043}
{"level":"info","ts":1782495652.6141632,"caller":"logger/logger.go:106","msg":"Request served","request_id":"0452a9ae2242ac90","status":200,"method":"GET","path":"/metrics","ip":"[IP-DISAMARKAN]","latency":0.001006546}
{"level":"info","ts":1782495657.332307,"caller":"logger/logger.go:156","msg":"Experiment infer completed","request_id":"4a4c1196aa7f95b4","request_id":"req-SS-static_resilience-run1-5-2-1782495632417-k49oskh5","scenario":"SS","condition":"static_resilience","run":1,"category":"full","latency_ms":24907}
{"level":"info","ts":1782495657.332362,"caller":"logger/logger.go:106","msg":"Request served","request_id":"4a4c1196aa7f95b4","status":200,"method":"POST","path":"/api/v1/infer","ip":"[IP-DISAMARKAN]","latency":24.911002264}
{"level":"info","ts":1782495657.6135309,"caller":"logger/logger.go:106","msg":"Request served","request_id":"1e58da23992d33a6","status":200,"method":"GET","path":"/metrics","ip":"[IP-DISAMARKAN]","latency":0.000860728}
{"level":"warn","ts":1782495659.19695,"caller":"logger/logger.go:116","msg":"Worker health check failed","worker":"speech","error":"rpc error: code = DeadlineExceeded desc = context deadline exceeded"}
{"level":"info","ts":1782495659.1972022,"caller":"logger/logger.go:106","msg":"Health check completed","vision":"HEALTHY","ocr":"HEALTHY","speech":"UNHEALTHY"}
{"level":"error","ts":1782495659.413542,"caller":"logger/logger.go:121","msg":"Server error","request_id":"8d9328d1a4b1ba7d","status":503,"method":"GET","path":"/api/v1/health","ip":"[IP-DISAMARKAN]","latency":5.024073769,"error":"","stacktrace":"temandifa-backend/internal/logger.Error\n\t/app/internal/logger/logger.go:121\nmain.NewHTTPServer.RequestLogger.func5\n\t/app/internal/middleware/request_logger.go:44\ngithub.com/gin-gonic/gin.(*Context).Next\n\t/go/pkg/mod/github.com/gin-gonic/gin@v1.11.0/context.go:192\nmain.NewHTTPServer.VersionMiddleware.func4\n\t/app/internal/middleware/versioning.go:35\ngithub.com/gin-gonic/gin.(*Context).Next\n\t/go/pkg/mod/github.com/gin-gonic/gin@v1.11.0/context.go:192\nmain.NewHTTPServer.RequestID.func3\n\t/app/internal/middleware/request_id.go:34\ngithub.com/gin-gonic/gin.(*Context).Next\n\t/go/pkg/mod/github.com/gin-gonic/gin@v1.11.0/context.go:192\nmain.NewHTTPServer.MaxBodySize.func2\n\t/app/internal/middleware/security.go:52\ngithub.com/gin-gonic/gin.(*Context).Next\n\t/go/pkg/mod/github.com/gin-gonic/gin@v1.11.0/context.go:192\nmain.NewHTTPServer.SecurityHeaders.func1\n\t/app/internal/middleware/security.go:36\ngithub.com/gin-gonic/gin.(*Context).Next\n\t/go/pkg/mod/github.com/gin-gonic/gin@v1.11.0/context.go:192\ngithub.com/gin-gonic/gin.(*Engine).handleHTTPRequest\n\t/go/pkg/mod/github.com/gin-gonic/gin@v1.11.0/gin.go:689\ngithub.com/gin-gonic/gin.(*Engine).ServeHTTP\n\t/go/pkg/mod/github.com/gin-gonic/gin@v1.11.0/gin.go:643\nnet/http.serverHandler.ServeHTTP\n\t/usr/local/go/src/net/http/server.go:3340\nnet/http.(*conn).serve\n\t/usr/local/go/src/net/http/server.go:2109"}
{"level":"info","ts":1782495662.613013,"caller":"logger/logger.go:106","msg":"Request served","request_id":"4f93e86102a13e07","status":200,"method":"GET","path":"/metrics","ip":"[IP-DISAMARKAN]","latency":0.000886889}
{"level":"info","ts":1782495662.6278093,"caller":"logger/logger.go:156","msg":"Experiment infer completed","request_id":"85fdd1e4e7e6e584","request_id":"req-SS-static_resilience-run1-4-3-1782495637528-6oftxh01","scenario":"SS","condition":"static_resilience","run":1,"category":"full","latency_ms":25090}
{"level":"info","ts":1782495662.6278536,"caller":"logger/logger.go:106","msg":"Request served","request_id":"85fdd1e4e7e6e584","status":200,"method":"POST","path":"/api/v1/infer","ip":"[IP-DISAMARKAN]","latency":25.093531472}
{"level":"info","ts":1782495667.6134746,"caller":"logger/logger.go:106","msg":"Request served","request_id":"859f8d38039e1e9a","status":200,"method":"GET","path":"/metrics","ip":"[IP-DISAMARKAN]","latency":0.000965055}
{"level":"info","ts":1782495667.826593,"caller":"logger/logger.go:156","msg":"Experiment infer completed","request_id":"19abda87cbd1c49e","request_id":"req-SS-static_resilience-run1-2-6-1782495642717-s6apmf8e","scenario":"SS","condition":"static_resilience","run":1,"category":"full","latency_ms":25101}
{"level":"info","ts":1782495667.8266482,"caller":"logger/logger.go:106","msg":"Request served","request_id":"19abda87cbd1c49e","status":200,"method":"POST","path":"/api/v1/infer","ip":"[IP-DISAMARKAN]","latency":25.104380114}
{"level":"info","ts":1782495672.6145425,"caller":"logger/logger.go:106","msg":"Request served","request_id":"fe6e240b53944ecb","status":200,"method":"GET","path":"/metrics","ip":"[IP-DISAMARKAN]","latency":0.001136771}
{"level":"info","ts":1782495673.11576,"caller":"logger/logger.go:156","msg":"Experiment infer completed","request_id":"b1106d1854a7ae61","request_id":"req-SS-static_resilience-run1-1-9-1782495647917-e5o8lc6a","scenario":"SS","condition":"static_resilience","run":1,"category":"full","latency_ms":25189}
{"level":"info","ts":1782495673.1158104,"caller":"logger/logger.go:106","msg":"Request served","request_id":"b1106d1854a7ae61","status":200,"method":"POST","path":"/api/v1/infer","ip":"[IP-DISAMARKAN]","latency":25.192375113}
{"level":"warn","ts":1782495674.1977,"caller":"logger/logger.go:116","msg":"Worker health check failed","worker":"speech","error":"rpc error: code = DeadlineExceeded desc = context deadline exceeded"}
{"level":"info","ts":1782495674.1980462,"caller":"logger/logger.go:106","msg":"Health check completed","vision":"HEALTHY","ocr":"HEALTHY","speech":"UNHEALTHY"}
{"level":"info","ts":1782495677.613453,"caller":"logger/logger.go:106","msg":"Request served","request_id":"0674a3d56b87321b","status":200,"method":"GET","path":"/metrics","ip":"[IP-DISAMARKAN]","latency":0.001021824}
{"level":"info","ts":1782495678.2127738,"caller":"logger/logger.go:156","msg":"Experiment infer completed","request_id":"9777b266c775c2d8","request_id":"req-SS-static_resilience-run1-3-5-1782495653026-ikazeoro","scenario":"SS","condition":"static_resilience","run":1,"category":"full","latency_ms":25177}
{"level":"info","ts":1782495678.212828,"caller":"logger/logger.go:106","msg":"Request served","request_id":"9777b266c775c2d8","status":200,"method":"POST","path":"/api/v1/infer","ip":"[IP-DISAMARKAN]","latency":25.182199925}
{"level":"info","ts":1782495682.6132112,"caller":"logger/logger.go:106","msg":"Request served","request_id":"a810d43e024355b7","status":200,"method":"GET","path":"/metrics","ip":"[IP-DISAMARKAN]","latency":0.001139391}
{"level":"info","ts":1782495683.4174585,"caller":"logger/logger.go:156","msg":"Experiment infer completed","request_id":"641ea27f02b58e27","request_id":"req-SS-static_resilience-run1-5-3-1782495658332-uhf1v9m2","scenario":"SS","condition":"static_resilience","run":1,"category":"full","latency_ms":25076}
{"level":"info","ts":1782495683.4175112,"caller":"logger/logger.go:106","msg":"Request served","request_id":"641ea27f02b58e27","status":200,"method":"POST","path":"/api/v1/infer","ip":"[IP-DISAMARKAN]","latency":25.080406611}
{"level":"info","ts":1782495687.6134448,"caller":"logger/logger.go:106","msg":"Request served","request_id":"671d251b7814e8a7","status":200,"method":"GET","path":"/metrics","ip":"[IP-DISAMARKAN]","latency":0.000946576}
{"level":"info","ts":1782495688.6275282,"caller":"logger/logger.go:156","msg":"Experiment infer completed","request_id":"329b16499eaa0ff8","request_id":"req-SS-static_resilience-run1-4-4-1782495663629-izc72n0z","scenario":"SS","condition":"static_resilience","run":1,"category":"full","latency_ms":24991}
{"level":"info","ts":1782495688.6275811,"caller":"logger/logger.go:106","msg":"Request served","request_id":"329b16499eaa0ff8","status":200,"method":"POST","path":"/api/v1/infer","ip":"[IP-DISAMARKAN]","latency":24.99430203}
{"level":"info","ts":1782495688.6277153,"caller":"logger/logger.go:106","msg":"Health check completed","vision":"HEALTHY","ocr":"HEALTHY","speech":"HEALTHY"}
{"level":"info","ts":1782495692.6144257,"caller":"logger/logger.go:106","msg":"Request served","request_id":"0c3a45d0a969aea6","status":200,"method":"GET","path":"/metrics","ip":"[IP-DISAMARKAN]","latency":0.002507777}
{"level":"info","ts":1782495693.8263476,"caller":"logger/logger.go:106","msg":"Request served","request_id":"5470278bafe9d955","status":200,"method":"GET","path":"/api/v1/health","ip":"[IP-DISAMARKAN]","latency":4.37441032}
{"level":"info","ts":1782495693.827383,"caller":"logger/logger.go:156","msg":"Experiment infer completed","request_id":"fa620b270fc5af37","request_id":"req-SS-static_resilience-run1-2-7-1782495668828-ds9tizt8","scenario":"SS","condition":"static_resilience","run":1,"category":"full","latency_ms":24990}
{"level":"info","ts":1782495693.8274183,"caller":"logger/logger.go:106","msg":"Request served","request_id":"fa620b270fc5af37","status":200,"method":"POST","path":"/api/v1/infer","ip":"[IP-DISAMARKAN]","latency":24.993678042}
{"level":"info","ts":1782495697.6140025,"caller":"logger/logger.go:106","msg":"Request served","request_id":"db2cf74f40ffb9e2","status":200,"method":"GET","path":"/metrics","ip":"[IP-DISAMARKAN]","latency":0.001333267}
{"level":"info","ts":1782495698.9281862,"caller":"logger/logger.go:156","msg":"Experiment infer completed","request_id":"d1c385dc52f4ed45","request_id":"req-SS-static_resilience-run1-1-10-1782495674117-f1e0uvd0","scenario":"SS","condition":"static_resilience","run":1,"category":"full","latency_ms":24797}
{"level":"info","ts":1782495698.9282393,"caller":"logger/logger.go:106","msg":"Request served","request_id":"d1c385dc52f4ed45","status":200,"method":"POST","path":"/api/v1/infer","ip":"[IP-DISAMARKAN]","latency":24.805110547}
{"level":"info","ts":1782495702.6151984,"caller":"logger/logger.go:106","msg":"Request served","request_id":"cbc6b20a1a8b058e","status":200,"method":"GET","path":"/metrics","ip":"[IP-DISAMARKAN]","latency":0.002642123}
{"level":"info","ts":1782495704.0286522,"caller":"logger/logger.go:106","msg":"Health check completed","vision":"HEALTHY","ocr":"HEALTHY","speech":"HEALTHY"}
{"level":"info","ts":1782495704.030434,"caller":"logger/logger.go:156","msg":"Experiment infer completed","request_id":"879aa032fee400b6","request_id":"req-SS-static_resilience-run1-3-6-1782495679214-wpsdud3g","scenario":"SS","condition":"static_resilience","run":1,"category":"full","latency_ms":24805}
{"level":"info","ts":1782495704.0304837,"caller":"logger/logger.go:106","msg":"Request served","request_id":"879aa032fee400b6","status":200,"method":"POST","path":"/api/v1/infer","ip":"[IP-DISAMARKAN]","latency":24.810759222}
{"level":"info","ts":1782495707.6134136,"caller":"logger/logger.go:106","msg":"Request served","request_id":"6bd94e8f96a6604d","status":200,"method":"GET","path":"/metrics","ip":"[IP-DISAMARKAN]","latency":0.001448652}
{"level":"info","ts":1782495709.1332006,"caller":"logger/logger.go:156","msg":"Experiment infer completed","request_id":"ea185135171ca8bf","request_id":"req-SS-static_resilience-run1-5-4-1782495684418-sx4t9lrw","scenario":"SS","condition":"static_resilience","run":1,"category":"full","latency_ms":24708}
{"level":"info","ts":1782495709.1332722,"caller":"logger/logger.go:106","msg":"Request served","request_id":"ea185135171ca8bf","status":200,"method":"POST","path":"/api/v1/infer","ip":"[IP-DISAMARKAN]","latency":24.710692066}
{"level":"info","ts":1782495712.6142175,"caller":"logger/logger.go:106","msg":"Request served","request_id":"b9c0c0d133768cb3","status":200,"method":"GET","path":"/metrics","ip":"[IP-DISAMARKAN]","latency":0.001296958}
{"level":"info","ts":1782495714.4202511,"caller":"logger/logger.go:156","msg":"Experiment infer completed","request_id":"3e291528f8e83233","request_id":"req-SS-static_resilience-run1-4-5-1782495689629-2gh5lq3i","scenario":"SS","condition":"static_resilience","run":1,"category":"full","latency_ms":24783}
{"level":"info","ts":1782495714.420306,"caller":"logger/logger.go:106","msg":"Request served","request_id":"3e291528f8e83233","status":200,"method":"POST","path":"/api/v1/infer","ip":"[IP-DISAMARKAN]","latency":24.7863079}
{"level":"info","ts":1782495717.614946,"caller":"logger/logger.go:106","msg":"Request served","request_id":"10ab87bd462f8675","status":200,"method":"GET","path":"/metrics","ip":"[IP-DISAMARKAN]","latency":0.001070774}
{"level":"warn","ts":1782495719.196958,"caller":"logger/logger.go:116","msg":"Worker health check failed","worker":"speech","error":"rpc error: code = DeadlineExceeded desc = context deadline exceeded"}
{"level":"info","ts":1782495719.1973302,"caller":"logger/logger.go:106","msg":"Health check completed","vision":"HEALTHY","ocr":"HEALTHY","speech":"UNHEALTHY"}
{"level":"info","ts":1782495719.722198,"caller":"logger/logger.go:156","msg":"Experiment infer completed","request_id":"9020da9025b90ad9","request_id":"req-SS-static_resilience-run1-2-8-1782495694828-aytw357n","scenario":"SS","condition":"static_resilience","run":1,"category":"full","latency_ms":24883}
{"level":"info","ts":1782495719.7222514,"caller":"logger/logger.go:106","msg":"Request served","request_id":"9020da9025b90ad9","status":200,"method":"POST","path":"/api/v1/infer","ip":"[IP-DISAMARKAN]","latency":24.88695781}
{"level":"info","ts":1782495722.615248,"caller":"logger/logger.go:106","msg":"Request served","request_id":"911554e171085cfa","status":200,"method":"GET","path":"/metrics","ip":"[IP-DISAMARKAN]","latency":0.003185539}
{"level":"info","ts":1782495724.8321433,"caller":"logger/logger.go:156","msg":"Experiment infer completed","request_id":"150cd741c1266bec","request_id":"req-SS-static_resilience-run1-1-11-1782495699928-madievph","scenario":"SS","condition":"static_resilience","run":1,"category":"full","latency_ms":24894}
{"level":"info","ts":1782495724.8321939,"caller":"logger/logger.go:106","msg":"Request served","request_id":"150cd741c1266bec","status":200,"method":"POST","path":"/api/v1/infer","ip":"[IP-DISAMARKAN]","latency":24.898016071}
{"level":"info","ts":1782495727.6160662,"caller":"logger/logger.go:106","msg":"Request served","request_id":"785d5ead47c3f616","status":200,"method":"GET","path":"/metrics","ip":"[IP-DISAMARKAN]","latency":0.002575655}
{"level":"error","ts":1782495728.883821,"caller":"logger/logger.go:121","msg":"Server error","request_id":"2dddc85556432d88","status":503,"method":"GET","path":"/api/v1/health","ip":"[IP-DISAMARKAN]","latency":5.007406892,"error":"","stacktrace":"temandifa-backend/internal/logger.Error\n\t/app/internal/logger/logger.go:121\nmain.NewHTTPServer.RequestLogger.func5\n\t/app/internal/middleware/request_logger.go:44\ngithub.com/gin-gonic/gin.(*Context).Next\n\t/go/pkg/mod/github.com/gin-gonic/gin@v1.11.0/context.go:192\nmain.NewHTTPServer.VersionMiddleware.func4\n\t/app/internal/middleware/versioning.go:35\ngithub.com/gin-gonic/gin.(*Context).Next\n\t/go/pkg/mod/github.com/gin-gonic/gin@v1.11.0/context.go:192\nmain.NewHTTPServer.RequestID.func3\n\t/app/internal/middleware/request_id.go:34\ngithub.com/gin-gonic/gin.(*Context).Next\n\t/go/pkg/mod/github.com/gin-gonic/gin@v1.11.0/context.go:192\nmain.NewHTTPServer.MaxBodySize.func2\n\t/app/internal/middleware/security.go:52\ngithub.com/gin-gonic/gin.(*Context).Next\n\t/go/pkg/mod/github.com/gin-gonic/gin@v1.11.0/context.go:192\nmain.NewHTTPServer.SecurityHeaders.func1\n\t/app/internal/middleware/security.go:36\ngithub.com/gin-gonic/gin.(*Context).Next\n\t/go/pkg/mod/github.com/gin-gonic/gin@v1.11.0/context.go:192\ngithub.com/gin-gonic/gin.(*Engine).handleHTTPRequest\n\t/go/pkg/mod/github.com/gin-gonic/gin@v1.11.0/gin.go:689\ngithub.com/gin-gonic/gin.(*Engine).ServeHTTP\n\t/go/pkg/mod/github.com/gin-gonic/gin@v1.11.0/gin.go:643\nnet/http.serverHandler.ServeHTTP\n\t/usr/local/go/src/net/http/server.go:3340\nnet/http.(*conn).serve\n\t/usr/local/go/src/net/http/server.go:2109"}
{"level":"info","ts":1782495730.0171955,"caller":"logger/logger.go:156","msg":"Experiment infer completed","request_id":"d9fd3fcf8b1c8d38","request_id":"req-SS-static_resilience-run1-3-7-1782495705031-bju3b25y","scenario":"SS","condition":"static_resilience","run":1,"category":"full","latency_ms":24979}
{"level":"info","ts":1782495730.01725,"caller":"logger/logger.go:106","msg":"Request served","request_id":"d9fd3fcf8b1c8d38","status":200,"method":"POST","path":"/api/v1/infer","ip":"[IP-DISAMARKAN]","latency":24.98206887}
{"level":"info","ts":1782495732.614503,"caller":"logger/logger.go:106","msg":"Request served","request_id":"0c86ceedaa9e0a13","status":200,"method":"GET","path":"/metrics","ip":"[IP-DISAMARKAN]","latency":0.001035484}
{"level":"warn","ts":1782495734.1976125,"caller":"logger/logger.go:116","msg":"Worker health check failed","worker":"speech","error":"rpc error: code = DeadlineExceeded desc = context deadline exceeded"}
{"level":"info","ts":1782495734.1979809,"caller":"logger/logger.go:106","msg":"Health check completed","vision":"HEALTHY","ocr":"HEALTHY","speech":"UNHEALTHY"}
{"level":"info","ts":1782495735.1205149,"caller":"logger/logger.go:156","msg":"Experiment infer completed","request_id":"2eb4cd7a6f70152d","request_id":"req-SS-static_resilience-run1-5-5-1782495710134-cn4iqf8d","scenario":"SS","condition":"static_resilience","run":1,"category":"full","latency_ms":24978}
{"level":"info","ts":1782495735.1205668,"caller":"logger/logger.go:106","msg":"Request served","request_id":"2eb4cd7a6f70152d","status":200,"method":"POST","path":"/api/v1/infer","ip":"[IP-DISAMARKAN]","latency":24.981957531}
{"level":"info","ts":1782495737.6128893,"caller":"logger/logger.go:106","msg":"Request served","request_id":"44db577db8fe202f","status":200,"method":"GET","path":"/metrics","ip":"[IP-DISAMARKAN]","latency":0.001014064}
{"level":"info","ts":1782495740.227211,"caller":"logger/logger.go:156","msg":"Experiment infer completed","request_id":"8167df0ba3371f0c","request_id":"req-SS-static_resilience-run1-4-6-1782495715422-tkm1wgqy","scenario":"SS","condition":"static_resilience","run":1,"category":"full","latency_ms":24797}
{"level":"info","ts":1782495740.2273166,"caller":"logger/logger.go:106","msg":"Request served","request_id":"8167df0ba3371f0c","status":200,"method":"POST","path":"/api/v1/infer","ip":"[IP-DISAMARKAN]","latency":24.800492611}
{"level":"info","ts":1782495742.6142733,"caller":"logger/logger.go:106","msg":"Request served","request_id":"93ae03fcc653be3b","status":200,"method":"GET","path":"/metrics","ip":"[IP-DISAMARKAN]","latency":0.002269942}
{"level":"info","ts":1782495745.4295,"caller":"logger/logger.go:156","msg":"Experiment infer completed","request_id":"d03db63895f66f28","request_id":"req-SS-static_resilience-run1-2-9-1782495720723-pfaa8p7g","scenario":"SS","condition":"static_resilience","run":1,"category":"full","latency_ms":24691}
{"level":"info","ts":1782495745.4295528,"caller":"logger/logger.go:106","msg":"Request served","request_id":"d03db63895f66f28","status":200,"method":"POST","path":"/api/v1/infer","ip":"[IP-DISAMARKAN]","latency":24.698434993}
{"level":"info","ts":1782495747.6149201,"caller":"logger/logger.go:106","msg":"Request served","request_id":"291a39622a7c5e7e","status":200,"method":"GET","path":"/metrics","ip":"[IP-DISAMARKAN]","latency":0.001030323}
{"level":"warn","ts":1782495749.1973457,"caller":"logger/logger.go:116","msg":"Worker health check failed","worker":"speech","error":"rpc error: code = DeadlineExceeded desc = context deadline exceeded"}
{"level":"info","ts":1782495749.1976607,"caller":"logger/logger.go:106","msg":"Health check completed","vision":"HEALTHY","ocr":"HEALTHY","speech":"UNHEALTHY"}
{"level":"info","ts":1782495750.7267342,"caller":"logger/logger.go:156","msg":"Experiment infer completed","request_id":"41c34bbebd827a28","request_id":"req-SS-static_resilience-run1-1-12-1782495725833-7auu1vns","scenario":"SS","condition":"static_resilience","run":1,"category":"full","latency_ms":24886}
{"level":"info","ts":1782495750.7267873,"caller":"logger/logger.go:106","msg":"Request served","request_id":"41c34bbebd827a28","status":200,"method":"POST","path":"/api/v1/infer","ip":"[IP-DISAMARKAN]","latency":24.888838977}
{"level":"info","ts":1782495752.614229,"caller":"logger/logger.go:106","msg":"Request served","request_id":"6c9adba759b79d9f","status":200,"method":"GET","path":"/metrics","ip":"[IP-DISAMARKAN]","latency":0.001020174}
{"level":"info","ts":1782495755.9221408,"caller":"logger/logger.go:156","msg":"Experiment infer completed","request_id":"bc5086d2a340b26d","request_id":"req-SS-static_resilience-run1-3-8-1782495731018-ot8c9byx","scenario":"SS","condition":"static_resilience","run":1,"category":"full","latency_ms":24893}
{"level":"info","ts":1782495755.9221957,"caller":"logger/logger.go:106","msg":"Request served","request_id":"bc5086d2a340b26d","status":200,"method":"POST","path":"/api/v1/infer","ip":"[IP-DISAMARKAN]","latency":24.897139765}
{"level":"info","ts":1782495757.6132631,"caller":"logger/logger.go:106","msg":"Request served","request_id":"13a5ca067a1e383d","status":200,"method":"GET","path":"/metrics","ip":"[IP-DISAMARKAN]","latency":0.000989664}
{"level":"info","ts":1782495761.1174655,"caller":"logger/logger.go:156","msg":"Experiment infer completed","request_id":"aee95babe43115aa","request_id":"req-SS-static_resilience-run1-5-6-1782495736121-b4tfr5ex","scenario":"SS","condition":"static_resilience","run":1,"category":"full","latency_ms":24987}
{"level":"info","ts":1782495761.117526,"caller":"logger/logger.go:106","msg":"Request served","request_id":"aee95babe43115aa","status":200,"method":"POST","path":"/api/v1/infer","ip":"[IP-DISAMARKAN]","latency":24.992504086}
{"level":"info","ts":1782495762.6140585,"caller":"logger/logger.go:106","msg":"Request served","request_id":"8f340ecc50399227","status":200,"method":"GET","path":"/metrics","ip":"[IP-DISAMARKAN]","latency":0.001225609}
{"level":"error","ts":1782495764.011588,"caller":"logger/logger.go:121","msg":"Server error","request_id":"529d0b8ecd620e43","status":503,"method":"GET","path":"/api/v1/health","ip":"[IP-DISAMARKAN]","latency":5.074020837,"error":"","stacktrace":"temandifa-backend/internal/logger.Error\n\t/app/internal/logger/logger.go:121\nmain.NewHTTPServer.RequestLogger.func5\n\t/app/internal/middleware/request_logger.go:44\ngithub.com/gin-gonic/gin.(*Context).Next\n\t/go/pkg/mod/github.com/gin-gonic/gin@v1.11.0/context.go:192\nmain.NewHTTPServer.VersionMiddleware.func4\n\t/app/internal/middleware/versioning.go:35\ngithub.com/gin-gonic/gin.(*Context).Next\n\t/go/pkg/mod/github.com/gin-gonic/gin@v1.11.0/context.go:192\nmain.NewHTTPServer.RequestID.func3\n\t/app/internal/middleware/request_id.go:34\ngithub.com/gin-gonic/gin.(*Context).Next\n\t/go/pkg/mod/github.com/gin-gonic/gin@v1.11.0/context.go:192\nmain.NewHTTPServer.MaxBodySize.func2\n\t/app/internal/middleware/security.go:52\ngithub.com/gin-gonic/gin.(*Context).Next\n\t/go/pkg/mod/github.com/gin-gonic/gin@v1.11.0/context.go:192\nmain.NewHTTPServer.SecurityHeaders.func1\n\t/app/internal/middleware/security.go:36\ngithub.com/gin-gonic/gin.(*Context).Next\n\t/go/pkg/mod/github.com/gin-gonic/gin@v1.11.0/context.go:192\ngithub.com/gin-gonic/gin.(*Engine).handleHTTPRequest\n\t/go/pkg/mod/github.com/gin-gonic/gin@v1.11.0/gin.go:689\ngithub.com/gin-gonic/gin.(*Engine).ServeHTTP\n\t/go/pkg/mod/github.com/gin-gonic/gin@v1.11.0/gin.go:643\nnet/http.serverHandler.ServeHTTP\n\t/usr/local/go/src/net/http/server.go:3340\nnet/http.(*conn).serve\n\t/usr/local/go/src/net/http/server.go:2109"}
{"level":"warn","ts":1782495764.1977797,"caller":"logger/logger.go:116","msg":"Worker health check failed","worker":"speech","error":"rpc error: code = DeadlineExceeded desc = context deadline exceeded"}
{"level":"info","ts":1782495764.198185,"caller":"logger/logger.go:106","msg":"Health check completed","vision":"HEALTHY","ocr":"HEALTHY","speech":"UNHEALTHY"}
{"level":"info","ts":1782495766.224603,"caller":"logger/logger.go:156","msg":"Experiment infer completed","request_id":"954b3dbc200362f1","request_id":"req-SS-static_resilience-run1-4-7-1782495741228-cgrii1qk","scenario":"SS","condition":"static_resilience","run":1,"category":"full","latency_ms":24988}
{"level":"info","ts":1782495766.2246547,"caller":"logger/logger.go:106","msg":"Request served","request_id":"954b3dbc200362f1","status":200,"method":"POST","path":"/api/v1/infer","ip":"[IP-DISAMARKAN]","latency":24.991097858}
{"level":"info","ts":1782495767.6136343,"caller":"logger/logger.go:106","msg":"Request served","request_id":"71906e4a3b87136e","status":200,"method":"GET","path":"/metrics","ip":"[IP-DISAMARKAN]","latency":0.001217019}
{"level":"info","ts":1782495771.3262842,"caller":"logger/logger.go:156","msg":"Experiment infer completed","request_id":"9c2118a3d9cc826b","request_id":"req-SS-static_resilience-run1-2-10-1782495746430-r2mmlckd","scenario":"SS","condition":"static_resilience","run":1,"category":"full","latency_ms":24888}
{"level":"info","ts":1782495771.3263958,"caller":"logger/logger.go:106","msg":"Request served","request_id":"9c2118a3d9cc826b","status":200,"method":"POST","path":"/api/v1/infer","ip":"[IP-DISAMARKAN]","latency":24.891306818}
{"level":"info","ts":1782495772.6160488,"caller":"logger/logger.go:106","msg":"Request served","request_id":"237cd0a690af7709","status":200,"method":"GET","path":"/metrics","ip":"[IP-DISAMARKAN]","latency":0.002182625}
{"level":"info","ts":1782495776.521059,"caller":"logger/logger.go:156","msg":"Experiment infer completed","request_id":"8ee1301b7de1d37d","request_id":"req-SS-static_resilience-run1-1-13-1782495751729-kwmhwq4c","scenario":"SS","condition":"static_resilience","run":1,"category":"full","latency_ms":24782}
{"level":"info","ts":1782495776.5211189,"caller":"logger/logger.go:106","msg":"Request served","request_id":"8ee1301b7de1d37d","status":200,"method":"POST","path":"/api/v1/infer","ip":"[IP-DISAMARKAN]","latency":24.785475853}
{"level":"info","ts":1782495777.6144419,"caller":"logger/logger.go:106","msg":"Request served","request_id":"4e27a30ea6c427dd","status":200,"method":"GET","path":"/metrics","ip":"[IP-DISAMARKAN]","latency":0.001035765}
{"level":"warn","ts":1782495779.1982787,"caller":"logger/logger.go:116","msg":"Worker health check failed","worker":"speech","error":"rpc error: code = DeadlineExceeded desc = context deadline exceeded"}
{"level":"info","ts":1782495779.1985748,"caller":"logger/logger.go:106","msg":"Health check completed","vision":"HEALTHY","ocr":"HEALTHY","speech":"UNHEALTHY"}
{"level":"info","ts":1782495781.9270873,"caller":"logger/logger.go:156","msg":"Experiment infer completed","request_id":"c5e9ef7ea6cccbce","request_id":"req-SS-static_resilience-run1-3-9-1782495756923-32a0490r","scenario":"SS","condition":"static_resilience","run":1,"category":"full","latency_ms":24994}
{"level":"info","ts":1782495781.9273233,"caller":"logger/logger.go:106","msg":"Request served","request_id":"c5e9ef7ea6cccbce","status":200,"method":"POST","path":"/api/v1/infer","ip":"[IP-DISAMARKAN]","latency":24.999189343}
{"level":"info","ts":1782495782.6129405,"caller":"logger/logger.go:106","msg":"Request served","request_id":"ea754a724a5e5f23","status":200,"method":"GET","path":"/metrics","ip":"[IP-DISAMARKAN]","latency":0.000998825}
{"level":"info","ts":1782495787.1157684,"caller":"logger/logger.go:156","msg":"Experiment infer completed","request_id":"f830c72fde4bc54f","request_id":"req-SS-static_resilience-run1-5-7-1782495762118-7du22nba","scenario":"SS","condition":"static_resilience","run":1,"category":"full","latency_ms":24988}
{"level":"info","ts":1782495787.115824,"caller":"logger/logger.go:106","msg":"Request served","request_id":"f830c72fde4bc54f","status":200,"method":"POST","path":"/api/v1/infer","ip":"[IP-DISAMARKAN]","latency":24.991177251}
{"level":"info","ts":1782495787.6138282,"caller":"logger/logger.go:106","msg":"Request served","request_id":"ba6f6264507c3c6a","status":200,"method":"GET","path":"/metrics","ip":"[IP-DISAMARKAN]","latency":0.000888717}
{"level":"info","ts":1782495792.2268949,"caller":"logger/logger.go:156","msg":"Experiment infer completed","request_id":"410a68ad5c807641","request_id":"req-SS-static_resilience-run1-4-8-1782495767225-27pn77vp","scenario":"SS","condition":"static_resilience","run":1,"category":"full","latency_ms":24992}
{"level":"info","ts":1782495792.2269478,"caller":"logger/logger.go:106","msg":"Request served","request_id":"410a68ad5c807641","status":200,"method":"POST","path":"/api/v1/infer","ip":"[IP-DISAMARKAN]","latency":24.994379592}
{"level":"info","ts":1782495792.6129975,"caller":"logger/logger.go:106","msg":"Request served","request_id":"bdc54d6b8b50b2e1","status":200,"method":"GET","path":"/metrics","ip":"[IP-DISAMARKAN]","latency":0.001014095}
{"level":"warn","ts":1782495794.196991,"caller":"logger/logger.go:116","msg":"Worker health check failed","worker":"speech","error":"rpc error: code = DeadlineExceeded desc = context deadline exceeded"}
{"level":"info","ts":1782495794.197377,"caller":"logger/logger.go:106","msg":"Health check completed","vision":"HEALTHY","ocr":"HEALTHY","speech":"UNHEALTHY"}
{"level":"info","ts":1782495797.3181903,"caller":"logger/logger.go:156","msg":"Experiment infer completed","request_id":"2375447fda992a88","request_id":"req-SS-static_resilience-run1-2-11-1782495772328-559mmo5b","scenario":"SS","condition":"static_resilience","run":1,"category":"full","latency_ms":24979}
{"level":"info","ts":1782495797.3182402,"caller":"logger/logger.go:106","msg":"Request served","request_id":"2375447fda992a88","status":200,"method":"POST","path":"/api/v1/infer","ip":"[IP-DISAMARKAN]","latency":24.984336772}
{"level":"info","ts":1782495797.6149273,"caller":"logger/logger.go:106","msg":"Request served","request_id":"4fa9097adde21b32","status":200,"method":"GET","path":"/metrics","ip":"[IP-DISAMARKAN]","latency":0.001882603}
{"level":"error","ts":1782495799.012868,"caller":"logger/logger.go:121","msg":"Server error","request_id":"64ddb8f474050556","status":503,"method":"GET","path":"/api/v1/health","ip":"[IP-DISAMARKAN]","latency":5.017822395,"error":"","stacktrace":"temandifa-backend/internal/logger.Error\n\t/app/internal/logger/logger.go:121\nmain.NewHTTPServer.RequestLogger.func5\n\t/app/internal/middleware/request_logger.go:44\ngithub.com/gin-gonic/gin.(*Context).Next\n\t/go/pkg/mod/github.com/gin-gonic/gin@v1.11.0/context.go:192\nmain.NewHTTPServer.VersionMiddleware.func4\n\t/app/internal/middleware/versioning.go:35\ngithub.com/gin-gonic/gin.(*Context).Next\n\t/go/pkg/mod/github.com/gin-gonic/gin@v1.11.0/context.go:192\nmain.NewHTTPServer.RequestID.func3\n\t/app/internal/middleware/request_id.go:34\ngithub.com/gin-gonic/gin.(*Context).Next\n\t/go/pkg/mod/github.com/gin-gonic/gin@v1.11.0/context.go:192\nmain.NewHTTPServer.MaxBodySize.func2\n\t/app/internal/middleware/security.go:52\ngithub.com/gin-gonic/gin.(*Context).Next\n\t/go/pkg/mod/github.com/gin-gonic/gin@v1.11.0/context.go:192\nmain.NewHTTPServer.SecurityHeaders.func1\n\t/app/internal/middleware/security.go:36\ngithub.com/gin-gonic/gin.(*Context).Next\n\t/go/pkg/mod/github.com/gin-gonic/gin@v1.11.0/context.go:192\ngithub.com/gin-gonic/gin.(*Engine).handleHTTPRequest\n\t/go/pkg/mod/github.com/gin-gonic/gin@v1.11.0/gin.go:689\ngithub.com/gin-gonic/gin.(*Engine).ServeHTTP\n\t/go/pkg/mod/github.com/gin-gonic/gin@v1.11.0/gin.go:643\nnet/http.serverHandler.ServeHTTP\n\t/usr/local/go/src/net/http/server.go:3340\nnet/http.(*conn).serve\n\t/usr/local/go/src/net/http/server.go:2109"}
{"level":"info","ts":1782495802.4212832,"caller":"logger/logger.go:156","msg":"Experiment infer completed","request_id":"f793a812770d2991","request_id":"req-SS-static_resilience-run1-1-14-1782495777523-7pipevm2","scenario":"SS","condition":"static_resilience","run":1,"category":"full","latency_ms":24889}
{"level":"info","ts":1782495802.42134,"caller":"logger/logger.go:106","msg":"Request served","request_id":"f793a812770d2991","status":200,"method":"POST","path":"/api/v1/infer","ip":"[IP-DISAMARKAN]","latency":24.893549031}
{"level":"info","ts":1782495802.6139212,"caller":"logger/logger.go:106","msg":"Request served","request_id":"f7fd888c635281a4","status":200,"method":"GET","path":"/metrics","ip":"[IP-DISAMARKAN]","latency":0.001406035}
{"level":"info","ts":1782495807.6137233,"caller":"logger/logger.go:106","msg":"Request served","request_id":"db8b3287438fd7a6","status":200,"method":"GET","path":"/metrics","ip":"[IP-DISAMARKAN]","latency":0.001093632}
{"level":"info","ts":1782495807.6304953,"caller":"logger/logger.go:156","msg":"Experiment infer completed","request_id":"371652c826ea4f7b","request_id":"req-SS-static_resilience-run1-3-10-1782495782928-vfbl9pia","scenario":"SS","condition":"static_resilience","run":1,"category":"full","latency_ms":24692}
{"level":"info","ts":1782495807.6306443,"caller":"logger/logger.go:106","msg":"Request served","request_id":"371652c826ea4f7b","status":200,"method":"POST","path":"/api/v1/infer","ip":"[IP-DISAMARKAN]","latency":24.696578072}
{"level":"warn","ts":1782495809.1977794,"caller":"logger/logger.go:116","msg":"Worker health check failed","worker":"speech","error":"rpc error: code = DeadlineExceeded desc = context deadline exceeded"}
{"level":"info","ts":1782495809.1981614,"caller":"logger/logger.go:106","msg":"Health check completed","vision":"HEALTHY","ocr":"HEALTHY","speech":"UNHEALTHY"}
{"level":"info","ts":1782495812.6126919,"caller":"logger/logger.go:106","msg":"Request served","request_id":"cb1cccccc3ccc39e","status":200,"method":"GET","path":"/metrics","ip":"[IP-DISAMARKAN]","latency":0.000788761}
{"level":"info","ts":1782495813.0263896,"caller":"logger/logger.go:156","msg":"Experiment infer completed","request_id":"b9ce42b57f658a13","request_id":"req-SS-static_resilience-run1-5-8-1782495788117-uh1w8d4c","scenario":"SS","condition":"static_resilience","run":1,"category":"full","latency_ms":24903}
{"level":"info","ts":1782495813.026438,"caller":"logger/logger.go:106","msg":"Request served","request_id":"b9ce42b57f658a13","status":200,"method":"POST","path":"/api/v1/infer","ip":"[IP-DISAMARKAN]","latency":24.905839811}
{"level":"info","ts":1782495817.613534,"caller":"logger/logger.go:106","msg":"Request served","request_id":"875761023ac54bba","status":200,"method":"GET","path":"/metrics","ip":"[IP-DISAMARKAN]","latency":0.001084982}
{"level":"info","ts":1782495818.1313396,"caller":"logger/logger.go:156","msg":"Experiment infer completed","request_id":"e166c509f294acf3","request_id":"req-SS-static_resilience-run1-4-9-1782495793228-uvbcr47k","scenario":"SS","condition":"static_resilience","run":1,"category":"full","latency_ms":24895}
{"level":"info","ts":1782495818.1313922,"caller":"logger/logger.go:106","msg":"Request served","request_id":"e166c509f294acf3","status":200,"method":"POST","path":"/api/v1/infer","ip":"[IP-DISAMARKAN]","latency":24.897892226}
{"level":"info","ts":1782495822.6135774,"caller":"logger/logger.go:106","msg":"Request served","request_id":"bbd9b13fc40eb9ad","status":200,"method":"GET","path":"/metrics","ip":"[IP-DISAMARKAN]","latency":0.001083293}
{"level":"info","ts":1782495823.4249163,"caller":"logger/logger.go:156","msg":"Experiment infer completed","request_id":"963e8500afeefef9","request_id":"req-SS-static_resilience-run1-2-12-1782495798319-kq2acwdq","scenario":"SS","condition":"static_resilience","run":1,"category":"full","latency_ms":25082}
{"level":"info","ts":1782495823.424975,"caller":"logger/logger.go:106","msg":"Request served","request_id":"963e8500afeefef9","status":200,"method":"POST","path":"/api/v1/infer","ip":"[IP-DISAMARKAN]","latency":25.099836922}
{"level":"warn","ts":1782495824.1979964,"caller":"logger/logger.go:116","msg":"Worker health check failed","worker":"speech","error":"rpc error: code = DeadlineExceeded desc = context deadline exceeded"}
{"level":"info","ts":1782495824.198355,"caller":"logger/logger.go:106","msg":"Health check completed","vision":"HEALTHY","ocr":"HEALTHY","speech":"UNHEALTHY"}
{"level":"info","ts":1782495827.6142383,"caller":"logger/logger.go:106","msg":"Request served","request_id":"0776285828285531","status":200,"method":"GET","path":"/metrics","ip":"[IP-DISAMARKAN]","latency":0.00081885}
{"level":"info","ts":1782495828.6170442,"caller":"logger/logger.go:156","msg":"Experiment infer completed","request_id":"c4c5dd444211e5e7","request_id":"req-SS-static_resilience-run1-1-15-1782495803424-fet4a5w5","scenario":"SS","condition":"static_resilience","run":1,"category":"full","latency_ms":25182}
{"level":"info","ts":1782495828.6170983,"caller":"logger/logger.go:106","msg":"Request served","request_id":"c4c5dd444211e5e7","status":200,"method":"POST","path":"/api/v1/infer","ip":"[IP-DISAMARKAN]","latency":25.186176951}
{"level":"info","ts":1782495832.6133664,"caller":"logger/logger.go:106","msg":"Request served","request_id":"52b7860d46ba7f0d","status":200,"method":"GET","path":"/metrics","ip":"[IP-DISAMARKAN]","latency":0.000888727}
{"level":"info","ts":1782495833.8160887,"caller":"logger/logger.go:156","msg":"Experiment infer completed","request_id":"ac1ecd594a5188ee","request_id":"req-SS-static_resilience-run1-3-11-1782495808632-z07qkzf6","scenario":"SS","condition":"static_resilience","run":1,"category":"full","latency_ms":25177}
{"level":"info","ts":1782495833.816146,"caller":"logger/logger.go:106","msg":"Request served","request_id":"ac1ecd594a5188ee","status":200,"method":"POST","path":"/api/v1/infer","ip":"[IP-DISAMARKAN]","latency":25.180345724}
{"level":"info","ts":1782495833.8163655,"caller":"logger/logger.go:106","msg":"Request served","request_id":"60276e614d6d6067","status":200,"method":"GET","path":"/api/v1/health","ip":"[IP-DISAMARKAN]","latency":4.756731556}
{"level":"info","ts":1782495837.6148572,"caller":"logger/logger.go:106","msg":"Request served","request_id":"6fbe01e79014a2a5","status":200,"method":"GET","path":"/metrics","ip":"[IP-DISAMARKAN]","latency":0.000872528}
{"level":"info","ts":1782495838.9206698,"caller":"logger/logger.go:156","msg":"Experiment infer completed","request_id":"9ace07b974539d1a","request_id":"req-SS-static_resilience-run1-5-9-1782495814027-4l0q77s8","scenario":"SS","condition":"static_resilience","run":1,"category":"full","latency_ms":24884}
{"level":"info","ts":1782495838.9207196,"caller":"logger/logger.go:106","msg":"Request served","request_id":"9ace07b974539d1a","status":200,"method":"POST","path":"/api/v1/infer","ip":"[IP-DISAMARKAN]","latency":24.88679696}
{"level":"info","ts":1782495838.9214869,"caller":"logger/logger.go:106","msg":"Health check completed","vision":"HEALTHY","ocr":"HEALTHY","speech":"HEALTHY"}
{"level":"info","ts":1782495842.614697,"caller":"logger/logger.go:106","msg":"Request served","request_id":"2b79f2334a266828","status":200,"method":"GET","path":"/metrics","ip":"[IP-DISAMARKAN]","latency":0.001245129}
{"level":"info","ts":1782495844.3160594,"caller":"logger/logger.go:156","msg":"Experiment infer completed","request_id":"1078d7f359ad92e0","request_id":"req-SS-static_resilience-run1-4-10-1782495819133-r4qqsaju","scenario":"SS","condition":"static_resilience","run":1,"category":"full","latency_ms":25176}
{"level":"info","ts":1782495844.3161192,"caller":"logger/logger.go:106","msg":"Request served","request_id":"1078d7f359ad92e0","status":200,"method":"POST","path":"/api/v1/infer","ip":"[IP-DISAMARKAN]","latency":25.17931878}
{"level":"info","ts":1782495847.614514,"caller":"logger/logger.go:106","msg":"Request served","request_id":"012400bf477be829","status":200,"method":"GET","path":"/metrics","ip":"[IP-DISAMARKAN]","latency":0.001018585}
{"level":"info","ts":1782495849.4267397,"caller":"logger/logger.go:156","msg":"Experiment infer completed","request_id":"39fc0d31b06a16f5","request_id":"req-SS-static_resilience-run1-2-13-1782495824426-52zui4oi","scenario":"SS","condition":"static_resilience","run":1,"category":"full","latency_ms":24990}
{"level":"info","ts":1782495849.427007,"caller":"logger/logger.go:106","msg":"Request served","request_id":"39fc0d31b06a16f5","status":200,"method":"POST","path":"/api/v1/infer","ip":"[IP-DISAMARKAN]","latency":24.995077304}
{"level":"info","ts":1782495852.6160865,"caller":"logger/logger.go:106","msg":"Request served","request_id":"18e7d9878ee93195","status":200,"method":"GET","path":"/metrics","ip":"[IP-DISAMARKAN]","latency":0.000932426}
{"level":"warn","ts":1782495854.1982331,"caller":"logger/logger.go:116","msg":"Worker health check failed","worker":"speech","error":"rpc error: code = DeadlineExceeded desc = context deadline exceeded"}
{"level":"info","ts":1782495854.1985288,"caller":"logger/logger.go:106","msg":"Health check completed","vision":"HEALTHY","ocr":"HEALTHY","speech":"UNHEALTHY"}
{"level":"info","ts":1782495854.7173288,"caller":"logger/logger.go:156","msg":"Experiment infer completed","request_id":"55ac28190079e217","request_id":"req-SS-static_resilience-run1-1-16-1782495829619-903rvfyw","scenario":"SS","condition":"static_resilience","run":1,"category":"full","latency_ms":25087}
{"level":"info","ts":1782495854.7175205,"caller":"logger/logger.go:106","msg":"Request served","request_id":"55ac28190079e217","status":200,"method":"POST","path":"/api/v1/infer","ip":"[IP-DISAMARKAN]","latency":25.091411749}
{"level":"info","ts":1782495857.6129315,"caller":"logger/logger.go:106","msg":"Request served","request_id":"9ebd481c17a258fb","status":200,"method":"GET","path":"/metrics","ip":"[IP-DISAMARKAN]","latency":0.001085183}
{"level":"info","ts":1782495859.8326938,"caller":"logger/logger.go:156","msg":"Experiment infer completed","request_id":"e53663506adc2fc4","request_id":"req-SS-static_resilience-run1-3-12-1782495834816-jhdr0ew5","scenario":"SS","condition":"static_resilience","run":1,"category":"full","latency_ms":25004}
{"level":"info","ts":1782495859.8327503,"caller":"logger/logger.go:106","msg":"Request served","request_id":"e53663506adc2fc4","status":200,"method":"POST","path":"/api/v1/infer","ip":"[IP-DISAMARKAN]","latency":25.009622742}
{"level":"info","ts":1782495862.6148314,"caller":"logger/logger.go:106","msg":"Request served","request_id":"d4a00ed6c2519a8c","status":200,"method":"GET","path":"/metrics","ip":"[IP-DISAMARKAN]","latency":0.001370275}
{"level":"info","ts":1782495865.1206114,"caller":"logger/logger.go:156","msg":"Experiment infer completed","request_id":"c58088f49fc37866","request_id":"req-SS-static_resilience-run1-5-10-1782495839922-pjbpk1qy","scenario":"SS","condition":"static_resilience","run":1,"category":"full","latency_ms":25191}
{"level":"info","ts":1782495865.120824,"caller":"logger/logger.go:106","msg":"Request served","request_id":"c58088f49fc37866","status":200,"method":"POST","path":"/api/v1/infer","ip":"[IP-DISAMARKAN]","latency":25.194526352}
{"level":"info","ts":1782495867.6144533,"caller":"logger/logger.go:106","msg":"Request served","request_id":"95f120e0705a3062","status":200,"method":"GET","path":"/metrics","ip":"[IP-DISAMARKAN]","latency":0.001040663}
{"level":"error","ts":1782495868.913537,"caller":"logger/logger.go:121","msg":"Server error","request_id":"68b226cc322c02ae","status":503,"method":"GET","path":"/api/v1/health","ip":"[IP-DISAMARKAN]","latency":5.03460875,"error":"","stacktrace":"temandifa-backend/internal/logger.Error\n\t/app/internal/logger/logger.go:121\nmain.NewHTTPServer.RequestLogger.func5\n\t/app/internal/middleware/request_logger.go:44\ngithub.com/gin-gonic/gin.(*Context).Next\n\t/go/pkg/mod/github.com/gin-gonic/gin@v1.11.0/context.go:192\nmain.NewHTTPServer.VersionMiddleware.func4\n\t/app/internal/middleware/versioning.go:35\ngithub.com/gin-gonic/gin.(*Context).Next\n\t/go/pkg/mod/github.com/gin-gonic/gin@v1.11.0/context.go:192\nmain.NewHTTPServer.RequestID.func3\n\t/app/internal/middleware/request_id.go:34\ngithub.com/gin-gonic/gin.(*Context).Next\n\t/go/pkg/mod/github.com/gin-gonic/gin@v1.11.0/context.go:192\nmain.NewHTTPServer.MaxBodySize.func2\n\t/app/internal/middleware/security.go:52\ngithub.com/gin-gonic/gin.(*Context).Next\n\t/go/pkg/mod/github.com/gin-gonic/gin@v1.11.0/context.go:192\nmain.NewHTTPServer.SecurityHeaders.func1\n\t/app/internal/middleware/security.go:36\ngithub.com/gin-gonic/gin.(*Context).Next\n\t/go/pkg/mod/github.com/gin-gonic/gin@v1.11.0/context.go:192\ngithub.com/gin-gonic/gin.(*Engine).handleHTTPRequest\n\t/go/pkg/mod/github.com/gin-gonic/gin@v1.11.0/gin.go:689\ngithub.com/gin-gonic/gin.(*Engine).ServeHTTP\n\t/go/pkg/mod/github.com/gin-gonic/gin@v1.11.0/gin.go:643\nnet/http.serverHandler.ServeHTTP\n\t/usr/local/go/src/net/http/server.go:3340\nnet/http.(*conn).serve\n\t/usr/local/go/src/net/http/server.go:2109"}
{"level":"warn","ts":1782495869.1978705,"caller":"logger/logger.go:116","msg":"Worker health check failed","worker":"speech","error":"rpc error: code = DeadlineExceeded desc = context deadline exceeded"}
{"level":"info","ts":1782495869.198367,"caller":"logger/logger.go:106","msg":"Health check completed","vision":"HEALTHY","ocr":"HEALTHY","speech":"UNHEALTHY"}
{"level":"info","ts":1782495870.524404,"caller":"logger/logger.go:156","msg":"Experiment infer completed","request_id":"d5637da26565bc83","request_id":"req-SS-static_resilience-run1-4-11-1782495845316-etwv2ibu","scenario":"SS","condition":"static_resilience","run":1,"category":"full","latency_ms":25198}
{"level":"info","ts":1782495870.524453,"caller":"logger/logger.go:106","msg":"Request served","request_id":"d5637da26565bc83","status":200,"method":"POST","path":"/api/v1/infer","ip":"[IP-DISAMARKAN]","latency":25.202394216}
{"level":"info","ts":1782495872.6154664,"caller":"logger/logger.go:106","msg":"Request served","request_id":"d5f8e050e13e80a3","status":200,"method":"GET","path":"/metrics","ip":"[IP-DISAMARKAN]","latency":0.001048364}
{"level":"info","ts":1782495875.7196147,"caller":"logger/logger.go:156","msg":"Experiment infer completed","request_id":"ba0ce1f00c9e251f","request_id":"req-SS-static_resilience-run1-2-14-1782495850427-ttbyzk55","scenario":"SS","condition":"static_resilience","run":1,"category":"full","latency_ms":25282}
{"level":"info","ts":1782495875.719668,"caller":"logger/logger.go:106","msg":"Request served","request_id":"ba0ce1f00c9e251f","status":200,"method":"POST","path":"/api/v1/infer","ip":"[IP-DISAMARKAN]","latency":25.287096289}
{"level":"info","ts":1782495877.6161494,"caller":"logger/logger.go:106","msg":"Request served","request_id":"f0c5ef808a3c5a70","status":200,"method":"GET","path":"/metrics","ip":"[IP-DISAMARKAN]","latency":0.003059133}
{"level":"info","ts":1782495880.9171462,"caller":"logger/logger.go:156","msg":"Experiment infer completed","request_id":"2db34a165706a188","request_id":"req-SS-static_resilience-run1-1-17-1782495855718-yzbjo4t8","scenario":"SS","condition":"static_resilience","run":1,"category":"full","latency_ms":25187}
{"level":"info","ts":1782495880.9172018,"caller":"logger/logger.go:106","msg":"Request served","request_id":"2db34a165706a188","status":200,"method":"POST","path":"/api/v1/infer","ip":"[IP-DISAMARKAN]","latency":25.19059924}
{"level":"info","ts":1782495882.6130712,"caller":"logger/logger.go:106","msg":"Request served","request_id":"071f38ebbb692111","status":200,"method":"GET","path":"/metrics","ip":"[IP-DISAMARKAN]","latency":0.001006745}
{"level":"warn","ts":1782495884.1978455,"caller":"logger/logger.go:116","msg":"Worker health check failed","worker":"speech","error":"rpc error: code = DeadlineExceeded desc = context deadline exceeded"}
{"level":"info","ts":1782495884.198221,"caller":"logger/logger.go:106","msg":"Health check completed","vision":"HEALTHY","ocr":"HEALTHY","speech":"UNHEALTHY"}
{"level":"info","ts":1782495886.0314968,"caller":"logger/logger.go:156","msg":"Experiment infer completed","request_id":"41d982508c66372f","request_id":"req-SS-static_resilience-run1-3-13-1782495860834-z3x3zf6n","scenario":"SS","condition":"static_resilience","run":1,"category":"full","latency_ms":25191}
{"level":"info","ts":1782495886.0317183,"caller":"logger/logger.go:106","msg":"Request served","request_id":"41d982508c66372f","status":200,"method":"POST","path":"/api/v1/infer","ip":"[IP-DISAMARKAN]","latency":25.193865895}
{"level":"info","ts":1782495887.613236,"caller":"logger/logger.go:106","msg":"Request served","request_id":"0676ae5389775677","status":200,"method":"GET","path":"/metrics","ip":"[IP-DISAMARKAN]","latency":0.001300337}
{"level":"info","ts":1782495891.3281083,"caller":"logger/logger.go:156","msg":"Experiment infer completed","request_id":"0d537af78bb0d31e","request_id":"req-SS-static_resilience-run1-5-11-1782495866121-f084rohz","scenario":"SS","condition":"static_resilience","run":1,"category":"full","latency_ms":25195}
{"level":"info","ts":1782495891.3281622,"caller":"logger/logger.go:106","msg":"Request served","request_id":"0d537af78bb0d31e","status":200,"method":"POST","path":"/api/v1/infer","ip":"[IP-DISAMARKAN]","latency":25.198900043}
{"level":"info","ts":1782495892.6161451,"caller":"logger/logger.go:106","msg":"Request served","request_id":"20d96d8360fe984f","status":200,"method":"GET","path":"/metrics","ip":"[IP-DISAMARKAN]","latency":0.002668192}
{"level":"info","ts":1782495896.4341187,"caller":"logger/logger.go:156","msg":"Experiment infer completed","request_id":"33f0c76182b7e419","request_id":"req-SS-static_resilience-run1-4-12-1782495871525-gfv2cnwz","scenario":"SS","condition":"static_resilience","run":1,"category":"full","latency_ms":24901}
{"level":"info","ts":1782495896.434172,"caller":"logger/logger.go:106","msg":"Request served","request_id":"33f0c76182b7e419","status":200,"method":"POST","path":"/api/v1/infer","ip":"[IP-DISAMARKAN]","latency":24.904716136}
{"level":"info","ts":1782495897.6133337,"caller":"logger/logger.go:106","msg":"Request served","request_id":"d6aa890ea9f3565b","status":200,"method":"GET","path":"/metrics","ip":"[IP-DISAMARKAN]","latency":0.000938747}
{"level":"warn","ts":1782495899.1970975,"caller":"logger/logger.go:116","msg":"Worker health check failed","worker":"speech","error":"rpc error: code = DeadlineExceeded desc = context deadline exceeded"}
{"level":"info","ts":1782495899.1974485,"caller":"logger/logger.go:106","msg":"Health check completed","vision":"HEALTHY","ocr":"HEALTHY","speech":"UNHEALTHY"}
{"level":"info","ts":1782495901.8159835,"caller":"logger/logger.go:156","msg":"Experiment infer completed","request_id":"0673f6227a230168","request_id":"req-SS-static_resilience-run1-2-15-1782495876721-35ox0eol","scenario":"SS","condition":"static_resilience","run":1,"category":"full","latency_ms":25085}
{"level":"info","ts":1782495901.8162313,"caller":"logger/logger.go:106","msg":"Request served","request_id":"0673f6227a230168","status":200,"method":"POST","path":"/api/v1/infer","ip":"[IP-DISAMARKAN]","latency":25.08873926}
{"level":"info","ts":1782495902.6146874,"caller":"logger/logger.go:106","msg":"Request served","request_id":"4a81969ba1567fa7","status":200,"method":"GET","path":"/metrics","ip":"[IP-DISAMARKAN]","latency":0.001249389}
{"level":"error","ts":1782495904.01118,"caller":"logger/logger.go:121","msg":"Server error","request_id":"93555c6fcfaa8e04","status":503,"method":"GET","path":"/api/v1/health","ip":"[IP-DISAMARKAN]","latency":5.049955544,"error":"","stacktrace":"temandifa-backend/internal/logger.Error\n\t/app/internal/logger/logger.go:121\nmain.NewHTTPServer.RequestLogger.func5\n\t/app/internal/middleware/request_logger.go:44\ngithub.com/gin-gonic/gin.(*Context).Next\n\t/go/pkg/mod/github.com/gin-gonic/gin@v1.11.0/context.go:192\nmain.NewHTTPServer.VersionMiddleware.func4\n\t/app/internal/middleware/versioning.go:35\ngithub.com/gin-gonic/gin.(*Context).Next\n\t/go/pkg/mod/github.com/gin-gonic/gin@v1.11.0/context.go:192\nmain.NewHTTPServer.RequestID.func3\n\t/app/internal/middleware/request_id.go:34\ngithub.com/gin-gonic/gin.(*Context).Next\n\t/go/pkg/mod/github.com/gin-gonic/gin@v1.11.0/context.go:192\nmain.NewHTTPServer.MaxBodySize.func2\n\t/app/internal/middleware/security.go:52\ngithub.com/gin-gonic/gin.(*Context).Next\n\t/go/pkg/mod/github.com/gin-gonic/gin@v1.11.0/context.go:192\nmain.NewHTTPServer.SecurityHeaders.func1\n\t/app/internal/middleware/security.go:36\ngithub.com/gin-gonic/gin.(*Context).Next\n\t/go/pkg/mod/github.com/gin-gonic/gin@v1.11.0/context.go:192\ngithub.com/gin-gonic/gin.(*Engine).handleHTTPRequest\n\t/go/pkg/mod/github.com/gin-gonic/gin@v1.11.0/gin.go:689\ngithub.com/gin-gonic/gin.(*Engine).ServeHTTP\n\t/go/pkg/mod/github.com/gin-gonic/gin@v1.11.0/gin.go:643\nnet/http.serverHandler.ServeHTTP\n\t/usr/local/go/src/net/http/server.go:3340\nnet/http.(*conn).serve\n\t/usr/local/go/src/net/http/server.go:2109"}
{"level":"info","ts":1782495907.0276752,"caller":"logger/logger.go:156","msg":"Experiment infer completed","request_id":"7382a7e6929065c8","request_id":"req-SS-static_resilience-run1-1-18-1782495881918-9m1pfvax","scenario":"SS","condition":"static_resilience","run":1,"category":"full","latency_ms":25100}
{"level":"info","ts":1782495907.027728,"caller":"logger/logger.go:106","msg":"Request served","request_id":"7382a7e6929065c8","status":200,"method":"POST","path":"/api/v1/infer","ip":"[IP-DISAMARKAN]","latency":25.104207691}
{"level":"info","ts":1782495907.6145816,"caller":"logger/logger.go:106","msg":"Request served","request_id":"6f1860b9ecbbde4a","status":200,"method":"GET","path":"/metrics","ip":"[IP-DISAMARKAN]","latency":0.001164321}
{"level":"info","ts":1782495912.2169156,"caller":"logger/logger.go:156","msg":"Experiment infer completed","request_id":"4dc698aa5e2ca79e","request_id":"req-SS-static_resilience-run1-3-14-1782495887033-v3g9iwmp","scenario":"SS","condition":"static_resilience","run":1,"category":"full","latency_ms":25176}
{"level":"info","ts":1782495912.2169745,"caller":"logger/logger.go:106","msg":"Request served","request_id":"4dc698aa5e2ca79e","status":200,"method":"POST","path":"/api/v1/infer","ip":"[IP-DISAMARKAN]","latency":25.179858698}
{"level":"info","ts":1782495912.6135726,"caller":"logger/logger.go:106","msg":"Request served","request_id":"a9cdf2ad1efb3f35","status":200,"method":"GET","path":"/metrics","ip":"[IP-DISAMARKAN]","latency":0.001040693}
{"level":"warn","ts":1782495914.1970835,"caller":"logger/logger.go:116","msg":"Worker health check failed","worker":"speech","error":"rpc error: code = DeadlineExceeded desc = context deadline exceeded"}
{"level":"info","ts":1782495914.1974604,"caller":"logger/logger.go:106","msg":"Health check completed","vision":"HEALTHY","ocr":"HEALTHY","speech":"UNHEALTHY"}
{"level":"info","ts":1782495917.3160725,"caller":"logger/logger.go:156","msg":"Experiment infer completed","request_id":"0ad2c7d50377d14e","request_id":"req-SS-static_resilience-run1-5-12-1782495892329-6rarqrl5","scenario":"SS","condition":"static_resilience","run":1,"category":"full","latency_ms":24978}
{"level":"info","ts":1782495917.3161263,"caller":"logger/logger.go:106","msg":"Request served","request_id":"0ad2c7d50377d14e","status":200,"method":"POST","path":"/api/v1/infer","ip":"[IP-DISAMARKAN]","latency":24.981866259}
{"level":"info","ts":1782495917.6144254,"caller":"logger/logger.go:106","msg":"Request served","request_id":"253dd27fd8f81c8e","status":200,"method":"GET","path":"/metrics","ip":"[IP-DISAMARKAN]","latency":0.001761905}
{"level":"info","ts":1782495922.5218961,"caller":"logger/logger.go:156","msg":"Experiment infer completed","request_id":"8665c5535437ba05","request_id":"req-SS-static_resilience-run1-4-13-1782495897435-g26v9odz","scenario":"SS","condition":"static_resilience","run":1,"category":"full","latency_ms":25080}
{"level":"info","ts":1782495922.52196,"caller":"logger/logger.go:106","msg":"Request served","request_id":"8665c5535437ba05","status":200,"method":"POST","path":"/api/v1/infer","ip":"[IP-DISAMARKAN]","latency":25.082749001}
{"level":"info","ts":1782495922.6139727,"caller":"logger/logger.go:106","msg":"Request served","request_id":"0e623b18b77c895c","status":200,"method":"GET","path":"/metrics","ip":"[IP-DISAMARKAN]","latency":0.001301137}
{"level":"info","ts":1782495924.2144446,"caller":"logger/logger.go:106","msg":"Health check completed","vision":"HEALTHY","ocr":"HEALTHY","speech":"HEALTHY"}
{"level":"info","ts":1782495927.6141472,"caller":"logger/logger.go:106","msg":"Request served","request_id":"225047bb552b18a0","status":200,"method":"GET","path":"/metrics","ip":"[IP-DISAMARKAN]","latency":0.001289158}
{"level":"info","ts":1782495927.7273188,"caller":"logger/logger.go:156","msg":"Experiment infer completed","request_id":"bd251a04027acba2","request_id":"req-SS-static_resilience-run1-2-16-1782495902819-leje8ihe","scenario":"SS","condition":"static_resilience","run":1,"category":"full","latency_ms":24896}
{"level":"info","ts":1782495927.7273755,"caller":"logger/logger.go:106","msg":"Request served","request_id":"bd251a04027acba2","status":200,"method":"POST","path":"/api/v1/infer","ip":"[IP-DISAMARKAN]","latency":24.900360745}
{"level":"info","ts":1782495932.6152322,"caller":"logger/logger.go:106","msg":"Request served","request_id":"4fa5fc0da7ab504d","status":200,"method":"GET","path":"/metrics","ip":"[IP-DISAMARKAN]","latency":0.001011855}
{"level":"info","ts":1782495933.118399,"caller":"logger/logger.go:156","msg":"Experiment infer completed","request_id":"65c45b407eb4d9cd","request_id":"req-SS-static_resilience-run1-1-19-1782495908029-go18ztds","scenario":"SS","condition":"static_resilience","run":1,"category":"full","latency_ms":25081}
{"level":"info","ts":1782495933.11845,"caller":"logger/logger.go:106","msg":"Request served","request_id":"65c45b407eb4d9cd","status":200,"method":"POST","path":"/api/v1/infer","ip":"[IP-DISAMARKAN]","latency":25.084485914}
{"level":"info","ts":1782495934.0398047,"caller":"logger/logger.go:106","msg":"Request served","request_id":"82f8b3084355177b","status":200,"method":"GET","path":"/api/v1/health","ip":"[IP-DISAMARKAN]","latency":0.011007563}
{"level":"info","ts":1782495937.614679,"caller":"logger/logger.go:106","msg":"Request served","request_id":"5258bb001b6052dd","status":200,"method":"GET","path":"/metrics","ip":"[IP-DISAMARKAN]","latency":0.001100082}
{"level":"info","ts":1782495938.229002,"caller":"logger/logger.go:156","msg":"Experiment infer completed","request_id":"795ff58fe720c465","request_id":"req-SS-static_resilience-run1-3-15-1782495913218-lmu9ikxo","scenario":"SS","condition":"static_resilience","run":1,"category":"full","latency_ms":25000}
{"level":"info","ts":1782495938.2290695,"caller":"logger/logger.go:106","msg":"Request served","request_id":"795ff58fe720c465","status":200,"method":"POST","path":"/api/v1/infer","ip":"[IP-DISAMARKAN]","latency":25.004794631}
{"level":"info","ts":1782495939.2131684,"caller":"logger/logger.go:106","msg":"Health check completed","vision":"HEALTHY","ocr":"HEALTHY","speech":"HEALTHY"}
{"level":"info","ts":1782495942.6129692,"caller":"logger/logger.go:106","msg":"Request served","request_id":"610eb2600983be86","status":200,"method":"GET","path":"/metrics","ip":"[IP-DISAMARKAN]","latency":0.000980545}
{"level":"info","ts":1782495943.5159698,"caller":"logger/logger.go:156","msg":"Experiment infer completed","request_id":"80a2246837b4dcc1","request_id":"req-SS-static_resilience-run1-1-20-1782495934119-ztc494ko","scenario":"SS","condition":"static_resilience","run":1,"category":"full","latency_ms":9385}
{"level":"info","ts":1782495943.5160317,"caller":"logger/logger.go:106","msg":"Request served","request_id":"80a2246837b4dcc1","status":200,"method":"POST","path":"/api/v1/infer","ip":"[IP-DISAMARKAN]","latency":9.391336911}
{"level":"info","ts":1782495944.8284986,"caller":"logger/logger.go:106","msg":"ExperimentService","event":"run_ended","run_id":1}
{"level":"info","ts":1782495944.828627,"caller":"logger/logger.go:106","msg":"Request served","request_id":"7489e04c221a350c","status":200,"method":"POST","path":"/api/v1/experiments/runs/1/end","ip":"[IP-DISAMARKAN]","latency":0.00204726}
{"level":"info","ts":1782495947.6127956,"caller":"logger/logger.go:106","msg":"Request served","request_id":"2197708c9acc9350","status":200,"method":"GET","path":"/metrics","ip":"[IP-DISAMARKAN]","latency":0.00079784}