{"level":"info","ts":1782628382.6137176,"caller":"logger/logger.go:106","msg":"Request served","request_id":"d33470ffbc22c391","status":200,"method":"GET","path":"/metrics","ip":"[IP-DISAMARKAN]","latency":0.000898546}
{"level":"info","ts":1782628385.4939637,"caller":"logger/logger.go:156","msg":"Experiment infer completed","request_id":"req-B3-treatment-run1-2-2-1782628376085-fxsavex8","request_id":"req-B3-treatment-run1-2-2-1782628376085-fxsavex8","scenario":"B3","condition":"treatment","run":1,"category":"full","latency_ms":9400}
{"level":"info","ts":1782628385.494037,"caller":"logger/logger.go:106","msg":"Request served","request_id":"req-B3-treatment-run1-2-2-1782628376085-fxsavex8","status":200,"method":"POST","path":"/api/v1/infer","ip":"[IP-DISAMARKAN]","latency":9.403169617}
{"level":"info","ts":1782628387.2773182,"caller":"logger/logger.go:106","msg":"Health check completed","vision":"HEALTHY","ocr":"HEALTHY","speech":"HEALTHY"}
{"level":"info","ts":1782628387.613429,"caller":"logger/logger.go:106","msg":"Request served","request_id":"ca9880c5963ac875","status":200,"method":"GET","path":"/metrics","ip":"[IP-DISAMARKAN]","latency":0.000896938}
{"level":"info","ts":1782628390.6831517,"caller":"logger/logger.go:156","msg":"Experiment infer completed","request_id":"req-B3-treatment-run1-1-7-1782628381288-mo61sl9e","request_id":"req-B3-treatment-run1-1-7-1782628381288-mo61sl9e","scenario":"B3","condition":"treatment","run":1,"category":"full","latency_ms":9384}
{"level":"info","ts":1782628390.683206,"caller":"logger/logger.go:106","msg":"Request served","request_id":"req-B3-treatment-run1-1-7-1782628381288-mo61sl9e","status":200,"method":"POST","path":"/api/v1/infer","ip":"[IP-DISAMARKAN]","latency":9.387901972}
{"level":"info","ts":1782628392.381292,"caller":"logger/logger.go:106","msg":"Request served","request_id":"42fee536d7f8c580","status":200,"method":"GET","path":"/api/v1/health","ip":"::1","latency":0.04311478}
{"level":"info","ts":1782628392.6134102,"caller":"logger/logger.go:106","msg":"Request served","request_id":"7e87b1b29e39dfa2","status":200,"method":"GET","path":"/metrics","ip":"[IP-DISAMARKAN]","latency":0.000859268}
{"level":"info","ts":1782628395.7946947,"caller":"logger/logger.go:156","msg":"Experiment infer completed","request_id":"req-B3-treatment-run1-2-3-1782628386495-z3icxpfq","request_id":"req-B3-treatment-run1-2-3-1782628386495-z3icxpfq","scenario":"B3","condition":"treatment","run":1,"category":"full","latency_ms":9292}
{"level":"info","ts":1782628395.79493,"caller":"logger/logger.go:106","msg":"Request served","request_id":"req-B3-treatment-run1-2-3-1782628386495-z3icxpfq","status":200,"method":"POST","path":"/api/v1/infer","ip":"[IP-DISAMARKAN]","latency":9.295215747}
{"level":"info","ts":1782628397.61335,"caller":"logger/logger.go:106","msg":"Request served","request_id":"bc4603defd92418f","status":200,"method":"GET","path":"/metrics","ip":"[IP-DISAMARKAN]","latency":0.00081696}
{"level":"info","ts":1782628401.2009096,"caller":"logger/logger.go:156","msg":"Experiment infer completed","request_id":"req-B3-treatment-run1-4-0-1782628388760-pibxl2ky","request_id":"req-B3-treatment-run1-4-0-1782628388760-pibxl2ky","scenario":"B3","condition":"treatment","run":1,"category":"full","latency_ms":12432}
{"level":"info","ts":1782628401.200958,"caller":"logger/logger.go:106","msg":"Request served","request_id":"req-B3-treatment-run1-4-0-1782628388760-pibxl2ky","status":200,"method":"POST","path":"/api/v1/infer","ip":"[IP-DISAMARKAN]","latency":12.435228741}
{"level":"info","ts":1782628402.2811544,"caller":"logger/logger.go:106","msg":"Health check completed","vision":"HEALTHY","ocr":"HEALTHY","speech":"HEALTHY"}
{"level":"info","ts":1782628402.6132922,"caller":"logger/logger.go:106","msg":"Request served","request_id":"c3cd9e345ae3be17","status":200,"method":"GET","path":"/metrics","ip":"[IP-DISAMARKAN]","latency":0.001321847}
{"level":"info","ts":1782628406.4831927,"caller":"logger/logger.go:156","msg":"Experiment infer completed","request_id":"req-B3-treatment-run1-1-8-1782628391685-6t6579of","request_id":"req-B3-treatment-run1-1-8-1782628391685-6t6579of","scenario":"B3","condition":"treatment","run":1,"category":"full","latency_ms":14790}
{"level":"info","ts":1782628406.483251,"caller":"logger/logger.go:106","msg":"Request served","request_id":"req-B3-treatment-run1-1-8-1782628391685-6t6579of","status":200,"method":"POST","path":"/api/v1/infer","ip":"[IP-DISAMARKAN]","latency":14.792941044}
{"level":"info","ts":1782628407.613542,"caller":"logger/logger.go:106","msg":"Request served","request_id":"311131584d33ff3a","status":200,"method":"GET","path":"/metrics","ip":"[IP-DISAMARKAN]","latency":0.000876839}
{"level":"info","ts":1782628411.7845001,"caller":"logger/logger.go:156","msg":"Experiment infer completed","request_id":"req-B3-treatment-run1-2-4-1782628396799-z8x2w52n","request_id":"req-B3-treatment-run1-2-4-1782628396799-z8x2w52n","scenario":"B3","condition":"treatment","run":1,"category":"full","latency_ms":14976}
{"level":"info","ts":1782628411.7845511,"caller":"logger/logger.go:106","msg":"Request served","request_id":"req-B3-treatment-run1-2-4-1782628396799-z8x2w52n","status":200,"method":"POST","path":"/api/v1/infer","ip":"[IP-DISAMARKAN]","latency":14.980670038}
{"level":"info","ts":1782628412.6137033,"caller":"logger/logger.go:106","msg":"Request served","request_id":"2c26853e0e5b29b4","status":200,"method":"GET","path":"/metrics","ip":"[IP-DISAMARKAN]","latency":0.000821441}
{"level":"info","ts":1782628416.900227,"caller":"logger/logger.go:156","msg":"Experiment infer completed","request_id":"req-B3-treatment-run1-4-1-1782628402202-m2bodzcl","request_id":"req-B3-treatment-run1-4-1-1782628402202-m2bodzcl","scenario":"B3","condition":"treatment","run":1,"category":"full","latency_ms":14691}
{"level":"info","ts":1782628416.9002876,"caller":"logger/logger.go:106","msg":"Request served","request_id":"req-B3-treatment-run1-4-1-1782628402202-m2bodzcl","status":200,"method":"POST","path":"/api/v1/infer","ip":"[IP-DISAMARKAN]","latency":14.693745448}
{"level":"info","ts":1782628417.277936,"caller":"logger/logger.go:106","msg":"Health check completed","vision":"HEALTHY","ocr":"HEALTHY","speech":"HEALTHY"}
{"level":"info","ts":1782628417.6127117,"caller":"logger/logger.go:106","msg":"Request served","request_id":"e1f560fc476a3a8c","status":200,"method":"GET","path":"/metrics","ip":"[IP-DISAMARKAN]","latency":0.00084147}
{"level":"info","ts":1782628422.0939608,"caller":"logger/logger.go:156","msg":"Experiment infer completed","request_id":"req-B3-treatment-run1-1-9-1782628407484-or0y2zg1","request_id":"req-B3-treatment-run1-1-9-1782628407484-or0y2zg1","scenario":"B3","condition":"treatment","run":1,"category":"full","latency_ms":14601}
{"level":"info","ts":1782628422.0940282,"caller":"logger/logger.go:106","msg":"Request served","request_id":"req-B3-treatment-run1-1-9-1782628407484-or0y2zg1","status":200,"method":"POST","path":"/api/v1/infer","ip":"[IP-DISAMARKAN]","latency":14.605014983}
{"level":"info","ts":1782628422.4815412,"caller":"logger/logger.go:106","msg":"Request served","request_id":"5f9c36c344a499c7","status":200,"method":"GET","path":"/api/v1/health","ip":"::1","latency":0.046272201}
{"level":"info","ts":1782628422.6136756,"caller":"logger/logger.go:106","msg":"Request served","request_id":"b0ec1131162736bc","status":200,"method":"GET","path":"/metrics","ip":"[IP-DISAMARKAN]","latency":0.001068823}
{"level":"info","ts":1782628427.2931468,"caller":"logger/logger.go:156","msg":"Experiment infer completed","request_id":"req-B3-treatment-run1-2-5-1782628412786-fr4e9sb3","request_id":"req-B3-treatment-run1-2-5-1782628412786-fr4e9sb3","scenario":"B3","condition":"treatment","run":1,"category":"full","latency_ms":14493}
{"level":"info","ts":1782628427.2932022,"caller":"logger/logger.go:106","msg":"Request served","request_id":"req-B3-treatment-run1-2-5-1782628412786-fr4e9sb3","status":200,"method":"POST","path":"/api/v1/infer","ip":"[IP-DISAMARKAN]","latency":14.499965725}
{"level":"info","ts":1782628427.6127613,"caller":"logger/logger.go:106","msg":"Request served","request_id":"72379d81ccd80d89","status":200,"method":"GET","path":"/metrics","ip":"[IP-DISAMARKAN]","latency":0.00080023}
{"level":"info","ts":1782628432.6131315,"caller":"logger/logger.go:106","msg":"Request served","request_id":"4154f9be7d1c5f26","status":200,"method":"GET","path":"/metrics","ip":"[IP-DISAMARKAN]","latency":0.000850829}
{"level":"info","ts":1782628432.8030088,"caller":"logger/logger.go:106","msg":"Health check completed","vision":"HEALTHY","ocr":"HEALTHY","speech":"HEALTHY"}
{"level":"info","ts":1782628432.8042827,"caller":"logger/logger.go:156","msg":"Experiment infer completed","request_id":"req-B3-treatment-run1-4-2-1782628417902-o3rompds","request_id":"req-B3-treatment-run1-4-2-1782628417902-o3rompds","scenario":"B3","condition":"treatment","run":1,"category":"full","latency_ms":14895}
{"level":"info","ts":1782628432.8043177,"caller":"logger/logger.go:106","msg":"Request served","request_id":"req-B3-treatment-run1-4-2-1782628417902-o3rompds","status":200,"method":"POST","path":"/api/v1/infer","ip":"[IP-DISAMARKAN]","latency":14.89903957}
{"level":"info","ts":1782628437.6135404,"caller":"logger/logger.go:106","msg":"Request served","request_id":"5b1bb152593f0118","status":200,"method":"GET","path":"/metrics","ip":"[IP-DISAMARKAN]","latency":0.000828649}
{"level":"info","ts":1782628438.0844634,"caller":"logger/logger.go:156","msg":"Experiment infer completed","request_id":"req-B3-treatment-run1-5-0-1782628418760-hg2q1sey","request_id":"req-B3-treatment-run1-5-0-1782628418760-hg2q1sey","scenario":"B3","condition":"treatment","run":1,"category":"full","latency_ms":19315}
{"level":"info","ts":1782628438.0845158,"caller":"logger/logger.go:106","msg":"Request served","request_id":"req-B3-treatment-run1-5-0-1782628418760-hg2q1sey","status":200,"method":"POST","path":"/api/v1/infer","ip":"[IP-DISAMARKAN]","latency":19.318765172}
{"level":"info","ts":1782628442.6133168,"caller":"logger/logger.go:106","msg":"Request served","request_id":"ae84aa9e847a37f4","status":200,"method":"GET","path":"/metrics","ip":"[IP-DISAMARKAN]","latency":0.000798299}
{"level":"info","ts":1782628443.1971998,"caller":"logger/logger.go:156","msg":"Experiment infer completed","request_id":"req-B3-treatment-run1-1-10-1782628423096-c9mozfmv","request_id":"req-B3-treatment-run1-1-10-1782628423096-c9mozfmv","scenario":"B3","condition":"treatment","run":1,"category":"full","latency_ms":20092}
{"level":"info","ts":1782628443.1972544,"caller":"logger/logger.go:106","msg":"Request served","request_id":"req-B3-treatment-run1-1-10-1782628423096-c9mozfmv","status":200,"method":"POST","path":"/api/v1/infer","ip":"[IP-DISAMARKAN]","latency":20.095078745}
{"level":"info","ts":1782628447.6127326,"caller":"logger/logger.go:106","msg":"Request served","request_id":"0b62568b63598045","status":200,"method":"GET","path":"/metrics","ip":"[IP-DISAMARKAN]","latency":0.000838498}
{"level":"info","ts":1782628448.3958714,"caller":"logger/logger.go:106","msg":"Health check completed","vision":"HEALTHY","ocr":"HEALTHY","speech":"HEALTHY"}
{"level":"info","ts":1782628448.397481,"caller":"logger/logger.go:156","msg":"Experiment infer completed","request_id":"req-B3-treatment-run1-2-6-1782628428294-4zag44cs","request_id":"req-B3-treatment-run1-2-6-1782628428294-4zag44cs","scenario":"B3","condition":"treatment","run":1,"category":"full","latency_ms":20094}
{"level":"info","ts":1782628448.3976593,"caller":"logger/logger.go:106","msg":"Request served","request_id":"req-B3-treatment-run1-2-6-1782628428294-4zag44cs","status":200,"method":"POST","path":"/api/v1/infer","ip":"[IP-DISAMARKAN]","latency":20.098128178}
{"level":"info","ts":1782628452.6135125,"caller":"logger/logger.go:106","msg":"Request served","request_id":"cc94024ef8588894","status":200,"method":"GET","path":"/metrics","ip":"[IP-DISAMARKAN]","latency":0.000871447}
{"level":"info","ts":1782628453.5956585,"caller":"logger/logger.go:156","msg":"Experiment infer completed","request_id":"req-B3-treatment-run1-4-3-1782628433806-zp3kqhex","request_id":"req-B3-treatment-run1-4-3-1782628433806-zp3kqhex","scenario":"B3","condition":"treatment","run":1,"category":"full","latency_ms":19781}
{"level":"info","ts":1782628453.5957077,"caller":"logger/logger.go:106","msg":"Request served","request_id":"req-B3-treatment-run1-4-3-1782628433806-zp3kqhex","status":200,"method":"POST","path":"/api/v1/infer","ip":"[IP-DISAMARKAN]","latency":19.785970484}
{"level":"error","ts":1782628457.5781994,"caller":"logger/logger.go:121","msg":"Server error","request_id":"26d045b59cace1f8","status":503,"method":"GET","path":"/api/v1/health","ip":"::1","latency":5.038163304,"error":"","stacktrace":"temandifa-backend/internal/logger.Error\n\t/app/internal/logger/logger.go:121\nmain.NewHTTPServer.RequestLogger.func5\n\t/app/internal/middleware/request_logger.go:44\ngithub.com/gin-gonic/gin.(*Context).Next\n\t/go/pkg/mod/github.com/gin-gonic/gin@v1.11.0/context.go:192\nmain.NewHTTPServer.VersionMiddleware.func4\n\t/app/internal/middleware/versioning.go:35\ngithub.com/gin-gonic/gin.(*Context).Next\n\t/go/pkg/mod/github.com/gin-gonic/gin@v1.11.0/context.go:192\nmain.NewHTTPServer.RequestID.func3\n\t/app/internal/middleware/request_id.go:34\ngithub.com/gin-gonic/gin.(*Context).Next\n\t/go/pkg/mod/github.com/gin-gonic/gin@v1.11.0/context.go:192\nmain.NewHTTPServer.MaxBodySize.func2\n\t/app/internal/middleware/security.go:52\ngithub.com/gin-gonic/gin.(*Context).Next\n\t/go/pkg/mod/github.com/gin-gonic/gin@v1.11.0/context.go:192\nmain.NewHTTPServer.SecurityHeaders.func1\n\t/app/internal/middleware/security.go:36\ngithub.com/gin-gonic/gin.(*Context).Next\n\t/go/pkg/mod/github.com/gin-gonic/gin@v1.11.0/context.go:192\ngithub.com/gin-gonic/gin.(*Engine).handleHTTPRequest\n\t/go/pkg/mod/github.com/gin-gonic/gin@v1.11.0/gin.go:689\ngithub.com/gin-gonic/gin.(*Engine).ServeHTTP\n\t/go/pkg/mod/github.com/gin-gonic/gin@v1.11.0/gin.go:643\nnet/http.serverHandler.ServeHTTP\n\t/usr/local/go/src/net/http/server.go:3340\nnet/http.(*conn).serve\n\t/usr/local/go/src/net/http/server.go:2109"}
{"level":"info","ts":1782628457.6127374,"caller":"logger/logger.go:106","msg":"Request served","request_id":"5046fda0724f1920","status":200,"method":"GET","path":"/metrics","ip":"[IP-DISAMARKAN]","latency":0.00078442}
{"level":"info","ts":1782628458.9998815,"caller":"logger/logger.go:156","msg":"Experiment infer completed","request_id":"req-B3-treatment-run1-5-1-1782628439086-nl5xjzis","request_id":"req-B3-treatment-run1-5-1-1782628439086-nl5xjzis","scenario":"B3","condition":"treatment","run":1,"category":"full","latency_ms":19904}
{"level":"info","ts":1782628458.9999385,"caller":"logger/logger.go:106","msg":"Request served","request_id":"req-B3-treatment-run1-5-1-1782628439086-nl5xjzis","status":200,"method":"POST","path":"/api/v1/infer","ip":"[IP-DISAMARKAN]","latency":19.907052925}
{"level":"info","ts":1782628462.6128583,"caller":"logger/logger.go:106","msg":"Request served","request_id":"13bb2325bdd6a938","status":200,"method":"GET","path":"/metrics","ip":"[IP-DISAMARKAN]","latency":0.000741231}
{"level":"info","ts":1782628464.1895888,"caller":"logger/logger.go:156","msg":"Experiment infer completed","request_id":"req-B3-treatment-run1-1-11-1782628444199-bmqec4mv","request_id":"req-B3-treatment-run1-1-11-1782628444199-bmqec4mv","scenario":"B3","condition":"treatment","run":1,"category":"full","latency_ms":19981}
{"level":"info","ts":1782628464.1896436,"caller":"logger/logger.go:106","msg":"Request served","request_id":"req-B3-treatment-run1-1-11-1782628444199-bmqec4mv","status":200,"method":"POST","path":"/api/v1/infer","ip":"[IP-DISAMARKAN]","latency":19.9861318}
{"level":"warn","ts":1782628467.243107,"caller":"logger/logger.go:116","msg":"Worker health check failed","worker":"speech","error":"rpc error: code = DeadlineExceeded desc = context deadline exceeded"}
{"level":"info","ts":1782628467.2434816,"caller":"logger/logger.go:106","msg":"Health check completed","vision":"HEALTHY","ocr":"HEALTHY","speech":"UNHEALTHY"}
{"level":"info","ts":1782628467.6132576,"caller":"logger/logger.go:106","msg":"Request served","request_id":"7c06ed2e8d59160a","status":200,"method":"GET","path":"/metrics","ip":"[IP-DISAMARKAN]","latency":0.00080434}
{"level":"info","ts":1782628469.383664,"caller":"logger/logger.go:156","msg":"Experiment infer completed","request_id":"req-B3-treatment-run1-3-0-1782628448760-n7kpmqm1","request_id":"req-B3-treatment-run1-3-0-1782628448760-n7kpmqm1","scenario":"B3","condition":"treatment","run":1,"category":"full","latency_ms":20615}
{"level":"info","ts":1782628469.3837202,"caller":"logger/logger.go:106","msg":"Request served","request_id":"req-B3-treatment-run1-3-0-1782628448760-n7kpmqm1","status":200,"method":"POST","path":"/api/v1/infer","ip":"[IP-DISAMARKAN]","latency":20.61833627}
{"level":"info","ts":1782628472.6133378,"caller":"logger/logger.go:106","msg":"Request served","request_id":"c7e92d3dafdb44e7","status":200,"method":"GET","path":"/metrics","ip":"[IP-DISAMARKAN]","latency":0.000760541}
{"level":"info","ts":1782628474.4964027,"caller":"logger/logger.go:156","msg":"Experiment infer completed","request_id":"req-B3-treatment-run1-2-7-1782628449399-w2ijmhez","request_id":"req-B3-treatment-run1-2-7-1782628449399-w2ijmhez","scenario":"B3","condition":"treatment","run":1,"category":"full","latency_ms":25090}
{"level":"info","ts":1782628474.4964578,"caller":"logger/logger.go:106","msg":"Request served","request_id":"req-B3-treatment-run1-2-7-1782628449399-w2ijmhez","status":200,"method":"POST","path":"/api/v1/infer","ip":"[IP-DISAMARKAN]","latency":25.093059893}
{"level":"info","ts":1782628477.6133773,"caller":"logger/logger.go:106","msg":"Request served","request_id":"27f46d6b2e6e4c4e","status":200,"method":"GET","path":"/metrics","ip":"[IP-DISAMARKAN]","latency":0.000829719}
{"level":"info","ts":1782628479.7829583,"caller":"logger/logger.go:156","msg":"Experiment infer completed","request_id":"req-B3-treatment-run1-4-4-1782628454596-kw1mn3wo","request_id":"req-B3-treatment-run1-4-4-1782628454596-kw1mn3wo","scenario":"B3","condition":"treatment","run":1,"category":"full","latency_ms":25178}
{"level":"info","ts":1782628479.7830095,"caller":"logger/logger.go:106","msg":"Request served","request_id":"req-B3-treatment-run1-4-4-1782628454596-kw1mn3wo","status":200,"method":"POST","path":"/api/v1/infer","ip":"[IP-DISAMARKAN]","latency":25.180756787}
{"level":"warn","ts":1782628482.2420998,"caller":"logger/logger.go:116","msg":"Worker health check failed","worker":"speech","error":"rpc error: code = DeadlineExceeded desc = context deadline exceeded"}
{"level":"info","ts":1782628482.2423978,"caller":"logger/logger.go:106","msg":"Health check completed","vision":"HEALTHY","ocr":"HEALTHY","speech":"UNHEALTHY"}
{"level":"info","ts":1782628482.6134872,"caller":"logger/logger.go:106","msg":"Request served","request_id":"e804b9ccb0928b5a","status":200,"method":"GET","path":"/metrics","ip":"[IP-DISAMARKAN]","latency":0.000922178}
{"level":"info","ts":1782628485.088824,"caller":"logger/logger.go:156","msg":"Experiment infer completed","request_id":"req-B3-treatment-run1-5-2-1782628460001-tcroim15","request_id":"req-B3-treatment-run1-5-2-1782628460001-tcroim15","scenario":"B3","condition":"treatment","run":1,"category":"full","latency_ms":25079}
{"level":"info","ts":1782628485.0888789,"caller":"logger/logger.go:106","msg":"Request served","request_id":"req-B3-treatment-run1-5-2-1782628460001-tcroim15","status":200,"method":"POST","path":"/api/v1/infer","ip":"[IP-DISAMARKAN]","latency":25.082422933}
{"level":"info","ts":1782628487.61378,"caller":"logger/logger.go:106","msg":"Request served","request_id":"0b18c4f978df02a7","status":200,"method":"GET","path":"/metrics","ip":"[IP-DISAMARKAN]","latency":0.001314877}
{"level":"info","ts":1782628490.4842122,"caller":"logger/logger.go:156","msg":"Experiment infer completed","request_id":"req-B3-treatment-run1-1-12-1782628465191-addiw0xn","request_id":"req-B3-treatment-run1-1-12-1782628465191-addiw0xn","scenario":"B3","condition":"treatment","run":1,"category":"full","latency_ms":25285}
{"level":"info","ts":1782628490.484268,"caller":"logger/logger.go:106","msg":"Request served","request_id":"req-B3-treatment-run1-1-12-1782628465191-addiw0xn","status":200,"method":"POST","path":"/api/v1/infer","ip":"[IP-DISAMARKAN]","latency":25.288392661}
{"level":"info","ts":1782628492.6127887,"caller":"logger/logger.go:106","msg":"Request served","request_id":"f9bf8492fa7482f7","status":200,"method":"GET","path":"/metrics","ip":"[IP-DISAMARKAN]","latency":0.000905008}
{"level":"error","ts":1782628492.6783638,"caller":"logger/logger.go:121","msg":"Server error","request_id":"8464f952e5b48726","status":503,"method":"GET","path":"/api/v1/health","ip":"::1","latency":5.069127657,"error":"","stacktrace":"temandifa-backend/internal/logger.Error\n\t/app/internal/logger/logger.go:121\nmain.NewHTTPServer.RequestLogger.func5\n\t/app/internal/middleware/request_logger.go:44\ngithub.com/gin-gonic/gin.(*Context).Next\n\t/go/pkg/mod/github.com/gin-gonic/gin@v1.11.0/context.go:192\nmain.NewHTTPServer.VersionMiddleware.func4\n\t/app/internal/middleware/versioning.go:35\ngithub.com/gin-gonic/gin.(*Context).Next\n\t/go/pkg/mod/github.com/gin-gonic/gin@v1.11.0/context.go:192\nmain.NewHTTPServer.RequestID.func3\n\t/app/internal/middleware/request_id.go:34\ngithub.com/gin-gonic/gin.(*Context).Next\n\t/go/pkg/mod/github.com/gin-gonic/gin@v1.11.0/context.go:192\nmain.NewHTTPServer.MaxBodySize.func2\n\t/app/internal/middleware/security.go:52\ngithub.com/gin-gonic/gin.(*Context).Next\n\t/go/pkg/mod/github.com/gin-gonic/gin@v1.11.0/context.go:192\nmain.NewHTTPServer.SecurityHeaders.func1\n\t/app/internal/middleware/security.go:36\ngithub.com/gin-gonic/gin.(*Context).Next\n\t/go/pkg/mod/github.com/gin-gonic/gin@v1.11.0/context.go:192\ngithub.com/gin-gonic/gin.(*Engine).handleHTTPRequest\n\t/go/pkg/mod/github.com/gin-gonic/gin@v1.11.0/gin.go:689\ngithub.com/gin-gonic/gin.(*Engine).ServeHTTP\n\t/go/pkg/mod/github.com/gin-gonic/gin@v1.11.0/gin.go:643\nnet/http.serverHandler.ServeHTTP\n\t/usr/local/go/src/net/http/server.go:3340\nnet/http.(*conn).serve\n\t/usr/local/go/src/net/http/server.go:2109"}
{"level":"info","ts":1782628495.6875906,"caller":"logger/logger.go:156","msg":"Experiment infer completed","request_id":"req-B3-treatment-run1-3-1-1782628470385-evhnrqsc","request_id":"req-B3-treatment-run1-3-1-1782628470385-evhnrqsc","scenario":"B3","condition":"treatment","run":1,"category":"full","latency_ms":25290}
{"level":"info","ts":1782628495.6876469,"caller":"logger/logger.go:106","msg":"Request served","request_id":"req-B3-treatment-run1-3-1-1782628470385-evhnrqsc","status":200,"method":"POST","path":"/api/v1/infer","ip":"[IP-DISAMARKAN]","latency":25.296387685}
{"level":"warn","ts":1782628497.2434652,"caller":"logger/logger.go:116","msg":"Worker health check failed","worker":"speech","error":"rpc error: code = DeadlineExceeded desc = context deadline exceeded"}
{"level":"info","ts":1782628497.2438602,"caller":"logger/logger.go:106","msg":"Health check completed","vision":"HEALTHY","ocr":"HEALTHY","speech":"UNHEALTHY"}
{"level":"info","ts":1782628497.6126945,"caller":"logger/logger.go:106","msg":"Request served","request_id":"1920a4ded54bbe0b","status":200,"method":"GET","path":"/metrics","ip":"[IP-DISAMARKAN]","latency":0.000863548}
{"level":"info","ts":1782628500.8002431,"caller":"logger/logger.go:156","msg":"Experiment infer completed","request_id":"req-B3-treatment-run1-2-8-1782628475498-9ndtw52x","request_id":"req-B3-treatment-run1-2-8-1782628475498-9ndtw52x","scenario":"B3","condition":"treatment","run":1,"category":"full","latency_ms":25295}
{"level":"info","ts":1782628500.8002908,"caller":"logger/logger.go:106","msg":"Request served","request_id":"req-B3-treatment-run1-2-8-1782628475498-9ndtw52x","status":200,"method":"POST","path":"/api/v1/infer","ip":"[IP-DISAMARKAN]","latency":25.297890249}
{"level":"info","ts":1782628502.6135008,"caller":"logger/logger.go:106","msg":"Request served","request_id":"32e7b238adbcba32","status":200,"method":"GET","path":"/metrics","ip":"[IP-DISAMARKAN]","latency":0.000877647}
{"level":"info","ts":1782628506.0829742,"caller":"logger/logger.go:156","msg":"Experiment infer completed","request_id":"req-B3-treatment-run1-4-5-1782628480785-ow9d06yj","request_id":"req-B3-treatment-run1-4-5-1782628480785-ow9d06yj","scenario":"B3","condition":"treatment","run":1,"category":"full","latency_ms":25290}
{"level":"info","ts":1782628506.083046,"caller":"logger/logger.go:106","msg":"Request served","request_id":"req-B3-treatment-run1-4-5-1782628480785-ow9d06yj","status":200,"method":"POST","path":"/api/v1/infer","ip":"[IP-DISAMARKAN]","latency":25.293397572}
{"level":"info","ts":1782628507.6132643,"caller":"logger/logger.go:106","msg":"Request served","request_id":"c29427ecd0ff963b","status":200,"method":"GET","path":"/metrics","ip":"[IP-DISAMARKAN]","latency":0.000966156}
{"level":"info","ts":1782628511.1861367,"caller":"logger/logger.go:156","msg":"Experiment infer completed","request_id":"req-B3-treatment-run1-5-3-1782628486091-dv7obeaz","request_id":"req-B3-treatment-run1-5-3-1782628486091-dv7obeaz","scenario":"B3","condition":"treatment","run":1,"category":"full","latency_ms":25086}
{"level":"info","ts":1782628511.1861863,"caller":"logger/logger.go:106","msg":"Request served","request_id":"req-B3-treatment-run1-5-3-1782628486091-dv7obeaz","status":200,"method":"POST","path":"/api/v1/infer","ip":"[IP-DISAMARKAN]","latency":25.091097371}
{"level":"warn","ts":1782628512.242758,"caller":"logger/logger.go:116","msg":"Worker health check failed","worker":"speech","error":"rpc error: code = DeadlineExceeded desc = context deadline exceeded"}
{"level":"info","ts":1782628512.2429795,"caller":"logger/logger.go:106","msg":"Health check completed","vision":"HEALTHY","ocr":"HEALTHY","speech":"UNHEALTHY"}
{"level":"info","ts":1782628512.6131234,"caller":"logger/logger.go:106","msg":"Request served","request_id":"b14cac883ee7cc7a","status":200,"method":"GET","path":"/metrics","ip":"[IP-DISAMARKAN]","latency":0.000909767}
{"level":"info","ts":1782628516.3993633,"caller":"logger/logger.go:156","msg":"Experiment infer completed","request_id":"req-B3-treatment-run1-1-13-1782628491485-kanwj3qp","request_id":"req-B3-treatment-run1-1-13-1782628491485-kanwj3qp","scenario":"B3","condition":"treatment","run":1,"category":"full","latency_ms":24900}
{"level":"info","ts":1782628516.3994138,"caller":"logger/logger.go:106","msg":"Request served","request_id":"req-B3-treatment-run1-1-13-1782628491485-kanwj3qp","status":200,"method":"POST","path":"/api/v1/infer","ip":"[IP-DISAMARKAN]","latency":24.907454978}
{"level":"info","ts":1782628517.615579,"caller":"logger/logger.go:106","msg":"Request served","request_id":"be2a818c2e6e8706","status":200,"method":"GET","path":"/metrics","ip":"[IP-DISAMARKAN]","latency":0.000942197}
{"level":"info","ts":1782628521.7938697,"caller":"logger/logger.go:156","msg":"Experiment infer completed","request_id":"req-B3-treatment-run1-3-2-1782628496689-t8rzex46","request_id":"req-B3-treatment-run1-3-2-1782628496689-t8rzex46","scenario":"B3","condition":"treatment","run":1,"category":"full","latency_ms":25095}
{"level":"info","ts":1782628521.7939317,"caller":"logger/logger.go:106","msg":"Request served","request_id":"req-B3-treatment-run1-3-2-1782628496689-t8rzex46","status":200,"method":"POST","path":"/api/v1/infer","ip":"[IP-DISAMARKAN]","latency":25.09820972}
{"level":"info","ts":1782628522.6135833,"caller":"logger/logger.go:106","msg":"Request served","request_id":"3c19523485975c8b","status":200,"method":"GET","path":"/metrics","ip":"[IP-DISAMARKAN]","latency":0.001053425}
{"level":"info","ts":1782628526.9861786,"caller":"logger/logger.go:156","msg":"Experiment infer completed","request_id":"req-B3-treatment-run1-2-9-1782628501801-dvl243gs","request_id":"req-B3-treatment-run1-2-9-1782628501801-dvl243gs","scenario":"B3","condition":"treatment","run":1,"category":"full","latency_ms":25177}
{"level":"info","ts":1782628526.9862328,"caller":"logger/logger.go:106","msg":"Request served","request_id":"req-B3-treatment-run1-2-9-1782628501801-dvl243gs","status":200,"method":"POST","path":"/api/v1/infer","ip":"[IP-DISAMARKAN]","latency":25.179873964}
{"level":"info","ts":1782628526.9881518,"caller":"logger/logger.go:106","msg":"Health check completed","vision":"HEALTHY","ocr":"HEALTHY","speech":"HEALTHY"}
{"level":"info","ts":1782628526.9892297,"caller":"logger/logger.go:106","msg":"Request served","request_id":"f691cdd431a2f426","status":200,"method":"GET","path":"/api/v1/health","ip":"::1","latency":4.324900265}
{"level":"info","ts":1782628527.6129673,"caller":"logger/logger.go:106","msg":"Request served","request_id":"add3a448cf283d59","status":200,"method":"GET","path":"/metrics","ip":"[IP-DISAMARKAN]","latency":0.0007537}
{"level":"info","ts":1782628532.2009819,"caller":"logger/logger.go:156","msg":"Experiment infer completed","request_id":"req-B3-treatment-run1-4-6-1782628507085-enegyfyr","request_id":"req-B3-treatment-run1-4-6-1782628507085-enegyfyr","scenario":"B3","condition":"treatment","run":1,"category":"full","latency_ms":25107}
{"level":"info","ts":1782628532.2011304,"caller":"logger/logger.go:106","msg":"Request served","request_id":"req-B3-treatment-run1-4-6-1782628507085-enegyfyr","status":200,"method":"POST","path":"/api/v1/infer","ip":"[IP-DISAMARKAN]","latency":25.112362223}
{"level":"info","ts":1782628532.6135297,"caller":"logger/logger.go:106","msg":"Request served","request_id":"f1148a45329e9e95","status":200,"method":"GET","path":"/metrics","ip":"[IP-DISAMARKAN]","latency":0.00079777}
{"level":"info","ts":1782628537.4832544,"caller":"logger/logger.go:156","msg":"Experiment infer completed","request_id":"req-B3-treatment-run1-5-4-1782628512188-xf6k6opx","request_id":"req-B3-treatment-run1-5-4-1782628512188-xf6k6opx","scenario":"B3","condition":"treatment","run":1,"category":"full","latency_ms":25286}
{"level":"info","ts":1782628537.4833088,"caller":"logger/logger.go:106","msg":"Request served","request_id":"req-B3-treatment-run1-5-4-1782628512188-xf6k6opx","status":200,"method":"POST","path":"/api/v1/infer","ip":"[IP-DISAMARKAN]","latency":25.290556244}
{"level":"info","ts":1782628537.6129375,"caller":"logger/logger.go:106","msg":"Request served","request_id":"6a92cafaee96ed1e","status":200,"method":"GET","path":"/metrics","ip":"[IP-DISAMARKAN]","latency":0.001062293}
{"level":"warn","ts":1782628542.242776,"caller":"logger/logger.go:116","msg":"Worker health check failed","worker":"speech","error":"rpc error: code = DeadlineExceeded desc = context deadline exceeded"}
{"level":"info","ts":1782628542.2431798,"caller":"logger/logger.go:106","msg":"Health check completed","vision":"HEALTHY","ocr":"HEALTHY","speech":"UNHEALTHY"}
{"level":"info","ts":1782628542.6135135,"caller":"logger/logger.go:106","msg":"Request served","request_id":"11a96eb997a1ddd5","status":200,"method":"GET","path":"/metrics","ip":"[IP-DISAMARKAN]","latency":0.000897198}
{"level":"info","ts":1782628542.6855524,"caller":"logger/logger.go:156","msg":"Experiment infer completed","request_id":"req-B3-treatment-run1-1-14-1782628517401-tird3d5m","request_id":"req-B3-treatment-run1-1-14-1782628517401-tird3d5m","scenario":"B3","condition":"treatment","run":1,"category":"full","latency_ms":25277}
{"level":"info","ts":1782628542.6856072,"caller":"logger/logger.go:106","msg":"Request served","request_id":"req-B3-treatment-run1-1-14-1782628517401-tird3d5m","status":200,"method":"POST","path":"/api/v1/infer","ip":"[IP-DISAMARKAN]","latency":25.280432399}
{"level":"info","ts":1782628547.6133044,"caller":"logger/logger.go:106","msg":"Request served","request_id":"68140e3f5f7dde72","status":200,"method":"GET","path":"/metrics","ip":"[IP-DISAMARKAN]","latency":0.000939186}
{"level":"info","ts":1782628547.8939729,"caller":"logger/logger.go:156","msg":"Experiment infer completed","request_id":"req-B3-treatment-run1-3-3-1782628522795-dcvw0uae","request_id":"req-B3-treatment-run1-3-3-1782628522795-dcvw0uae","scenario":"B3","condition":"treatment","run":1,"category":"full","latency_ms":25089}
{"level":"info","ts":1782628547.8940334,"caller":"logger/logger.go:106","msg":"Request served","request_id":"req-B3-treatment-run1-3-3-1782628522795-dcvw0uae","status":200,"method":"POST","path":"/api/v1/infer","ip":"[IP-DISAMARKAN]","latency":25.092861392}
{"level":"info","ts":1782628552.6127558,"caller":"logger/logger.go:106","msg":"Request served","request_id":"499181fee77f8bce","status":200,"method":"GET","path":"/metrics","ip":"[IP-DISAMARKAN]","latency":0.00079243}
{"level":"info","ts":1782628553.3851302,"caller":"logger/logger.go:156","msg":"Experiment infer completed","request_id":"req-B3-treatment-run1-2-10-1782628527988-0m18kn85","request_id":"req-B3-treatment-run1-2-10-1782628527988-0m18kn85","scenario":"B3","condition":"treatment","run":1,"category":"full","latency_ms":25384}
{"level":"info","ts":1782628553.3851829,"caller":"logger/logger.go:106","msg":"Request served","request_id":"req-B3-treatment-run1-2-10-1782628527988-0m18kn85","status":200,"method":"POST","path":"/api/v1/infer","ip":"[IP-DISAMARKAN]","latency":25.390685484}
{"level":"warn","ts":1782628557.242966,"caller":"logger/logger.go:116","msg":"Worker health check failed","worker":"speech","error":"rpc error: code = DeadlineExceeded desc = context deadline exceeded"}
{"level":"info","ts":1782628557.2432897,"caller":"logger/logger.go:106","msg":"Health check completed","vision":"HEALTHY","ocr":"HEALTHY","speech":"UNHEALTHY"}
{"level":"info","ts":1782628557.612729,"caller":"logger/logger.go:106","msg":"Request served","request_id":"5c2f6cc96687bd04","status":200,"method":"GET","path":"/metrics","ip":"[IP-DISAMARKAN]","latency":0.000823359}
{"level":"info","ts":1782628558.5873947,"caller":"logger/logger.go:156","msg":"Experiment infer completed","request_id":"req-B3-treatment-run1-4-7-1782628533202-mtt2fef4","request_id":"req-B3-treatment-run1-4-7-1782628533202-mtt2fef4","scenario":"B3","condition":"treatment","run":1,"category":"full","latency_ms":25378}
{"level":"info","ts":1782628558.5874462,"caller":"logger/logger.go:106","msg":"Request served","request_id":"req-B3-treatment-run1-4-7-1782628533202-mtt2fef4","status":200,"method":"POST","path":"/api/v1/infer","ip":"[IP-DISAMARKAN]","latency":25.380856008}
{"level":"error","ts":1782628562.0762491,"caller":"logger/logger.go:121","msg":"Server error","request_id":"42bd599a2ef70e08","status":503,"method":"GET","path":"/api/v1/health","ip":"::1","latency":5.034503542,"error":"","stacktrace":"temandifa-backend/internal/logger.Error\n\t/app/internal/logger/logger.go:121\nmain.NewHTTPServer.RequestLogger.func5\n\t/app/internal/middleware/request_logger.go:44\ngithub.com/gin-gonic/gin.(*Context).Next\n\t/go/pkg/mod/github.com/gin-gonic/gin@v1.11.0/context.go:192\nmain.NewHTTPServer.VersionMiddleware.func4\n\t/app/internal/middleware/versioning.go:35\ngithub.com/gin-gonic/gin.(*Context).Next\n\t/go/pkg/mod/github.com/gin-gonic/gin@v1.11.0/context.go:192\nmain.NewHTTPServer.RequestID.func3\n\t/app/internal/middleware/request_id.go:34\ngithub.com/gin-gonic/gin.(*Context).Next\n\t/go/pkg/mod/github.com/gin-gonic/gin@v1.11.0/context.go:192\nmain.NewHTTPServer.MaxBodySize.func2\n\t/app/internal/middleware/security.go:52\ngithub.com/gin-gonic/gin.(*Context).Next\n\t/go/pkg/mod/github.com/gin-gonic/gin@v1.11.0/context.go:192\nmain.NewHTTPServer.SecurityHeaders.func1\n\t/app/internal/middleware/security.go:36\ngithub.com/gin-gonic/gin.(*Context).Next\n\t/go/pkg/mod/github.com/gin-gonic/gin@v1.11.0/context.go:192\ngithub.com/gin-gonic/gin.(*Engine).handleHTTPRequest\n\t/go/pkg/mod/github.com/gin-gonic/gin@v1.11.0/gin.go:689\ngithub.com/gin-gonic/gin.(*Engine).ServeHTTP\n\t/go/pkg/mod/github.com/gin-gonic/gin@v1.11.0/gin.go:643\nnet/http.serverHandler.ServeHTTP\n\t/usr/local/go/src/net/http/server.go:3340\nnet/http.(*conn).serve\n\t/usr/local/go/src/net/http/server.go:2109"}
{"level":"info","ts":1782628562.6126306,"caller":"logger/logger.go:106","msg":"Request served","request_id":"30cb4eff5566c8de","status":200,"method":"GET","path":"/metrics","ip":"[IP-DISAMARKAN]","latency":0.000791251}
{"level":"warn","ts":1782628563.349206,"caller":"logger/logger.go:116","msg":"Client error","request_id":"a3de20f49a8d52b2","status":404,"method":"GET","path":"/webui/","ip":"[IP-DISAMARKAN]","latency":0.000001181,"error":""}
{"level":"info","ts":1782628563.785121,"caller":"logger/logger.go:156","msg":"Experiment infer completed","request_id":"req-B3-treatment-run1-5-5-1782628538485-2f7rcvj4","request_id":"req-B3-treatment-run1-5-5-1782628538485-2f7rcvj4","scenario":"B3","condition":"treatment","run":1,"category":"full","latency_ms":25292}
{"level":"info","ts":1782628563.785171,"caller":"logger/logger.go:106","msg":"Request served","request_id":"req-B3-treatment-run1-5-5-1782628538485-2f7rcvj4","status":200,"method":"POST","path":"/api/v1/infer","ip":"[IP-DISAMARKAN]","latency":25.296151572}
{"level":"info","ts":1782628567.612718,"caller":"logger/logger.go:106","msg":"Request served","request_id":"7be3f48e4e278d7b","status":200,"method":"GET","path":"/metrics","ip":"[IP-DISAMARKAN]","latency":0.000842749}
{"level":"info","ts":1782628568.99517,"caller":"logger/logger.go:156","msg":"Experiment infer completed","request_id":"req-B3-treatment-run1-1-15-1782628543687-4txtt7gz","request_id":"req-B3-treatment-run1-1-15-1782628543687-4txtt7gz","scenario":"B3","condition":"treatment","run":1,"category":"full","latency_ms":25297}
{"level":"info","ts":1782628568.9952202,"caller":"logger/logger.go:106","msg":"Request served","request_id":"req-B3-treatment-run1-1-15-1782628543687-4txtt7gz","status":200,"method":"POST","path":"/api/v1/infer","ip":"[IP-DISAMARKAN]","latency":25.301916262}
{"level":"warn","ts":1782628572.2426708,"caller":"logger/logger.go:116","msg":"Worker health check failed","worker":"speech","error":"rpc error: code = DeadlineExceeded desc = context deadline exceeded"}
{"level":"info","ts":1782628572.2429903,"caller":"logger/logger.go:106","msg":"Health check completed","vision":"HEALTHY","ocr":"HEALTHY","speech":"UNHEALTHY"}
{"level":"info","ts":1782628572.613695,"caller":"logger/logger.go:106","msg":"Request served","request_id":"d46e81faa695921e","status":200,"method":"GET","path":"/metrics","ip":"[IP-DISAMARKAN]","latency":0.00082554}
{"level":"info","ts":1782628574.1993837,"caller":"logger/logger.go:156","msg":"Experiment infer completed","request_id":"req-B3-treatment-run1-3-4-1782628548896-mxhnxu1p","request_id":"req-B3-treatment-run1-3-4-1782628548896-mxhnxu1p","scenario":"B3","condition":"treatment","run":1,"category":"full","latency_ms":25295}
{"level":"info","ts":1782628574.1994414,"caller":"logger/logger.go:106","msg":"Request served","request_id":"req-B3-treatment-run1-3-4-1782628548896-mxhnxu1p","status":200,"method":"POST","path":"/api/v1/infer","ip":"[IP-DISAMARKAN]","latency":25.298487764}
{"level":"info","ts":1782628577.6137567,"caller":"logger/logger.go:106","msg":"Request served","request_id":"3b6198909a0f24d7","status":200,"method":"GET","path":"/metrics","ip":"[IP-DISAMARKAN]","latency":0.000880627}
{"level":"info","ts":1782628579.3941438,"caller":"logger/logger.go:156","msg":"Experiment infer completed","request_id":"req-B3-treatment-run1-2-11-1782628554387-at8lgg5j","request_id":"req-B3-treatment-run1-2-11-1782628554387-at8lgg5j","scenario":"B3","condition":"treatment","run":1,"category":"full","latency_ms":24997}
{"level":"info","ts":1782628579.3941965,"caller":"logger/logger.go:106","msg":"Request served","request_id":"req-B3-treatment-run1-2-11-1782628554387-at8lgg5j","status":200,"method":"POST","path":"/api/v1/infer","ip":"[IP-DISAMARKAN]","latency":25.001574822}
{"level":"info","ts":1782628582.612791,"caller":"logger/logger.go:106","msg":"Request served","request_id":"d619c4ee11ab9c08","status":200,"method":"GET","path":"/metrics","ip":"[IP-DISAMARKAN]","latency":0.00078222}
{"level":"info","ts":1782628584.8834686,"caller":"logger/logger.go:156","msg":"Experiment infer completed","request_id":"req-B3-treatment-run1-4-8-1782628559588-7892xga0","request_id":"req-B3-treatment-run1-4-8-1782628559588-7892xga0","scenario":"B3","condition":"treatment","run":1,"category":"full","latency_ms":25286}
{"level":"info","ts":1782628584.883529,"caller":"logger/logger.go:106","msg":"Request served","request_id":"req-B3-treatment-run1-4-8-1782628559588-7892xga0","status":200,"method":"POST","path":"/api/v1/infer","ip":"[IP-DISAMARKAN]","latency":25.290303447}
{"level":"warn","ts":1782628587.2432055,"caller":"logger/logger.go:116","msg":"Worker health check failed","worker":"speech","error":"rpc error: code = DeadlineExceeded desc = context deadline exceeded"}
{"level":"info","ts":1782628587.2435892,"caller":"logger/logger.go:106","msg":"Health check completed","vision":"HEALTHY","ocr":"HEALTHY","speech":"UNHEALTHY"}
{"level":"info","ts":1782628587.6129138,"caller":"logger/logger.go:106","msg":"Request served","request_id":"da935bde8014ea58","status":200,"method":"GET","path":"/metrics","ip":"[IP-DISAMARKAN]","latency":0.00079144}
{"level":"info","ts":1782628590.0950432,"caller":"logger/logger.go:156","msg":"Experiment infer completed","request_id":"req-B3-treatment-run1-5-6-1782628564786-d69m0faw","request_id":"req-B3-treatment-run1-5-6-1782628564786-d69m0faw","scenario":"B3","condition":"treatment","run":1,"category":"full","latency_ms":25296}
{"level":"info","ts":1782628590.0950963,"caller":"logger/logger.go:106","msg":"Request served","request_id":"req-B3-treatment-run1-5-6-1782628564786-d69m0faw","status":200,"method":"POST","path":"/api/v1/infer","ip":"[IP-DISAMARKAN]","latency":25.302152273}
{"level":"info","ts":1782628592.6128423,"caller":"logger/logger.go:106","msg":"Request served","request_id":"bc4bd3884c4baa59","status":200,"method":"GET","path":"/metrics","ip":"[IP-DISAMARKAN]","latency":0.000836979}
{"level":"info","ts":1782628595.2871747,"caller":"logger/logger.go:156","msg":"Experiment infer completed","request_id":"req-B3-treatment-run1-1-16-1782628569996-76jus2fq","request_id":"req-B3-treatment-run1-1-16-1782628569996-76jus2fq","scenario":"B3","condition":"treatment","run":1,"category":"full","latency_ms":25280}
{"level":"info","ts":1782628595.2872305,"caller":"logger/logger.go:106","msg":"Request served","request_id":"req-B3-treatment-run1-1-16-1782628569996-76jus2fq","status":200,"method":"POST","path":"/api/v1/infer","ip":"[IP-DISAMARKAN]","latency":25.285246023}
{"level":"error","ts":1782628597.179613,"caller":"logger/logger.go:121","msg":"Server error","request_id":"40899a24b91bc2e9","status":503,"method":"GET","path":"/api/v1/health","ip":"::1","latency":5.069509477,"error":"","stacktrace":"temandifa-backend/internal/logger.Error\n\t/app/internal/logger/logger.go:121\nmain.NewHTTPServer.RequestLogger.func5\n\t/app/internal/middleware/request_logger.go:44\ngithub.com/gin-gonic/gin.(*Context).Next\n\t/go/pkg/mod/github.com/gin-gonic/gin@v1.11.0/context.go:192\nmain.NewHTTPServer.VersionMiddleware.func4\n\t/app/internal/middleware/versioning.go:35\ngithub.com/gin-gonic/gin.(*Context).Next\n\t/go/pkg/mod/github.com/gin-gonic/gin@v1.11.0/context.go:192\nmain.NewHTTPServer.RequestID.func3\n\t/app/internal/middleware/request_id.go:34\ngithub.com/gin-gonic/gin.(*Context).Next\n\t/go/pkg/mod/github.com/gin-gonic/gin@v1.11.0/context.go:192\nmain.NewHTTPServer.MaxBodySize.func2\n\t/app/internal/middleware/security.go:52\ngithub.com/gin-gonic/gin.(*Context).Next\n\t/go/pkg/mod/github.com/gin-gonic/gin@v1.11.0/context.go:192\nmain.NewHTTPServer.SecurityHeaders.func1\n\t/app/internal/middleware/security.go:36\ngithub.com/gin-gonic/gin.(*Context).Next\n\t/go/pkg/mod/github.com/gin-gonic/gin@v1.11.0/context.go:192\ngithub.com/gin-gonic/gin.(*Engine).handleHTTPRequest\n\t/go/pkg/mod/github.com/gin-gonic/gin@v1.11.0/gin.go:689\ngithub.com/gin-gonic/gin.(*Engine).ServeHTTP\n\t/go/pkg/mod/github.com/gin-gonic/gin@v1.11.0/gin.go:643\nnet/http.serverHandler.ServeHTTP\n\t/usr/local/go/src/net/http/server.go:3340\nnet/http.(*conn).serve\n\t/usr/local/go/src/net/http/server.go:2109"}
{"level":"info","ts":1782628597.6130612,"caller":"logger/logger.go:106","msg":"Request served","request_id":"5248cca8cd043918","status":200,"method":"GET","path":"/metrics","ip":"[IP-DISAMARKAN]","latency":0.000928227}
{"level":"info","ts":1782628600.5833094,"caller":"logger/logger.go:156","msg":"Experiment infer completed","request_id":"req-B3-treatment-run1-3-5-1782628575201-vxsoznla","request_id":"req-B3-treatment-run1-3-5-1782628575201-vxsoznla","scenario":"B3","condition":"treatment","run":1,"category":"full","latency_ms":25375}
{"level":"info","ts":1782628600.583361,"caller":"logger/logger.go:106","msg":"Request served","request_id":"req-B3-treatment-run1-3-5-1782628575201-vxsoznla","status":200,"method":"POST","path":"/api/v1/infer","ip":"[IP-DISAMARKAN]","latency":25.378238844}
{"level":"warn","ts":1782628602.2432742,"caller":"logger/logger.go:116","msg":"Worker health check failed","worker":"speech","error":"rpc error: code = DeadlineExceeded desc = context deadline exceeded"}
{"level":"info","ts":1782628602.2436311,"caller":"logger/logger.go:106","msg":"Health check completed","vision":"HEALTHY","ocr":"HEALTHY","speech":"UNHEALTHY"}
{"level":"info","ts":1782628602.6134126,"caller":"logger/logger.go:106","msg":"Request served","request_id":"41b47060df343a16","status":200,"method":"GET","path":"/metrics","ip":"[IP-DISAMARKAN]","latency":0.000865259}
{"level":"info","ts":1782628605.7843006,"caller":"logger/logger.go:156","msg":"Experiment infer completed","request_id":"req-B3-treatment-run1-2-12-1782628580395-e3jq3z4f","request_id":"req-B3-treatment-run1-2-12-1782628580395-e3jq3z4f","scenario":"B3","condition":"treatment","run":1,"category":"full","latency_ms":25381}
{"level":"info","ts":1782628605.7843544,"caller":"logger/logger.go:106","msg":"Request served","request_id":"req-B3-treatment-run1-2-12-1782628580395-e3jq3z4f","status":200,"method":"POST","path":"/api/v1/infer","ip":"[IP-DISAMARKAN]","latency":25.384775696}
{"level":"info","ts":1782628607.6136372,"caller":"logger/logger.go:106","msg":"Request served","request_id":"e180249e712db91b","status":200,"method":"GET","path":"/metrics","ip":"[IP-DISAMARKAN]","latency":0.001048874}
{"level":"info","ts":1782628610.9951909,"caller":"logger/logger.go:156","msg":"Experiment infer completed","request_id":"req-B3-treatment-run1-4-9-1782628585885-3ugcpsci","request_id":"req-B3-treatment-run1-4-9-1782628585885-3ugcpsci","scenario":"B3","condition":"treatment","run":1,"category":"full","latency_ms":25101}
{"level":"info","ts":1782628610.995245,"caller":"logger/logger.go:106","msg":"Request served","request_id":"req-B3-treatment-run1-4-9-1782628585885-3ugcpsci","status":200,"method":"POST","path":"/api/v1/infer","ip":"[IP-DISAMARKAN]","latency":25.104797959}
{"level":"info","ts":1782628612.6131024,"caller":"logger/logger.go:106","msg":"Request served","request_id":"f7aa7fdf8bf7867c","status":200,"method":"GET","path":"/metrics","ip":"[IP-DISAMARKAN]","latency":0.000900887}
{"level":"info","ts":1782628616.4841268,"caller":"logger/logger.go:156","msg":"Experiment infer completed","request_id":"req-B3-treatment-run1-5-7-1782628591099-qmxr3u0z","request_id":"req-B3-treatment-run1-5-7-1782628591099-qmxr3u0z","scenario":"B3","condition":"treatment","run":1,"category":"full","latency_ms":25379}
{"level":"info","ts":1782628616.4841816,"caller":"logger/logger.go:106","msg":"Request served","request_id":"req-B3-treatment-run1-5-7-1782628591099-qmxr3u0z","status":200,"method":"POST","path":"/api/v1/infer","ip":"[IP-DISAMARKAN]","latency":25.38179099}
{"level":"warn","ts":1782628617.2429714,"caller":"logger/logger.go:116","msg":"Worker health check failed","worker":"speech","error":"rpc error: code = DeadlineExceeded desc = context deadline exceeded"}
{"level":"info","ts":1782628617.2433944,"caller":"logger/logger.go:106","msg":"Health check completed","vision":"HEALTHY","ocr":"HEALTHY","speech":"UNHEALTHY"}
{"level":"info","ts":1782628617.6134286,"caller":"logger/logger.go:106","msg":"Request served","request_id":"0ae51647e56f19b0","status":200,"method":"GET","path":"/metrics","ip":"[IP-DISAMARKAN]","latency":0.001008974}
{"level":"info","ts":1782628621.6971884,"caller":"logger/logger.go:156","msg":"Experiment infer completed","request_id":"req-B3-treatment-run1-1-17-1782628596289-sed4gsz9","request_id":"req-B3-treatment-run1-1-17-1782628596289-sed4gsz9","scenario":"B3","condition":"treatment","run":1,"category":"full","latency_ms":25397}
{"level":"info","ts":1782628621.6972542,"caller":"logger/logger.go:106","msg":"Request served","request_id":"req-B3-treatment-run1-1-17-1782628596289-sed4gsz9","status":200,"method":"POST","path":"/api/v1/infer","ip":"[IP-DISAMARKAN]","latency":25.402840462}
{"level":"info","ts":1782628622.6131148,"caller":"logger/logger.go:106","msg":"Request served","request_id":"2ccf73061d569549","status":200,"method":"GET","path":"/metrics","ip":"[IP-DISAMARKAN]","latency":0.000889218}
{"level":"info","ts":1782628626.9825482,"caller":"logger/logger.go:156","msg":"Experiment infer completed","request_id":"req-B3-treatment-run1-3-6-1782628601586-195342vj","request_id":"req-B3-treatment-run1-3-6-1782628601586-195342vj","scenario":"B3","condition":"treatment","run":1,"category":"full","latency_ms":25389}
{"level":"info","ts":1782628626.982598,"caller":"logger/logger.go:106","msg":"Request served","request_id":"req-B3-treatment-run1-3-6-1782628601586-195342vj","status":200,"method":"POST","path":"/api/v1/infer","ip":"[IP-DISAMARKAN]","latency":25.392222798}
{"level":"info","ts":1782628627.6136906,"caller":"logger/logger.go:106","msg":"Request served","request_id":"632c67bbe9de9574","status":200,"method":"GET","path":"/metrics","ip":"[IP-DISAMARKAN]","latency":0.00082518}
{"level":"info","ts":1782628629.207161,"caller":"logger/logger.go:106","msg":"ExperimentService","event":"fault_logged","type":"fault_injected","target":"ocr"}
{"level":"info","ts":1782628629.2072453,"caller":"logger/logger.go:106","msg":"Request served","request_id":"3b6b3fb936d10c44","status":201,"method":"POST","path":"/api/v1/experiments/fault-events","ip":"[IP-DISAMARKAN]","latency":0.01446353}
{"level":"info","ts":1782628630.9679708,"caller":"logger/logger.go:106","msg":"ExperimentService","event":"fault_logged","type":"fault_finished","target":"ocr"}
{"level":"info","ts":1782628630.968175,"caller":"logger/logger.go:106","msg":"Request served","request_id":"c43944b8fea375d4","status":201,"method":"POST","path":"/api/v1/experiments/fault-events","ip":"[IP-DISAMARKAN]","latency":0.003412695}
{"level":"error","ts":1782628632.1786284,"caller":"logger/logger.go:121","msg":"Server error","request_id":"a12273b1eb844887","status":503,"method":"GET","path":"/api/v1/health","ip":"::1","latency":5.023874859,"error":"","stacktrace":"temandifa-backend/internal/logger.Error\n\t/app/internal/logger/logger.go:121\nmain.NewHTTPServer.RequestLogger.func5\n\t/app/internal/middleware/request_logger.go:44\ngithub.com/gin-gonic/gin.(*Context).Next\n\t/go/pkg/mod/github.com/gin-gonic/gin@v1.11.0/context.go:192\nmain.NewHTTPServer.VersionMiddleware.func4\n\t/app/internal/middleware/versioning.go:35\ngithub.com/gin-gonic/gin.(*Context).Next\n\t/go/pkg/mod/github.com/gin-gonic/gin@v1.11.0/context.go:192\nmain.NewHTTPServer.RequestID.func3\n\t/app/internal/middleware/request_id.go:34\ngithub.com/gin-gonic/gin.(*Context).Next\n\t/go/pkg/mod/github.com/gin-gonic/gin@v1.11.0/context.go:192\nmain.NewHTTPServer.MaxBodySize.func2\n\t/app/internal/middleware/security.go:52\ngithub.com/gin-gonic/gin.(*Context).Next\n\t/go/pkg/mod/github.com/gin-gonic/gin@v1.11.0/context.go:192\nmain.NewHTTPServer.SecurityHeaders.func1\n\t/app/internal/middleware/security.go:36\ngithub.com/gin-gonic/gin.(*Context).Next\n\t/go/pkg/mod/github.com/gin-gonic/gin@v1.11.0/context.go:192\ngithub.com/gin-gonic/gin.(*Engine).handleHTTPRequest\n\t/go/pkg/mod/github.com/gin-gonic/gin@v1.11.0/gin.go:689\ngithub.com/gin-gonic/gin.(*Engine).ServeHTTP\n\t/go/pkg/mod/github.com/gin-gonic/gin@v1.11.0/gin.go:643\nnet/http.serverHandler.ServeHTTP\n\t/usr/local/go/src/net/http/server.go:3340\nnet/http.(*conn).serve\n\t/usr/local/go/src/net/http/server.go:2109"}
{"level":"info","ts":1782628632.2030413,"caller":"logger/logger.go:106","msg":"Health check completed","vision":"HEALTHY","ocr":"HEALTHY","speech":"HEALTHY"}
{"level":"info","ts":1782628632.2065701,"caller":"logger/logger.go:156","msg":"Experiment infer completed","request_id":"req-B3-treatment-run1-2-13-1782628606788-qlt3h23a","request_id":"req-B3-treatment-run1-2-13-1782628606788-qlt3h23a","scenario":"B3","condition":"treatment","run":1,"category":"full","latency_ms":25405}
{"level":"info","ts":1782628632.2066147,"caller":"logger/logger.go:106","msg":"Request served","request_id":"req-B3-treatment-run1-2-13-1782628606788-qlt3h23a","status":200,"method":"POST","path":"/api/v1/infer","ip":"[IP-DISAMARKAN]","latency":25.41220959}
{"level":"info","ts":1782628632.6127753,"caller":"logger/logger.go:106","msg":"Request served","request_id":"44a12b4547cc75b4","status":200,"method":"GET","path":"/metrics","ip":"[IP-DISAMARKAN]","latency":0.000911517}
{"level":"info","ts":1782628637.4830775,"caller":"logger/logger.go:156","msg":"Experiment infer completed","request_id":"req-B3-treatment-run1-4-10-1782628611996-ioe03loa","request_id":"req-B3-treatment-run1-4-10-1782628611996-ioe03loa","scenario":"B3","condition":"treatment","run":1,"category":"full","latency_ms":25479}
{"level":"info","ts":1782628637.483129,"caller":"logger/logger.go:106","msg":"Request served","request_id":"req-B3-treatment-run1-4-10-1782628611996-ioe03loa","status":200,"method":"POST","path":"/api/v1/infer","ip":"[IP-DISAMARKAN]","latency":25.483044589}
{"level":"info","ts":1782628637.6137276,"caller":"logger/logger.go:106","msg":"Request served","request_id":"c6eecb32f03ffb75","status":200,"method":"GET","path":"/metrics","ip":"[IP-DISAMARKAN]","latency":0.000999624}
{"level":"info","ts":1782628642.6133761,"caller":"logger/logger.go:106","msg":"Request served","request_id":"dd9bdf85b1993d7f","status":200,"method":"GET","path":"/metrics","ip":"[IP-DISAMARKAN]","latency":0.000914778}
{"level":"info","ts":1782628642.7965462,"caller":"logger/logger.go:156","msg":"Experiment infer completed","request_id":"req-B3-treatment-run1-5-8-1782628617488-ze2maaks","request_id":"req-B3-treatment-run1-5-8-1782628617488-ze2maaks","scenario":"B3","condition":"treatment","run":1,"category":"full","latency_ms":25301}
{"level":"info","ts":1782628642.7966027,"caller":"logger/logger.go:106","msg":"Request served","request_id":"req-B3-treatment-run1-5-8-1782628617488-ze2maaks","status":200,"method":"POST","path":"/api/v1/infer","ip":"[IP-DISAMARKAN]","latency":25.30403859}
{"level":"warn","ts":1782628647.2432046,"caller":"logger/logger.go:116","msg":"Worker health check failed","worker":"speech","error":"rpc error: code = DeadlineExceeded desc = context deadline exceeded"}
{"level":"warn","ts":1782628647.243218,"caller":"logger/logger.go:116","msg":"Worker health check failed","worker":"ocr","error":"rpc error: code = DeadlineExceeded desc = context deadline exceeded while waiting for connections to become ready"}
{"level":"info","ts":1782628647.2434652,"caller":"logger/logger.go:106","msg":"Health check completed","vision":"HEALTHY","ocr":"UNHEALTHY","speech":"UNHEALTHY"}
{"level":"info","ts":1782628647.6127567,"caller":"logger/logger.go:106","msg":"Request served","request_id":"33e6125dff4f72b0","status":200,"method":"GET","path":"/metrics","ip":"[IP-DISAMARKAN]","latency":0.000877048}
{"level":"info","ts":1782628647.985923,"caller":"logger/logger.go:156","msg":"Experiment infer completed","request_id":"req-B3-treatment-run1-1-18-1782628622700-2vus6x2m","request_id":"req-B3-treatment-run1-1-18-1782628622700-2vus6x2m","scenario":"B3","condition":"treatment","run":1,"category":"full","latency_ms":25278}
{"level":"info","ts":1782628647.986049,"caller":"logger/logger.go:106","msg":"Request served","request_id":"req-B3-treatment-run1-1-18-1782628622700-2vus6x2m","status":200,"method":"POST","path":"/api/v1/infer","ip":"[IP-DISAMARKAN]","latency":25.281892448}
{"level":"info","ts":1782628652.6133885,"caller":"logger/logger.go:106","msg":"Request served","request_id":"1d9334e69fd4f29f","status":200,"method":"GET","path":"/metrics","ip":"[IP-DISAMARKAN]","latency":0.000865649}
{"level":"info","ts":1782628653.293564,"caller":"logger/logger.go:156","msg":"Experiment infer completed","request_id":"req-B3-treatment-run1-3-7-1782628627985-4m20jiho","request_id":"req-B3-treatment-run1-3-7-1782628627985-4m20jiho","scenario":"B3","condition":"treatment","run":1,"category":"full","latency_ms":25298}
{"level":"info","ts":1782628653.293618,"caller":"logger/logger.go:106","msg":"Request served","request_id":"req-B3-treatment-run1-3-7-1782628627985-4m20jiho","status":200,"method":"POST","path":"/api/v1/infer","ip":"[IP-DISAMARKAN]","latency":25.302686421}
{"level":"error","ts":1782628653.306152,"caller":"logger/logger.go:121","msg":"AI Worker gRPC failed","code":"Unavailable","message":"connection error: desc = \"transport: Error while dialing: dial tcp [IP-DISAMARKAN]:50052: i/o timeout\"","stacktrace":"temandifa-backend/internal/logger.Error\n\t/app/internal/logger/logger.go:121\ntemandifa-backend/internal/services.(*aiService).handleError\n\t/app/internal/services/ai_service.go:387\ntemandifa-backend/internal/services.(*aiService).ExtractText.func1\n\t/app/internal/services/ai_service.go:254\ntemandifa-backend/internal/services.(*aiService).ExtractText\n\t/app/internal/services/ai_service.go:277\ntemandifa-backend/internal/handlers.(*ExperimentHandler).callWorkersConcurrent.func1\n\t/app/internal/handlers/experiment_handler.go:595"}
{"level":"error","ts":1782628653.306352,"caller":"logger/logger.go:121","msg":"AI Worker gRPC failed","code":"Unavailable","message":"connection error: desc = \"transport: Error while dialing: dial tcp [IP-DISAMARKAN]:50052: i/o timeout\"","stacktrace":"temandifa-backend/internal/logger.Error\n\t/app/internal/logger/logger.go:121\ntemandifa-backend/internal/services.(*aiService).handleError\n\t/app/internal/services/ai_service.go:387\ntemandifa-backend/internal/services.(*aiService).ExtractText.func1\n\t/app/internal/services/ai_service.go:254\ntemandifa-backend/internal/services.(*aiService).ExtractText\n\t/app/internal/services/ai_service.go:277\ntemandifa-backend/internal/handlers.(*ExperimentHandler).callWorkersConcurrent.func1\n\t/app/internal/handlers/experiment_handler.go:595"}
{"level":"error","ts":1782628653.3074138,"caller":"logger/logger.go:121","msg":"AI Worker gRPC failed","code":"Unavailable","message":"connection error: desc = \"transport: Error while dialing: dial tcp [IP-DISAMARKAN]:50052: i/o timeout\"","stacktrace":"temandifa-backend/internal/logger.Error\n\t/app/internal/logger/logger.go:121\ntemandifa-backend/internal/services.(*aiService).handleError\n\t/app/internal/services/ai_service.go:387\ntemandifa-backend/internal/services.(*aiService).ExtractText.func1\n\t/app/internal/services/ai_service.go:254\ntemandifa-backend/internal/services.(*aiService).ExtractText\n\t/app/internal/services/ai_service.go:277\ntemandifa-backend/internal/handlers.(*ExperimentHandler).callWorkersConcurrent.func1\n\t/app/internal/handlers/experiment_handler.go:595"}
{"level":"error","ts":1782628653.3277051,"caller":"logger/logger.go:121","msg":"AI Worker gRPC failed","code":"Unavailable","message":"connection error: desc = \"transport: Error while dialing: dial tcp [IP-DISAMARKAN]:50052: i/o timeout\"","stacktrace":"temandifa-backend/internal/logger.Error\n\t/app/internal/logger/logger.go:121\ntemandifa-backend/internal/services.(*aiService).handleError\n\t/app/internal/services/ai_service.go:387\ntemandifa-backend/internal/services.(*aiService).ExtractText.func1\n\t/app/internal/services/ai_service.go:254\ntemandifa-backend/internal/services.(*aiService).ExtractText\n\t/app/internal/services/ai_service.go:277\ntemandifa-backend/internal/handlers.(*ExperimentHandler).callWorkersConcurrent.func1\n\t/app/internal/handlers/experiment_handler.go:595"}
{"level":"warn","ts":1782628653.3277507,"caller":"logger/logger.go:116","msg":"Circuit breaker transitioning to OPEN","name":"ocr","failures":5}
{"level":"warn","ts":1782628657.3385708,"caller":"logger/logger.go:116","msg":"Worker health check failed","worker":"ocr","error":"rpc error: code = Unavailable desc = connection error: desc = \"transport: Error while dialing: dial tcp [IP-DISAMARKAN]:50052: i/o timeout\""}
{"level":"info","ts":1782628657.6132474,"caller":"logger/logger.go:106","msg":"Request served","request_id":"fab34c0a64278566","status":200,"method":"GET","path":"/metrics","ip":"[IP-DISAMARKAN]","latency":0.000838429}
{"level":"info","ts":1782628658.4828274,"caller":"logger/logger.go:156","msg":"Experiment infer completed","request_id":"req-B3-treatment-run1-2-14-1782628633208-jgi4sjdf","request_id":"req-B3-treatment-run1-2-14-1782628633208-jgi4sjdf","scenario":"B3","condition":"treatment","run":1,"category":"partial","latency_ms":25267}
{"level":"info","ts":1782628658.4828804,"caller":"logger/logger.go:106","msg":"Request served","request_id":"req-B3-treatment-run1-2-14-1782628633208-jgi4sjdf","status":200,"method":"POST","path":"/api/v1/infer","ip":"[IP-DISAMARKAN]","latency":25.270510422}
{"level":"warn","ts":1782628662.227253,"caller":"logger/logger.go:116","msg":"AI worker health check failed","worker":"ocr-worker","error":"Get \"http://ocr-worker:8002/health\": dial tcp: lookup ocr-worker on 127.0.0.11:53: server misbehaving"}
{"level":"warn","ts":1782628662.2425203,"caller":"logger/logger.go:116","msg":"Worker health check failed","worker":"speech","error":"rpc error: code = DeadlineExceeded desc = context deadline exceeded"}
{"level":"info","ts":1782628662.2428267,"caller":"logger/logger.go:106","msg":"Health check completed","vision":"HEALTHY","ocr":"UNHEALTHY","speech":"UNHEALTHY"}
{"level":"info","ts":1782628662.612806,"caller":"logger/logger.go:106","msg":"Request served","request_id":"c189da027fe0334d","status":200,"method":"GET","path":"/metrics","ip":"[IP-DISAMARKAN]","latency":0.000877298}
{"level":"info","ts":1782628663.6991844,"caller":"logger/logger.go:156","msg":"Experiment infer completed","request_id":"req-B3-treatment-run1-4-11-1782628638485-wo088zco","request_id":"req-B3-treatment-run1-4-11-1782628638485-wo088zco","scenario":"B3","condition":"treatment","run":1,"category":"partial","latency_ms":25207}
{"level":"info","ts":1782628663.6992338,"caller":"logger/logger.go:106","msg":"Request served","request_id":"req-B3-treatment-run1-4-11-1782628638485-wo088zco","status":200,"method":"POST","path":"/api/v1/infer","ip":"[IP-DISAMARKAN]","latency":25.20995321}
{"level":"error","ts":1782628667.2801747,"caller":"logger/logger.go:121","msg":"Server error","request_id":"43dce93319d79a1b","status":503,"method":"GET","path":"/api/v1/health","ip":"::1","latency":5.055170864,"error":"","stacktrace":"temandifa-backend/internal/logger.Error\n\t/app/internal/logger/logger.go:121\nmain.NewHTTPServer.RequestLogger.func5\n\t/app/internal/middleware/request_logger.go:44\ngithub.com/gin-gonic/gin.(*Context).Next\n\t/go/pkg/mod/github.com/gin-gonic/gin@v1.11.0/context.go:192\nmain.NewHTTPServer.VersionMiddleware.func4\n\t/app/internal/middleware/versioning.go:35\ngithub.com/gin-gonic/gin.(*Context).Next\n\t/go/pkg/mod/github.com/gin-gonic/gin@v1.11.0/context.go:192\nmain.NewHTTPServer.RequestID.func3\n\t/app/internal/middleware/request_id.go:34\ngithub.com/gin-gonic/gin.(*Context).Next\n\t/go/pkg/mod/github.com/gin-gonic/gin@v1.11.0/context.go:192\nmain.NewHTTPServer.MaxBodySize.func2\n\t/app/internal/middleware/security.go:52\ngithub.com/gin-gonic/gin.(*Context).Next\n\t/go/pkg/mod/github.com/gin-gonic/gin@v1.11.0/context.go:192\nmain.NewHTTPServer.SecurityHeaders.func1\n\t/app/internal/middleware/security.go:36\ngithub.com/gin-gonic/gin.(*Context).Next\n\t/go/pkg/mod/github.com/gin-gonic/gin@v1.11.0/context.go:192\ngithub.com/gin-gonic/gin.(*Engine).handleHTTPRequest\n\t/go/pkg/mod/github.com/gin-gonic/gin@v1.11.0/gin.go:689\ngithub.com/gin-gonic/gin.(*Engine).ServeHTTP\n\t/go/pkg/mod/github.com/gin-gonic/gin@v1.11.0/gin.go:643\nnet/http.serverHandler.ServeHTTP\n\t/usr/local/go/src/net/http/server.go:3340\nnet/http.(*conn).serve\n\t/usr/local/go/src/net/http/server.go:2109"}
{"level":"info","ts":1782628667.6132805,"caller":"logger/logger.go:106","msg":"Request served","request_id":"12b4a878efbd889e","status":200,"method":"GET","path":"/metrics","ip":"[IP-DISAMARKAN]","latency":0.00081753}
{"level":"info","ts":1782628668.8882158,"caller":"logger/logger.go:156","msg":"Experiment infer completed","request_id":"req-B3-treatment-run1-5-9-1782628643798-1s9u97jj","request_id":"req-B3-treatment-run1-5-9-1782628643798-1s9u97jj","scenario":"B3","condition":"treatment","run":1,"category":"partial","latency_ms":25084}
{"level":"info","ts":1782628668.888268,"caller":"logger/logger.go:106","msg":"Request served","request_id":"req-B3-treatment-run1-5-9-1782628643798-1s9u97jj","status":200,"method":"POST","path":"/api/v1/infer","ip":"[IP-DISAMARKAN]","latency":25.086577715}
{"level":"warn","ts":1782628672.354969,"caller":"logger/logger.go:116","msg":"Worker health check failed","worker":"ocr","error":"rpc error: code = Unavailable desc = name resolver error: dns: A record lookup error: lookup ocr-worker on 127.0.0.11:53: server misbehaving"}
{"level":"info","ts":1782628672.612846,"caller":"logger/logger.go:106","msg":"Request served","request_id":"e8b91287ecf87369","status":200,"method":"GET","path":"/metrics","ip":"[IP-DISAMARKAN]","latency":0.00083026}
{"level":"info","ts":1782628674.1984663,"caller":"logger/logger.go:156","msg":"Experiment infer completed","request_id":"req-B3-treatment-run1-1-19-1782628648987-rpo3cmah","request_id":"req-B3-treatment-run1-1-19-1782628648987-rpo3cmah","scenario":"B3","condition":"treatment","run":1,"category":"partial","latency_ms":25201}
{"level":"info","ts":1782628674.1985168,"caller":"logger/logger.go:106","msg":"Request served","request_id":"req-B3-treatment-run1-1-19-1782628648987-rpo3cmah","status":200,"method":"POST","path":"/api/v1/infer","ip":"[IP-DISAMARKAN]","latency":25.206218899}
{"level":"warn","ts":1782628677.2436547,"caller":"logger/logger.go:116","msg":"Worker health check failed","worker":"speech","error":"rpc error: code = DeadlineExceeded desc = context deadline exceeded"}
{"level":"info","ts":1782628677.2439852,"caller":"logger/logger.go:106","msg":"Health check completed","vision":"HEALTHY","ocr":"UNHEALTHY","speech":"UNHEALTHY"}
{"level":"info","ts":1782628677.613273,"caller":"logger/logger.go:106","msg":"Request served","request_id":"73a126c6be9d8053","status":200,"method":"GET","path":"/metrics","ip":"[IP-DISAMARKAN]","latency":0.000881218}
{"level":"info","ts":1782628679.3917446,"caller":"logger/logger.go:156","msg":"Experiment infer completed","request_id":"req-B3-treatment-run1-3-8-1782628654295-xh3elnjz","request_id":"req-B3-treatment-run1-3-8-1782628654295-xh3elnjz","scenario":"B3","condition":"treatment","run":1,"category":"partial","latency_ms":25089}
{"level":"info","ts":1782628679.3918023,"caller":"logger/logger.go:106","msg":"Request served","request_id":"req-B3-treatment-run1-3-8-1782628654295-xh3elnjz","status":200,"method":"POST","path":"/api/v1/infer","ip":"[IP-DISAMARKAN]","latency":25.091727853}
{"level":"info","ts":1782628682.6128943,"caller":"logger/logger.go:106","msg":"Request served","request_id":"b8c3fdcc28656c8a","status":200,"method":"GET","path":"/metrics","ip":"[IP-DISAMARKAN]","latency":0.000852458}
{"level":"info","ts":1782628684.5874321,"caller":"logger/logger.go:156","msg":"Experiment infer completed","request_id":"req-B3-treatment-run1-2-15-1782628659485-em8lmjya","request_id":"req-B3-treatment-run1-2-15-1782628659485-em8lmjya","scenario":"B3","condition":"treatment","run":1,"category":"partial","latency_ms":25092}
{"level":"info","ts":1782628684.5874841,"caller":"logger/logger.go:106","msg":"Request served","request_id":"req-B3-treatment-run1-2-15-1782628659485-em8lmjya","status":200,"method":"POST","path":"/api/v1/infer","ip":"[IP-DISAMARKAN]","latency":25.095480576}
{"level":"info","ts":1782628685.5977223,"caller":"logger/logger.go:106","msg":"Circuit breaker transitioning to HALF_OPEN","name":"ocr"}
{"level":"error","ts":1782628685.6920831,"caller":"logger/logger.go:121","msg":"AI Worker gRPC failed","code":"Unavailable","message":"name resolver error: dns: A record lookup error: lookup ocr-worker on 127.0.0.11:53: server misbehaving","stacktrace":"temandifa-backend/internal/logger.Error\n\t/app/internal/logger/logger.go:121\ntemandifa-backend/internal/services.(*aiService).handleError\n\t/app/internal/services/ai_service.go:387\ntemandifa-backend/internal/services.(*aiService).ExtractText.func1\n\t/app/internal/services/ai_service.go:254\ntemandifa-backend/internal/services.(*aiService).ExtractText\n\t/app/internal/services/ai_service.go:277\ntemandifa-backend/internal/handlers.(*ExperimentHandler).callWorkersConcurrent.func1\n\t/app/internal/handlers/experiment_handler.go:595"}
{"level":"warn","ts":1782628685.6921523,"caller":"logger/logger.go:116","msg":"Circuit breaker transitioning back to OPEN from HALF_OPEN","name":"ocr"}
{"level":"warn","ts":1782628687.3309395,"caller":"logger/logger.go:116","msg":"Worker health check failed","worker":"ocr","error":"rpc error: code = Unavailable desc = name resolver error: dns: A record lookup error: lookup ocr-worker on 127.0.0.11:53: server misbehaving"}
{"level":"info","ts":1782628687.6128206,"caller":"logger/logger.go:106","msg":"Request served","request_id":"1affe0580ac9077e","status":200,"method":"GET","path":"/metrics","ip":"[IP-DISAMARKAN]","latency":0.000940547}
{"level":"info","ts":1782628689.6995661,"caller":"logger/logger.go:156","msg":"Experiment infer completed","request_id":"req-B3-treatment-run1-4-12-1782628664700-pevjgt8t","request_id":"req-B3-treatment-run1-4-12-1782628664700-pevjgt8t","scenario":"B3","condition":"treatment","run":1,"category":"partial","latency_ms":24990}
{"level":"info","ts":1782628689.6996212,"caller":"logger/logger.go:106","msg":"Request served","request_id":"req-B3-treatment-run1-4-12-1782628664700-pevjgt8t","status":200,"method":"POST","path":"/api/v1/infer","ip":"[IP-DISAMARKAN]","latency":24.995865293}
{"level":"warn","ts":1782628692.2429829,"caller":"logger/logger.go:116","msg":"Worker health check failed","worker":"speech","error":"rpc error: code = DeadlineExceeded desc = context deadline exceeded"}
{"level":"info","ts":1782628692.243249,"caller":"logger/logger.go:106","msg":"Health check completed","vision":"HEALTHY","ocr":"UNHEALTHY","speech":"UNHEALTHY"}
{"level":"info","ts":1782628692.6132283,"caller":"logger/logger.go:106","msg":"Request served","request_id":"bc1972243af7e231","status":200,"method":"GET","path":"/metrics","ip":"[IP-DISAMARKAN]","latency":0.00083148}
{"level":"info","ts":1782628694.892682,"caller":"logger/logger.go:156","msg":"Experiment infer completed","request_id":"req-B3-treatment-run1-5-10-1782628669890-nl5vcflz","request_id":"req-B3-treatment-run1-5-10-1782628669890-nl5vcflz","scenario":"B3","condition":"treatment","run":1,"category":"partial","latency_ms":24994}
{"level":"info","ts":1782628694.8927357,"caller":"logger/logger.go:106","msg":"Request served","request_id":"req-B3-treatment-run1-5-10-1782628669890-nl5vcflz","status":200,"method":"POST","path":"/api/v1/infer","ip":"[IP-DISAMARKAN]","latency":24.99759246}
{"level":"warn","ts":1782628697.3005414,"caller":"logger/logger.go:116","msg":"AI worker health check failed","worker":"ocr-worker","error":"Get \"http://ocr-worker:8002/health\": dial tcp: lookup ocr-worker on 127.0.0.11:53: server misbehaving"}
{"level":"info","ts":1782628697.6131232,"caller":"logger/logger.go:106","msg":"Request served","request_id":"7564e7f5edc419e6","status":200,"method":"GET","path":"/metrics","ip":"[IP-DISAMARKAN]","latency":0.000883157}
{"level":"info","ts":1782628700.0831237,"caller":"logger/logger.go:156","msg":"Experiment infer completed","request_id":"req-B3-treatment-run1-1-20-1782628675199-mlvvq0pa","request_id":"req-B3-treatment-run1-1-20-1782628675199-mlvvq0pa","scenario":"B3","condition":"treatment","run":1,"category":"partial","latency_ms":24876}
{"level":"info","ts":1782628700.0832484,"caller":"logger/logger.go:106","msg":"Request served","request_id":"req-B3-treatment-run1-1-20-1782628675199-mlvvq0pa","status":200,"method":"POST","path":"/api/v1/infer","ip":"[IP-DISAMARKAN]","latency":24.879249531}
{"level":"error","ts":1782628702.3056078,"caller":"logger/logger.go:121","msg":"Server error","request_id":"8e73f02291fed707","status":503,"method":"GET","path":"/api/v1/health","ip":"::1","latency":5.01000233,"error":"","stacktrace":"temandifa-backend/internal/logger.Error\n\t/app/internal/logger/logger.go:121\nmain.NewHTTPServer.RequestLogger.func5\n\t/app/internal/middleware/request_logger.go:44\ngithub.com/gin-gonic/gin.(*Context).Next\n\t/go/pkg/mod/github.com/gin-gonic/gin@v1.11.0/context.go:192\nmain.NewHTTPServer.VersionMiddleware.func4\n\t/app/internal/middleware/versioning.go:35\ngithub.com/gin-gonic/gin.(*Context).Next\n\t/go/pkg/mod/github.com/gin-gonic/gin@v1.11.0/context.go:192\nmain.NewHTTPServer.RequestID.func3\n\t/app/internal/middleware/request_id.go:34\ngithub.com/gin-gonic/gin.(*Context).Next\n\t/go/pkg/mod/github.com/gin-gonic/gin@v1.11.0/context.go:192\nmain.NewHTTPServer.MaxBodySize.func2\n\t/app/internal/middleware/security.go:52\ngithub.com/gin-gonic/gin.(*Context).Next\n\t/go/pkg/mod/github.com/gin-gonic/gin@v1.11.0/context.go:192\nmain.NewHTTPServer.SecurityHeaders.func1\n\t/app/internal/middleware/security.go:36\ngithub.com/gin-gonic/gin.(*Context).Next\n\t/go/pkg/mod/github.com/gin-gonic/gin@v1.11.0/context.go:192\ngithub.com/gin-gonic/gin.(*Engine).handleHTTPRequest\n\t/go/pkg/mod/github.com/gin-gonic/gin@v1.11.0/gin.go:689\ngithub.com/gin-gonic/gin.(*Engine).ServeHTTP\n\t/go/pkg/mod/github.com/gin-gonic/gin@v1.11.0/gin.go:643\nnet/http.serverHandler.ServeHTTP\n\t/usr/local/go/src/net/http/server.go:3340\nnet/http.(*conn).serve\n\t/usr/local/go/src/net/http/server.go:2109"}
{"level":"warn","ts":1782628702.3299522,"caller":"logger/logger.go:116","msg":"Worker health check failed","worker":"ocr","error":"rpc error: code = Unavailable desc = connection error: desc = \"transport: Error while dialing: dial tcp [IP-DISAMARKAN]:50052: connect: no route to host\""}
{"level":"info","ts":1782628702.6127264,"caller":"logger/logger.go:106","msg":"Request served","request_id":"3dd2ceb10d3223cc","status":200,"method":"GET","path":"/metrics","ip":"[IP-DISAMARKAN]","latency":0.000873889}
{"level":"info","ts":1782628705.294431,"caller":"logger/logger.go:156","msg":"Experiment infer completed","request_id":"req-B3-treatment-run1-3-9-1782628680393-dyrb21uj","request_id":"req-B3-treatment-run1-3-9-1782628680393-dyrb21uj","scenario":"B3","condition":"treatment","run":1,"category":"partial","latency_ms":24894}
{"level":"info","ts":1782628705.294481,"caller":"logger/logger.go:106","msg":"Request served","request_id":"req-B3-treatment-run1-3-9-1782628680393-dyrb21uj","status":200,"method":"POST","path":"/api/v1/infer","ip":"[IP-DISAMARKAN]","latency":24.897181264}
{"level":"warn","ts":1782628707.2430837,"caller":"logger/logger.go:116","msg":"Worker health check failed","worker":"speech","error":"rpc error: code = DeadlineExceeded desc = context deadline exceeded"}
{"level":"info","ts":1782628707.2434251,"caller":"logger/logger.go:106","msg":"Health check completed","vision":"HEALTHY","ocr":"UNHEALTHY","speech":"UNHEALTHY"}
{"level":"info","ts":1782628707.6136627,"caller":"logger/logger.go:106","msg":"Request served","request_id":"fac6d4e51fc314d1","status":200,"method":"GET","path":"/metrics","ip":"[IP-DISAMARKAN]","latency":0.000958197}
{"level":"info","ts":1782628710.4903843,"caller":"logger/logger.go:156","msg":"Experiment infer completed","request_id":"req-B3-treatment-run1-2-16-1782628685589-6b0ik6hq","request_id":"req-B3-treatment-run1-2-16-1782628685589-6b0ik6hq","scenario":"B3","condition":"treatment","run":1,"category":"partial","latency_ms":24892}
{"level":"info","ts":1782628710.4904351,"caller":"logger/logger.go:106","msg":"Request served","request_id":"req-B3-treatment-run1-2-16-1782628685589-6b0ik6hq","status":200,"method":"POST","path":"/api/v1/infer","ip":"[IP-DISAMARKAN]","latency":24.895770839}
{"level":"info","ts":1782628712.612935,"caller":"logger/logger.go:106","msg":"Request served","request_id":"c1ab28abc4b24d8c","status":200,"method":"GET","path":"/metrics","ip":"[IP-DISAMARKAN]","latency":0.001070414}
{"level":"info","ts":1782628715.58297,"caller":"logger/logger.go:156","msg":"Experiment infer completed","request_id":"req-B3-treatment-run1-4-13-1782628690702-zlo4pxwp","request_id":"req-B3-treatment-run1-4-13-1782628690702-zlo4pxwp","scenario":"B3","condition":"treatment","run":1,"category":"partial","latency_ms":24874}
{"level":"info","ts":1782628715.5830915,"caller":"logger/logger.go:106","msg":"Request served","request_id":"req-B3-treatment-run1-4-13-1782628690702-zlo4pxwp","status":200,"method":"POST","path":"/api/v1/infer","ip":"[IP-DISAMARKAN]","latency":24.877368249}
{"level":"info","ts":1782628716.5935702,"caller":"logger/logger.go:106","msg":"Circuit breaker transitioning to HALF_OPEN","name":"ocr"}
{"level":"error","ts":1782628716.6861606,"caller":"logger/logger.go:121","msg":"AI Worker gRPC failed","code":"Unavailable","message":"connection error: desc = \"transport: Error while dialing: dial tcp [IP-DISAMARKAN]:50052: connect: no route to host\"","stacktrace":"temandifa-backend/internal/logger.Error\n\t/app/internal/logger/logger.go:121\ntemandifa-backend/internal/services.(*aiService).handleError\n\t/app/internal/services/ai_service.go:387\ntemandifa-backend/internal/services.(*aiService).ExtractText.func1\n\t/app/internal/services/ai_service.go:254\ntemandifa-backend/internal/services.(*aiService).ExtractText\n\t/app/internal/services/ai_service.go:277\ntemandifa-backend/internal/handlers.(*ExperimentHandler).callWorkersConcurrent.func1\n\t/app/internal/handlers/experiment_handler.go:595"}
{"level":"warn","ts":1782628716.6862288,"caller":"logger/logger.go:116","msg":"Circuit breaker transitioning back to OPEN from HALF_OPEN","name":"ocr"}
{"level":"warn","ts":1782628717.3363097,"caller":"logger/logger.go:116","msg":"Worker health check failed","worker":"ocr","error":"rpc error: code = Unavailable desc = connection error: desc = \"transport: Error while dialing: dial tcp [IP-DISAMARKAN]:50052: connect: no route to host\""}
{"level":"info","ts":1782628717.612733,"caller":"logger/logger.go:106","msg":"Request served","request_id":"d039fb064dfd30e7","status":200,"method":"GET","path":"/metrics","ip":"[IP-DISAMARKAN]","latency":0.000883108}
{"level":"info","ts":1782628720.783663,"caller":"logger/logger.go:156","msg":"Experiment infer completed","request_id":"req-B3-treatment-run1-5-11-1782628695895-ov3189ed","request_id":"req-B3-treatment-run1-5-11-1782628695895-ov3189ed","scenario":"B3","condition":"treatment","run":1,"category":"partial","latency_ms":24880}
{"level":"info","ts":1782628720.7837212,"caller":"logger/logger.go:106","msg":"Request served","request_id":"req-B3-treatment-run1-5-11-1782628695895-ov3189ed","status":200,"method":"POST","path":"/api/v1/infer","ip":"[IP-DISAMARKAN]","latency":24.88534893}
{"level":"warn","ts":1782628722.2432146,"caller":"logger/logger.go:116","msg":"Worker health check failed","worker":"speech","error":"rpc error: code = DeadlineExceeded desc = context deadline exceeded"}
{"level":"info","ts":1782628722.2435439,"caller":"logger/logger.go:106","msg":"Health check completed","vision":"HEALTHY","ocr":"UNHEALTHY","speech":"UNHEALTHY"}
{"level":"info","ts":1782628722.6132786,"caller":"logger/logger.go:106","msg":"Request served","request_id":"246df3fc96643faa","status":200,"method":"GET","path":"/metrics","ip":"[IP-DISAMARKAN]","latency":0.000892048}
{"level":"info","ts":1782628725.8861175,"caller":"logger/logger.go:156","msg":"Experiment infer completed","request_id":"req-B3-treatment-run1-1-21-1782628701085-4g6y57l2","request_id":"req-B3-treatment-run1-1-21-1782628701085-4g6y57l2","scenario":"B3","condition":"treatment","run":1,"category":"partial","latency_ms":24790}
{"level":"info","ts":1782628725.88617,"caller":"logger/logger.go:106","msg":"Request served","request_id":"req-B3-treatment-run1-1-21-1782628701085-4g6y57l2","status":200,"method":"POST","path":"/api/v1/infer","ip":"[IP-DISAMARKAN]","latency":24.793407804}
{"level":"info","ts":1782628727.613459,"caller":"logger/logger.go:106","msg":"Request served","request_id":"fd1ba3d65e2a587c","status":200,"method":"GET","path":"/metrics","ip":"[IP-DISAMARKAN]","latency":0.000880798}
{"level":"info","ts":1782628730.9857082,"caller":"logger/logger.go:156","msg":"Experiment infer completed","request_id":"req-B3-treatment-run1-3-10-1782628706295-o0a3e6e4","request_id":"req-B3-treatment-run1-3-10-1782628706295-o0a3e6e4","scenario":"B3","condition":"treatment","run":1,"category":"partial","latency_ms":24682}
{"level":"info","ts":1782628730.9857638,"caller":"logger/logger.go:106","msg":"Request served","request_id":"req-B3-treatment-run1-3-10-1782628706295-o0a3e6e4","status":200,"method":"POST","path":"/api/v1/infer","ip":"[IP-DISAMARKAN]","latency":24.685291373}
{"level":"warn","ts":1782628732.3352506,"caller":"logger/logger.go:116","msg":"Worker health check failed","worker":"ocr","error":"rpc error: code = Unavailable desc = name resolver error: dns: A record lookup error: lookup ocr-worker on 127.0.0.11:53: server misbehaving"}
{"level":"warn","ts":1782628732.368947,"caller":"logger/logger.go:116","msg":"AI worker health check failed","worker":"ocr-worker","error":"Get \"http://ocr-worker:8002/health\": dial tcp: lookup ocr-worker on 127.0.0.11:53: server misbehaving"}
{"level":"info","ts":1782628732.61365,"caller":"logger/logger.go:106","msg":"Request served","request_id":"b1321e1d08b872ed","status":200,"method":"GET","path":"/metrics","ip":"[IP-DISAMARKAN]","latency":0.000906958}
{"level":"info","ts":1782628736.2983048,"caller":"logger/logger.go:156","msg":"Experiment infer completed","request_id":"req-B3-treatment-run1-2-17-1782628711492-1no894cs","request_id":"req-B3-treatment-run1-2-17-1782628711492-1no894cs","scenario":"B3","condition":"treatment","run":1,"category":"partial","latency_ms":24798}
{"level":"info","ts":1782628736.2983582,"caller":"logger/logger.go:106","msg":"Request served","request_id":"req-B3-treatment-run1-2-17-1782628711492-1no894cs","status":200,"method":"POST","path":"/api/v1/infer","ip":"[IP-DISAMARKAN]","latency":24.80096205}
{"level":"warn","ts":1782628737.2423654,"caller":"logger/logger.go:116","msg":"Worker health check failed","worker":"speech","error":"rpc error: code = DeadlineExceeded desc = context deadline exceeded"}
{"level":"info","ts":1782628737.2427568,"caller":"logger/logger.go:106","msg":"Health check completed","vision":"HEALTHY","ocr":"UNHEALTHY","speech":"UNHEALTHY"}
{"level":"error","ts":1782628737.3801715,"caller":"logger/logger.go:121","msg":"Server error","request_id":"048ef7a81d644181","status":503,"method":"GET","path":"/api/v1/health","ip":"::1","latency":5.013637031,"error":"","stacktrace":"temandifa-backend/internal/logger.Error\n\t/app/internal/logger/logger.go:121\nmain.NewHTTPServer.RequestLogger.func5\n\t/app/internal/middleware/request_logger.go:44\ngithub.com/gin-gonic/gin.(*Context).Next\n\t/go/pkg/mod/github.com/gin-gonic/gin@v1.11.0/context.go:192\nmain.NewHTTPServer.VersionMiddleware.func4\n\t/app/internal/middleware/versioning.go:35\ngithub.com/gin-gonic/gin.(*Context).Next\n\t/go/pkg/mod/github.com/gin-gonic/gin@v1.11.0/context.go:192\nmain.NewHTTPServer.RequestID.func3\n\t/app/internal/middleware/request_id.go:34\ngithub.com/gin-gonic/gin.(*Context).Next\n\t/go/pkg/mod/github.com/gin-gonic/gin@v1.11.0/context.go:192\nmain.NewHTTPServer.MaxBodySize.func2\n\t/app/internal/middleware/security.go:52\ngithub.com/gin-gonic/gin.(*Context).Next\n\t/go/pkg/mod/github.com/gin-gonic/gin@v1.11.0/context.go:192\nmain.NewHTTPServer.SecurityHeaders.func1\n\t/app/internal/middleware/security.go:36\ngithub.com/gin-gonic/gin.(*Context).Next\n\t/go/pkg/mod/github.com/gin-gonic/gin@v1.11.0/context.go:192\ngithub.com/gin-gonic/gin.(*Engine).handleHTTPRequest\n\t/go/pkg/mod/github.com/gin-gonic/gin@v1.11.0/gin.go:689\ngithub.com/gin-gonic/gin.(*Engine).ServeHTTP\n\t/go/pkg/mod/github.com/gin-gonic/gin@v1.11.0/gin.go:643\nnet/http.serverHandler.ServeHTTP\n\t/usr/local/go/src/net/http/server.go:3340\nnet/http.(*conn).serve\n\t/usr/local/go/src/net/http/server.go:2109"}
{"level":"info","ts":1782628737.614378,"caller":"logger/logger.go:106","msg":"Request served","request_id":"5620b239420406a9","status":200,"method":"GET","path":"/metrics","ip":"[IP-DISAMARKAN]","latency":0.00200306}
{"level":"info","ts":1782628741.5002015,"caller":"logger/logger.go:156","msg":"Experiment infer completed","request_id":"req-B3-treatment-run1-4-14-1782628716585-aqdc9wz6","request_id":"req-B3-treatment-run1-4-14-1782628716585-aqdc9wz6","scenario":"B3","condition":"treatment","run":1,"category":"partial","latency_ms":24906}
{"level":"info","ts":1782628741.5002513,"caller":"logger/logger.go:106","msg":"Request served","request_id":"req-B3-treatment-run1-4-14-1782628716585-aqdc9wz6","status":200,"method":"POST","path":"/api/v1/infer","ip":"[IP-DISAMARKAN]","latency":24.91162648}
{"level":"info","ts":1782628742.616586,"caller":"logger/logger.go:106","msg":"Request served","request_id":"383aea3ecc5134f1","status":200,"method":"GET","path":"/metrics","ip":"[IP-DISAMARKAN]","latency":0.003153292}
{"level":"info","ts":1782628746.6883857,"caller":"logger/logger.go:156","msg":"Experiment infer completed","request_id":"req-B3-treatment-run1-5-12-1782628721786-jhi3bn32","request_id":"req-B3-treatment-run1-5-12-1782628721786-jhi3bn32","scenario":"B3","condition":"treatment","run":1,"category":"partial","latency_ms":24894}
{"level":"info","ts":1782628746.6884365,"caller":"logger/logger.go:106","msg":"Request served","request_id":"req-B3-treatment-run1-5-12-1782628721786-jhi3bn32","status":200,"method":"POST","path":"/api/v1/infer","ip":"[IP-DISAMARKAN]","latency":24.898041318}
{"level":"warn","ts":1782628747.3614156,"caller":"logger/logger.go:116","msg":"Worker health check failed","worker":"ocr","error":"rpc error: code = Unavailable desc = connection error: desc = \"transport: Error while dialing: dial tcp [IP-DISAMARKAN]:50052: connect: no route to host\""}
{"level":"info","ts":1782628747.613223,"caller":"logger/logger.go:106","msg":"Request served","request_id":"a9a9f490b3569eb8","status":200,"method":"GET","path":"/metrics","ip":"[IP-DISAMARKAN]","latency":0.000932017}
{"level":"info","ts":1782628747.699332,"caller":"logger/logger.go:106","msg":"Circuit breaker transitioning to HALF_OPEN","name":"ocr"}
{"level":"error","ts":1782628747.8061073,"caller":"logger/logger.go:121","msg":"AI Worker gRPC failed","code":"Unavailable","message":"connection error: desc = \"transport: Error while dialing: dial tcp [IP-DISAMARKAN]:50052: connect: no route to host\"","stacktrace":"temandifa-backend/internal/logger.Error\n\t/app/internal/logger/logger.go:121\ntemandifa-backend/internal/services.(*aiService).handleError\n\t/app/internal/services/ai_service.go:387\ntemandifa-backend/internal/services.(*aiService).ExtractText.func1\n\t/app/internal/services/ai_service.go:254\ntemandifa-backend/internal/services.(*aiService).ExtractText\n\t/app/internal/services/ai_service.go:277\ntemandifa-backend/internal/handlers.(*ExperimentHandler).callWorkersConcurrent.func1\n\t/app/internal/handlers/experiment_handler.go:595"}
{"level":"warn","ts":1782628747.8061757,"caller":"logger/logger.go:116","msg":"Circuit breaker transitioning back to OPEN from HALF_OPEN","name":"ocr"}
{"level":"info","ts":1782628751.7835991,"caller":"logger/logger.go:106","msg":"Health check completed","vision":"HEALTHY","ocr":"UNHEALTHY","speech":"HEALTHY"}
{"level":"info","ts":1782628751.784691,"caller":"logger/logger.go:156","msg":"Experiment infer completed","request_id":"req-B3-treatment-run1-1-22-1782628726889-0qg2dtww","request_id":"req-B3-treatment-run1-1-22-1782628726889-0qg2dtww","scenario":"B3","condition":"treatment","run":1,"category":"partial","latency_ms":24887}
{"level":"info","ts":1782628751.7847342,"caller":"logger/logger.go:106","msg":"Request served","request_id":"req-B3-treatment-run1-1-22-1782628726889-0qg2dtww","status":200,"method":"POST","path":"/api/v1/infer","ip":"[IP-DISAMARKAN]","latency":24.890657341}
{"level":"info","ts":1782628752.61283,"caller":"logger/logger.go:106","msg":"Request served","request_id":"b463350161632d7a","status":200,"method":"GET","path":"/metrics","ip":"[IP-DISAMARKAN]","latency":0.000953407}