{"level":"info","ts":1782522675.2183151,"caller":"logger/logger.go:156","msg":"Experiment infer completed","request_id":"req-A1-treatment-run1-2-15-1782522650518-8281yasa","request_id":"req-A1-treatment-run1-2-15-1782522650518-8281yasa","scenario":"A1","condition":"treatment","run":1,"category":"full","latency_ms":24688}
{"level":"info","ts":1782522675.2183576,"caller":"logger/logger.go:106","msg":"Request served","request_id":"req-A1-treatment-run1-2-15-1782522650518-8281yasa","status":200,"method":"POST","path":"/api/v1/infer","ip":"[IP-DISAMARKAN]","latency":24.695403631}
{"level":"info","ts":1782522677.614221,"caller":"logger/logger.go:106","msg":"Request served","request_id":"678b026b82a6115b","status":200,"method":"GET","path":"/metrics","ip":"[IP-DISAMARKAN]","latency":0.001045693}
{"level":"info","ts":1782522680.3270433,"caller":"logger/logger.go:156","msg":"Experiment infer completed","request_id":"req-A1-treatment-run1-1-11-1782522655616-8rz7bcke","request_id":"req-A1-treatment-run1-1-11-1782522655616-8rz7bcke","scenario":"A1","condition":"treatment","run":1,"category":"full","latency_ms":24701}
{"level":"info","ts":1782522680.327459,"caller":"logger/logger.go:106","msg":"Request served","request_id":"req-A1-treatment-run1-1-11-1782522655616-8rz7bcke","status":200,"method":"POST","path":"/api/v1/infer","ip":"[IP-DISAMARKAN]","latency":24.703971758}
{"level":"warn","ts":1782522681.798729,"caller":"logger/logger.go:116","msg":"Worker health check failed","worker":"speech","error":"rpc error: code = DeadlineExceeded desc = context deadline exceeded"}
{"level":"info","ts":1782522681.799142,"caller":"logger/logger.go:106","msg":"Health check completed","vision":"HEALTHY","ocr":"HEALTHY","speech":"UNHEALTHY"}
{"level":"info","ts":1782522682.613438,"caller":"logger/logger.go:106","msg":"Request served","request_id":"28c3c92f80084f5a","status":200,"method":"GET","path":"/metrics","ip":"[IP-DISAMARKAN]","latency":0.001050233}
{"level":"info","ts":1782522685.5201895,"caller":"logger/logger.go:156","msg":"Experiment infer completed","request_id":"req-A1-treatment-run1-3-4-1782522660714-k5ab1h0j","request_id":"req-A1-treatment-run1-3-4-1782522660714-k5ab1h0j","scenario":"A1","condition":"treatment","run":1,"category":"full","latency_ms":24798}
{"level":"info","ts":1782522685.5202384,"caller":"logger/logger.go:106","msg":"Request served","request_id":"req-A1-treatment-run1-3-4-1782522660714-k5ab1h0j","status":200,"method":"POST","path":"/api/v1/infer","ip":"[IP-DISAMARKAN]","latency":24.800772735}
{"level":"info","ts":1782522687.6161718,"caller":"logger/logger.go:106","msg":"Request served","request_id":"ce653dddad0c7692","status":200,"method":"GET","path":"/metrics","ip":"[IP-DISAMARKAN]","latency":0.001268248}
{"level":"info","ts":1782522690.6162694,"caller":"logger/logger.go:156","msg":"Experiment infer completed","request_id":"req-A1-treatment-run1-4-8-1782522665827-jg758jt5","request_id":"req-A1-treatment-run1-4-8-1782522665827-jg758jt5","scenario":"A1","condition":"treatment","run":1,"category":"full","latency_ms":24779}
{"level":"info","ts":1782522690.6163187,"caller":"logger/logger.go:106","msg":"Request served","request_id":"req-A1-treatment-run1-4-8-1782522665827-jg758jt5","status":200,"method":"POST","path":"/api/v1/infer","ip":"[IP-DISAMARKAN]","latency":24.784369283}
{"level":"info","ts":1782522692.614733,"caller":"logger/logger.go:106","msg":"Request served","request_id":"0237a9525d19e397","status":200,"method":"GET","path":"/metrics","ip":"[IP-DISAMARKAN]","latency":0.001186159}
{"level":"info","ts":1782522695.7171419,"caller":"logger/logger.go:156","msg":"Experiment infer completed","request_id":"req-A1-treatment-run1-5-6-1782522671128-9fnr3m78","request_id":"req-A1-treatment-run1-5-6-1782522671128-9fnr3m78","scenario":"A1","condition":"treatment","run":1,"category":"full","latency_ms":24581}
{"level":"info","ts":1782522695.7171988,"caller":"logger/logger.go:106","msg":"Request served","request_id":"req-A1-treatment-run1-5-6-1782522671128-9fnr3m78","status":200,"method":"POST","path":"/api/v1/infer","ip":"[IP-DISAMARKAN]","latency":24.584038255}
{"level":"warn","ts":1782522696.7992063,"caller":"logger/logger.go:116","msg":"Worker health check failed","worker":"speech","error":"rpc error: code = DeadlineExceeded desc = context deadline exceeded"}
{"level":"info","ts":1782522696.7995827,"caller":"logger/logger.go:106","msg":"Health check completed","vision":"HEALTHY","ocr":"HEALTHY","speech":"UNHEALTHY"}
{"level":"info","ts":1782522697.6129618,"caller":"logger/logger.go:106","msg":"Request served","request_id":"fc5b90fcd7ebd60d","status":200,"method":"GET","path":"/metrics","ip":"[IP-DISAMARKAN]","latency":0.001049634}
{"level":"info","ts":1782522701.0168302,"caller":"logger/logger.go:156","msg":"Experiment infer completed","request_id":"req-A1-treatment-run1-2-16-1782522676221-w8f18h47","request_id":"req-A1-treatment-run1-2-16-1782522676221-w8f18h47","scenario":"A1","condition":"treatment","run":1,"category":"full","latency_ms":24786}
{"level":"info","ts":1782522701.016882,"caller":"logger/logger.go:106","msg":"Request served","request_id":"req-A1-treatment-run1-2-16-1782522676221-w8f18h47","status":200,"method":"POST","path":"/api/v1/infer","ip":"[IP-DISAMARKAN]","latency":24.791346494}
{"level":"info","ts":1782522702.6135366,"caller":"logger/logger.go:106","msg":"Request served","request_id":"36ec969ad75258ac","status":200,"method":"GET","path":"/metrics","ip":"[IP-DISAMARKAN]","latency":0.000864378}
{"level":"info","ts":1782522706.2150009,"caller":"logger/logger.go:156","msg":"Experiment infer completed","request_id":"req-A1-treatment-run1-1-12-1782522681329-knblm447","request_id":"req-A1-treatment-run1-1-12-1782522681329-knblm447","scenario":"A1","condition":"treatment","run":1,"category":"full","latency_ms":24876}
{"level":"info","ts":1782522706.2150686,"caller":"logger/logger.go:106","msg":"Request served","request_id":"req-A1-treatment-run1-1-12-1782522681329-knblm447","status":200,"method":"POST","path":"/api/v1/infer","ip":"[IP-DISAMARKAN]","latency":24.880870294}
{"level":"info","ts":1782522707.6127915,"caller":"logger/logger.go:106","msg":"Request served","request_id":"a6aa9696ab46040b","status":200,"method":"GET","path":"/metrics","ip":"[IP-DISAMARKAN]","latency":0.000956005}
{"level":"error","ts":1782522710.2878306,"caller":"logger/logger.go:121","msg":"Server error","request_id":"40e61d0e5366312f","status":503,"method":"GET","path":"/api/v1/health","ip":"::1","latency":5.005654477,"error":"","stacktrace":"temandifa-backend/internal/logger.Error\n\t/app/internal/logger/logger.go:121\nmain.NewHTTPServer.RequestLogger.func5\n\t/app/internal/middleware/request_logger.go:44\ngithub.com/gin-gonic/gin.(*Context).Next\n\t/go/pkg/mod/github.com/gin-gonic/gin@v1.11.0/context.go:192\nmain.NewHTTPServer.VersionMiddleware.func4\n\t/app/internal/middleware/versioning.go:35\ngithub.com/gin-gonic/gin.(*Context).Next\n\t/go/pkg/mod/github.com/gin-gonic/gin@v1.11.0/context.go:192\nmain.NewHTTPServer.RequestID.func3\n\t/app/internal/middleware/request_id.go:34\ngithub.com/gin-gonic/gin.(*Context).Next\n\t/go/pkg/mod/github.com/gin-gonic/gin@v1.11.0/context.go:192\nmain.NewHTTPServer.MaxBodySize.func2\n\t/app/internal/middleware/security.go:52\ngithub.com/gin-gonic/gin.(*Context).Next\n\t/go/pkg/mod/github.com/gin-gonic/gin@v1.11.0/context.go:192\nmain.NewHTTPServer.SecurityHeaders.func1\n\t/app/internal/middleware/security.go:36\ngithub.com/gin-gonic/gin.(*Context).Next\n\t/go/pkg/mod/github.com/gin-gonic/gin@v1.11.0/context.go:192\ngithub.com/gin-gonic/gin.(*Engine).handleHTTPRequest\n\t/go/pkg/mod/github.com/gin-gonic/gin@v1.11.0/gin.go:689\ngithub.com/gin-gonic/gin.(*Engine).ServeHTTP\n\t/go/pkg/mod/github.com/gin-gonic/gin@v1.11.0/gin.go:643\nnet/http.serverHandler.ServeHTTP\n\t/usr/local/go/src/net/http/server.go:3340\nnet/http.(*conn).serve\n\t/usr/local/go/src/net/http/server.go:2109"}
{"level":"info","ts":1782522711.3256,"caller":"logger/logger.go:106","msg":"Health check completed","vision":"HEALTHY","ocr":"HEALTHY","speech":"HEALTHY"}
{"level":"info","ts":1782522711.3269763,"caller":"logger/logger.go:156","msg":"Experiment infer completed","request_id":"req-A1-treatment-run1-3-5-1782522686521-3q7i9j8g","request_id":"req-A1-treatment-run1-3-5-1782522686521-3q7i9j8g","scenario":"A1","condition":"treatment","run":1,"category":"full","latency_ms":24796}
{"level":"info","ts":1782522711.327032,"caller":"logger/logger.go:106","msg":"Request served","request_id":"req-A1-treatment-run1-3-5-1782522686521-3q7i9j8g","status":200,"method":"POST","path":"/api/v1/infer","ip":"[IP-DISAMARKAN]","latency":24.80126288}
{"level":"info","ts":1782522712.6157708,"caller":"logger/logger.go:106","msg":"Request served","request_id":"a8891e3eaed32079","status":200,"method":"GET","path":"/metrics","ip":"[IP-DISAMARKAN]","latency":0.002983766}
{"level":"info","ts":1782522716.4270911,"caller":"logger/logger.go:156","msg":"Experiment infer completed","request_id":"req-A1-treatment-run1-4-9-1782522691618-xf02ul3c","request_id":"req-A1-treatment-run1-4-9-1782522691618-xf02ul3c","scenario":"A1","condition":"treatment","run":1,"category":"full","latency_ms":24798}
{"level":"info","ts":1782522716.427148,"caller":"logger/logger.go:106","msg":"Request served","request_id":"req-A1-treatment-run1-4-9-1782522691618-xf02ul3c","status":200,"method":"POST","path":"/api/v1/infer","ip":"[IP-DISAMARKAN]","latency":24.805178641}
{"level":"info","ts":1782522717.6149895,"caller":"logger/logger.go:106","msg":"Request served","request_id":"a8c9df54ade2cfdb","status":200,"method":"GET","path":"/metrics","ip":"[IP-DISAMARKAN]","latency":0.001662028}
{"level":"info","ts":1782522721.6227138,"caller":"logger/logger.go:156","msg":"Experiment infer completed","request_id":"req-A1-treatment-run1-5-7-1782522696719-un7b9kuc","request_id":"req-A1-treatment-run1-5-7-1782522696719-un7b9kuc","scenario":"A1","condition":"treatment","run":1,"category":"full","latency_ms":24892}
{"level":"info","ts":1782522721.6229365,"caller":"logger/logger.go:106","msg":"Request served","request_id":"req-A1-treatment-run1-5-7-1782522696719-un7b9kuc","status":200,"method":"POST","path":"/api/v1/infer","ip":"[IP-DISAMARKAN]","latency":24.898054176}
{"level":"info","ts":1782522722.6143458,"caller":"logger/logger.go:106","msg":"Request served","request_id":"58a04cb2eeea3a5c","status":200,"method":"GET","path":"/metrics","ip":"[IP-DISAMARKAN]","latency":0.001416715}
{"level":"info","ts":1782522726.7149699,"caller":"logger/logger.go:106","msg":"Health check completed","vision":"HEALTHY","ocr":"HEALTHY","speech":"HEALTHY"}
{"level":"info","ts":1782522726.7162583,"caller":"logger/logger.go:156","msg":"Experiment infer completed","request_id":"req-A1-treatment-run1-2-17-1782522702020-v65wzn2x","request_id":"req-A1-treatment-run1-2-17-1782522702020-v65wzn2x","scenario":"A1","condition":"treatment","run":1,"category":"full","latency_ms":24686}
{"level":"info","ts":1782522726.7163157,"caller":"logger/logger.go:106","msg":"Request served","request_id":"req-A1-treatment-run1-2-17-1782522702020-v65wzn2x","status":200,"method":"POST","path":"/api/v1/infer","ip":"[IP-DISAMARKAN]","latency":24.690737057}
{"level":"info","ts":1782522727.6136737,"caller":"logger/logger.go:106","msg":"Request served","request_id":"f93af3e638a56fb8","status":200,"method":"GET","path":"/metrics","ip":"[IP-DISAMARKAN]","latency":0.001248018}
{"level":"info","ts":1782522732.0189612,"caller":"logger/logger.go:156","msg":"Experiment infer completed","request_id":"req-A1-treatment-run1-1-13-1782522707216-jvzyehud","request_id":"req-A1-treatment-run1-1-13-1782522707216-jvzyehud","scenario":"A1","condition":"treatment","run":1,"category":"full","latency_ms":24793}
{"level":"info","ts":1782522732.01901,"caller":"logger/logger.go:106","msg":"Request served","request_id":"req-A1-treatment-run1-1-13-1782522707216-jvzyehud","status":200,"method":"POST","path":"/api/v1/infer","ip":"[IP-DISAMARKAN]","latency":24.796889128}
{"level":"info","ts":1782522732.615402,"caller":"logger/logger.go:106","msg":"Request served","request_id":"45602b2e7217ff6d","status":200,"method":"GET","path":"/metrics","ip":"[IP-DISAMARKAN]","latency":0.002832588}
{"level":"info","ts":1782522737.2276254,"caller":"logger/logger.go:156","msg":"Experiment infer completed","request_id":"req-A1-treatment-run1-3-6-1782522712328-wqqor1ep","request_id":"req-A1-treatment-run1-3-6-1782522712328-wqqor1ep","scenario":"A1","condition":"treatment","run":1,"category":"full","latency_ms":24882}
{"level":"info","ts":1782522737.2276745,"caller":"logger/logger.go:106","msg":"Request served","request_id":"req-A1-treatment-run1-3-6-1782522712328-wqqor1ep","status":200,"method":"POST","path":"/api/v1/infer","ip":"[IP-DISAMARKAN]","latency":24.895199527}
{"level":"info","ts":1782522737.6154304,"caller":"logger/logger.go:106","msg":"Request served","request_id":"ee90334f5437dc6f","status":200,"method":"GET","path":"/metrics","ip":"[IP-DISAMARKAN]","latency":0.002263573}
{"level":"info","ts":1782522739.1400902,"caller":"logger/logger.go:106","msg":"ExperimentService","event":"fault_logged","type":"fault_injected","target":"vision"}
{"level":"info","ts":1782522739.1402056,"caller":"logger/logger.go:106","msg":"Request served","request_id":"f30966752ff4d8c2","status":201,"method":"POST","path":"/api/v1/experiments/fault-events","ip":"[IP-DISAMARKAN]","latency":0.003377596}
{"level":"warn","ts":1782522741.7991598,"caller":"logger/logger.go:116","msg":"Worker health check failed","worker":"speech","error":"rpc error: code = DeadlineExceeded desc = context deadline exceeded"}
{"level":"info","ts":1782522741.799582,"caller":"logger/logger.go:106","msg":"Health check completed","vision":"HEALTHY","ocr":"HEALTHY","speech":"UNHEALTHY"}
{"level":"info","ts":1782522741.832057,"caller":"logger/logger.go:156","msg":"Experiment infer completed","request_id":"req-A1-treatment-run1-4-10-1782522717429-a4epwd5k","request_id":"req-A1-treatment-run1-4-10-1782522717429-a4epwd5k","scenario":"A1","condition":"treatment","run":1,"category":"full","latency_ms":24395}
{"level":"info","ts":1782522741.8321118,"caller":"logger/logger.go:106","msg":"Request served","request_id":"req-A1-treatment-run1-4-10-1782522717429-a4epwd5k","status":200,"method":"POST","path":"/api/v1/infer","ip":"[IP-DISAMARKAN]","latency":24.399876791}
{"level":"info","ts":1782522742.6133149,"caller":"logger/logger.go:106","msg":"Request served","request_id":"a1194de19d41febe","status":200,"method":"GET","path":"/metrics","ip":"[IP-DISAMARKAN]","latency":0.001258479}
{"level":"error","ts":1782522745.4155924,"caller":"logger/logger.go:121","msg":"Server error","request_id":"36e2cecc5c7f0d39","status":503,"method":"GET","path":"/api/v1/health","ip":"::1","latency":5.054108658,"error":"","stacktrace":"temandifa-backend/internal/logger.Error\n\t/app/internal/logger/logger.go:121\nmain.NewHTTPServer.RequestLogger.func5\n\t/app/internal/middleware/request_logger.go:44\ngithub.com/gin-gonic/gin.(*Context).Next\n\t/go/pkg/mod/github.com/gin-gonic/gin@v1.11.0/context.go:192\nmain.NewHTTPServer.VersionMiddleware.func4\n\t/app/internal/middleware/versioning.go:35\ngithub.com/gin-gonic/gin.(*Context).Next\n\t/go/pkg/mod/github.com/gin-gonic/gin@v1.11.0/context.go:192\nmain.NewHTTPServer.RequestID.func3\n\t/app/internal/middleware/request_id.go:34\ngithub.com/gin-gonic/gin.(*Context).Next\n\t/go/pkg/mod/github.com/gin-gonic/gin@v1.11.0/context.go:192\nmain.NewHTTPServer.MaxBodySize.func2\n\t/app/internal/middleware/security.go:52\ngithub.com/gin-gonic/gin.(*Context).Next\n\t/go/pkg/mod/github.com/gin-gonic/gin@v1.11.0/context.go:192\nmain.NewHTTPServer.SecurityHeaders.func1\n\t/app/internal/middleware/security.go:36\ngithub.com/gin-gonic/gin.(*Context).Next\n\t/go/pkg/mod/github.com/gin-gonic/gin@v1.11.0/context.go:192\ngithub.com/gin-gonic/gin.(*Engine).handleHTTPRequest\n\t/go/pkg/mod/github.com/gin-gonic/gin@v1.11.0/gin.go:689\ngithub.com/gin-gonic/gin.(*Engine).ServeHTTP\n\t/go/pkg/mod/github.com/gin-gonic/gin@v1.11.0/gin.go:643\nnet/http.serverHandler.ServeHTTP\n\t/usr/local/go/src/net/http/server.go:3340\nnet/http.(*conn).serve\n\t/usr/local/go/src/net/http/server.go:2109"}
{"level":"info","ts":1782522746.144998,"caller":"logger/logger.go:156","msg":"Experiment infer completed","request_id":"req-A1-treatment-run1-5-8-1782522722625-h290dth9","request_id":"req-A1-treatment-run1-5-8-1782522722625-h290dth9","scenario":"A1","condition":"treatment","run":1,"category":"full","latency_ms":23512}
{"level":"info","ts":1782522746.1450634,"caller":"logger/logger.go:106","msg":"Request served","request_id":"req-A1-treatment-run1-5-8-1782522722625-h290dth9","status":200,"method":"POST","path":"/api/v1/infer","ip":"[IP-DISAMARKAN]","latency":23.514888131}
{"level":"info","ts":1782522747.6140924,"caller":"logger/logger.go:106","msg":"Request served","request_id":"f3366c565e72e9af","status":200,"method":"GET","path":"/metrics","ip":"[IP-DISAMARKAN]","latency":0.002214485}
{"level":"info","ts":1782522750.645183,"caller":"logger/logger.go:156","msg":"Experiment infer completed","request_id":"req-A1-treatment-run1-2-18-1782522727718-o32otile","request_id":"req-A1-treatment-run1-2-18-1782522727718-o32otile","scenario":"A1","condition":"treatment","run":1,"category":"full","latency_ms":22918}
{"level":"info","ts":1782522750.645243,"caller":"logger/logger.go:106","msg":"Request served","request_id":"req-A1-treatment-run1-2-18-1782522727718-o32otile","status":200,"method":"POST","path":"/api/v1/infer","ip":"[IP-DISAMARKAN]","latency":22.923044971}
{"level":"info","ts":1782522752.6146715,"caller":"logger/logger.go:106","msg":"Request served","request_id":"1cdec22448f6df06","status":200,"method":"GET","path":"/metrics","ip":"[IP-DISAMARKAN]","latency":0.0012184}
{"level":"info","ts":1782522755.0522366,"caller":"logger/logger.go:156","msg":"Experiment infer completed","request_id":"req-A1-treatment-run1-1-14-1782522733020-zu56ceum","request_id":"req-A1-treatment-run1-1-14-1782522733020-zu56ceum","scenario":"A1","condition":"treatment","run":1,"category":"full","latency_ms":22023}
{"level":"info","ts":1782522755.0525813,"caller":"logger/logger.go:106","msg":"Request served","request_id":"req-A1-treatment-run1-1-14-1782522733020-zu56ceum","status":200,"method":"POST","path":"/api/v1/infer","ip":"[IP-DISAMARKAN]","latency":22.026419206}
{"level":"warn","ts":1782522756.7983847,"caller":"logger/logger.go:116","msg":"Worker health check failed","worker":"speech","error":"rpc error: code = DeadlineExceeded desc = context deadline exceeded"}
{"level":"info","ts":1782522756.7987103,"caller":"logger/logger.go:106","msg":"Health check completed","vision":"HEALTHY","ocr":"HEALTHY","speech":"UNHEALTHY"}
{"level":"info","ts":1782522757.6141264,"caller":"logger/logger.go:106","msg":"Request served","request_id":"28b19195b11542b7","status":200,"method":"GET","path":"/metrics","ip":"[IP-DISAMARKAN]","latency":0.000977025}
{"level":"info","ts":1782522759.5155342,"caller":"logger/logger.go:156","msg":"Experiment infer completed","request_id":"req-A1-treatment-run1-3-7-1782522738229-52xdg6f2","request_id":"req-A1-treatment-run1-3-7-1782522738229-52xdg6f2","scenario":"A1","condition":"treatment","run":1,"category":"full","latency_ms":21279}
{"level":"info","ts":1782522759.515586,"caller":"logger/logger.go:106","msg":"Request served","request_id":"req-A1-treatment-run1-3-7-1782522738229-52xdg6f2","status":200,"method":"POST","path":"/api/v1/infer","ip":"[IP-DISAMARKAN]","latency":21.282277093}
{"level":"info","ts":1782522762.6136823,"caller":"logger/logger.go:106","msg":"Request served","request_id":"3840342b8c58ffd1","status":200,"method":"GET","path":"/metrics","ip":"[IP-DISAMARKAN]","latency":0.001186311}
{"level":"info","ts":1782522764.1409564,"caller":"logger/logger.go:156","msg":"Experiment infer completed","request_id":"req-A1-treatment-run1-4-11-1782522742833-mfl860qo","request_id":"req-A1-treatment-run1-4-11-1782522742833-mfl860qo","scenario":"A1","condition":"treatment","run":1,"category":"full","latency_ms":21300}
{"level":"info","ts":1782522764.141013,"caller":"logger/logger.go:106","msg":"Request served","request_id":"req-A1-treatment-run1-4-11-1782522742833-mfl860qo","status":200,"method":"POST","path":"/api/v1/infer","ip":"[IP-DISAMARKAN]","latency":21.302548448}
{"level":"info","ts":1782522767.612971,"caller":"logger/logger.go:106","msg":"Request served","request_id":"04b01351d9c3d508","status":200,"method":"GET","path":"/metrics","ip":"[IP-DISAMARKAN]","latency":0.001032814}
{"level":"info","ts":1782522768.63418,"caller":"logger/logger.go:156","msg":"Experiment infer completed","request_id":"req-A1-treatment-run1-5-9-1782522747147-j3sndd2z","request_id":"req-A1-treatment-run1-5-9-1782522747147-j3sndd2z","scenario":"A1","condition":"treatment","run":1,"category":"full","latency_ms":21477}
{"level":"info","ts":1782522768.634234,"caller":"logger/logger.go:106","msg":"Request served","request_id":"req-A1-treatment-run1-5-9-1782522747147-j3sndd2z","status":200,"method":"POST","path":"/api/v1/infer","ip":"[IP-DISAMARKAN]","latency":21.482665706}
{"level":"warn","ts":1782522771.7991927,"caller":"logger/logger.go:116","msg":"Worker health check failed","worker":"speech","error":"rpc error: code = DeadlineExceeded desc = context deadline exceeded"}
{"level":"info","ts":1782522771.8011167,"caller":"logger/logger.go:106","msg":"Health check completed","vision":"HEALTHY","ocr":"HEALTHY","speech":"UNHEALTHY"}
{"level":"info","ts":1782522772.6165466,"caller":"logger/logger.go:106","msg":"Request served","request_id":"db736e863fedcfbd","status":200,"method":"GET","path":"/metrics","ip":"[IP-DISAMARKAN]","latency":0.003690697}
{"level":"info","ts":1782522773.03718,"caller":"logger/logger.go:156","msg":"Experiment infer completed","request_id":"req-A1-treatment-run1-2-19-1782522751648-zhddf5as","request_id":"req-A1-treatment-run1-2-19-1782522751648-zhddf5as","scenario":"A1","condition":"treatment","run":1,"category":"full","latency_ms":21379}
{"level":"info","ts":1782522773.0372312,"caller":"logger/logger.go:106","msg":"Request served","request_id":"req-A1-treatment-run1-2-19-1782522751648-zhddf5as","status":200,"method":"POST","path":"/api/v1/infer","ip":"[IP-DISAMARKAN]","latency":21.384588998}
{"level":"info","ts":1782522777.613174,"caller":"logger/logger.go:106","msg":"Request served","request_id":"4dac518b55b0bfa9","status":200,"method":"GET","path":"/metrics","ip":"[IP-DISAMARKAN]","latency":0.001094862}
{"level":"info","ts":1782522777.6181655,"caller":"logger/logger.go:156","msg":"Experiment infer completed","request_id":"req-A1-treatment-run1-1-15-1782522756053-ix3dtk0d","request_id":"req-A1-treatment-run1-1-15-1782522756053-ix3dtk0d","scenario":"A1","condition":"treatment","run":1,"category":"full","latency_ms":21557}
{"level":"info","ts":1782522777.6182084,"caller":"logger/logger.go:106","msg":"Request served","request_id":"req-A1-treatment-run1-1-15-1782522756053-ix3dtk0d","status":200,"method":"POST","path":"/api/v1/infer","ip":"[IP-DISAMARKAN]","latency":21.560395632}
{"level":"error","ts":1782522780.437218,"caller":"logger/logger.go:121","msg":"Server error","request_id":"00d4db4e763e5810","status":503,"method":"GET","path":"/api/v1/health","ip":"::1","latency":5.011306712,"error":"","stacktrace":"temandifa-backend/internal/logger.Error\n\t/app/internal/logger/logger.go:121\nmain.NewHTTPServer.RequestLogger.func5\n\t/app/internal/middleware/request_logger.go:44\ngithub.com/gin-gonic/gin.(*Context).Next\n\t/go/pkg/mod/github.com/gin-gonic/gin@v1.11.0/context.go:192\nmain.NewHTTPServer.VersionMiddleware.func4\n\t/app/internal/middleware/versioning.go:35\ngithub.com/gin-gonic/gin.(*Context).Next\n\t/go/pkg/mod/github.com/gin-gonic/gin@v1.11.0/context.go:192\nmain.NewHTTPServer.RequestID.func3\n\t/app/internal/middleware/request_id.go:34\ngithub.com/gin-gonic/gin.(*Context).Next\n\t/go/pkg/mod/github.com/gin-gonic/gin@v1.11.0/context.go:192\nmain.NewHTTPServer.MaxBodySize.func2\n\t/app/internal/middleware/security.go:52\ngithub.com/gin-gonic/gin.(*Context).Next\n\t/go/pkg/mod/github.com/gin-gonic/gin@v1.11.0/context.go:192\nmain.NewHTTPServer.SecurityHeaders.func1\n\t/app/internal/middleware/security.go:36\ngithub.com/gin-gonic/gin.(*Context).Next\n\t/go/pkg/mod/github.com/gin-gonic/gin@v1.11.0/context.go:192\ngithub.com/gin-gonic/gin.(*Engine).handleHTTPRequest\n\t/go/pkg/mod/github.com/gin-gonic/gin@v1.11.0/gin.go:689\ngithub.com/gin-gonic/gin.(*Engine).ServeHTTP\n\t/go/pkg/mod/github.com/gin-gonic/gin@v1.11.0/gin.go:643\nnet/http.serverHandler.ServeHTTP\n\t/usr/local/go/src/net/http/server.go:3340\nnet/http.(*conn).serve\n\t/usr/local/go/src/net/http/server.go:2109"}
{"level":"info","ts":1782522782.0426216,"caller":"logger/logger.go:156","msg":"Experiment infer completed","request_id":"req-A1-treatment-run1-3-8-1782522760517-vhkp810z","request_id":"req-A1-treatment-run1-3-8-1782522760517-vhkp810z","scenario":"A1","condition":"treatment","run":1,"category":"full","latency_ms":21516}
{"level":"info","ts":1782522782.0426807,"caller":"logger/logger.go:106","msg":"Request served","request_id":"req-A1-treatment-run1-3-8-1782522760517-vhkp810z","status":200,"method":"POST","path":"/api/v1/infer","ip":"[IP-DISAMARKAN]","latency":21.519371128}
{"level":"info","ts":1782522782.6146393,"caller":"logger/logger.go:106","msg":"Request served","request_id":"125a4fb683e40665","status":200,"method":"GET","path":"/metrics","ip":"[IP-DISAMARKAN]","latency":0.002327782}
{"level":"info","ts":1782522786.3194268,"caller":"logger/logger.go:106","msg":"Health check completed","vision":"HEALTHY","ocr":"HEALTHY","speech":"HEALTHY"}
{"level":"info","ts":1782522786.3197088,"caller":"logger/logger.go:156","msg":"Experiment infer completed","request_id":"req-A1-treatment-run1-4-12-1782522765143-fni83eay","request_id":"req-A1-treatment-run1-4-12-1782522765143-fni83eay","scenario":"A1","condition":"treatment","run":1,"category":"full","latency_ms":21167}
{"level":"info","ts":1782522786.3197482,"caller":"logger/logger.go:106","msg":"Request served","request_id":"req-A1-treatment-run1-4-12-1782522765143-fni83eay","status":200,"method":"POST","path":"/api/v1/infer","ip":"[IP-DISAMARKAN]","latency":21.171956995}
{"level":"info","ts":1782522787.6142044,"caller":"logger/logger.go:106","msg":"Request served","request_id":"be03d7846b3600c1","status":200,"method":"GET","path":"/metrics","ip":"[IP-DISAMARKAN]","latency":0.001049213}
{"level":"info","ts":1782522790.8222833,"caller":"logger/logger.go:156","msg":"Experiment infer completed","request_id":"req-A1-treatment-run1-5-10-1782522769636-mrmcz3or","request_id":"req-A1-treatment-run1-5-10-1782522769636-mrmcz3or","scenario":"A1","condition":"treatment","run":1,"category":"full","latency_ms":21177}
{"level":"info","ts":1782522790.8223414,"caller":"logger/logger.go:106","msg":"Request served","request_id":"req-A1-treatment-run1-5-10-1782522769636-mrmcz3or","status":200,"method":"POST","path":"/api/v1/infer","ip":"[IP-DISAMARKAN]","latency":21.180929741}
{"level":"info","ts":1782522792.6127245,"caller":"logger/logger.go:106","msg":"Request served","request_id":"7d982501bf358388","status":200,"method":"GET","path":"/metrics","ip":"[IP-DISAMARKAN]","latency":0.000844308}
{"level":"info","ts":1782522795.42416,"caller":"logger/logger.go:156","msg":"Experiment infer completed","request_id":"req-A1-treatment-run1-2-20-1782522774039-atdqxkfc","request_id":"req-A1-treatment-run1-2-20-1782522774039-atdqxkfc","scenario":"A1","condition":"treatment","run":1,"category":"full","latency_ms":21373}
{"level":"info","ts":1782522795.424213,"caller":"logger/logger.go:106","msg":"Request served","request_id":"req-A1-treatment-run1-2-20-1782522774039-atdqxkfc","status":200,"method":"POST","path":"/api/v1/infer","ip":"[IP-DISAMARKAN]","latency":21.378688216}
{"level":"info","ts":1782522797.613598,"caller":"logger/logger.go:106","msg":"Request served","request_id":"349ae24a7c2f187d","status":200,"method":"GET","path":"/metrics","ip":"[IP-DISAMARKAN]","latency":0.000984975}
{"level":"info","ts":1782522799.8461688,"caller":"logger/logger.go:156","msg":"Experiment infer completed","request_id":"req-A1-treatment-run1-1-16-1782522778619-p5dbvdah","request_id":"req-A1-treatment-run1-1-16-1782522778619-p5dbvdah","scenario":"A1","condition":"treatment","run":1,"category":"full","latency_ms":21216}
{"level":"info","ts":1782522799.846224,"caller":"logger/logger.go:106","msg":"Request served","request_id":"req-A1-treatment-run1-1-16-1782522778619-p5dbvdah","status":200,"method":"POST","path":"/api/v1/infer","ip":"[IP-DISAMARKAN]","latency":21.219948535}
{"level":"warn","ts":1782522801.7990835,"caller":"logger/logger.go:116","msg":"Worker health check failed","worker":"speech","error":"rpc error: code = DeadlineExceeded desc = context deadline exceeded"}
{"level":"info","ts":1782522801.7995007,"caller":"logger/logger.go:106","msg":"Health check completed","vision":"HEALTHY","ocr":"HEALTHY","speech":"UNHEALTHY"}
{"level":"info","ts":1782522802.6145556,"caller":"logger/logger.go:106","msg":"Request served","request_id":"b174de27f57880af","status":200,"method":"GET","path":"/metrics","ip":"[IP-DISAMARKAN]","latency":0.002550627}
{"level":"info","ts":1782522804.3250375,"caller":"logger/logger.go:156","msg":"Experiment infer completed","request_id":"req-A1-treatment-run1-3-9-1782522783044-2bx4v58g","request_id":"req-A1-treatment-run1-3-9-1782522783044-2bx4v58g","scenario":"A1","condition":"treatment","run":1,"category":"full","latency_ms":21271}
{"level":"info","ts":1782522804.3250968,"caller":"logger/logger.go:106","msg":"Request served","request_id":"req-A1-treatment-run1-3-9-1782522783044-2bx4v58g","status":200,"method":"POST","path":"/api/v1/infer","ip":"[IP-DISAMARKAN]","latency":21.276080882}
{"level":"info","ts":1782522807.6145945,"caller":"logger/logger.go:106","msg":"Request served","request_id":"e6003c0ca9138e00","status":200,"method":"GET","path":"/metrics","ip":"[IP-DISAMARKAN]","latency":0.002122286}
{"level":"info","ts":1782522808.6572201,"caller":"logger/logger.go:156","msg":"Experiment infer completed","request_id":"req-A1-treatment-run1-4-13-1782522787321-1dq0oenh","request_id":"req-A1-treatment-run1-4-13-1782522787321-1dq0oenh","scenario":"A1","condition":"treatment","run":1,"category":"full","latency_ms":21327}
{"level":"info","ts":1782522808.6572723,"caller":"logger/logger.go:106","msg":"Request served","request_id":"req-A1-treatment-run1-4-13-1782522787321-1dq0oenh","status":200,"method":"POST","path":"/api/v1/infer","ip":"[IP-DISAMARKAN]","latency":21.331908905}
{"level":"info","ts":1782522812.6151662,"caller":"logger/logger.go:106","msg":"Request served","request_id":"e2669a1ae0c3d302","status":200,"method":"GET","path":"/metrics","ip":"[IP-DISAMARKAN]","latency":0.002690973}
{"level":"info","ts":1782522813.042248,"caller":"logger/logger.go:156","msg":"Experiment infer completed","request_id":"req-A1-treatment-run1-5-11-1782522791824-jpe97arj","request_id":"req-A1-treatment-run1-5-11-1782522791824-jpe97arj","scenario":"A1","condition":"treatment","run":1,"category":"full","latency_ms":21207}
{"level":"info","ts":1782522813.0423014,"caller":"logger/logger.go:106","msg":"Request served","request_id":"req-A1-treatment-run1-5-11-1782522791824-jpe97arj","status":200,"method":"POST","path":"/api/v1/infer","ip":"[IP-DISAMARKAN]","latency":21.211956098}
{"level":"error","ts":1782522815.5166302,"caller":"logger/logger.go:121","msg":"Server error","request_id":"cf82d979e4f6ec98","status":503,"method":"GET","path":"/api/v1/health","ip":"::1","latency":5.021081307,"error":"","stacktrace":"temandifa-backend/internal/logger.Error\n\t/app/internal/logger/logger.go:121\nmain.NewHTTPServer.RequestLogger.func5\n\t/app/internal/middleware/request_logger.go:44\ngithub.com/gin-gonic/gin.(*Context).Next\n\t/go/pkg/mod/github.com/gin-gonic/gin@v1.11.0/context.go:192\nmain.NewHTTPServer.VersionMiddleware.func4\n\t/app/internal/middleware/versioning.go:35\ngithub.com/gin-gonic/gin.(*Context).Next\n\t/go/pkg/mod/github.com/gin-gonic/gin@v1.11.0/context.go:192\nmain.NewHTTPServer.RequestID.func3\n\t/app/internal/middleware/request_id.go:34\ngithub.com/gin-gonic/gin.(*Context).Next\n\t/go/pkg/mod/github.com/gin-gonic/gin@v1.11.0/context.go:192\nmain.NewHTTPServer.MaxBodySize.func2\n\t/app/internal/middleware/security.go:52\ngithub.com/gin-gonic/gin.(*Context).Next\n\t/go/pkg/mod/github.com/gin-gonic/gin@v1.11.0/context.go:192\nmain.NewHTTPServer.SecurityHeaders.func1\n\t/app/internal/middleware/security.go:36\ngithub.com/gin-gonic/gin.(*Context).Next\n\t/go/pkg/mod/github.com/gin-gonic/gin@v1.11.0/context.go:192\ngithub.com/gin-gonic/gin.(*Engine).handleHTTPRequest\n\t/go/pkg/mod/github.com/gin-gonic/gin@v1.11.0/gin.go:689\ngithub.com/gin-gonic/gin.(*Engine).ServeHTTP\n\t/go/pkg/mod/github.com/gin-gonic/gin@v1.11.0/gin.go:643\nnet/http.serverHandler.ServeHTTP\n\t/usr/local/go/src/net/http/server.go:3340\nnet/http.(*conn).serve\n\t/usr/local/go/src/net/http/server.go:2109"}
{"level":"warn","ts":1782522816.798283,"caller":"logger/logger.go:116","msg":"Worker health check failed","worker":"speech","error":"rpc error: code = DeadlineExceeded desc = context deadline exceeded"}
{"level":"info","ts":1782522816.7988555,"caller":"logger/logger.go:106","msg":"Health check completed","vision":"HEALTHY","ocr":"HEALTHY","speech":"UNHEALTHY"}
{"level":"info","ts":1782522817.537227,"caller":"logger/logger.go:156","msg":"Experiment infer completed","request_id":"req-A1-treatment-run1-2-21-1782522796426-qtjn8j0s","request_id":"req-A1-treatment-run1-2-21-1782522796426-qtjn8j0s","scenario":"A1","condition":"treatment","run":1,"category":"full","latency_ms":21099}
{"level":"info","ts":1782522817.5372806,"caller":"logger/logger.go:106","msg":"Request served","request_id":"req-A1-treatment-run1-2-21-1782522796426-qtjn8j0s","status":200,"method":"POST","path":"/api/v1/infer","ip":"[IP-DISAMARKAN]","latency":21.105560257}
{"level":"info","ts":1782522817.6144922,"caller":"logger/logger.go:106","msg":"Request served","request_id":"36352360fd400e82","status":200,"method":"GET","path":"/metrics","ip":"[IP-DISAMARKAN]","latency":0.001983361}
{"level":"info","ts":1782522822.2181401,"caller":"logger/logger.go:156","msg":"Experiment infer completed","request_id":"req-A1-treatment-run1-1-17-1782522800848-le5njm9u","request_id":"req-A1-treatment-run1-1-17-1782522800848-le5njm9u","scenario":"A1","condition":"treatment","run":1,"category":"full","latency_ms":21361}
{"level":"info","ts":1782522822.218192,"caller":"logger/logger.go:106","msg":"Request served","request_id":"req-A1-treatment-run1-1-17-1782522800848-le5njm9u","status":200,"method":"POST","path":"/api/v1/infer","ip":"[IP-DISAMARKAN]","latency":21.365172114}
{"level":"info","ts":1782522822.6142745,"caller":"logger/logger.go:106","msg":"Request served","request_id":"51a14eec23f0c667","status":200,"method":"GET","path":"/metrics","ip":"[IP-DISAMARKAN]","latency":0.001126262}
{"level":"info","ts":1782522826.6293828,"caller":"logger/logger.go:156","msg":"Experiment infer completed","request_id":"req-A1-treatment-run1-3-10-1782522805326-aecwvq46","request_id":"req-A1-treatment-run1-3-10-1782522805326-aecwvq46","scenario":"A1","condition":"treatment","run":1,"category":"full","latency_ms":21293}
{"level":"info","ts":1782522826.6294372,"caller":"logger/logger.go:106","msg":"Request served","request_id":"req-A1-treatment-run1-3-10-1782522805326-aecwvq46","status":200,"method":"POST","path":"/api/v1/infer","ip":"[IP-DISAMARKAN]","latency":21.29698434}
{"level":"info","ts":1782522827.61336,"caller":"logger/logger.go:106","msg":"Request served","request_id":"fab738051a826c26","status":200,"method":"GET","path":"/metrics","ip":"[IP-DISAMARKAN]","latency":0.000914677}
{"level":"info","ts":1782522831.0202084,"caller":"logger/logger.go:106","msg":"Health check completed","vision":"HEALTHY","ocr":"HEALTHY","speech":"HEALTHY"}
{"level":"info","ts":1782522831.0231655,"caller":"logger/logger.go:156","msg":"Experiment infer completed","request_id":"req-A1-treatment-run1-4-14-1782522809659-tmc7bro8","request_id":"req-A1-treatment-run1-4-14-1782522809659-tmc7bro8","scenario":"A1","condition":"treatment","run":1,"category":"full","latency_ms":21353}
{"level":"info","ts":1782522831.0232089,"caller":"logger/logger.go:106","msg":"Request served","request_id":"req-A1-treatment-run1-4-14-1782522809659-tmc7bro8","status":200,"method":"POST","path":"/api/v1/infer","ip":"[IP-DISAMARKAN]","latency":21.35856675}
{"level":"info","ts":1782522832.6139257,"caller":"logger/logger.go:106","msg":"Request served","request_id":"8c6a603bcd115061","status":200,"method":"GET","path":"/metrics","ip":"[IP-DISAMARKAN]","latency":0.001113853}
{"level":"info","ts":1782522835.4208727,"caller":"logger/logger.go:156","msg":"Experiment infer completed","request_id":"req-A1-treatment-run1-5-12-1782522814044-d44mubmx","request_id":"req-A1-treatment-run1-5-12-1782522814044-d44mubmx","scenario":"A1","condition":"treatment","run":1,"category":"full","latency_ms":21368}
{"level":"info","ts":1782522835.420925,"caller":"logger/logger.go:106","msg":"Request served","request_id":"req-A1-treatment-run1-5-12-1782522814044-d44mubmx","status":200,"method":"POST","path":"/api/v1/infer","ip":"[IP-DISAMARKAN]","latency":21.370569409}
{"level":"info","ts":1782522837.6134496,"caller":"logger/logger.go:106","msg":"Request served","request_id":"7f99c415148da799","status":200,"method":"GET","path":"/metrics","ip":"[IP-DISAMARKAN]","latency":0.000977445}
{"level":"info","ts":1782522839.8279345,"caller":"logger/logger.go:156","msg":"Experiment infer completed","request_id":"req-A1-treatment-run1-2-22-1782522818539-ao06phq2","request_id":"req-A1-treatment-run1-2-22-1782522818539-ao06phq2","scenario":"A1","condition":"treatment","run":1,"category":"full","latency_ms":21277}
{"level":"info","ts":1782522839.827989,"caller":"logger/logger.go:106","msg":"Request served","request_id":"req-A1-treatment-run1-2-22-1782522818539-ao06phq2","status":200,"method":"POST","path":"/api/v1/infer","ip":"[IP-DISAMARKAN]","latency":21.282945051}
{"level":"info","ts":1782522842.6163645,"caller":"logger/logger.go:106","msg":"Request served","request_id":"5e67024abe94e098","status":200,"method":"GET","path":"/metrics","ip":"[IP-DISAMARKAN]","latency":0.003879593}
{"level":"info","ts":1782522844.327174,"caller":"logger/logger.go:156","msg":"Experiment infer completed","request_id":"req-A1-treatment-run1-1-18-1782522823219-jo4sq808","request_id":"req-A1-treatment-run1-1-18-1782522823219-jo4sq808","scenario":"A1","condition":"treatment","run":1,"category":"full","latency_ms":21097}
{"level":"info","ts":1782522844.3272243,"caller":"logger/logger.go:106","msg":"Request served","request_id":"req-A1-treatment-run1-1-18-1782522823219-jo4sq808","status":200,"method":"POST","path":"/api/v1/infer","ip":"[IP-DISAMARKAN]","latency":21.102512264}
{"level":"warn","ts":1782522846.7996118,"caller":"logger/logger.go:116","msg":"Worker health check failed","worker":"speech","error":"rpc error: code = DeadlineExceeded desc = context deadline exceeded"}
{"level":"info","ts":1782522846.8001556,"caller":"logger/logger.go:106","msg":"Health check completed","vision":"HEALTHY","ocr":"HEALTHY","speech":"UNHEALTHY"}
{"level":"info","ts":1782522847.6154573,"caller":"logger/logger.go:106","msg":"Request served","request_id":"6331563512de67f3","status":200,"method":"GET","path":"/metrics","ip":"[IP-DISAMARKAN]","latency":0.002176706}
{"level":"info","ts":1782522848.7250328,"caller":"logger/logger.go:156","msg":"Experiment infer completed","request_id":"req-A1-treatment-run1-3-11-1782522827632-rpzgvcqt","request_id":"req-A1-treatment-run1-3-11-1782522827632-rpzgvcqt","scenario":"A1","condition":"treatment","run":1,"category":"full","latency_ms":21082}
{"level":"info","ts":1782522848.7250893,"caller":"logger/logger.go:106","msg":"Request served","request_id":"req-A1-treatment-run1-3-11-1782522827632-rpzgvcqt","status":200,"method":"POST","path":"/api/v1/infer","ip":"[IP-DISAMARKAN]","latency":21.086880614}
{"level":"error","ts":1782522850.6342053,"caller":"logger/logger.go:121","msg":"Server error","request_id":"781750f2da58cdd5","status":503,"method":"GET","path":"/api/v1/health","ip":"::1","latency":5.016987688,"error":"","stacktrace":"temandifa-backend/internal/logger.Error\n\t/app/internal/logger/logger.go:121\nmain.NewHTTPServer.RequestLogger.func5\n\t/app/internal/middleware/request_logger.go:44\ngithub.com/gin-gonic/gin.(*Context).Next\n\t/go/pkg/mod/github.com/gin-gonic/gin@v1.11.0/context.go:192\nmain.NewHTTPServer.VersionMiddleware.func4\n\t/app/internal/middleware/versioning.go:35\ngithub.com/gin-gonic/gin.(*Context).Next\n\t/go/pkg/mod/github.com/gin-gonic/gin@v1.11.0/context.go:192\nmain.NewHTTPServer.RequestID.func3\n\t/app/internal/middleware/request_id.go:34\ngithub.com/gin-gonic/gin.(*Context).Next\n\t/go/pkg/mod/github.com/gin-gonic/gin@v1.11.0/context.go:192\nmain.NewHTTPServer.MaxBodySize.func2\n\t/app/internal/middleware/security.go:52\ngithub.com/gin-gonic/gin.(*Context).Next\n\t/go/pkg/mod/github.com/gin-gonic/gin@v1.11.0/context.go:192\nmain.NewHTTPServer.SecurityHeaders.func1\n\t/app/internal/middleware/security.go:36\ngithub.com/gin-gonic/gin.(*Context).Next\n\t/go/pkg/mod/github.com/gin-gonic/gin@v1.11.0/context.go:192\ngithub.com/gin-gonic/gin.(*Engine).handleHTTPRequest\n\t/go/pkg/mod/github.com/gin-gonic/gin@v1.11.0/gin.go:689\ngithub.com/gin-gonic/gin.(*Engine).ServeHTTP\n\t/go/pkg/mod/github.com/gin-gonic/gin@v1.11.0/gin.go:643\nnet/http.serverHandler.ServeHTTP\n\t/usr/local/go/src/net/http/server.go:3340\nnet/http.(*conn).serve\n\t/usr/local/go/src/net/http/server.go:2109"}
{"level":"info","ts":1782522852.6129713,"caller":"logger/logger.go:106","msg":"Request served","request_id":"9b1166dcb53f0491","status":200,"method":"GET","path":"/metrics","ip":"[IP-DISAMARKAN]","latency":0.001001364}
{"level":"info","ts":1782522853.35315,"caller":"logger/logger.go:156","msg":"Experiment infer completed","request_id":"req-A1-treatment-run1-4-15-1782522832025-ko5j2ghu","request_id":"req-A1-treatment-run1-4-15-1782522832025-ko5j2ghu","scenario":"A1","condition":"treatment","run":1,"category":"full","latency_ms":21319}
{"level":"info","ts":1782522853.353205,"caller":"logger/logger.go:106","msg":"Request served","request_id":"req-A1-treatment-run1-4-15-1782522832025-ko5j2ghu","status":200,"method":"POST","path":"/api/v1/infer","ip":"[IP-DISAMARKAN]","latency":21.322750094}
{"level":"info","ts":1782522857.6139133,"caller":"logger/logger.go:106","msg":"Request served","request_id":"c27395f0b69f1519","status":200,"method":"GET","path":"/metrics","ip":"[IP-DISAMARKAN]","latency":0.000984546}
{"level":"info","ts":1782522857.827221,"caller":"logger/logger.go:156","msg":"Experiment infer completed","request_id":"req-A1-treatment-run1-5-13-1782522836423-wpmqrxhd","request_id":"req-A1-treatment-run1-5-13-1782522836423-wpmqrxhd","scenario":"A1","condition":"treatment","run":1,"category":"full","latency_ms":21394}
{"level":"info","ts":1782522857.8272822,"caller":"logger/logger.go:106","msg":"Request served","request_id":"req-A1-treatment-run1-5-13-1782522836423-wpmqrxhd","status":200,"method":"POST","path":"/api/v1/infer","ip":"[IP-DISAMARKAN]","latency":21.399018095}
{"level":"warn","ts":1782522861.798257,"caller":"logger/logger.go:116","msg":"Worker health check failed","worker":"speech","error":"rpc error: code = DeadlineExceeded desc = context deadline exceeded"}
{"level":"info","ts":1782522861.7987804,"caller":"logger/logger.go:106","msg":"Health check completed","vision":"HEALTHY","ocr":"HEALTHY","speech":"UNHEALTHY"}
{"level":"info","ts":1782522862.242304,"caller":"logger/logger.go:156","msg":"Experiment infer completed","request_id":"req-A1-treatment-run1-2-23-1782522840830-eu42n4lv","request_id":"req-A1-treatment-run1-2-23-1782522840830-eu42n4lv","scenario":"A1","condition":"treatment","run":1,"category":"full","latency_ms":21402}
{"level":"info","ts":1782522862.2423706,"caller":"logger/logger.go:106","msg":"Request served","request_id":"req-A1-treatment-run1-2-23-1782522840830-eu42n4lv","status":200,"method":"POST","path":"/api/v1/infer","ip":"[IP-DISAMARKAN]","latency":21.407248598}
{"level":"info","ts":1782522862.6134026,"caller":"logger/logger.go:106","msg":"Request served","request_id":"8df05afae0c98494","status":200,"method":"GET","path":"/metrics","ip":"[IP-DISAMARKAN]","latency":0.001062364}
{"level":"info","ts":1782522866.6176906,"caller":"logger/logger.go:156","msg":"Experiment infer completed","request_id":"req-A1-treatment-run1-5-14-1782522858829-g535x7v7","request_id":"req-A1-treatment-run1-5-14-1782522858829-g535x7v7","scenario":"A1","condition":"treatment","run":1,"category":"full","latency_ms":7778}
{"level":"info","ts":1782522866.6180792,"caller":"logger/logger.go:106","msg":"Request served","request_id":"req-A1-treatment-run1-5-14-1782522858829-g535x7v7","status":200,"method":"POST","path":"/api/v1/infer","ip":"[IP-DISAMARKAN]","latency":7.783139161}
{"level":"info","ts":1782522867.6151636,"caller":"logger/logger.go:106","msg":"Request served","request_id":"065ec35f652172c1","status":200,"method":"GET","path":"/metrics","ip":"[IP-DISAMARKAN]","latency":0.002655983}
{"level":"info","ts":1782522870.9371982,"caller":"logger/logger.go:156","msg":"Experiment infer completed","request_id":"req-A1-treatment-run1-3-12-1782522849727-zthsyvvr","request_id":"req-A1-treatment-run1-3-12-1782522849727-zthsyvvr","scenario":"A1","condition":"treatment","run":1,"category":"full","latency_ms":21202}
{"level":"info","ts":1782522870.9372518,"caller":"logger/logger.go:106","msg":"Request served","request_id":"req-A1-treatment-run1-3-12-1782522849727-zthsyvvr","status":200,"method":"POST","path":"/api/v1/infer","ip":"[IP-DISAMARKAN]","latency":21.205082538}
{"level":"info","ts":1782522872.6160588,"caller":"logger/logger.go:106","msg":"Request served","request_id":"f832f97fa94d4102","status":200,"method":"GET","path":"/metrics","ip":"[IP-DISAMARKAN]","latency":0.002579985}
{"level":"info","ts":1782522875.339375,"caller":"logger/logger.go:156","msg":"Experiment infer completed","request_id":"req-A1-treatment-run1-4-16-1782522854355-dwdlu7sp","request_id":"req-A1-treatment-run1-4-16-1782522854355-dwdlu7sp","scenario":"A1","condition":"treatment","run":1,"category":"full","latency_ms":20977}
{"level":"info","ts":1782522875.339427,"caller":"logger/logger.go:106","msg":"Request served","request_id":"req-A1-treatment-run1-4-16-1782522854355-dwdlu7sp","status":200,"method":"POST","path":"/api/v1/infer","ip":"[IP-DISAMARKAN]","latency":20.981290279}
{"level":"info","ts":1782522875.3407474,"caller":"logger/logger.go:106","msg":"Health check completed","vision":"HEALTHY","ocr":"HEALTHY","speech":"HEALTHY"}
{"level":"info","ts":1782522877.613853,"caller":"logger/logger.go:106","msg":"Request served","request_id":"3193c7b0585d3051","status":200,"method":"GET","path":"/metrics","ip":"[IP-DISAMARKAN]","latency":0.001018605}
{"level":"info","ts":1782522879.7229319,"caller":"logger/logger.go:156","msg":"Experiment infer completed","request_id":"req-A1-treatment-run1-1-19-1782522845329-x9bybufz","request_id":"req-A1-treatment-run1-1-19-1782522845329-x9bybufz","scenario":"A1","condition":"treatment","run":1,"category":"full","latency_ms":34384}
{"level":"info","ts":1782522879.7229834,"caller":"logger/logger.go:106","msg":"Request served","request_id":"req-A1-treatment-run1-1-19-1782522845329-x9bybufz","status":200,"method":"POST","path":"/api/v1/infer","ip":"[IP-DISAMARKAN]","latency":34.38883142}
{"level":"info","ts":1782522882.615342,"caller":"logger/logger.go:106","msg":"Request served","request_id":"2ea58350965bf78e","status":200,"method":"GET","path":"/metrics","ip":"[IP-DISAMARKAN]","latency":0.002458908}
{"level":"info","ts":1782522884.4158828,"caller":"logger/logger.go:106","msg":"Request served","request_id":"02ae9ae1a7a6b61d","status":200,"method":"GET","path":"/api/v1/health","ip":"::1","latency":3.714185554}
{"level":"info","ts":1782522884.4168415,"caller":"logger/logger.go:156","msg":"Experiment infer completed","request_id":"req-A1-treatment-run1-2-24-1782522863244-rmee2g6c","request_id":"req-A1-treatment-run1-2-24-1782522863244-rmee2g6c","scenario":"A1","condition":"treatment","run":1,"category":"full","latency_ms":21162}
{"level":"info","ts":1782522884.4168804,"caller":"logger/logger.go:106","msg":"Request served","request_id":"req-A1-treatment-run1-2-24-1782522863244-rmee2g6c","status":200,"method":"POST","path":"/api/v1/infer","ip":"[IP-DISAMARKAN]","latency":21.166722568}
{"level":"info","ts":1782522887.612941,"caller":"logger/logger.go:106","msg":"Request served","request_id":"3d8f22217f675d48","status":200,"method":"GET","path":"/metrics","ip":"[IP-DISAMARKAN]","latency":0.001050294}
{"level":"info","ts":1782522888.8258908,"caller":"logger/logger.go:156","msg":"Experiment infer completed","request_id":"req-A1-treatment-run1-5-15-1782522867621-rt14hk3m","request_id":"req-A1-treatment-run1-5-15-1782522867621-rt14hk3m","scenario":"A1","condition":"treatment","run":1,"category":"full","latency_ms":21196}
{"level":"info","ts":1782522888.8259463,"caller":"logger/logger.go:106","msg":"Request served","request_id":"req-A1-treatment-run1-5-15-1782522867621-rt14hk3m","status":200,"method":"POST","path":"/api/v1/infer","ip":"[IP-DISAMARKAN]","latency":21.199711405}
{"level":"warn","ts":1782522891.799142,"caller":"logger/logger.go:116","msg":"Worker health check failed","worker":"speech","error":"rpc error: code = DeadlineExceeded desc = context deadline exceeded"}
{"level":"info","ts":1782522891.799652,"caller":"logger/logger.go:106","msg":"Health check completed","vision":"HEALTHY","ocr":"HEALTHY","speech":"UNHEALTHY"}
{"level":"info","ts":1782522892.6153069,"caller":"logger/logger.go:106","msg":"Request served","request_id":"d7b62a1b1de5e605","status":200,"method":"GET","path":"/metrics","ip":"[IP-DISAMARKAN]","latency":0.002601913}
{"level":"info","ts":1782522893.2418902,"caller":"logger/logger.go:156","msg":"Experiment infer completed","request_id":"req-A1-treatment-run1-3-13-1782522871941-5a2nigy7","request_id":"req-A1-treatment-run1-3-13-1782522871941-5a2nigy7","scenario":"A1","condition":"treatment","run":1,"category":"full","latency_ms":21290}
{"level":"info","ts":1782522893.2419453,"caller":"logger/logger.go:106","msg":"Request served","request_id":"req-A1-treatment-run1-3-13-1782522871941-5a2nigy7","status":200,"method":"POST","path":"/api/v1/infer","ip":"[IP-DISAMARKAN]","latency":21.29547542}
{"level":"info","ts":1782522897.613913,"caller":"logger/logger.go:106","msg":"Request served","request_id":"f9ef8629beadf333","status":200,"method":"GET","path":"/metrics","ip":"[IP-DISAMARKAN]","latency":0.001399234}
{"level":"info","ts":1782522897.6525524,"caller":"logger/logger.go:156","msg":"Experiment infer completed","request_id":"req-A1-treatment-run1-4-17-1782522876343-fa15m93l","request_id":"req-A1-treatment-run1-4-17-1782522876343-fa15m93l","scenario":"A1","condition":"treatment","run":1,"category":"full","latency_ms":21300}
{"level":"info","ts":1782522897.6526177,"caller":"logger/logger.go:106","msg":"Request served","request_id":"req-A1-treatment-run1-4-17-1782522876343-fa15m93l","status":200,"method":"POST","path":"/api/v1/infer","ip":"[IP-DISAMARKAN]","latency":21.304395645}
{"level":"info","ts":1782522902.0443974,"caller":"logger/logger.go:156","msg":"Experiment infer completed","request_id":"req-A1-treatment-run1-1-20-1782522880725-2tpi8x93","request_id":"req-A1-treatment-run1-1-20-1782522880725-2tpi8x93","scenario":"A1","condition":"treatment","run":1,"category":"full","latency_ms":21312}
{"level":"info","ts":1782522902.0444546,"caller":"logger/logger.go:106","msg":"Request served","request_id":"req-A1-treatment-run1-1-20-1782522880725-2tpi8x93","status":200,"method":"POST","path":"/api/v1/infer","ip":"[IP-DISAMARKAN]","latency":21.315266402}
{"level":"info","ts":1782522902.613822,"caller":"logger/logger.go:106","msg":"Request served","request_id":"5f30cc84be78e4d7","status":200,"method":"GET","path":"/metrics","ip":"[IP-DISAMARKAN]","latency":0.00117886}
{"level":"info","ts":1782522906.514421,"caller":"logger/logger.go:156","msg":"Experiment infer completed","request_id":"req-A1-treatment-run1-2-25-1782522885418-dn1n0hgb","request_id":"req-A1-treatment-run1-2-25-1782522885418-dn1n0hgb","scenario":"A1","condition":"treatment","run":1,"category":"full","latency_ms":21087}
{"level":"info","ts":1782522906.5144722,"caller":"logger/logger.go:106","msg":"Request served","request_id":"req-A1-treatment-run1-2-25-1782522885418-dn1n0hgb","status":200,"method":"POST","path":"/api/v1/infer","ip":"[IP-DISAMARKAN]","latency":21.090468563}
{"level":"info","ts":1782522906.515166,"caller":"logger/logger.go:106","msg":"Health check completed","vision":"HEALTHY","ocr":"HEALTHY","speech":"HEALTHY"}
{"level":"info","ts":1782522907.6132932,"caller":"logger/logger.go:106","msg":"Request served","request_id":"d2c6c620fc82d7e7","status":200,"method":"GET","path":"/metrics","ip":"[IP-DISAMARKAN]","latency":0.001081473}
{"level":"info","ts":1782522910.941125,"caller":"logger/logger.go:156","msg":"Experiment infer completed","request_id":"req-A1-treatment-run1-5-16-1782522889827-293at8i6","request_id":"req-A1-treatment-run1-5-16-1782522889827-293at8i6","scenario":"A1","condition":"treatment","run":1,"category":"full","latency_ms":21102}
{"level":"info","ts":1782522910.9411747,"caller":"logger/logger.go:106","msg":"Request served","request_id":"req-A1-treatment-run1-5-16-1782522889827-293at8i6","status":200,"method":"POST","path":"/api/v1/infer","ip":"[IP-DISAMARKAN]","latency":21.109758456}
{"level":"info","ts":1782522912.6137655,"caller":"logger/logger.go:106","msg":"Request served","request_id":"e2f8e071fff4796e","status":200,"method":"GET","path":"/metrics","ip":"[IP-DISAMARKAN]","latency":0.000964055}
{"level":"info","ts":1782522915.6434405,"caller":"logger/logger.go:156","msg":"Experiment infer completed","request_id":"req-A1-treatment-run1-3-14-1782522894244-cpj3vl8n","request_id":"req-A1-treatment-run1-3-14-1782522894244-cpj3vl8n","scenario":"A1","condition":"treatment","run":1,"category":"full","latency_ms":21389}
{"level":"info","ts":1782522915.6434958,"caller":"logger/logger.go:106","msg":"Request served","request_id":"req-A1-treatment-run1-3-14-1782522894244-cpj3vl8n","status":200,"method":"POST","path":"/api/v1/infer","ip":"[IP-DISAMARKAN]","latency":21.395034568}
{"level":"info","ts":1782522917.6145864,"caller":"logger/logger.go:106","msg":"Request served","request_id":"3df764dc24d9bb97","status":200,"method":"GET","path":"/metrics","ip":"[IP-DISAMARKAN]","latency":0.002668972}
{"level":"error","ts":1782522919.5131886,"caller":"logger/logger.go:121","msg":"Server error","request_id":"34892c091847426b","status":503,"method":"GET","path":"/api/v1/health","ip":"::1","latency":5.015188473,"error":"","stacktrace":"temandifa-backend/internal/logger.Error\n\t/app/internal/logger/logger.go:121\nmain.NewHTTPServer.RequestLogger.func5\n\t/app/internal/middleware/request_logger.go:44\ngithub.com/gin-gonic/gin.(*Context).Next\n\t/go/pkg/mod/github.com/gin-gonic/gin@v1.11.0/context.go:192\nmain.NewHTTPServer.VersionMiddleware.func4\n\t/app/internal/middleware/versioning.go:35\ngithub.com/gin-gonic/gin.(*Context).Next\n\t/go/pkg/mod/github.com/gin-gonic/gin@v1.11.0/context.go:192\nmain.NewHTTPServer.RequestID.func3\n\t/app/internal/middleware/request_id.go:34\ngithub.com/gin-gonic/gin.(*Context).Next\n\t/go/pkg/mod/github.com/gin-gonic/gin@v1.11.0/context.go:192\nmain.NewHTTPServer.MaxBodySize.func2\n\t/app/internal/middleware/security.go:52\ngithub.com/gin-gonic/gin.(*Context).Next\n\t/go/pkg/mod/github.com/gin-gonic/gin@v1.11.0/context.go:192\nmain.NewHTTPServer.SecurityHeaders.func1\n\t/app/internal/middleware/security.go:36\ngithub.com/gin-gonic/gin.(*Context).Next\n\t/go/pkg/mod/github.com/gin-gonic/gin@v1.11.0/context.go:192\ngithub.com/gin-gonic/gin.(*Engine).handleHTTPRequest\n\t/go/pkg/mod/github.com/gin-gonic/gin@v1.11.0/gin.go:689\ngithub.com/gin-gonic/gin.(*Engine).ServeHTTP\n\t/go/pkg/mod/github.com/gin-gonic/gin@v1.11.0/gin.go:643\nnet/http.serverHandler.ServeHTTP\n\t/usr/local/go/src/net/http/server.go:3340\nnet/http.(*conn).serve\n\t/usr/local/go/src/net/http/server.go:2109"}
{"level":"info","ts":1782522919.8169086,"caller":"logger/logger.go:106","msg":"ExperimentService","event":"fault_logged","type":"fault_finished","target":"vision"}
{"level":"info","ts":1782522919.817121,"caller":"logger/logger.go:106","msg":"Request served","request_id":"dca54e8e6cbee865","status":201,"method":"POST","path":"/api/v1/experiments/fault-events","ip":"[IP-DISAMARKAN]","latency":0.004451998}
{"level":"info","ts":1782522920.127329,"caller":"logger/logger.go:156","msg":"Experiment infer completed","request_id":"req-A1-treatment-run1-4-18-1782522898655-olbwein4","request_id":"req-A1-treatment-run1-4-18-1782522898655-olbwein4","scenario":"A1","condition":"treatment","run":1,"category":"full","latency_ms":21465}
{"level":"info","ts":1782522920.1273947,"caller":"logger/logger.go:106","msg":"Request served","request_id":"req-A1-treatment-run1-4-18-1782522898655-olbwein4","status":200,"method":"POST","path":"/api/v1/infer","ip":"[IP-DISAMARKAN]","latency":21.468334389}
{"level":"warn","ts":1782522921.799198,"caller":"logger/logger.go:116","msg":"Worker health check failed","worker":"speech","error":"rpc error: code = DeadlineExceeded desc = context deadline exceeded"}
{"level":"info","ts":1782522921.7996404,"caller":"logger/logger.go:106","msg":"Health check completed","vision":"HEALTHY","ocr":"HEALTHY","speech":"UNHEALTHY"}
{"level":"info","ts":1782522922.6148596,"caller":"logger/logger.go:106","msg":"Request served","request_id":"46be7a0e56e880f1","status":200,"method":"GET","path":"/metrics","ip":"[IP-DISAMARKAN]","latency":0.001357885}
{"level":"info","ts":1782522925.3261027,"caller":"logger/logger.go:156","msg":"Experiment infer completed","request_id":"req-A1-treatment-run1-1-21-1782522903046-r9df1wah","request_id":"req-A1-treatment-run1-1-21-1782522903046-r9df1wah","scenario":"A1","condition":"treatment","run":1,"category":"full","latency_ms":22272}
{"level":"info","ts":1782522925.3261545,"caller":"logger/logger.go:106","msg":"Request served","request_id":"req-A1-treatment-run1-1-21-1782522903046-r9df1wah","status":200,"method":"POST","path":"/api/v1/infer","ip":"[IP-DISAMARKAN]","latency":22.275423981}
{"level":"info","ts":1782522927.6141486,"caller":"logger/logger.go:106","msg":"Request served","request_id":"3ae49cbaabac7359","status":200,"method":"GET","path":"/metrics","ip":"[IP-DISAMARKAN]","latency":0.000983136}
{"level":"info","ts":1782522930.523194,"caller":"logger/logger.go:156","msg":"Experiment infer completed","request_id":"req-A1-treatment-run1-2-26-1782522907517-6750cdl2","request_id":"req-A1-treatment-run1-2-26-1782522907517-6750cdl2","scenario":"A1","condition":"treatment","run":1,"category":"full","latency_ms":22997}
{"level":"info","ts":1782522930.5234308,"caller":"logger/logger.go:106","msg":"Request served","request_id":"req-A1-treatment-run1-2-26-1782522907517-6750cdl2","status":200,"method":"POST","path":"/api/v1/infer","ip":"[IP-DISAMARKAN]","latency":23.001119512}
{"level":"info","ts":1782522932.6142855,"caller":"logger/logger.go:106","msg":"Request served","request_id":"575a9aea87229c43","status":200,"method":"GET","path":"/metrics","ip":"[IP-DISAMARKAN]","latency":0.000845119}
{"level":"info","ts":1782522935.7157917,"caller":"logger/logger.go:156","msg":"Experiment infer completed","request_id":"req-A1-treatment-run1-5-17-1782522911943-2nrmbkei","request_id":"req-A1-treatment-run1-5-17-1782522911943-2nrmbkei","scenario":"A1","condition":"treatment","run":1,"category":"full","latency_ms":23764}
{"level":"info","ts":1782522935.715846,"caller":"logger/logger.go:106","msg":"Request served","request_id":"req-A1-treatment-run1-5-17-1782522911943-2nrmbkei","status":200,"method":"POST","path":"/api/v1/infer","ip":"[IP-DISAMARKAN]","latency":23.767858849}
{"level":"warn","ts":1782522936.7984762,"caller":"logger/logger.go:116","msg":"Worker health check failed","worker":"speech","error":"rpc error: code = DeadlineExceeded desc = context deadline exceeded"}
{"level":"info","ts":1782522936.7986822,"caller":"logger/logger.go:106","msg":"Health check completed","vision":"HEALTHY","ocr":"HEALTHY","speech":"UNHEALTHY"}
{"level":"info","ts":1782522937.6144578,"caller":"logger/logger.go:106","msg":"Request served","request_id":"f83b00f6d3d92679","status":200,"method":"GET","path":"/metrics","ip":"[IP-DISAMARKAN]","latency":0.001038834}
{"level":"info","ts":1782522940.8264565,"caller":"logger/logger.go:156","msg":"Experiment infer completed","request_id":"req-A1-treatment-run1-3-15-1782522916645-56xyecpl","request_id":"req-A1-treatment-run1-3-15-1782522916645-56xyecpl","scenario":"A1","condition":"treatment","run":1,"category":"full","latency_ms":24174}
{"level":"info","ts":1782522940.8265216,"caller":"logger/logger.go:106","msg":"Request served","request_id":"req-A1-treatment-run1-3-15-1782522916645-56xyecpl","status":200,"method":"POST","path":"/api/v1/infer","ip":"[IP-DISAMARKAN]","latency":24.177164433}
{"level":"info","ts":1782522942.6145535,"caller":"logger/logger.go:106","msg":"Request served","request_id":"5cbaf8c91c078e44","status":200,"method":"GET","path":"/metrics","ip":"[IP-DISAMARKAN]","latency":0.001107632}
{"level":"info","ts":1782522944.1901584,"caller":"logger/logger.go:106","msg":"Request served","request_id":"271b23bc58f8151b","status":200,"method":"GET","path":"/","ip":"[IP-DISAMARKAN]","latency":0.000051649}
{"level":"warn","ts":1782522944.353795,"caller":"logger/logger.go:116","msg":"Client error","request_id":"e4405fbf09b2b1f1","status":404,"method":"GET","path":"/manage/account/login","ip":"[IP-DISAMARKAN]","latency":0.000001341,"error":""}
{"level":"warn","ts":1782522944.5193172,"caller":"logger/logger.go:116","msg":"Client error","request_id":"8bcf504f36a36127","status":404,"method":"GET","path":"/admin/index.html","ip":"[IP-DISAMARKAN]","latency":0.00000106,"error":""}
{"level":"warn","ts":1782522944.6840613,"caller":"logger/logger.go:116","msg":"Client error","request_id":"f6bbf2da6ed0008d","status":404,"method":"GET","path":"/index.html","ip":"[IP-DISAMARKAN]","latency":0.00001004,"error":""}
{"level":"warn","ts":1782522944.847596,"caller":"logger/logger.go:116","msg":"Client error","request_id":"48ffa489183516c8","status":404,"method":"GET","path":"/+CSCOE+/logon.html","ip":"[IP-DISAMARKAN]","latency":0.00000124,"error":""}
{"level":"warn","ts":1782522945.013294,"caller":"logger/logger.go:116","msg":"Client error","request_id":"19c9999fddf005d1","status":404,"method":"GET","path":"/cgi-bin/login.cgi","ip":"[IP-DISAMARKAN]","latency":0.00000138,"error":""}
{"level":"warn","ts":1782522945.17657,"caller":"logger/logger.go:116","msg":"Client error","request_id":"7a7c3c508bee9b2e","status":404,"method":"GET","path":"/login.htm","ip":"[IP-DISAMARKAN]","latency":0.00000103,"error":""}
{"level":"warn","ts":1782522945.3397105,"caller":"logger/logger.go:116","msg":"Client error","request_id":"f030f2b2fbdfd32a","status":404,"method":"GET","path":"/login.html","ip":"[IP-DISAMARKAN]","latency":0.000001341,"error":""}
{"level":"warn","ts":1782522945.5028605,"caller":"logger/logger.go:116","msg":"Client error","request_id":"425d9e57b5a9a719","status":404,"method":"GET","path":"/login.jsp","ip":"[IP-DISAMARKAN]","latency":0.00000143,"error":""}
{"level":"warn","ts":1782522945.6659212,"caller":"logger/logger.go:116","msg":"Client error","request_id":"3d0120f39cf87fee","status":404,"method":"GET","path":"/login","ip":"[IP-DISAMARKAN]","latency":0.00000123,"error":""}
{"level":"warn","ts":1782522945.8291082,"caller":"logger/logger.go:116","msg":"Client error","request_id":"2715531b02c9c36b","status":404,"method":"GET","path":"/doc/index.html","ip":"[IP-DISAMARKAN]","latency":0.00000144,"error":""}
{"level":"warn","ts":1782522945.9936228,"caller":"logger/logger.go:116","msg":"Client error","request_id":"85d7f5801bc88768","status":404,"method":"GET","path":"/remote/login","ip":"[IP-DISAMARKAN]","latency":0.00000131,"error":""}
{"level":"info","ts":1782522946.1201065,"caller":"logger/logger.go:156","msg":"Experiment infer completed","request_id":"req-A1-treatment-run1-4-19-1782522921128-yslqxkvb","request_id":"req-A1-treatment-run1-4-19-1782522921128-yslqxkvb","scenario":"A1","condition":"treatment","run":1,"category":"full","latency_ms":24983}
{"level":"info","ts":1782522946.120163,"caller":"logger/logger.go:106","msg":"Request served","request_id":"req-A1-treatment-run1-4-19-1782522921128-yslqxkvb","status":200,"method":"POST","path":"/api/v1/infer","ip":"[IP-DISAMARKAN]","latency":24.986922694}
{"level":"warn","ts":1782522946.1566577,"caller":"logger/logger.go:116","msg":"Client error","request_id":"663f4a9fac2c64c2","status":404,"method":"GET","path":"/admin/login.asp","ip":"[IP-DISAMARKAN]","latency":0.00000108,"error":""}
{"level":"warn","ts":1782522946.3206487,"caller":"logger/logger.go:116","msg":"Client error","request_id":"28aa437a7766832b","status":404,"method":"GET","path":"/web/","ip":"[IP-DISAMARKAN]","latency":0.00000125,"error":""}
{"level":"warn","ts":1782522946.486233,"caller":"logger/logger.go:116","msg":"Client error","request_id":"e0a315e8920be0e5","status":404,"method":"GET","path":"/webpages/login.html","ip":"[IP-DISAMARKAN]","latency":0.00000104,"error":""}
{"level":"warn","ts":1782522946.6495404,"caller":"logger/logger.go:116","msg":"Client error","request_id":"b9f5e18ea055aec2","status":404,"method":"GET","path":"/favicon.ico","ip":"[IP-DISAMARKAN]","latency":0.00000112,"error":""}
{"level":"info","ts":1782522947.6134663,"caller":"logger/logger.go:106","msg":"Request served","request_id":"402be75554d0b3c9","status":200,"method":"GET","path":"/metrics","ip":"[IP-DISAMARKAN]","latency":0.001082782}
{"level":"info","ts":1782522951.2266479,"caller":"logger/logger.go:106","msg":"Health check completed","vision":"HEALTHY","ocr":"HEALTHY","speech":"HEALTHY"}
{"level":"info","ts":1782522951.2270615,"caller":"logger/logger.go:156","msg":"Experiment infer completed","request_id":"req-A1-treatment-run1-1-22-1782522926327-rlzdxx55","request_id":"req-A1-treatment-run1-1-22-1782522926327-rlzdxx55","scenario":"A1","condition":"treatment","run":1,"category":"full","latency_ms":24891}
{"level":"info","ts":1782522951.2270975,"caller":"logger/logger.go:106","msg":"Request served","request_id":"req-A1-treatment-run1-1-22-1782522926327-rlzdxx55","status":200,"method":"POST","path":"/api/v1/infer","ip":"[IP-DISAMARKAN]","latency":24.894846036}
{"level":"info","ts":1782522952.6181524,"caller":"logger/logger.go:106","msg":"Request served","request_id":"403fde2c084100ed","status":200,"method":"GET","path":"/metrics","ip":"[IP-DISAMARKAN]","latency":0.005376153}
{"level":"error","ts":1782522954.6126428,"caller":"logger/logger.go:121","msg":"Server error","request_id":"1ed8cde1160cbc38","status":503,"method":"GET","path":"/api/v1/health","ip":"::1","latency":5.049978975,"error":"","stacktrace":"temandifa-backend/internal/logger.Error\n\t/app/internal/logger/logger.go:121\nmain.NewHTTPServer.RequestLogger.func5\n\t/app/internal/middleware/request_logger.go:44\ngithub.com/gin-gonic/gin.(*Context).Next\n\t/go/pkg/mod/github.com/gin-gonic/gin@v1.11.0/context.go:192\nmain.NewHTTPServer.VersionMiddleware.func4\n\t/app/internal/middleware/versioning.go:35\ngithub.com/gin-gonic/gin.(*Context).Next\n\t/go/pkg/mod/github.com/gin-gonic/gin@v1.11.0/context.go:192\nmain.NewHTTPServer.RequestID.func3\n\t/app/internal/middleware/request_id.go:34\ngithub.com/gin-gonic/gin.(*Context).Next\n\t/go/pkg/mod/github.com/gin-gonic/gin@v1.11.0/context.go:192\nmain.NewHTTPServer.MaxBodySize.func2\n\t/app/internal/middleware/security.go:52\ngithub.com/gin-gonic/gin.(*Context).Next\n\t/go/pkg/mod/github.com/gin-gonic/gin@v1.11.0/context.go:192\nmain.NewHTTPServer.SecurityHeaders.func1\n\t/app/internal/middleware/security.go:36\ngithub.com/gin-gonic/gin.(*Context).Next\n\t/go/pkg/mod/github.com/gin-gonic/gin@v1.11.0/context.go:192\ngithub.com/gin-gonic/gin.(*Engine).handleHTTPRequest\n\t/go/pkg/mod/github.com/gin-gonic/gin@v1.11.0/gin.go:689\ngithub.com/gin-gonic/gin.(*Engine).ServeHTTP\n\t/go/pkg/mod/github.com/gin-gonic/gin@v1.11.0/gin.go:643\nnet/http.serverHandler.ServeHTTP\n\t/usr/local/go/src/net/http/server.go:3340\nnet/http.(*conn).serve\n\t/usr/local/go/src/net/http/server.go:2109"}
{"level":"info","ts":1782522956.4278727,"caller":"logger/logger.go:156","msg":"Experiment infer completed","request_id":"req-A1-treatment-run1-2-27-1782522931526-l7j4p6b8","request_id":"req-A1-treatment-run1-2-27-1782522931526-l7j4p6b8","scenario":"A1","condition":"treatment","run":1,"category":"full","latency_ms":24892}
{"level":"info","ts":1782522956.4279263,"caller":"logger/logger.go:106","msg":"Request served","request_id":"req-A1-treatment-run1-2-27-1782522931526-l7j4p6b8","status":200,"method":"POST","path":"/api/v1/infer","ip":"[IP-DISAMARKAN]","latency":24.896818657}
{"level":"info","ts":1782522957.6184502,"caller":"logger/logger.go:106","msg":"Request served","request_id":"924fb3a9dc64de55","status":200,"method":"GET","path":"/metrics","ip":"[IP-DISAMARKAN]","latency":0.00512691}
{"level":"info","ts":1782522961.6224139,"caller":"logger/logger.go:156","msg":"Experiment infer completed","request_id":"req-A1-treatment-run1-5-18-1782522936717-2tta99gf","request_id":"req-A1-treatment-run1-5-18-1782522936717-2tta99gf","scenario":"A1","condition":"treatment","run":1,"category":"full","latency_ms":24894}
{"level":"info","ts":1782522961.6224725,"caller":"logger/logger.go:106","msg":"Request served","request_id":"req-A1-treatment-run1-5-18-1782522936717-2tta99gf","status":200,"method":"POST","path":"/api/v1/infer","ip":"[IP-DISAMARKAN]","latency":24.898386047}
{"level":"info","ts":1782522962.6134698,"caller":"logger/logger.go:106","msg":"Request served","request_id":"a9ce961112745c8e","status":200,"method":"GET","path":"/metrics","ip":"[IP-DISAMARKAN]","latency":0.000990825}
{"level":"info","ts":1782522966.729572,"caller":"logger/logger.go:156","msg":"Experiment infer completed","request_id":"req-A1-treatment-run1-3-16-1782522941828-lga9vyx9","request_id":"req-A1-treatment-run1-3-16-1782522941828-lga9vyx9","scenario":"A1","condition":"treatment","run":1,"category":"full","latency_ms":24895}
{"level":"info","ts":1782522966.7298088,"caller":"logger/logger.go:106","msg":"Request served","request_id":"req-A1-treatment-run1-3-16-1782522941828-lga9vyx9","status":200,"method":"POST","path":"/api/v1/infer","ip":"[IP-DISAMARKAN]","latency":24.89756428}
{"level":"info","ts":1782522966.7310884,"caller":"logger/logger.go:106","msg":"Health check completed","vision":"HEALTHY","ocr":"HEALTHY","speech":"HEALTHY"}
{"level":"info","ts":1782522967.6134691,"caller":"logger/logger.go:106","msg":"Request served","request_id":"1337743d55924886","status":200,"method":"GET","path":"/metrics","ip":"[IP-DISAMARKAN]","latency":0.001136682}
{"level":"info","ts":1782522971.9181263,"caller":"logger/logger.go:156","msg":"Experiment infer completed","request_id":"req-A1-treatment-run1-4-20-1782522947122-3gyqgoqb","request_id":"req-A1-treatment-run1-4-20-1782522947122-3gyqgoqb","scenario":"A1","condition":"treatment","run":1,"category":"full","latency_ms":24785}
{"level":"info","ts":1782522971.918235,"caller":"logger/logger.go:106","msg":"Request served","request_id":"req-A1-treatment-run1-4-20-1782522947122-3gyqgoqb","status":200,"method":"POST","path":"/api/v1/infer","ip":"[IP-DISAMARKAN]","latency":24.792234477}
{"level":"info","ts":1782522972.6149638,"caller":"logger/logger.go:106","msg":"Request served","request_id":"d312f9dd558d49fd","status":200,"method":"GET","path":"/metrics","ip":"[IP-DISAMARKAN]","latency":0.001568382}
{"level":"info","ts":1782522977.2294018,"caller":"logger/logger.go:156","msg":"Experiment infer completed","request_id":"req-A1-treatment-run1-1-23-1782522952228-cml2f3ey","request_id":"req-A1-treatment-run1-1-23-1782522952228-cml2f3ey","scenario":"A1","condition":"treatment","run":1,"category":"full","latency_ms":24993}
{"level":"info","ts":1782522977.2295105,"caller":"logger/logger.go:106","msg":"Request served","request_id":"req-A1-treatment-run1-1-23-1782522952228-cml2f3ey","status":200,"method":"POST","path":"/api/v1/infer","ip":"[IP-DISAMARKAN]","latency":24.996810666}
{"level":"info","ts":1782522977.6152859,"caller":"logger/logger.go:106","msg":"Request served","request_id":"5af45e2780902a6b","status":200,"method":"GET","path":"/metrics","ip":"[IP-DISAMARKAN]","latency":0.001092441}
{"level":"warn","ts":1782522981.7992947,"caller":"logger/logger.go:116","msg":"Worker health check failed","worker":"speech","error":"rpc error: code = DeadlineExceeded desc = context deadline exceeded"}
{"level":"info","ts":1782522981.799798,"caller":"logger/logger.go:106","msg":"Health check completed","vision":"HEALTHY","ocr":"HEALTHY","speech":"UNHEALTHY"}
{"level":"info","ts":1782522982.428679,"caller":"logger/logger.go:156","msg":"Experiment infer completed","request_id":"req-A1-treatment-run1-2-28-1782522957429-ncq9vbc5","request_id":"req-A1-treatment-run1-2-28-1782522957429-ncq9vbc5","scenario":"A1","condition":"treatment","run":1,"category":"full","latency_ms":24990}
{"level":"info","ts":1782522982.4287314,"caller":"logger/logger.go:106","msg":"Request served","request_id":"req-A1-treatment-run1-2-28-1782522957429-ncq9vbc5","status":200,"method":"POST","path":"/api/v1/infer","ip":"[IP-DISAMARKAN]","latency":24.9942877}
{"level":"info","ts":1782522982.614083,"caller":"logger/logger.go:106","msg":"Request served","request_id":"f7acc4ed16b09f9e","status":200,"method":"GET","path":"/metrics","ip":"[IP-DISAMARKAN]","latency":0.000913347}
{"level":"info","ts":1782522987.6139097,"caller":"logger/logger.go:106","msg":"Request served","request_id":"99cc16e1666ca905","status":200,"method":"GET","path":"/metrics","ip":"[IP-DISAMARKAN]","latency":0.001283868}
{"level":"info","ts":1782522987.6186943,"caller":"logger/logger.go:156","msg":"Experiment infer completed","request_id":"req-A1-treatment-run1-5-19-1782522962624-j4azcn7g","request_id":"req-A1-treatment-run1-5-19-1782522962624-j4azcn7g","scenario":"A1","condition":"treatment","run":1,"category":"full","latency_ms":24984}
{"level":"info","ts":1782522987.6187334,"caller":"logger/logger.go:106","msg":"Request served","request_id":"req-A1-treatment-run1-5-19-1782522962624-j4azcn7g","status":200,"method":"POST","path":"/api/v1/infer","ip":"[IP-DISAMARKAN]","latency":24.988406128}
{"level":"error","ts":1782522989.6202896,"caller":"logger/logger.go:121","msg":"Server error","request_id":"16c2d980410a3691","status":503,"method":"GET","path":"/api/v1/health","ip":"::1","latency":5.012584028,"error":"","stacktrace":"temandifa-backend/internal/logger.Error\n\t/app/internal/logger/logger.go:121\nmain.NewHTTPServer.RequestLogger.func5\n\t/app/internal/middleware/request_logger.go:44\ngithub.com/gin-gonic/gin.(*Context).Next\n\t/go/pkg/mod/github.com/gin-gonic/gin@v1.11.0/context.go:192\nmain.NewHTTPServer.VersionMiddleware.func4\n\t/app/internal/middleware/versioning.go:35\ngithub.com/gin-gonic/gin.(*Context).Next\n\t/go/pkg/mod/github.com/gin-gonic/gin@v1.11.0/context.go:192\nmain.NewHTTPServer.RequestID.func3\n\t/app/internal/middleware/request_id.go:34\ngithub.com/gin-gonic/gin.(*Context).Next\n\t/go/pkg/mod/github.com/gin-gonic/gin@v1.11.0/context.go:192\nmain.NewHTTPServer.MaxBodySize.func2\n\t/app/internal/middleware/security.go:52\ngithub.com/gin-gonic/gin.(*Context).Next\n\t/go/pkg/mod/github.com/gin-gonic/gin@v1.11.0/context.go:192\nmain.NewHTTPServer.SecurityHeaders.func1\n\t/app/internal/middleware/security.go:36\ngithub.com/gin-gonic/gin.(*Context).Next\n\t/go/pkg/mod/github.com/gin-gonic/gin@v1.11.0/context.go:192\ngithub.com/gin-gonic/gin.(*Engine).handleHTTPRequest\n\t/go/pkg/mod/github.com/gin-gonic/gin@v1.11.0/gin.go:689\ngithub.com/gin-gonic/gin.(*Engine).ServeHTTP\n\t/go/pkg/mod/github.com/gin-gonic/gin@v1.11.0/gin.go:643\nnet/http.serverHandler.ServeHTTP\n\t/usr/local/go/src/net/http/server.go:3340\nnet/http.(*conn).serve\n\t/usr/local/go/src/net/http/server.go:2109"}
{"level":"info","ts":1782522992.613476,"caller":"logger/logger.go:106","msg":"Request served","request_id":"5fffb48628d58a51","status":200,"method":"GET","path":"/metrics","ip":"[IP-DISAMARKAN]","latency":0.001332746}
{"level":"info","ts":1782522992.7313445,"caller":"logger/logger.go:156","msg":"Experiment infer completed","request_id":"req-A1-treatment-run1-3-17-1782522967732-86h4d8ib","request_id":"req-A1-treatment-run1-3-17-1782522967732-86h4d8ib","scenario":"A1","condition":"treatment","run":1,"category":"full","latency_ms":24992}
{"level":"info","ts":1782522992.731466,"caller":"logger/logger.go:106","msg":"Request served","request_id":"req-A1-treatment-run1-3-17-1782522967732-86h4d8ib","status":200,"method":"POST","path":"/api/v1/infer","ip":"[IP-DISAMARKAN]","latency":24.995607883}
{"level":"warn","ts":1782522996.79868,"caller":"logger/logger.go:116","msg":"Worker health check failed","worker":"speech","error":"rpc error: code = DeadlineExceeded desc = context deadline exceeded"}
{"level":"info","ts":1782522996.7990787,"caller":"logger/logger.go:106","msg":"Health check completed","vision":"HEALTHY","ocr":"HEALTHY","speech":"UNHEALTHY"}
{"level":"info","ts":1782522997.6135058,"caller":"logger/logger.go:106","msg":"Request served","request_id":"b52d24489f02caeb","status":200,"method":"GET","path":"/metrics","ip":"[IP-DISAMARKAN]","latency":0.00116169}
{"level":"info","ts":1782522997.93052,"caller":"logger/logger.go:156","msg":"Experiment infer completed","request_id":"req-A1-treatment-run1-4-21-1782522972920-tjj2t9rb","request_id":"req-A1-treatment-run1-4-21-1782522972920-tjj2t9rb","scenario":"A1","condition":"treatment","run":1,"category":"full","latency_ms":25003}
{"level":"info","ts":1782522997.9306326,"caller":"logger/logger.go:106","msg":"Request served","request_id":"req-A1-treatment-run1-4-21-1782522972920-tjj2t9rb","status":200,"method":"POST","path":"/api/v1/infer","ip":"[IP-DISAMARKAN]","latency":25.007163441}
{"level":"info","ts":1782523002.6133752,"caller":"logger/logger.go:106","msg":"Request served","request_id":"2f6ca5d60cd274ee","status":200,"method":"GET","path":"/metrics","ip":"[IP-DISAMARKAN]","latency":0.001118192}
{"level":"info","ts":1782523003.0305772,"caller":"logger/logger.go:156","msg":"Experiment infer completed","request_id":"req-A1-treatment-run1-1-24-1782522978231-zmmx45tj","request_id":"req-A1-treatment-run1-1-24-1782522978231-zmmx45tj","scenario":"A1","condition":"treatment","run":1,"category":"full","latency_ms":24792}
{"level":"info","ts":1782523003.0306306,"caller":"logger/logger.go:106","msg":"Request served","request_id":"req-A1-treatment-run1-1-24-1782522978231-zmmx45tj","status":200,"method":"POST","path":"/api/v1/infer","ip":"[IP-DISAMARKAN]","latency":24.795487931}
{"level":"info","ts":1782523007.6149163,"caller":"logger/logger.go:106","msg":"Request served","request_id":"30eb7cec349dd009","status":200,"method":"GET","path":"/metrics","ip":"[IP-DISAMARKAN]","latency":0.000939036}
{"level":"info","ts":1782523008.4152582,"caller":"logger/logger.go:156","msg":"Experiment infer completed","request_id":"req-A1-treatment-run1-2-29-1782522983430-s3lb2nu5","request_id":"req-A1-treatment-run1-2-29-1782522983430-s3lb2nu5","scenario":"A1","condition":"treatment","run":1,"category":"full","latency_ms":24977}
{"level":"info","ts":1782523008.4153097,"caller":"logger/logger.go:106","msg":"Request served","request_id":"req-A1-treatment-run1-2-29-1782522983430-s3lb2nu5","status":200,"method":"POST","path":"/api/v1/infer","ip":"[IP-DISAMARKAN]","latency":24.980125067}
{"level":"warn","ts":1782523011.7985485,"caller":"logger/logger.go:116","msg":"Worker health check failed","worker":"speech","error":"rpc error: code = DeadlineExceeded desc = context deadline exceeded"}
{"level":"info","ts":1782523011.7988827,"caller":"logger/logger.go:106","msg":"Health check completed","vision":"HEALTHY","ocr":"HEALTHY","speech":"UNHEALTHY"}
{"level":"info","ts":1782523012.6137173,"caller":"logger/logger.go:106","msg":"Request served","request_id":"e39d6c011b66090a","status":200,"method":"GET","path":"/metrics","ip":"[IP-DISAMARKAN]","latency":0.001537921}
{"level":"info","ts":1782523013.517838,"caller":"logger/logger.go:156","msg":"Experiment infer completed","request_id":"req-A1-treatment-run1-5-20-1782522988621-plxpq7zg","request_id":"req-A1-treatment-run1-5-20-1782522988621-plxpq7zg","scenario":"A1","condition":"treatment","run":1,"category":"full","latency_ms":24887}
{"level":"info","ts":1782523013.517882,"caller":"logger/logger.go:106","msg":"Request served","request_id":"req-A1-treatment-run1-5-20-1782522988621-plxpq7zg","status":200,"method":"POST","path":"/api/v1/infer","ip":"[IP-DISAMARKAN]","latency":24.891622912}
{"level":"info","ts":1782523017.6128743,"caller":"logger/logger.go:106","msg":"Request served","request_id":"3477a350f33929fb","status":200,"method":"GET","path":"/metrics","ip":"[IP-DISAMARKAN]","latency":0.000942275}
{"level":"info","ts":1782523018.625157,"caller":"logger/logger.go:156","msg":"Experiment infer completed","request_id":"req-A1-treatment-run1-3-18-1782522993733-eje42cgu","request_id":"req-A1-treatment-run1-3-18-1782522993733-eje42cgu","scenario":"A1","condition":"treatment","run":1,"category":"full","latency_ms":24882}
{"level":"info","ts":1782523018.6252124,"caller":"logger/logger.go:106","msg":"Request served","request_id":"req-A1-treatment-run1-3-18-1782522993733-eje42cgu","status":200,"method":"POST","path":"/api/v1/infer","ip":"[IP-DISAMARKAN]","latency":24.887101665}
{"level":"info","ts":1782523022.6145089,"caller":"logger/logger.go:106","msg":"Request served","request_id":"80fc75e59282e27b","status":200,"method":"GET","path":"/metrics","ip":"[IP-DISAMARKAN]","latency":0.001079363}
{"level":"info","ts":1782523023.7157547,"caller":"logger/logger.go:156","msg":"Experiment infer completed","request_id":"req-A1-treatment-run1-4-22-1782522998932-1d4q1uuj","request_id":"req-A1-treatment-run1-4-22-1782522998932-1d4q1uuj","scenario":"A1","condition":"treatment","run":1,"category":"full","latency_ms":24775}
{"level":"info","ts":1782523023.7158127,"caller":"logger/logger.go:106","msg":"Request served","request_id":"req-A1-treatment-run1-4-22-1782522998932-1d4q1uuj","status":200,"method":"POST","path":"/api/v1/infer","ip":"[IP-DISAMARKAN]","latency":24.778956464}
{"level":"error","ts":1782523024.8291698,"caller":"logger/logger.go:121","msg":"Server error","request_id":"725a6c8fb18bc82b","status":503,"method":"GET","path":"/api/v1/health","ip":"::1","latency":5.050430914,"error":"","stacktrace":"temandifa-backend/internal/logger.Error\n\t/app/internal/logger/logger.go:121\nmain.NewHTTPServer.RequestLogger.func5\n\t/app/internal/middleware/request_logger.go:44\ngithub.com/gin-gonic/gin.(*Context).Next\n\t/go/pkg/mod/github.com/gin-gonic/gin@v1.11.0/context.go:192\nmain.NewHTTPServer.VersionMiddleware.func4\n\t/app/internal/middleware/versioning.go:35\ngithub.com/gin-gonic/gin.(*Context).Next\n\t/go/pkg/mod/github.com/gin-gonic/gin@v1.11.0/context.go:192\nmain.NewHTTPServer.RequestID.func3\n\t/app/internal/middleware/request_id.go:34\ngithub.com/gin-gonic/gin.(*Context).Next\n\t/go/pkg/mod/github.com/gin-gonic/gin@v1.11.0/context.go:192\nmain.NewHTTPServer.MaxBodySize.func2\n\t/app/internal/middleware/security.go:52\ngithub.com/gin-gonic/gin.(*Context).Next\n\t/go/pkg/mod/github.com/gin-gonic/gin@v1.11.0/context.go:192\nmain.NewHTTPServer.SecurityHeaders.func1\n\t/app/internal/middleware/security.go:36\ngithub.com/gin-gonic/gin.(*Context).Next\n\t/go/pkg/mod/github.com/gin-gonic/gin@v1.11.0/context.go:192\ngithub.com/gin-gonic/gin.(*Engine).handleHTTPRequest\n\t/go/pkg/mod/github.com/gin-gonic/gin@v1.11.0/gin.go:689\ngithub.com/gin-gonic/gin.(*Engine).ServeHTTP\n\t/go/pkg/mod/github.com/gin-gonic/gin@v1.11.0/gin.go:643\nnet/http.serverHandler.ServeHTTP\n\t/usr/local/go/src/net/http/server.go:3340\nnet/http.(*conn).serve\n\t/usr/local/go/src/net/http/server.go:2109"}
{"level":"warn","ts":1782523026.798099,"caller":"logger/logger.go:116","msg":"Worker health check failed","worker":"speech","error":"rpc error: code = DeadlineExceeded desc = context deadline exceeded"}
{"level":"info","ts":1782523026.7984257,"caller":"logger/logger.go:106","msg":"Health check completed","vision":"HEALTHY","ocr":"HEALTHY","speech":"UNHEALTHY"}
{"level":"info","ts":1782523027.6142452,"caller":"logger/logger.go:106","msg":"Request served","request_id":"117665e850b76d33","status":200,"method":"GET","path":"/metrics","ip":"[IP-DISAMARKAN]","latency":0.001088393}
{"level":"info","ts":1782523028.9145148,"caller":"logger/logger.go:156","msg":"Experiment infer completed","request_id":"req-A1-treatment-run1-1-25-1782523004032-7tr4beo9","request_id":"req-A1-treatment-run1-1-25-1782523004032-7tr4beo9","scenario":"A1","condition":"treatment","run":1,"category":"full","latency_ms":24875}
{"level":"info","ts":1782523028.9145648,"caller":"logger/logger.go:106","msg":"Request served","request_id":"req-A1-treatment-run1-1-25-1782523004032-7tr4beo9","status":200,"method":"POST","path":"/api/v1/infer","ip":"[IP-DISAMARKAN]","latency":24.878017964}
{"level":"info","ts":1782523032.6179194,"caller":"logger/logger.go:106","msg":"Request served","request_id":"c35d2609f272f363","status":200,"method":"GET","path":"/metrics","ip":"[IP-DISAMARKAN]","latency":0.005476211}
{"level":"info","ts":1782523034.0392532,"caller":"logger/logger.go:156","msg":"Experiment infer completed","request_id":"req-A1-treatment-run1-2-30-1782523009416-ve18a7m3","request_id":"req-A1-treatment-run1-2-30-1782523009416-ve18a7m3","scenario":"A1","condition":"treatment","run":1,"category":"full","latency_ms":24613}
{"level":"info","ts":1782523034.0393064,"caller":"logger/logger.go:106","msg":"Request served","request_id":"req-A1-treatment-run1-2-30-1782523009416-ve18a7m3","status":200,"method":"POST","path":"/api/v1/infer","ip":"[IP-DISAMARKAN]","latency":24.617195123}
{"level":"info","ts":1782523037.6128497,"caller":"logger/logger.go:106","msg":"Request served","request_id":"f4df07c324e9989a","status":200,"method":"GET","path":"/metrics","ip":"[IP-DISAMARKAN]","latency":0.000959025}
{"level":"info","ts":1782523039.424384,"caller":"logger/logger.go:156","msg":"Experiment infer completed","request_id":"req-A1-treatment-run1-5-21-1782523014519-yozjffeu","request_id":"req-A1-treatment-run1-5-21-1782523014519-yozjffeu","scenario":"A1","condition":"treatment","run":1,"category":"full","latency_ms":24886}
{"level":"info","ts":1782523039.424438,"caller":"logger/logger.go:106","msg":"Request served","request_id":"req-A1-treatment-run1-5-21-1782523014519-yozjffeu","status":200,"method":"POST","path":"/api/v1/infer","ip":"[IP-DISAMARKAN]","latency":24.898456239}
{"level":"warn","ts":1782523041.7985585,"caller":"logger/logger.go:116","msg":"Worker health check failed","worker":"speech","error":"rpc error: code = DeadlineExceeded desc = context deadline exceeded"}
{"level":"info","ts":1782523041.7989063,"caller":"logger/logger.go:106","msg":"Health check completed","vision":"HEALTHY","ocr":"HEALTHY","speech":"UNHEALTHY"}
{"level":"info","ts":1782523042.6153195,"caller":"logger/logger.go:106","msg":"Request served","request_id":"66c728b4f550fa3e","status":200,"method":"GET","path":"/metrics","ip":"[IP-DISAMARKAN]","latency":0.003056493}