{"level":"info","ts":1782639246.1907465,"caller":"logger/logger.go:156","msg":"Experiment infer completed","request_id":"da248b9e5061673f","request_id":"req-C1-static_resilience-run1-5-6-1782639221385-d3of5aho","scenario":"C1","condition":"static_resilience","run":1,"category":"full","latency_ms":24798}
{"level":"info","ts":1782639246.1908,"caller":"logger/logger.go:106","msg":"Request served","request_id":"da248b9e5061673f","status":200,"method":"POST","path":"/api/v1/infer","ip":"[IP-DISAMARKAN]","latency":24.801322575}
{"level":"info","ts":1782639247.6138988,"caller":"logger/logger.go:106","msg":"Request served","request_id":"f97a18cc07cb0e13","status":200,"method":"GET","path":"/metrics","ip":"[IP-DISAMARKAN]","latency":0.001089731}
{"level":"info","ts":1782639251.1869683,"caller":"logger/logger.go:156","msg":"Experiment infer completed","request_id":"aa928a8d7b783336","request_id":"req-C1-static_resilience-run1-3-10-1782639226587-eum5w97a","scenario":"C1","condition":"static_resilience","run":1,"category":"full","latency_ms":24585}
{"level":"info","ts":1782639251.187054,"caller":"logger/logger.go:106","msg":"Request served","request_id":"aa928a8d7b783336","status":200,"method":"POST","path":"/api/v1/infer","ip":"[IP-DISAMARKAN]","latency":24.595920784}
{"level":"info","ts":1782639251.2414231,"caller":"logger/logger.go:106","msg":"ExperimentService","event":"fault_logged","type":"fault_injected","target":"speech"}
{"level":"info","ts":1782639251.2416425,"caller":"logger/logger.go:106","msg":"Request served","request_id":"964407a2277299d3","status":201,"method":"POST","path":"/api/v1/experiments/fault-events","ip":"[IP-DISAMARKAN]","latency":0.003616787}
{"level":"info","ts":1782639251.2485924,"caller":"logger/logger.go:106","msg":"ExperimentService","event":"fault_logged","type":"fault_stage_started","target":"speech"}
{"level":"info","ts":1782639251.2487214,"caller":"logger/logger.go:106","msg":"Request served","request_id":"c5ae9a996dc94fff","status":201,"method":"POST","path":"/api/v1/experiments/fault-events","ip":"[IP-DISAMARKAN]","latency":0.001360885}
{"level":"warn","ts":1782639252.319247,"caller":"logger/logger.go:116","msg":"Worker health check failed","worker":"speech","error":"rpc error: code = DeadlineExceeded desc = context deadline exceeded"}
{"level":"info","ts":1782639252.319566,"caller":"logger/logger.go:106","msg":"Health check completed","vision":"HEALTHY","ocr":"HEALTHY","speech":"UNHEALTHY"}
{"level":"info","ts":1782639252.6170123,"caller":"logger/logger.go:106","msg":"Request served","request_id":"6673461636151368","status":200,"method":"GET","path":"/metrics","ip":"[IP-DISAMARKAN]","latency":0.001413953}
{"level":"error","ts":1782639255.4802997,"caller":"logger/logger.go:121","msg":"Server error","request_id":"ccc83bdc288a1efc","status":503,"method":"GET","path":"/api/v1/health","ip":"::1","latency":5.039773014,"error":"","stacktrace":"temandifa-backend/internal/logger.Error\n\t/app/internal/logger/logger.go:121\nmain.NewHTTPServer.RequestLogger.func5\n\t/app/internal/middleware/request_logger.go:44\ngithub.com/gin-gonic/gin.(*Context).Next\n\t/go/pkg/mod/github.com/gin-gonic/gin@v1.11.0/context.go:192\nmain.NewHTTPServer.VersionMiddleware.func4\n\t/app/internal/middleware/versioning.go:35\ngithub.com/gin-gonic/gin.(*Context).Next\n\t/go/pkg/mod/github.com/gin-gonic/gin@v1.11.0/context.go:192\nmain.NewHTTPServer.RequestID.func3\n\t/app/internal/middleware/request_id.go:34\ngithub.com/gin-gonic/gin.(*Context).Next\n\t/go/pkg/mod/github.com/gin-gonic/gin@v1.11.0/context.go:192\nmain.NewHTTPServer.MaxBodySize.func2\n\t/app/internal/middleware/security.go:52\ngithub.com/gin-gonic/gin.(*Context).Next\n\t/go/pkg/mod/github.com/gin-gonic/gin@v1.11.0/context.go:192\nmain.NewHTTPServer.SecurityHeaders.func1\n\t/app/internal/middleware/security.go:36\ngithub.com/gin-gonic/gin.(*Context).Next\n\t/go/pkg/mod/github.com/gin-gonic/gin@v1.11.0/context.go:192\ngithub.com/gin-gonic/gin.(*Engine).handleHTTPRequest\n\t/go/pkg/mod/github.com/gin-gonic/gin@v1.11.0/gin.go:689\ngithub.com/gin-gonic/gin.(*Engine).ServeHTTP\n\t/go/pkg/mod/github.com/gin-gonic/gin@v1.11.0/gin.go:643\nnet/http.serverHandler.ServeHTTP\n\t/usr/local/go/src/net/http/server.go:3340\nnet/http.(*conn).serve\n\t/usr/local/go/src/net/http/server.go:2109"}
{"level":"info","ts":1782639257.6129363,"caller":"logger/logger.go:106","msg":"Request served","request_id":"da011ab524d5bd48","status":200,"method":"GET","path":"/metrics","ip":"[IP-DISAMARKAN]","latency":0.001068842}
{"level":"info","ts":1782639259.5932028,"caller":"logger/logger.go:156","msg":"Experiment infer completed","request_id":"ea78e2a1cc1eeff9","request_id":"req-C1-static_resilience-run1-4-8-1782639231894-92q0h07z","scenario":"C1","condition":"static_resilience","run":1,"category":"full","latency_ms":27690}
{"level":"info","ts":1782639259.5932562,"caller":"logger/logger.go:106","msg":"Request served","request_id":"ea78e2a1cc1eeff9","status":200,"method":"POST","path":"/api/v1/infer","ip":"[IP-DISAMARKAN]","latency":27.694592652}
{"level":"info","ts":1782639262.6135437,"caller":"logger/logger.go:106","msg":"Request served","request_id":"f8a4f9f844064249","status":200,"method":"GET","path":"/metrics","ip":"[IP-DISAMARKAN]","latency":0.001009364}
{"level":"warn","ts":1782639267.320076,"caller":"logger/logger.go:116","msg":"Worker health check failed","worker":"speech","error":"rpc error: code = DeadlineExceeded desc = context deadline exceeded"}
{"level":"info","ts":1782639267.3204112,"caller":"logger/logger.go:106","msg":"Health check completed","vision":"HEALTHY","ocr":"HEALTHY","speech":"UNHEALTHY"}
{"level":"info","ts":1782639267.6126356,"caller":"logger/logger.go:106","msg":"Request served","request_id":"04febd36e3064222","status":200,"method":"GET","path":"/metrics","ip":"[IP-DISAMARKAN]","latency":0.000721312}
{"level":"info","ts":1782639268.2821262,"caller":"logger/logger.go:156","msg":"Experiment infer completed","request_id":"33c8787e83e21129","request_id":"req-C1-static_resilience-run1-3-11-1782639252189-q6fr1xf9","scenario":"C1","condition":"static_resilience","run":1,"category":"full","latency_ms":16082}
{"level":"info","ts":1782639268.282177,"caller":"logger/logger.go:106","msg":"Request served","request_id":"33c8787e83e21129","status":200,"method":"POST","path":"/api/v1/infer","ip":"[IP-DISAMARKAN]","latency":16.08625195}
{"level":"info","ts":1782639272.613197,"caller":"logger/logger.go:106","msg":"Request served","request_id":"e85bd0107808fa1d","status":200,"method":"GET","path":"/metrics","ip":"[IP-DISAMARKAN]","latency":0.000859768}
{"level":"info","ts":1782639276.6851926,"caller":"logger/logger.go:156","msg":"Experiment infer completed","request_id":"e5346e23e9c2b244","request_id":"req-C1-static_resilience-run1-2-14-1782639242185-3ec8r79a","scenario":"C1","condition":"static_resilience","run":1,"category":"full","latency_ms":34490}
{"level":"info","ts":1782639276.6852472,"caller":"logger/logger.go:106","msg":"Request served","request_id":"e5346e23e9c2b244","status":200,"method":"POST","path":"/api/v1/infer","ip":"[IP-DISAMARKAN]","latency":34.493950708}
{"level":"info","ts":1782639277.6132777,"caller":"logger/logger.go:106","msg":"Request served","request_id":"fdea7d9cd35d5392","status":200,"method":"GET","path":"/metrics","ip":"[IP-DISAMARKAN]","latency":0.000859089}
{"level":"warn","ts":1782639282.3204846,"caller":"logger/logger.go:116","msg":"Worker health check failed","worker":"speech","error":"rpc error: code = DeadlineExceeded desc = context deadline exceeded"}
{"level":"info","ts":1782639282.3209224,"caller":"logger/logger.go:106","msg":"Health check completed","vision":"HEALTHY","ocr":"HEALTHY","speech":"UNHEALTHY"}
{"level":"info","ts":1782639282.6131427,"caller":"logger/logger.go:106","msg":"Request served","request_id":"dd651cc7a4bf4abe","status":200,"method":"GET","path":"/metrics","ip":"[IP-DISAMARKAN]","latency":0.000938547}
{"level":"info","ts":1782639284.9979293,"caller":"logger/logger.go:156","msg":"Experiment infer completed","request_id":"4b43ae7eef043bda","request_id":"req-C1-static_resilience-run1-5-7-1782639247192-eh4r3kcw","scenario":"C1","condition":"static_resilience","run":1,"category":"full","latency_ms":37797}
{"level":"info","ts":1782639284.9979737,"caller":"logger/logger.go:106","msg":"Request served","request_id":"4b43ae7eef043bda","status":200,"method":"POST","path":"/api/v1/infer","ip":"[IP-DISAMARKAN]","latency":37.800870104}
{"level":"info","ts":1782639287.613164,"caller":"logger/logger.go:106","msg":"Request served","request_id":"682494e019e28896","status":200,"method":"GET","path":"/metrics","ip":"[IP-DISAMARKAN]","latency":0.000846138}
{"level":"error","ts":1782639290.582962,"caller":"logger/logger.go:121","msg":"Server error","request_id":"1fd5a622ac1e3ee8","status":503,"method":"GET","path":"/api/v1/health","ip":"::1","latency":5.073346154,"error":"","stacktrace":"temandifa-backend/internal/logger.Error\n\t/app/internal/logger/logger.go:121\nmain.NewHTTPServer.RequestLogger.func5\n\t/app/internal/middleware/request_logger.go:44\ngithub.com/gin-gonic/gin.(*Context).Next\n\t/go/pkg/mod/github.com/gin-gonic/gin@v1.11.0/context.go:192\nmain.NewHTTPServer.VersionMiddleware.func4\n\t/app/internal/middleware/versioning.go:35\ngithub.com/gin-gonic/gin.(*Context).Next\n\t/go/pkg/mod/github.com/gin-gonic/gin@v1.11.0/context.go:192\nmain.NewHTTPServer.RequestID.func3\n\t/app/internal/middleware/request_id.go:34\ngithub.com/gin-gonic/gin.(*Context).Next\n\t/go/pkg/mod/github.com/gin-gonic/gin@v1.11.0/context.go:192\nmain.NewHTTPServer.MaxBodySize.func2\n\t/app/internal/middleware/security.go:52\ngithub.com/gin-gonic/gin.(*Context).Next\n\t/go/pkg/mod/github.com/gin-gonic/gin@v1.11.0/context.go:192\nmain.NewHTTPServer.SecurityHeaders.func1\n\t/app/internal/middleware/security.go:36\ngithub.com/gin-gonic/gin.(*Context).Next\n\t/go/pkg/mod/github.com/gin-gonic/gin@v1.11.0/context.go:192\ngithub.com/gin-gonic/gin.(*Engine).handleHTTPRequest\n\t/go/pkg/mod/github.com/gin-gonic/gin@v1.11.0/gin.go:689\ngithub.com/gin-gonic/gin.(*Engine).ServeHTTP\n\t/go/pkg/mod/github.com/gin-gonic/gin@v1.11.0/gin.go:643\nnet/http.serverHandler.ServeHTTP\n\t/usr/local/go/src/net/http/server.go:3340\nnet/http.(*conn).serve\n\t/usr/local/go/src/net/http/server.go:2109"}
{"level":"info","ts":1782639292.6133952,"caller":"logger/logger.go:106","msg":"Request served","request_id":"89ca18967f4872ea","status":200,"method":"GET","path":"/metrics","ip":"[IP-DISAMARKAN]","latency":0.000816069}
{"level":"info","ts":1782639294.09518,"caller":"logger/logger.go:156","msg":"Experiment infer completed","request_id":"021053a983edc631","request_id":"req-C1-static_resilience-run1-1-18-1782639237085-c375xvbn","scenario":"C1","condition":"static_resilience","run":1,"category":"full","latency_ms":57000}
{"level":"info","ts":1782639294.09523,"caller":"logger/logger.go:106","msg":"Request served","request_id":"021053a983edc631","status":200,"method":"POST","path":"/api/v1/infer","ip":"[IP-DISAMARKAN]","latency":57.00769327}
{"level":"warn","ts":1782639297.3189912,"caller":"logger/logger.go:116","msg":"Worker health check failed","worker":"speech","error":"rpc error: code = DeadlineExceeded desc = context deadline exceeded"}
{"level":"info","ts":1782639297.3193998,"caller":"logger/logger.go:106","msg":"Health check completed","vision":"HEALTHY","ocr":"HEALTHY","speech":"UNHEALTHY"}
{"level":"info","ts":1782639297.6129844,"caller":"logger/logger.go:106","msg":"Request served","request_id":"7d0f86fec848044a","status":200,"method":"GET","path":"/metrics","ip":"[IP-DISAMARKAN]","latency":0.00076467}
{"level":"info","ts":1782639302.0794256,"caller":"logger/logger.go:156","msg":"Experiment infer completed","request_id":"8adc55106e3b641e","request_id":"req-C1-static_resilience-run1-4-9-1782639260596-obln7832","scenario":"C1","condition":"static_resilience","run":1,"category":"full","latency_ms":41477}
{"level":"info","ts":1782639302.0794752,"caller":"logger/logger.go:106","msg":"Request served","request_id":"8adc55106e3b641e","status":200,"method":"POST","path":"/api/v1/infer","ip":"[IP-DISAMARKAN]","latency":41.480526202}
{"level":"info","ts":1782639302.6132689,"caller":"logger/logger.go:106","msg":"Request served","request_id":"9902a3a9c886721a","status":200,"method":"GET","path":"/metrics","ip":"[IP-DISAMARKAN]","latency":0.000848508}
{"level":"info","ts":1782639307.6131632,"caller":"logger/logger.go:106","msg":"Request served","request_id":"272cbc08593c321d","status":200,"method":"GET","path":"/metrics","ip":"[IP-DISAMARKAN]","latency":0.000873556}
{"level":"info","ts":1782639310.086108,"caller":"logger/logger.go:156","msg":"Experiment infer completed","request_id":"1f14bc9db2917d97","request_id":"req-C1-static_resilience-run1-3-12-1782639269284-3k7atb2j","scenario":"C1","condition":"static_resilience","run":1,"category":"full","latency_ms":40791}
{"level":"info","ts":1782639310.0861654,"caller":"logger/logger.go:106","msg":"Request served","request_id":"1f14bc9db2917d97","status":200,"method":"POST","path":"/api/v1/infer","ip":"[IP-DISAMARKAN]","latency":40.795539876}
{"level":"warn","ts":1782639312.3184817,"caller":"logger/logger.go:116","msg":"Worker health check failed","worker":"speech","error":"rpc error: code = DeadlineExceeded desc = context deadline exceeded"}
{"level":"info","ts":1782639312.3188207,"caller":"logger/logger.go:106","msg":"Health check completed","vision":"HEALTHY","ocr":"HEALTHY","speech":"UNHEALTHY"}
{"level":"info","ts":1782639312.403451,"caller":"logger/logger.go:106","msg":"ExperimentService","event":"fault_logged","type":"fault_stage_finished","target":"speech"}
{"level":"info","ts":1782639312.403923,"caller":"logger/logger.go:106","msg":"Request served","request_id":"e9042113be748160","status":201,"method":"POST","path":"/api/v1/experiments/fault-events","ip":"[IP-DISAMARKAN]","latency":0.004800396}
{"level":"info","ts":1782639312.411822,"caller":"logger/logger.go:106","msg":"ExperimentService","event":"fault_logged","type":"fault_stage_started","target":"speech"}
{"level":"info","ts":1782639312.4119742,"caller":"logger/logger.go:106","msg":"Request served","request_id":"a4d2dfc77b4c67c8","status":201,"method":"POST","path":"/api/v1/experiments/fault-events","ip":"[IP-DISAMARKAN]","latency":0.00151005}
{"level":"info","ts":1782639312.6151485,"caller":"logger/logger.go:106","msg":"Request served","request_id":"5daa2bd2ecdf1363","status":200,"method":"GET","path":"/metrics","ip":"[IP-DISAMARKAN]","latency":0.001888451}
{"level":"info","ts":1782639317.6125507,"caller":"logger/logger.go:106","msg":"Request served","request_id":"95a2e01cfbc99e55","status":200,"method":"GET","path":"/metrics","ip":"[IP-DISAMARKAN]","latency":0.000752829}
{"level":"info","ts":1782639318.099625,"caller":"logger/logger.go:156","msg":"Experiment infer completed","request_id":"76dad4ac6f90eb24","request_id":"req-C1-static_resilience-run1-2-15-1782639277688-u806wrik","scenario":"C1","condition":"static_resilience","run":1,"category":"full","latency_ms":40403}
{"level":"info","ts":1782639318.0996752,"caller":"logger/logger.go:106","msg":"Request served","request_id":"76dad4ac6f90eb24","status":200,"method":"POST","path":"/api/v1/infer","ip":"[IP-DISAMARKAN]","latency":40.406929905}
{"level":"info","ts":1782639322.613081,"caller":"logger/logger.go:106","msg":"Request served","request_id":"57900feeca04b887","status":200,"method":"GET","path":"/metrics","ip":"[IP-DISAMARKAN]","latency":0.000762721}
{"level":"error","ts":1782639325.5822213,"caller":"logger/logger.go:121","msg":"Server error","request_id":"b2fde3cb9de552e7","status":503,"method":"GET","path":"/api/v1/health","ip":"::1","latency":5.019433225,"error":"","stacktrace":"temandifa-backend/internal/logger.Error\n\t/app/internal/logger/logger.go:121\nmain.NewHTTPServer.RequestLogger.func5\n\t/app/internal/middleware/request_logger.go:44\ngithub.com/gin-gonic/gin.(*Context).Next\n\t/go/pkg/mod/github.com/gin-gonic/gin@v1.11.0/context.go:192\nmain.NewHTTPServer.VersionMiddleware.func4\n\t/app/internal/middleware/versioning.go:35\ngithub.com/gin-gonic/gin.(*Context).Next\n\t/go/pkg/mod/github.com/gin-gonic/gin@v1.11.0/context.go:192\nmain.NewHTTPServer.RequestID.func3\n\t/app/internal/middleware/request_id.go:34\ngithub.com/gin-gonic/gin.(*Context).Next\n\t/go/pkg/mod/github.com/gin-gonic/gin@v1.11.0/context.go:192\nmain.NewHTTPServer.MaxBodySize.func2\n\t/app/internal/middleware/security.go:52\ngithub.com/gin-gonic/gin.(*Context).Next\n\t/go/pkg/mod/github.com/gin-gonic/gin@v1.11.0/context.go:192\nmain.NewHTTPServer.SecurityHeaders.func1\n\t/app/internal/middleware/security.go:36\ngithub.com/gin-gonic/gin.(*Context).Next\n\t/go/pkg/mod/github.com/gin-gonic/gin@v1.11.0/context.go:192\ngithub.com/gin-gonic/gin.(*Engine).handleHTTPRequest\n\t/go/pkg/mod/github.com/gin-gonic/gin@v1.11.0/gin.go:689\ngithub.com/gin-gonic/gin.(*Engine).ServeHTTP\n\t/go/pkg/mod/github.com/gin-gonic/gin@v1.11.0/gin.go:643\nnet/http.serverHandler.ServeHTTP\n\t/usr/local/go/src/net/http/server.go:3340\nnet/http.(*conn).serve\n\t/usr/local/go/src/net/http/server.go:2109"}
{"level":"info","ts":1782639326.6968315,"caller":"logger/logger.go:156","msg":"Experiment infer completed","request_id":"e5907ff19662b4c1","request_id":"req-C1-static_resilience-run1-5-8-1782639285999-20a1xogg","scenario":"C1","condition":"static_resilience","run":1,"category":"full","latency_ms":40692}
{"level":"info","ts":1782639326.6968865,"caller":"logger/logger.go:106","msg":"Request served","request_id":"e5907ff19662b4c1","status":200,"method":"POST","path":"/api/v1/infer","ip":"[IP-DISAMARKAN]","latency":40.694550461}
{"level":"warn","ts":1782639327.3188703,"caller":"logger/logger.go:116","msg":"Worker health check failed","worker":"speech","error":"rpc error: code = DeadlineExceeded desc = context deadline exceeded"}
{"level":"info","ts":1782639327.319342,"caller":"logger/logger.go:106","msg":"Health check completed","vision":"HEALTHY","ocr":"HEALTHY","speech":"UNHEALTHY"}
{"level":"info","ts":1782639327.6128054,"caller":"logger/logger.go:106","msg":"Request served","request_id":"64edddc753aef315","status":200,"method":"GET","path":"/metrics","ip":"[IP-DISAMARKAN]","latency":0.00080386}
{"level":"info","ts":1782639332.6136386,"caller":"logger/logger.go:106","msg":"Request served","request_id":"29513d8873afc183","status":200,"method":"GET","path":"/metrics","ip":"[IP-DISAMARKAN]","latency":0.000798009}
{"level":"info","ts":1782639335.1822243,"caller":"logger/logger.go:156","msg":"Experiment infer completed","request_id":"ad7c291244323860","request_id":"req-C1-static_resilience-run1-1-19-1782639295097-yphnl3vv","scenario":"C1","condition":"static_resilience","run":1,"category":"full","latency_ms":40078}
{"level":"info","ts":1782639335.1822786,"caller":"logger/logger.go:106","msg":"Request served","request_id":"ad7c291244323860","status":200,"method":"POST","path":"/api/v1/infer","ip":"[IP-DISAMARKAN]","latency":40.082177171}
{"level":"info","ts":1782639337.6128612,"caller":"logger/logger.go:106","msg":"Request served","request_id":"6f31e642cc1263ca","status":200,"method":"GET","path":"/metrics","ip":"[IP-DISAMARKAN]","latency":0.00077229}
{"level":"warn","ts":1782639342.3191512,"caller":"logger/logger.go:116","msg":"Worker health check failed","worker":"speech","error":"rpc error: code = DeadlineExceeded desc = context deadline exceeded"}
{"level":"info","ts":1782639342.3195121,"caller":"logger/logger.go:106","msg":"Health check completed","vision":"HEALTHY","ocr":"HEALTHY","speech":"UNHEALTHY"}
{"level":"info","ts":1782639342.6129115,"caller":"logger/logger.go:106","msg":"Request served","request_id":"8fdad47cf4750f73","status":200,"method":"GET","path":"/metrics","ip":"[IP-DISAMARKAN]","latency":0.001022014}
{"level":"info","ts":1782639343.79718,"caller":"logger/logger.go:156","msg":"Experiment infer completed","request_id":"a15b2f5a31bbec5d","request_id":"req-C1-static_resilience-run1-4-10-1782639303081-pla6i0fs","scenario":"C1","condition":"static_resilience","run":1,"category":"full","latency_ms":40705}
{"level":"info","ts":1782639343.7972326,"caller":"logger/logger.go:106","msg":"Request served","request_id":"a15b2f5a31bbec5d","status":200,"method":"POST","path":"/api/v1/infer","ip":"[IP-DISAMARKAN]","latency":40.711234912}
{"level":"info","ts":1782639347.612651,"caller":"logger/logger.go:106","msg":"Request served","request_id":"580561eb0806105c","status":200,"method":"GET","path":"/metrics","ip":"[IP-DISAMARKAN]","latency":0.000744011}
{"level":"info","ts":1782639352.2941718,"caller":"logger/logger.go:156","msg":"Experiment infer completed","request_id":"8082a4c50133d49e","request_id":"req-C1-static_resilience-run1-3-13-1782639311088-xq3xk77k","scenario":"C1","condition":"static_resilience","run":1,"category":"full","latency_ms":41196}
{"level":"info","ts":1782639352.2942228,"caller":"logger/logger.go:106","msg":"Request served","request_id":"8082a4c50133d49e","status":200,"method":"POST","path":"/api/v1/infer","ip":"[IP-DISAMARKAN]","latency":41.199976368}
{"level":"info","ts":1782639352.6135943,"caller":"logger/logger.go:106","msg":"Request served","request_id":"b4f787d76fd193e0","status":200,"method":"GET","path":"/metrics","ip":"[IP-DISAMARKAN]","latency":0.000949726}
{"level":"warn","ts":1782639357.3187072,"caller":"logger/logger.go:116","msg":"Worker health check failed","worker":"speech","error":"rpc error: code = DeadlineExceeded desc = context deadline exceeded"}
{"level":"info","ts":1782639357.3191957,"caller":"logger/logger.go:106","msg":"Health check completed","vision":"HEALTHY","ocr":"HEALTHY","speech":"UNHEALTHY"}
{"level":"info","ts":1782639357.6139295,"caller":"logger/logger.go:106","msg":"Request served","request_id":"089417c10e9bbbd9","status":200,"method":"GET","path":"/metrics","ip":"[IP-DISAMARKAN]","latency":0.001099861}
{"level":"error","ts":1782639360.6803768,"caller":"logger/logger.go:121","msg":"Server error","request_id":"8d557811da61e7ad","status":503,"method":"GET","path":"/api/v1/health","ip":"::1","latency":5.05824309,"error":"","stacktrace":"temandifa-backend/internal/logger.Error\n\t/app/internal/logger/logger.go:121\nmain.NewHTTPServer.RequestLogger.func5\n\t/app/internal/middleware/request_logger.go:44\ngithub.com/gin-gonic/gin.(*Context).Next\n\t/go/pkg/mod/github.com/gin-gonic/gin@v1.11.0/context.go:192\nmain.NewHTTPServer.VersionMiddleware.func4\n\t/app/internal/middleware/versioning.go:35\ngithub.com/gin-gonic/gin.(*Context).Next\n\t/go/pkg/mod/github.com/gin-gonic/gin@v1.11.0/context.go:192\nmain.NewHTTPServer.RequestID.func3\n\t/app/internal/middleware/request_id.go:34\ngithub.com/gin-gonic/gin.(*Context).Next\n\t/go/pkg/mod/github.com/gin-gonic/gin@v1.11.0/context.go:192\nmain.NewHTTPServer.MaxBodySize.func2\n\t/app/internal/middleware/security.go:52\ngithub.com/gin-gonic/gin.(*Context).Next\n\t/go/pkg/mod/github.com/gin-gonic/gin@v1.11.0/context.go:192\nmain.NewHTTPServer.SecurityHeaders.func1\n\t/app/internal/middleware/security.go:36\ngithub.com/gin-gonic/gin.(*Context).Next\n\t/go/pkg/mod/github.com/gin-gonic/gin@v1.11.0/context.go:192\ngithub.com/gin-gonic/gin.(*Engine).handleHTTPRequest\n\t/go/pkg/mod/github.com/gin-gonic/gin@v1.11.0/gin.go:689\ngithub.com/gin-gonic/gin.(*Engine).ServeHTTP\n\t/go/pkg/mod/github.com/gin-gonic/gin@v1.11.0/gin.go:643\nnet/http.serverHandler.ServeHTTP\n\t/usr/local/go/src/net/http/server.go:3340\nnet/http.(*conn).serve\n\t/usr/local/go/src/net/http/server.go:2109"}
{"level":"info","ts":1782639360.8965561,"caller":"logger/logger.go:156","msg":"Experiment infer completed","request_id":"65b288037469e76e","request_id":"req-C1-static_resilience-run1-2-16-1782639319101-783n3nsb","scenario":"C1","condition":"static_resilience","run":1,"category":"full","latency_ms":41787}
{"level":"info","ts":1782639360.8966138,"caller":"logger/logger.go:106","msg":"Request served","request_id":"65b288037469e76e","status":200,"method":"POST","path":"/api/v1/infer","ip":"[IP-DISAMARKAN]","latency":41.791602805}
{"level":"info","ts":1782639362.6127443,"caller":"logger/logger.go:106","msg":"Request served","request_id":"1c90659380a3176a","status":200,"method":"GET","path":"/metrics","ip":"[IP-DISAMARKAN]","latency":0.000847027}
{"level":"info","ts":1782639367.6135552,"caller":"logger/logger.go:106","msg":"Request served","request_id":"1d0ed6fdcfab9b5e","status":200,"method":"GET","path":"/metrics","ip":"[IP-DISAMARKAN]","latency":0.000706752}
{"level":"info","ts":1782639369.381117,"caller":"logger/logger.go:156","msg":"Experiment infer completed","request_id":"6f625769ffaa70a6","request_id":"req-C1-static_resilience-run1-5-9-1782639327699-4rwcv810","scenario":"C1","condition":"static_resilience","run":1,"category":"full","latency_ms":41676}
{"level":"info","ts":1782639369.381175,"caller":"logger/logger.go:106","msg":"Request served","request_id":"6f625769ffaa70a6","status":200,"method":"POST","path":"/api/v1/infer","ip":"[IP-DISAMARKAN]","latency":41.679034243}
{"level":"warn","ts":1782639372.319227,"caller":"logger/logger.go:116","msg":"Worker health check failed","worker":"speech","error":"rpc error: code = DeadlineExceeded desc = context deadline exceeded"}
{"level":"info","ts":1782639372.3195493,"caller":"logger/logger.go:106","msg":"Health check completed","vision":"HEALTHY","ocr":"HEALTHY","speech":"UNHEALTHY"}
{"level":"info","ts":1782639372.6127183,"caller":"logger/logger.go:106","msg":"Request served","request_id":"fe285ac9b7c50361","status":200,"method":"GET","path":"/metrics","ip":"[IP-DISAMARKAN]","latency":0.000817869}
{"level":"info","ts":1782639373.607444,"caller":"logger/logger.go:106","msg":"ExperimentService","event":"fault_logged","type":"fault_stage_finished","target":"speech"}
{"level":"info","ts":1782639373.6077428,"caller":"logger/logger.go:106","msg":"Request served","request_id":"09ac7ca038489e6c","status":201,"method":"POST","path":"/api/v1/experiments/fault-events","ip":"[IP-DISAMARKAN]","latency":0.003714143}
{"level":"info","ts":1782639373.6126034,"caller":"logger/logger.go:106","msg":"ExperimentService","event":"fault_logged","type":"fault_stage_started","target":"speech"}
{"level":"info","ts":1782639373.612643,"caller":"logger/logger.go:106","msg":"Request served","request_id":"6272639b4b2f2fcf","status":201,"method":"POST","path":"/api/v1/experiments/fault-events","ip":"[IP-DISAMARKAN]","latency":0.001135541}
{"level":"info","ts":1782639376.9977887,"caller":"logger/logger.go:156","msg":"Experiment infer completed","request_id":"b0b6460930c7da72","request_id":"req-C1-static_resilience-run1-1-20-1782639336185-8urfslh1","scenario":"C1","condition":"static_resilience","run":1,"category":"full","latency_ms":40802}
{"level":"info","ts":1782639376.9978476,"caller":"logger/logger.go:106","msg":"Request served","request_id":"b0b6460930c7da72","status":200,"method":"POST","path":"/api/v1/infer","ip":"[IP-DISAMARKAN]","latency":40.808595067}
{"level":"info","ts":1782639377.613369,"caller":"logger/logger.go:106","msg":"Request served","request_id":"93945587538c0693","status":200,"method":"GET","path":"/metrics","ip":"[IP-DISAMARKAN]","latency":0.000958145}
{"level":"info","ts":1782639382.6131494,"caller":"logger/logger.go:106","msg":"Request served","request_id":"22fad2cd417e4a06","status":200,"method":"GET","path":"/metrics","ip":"[IP-DISAMARKAN]","latency":0.000883597}
{"level":"info","ts":1782639383.7912304,"caller":"logger/logger.go:156","msg":"Experiment infer completed","request_id":"0501bf78c64651ed","request_id":"req-C1-static_resilience-run1-4-11-1782639344799-lxthgwo6","scenario":"C1","condition":"static_resilience","run":1,"category":"full","latency_ms":38987}
{"level":"info","ts":1782639383.791283,"caller":"logger/logger.go:106","msg":"Request served","request_id":"0501bf78c64651ed","status":200,"method":"POST","path":"/api/v1/infer","ip":"[IP-DISAMARKAN]","latency":38.989624898}
{"level":"warn","ts":1782639387.3194547,"caller":"logger/logger.go:116","msg":"Worker health check failed","worker":"speech","error":"rpc error: code = DeadlineExceeded desc = context deadline exceeded"}
{"level":"info","ts":1782639387.3197026,"caller":"logger/logger.go:106","msg":"Health check completed","vision":"HEALTHY","ocr":"HEALTHY","speech":"UNHEALTHY"}
{"level":"info","ts":1782639387.613281,"caller":"logger/logger.go:106","msg":"Request served","request_id":"ab4d27f6e051f2b5","status":200,"method":"GET","path":"/metrics","ip":"[IP-DISAMARKAN]","latency":0.000884297}
{"level":"info","ts":1782639389.3990595,"caller":"logger/logger.go:156","msg":"Experiment infer completed","request_id":"976d74d09bc264c0","request_id":"req-C1-static_resilience-run1-3-14-1782639353296-0n3jora5","scenario":"C1","condition":"static_resilience","run":1,"category":"full","latency_ms":36096}
{"level":"info","ts":1782639389.3991137,"caller":"logger/logger.go:106","msg":"Request served","request_id":"976d74d09bc264c0","status":200,"method":"POST","path":"/api/v1/infer","ip":"[IP-DISAMARKAN]","latency":36.098712826}
{"level":"info","ts":1782639392.6133873,"caller":"logger/logger.go:106","msg":"Request served","request_id":"b1da60a2bfa8d356","status":200,"method":"GET","path":"/metrics","ip":"[IP-DISAMARKAN]","latency":0.000888486}
{"level":"info","ts":1782639395.0910983,"caller":"logger/logger.go:156","msg":"Experiment infer completed","request_id":"7b2de035f16001ea","request_id":"req-C1-static_resilience-run1-2-17-1782639361899-n37u8pzw","scenario":"C1","condition":"static_resilience","run":1,"category":"full","latency_ms":33186}
{"level":"info","ts":1782639395.0912032,"caller":"logger/logger.go:106","msg":"Request served","request_id":"7b2de035f16001ea","status":200,"method":"POST","path":"/api/v1/infer","ip":"[IP-DISAMARKAN]","latency":33.188520687}
{"level":"error","ts":1782639395.7209387,"caller":"logger/logger.go:121","msg":"Server error","request_id":"ac9cf954ab0f8fbc","status":503,"method":"GET","path":"/api/v1/health","ip":"::1","latency":5.012788052,"error":"","stacktrace":"temandifa-backend/internal/logger.Error\n\t/app/internal/logger/logger.go:121\nmain.NewHTTPServer.RequestLogger.func5\n\t/app/internal/middleware/request_logger.go:44\ngithub.com/gin-gonic/gin.(*Context).Next\n\t/go/pkg/mod/github.com/gin-gonic/gin@v1.11.0/context.go:192\nmain.NewHTTPServer.VersionMiddleware.func4\n\t/app/internal/middleware/versioning.go:35\ngithub.com/gin-gonic/gin.(*Context).Next\n\t/go/pkg/mod/github.com/gin-gonic/gin@v1.11.0/context.go:192\nmain.NewHTTPServer.RequestID.func3\n\t/app/internal/middleware/request_id.go:34\ngithub.com/gin-gonic/gin.(*Context).Next\n\t/go/pkg/mod/github.com/gin-gonic/gin@v1.11.0/context.go:192\nmain.NewHTTPServer.MaxBodySize.func2\n\t/app/internal/middleware/security.go:52\ngithub.com/gin-gonic/gin.(*Context).Next\n\t/go/pkg/mod/github.com/gin-gonic/gin@v1.11.0/context.go:192\nmain.NewHTTPServer.SecurityHeaders.func1\n\t/app/internal/middleware/security.go:36\ngithub.com/gin-gonic/gin.(*Context).Next\n\t/go/pkg/mod/github.com/gin-gonic/gin@v1.11.0/context.go:192\ngithub.com/gin-gonic/gin.(*Engine).handleHTTPRequest\n\t/go/pkg/mod/github.com/gin-gonic/gin@v1.11.0/gin.go:689\ngithub.com/gin-gonic/gin.(*Engine).ServeHTTP\n\t/go/pkg/mod/github.com/gin-gonic/gin@v1.11.0/gin.go:643\nnet/http.serverHandler.ServeHTTP\n\t/usr/local/go/src/net/http/server.go:3340\nnet/http.(*conn).serve\n\t/usr/local/go/src/net/http/server.go:2109"}
{"level":"info","ts":1782639397.6159456,"caller":"logger/logger.go:106","msg":"Request served","request_id":"1f21102c67f09219","status":200,"method":"GET","path":"/metrics","ip":"[IP-DISAMARKAN]","latency":0.00351582}
{"level":"info","ts":1782639400.9829094,"caller":"logger/logger.go:156","msg":"Experiment infer completed","request_id":"6d05db1956449be3","request_id":"req-C1-static_resilience-run1-5-10-1782639370384-8l8lv908","scenario":"C1","condition":"static_resilience","run":1,"category":"full","latency_ms":30590}
{"level":"info","ts":1782639400.982966,"caller":"logger/logger.go:106","msg":"Request served","request_id":"6d05db1956449be3","status":200,"method":"POST","path":"/api/v1/infer","ip":"[IP-DISAMARKAN]","latency":30.593720739}
{"level":"warn","ts":1782639402.3186896,"caller":"logger/logger.go:116","msg":"Worker health check failed","worker":"speech","error":"rpc error: code = DeadlineExceeded desc = context deadline exceeded"}
{"level":"info","ts":1782639402.321287,"caller":"logger/logger.go:106","msg":"Health check completed","vision":"HEALTHY","ocr":"HEALTHY","speech":"UNHEALTHY"}
{"level":"info","ts":1782639402.6127603,"caller":"logger/logger.go:106","msg":"Request served","request_id":"ee23873b1f782aad","status":200,"method":"GET","path":"/metrics","ip":"[IP-DISAMARKAN]","latency":0.000888487}
{"level":"info","ts":1782639406.6008427,"caller":"logger/logger.go:156","msg":"Experiment infer completed","request_id":"8d3907bff62ec124","request_id":"req-C1-static_resilience-run1-1-21-1782639378000-k2e40hi7","scenario":"C1","condition":"static_resilience","run":1,"category":"full","latency_ms":28595}
{"level":"info","ts":1782639406.600894,"caller":"logger/logger.go:106","msg":"Request served","request_id":"8d3907bff62ec124","status":200,"method":"POST","path":"/api/v1/infer","ip":"[IP-DISAMARKAN]","latency":28.597957099}
{"level":"info","ts":1782639407.615878,"caller":"logger/logger.go:106","msg":"Request served","request_id":"414669899a64a581","status":200,"method":"GET","path":"/metrics","ip":"[IP-DISAMARKAN]","latency":0.001021315}
{"level":"info","ts":1782639412.6133873,"caller":"logger/logger.go:106","msg":"Request served","request_id":"898d26ecfd1797fd","status":200,"method":"GET","path":"/metrics","ip":"[IP-DISAMARKAN]","latency":0.000802769}
{"level":"info","ts":1782639414.992175,"caller":"logger/logger.go:156","msg":"Experiment infer completed","request_id":"a6c1713a5468f653","request_id":"req-C1-static_resilience-run1-4-12-1782639384793-3zr7oms6","scenario":"C1","condition":"static_resilience","run":1,"category":"full","latency_ms":30192}
{"level":"info","ts":1782639414.9922268,"caller":"logger/logger.go:106","msg":"Request served","request_id":"a6c1713a5468f653","status":200,"method":"POST","path":"/api/v1/infer","ip":"[IP-DISAMARKAN]","latency":30.195484237}
{"level":"warn","ts":1782639417.319309,"caller":"logger/logger.go:116","msg":"Worker health check failed","worker":"speech","error":"rpc error: code = DeadlineExceeded desc = context deadline exceeded"}
{"level":"info","ts":1782639417.3197033,"caller":"logger/logger.go:106","msg":"Health check completed","vision":"HEALTHY","ocr":"HEALTHY","speech":"UNHEALTHY"}
{"level":"info","ts":1782639417.6126122,"caller":"logger/logger.go:106","msg":"Request served","request_id":"2112a060dc31b538","status":200,"method":"GET","path":"/metrics","ip":"[IP-DISAMARKAN]","latency":0.000777559}
{"level":"info","ts":1782639422.6127942,"caller":"logger/logger.go:106","msg":"Request served","request_id":"488ccbf403cb5a2b","status":200,"method":"GET","path":"/metrics","ip":"[IP-DISAMARKAN]","latency":0.000900787}
{"level":"info","ts":1782639427.6181734,"caller":"logger/logger.go:106","msg":"Request served","request_id":"643a25d9e17e48db","status":200,"method":"GET","path":"/metrics","ip":"[IP-DISAMARKAN]","latency":0.000949716}
{"level":"info","ts":1782639427.9982805,"caller":"logger/logger.go:156","msg":"Experiment infer completed","request_id":"1dc348b85f228b17","request_id":"req-C1-static_resilience-run1-3-15-1782639390402-94fs13up","scenario":"C1","condition":"static_resilience","run":1,"category":"full","latency_ms":37588}
{"level":"info","ts":1782639427.9983351,"caller":"logger/logger.go:106","msg":"Request served","request_id":"1dc348b85f228b17","status":200,"method":"POST","path":"/api/v1/infer","ip":"[IP-DISAMARKAN]","latency":37.592986929}
{"level":"error","ts":1782639430.7885005,"caller":"logger/logger.go:121","msg":"Server error","request_id":"276e879757e7bab2","status":503,"method":"GET","path":"/api/v1/health","ip":"::1","latency":5.037699792,"error":"","stacktrace":"temandifa-backend/internal/logger.Error\n\t/app/internal/logger/logger.go:121\nmain.NewHTTPServer.RequestLogger.func5\n\t/app/internal/middleware/request_logger.go:44\ngithub.com/gin-gonic/gin.(*Context).Next\n\t/go/pkg/mod/github.com/gin-gonic/gin@v1.11.0/context.go:192\nmain.NewHTTPServer.VersionMiddleware.func4\n\t/app/internal/middleware/versioning.go:35\ngithub.com/gin-gonic/gin.(*Context).Next\n\t/go/pkg/mod/github.com/gin-gonic/gin@v1.11.0/context.go:192\nmain.NewHTTPServer.RequestID.func3\n\t/app/internal/middleware/request_id.go:34\ngithub.com/gin-gonic/gin.(*Context).Next\n\t/go/pkg/mod/github.com/gin-gonic/gin@v1.11.0/context.go:192\nmain.NewHTTPServer.MaxBodySize.func2\n\t/app/internal/middleware/security.go:52\ngithub.com/gin-gonic/gin.(*Context).Next\n\t/go/pkg/mod/github.com/gin-gonic/gin@v1.11.0/context.go:192\nmain.NewHTTPServer.SecurityHeaders.func1\n\t/app/internal/middleware/security.go:36\ngithub.com/gin-gonic/gin.(*Context).Next\n\t/go/pkg/mod/github.com/gin-gonic/gin@v1.11.0/context.go:192\ngithub.com/gin-gonic/gin.(*Engine).handleHTTPRequest\n\t/go/pkg/mod/github.com/gin-gonic/gin@v1.11.0/gin.go:689\ngithub.com/gin-gonic/gin.(*Engine).ServeHTTP\n\t/go/pkg/mod/github.com/gin-gonic/gin@v1.11.0/gin.go:643\nnet/http.serverHandler.ServeHTTP\n\t/usr/local/go/src/net/http/server.go:3340\nnet/http.(*conn).serve\n\t/usr/local/go/src/net/http/server.go:2109"}
{"level":"warn","ts":1782639432.3191276,"caller":"logger/logger.go:116","msg":"Worker health check failed","worker":"speech","error":"rpc error: code = DeadlineExceeded desc = context deadline exceeded"}
{"level":"info","ts":1782639432.3194501,"caller":"logger/logger.go:106","msg":"Health check completed","vision":"HEALTHY","ocr":"HEALTHY","speech":"UNHEALTHY"}
{"level":"info","ts":1782639432.6134937,"caller":"logger/logger.go:106","msg":"Request served","request_id":"ff711ee85743a370","status":200,"method":"GET","path":"/metrics","ip":"[IP-DISAMARKAN]","latency":0.000852919}
{"level":"info","ts":1782639437.613246,"caller":"logger/logger.go:106","msg":"Request served","request_id":"c4daf0b2d7d4006c","status":200,"method":"GET","path":"/metrics","ip":"[IP-DISAMARKAN]","latency":0.000737722}
{"level":"info","ts":1782639439.095368,"caller":"logger/logger.go:156","msg":"Experiment infer completed","request_id":"96e99eb02cf540d3","request_id":"req-C1-static_resilience-run1-2-18-1782639396093-mngt2djm","scenario":"C1","condition":"static_resilience","run":1,"category":"full","latency_ms":42995}
{"level":"info","ts":1782639439.0954187,"caller":"logger/logger.go:106","msg":"Request served","request_id":"96e99eb02cf540d3","status":200,"method":"POST","path":"/api/v1/infer","ip":"[IP-DISAMARKAN]","latency":42.997086437}
{"level":"info","ts":1782639442.6126559,"caller":"logger/logger.go:106","msg":"Request served","request_id":"f14c574607ed51d8","status":200,"method":"GET","path":"/metrics","ip":"[IP-DISAMARKAN]","latency":0.000786649}
{"level":"info","ts":1782639445.412395,"caller":"logger/logger.go:156","msg":"Experiment infer completed","request_id":"390a3c5cf9b30dc8","request_id":"req-C1-static_resilience-run1-5-11-1782639401985-xpyl78dl","scenario":"C1","condition":"static_resilience","run":1,"category":"full","latency_ms":43421}
{"level":"info","ts":1782639445.4124577,"caller":"logger/logger.go:106","msg":"Request served","request_id":"390a3c5cf9b30dc8","status":200,"method":"POST","path":"/api/v1/infer","ip":"[IP-DISAMARKAN]","latency":43.423657439}
{"level":"warn","ts":1782639447.319283,"caller":"logger/logger.go:116","msg":"Worker health check failed","worker":"speech","error":"rpc error: code = DeadlineExceeded desc = context deadline exceeded"}
{"level":"info","ts":1782639447.3197255,"caller":"logger/logger.go:106","msg":"Health check completed","vision":"HEALTHY","ocr":"HEALTHY","speech":"UNHEALTHY"}
{"level":"info","ts":1782639447.6136565,"caller":"logger/logger.go:106","msg":"Request served","request_id":"73df5c6890da6d4c","status":200,"method":"GET","path":"/metrics","ip":"[IP-DISAMARKAN]","latency":0.000913716}
{"level":"info","ts":1782639451.8854823,"caller":"logger/logger.go:156","msg":"Experiment infer completed","request_id":"44b8dd9ea21f8fc5","request_id":"req-C1-static_resilience-run1-1-22-1782639407602-zvefr2mx","scenario":"C1","condition":"static_resilience","run":1,"category":"full","latency_ms":44277}
{"level":"info","ts":1782639451.8855317,"caller":"logger/logger.go:106","msg":"Request served","request_id":"44b8dd9ea21f8fc5","status":200,"method":"POST","path":"/api/v1/infer","ip":"[IP-DISAMARKAN]","latency":44.280179725}
{"level":"info","ts":1782639452.6127453,"caller":"logger/logger.go:106","msg":"Request served","request_id":"59f81a2d1d62ad3d","status":200,"method":"GET","path":"/metrics","ip":"[IP-DISAMARKAN]","latency":0.000740471}
{"level":"info","ts":1782639457.6130524,"caller":"logger/logger.go:106","msg":"Request served","request_id":"7d1e45df4382ce62","status":200,"method":"GET","path":"/metrics","ip":"[IP-DISAMARKAN]","latency":0.000762451}
{"level":"info","ts":1782639458.1967423,"caller":"logger/logger.go:156","msg":"Experiment infer completed","request_id":"6f6698b966ba5386","request_id":"req-C1-static_resilience-run1-4-13-1782639415995-k22uwihe","scenario":"C1","condition":"static_resilience","run":1,"category":"full","latency_ms":42195}
{"level":"info","ts":1782639458.1968005,"caller":"logger/logger.go:106","msg":"Request served","request_id":"6f6698b966ba5386","status":200,"method":"POST","path":"/api/v1/infer","ip":"[IP-DISAMARKAN]","latency":42.198042349}
{"level":"warn","ts":1782639462.3189132,"caller":"logger/logger.go:116","msg":"Worker health check failed","worker":"speech","error":"rpc error: code = DeadlineExceeded desc = context deadline exceeded"}
{"level":"info","ts":1782639462.3192446,"caller":"logger/logger.go:106","msg":"Health check completed","vision":"HEALTHY","ocr":"HEALTHY","speech":"UNHEALTHY"}
{"level":"info","ts":1782639462.6134658,"caller":"logger/logger.go:106","msg":"Request served","request_id":"5e21eea761fbeb3e","status":200,"method":"GET","path":"/metrics","ip":"[IP-DISAMARKAN]","latency":0.000757621}
{"level":"info","ts":1782639464.1992502,"caller":"logger/logger.go:156","msg":"Experiment infer completed","request_id":"d64a1fbb0e4b8a30","request_id":"req-C1-static_resilience-run1-3-16-1782639429001-gvbn26cj","scenario":"C1","condition":"static_resilience","run":1,"category":"full","latency_ms":35191}
{"level":"info","ts":1782639464.1993055,"caller":"logger/logger.go:106","msg":"Request served","request_id":"d64a1fbb0e4b8a30","status":200,"method":"POST","path":"/api/v1/infer","ip":"[IP-DISAMARKAN]","latency":35.193515772}
{"level":"error","ts":1782639465.9825191,"caller":"logger/logger.go:121","msg":"Server error","request_id":"a5e14d555ef365c9","status":503,"method":"GET","path":"/api/v1/health","ip":"::1","latency":5.169936738,"error":"","stacktrace":"temandifa-backend/internal/logger.Error\n\t/app/internal/logger/logger.go:121\nmain.NewHTTPServer.RequestLogger.func5\n\t/app/internal/middleware/request_logger.go:44\ngithub.com/gin-gonic/gin.(*Context).Next\n\t/go/pkg/mod/github.com/gin-gonic/gin@v1.11.0/context.go:192\nmain.NewHTTPServer.VersionMiddleware.func4\n\t/app/internal/middleware/versioning.go:35\ngithub.com/gin-gonic/gin.(*Context).Next\n\t/go/pkg/mod/github.com/gin-gonic/gin@v1.11.0/context.go:192\nmain.NewHTTPServer.RequestID.func3\n\t/app/internal/middleware/request_id.go:34\ngithub.com/gin-gonic/gin.(*Context).Next\n\t/go/pkg/mod/github.com/gin-gonic/gin@v1.11.0/context.go:192\nmain.NewHTTPServer.MaxBodySize.func2\n\t/app/internal/middleware/security.go:52\ngithub.com/gin-gonic/gin.(*Context).Next\n\t/go/pkg/mod/github.com/gin-gonic/gin@v1.11.0/context.go:192\nmain.NewHTTPServer.SecurityHeaders.func1\n\t/app/internal/middleware/security.go:36\ngithub.com/gin-gonic/gin.(*Context).Next\n\t/go/pkg/mod/github.com/gin-gonic/gin@v1.11.0/context.go:192\ngithub.com/gin-gonic/gin.(*Engine).handleHTTPRequest\n\t/go/pkg/mod/github.com/gin-gonic/gin@v1.11.0/gin.go:689\ngithub.com/gin-gonic/gin.(*Engine).ServeHTTP\n\t/go/pkg/mod/github.com/gin-gonic/gin@v1.11.0/gin.go:643\nnet/http.serverHandler.ServeHTTP\n\t/usr/local/go/src/net/http/server.go:3340\nnet/http.(*conn).serve\n\t/usr/local/go/src/net/http/server.go:2109"}
{"level":"info","ts":1782639467.6126773,"caller":"logger/logger.go:106","msg":"Request served","request_id":"fffec83c20300f85","status":200,"method":"GET","path":"/metrics","ip":"[IP-DISAMARKAN]","latency":0.000808889}
{"level":"info","ts":1782639470.591964,"caller":"logger/logger.go:156","msg":"Experiment infer completed","request_id":"923d8c9ba29b923b","request_id":"req-C1-static_resilience-run1-2-19-1782639440097-uxio4q4j","scenario":"C1","condition":"static_resilience","run":1,"category":"full","latency_ms":30483}
{"level":"info","ts":1782639470.592043,"caller":"logger/logger.go:106","msg":"Request served","request_id":"923d8c9ba29b923b","status":200,"method":"POST","path":"/api/v1/infer","ip":"[IP-DISAMARKAN]","latency":30.4875515}
{"level":"info","ts":1782639472.6137254,"caller":"logger/logger.go:106","msg":"Request served","request_id":"e49d5add3a9b51c5","status":200,"method":"GET","path":"/metrics","ip":"[IP-DISAMARKAN]","latency":0.000924576}
{"level":"info","ts":1782639476.797282,"caller":"logger/logger.go:156","msg":"Experiment infer completed","request_id":"12191ca3be846215","request_id":"req-C1-static_resilience-run1-5-12-1782639446414-48k87rve","scenario":"C1","condition":"static_resilience","run":1,"category":"full","latency_ms":30376}
{"level":"info","ts":1782639476.7973375,"caller":"logger/logger.go:106","msg":"Request served","request_id":"12191ca3be846215","status":200,"method":"POST","path":"/api/v1/infer","ip":"[IP-DISAMARKAN]","latency":30.380212429}
{"level":"warn","ts":1782639477.324232,"caller":"logger/logger.go:116","msg":"Worker health check failed","worker":"speech","error":"rpc error: code = DeadlineExceeded desc = context deadline exceeded"}
{"level":"info","ts":1782639477.3245115,"caller":"logger/logger.go:106","msg":"Health check completed","vision":"HEALTHY","ocr":"HEALTHY","speech":"UNHEALTHY"}
{"level":"info","ts":1782639477.6129315,"caller":"logger/logger.go:106","msg":"Request served","request_id":"e75f9b312f240fe5","status":200,"method":"GET","path":"/metrics","ip":"[IP-DISAMARKAN]","latency":0.000825229}
{"level":"info","ts":1782639482.5835593,"caller":"logger/logger.go:156","msg":"Experiment infer completed","request_id":"c4168b171f34d783","request_id":"req-C1-static_resilience-run1-1-23-1782639452888-faherjdz","scenario":"C1","condition":"static_resilience","run":1,"category":"full","latency_ms":29688}
{"level":"info","ts":1782639482.5836194,"caller":"logger/logger.go:106","msg":"Request served","request_id":"c4168b171f34d783","status":200,"method":"POST","path":"/api/v1/infer","ip":"[IP-DISAMARKAN]","latency":29.691105251}
{"level":"info","ts":1782639482.6128013,"caller":"logger/logger.go:106","msg":"Request served","request_id":"0e7a3ad5f27aaabb","status":200,"method":"GET","path":"/metrics","ip":"[IP-DISAMARKAN]","latency":0.000839268}
{"level":"info","ts":1782639487.6129606,"caller":"logger/logger.go:106","msg":"Request served","request_id":"d1753da274832ef2","status":200,"method":"GET","path":"/metrics","ip":"[IP-DISAMARKAN]","latency":0.000849568}
{"level":"info","ts":1782639489.98475,"caller":"logger/logger.go:156","msg":"Experiment infer completed","request_id":"8bf4b616ec033f8e","request_id":"req-C1-static_resilience-run1-4-14-1782639459199-v7czkqiy","scenario":"C1","condition":"static_resilience","run":1,"category":"full","latency_ms":30777}
{"level":"info","ts":1782639489.9848213,"caller":"logger/logger.go:106","msg":"Request served","request_id":"8bf4b616ec033f8e","status":200,"method":"POST","path":"/api/v1/infer","ip":"[IP-DISAMARKAN]","latency":30.782396559}
{"level":"warn","ts":1782639492.379731,"caller":"logger/logger.go:116","msg":"Worker health check failed","worker":"speech","error":"rpc error: code = DeadlineExceeded desc = context deadline exceeded"}
{"level":"info","ts":1782639492.3803031,"caller":"logger/logger.go:106","msg":"Health check completed","vision":"HEALTHY","ocr":"HEALTHY","speech":"UNHEALTHY"}
{"level":"info","ts":1782639492.6162016,"caller":"logger/logger.go:106","msg":"Request served","request_id":"34a56706b9207918","status":200,"method":"GET","path":"/metrics","ip":"[IP-DISAMARKAN]","latency":0.002756229}
{"level":"info","ts":1782639497.6127448,"caller":"logger/logger.go:106","msg":"Request served","request_id":"71d1502d37075b4e","status":200,"method":"GET","path":"/metrics","ip":"[IP-DISAMARKAN]","latency":0.000861298}
{"level":"info","ts":1782639498.9810584,"caller":"logger/logger.go:156","msg":"Experiment infer completed","request_id":"7f4d87f483c95a39","request_id":"req-C1-static_resilience-run1-1-24-1782639483586-fwyi6ry4","scenario":"C1","condition":"static_resilience","run":1,"category":"full","latency_ms":15390}
{"level":"info","ts":1782639498.9812882,"caller":"logger/logger.go:106","msg":"Request served","request_id":"7f4d87f483c95a39","status":200,"method":"POST","path":"/api/v1/infer","ip":"[IP-DISAMARKAN]","latency":15.39269233}
{"level":"error","ts":1782639501.22335,"caller":"logger/logger.go:121","msg":"Server error","request_id":"c53e5e50339ac662","status":503,"method":"GET","path":"/api/v1/health","ip":"::1","latency":5.358617165,"error":"","stacktrace":"temandifa-backend/internal/logger.Error\n\t/app/internal/logger/logger.go:121\nmain.NewHTTPServer.RequestLogger.func5\n\t/app/internal/middleware/request_logger.go:44\ngithub.com/gin-gonic/gin.(*Context).Next\n\t/go/pkg/mod/github.com/gin-gonic/gin@v1.11.0/context.go:192\nmain.NewHTTPServer.VersionMiddleware.func4\n\t/app/internal/middleware/versioning.go:35\ngithub.com/gin-gonic/gin.(*Context).Next\n\t/go/pkg/mod/github.com/gin-gonic/gin@v1.11.0/context.go:192\nmain.NewHTTPServer.RequestID.func3\n\t/app/internal/middleware/request_id.go:34\ngithub.com/gin-gonic/gin.(*Context).Next\n\t/go/pkg/mod/github.com/gin-gonic/gin@v1.11.0/context.go:192\nmain.NewHTTPServer.MaxBodySize.func2\n\t/app/internal/middleware/security.go:52\ngithub.com/gin-gonic/gin.(*Context).Next\n\t/go/pkg/mod/github.com/gin-gonic/gin@v1.11.0/context.go:192\nmain.NewHTTPServer.SecurityHeaders.func1\n\t/app/internal/middleware/security.go:36\ngithub.com/gin-gonic/gin.(*Context).Next\n\t/go/pkg/mod/github.com/gin-gonic/gin@v1.11.0/context.go:192\ngithub.com/gin-gonic/gin.(*Engine).handleHTTPRequest\n\t/go/pkg/mod/github.com/gin-gonic/gin@v1.11.0/gin.go:689\ngithub.com/gin-gonic/gin.(*Engine).ServeHTTP\n\t/go/pkg/mod/github.com/gin-gonic/gin@v1.11.0/gin.go:643\nnet/http.serverHandler.ServeHTTP\n\t/usr/local/go/src/net/http/server.go:3340\nnet/http.(*conn).serve\n\t/usr/local/go/src/net/http/server.go:2109"}
{"level":"info","ts":1782639502.6133194,"caller":"logger/logger.go:106","msg":"Request served","request_id":"b7852594cad59b56","status":200,"method":"GET","path":"/metrics","ip":"[IP-DISAMARKAN]","latency":0.00075275}
{"level":"warn","ts":1782639507.3191452,"caller":"logger/logger.go:116","msg":"Worker health check failed","worker":"speech","error":"rpc error: code = DeadlineExceeded desc = context deadline exceeded"}
{"level":"info","ts":1782639507.3194833,"caller":"logger/logger.go:106","msg":"Health check completed","vision":"HEALTHY","ocr":"HEALTHY","speech":"UNHEALTHY"}
{"level":"info","ts":1782639507.6126416,"caller":"logger/logger.go:106","msg":"Request served","request_id":"81f17f8ccbdd0673","status":200,"method":"GET","path":"/metrics","ip":"[IP-DISAMARKAN]","latency":0.000822739}
{"level":"info","ts":1782639512.3852706,"caller":"logger/logger.go:156","msg":"Experiment infer completed","request_id":"07b6dbdbb3f60ef9","request_id":"req-C1-static_resilience-run1-2-20-1782639471596-34n8bx7g","scenario":"C1","condition":"static_resilience","run":1,"category":"full","latency_ms":40782}
{"level":"info","ts":1782639512.3856122,"caller":"logger/logger.go:106","msg":"Request served","request_id":"07b6dbdbb3f60ef9","status":200,"method":"POST","path":"/api/v1/infer","ip":"[IP-DISAMARKAN]","latency":40.786178324}
{"level":"info","ts":1782639512.6127682,"caller":"logger/logger.go:106","msg":"Request served","request_id":"204ff866bc7c2fcd","status":200,"method":"GET","path":"/metrics","ip":"[IP-DISAMARKAN]","latency":0.000826079}
{"level":"info","ts":1782639517.61301,"caller":"logger/logger.go:106","msg":"Request served","request_id":"ed3197f4a4700683","status":200,"method":"GET","path":"/metrics","ip":"[IP-DISAMARKAN]","latency":0.000798609}
{"level":"warn","ts":1782639522.3199687,"caller":"logger/logger.go:116","msg":"Worker health check failed","worker":"speech","error":"rpc error: code = DeadlineExceeded desc = context deadline exceeded"}
{"level":"info","ts":1782639522.3204172,"caller":"logger/logger.go:106","msg":"Health check completed","vision":"HEALTHY","ocr":"HEALTHY","speech":"UNHEALTHY"}
{"level":"info","ts":1782639522.6130056,"caller":"logger/logger.go:106","msg":"Request served","request_id":"58d78624f7609307","status":200,"method":"GET","path":"/metrics","ip":"[IP-DISAMARKAN]","latency":0.001048163}
{"level":"error","ts":1782639525.2089365,"caller":"logger/logger.go:121","msg":"AI Worker gRPC failed","code":"DeadlineExceeded","message":"context deadline exceeded","stacktrace":"temandifa-backend/internal/logger.Error\n\t/app/internal/logger/logger.go:121\ntemandifa-backend/internal/services.(*aiService).handleError\n\t/app/internal/services/ai_service.go:387\ntemandifa-backend/internal/services.(*aiService).TranscribeAudio.func1\n\t/app/internal/services/ai_service.go:331\ntemandifa-backend/internal/services.(*aiService).TranscribeAudio\n\t/app/internal/services/ai_service.go:354\ntemandifa-backend/internal/handlers.(*ExperimentHandler).callWorkersConcurrent.func1\n\t/app/internal/handlers/experiment_handler.go:610"}
{"level":"error","ts":1782639525.2169487,"caller":"logger/logger.go:121","msg":"Server error","request_id":"8259586b26fa7122","status":504,"method":"POST","path":"/api/v1/infer","ip":"[IP-DISAMARKAN]","latency":60.011357887,"error":"","stacktrace":"temandifa-backend/internal/logger.Error\n\t/app/internal/logger/logger.go:121\nmain.NewHTTPServer.RequestLogger.func5\n\t/app/internal/middleware/request_logger.go:44\ngithub.com/gin-gonic/gin.(*Context).Next\n\t/go/pkg/mod/github.com/gin-gonic/gin@v1.11.0/context.go:192\nmain.NewHTTPServer.VersionMiddleware.func4\n\t/app/internal/middleware/versioning.go:35\ngithub.com/gin-gonic/gin.(*Context).Next\n\t/go/pkg/mod/github.com/gin-gonic/gin@v1.11.0/context.go:192\nmain.NewHTTPServer.RequestID.func3\n\t/app/internal/middleware/request_id.go:34\ngithub.com/gin-gonic/gin.(*Context).Next\n\t/go/pkg/mod/github.com/gin-gonic/gin@v1.11.0/context.go:192\nmain.NewHTTPServer.MaxBodySize.func2\n\t/app/internal/middleware/security.go:52\ngithub.com/gin-gonic/gin.(*Context).Next\n\t/go/pkg/mod/github.com/gin-gonic/gin@v1.11.0/context.go:192\nmain.NewHTTPServer.SecurityHeaders.func1\n\t/app/internal/middleware/security.go:36\ngithub.com/gin-gonic/gin.(*Context).Next\n\t/go/pkg/mod/github.com/gin-gonic/gin@v1.11.0/context.go:192\ngithub.com/gin-gonic/gin.(*Engine).handleHTTPRequest\n\t/go/pkg/mod/github.com/gin-gonic/gin@v1.11.0/gin.go:689\ngithub.com/gin-gonic/gin.(*Engine).ServeHTTP\n\t/go/pkg/mod/github.com/gin-gonic/gin@v1.11.0/gin.go:643\nnet/http.serverHandler.ServeHTTP\n\t/usr/local/go/src/net/http/server.go:3340\nnet/http.(*conn).serve\n\t/usr/local/go/src/net/http/server.go:2109"}
{"level":"info","ts":1782639526.191986,"caller":"logger/logger.go:156","msg":"Experiment infer completed","request_id":"1f42a4eee76df143","request_id":"req-C1-static_resilience-run1-5-13-1782639477799-62oxyzrd","scenario":"C1","condition":"static_resilience","run":1,"category":"full","latency_ms":48388}
{"level":"info","ts":1782639526.1920528,"caller":"logger/logger.go:106","msg":"Request served","request_id":"1f42a4eee76df143","status":200,"method":"POST","path":"/api/v1/infer","ip":"[IP-DISAMARKAN]","latency":48.389997315}
{"level":"info","ts":1782639527.6143997,"caller":"logger/logger.go:106","msg":"Request served","request_id":"4ac9097acd8cff00","status":200,"method":"GET","path":"/metrics","ip":"[IP-DISAMARKAN]","latency":0.002544424}
{"level":"info","ts":1782639532.6133175,"caller":"logger/logger.go:106","msg":"Request served","request_id":"b4c3d0e551c7a965","status":200,"method":"GET","path":"/metrics","ip":"[IP-DISAMARKAN]","latency":0.001026084}
{"level":"error","ts":1782639536.0992308,"caller":"logger/logger.go:121","msg":"Server error","request_id":"12f17410d58d16a0","status":503,"method":"GET","path":"/api/v1/health","ip":"::1","latency":5.171877943,"error":"","stacktrace":"temandifa-backend/internal/logger.Error\n\t/app/internal/logger/logger.go:121\nmain.NewHTTPServer.RequestLogger.func5\n\t/app/internal/middleware/request_logger.go:44\ngithub.com/gin-gonic/gin.(*Context).Next\n\t/go/pkg/mod/github.com/gin-gonic/gin@v1.11.0/context.go:192\nmain.NewHTTPServer.VersionMiddleware.func4\n\t/app/internal/middleware/versioning.go:35\ngithub.com/gin-gonic/gin.(*Context).Next\n\t/go/pkg/mod/github.com/gin-gonic/gin@v1.11.0/context.go:192\nmain.NewHTTPServer.RequestID.func3\n\t/app/internal/middleware/request_id.go:34\ngithub.com/gin-gonic/gin.(*Context).Next\n\t/go/pkg/mod/github.com/gin-gonic/gin@v1.11.0/context.go:192\nmain.NewHTTPServer.MaxBodySize.func2\n\t/app/internal/middleware/security.go:52\ngithub.com/gin-gonic/gin.(*Context).Next\n\t/go/pkg/mod/github.com/gin-gonic/gin@v1.11.0/context.go:192\nmain.NewHTTPServer.SecurityHeaders.func1\n\t/app/internal/middleware/security.go:36\ngithub.com/gin-gonic/gin.(*Context).Next\n\t/go/pkg/mod/github.com/gin-gonic/gin@v1.11.0/context.go:192\ngithub.com/gin-gonic/gin.(*Engine).handleHTTPRequest\n\t/go/pkg/mod/github.com/gin-gonic/gin@v1.11.0/gin.go:689\ngithub.com/gin-gonic/gin.(*Engine).ServeHTTP\n\t/go/pkg/mod/github.com/gin-gonic/gin@v1.11.0/gin.go:643\nnet/http.serverHandler.ServeHTTP\n\t/usr/local/go/src/net/http/server.go:3340\nnet/http.(*conn).serve\n\t/usr/local/go/src/net/http/server.go:2109"}
{"level":"warn","ts":1782639537.3194203,"caller":"logger/logger.go:116","msg":"Worker health check failed","worker":"speech","error":"rpc error: code = DeadlineExceeded desc = context deadline exceeded"}
{"level":"info","ts":1782639537.3200407,"caller":"logger/logger.go:106","msg":"Health check completed","vision":"HEALTHY","ocr":"HEALTHY","speech":"UNHEALTHY"}
{"level":"info","ts":1782639537.6130702,"caller":"logger/logger.go:106","msg":"Request served","request_id":"baf2baba32fb4fb3","status":200,"method":"GET","path":"/metrics","ip":"[IP-DISAMARKAN]","latency":0.000957485}
{"level":"info","ts":1782639542.6128595,"caller":"logger/logger.go:106","msg":"Request served","request_id":"c70813dc3859c12b","status":200,"method":"GET","path":"/metrics","ip":"[IP-DISAMARKAN]","latency":0.000946235}
{"level":"info","ts":1782639547.6132,"caller":"logger/logger.go:106","msg":"Request served","request_id":"368df806bc6efe3a","status":200,"method":"GET","path":"/metrics","ip":"[IP-DISAMARKAN]","latency":0.000950446}
{"level":"error","ts":1782639550.992726,"caller":"logger/logger.go:121","msg":"AI Worker gRPC failed","code":"DeadlineExceeded","message":"context deadline exceeded","stacktrace":"temandifa-backend/internal/logger.Error\n\t/app/internal/logger/logger.go:121\ntemandifa-backend/internal/services.(*aiService).handleError\n\t/app/internal/services/ai_service.go:387\ntemandifa-backend/internal/services.(*aiService).TranscribeAudio.func1\n\t/app/internal/services/ai_service.go:331\ntemandifa-backend/internal/services.(*aiService).TranscribeAudio\n\t/app/internal/services/ai_service.go:354\ntemandifa-backend/internal/handlers.(*ExperimentHandler).callWorkersConcurrent.func1\n\t/app/internal/handlers/experiment_handler.go:610"}
{"level":"error","ts":1782639551.025909,"caller":"logger/logger.go:121","msg":"Server error","request_id":"322276007a8d71a7","status":504,"method":"POST","path":"/api/v1/infer","ip":"[IP-DISAMARKAN]","latency":60.034381257,"error":"","stacktrace":"temandifa-backend/internal/logger.Error\n\t/app/internal/logger/logger.go:121\nmain.NewHTTPServer.RequestLogger.func5\n\t/app/internal/middleware/request_logger.go:44\ngithub.com/gin-gonic/gin.(*Context).Next\n\t/go/pkg/mod/github.com/gin-gonic/gin@v1.11.0/context.go:192\nmain.NewHTTPServer.VersionMiddleware.func4\n\t/app/internal/middleware/versioning.go:35\ngithub.com/gin-gonic/gin.(*Context).Next\n\t/go/pkg/mod/github.com/gin-gonic/gin@v1.11.0/context.go:192\nmain.NewHTTPServer.RequestID.func3\n\t/app/internal/middleware/request_id.go:34\ngithub.com/gin-gonic/gin.(*Context).Next\n\t/go/pkg/mod/github.com/gin-gonic/gin@v1.11.0/context.go:192\nmain.NewHTTPServer.MaxBodySize.func2\n\t/app/internal/middleware/security.go:52\ngithub.com/gin-gonic/gin.(*Context).Next\n\t/go/pkg/mod/github.com/gin-gonic/gin@v1.11.0/context.go:192\nmain.NewHTTPServer.SecurityHeaders.func1\n\t/app/internal/middleware/security.go:36\ngithub.com/gin-gonic/gin.(*Context).Next\n\t/go/pkg/mod/github.com/gin-gonic/gin@v1.11.0/context.go:192\ngithub.com/gin-gonic/gin.(*Engine).handleHTTPRequest\n\t/go/pkg/mod/github.com/gin-gonic/gin@v1.11.0/gin.go:689\ngithub.com/gin-gonic/gin.(*Engine).ServeHTTP\n\t/go/pkg/mod/github.com/gin-gonic/gin@v1.11.0/gin.go:643\nnet/http.serverHandler.ServeHTTP\n\t/usr/local/go/src/net/http/server.go:3340\nnet/http.(*conn).serve\n\t/usr/local/go/src/net/http/server.go:2109"}
{"level":"warn","ts":1782639552.3194013,"caller":"logger/logger.go:116","msg":"Worker health check failed","worker":"speech","error":"rpc error: code = DeadlineExceeded desc = context deadline exceeded"}
{"level":"info","ts":1782639552.319645,"caller":"logger/logger.go:106","msg":"Health check completed","vision":"HEALTHY","ocr":"HEALTHY","speech":"UNHEALTHY"}
{"level":"info","ts":1782639552.613732,"caller":"logger/logger.go:106","msg":"Request served","request_id":"0e0614cff8f4517e","status":200,"method":"GET","path":"/metrics","ip":"[IP-DISAMARKAN]","latency":0.000929936}
{"level":"info","ts":1782639555.2898452,"caller":"logger/logger.go:106","msg":"ExperimentService","event":"fault_logged","type":"fault_stage_finished","target":"speech"}
{"level":"info","ts":1782639555.2900066,"caller":"logger/logger.go:106","msg":"Request served","request_id":"31cbd9fed8437141","status":201,"method":"POST","path":"/api/v1/experiments/fault-events","ip":"[IP-DISAMARKAN]","latency":0.004556243}
{"level":"info","ts":1782639555.2971303,"caller":"logger/logger.go:106","msg":"ExperimentService","event":"fault_logged","type":"fault_finished","target":"speech"}
{"level":"info","ts":1782639555.297174,"caller":"logger/logger.go:106","msg":"Request served","request_id":"ea0586971d8d75e5","status":201,"method":"POST","path":"/api/v1/experiments/fault-events","ip":"[IP-DISAMARKAN]","latency":0.001334725}
{"level":"info","ts":1782639557.6127763,"caller":"logger/logger.go:106","msg":"Request served","request_id":"462d11f6dc5e403d","status":200,"method":"GET","path":"/metrics","ip":"[IP-DISAMARKAN]","latency":0.000943896}
{"level":"error","ts":1782639559.9891958,"caller":"logger/logger.go:121","msg":"AI Worker gRPC failed","code":"DeadlineExceeded","message":"context deadline exceeded","stacktrace":"temandifa-backend/internal/logger.Error\n\t/app/internal/logger/logger.go:121\ntemandifa-backend/internal/services.(*aiService).handleError\n\t/app/internal/services/ai_service.go:387\ntemandifa-backend/internal/services.(*aiService).TranscribeAudio.func1\n\t/app/internal/services/ai_service.go:331\ntemandifa-backend/internal/services.(*aiService).TranscribeAudio\n\t/app/internal/services/ai_service.go:354\ntemandifa-backend/internal/handlers.(*ExperimentHandler).callWorkersConcurrent.func1\n\t/app/internal/handlers/experiment_handler.go:610"}
{"level":"error","ts":1782639559.991077,"caller":"logger/logger.go:121","msg":"Server error","request_id":"26ad541d75f67f22","status":504,"method":"POST","path":"/api/v1/infer","ip":"[IP-DISAMARKAN]","latency":60.003691707,"error":"","stacktrace":"temandifa-backend/internal/logger.Error\n\t/app/internal/logger/logger.go:121\nmain.NewHTTPServer.RequestLogger.func5\n\t/app/internal/middleware/request_logger.go:44\ngithub.com/gin-gonic/gin.(*Context).Next\n\t/go/pkg/mod/github.com/gin-gonic/gin@v1.11.0/context.go:192\nmain.NewHTTPServer.VersionMiddleware.func4\n\t/app/internal/middleware/versioning.go:35\ngithub.com/gin-gonic/gin.(*Context).Next\n\t/go/pkg/mod/github.com/gin-gonic/gin@v1.11.0/context.go:192\nmain.NewHTTPServer.RequestID.func3\n\t/app/internal/middleware/request_id.go:34\ngithub.com/gin-gonic/gin.(*Context).Next\n\t/go/pkg/mod/github.com/gin-gonic/gin@v1.11.0/context.go:192\nmain.NewHTTPServer.MaxBodySize.func2\n\t/app/internal/middleware/security.go:52\ngithub.com/gin-gonic/gin.(*Context).Next\n\t/go/pkg/mod/github.com/gin-gonic/gin@v1.11.0/context.go:192\nmain.NewHTTPServer.SecurityHeaders.func1\n\t/app/internal/middleware/security.go:36\ngithub.com/gin-gonic/gin.(*Context).Next\n\t/go/pkg/mod/github.com/gin-gonic/gin@v1.11.0/context.go:192\ngithub.com/gin-gonic/gin.(*Engine).handleHTTPRequest\n\t/go/pkg/mod/github.com/gin-gonic/gin@v1.11.0/gin.go:689\ngithub.com/gin-gonic/gin.(*Engine).ServeHTTP\n\t/go/pkg/mod/github.com/gin-gonic/gin@v1.11.0/gin.go:643\nnet/http.serverHandler.ServeHTTP\n\t/usr/local/go/src/net/http/server.go:3340\nnet/http.(*conn).serve\n\t/usr/local/go/src/net/http/server.go:2109"}
{"level":"info","ts":1782639562.6137679,"caller":"logger/logger.go:106","msg":"Request served","request_id":"97e185081e01d2a2","status":200,"method":"GET","path":"/metrics","ip":"[IP-DISAMARKAN]","latency":0.000948726}
{"level":"warn","ts":1782639567.3189065,"caller":"logger/logger.go:116","msg":"Worker health check failed","worker":"speech","error":"rpc error: code = DeadlineExceeded desc = context deadline exceeded"}
{"level":"warn","ts":1782639567.3189719,"caller":"logger/logger.go:116","msg":"Circuit breaker transitioning to OPEN","name":"speech","failures":5}
{"level":"info","ts":1782639567.3203123,"caller":"logger/logger.go:106","msg":"Health check completed","vision":"HEALTHY","ocr":"HEALTHY","speech":"UNHEALTHY"}
{"level":"info","ts":1782639567.5800762,"caller":"logger/logger.go:106","msg":"Circuit breaker transitioning to CLOSED","name":"speech"}
{"level":"info","ts":1782639567.583752,"caller":"logger/logger.go:156","msg":"Experiment infer completed","request_id":"9c17244d71958627","request_id":"req-C1-static_resilience-run1-2-21-1782639513387-xd19lqih","scenario":"C1","condition":"static_resilience","run":1,"category":"full","latency_ms":54187}
{"level":"info","ts":1782639567.5837939,"caller":"logger/logger.go:106","msg":"Request served","request_id":"9c17244d71958627","status":200,"method":"POST","path":"/api/v1/infer","ip":"[IP-DISAMARKAN]","latency":54.192168124}
{"level":"info","ts":1782639567.6138918,"caller":"logger/logger.go:106","msg":"Request served","request_id":"5faa9f2a128adf91","status":200,"method":"GET","path":"/metrics","ip":"[IP-DISAMARKAN]","latency":0.001657698}
{"level":"error","ts":1782639571.0892475,"caller":"logger/logger.go:121","msg":"Server error","request_id":"7f9a37e1f11b80cd","status":503,"method":"GET","path":"/api/v1/health","ip":"::1","latency":5.096800935,"error":"","stacktrace":"temandifa-backend/internal/logger.Error\n\t/app/internal/logger/logger.go:121\nmain.NewHTTPServer.RequestLogger.func5\n\t/app/internal/middleware/request_logger.go:44\ngithub.com/gin-gonic/gin.(*Context).Next\n\t/go/pkg/mod/github.com/gin-gonic/gin@v1.11.0/context.go:192\nmain.NewHTTPServer.VersionMiddleware.func4\n\t/app/internal/middleware/versioning.go:35\ngithub.com/gin-gonic/gin.(*Context).Next\n\t/go/pkg/mod/github.com/gin-gonic/gin@v1.11.0/context.go:192\nmain.NewHTTPServer.RequestID.func3\n\t/app/internal/middleware/request_id.go:34\ngithub.com/gin-gonic/gin.(*Context).Next\n\t/go/pkg/mod/github.com/gin-gonic/gin@v1.11.0/context.go:192\nmain.NewHTTPServer.MaxBodySize.func2\n\t/app/internal/middleware/security.go:52\ngithub.com/gin-gonic/gin.(*Context).Next\n\t/go/pkg/mod/github.com/gin-gonic/gin@v1.11.0/context.go:192\nmain.NewHTTPServer.SecurityHeaders.func1\n\t/app/internal/middleware/security.go:36\ngithub.com/gin-gonic/gin.(*Context).Next\n\t/go/pkg/mod/github.com/gin-gonic/gin@v1.11.0/context.go:192\ngithub.com/gin-gonic/gin.(*Engine).handleHTTPRequest\n\t/go/pkg/mod/github.com/gin-gonic/gin@v1.11.0/gin.go:689\ngithub.com/gin-gonic/gin.(*Engine).ServeHTTP\n\t/go/pkg/mod/github.com/gin-gonic/gin@v1.11.0/gin.go:643\nnet/http.serverHandler.ServeHTTP\n\t/usr/local/go/src/net/http/server.go:3340\nnet/http.(*conn).serve\n\t/usr/local/go/src/net/http/server.go:2109"}
{"level":"info","ts":1782639572.6126807,"caller":"logger/logger.go:106","msg":"Request served","request_id":"692cb5637807399f","status":200,"method":"GET","path":"/metrics","ip":"[IP-DISAMARKAN]","latency":0.00080615}
{"level":"info","ts":1782639573.092981,"caller":"logger/logger.go:156","msg":"Experiment infer completed","request_id":"3c935bada4e774f3","request_id":"req-C1-static_resilience-run1-3-18-1782639526218-d3h2fz7y","scenario":"C1","condition":"static_resilience","run":1,"category":"full","latency_ms":46868}
{"level":"info","ts":1782639573.0930471,"caller":"logger/logger.go:106","msg":"Request served","request_id":"3c935bada4e774f3","status":200,"method":"POST","path":"/api/v1/infer","ip":"[IP-DISAMARKAN]","latency":46.870861631}
{"level":"info","ts":1782639577.613343,"caller":"logger/logger.go:106","msg":"Request served","request_id":"0d63c750fb840e1c","status":200,"method":"GET","path":"/metrics","ip":"[IP-DISAMARKAN]","latency":0.000881117}
{"level":"info","ts":1782639578.3816042,"caller":"logger/logger.go:156","msg":"Experiment infer completed","request_id":"8fbb9655c0fe9a75","request_id":"req-C1-static_resilience-run1-5-14-1782639527193-mugushdu","scenario":"C1","condition":"static_resilience","run":1,"category":"full","latency_ms":51182}
{"level":"info","ts":1782639578.3816555,"caller":"logger/logger.go:106","msg":"Request served","request_id":"8fbb9655c0fe9a75","status":200,"method":"POST","path":"/api/v1/infer","ip":"[IP-DISAMARKAN]","latency":51.184919424}
{"level":"warn","ts":1782639582.3188126,"caller":"logger/logger.go:116","msg":"Worker health check failed","worker":"speech","error":"rpc error: code = DeadlineExceeded desc = context deadline exceeded"}
{"level":"info","ts":1782639582.3191915,"caller":"logger/logger.go:106","msg":"Health check completed","vision":"HEALTHY","ocr":"HEALTHY","speech":"UNHEALTHY"}
{"level":"info","ts":1782639582.61313,"caller":"logger/logger.go:106","msg":"Request served","request_id":"f6ac22562c14498f","status":200,"method":"GET","path":"/metrics","ip":"[IP-DISAMARKAN]","latency":0.000913717}
{"level":"info","ts":1782639583.3944232,"caller":"logger/logger.go:156","msg":"Experiment infer completed","request_id":"0ae048f7f04c7697","request_id":"req-C1-static_resilience-run1-4-16-1782639552027-7x9oyw2s","scenario":"C1","condition":"static_resilience","run":1,"category":"full","latency_ms":31350}
{"level":"info","ts":1782639583.3944845,"caller":"logger/logger.go:106","msg":"Request served","request_id":"0ae048f7f04c7697","status":200,"method":"POST","path":"/api/v1/infer","ip":"[IP-DISAMARKAN]","latency":31.3642148}
{"level":"info","ts":1782639587.6134439,"caller":"logger/logger.go:106","msg":"Request served","request_id":"3e60aa0f6c7be8dc","status":200,"method":"GET","path":"/metrics","ip":"[IP-DISAMARKAN]","latency":0.000877439}
{"level":"info","ts":1782639588.482066,"caller":"logger/logger.go:156","msg":"Experiment infer completed","request_id":"adff1f30d0255311","request_id":"req-C1-static_resilience-run1-1-26-1782639560994-qfcoc06d","scenario":"C1","condition":"static_resilience","run":1,"category":"full","latency_ms":27481}
{"level":"info","ts":1782639588.482118,"caller":"logger/logger.go:106","msg":"Request served","request_id":"adff1f30d0255311","status":200,"method":"POST","path":"/api/v1/infer","ip":"[IP-DISAMARKAN]","latency":27.484629839}
{"level":"info","ts":1782639592.6131008,"caller":"logger/logger.go:106","msg":"Request served","request_id":"3f3f6d030fab1367","status":200,"method":"GET","path":"/metrics","ip":"[IP-DISAMARKAN]","latency":0.001006844}
{"level":"info","ts":1782639593.4929717,"caller":"logger/logger.go:156","msg":"Experiment infer completed","request_id":"78fe93ec57bd52e0","request_id":"req-C1-static_resilience-run1-2-22-1782639568586-9moesmq0","scenario":"C1","condition":"static_resilience","run":1,"category":"full","latency_ms":24900}
{"level":"info","ts":1782639593.4930425,"caller":"logger/logger.go:106","msg":"Request served","request_id":"78fe93ec57bd52e0","status":200,"method":"POST","path":"/api/v1/infer","ip":"[IP-DISAMARKAN]","latency":24.903080272}
{"level":"warn","ts":1782639597.3196626,"caller":"logger/logger.go:116","msg":"Worker health check failed","worker":"speech","error":"rpc error: code = DeadlineExceeded desc = context deadline exceeded"}
{"level":"info","ts":1782639597.3201008,"caller":"logger/logger.go:106","msg":"Health check completed","vision":"HEALTHY","ocr":"HEALTHY","speech":"UNHEALTHY"}
{"level":"info","ts":1782639597.6161087,"caller":"logger/logger.go:106","msg":"Request served","request_id":"1876417ff8e419fd","status":200,"method":"GET","path":"/metrics","ip":"[IP-DISAMARKAN]","latency":0.003750314}
{"level":"info","ts":1782639598.4987328,"caller":"logger/logger.go:156","msg":"Experiment infer completed","request_id":"dcec1d94aeda31cf","request_id":"req-C1-static_resilience-run1-3-19-1782639574095-ux3dv38t","scenario":"C1","condition":"static_resilience","run":1,"category":"full","latency_ms":24396}
{"level":"info","ts":1782639598.4987884,"caller":"logger/logger.go:106","msg":"Request served","request_id":"dcec1d94aeda31cf","status":200,"method":"POST","path":"/api/v1/infer","ip":"[IP-DISAMARKAN]","latency":24.398920114}
{"level":"info","ts":1782639602.6132956,"caller":"logger/logger.go:106","msg":"Request served","request_id":"4249f6623e9668dd","status":200,"method":"GET","path":"/metrics","ip":"[IP-DISAMARKAN]","latency":0.000984486}
{"level":"info","ts":1782639603.7815776,"caller":"logger/logger.go:156","msg":"Experiment infer completed","request_id":"9d920bbde4bc0e74","request_id":"req-C1-static_resilience-run1-5-15-1782639579385-uxhveedd","scenario":"C1","condition":"static_resilience","run":1,"category":"full","latency_ms":24387}
{"level":"info","ts":1782639603.7816293,"caller":"logger/logger.go:106","msg":"Request served","request_id":"9d920bbde4bc0e74","status":200,"method":"POST","path":"/api/v1/infer","ip":"[IP-DISAMARKAN]","latency":24.390178884}
{"level":"error","ts":1782639606.082346,"caller":"logger/logger.go:121","msg":"Server error","request_id":"8bb7a121c1e91bd1","status":503,"method":"GET","path":"/api/v1/health","ip":"::1","latency":5.013190767,"error":"","stacktrace":"temandifa-backend/internal/logger.Error\n\t/app/internal/logger/logger.go:121\nmain.NewHTTPServer.RequestLogger.func5\n\t/app/internal/middleware/request_logger.go:44\ngithub.com/gin-gonic/gin.(*Context).Next\n\t/go/pkg/mod/github.com/gin-gonic/gin@v1.11.0/context.go:192\nmain.NewHTTPServer.VersionMiddleware.func4\n\t/app/internal/middleware/versioning.go:35\ngithub.com/gin-gonic/gin.(*Context).Next\n\t/go/pkg/mod/github.com/gin-gonic/gin@v1.11.0/context.go:192\nmain.NewHTTPServer.RequestID.func3\n\t/app/internal/middleware/request_id.go:34\ngithub.com/gin-gonic/gin.(*Context).Next\n\t/go/pkg/mod/github.com/gin-gonic/gin@v1.11.0/context.go:192\nmain.NewHTTPServer.MaxBodySize.func2\n\t/app/internal/middleware/security.go:52\ngithub.com/gin-gonic/gin.(*Context).Next\n\t/go/pkg/mod/github.com/gin-gonic/gin@v1.11.0/context.go:192\nmain.NewHTTPServer.SecurityHeaders.func1\n\t/app/internal/middleware/security.go:36\ngithub.com/gin-gonic/gin.(*Context).Next\n\t/go/pkg/mod/github.com/gin-gonic/gin@v1.11.0/context.go:192\ngithub.com/gin-gonic/gin.(*Engine).handleHTTPRequest\n\t/go/pkg/mod/github.com/gin-gonic/gin@v1.11.0/gin.go:689\ngithub.com/gin-gonic/gin.(*Engine).ServeHTTP\n\t/go/pkg/mod/github.com/gin-gonic/gin@v1.11.0/gin.go:643\nnet/http.serverHandler.ServeHTTP\n\t/usr/local/go/src/net/http/server.go:3340\nnet/http.(*conn).serve\n\t/usr/local/go/src/net/http/server.go:2109"}
{"level":"info","ts":1782639607.613397,"caller":"logger/logger.go:106","msg":"Request served","request_id":"b8373fdf50df12c1","status":200,"method":"GET","path":"/metrics","ip":"[IP-DISAMARKAN]","latency":0.000913766}
{"level":"info","ts":1782639608.7820063,"caller":"logger/logger.go:156","msg":"Experiment infer completed","request_id":"1a9d89fb3e9fafd3","request_id":"req-C1-static_resilience-run1-4-17-1782639584396-3esg8p5m","scenario":"C1","condition":"static_resilience","run":1,"category":"full","latency_ms":24378}
{"level":"info","ts":1782639608.7820752,"caller":"logger/logger.go:106","msg":"Request served","request_id":"1a9d89fb3e9fafd3","status":200,"method":"POST","path":"/api/v1/infer","ip":"[IP-DISAMARKAN]","latency":24.382022132}
{"level":"warn","ts":1782639612.3189738,"caller":"logger/logger.go:116","msg":"Worker health check failed","worker":"speech","error":"rpc error: code = DeadlineExceeded desc = context deadline exceeded"}
{"level":"info","ts":1782639612.3193483,"caller":"logger/logger.go:106","msg":"Health check completed","vision":"HEALTHY","ocr":"HEALTHY","speech":"UNHEALTHY"}
{"level":"info","ts":1782639612.613334,"caller":"logger/logger.go:106","msg":"Request served","request_id":"064f4473661add54","status":200,"method":"GET","path":"/metrics","ip":"[IP-DISAMARKAN]","latency":0.001067223}
{"level":"info","ts":1782639613.8811755,"caller":"logger/logger.go:156","msg":"Experiment infer completed","request_id":"b574e975f76f5c37","request_id":"req-C1-static_resilience-run1-1-27-1782639589485-j7ccvrqh","scenario":"C1","condition":"static_resilience","run":1,"category":"full","latency_ms":24388}
{"level":"info","ts":1782639613.8812973,"caller":"logger/logger.go:106","msg":"Request served","request_id":"b574e975f76f5c37","status":200,"method":"POST","path":"/api/v1/infer","ip":"[IP-DISAMARKAN]","latency":24.391439004}
{"level":"info","ts":1782639617.6128328,"caller":"logger/logger.go:106","msg":"Request served","request_id":"72515a7945cab6d3","status":200,"method":"GET","path":"/metrics","ip":"[IP-DISAMARKAN]","latency":0.000937336}
{"level":"info","ts":1782639618.8963358,"caller":"logger/logger.go:156","msg":"Experiment infer completed","request_id":"79e3754d4091321c","request_id":"req-C1-static_resilience-run1-2-23-1782639594495-7rv9sk2g","scenario":"C1","condition":"static_resilience","run":1,"category":"full","latency_ms":24393}
{"level":"info","ts":1782639618.8963883,"caller":"logger/logger.go:106","msg":"Request served","request_id":"79e3754d4091321c","status":200,"method":"POST","path":"/api/v1/infer","ip":"[IP-DISAMARKAN]","latency":24.396576651}
{"level":"info","ts":1782639622.6135352,"caller":"logger/logger.go:106","msg":"Request served","request_id":"f60f3354474d642c","status":200,"method":"GET","path":"/metrics","ip":"[IP-DISAMARKAN]","latency":0.000910267}
{"level":"info","ts":1782639623.8881526,"caller":"logger/logger.go:156","msg":"Experiment infer completed","request_id":"ede3451f5afbac38","request_id":"req-C1-static_resilience-run1-3-20-1782639599500-3trd633s","scenario":"C1","condition":"static_resilience","run":1,"category":"full","latency_ms":24381}
{"level":"info","ts":1782639623.8882039,"caller":"logger/logger.go:106","msg":"Request served","request_id":"ede3451f5afbac38","status":200,"method":"POST","path":"/api/v1/infer","ip":"[IP-DISAMARKAN]","latency":24.384079994}
{"level":"warn","ts":1782639627.3192904,"caller":"logger/logger.go:116","msg":"Worker health check failed","worker":"speech","error":"rpc error: code = DeadlineExceeded desc = context deadline exceeded"}
{"level":"info","ts":1782639627.3195136,"caller":"logger/logger.go:106","msg":"Health check completed","vision":"HEALTHY","ocr":"HEALTHY","speech":"UNHEALTHY"}
{"level":"info","ts":1782639627.6135733,"caller":"logger/logger.go:106","msg":"Request served","request_id":"b2c911e6e71baaf6","status":200,"method":"GET","path":"/metrics","ip":"[IP-DISAMARKAN]","latency":0.000878996}
{"level":"info","ts":1782639628.99415,"caller":"logger/logger.go:156","msg":"Experiment infer completed","request_id":"224c3bdc9608dcf8","request_id":"req-C1-static_resilience-run1-5-16-1782639604784-1utpaonl","scenario":"C1","condition":"static_resilience","run":1,"category":"full","latency_ms":24201}
{"level":"info","ts":1782639628.9942017,"caller":"logger/logger.go:106","msg":"Request served","request_id":"224c3bdc9608dcf8","status":200,"method":"POST","path":"/api/v1/infer","ip":"[IP-DISAMARKAN]","latency":24.205956614}
{"level":"info","ts":1782639632.612801,"caller":"logger/logger.go:106","msg":"Request served","request_id":"3856d266c11637b0","status":200,"method":"GET","path":"/metrics","ip":"[IP-DISAMARKAN]","latency":0.00081481}
{"level":"info","ts":1782639634.2873085,"caller":"logger/logger.go:156","msg":"Experiment infer completed","request_id":"0107cbf002c18b35","request_id":"req-C1-static_resilience-run1-4-18-1782639609785-0fenadi3","scenario":"C1","condition":"static_resilience","run":1,"category":"full","latency_ms":24493}
{"level":"info","ts":1782639634.28736,"caller":"logger/logger.go:106","msg":"Request served","request_id":"0107cbf002c18b35","status":200,"method":"POST","path":"/api/v1/infer","ip":"[IP-DISAMARKAN]","latency":24.498972437}
{"level":"info","ts":1782639637.6129825,"caller":"logger/logger.go:106","msg":"Request served","request_id":"e9722940c6e3b796","status":200,"method":"GET","path":"/metrics","ip":"[IP-DISAMARKAN]","latency":0.000897456}
{"level":"info","ts":1782639639.2810502,"caller":"logger/logger.go:156","msg":"Experiment infer completed","request_id":"726daa95d24f5769","request_id":"req-C1-static_resilience-run1-1-28-1782639614883-i8vpe33v","scenario":"C1","condition":"static_resilience","run":1,"category":"full","latency_ms":24388}
{"level":"info","ts":1782639639.281104,"caller":"logger/logger.go:106","msg":"Request served","request_id":"726daa95d24f5769","status":200,"method":"POST","path":"/api/v1/infer","ip":"[IP-DISAMARKAN]","latency":24.392605486}
{"level":"error","ts":1782639641.1785614,"caller":"logger/logger.go:121","msg":"Server error","request_id":"e151a42a2054bd14","status":503,"method":"GET","path":"/api/v1/health","ip":"::1","latency":5.042574861,"error":"","stacktrace":"temandifa-backend/internal/logger.Error\n\t/app/internal/logger/logger.go:121\nmain.NewHTTPServer.RequestLogger.func5\n\t/app/internal/middleware/request_logger.go:44\ngithub.com/gin-gonic/gin.(*Context).Next\n\t/go/pkg/mod/github.com/gin-gonic/gin@v1.11.0/context.go:192\nmain.NewHTTPServer.VersionMiddleware.func4\n\t/app/internal/middleware/versioning.go:35\ngithub.com/gin-gonic/gin.(*Context).Next\n\t/go/pkg/mod/github.com/gin-gonic/gin@v1.11.0/context.go:192\nmain.NewHTTPServer.RequestID.func3\n\t/app/internal/middleware/request_id.go:34\ngithub.com/gin-gonic/gin.(*Context).Next\n\t/go/pkg/mod/github.com/gin-gonic/gin@v1.11.0/context.go:192\nmain.NewHTTPServer.MaxBodySize.func2\n\t/app/internal/middleware/security.go:52\ngithub.com/gin-gonic/gin.(*Context).Next\n\t/go/pkg/mod/github.com/gin-gonic/gin@v1.11.0/context.go:192\nmain.NewHTTPServer.SecurityHeaders.func1\n\t/app/internal/middleware/security.go:36\ngithub.com/gin-gonic/gin.(*Context).Next\n\t/go/pkg/mod/github.com/gin-gonic/gin@v1.11.0/context.go:192\ngithub.com/gin-gonic/gin.(*Engine).handleHTTPRequest\n\t/go/pkg/mod/github.com/gin-gonic/gin@v1.11.0/gin.go:689\ngithub.com/gin-gonic/gin.(*Engine).ServeHTTP\n\t/go/pkg/mod/github.com/gin-gonic/gin@v1.11.0/gin.go:643\nnet/http.serverHandler.ServeHTTP\n\t/usr/local/go/src/net/http/server.go:3340\nnet/http.(*conn).serve\n\t/usr/local/go/src/net/http/server.go:2109"}
{"level":"warn","ts":1782639642.319036,"caller":"logger/logger.go:116","msg":"Worker health check failed","worker":"speech","error":"rpc error: code = DeadlineExceeded desc = context deadline exceeded"}
{"level":"info","ts":1782639642.3192477,"caller":"logger/logger.go:106","msg":"Health check completed","vision":"HEALTHY","ocr":"HEALTHY","speech":"UNHEALTHY"}
{"level":"info","ts":1782639642.613281,"caller":"logger/logger.go:106","msg":"Request served","request_id":"0088bdc6932cb71b","status":200,"method":"GET","path":"/metrics","ip":"[IP-DISAMARKAN]","latency":0.000926456}
{"level":"info","ts":1782639644.200127,"caller":"logger/logger.go:156","msg":"Experiment infer completed","request_id":"1ed1440a2d2ce001","request_id":"req-C1-static_resilience-run1-2-24-1782639619898-sluo1w9l","scenario":"C1","condition":"static_resilience","run":1,"category":"full","latency_ms":24295}
{"level":"info","ts":1782639644.200178,"caller":"logger/logger.go:106","msg":"Request served","request_id":"1ed1440a2d2ce001","status":200,"method":"POST","path":"/api/v1/infer","ip":"[IP-DISAMARKAN]","latency":24.298400278}
{"level":"info","ts":1782639647.6130567,"caller":"logger/logger.go:106","msg":"Request served","request_id":"04e350d71f2c8c23","status":200,"method":"GET","path":"/metrics","ip":"[IP-DISAMARKAN]","latency":0.000935726}
{"level":"info","ts":1782639649.2863011,"caller":"logger/logger.go:156","msg":"Experiment infer completed","request_id":"055f67b9a5d0c2f8","request_id":"req-C1-static_resilience-run1-3-21-1782639624890-ky64hefi","scenario":"C1","condition":"static_resilience","run":1,"category":"full","latency_ms":24386}
{"level":"info","ts":1782639649.286352,"caller":"logger/logger.go:106","msg":"Request served","request_id":"055f67b9a5d0c2f8","status":200,"method":"POST","path":"/api/v1/infer","ip":"[IP-DISAMARKAN]","latency":24.391400888}
{"level":"info","ts":1782639652.6131837,"caller":"logger/logger.go:106","msg":"Request served","request_id":"4ecd99b9a7f56313","status":200,"method":"GET","path":"/metrics","ip":"[IP-DISAMARKAN]","latency":0.000877257}
{"level":"info","ts":1782639654.2882836,"caller":"logger/logger.go:156","msg":"Experiment infer completed","request_id":"f9b4260d3fd39078","request_id":"req-C1-static_resilience-run1-5-17-1782639629996-s6cmvc9g","scenario":"C1","condition":"static_resilience","run":1,"category":"full","latency_ms":24286}
{"level":"info","ts":1782639654.288336,"caller":"logger/logger.go:106","msg":"Request served","request_id":"f9b4260d3fd39078","status":200,"method":"POST","path":"/api/v1/infer","ip":"[IP-DISAMARKAN]","latency":24.288076005}
{"level":"warn","ts":1782639657.31849,"caller":"logger/logger.go:116","msg":"Worker health check failed","worker":"speech","error":"rpc error: code = DeadlineExceeded desc = context deadline exceeded"}
{"level":"info","ts":1782639657.3187459,"caller":"logger/logger.go:106","msg":"Health check completed","vision":"HEALTHY","ocr":"HEALTHY","speech":"UNHEALTHY"}
{"level":"info","ts":1782639657.6127813,"caller":"logger/logger.go:106","msg":"Request served","request_id":"7f7f8a99c7153bb8","status":200,"method":"GET","path":"/metrics","ip":"[IP-DISAMARKAN]","latency":0.000912647}
{"level":"info","ts":1782639659.2946603,"caller":"logger/logger.go:156","msg":"Experiment infer completed","request_id":"ee8c4ab7f26b907a","request_id":"req-C1-static_resilience-run1-4-19-1782639635290-vqcmknd7","scenario":"C1","condition":"static_resilience","run":1,"category":"full","latency_ms":23997}
{"level":"info","ts":1782639659.2947106,"caller":"logger/logger.go:106","msg":"Request served","request_id":"ee8c4ab7f26b907a","status":200,"method":"POST","path":"/api/v1/infer","ip":"[IP-DISAMARKAN]","latency":24.00037469}
{"level":"info","ts":1782639662.6127925,"caller":"logger/logger.go:106","msg":"Request served","request_id":"ef8f95cf525b3b49","status":200,"method":"GET","path":"/metrics","ip":"[IP-DISAMARKAN]","latency":0.000863558}
{"level":"info","ts":1782639664.5846772,"caller":"logger/logger.go:156","msg":"Experiment infer completed","request_id":"6e4ffead2426923b","request_id":"req-C1-static_resilience-run1-1-29-1782639640283-qx6c0g8t","scenario":"C1","condition":"static_resilience","run":1,"category":"full","latency_ms":24293}
{"level":"info","ts":1782639664.5847297,"caller":"logger/logger.go:106","msg":"Request served","request_id":"6e4ffead2426923b","status":200,"method":"POST","path":"/api/v1/infer","ip":"[IP-DISAMARKAN]","latency":24.298054645}
{"level":"info","ts":1782639667.6137047,"caller":"logger/logger.go:106","msg":"Request served","request_id":"4e78d90518f95c2a","status":200,"method":"GET","path":"/metrics","ip":"[IP-DISAMARKAN]","latency":0.000879737}
{"level":"info","ts":1782639669.5841744,"caller":"logger/logger.go:156","msg":"Experiment infer completed","request_id":"d9d70f1c4be23006","request_id":"req-C1-static_resilience-run1-2-25-1782639645202-xn2v9q44","scenario":"C1","condition":"static_resilience","run":1,"category":"full","latency_ms":24376}
{"level":"info","ts":1782639669.5842285,"caller":"logger/logger.go:106","msg":"Request served","request_id":"d9d70f1c4be23006","status":200,"method":"POST","path":"/api/v1/infer","ip":"[IP-DISAMARKAN]","latency":24.378898918}
{"level":"warn","ts":1782639672.3195982,"caller":"logger/logger.go:116","msg":"Worker health check failed","worker":"speech","error":"rpc error: code = DeadlineExceeded desc = context deadline exceeded"}
{"level":"info","ts":1782639672.3200595,"caller":"logger/logger.go:106","msg":"Health check completed","vision":"HEALTHY","ocr":"HEALTHY","speech":"UNHEALTHY"}
{"level":"info","ts":1782639672.613612,"caller":"logger/logger.go:106","msg":"Request served","request_id":"7e0b5b3c2fd4fea8","status":200,"method":"GET","path":"/metrics","ip":"[IP-DISAMARKAN]","latency":0.000945665}
{"level":"info","ts":1782639674.5967944,"caller":"logger/logger.go:156","msg":"Experiment infer completed","request_id":"a3ca42b314b94b44","request_id":"req-C1-static_resilience-run1-3-22-1782639650288-k1lkuxnz","scenario":"C1","condition":"static_resilience","run":1,"category":"full","latency_ms":24298}
{"level":"info","ts":1782639674.5968418,"caller":"logger/logger.go:106","msg":"Request served","request_id":"a3ca42b314b94b44","status":200,"method":"POST","path":"/api/v1/infer","ip":"[IP-DISAMARKAN]","latency":24.302838607}
{"level":"error","ts":1782639676.208638,"caller":"logger/logger.go:121","msg":"Server error","request_id":"3837b2d0f1a5bd8b","status":503,"method":"GET","path":"/api/v1/health","ip":"::1","latency":5.009773966,"error":"","stacktrace":"temandifa-backend/internal/logger.Error\n\t/app/internal/logger/logger.go:121\nmain.NewHTTPServer.RequestLogger.func5\n\t/app/internal/middleware/request_logger.go:44\ngithub.com/gin-gonic/gin.(*Context).Next\n\t/go/pkg/mod/github.com/gin-gonic/gin@v1.11.0/context.go:192\nmain.NewHTTPServer.VersionMiddleware.func4\n\t/app/internal/middleware/versioning.go:35\ngithub.com/gin-gonic/gin.(*Context).Next\n\t/go/pkg/mod/github.com/gin-gonic/gin@v1.11.0/context.go:192\nmain.NewHTTPServer.RequestID.func3\n\t/app/internal/middleware/request_id.go:34\ngithub.com/gin-gonic/gin.(*Context).Next\n\t/go/pkg/mod/github.com/gin-gonic/gin@v1.11.0/context.go:192\nmain.NewHTTPServer.MaxBodySize.func2\n\t/app/internal/middleware/security.go:52\ngithub.com/gin-gonic/gin.(*Context).Next\n\t/go/pkg/mod/github.com/gin-gonic/gin@v1.11.0/context.go:192\nmain.NewHTTPServer.SecurityHeaders.func1\n\t/app/internal/middleware/security.go:36\ngithub.com/gin-gonic/gin.(*Context).Next\n\t/go/pkg/mod/github.com/gin-gonic/gin@v1.11.0/context.go:192\ngithub.com/gin-gonic/gin.(*Engine).handleHTTPRequest\n\t/go/pkg/mod/github.com/gin-gonic/gin@v1.11.0/gin.go:689\ngithub.com/gin-gonic/gin.(*Engine).ServeHTTP\n\t/go/pkg/mod/github.com/gin-gonic/gin@v1.11.0/gin.go:643\nnet/http.serverHandler.ServeHTTP\n\t/usr/local/go/src/net/http/server.go:3340\nnet/http.(*conn).serve\n\t/usr/local/go/src/net/http/server.go:2109"}
{"level":"info","ts":1782639677.6130795,"caller":"logger/logger.go:106","msg":"Request served","request_id":"8b60950e047f15e8","status":200,"method":"GET","path":"/metrics","ip":"[IP-DISAMARKAN]","latency":0.000858447}
{"level":"info","ts":1782639679.5934684,"caller":"logger/logger.go:156","msg":"Experiment infer completed","request_id":"85c8b89bffc5fd6f","request_id":"req-C1-static_resilience-run1-5-18-1782639655290-tx325e0v","scenario":"C1","condition":"static_resilience","run":1,"category":"full","latency_ms":24295}
{"level":"info","ts":1782639679.5935175,"caller":"logger/logger.go:106","msg":"Request served","request_id":"85c8b89bffc5fd6f","status":200,"method":"POST","path":"/api/v1/infer","ip":"[IP-DISAMARKAN]","latency":24.298990008}