{"level":"info","ts":1782681985.9860609,"caller":"logger/logger.go:106","msg":"Request served","request_id":"req-C2-treatment-run1-4-222-1782681985967-r9xi7li8","status":200,"method":"POST","path":"/api/v1/infer","ip":"[IP-DISAMARKAN]","latency":0.015556031}
{"level":"info","ts":1782681986.2624063,"caller":"logger/logger.go:156","msg":"Experiment infer completed","request_id":"req-C2-treatment-run1-2-214-1782681986166-cu1gypra","request_id":"req-C2-treatment-run1-2-214-1782681986166-cu1gypra","scenario":"C2","condition":"treatment","run":1,"category":"partial","latency_ms":87}
{"level":"info","ts":1782681986.2624583,"caller":"logger/logger.go:106","msg":"Request served","request_id":"req-C2-treatment-run1-2-214-1782681986166-cu1gypra","status":200,"method":"POST","path":"/api/v1/infer","ip":"[IP-DISAMARKAN]","latency":0.090897044}
{"level":"info","ts":1782681986.4651105,"caller":"logger/logger.go:156","msg":"Experiment infer completed","request_id":"req-C2-treatment-run1-5-226-1782681986369-d4gkxe9d","request_id":"req-C2-treatment-run1-5-226-1782681986369-d4gkxe9d","scenario":"C2","condition":"treatment","run":1,"category":"partial","latency_ms":88}
{"level":"info","ts":1782681986.465163,"caller":"logger/logger.go:106","msg":"Request served","request_id":"req-C2-treatment-run1-5-226-1782681986369-d4gkxe9d","status":200,"method":"POST","path":"/api/v1/infer","ip":"[IP-DISAMARKAN]","latency":0.091354533}
{"level":"info","ts":1782681986.6583538,"caller":"logger/logger.go:156","msg":"Experiment infer completed","request_id":"req-C2-treatment-run1-3-215-1782681986564-qpvravfk","request_id":"req-C2-treatment-run1-3-215-1782681986564-qpvravfk","scenario":"C2","condition":"treatment","run":1,"category":"partial","latency_ms":88}
{"level":"info","ts":1782681986.6584048,"caller":"logger/logger.go:106","msg":"Request served","request_id":"req-C2-treatment-run1-3-215-1782681986564-qpvravfk","status":200,"method":"POST","path":"/api/v1/infer","ip":"[IP-DISAMARKAN]","latency":0.090823227}
{"level":"info","ts":1782681986.8642788,"caller":"logger/logger.go:156","msg":"Experiment infer completed","request_id":"req-C2-treatment-run1-1-228-1782681986770-w1apoklp","request_id":"req-C2-treatment-run1-1-228-1782681986770-w1apoklp","scenario":"C2","condition":"treatment","run":1,"category":"partial","latency_ms":88}
{"level":"info","ts":1782681986.8643343,"caller":"logger/logger.go:106","msg":"Request served","request_id":"req-C2-treatment-run1-1-228-1782681986770-w1apoklp","status":200,"method":"POST","path":"/api/v1/infer","ip":"[IP-DISAMARKAN]","latency":0.090872705}
{"level":"info","ts":1782681987.0678246,"caller":"logger/logger.go:156","msg":"Experiment infer completed","request_id":"req-C2-treatment-run1-4-223-1782681986988-u2ltdgxr","request_id":"req-C2-treatment-run1-4-223-1782681986988-u2ltdgxr","scenario":"C2","condition":"treatment","run":1,"category":"partial","latency_ms":73}
{"level":"info","ts":1782681987.0678782,"caller":"logger/logger.go:106","msg":"Request served","request_id":"req-C2-treatment-run1-4-223-1782681986988-u2ltdgxr","status":200,"method":"POST","path":"/api/v1/infer","ip":"[IP-DISAMARKAN]","latency":0.076502674}
{"level":"info","ts":1782681987.2842078,"caller":"logger/logger.go:156","msg":"Experiment infer completed","request_id":"req-C2-treatment-run1-2-215-1782681987264-vf3edwft","request_id":"req-C2-treatment-run1-2-215-1782681987264-vf3edwft","scenario":"C2","condition":"treatment","run":1,"category":"partial","latency_ms":13}
{"level":"info","ts":1782681987.2842546,"caller":"logger/logger.go:106","msg":"Request served","request_id":"req-C2-treatment-run1-2-215-1782681987264-vf3edwft","status":200,"method":"POST","path":"/api/v1/infer","ip":"[IP-DISAMARKAN]","latency":0.015489852}
{"level":"info","ts":1782681987.5625315,"caller":"logger/logger.go:156","msg":"Experiment infer completed","request_id":"req-C2-treatment-run1-5-227-1782681987467-2c41g14m","request_id":"req-C2-treatment-run1-5-227-1782681987467-2c41g14m","scenario":"C2","condition":"treatment","run":1,"category":"partial","latency_ms":88}
{"level":"info","ts":1782681987.5628433,"caller":"logger/logger.go:106","msg":"Request served","request_id":"req-C2-treatment-run1-5-227-1782681987467-2c41g14m","status":200,"method":"POST","path":"/api/v1/infer","ip":"[IP-DISAMARKAN]","latency":0.091633515}
{"level":"info","ts":1782681987.612629,"caller":"logger/logger.go:106","msg":"Request served","request_id":"eef4a2233f738eb4","status":200,"method":"GET","path":"/metrics","ip":"[IP-DISAMARKAN]","latency":0.000861367}
{"level":"info","ts":1782681987.6812685,"caller":"logger/logger.go:156","msg":"Experiment infer completed","request_id":"req-C2-treatment-run1-3-216-1782681987660-nx0ycwr3","request_id":"req-C2-treatment-run1-3-216-1782681987660-nx0ycwr3","scenario":"C2","condition":"treatment","run":1,"category":"partial","latency_ms":14}
{"level":"info","ts":1782681987.6813126,"caller":"logger/logger.go:106","msg":"Request served","request_id":"req-C2-treatment-run1-3-216-1782681987660-nx0ycwr3","status":200,"method":"POST","path":"/api/v1/infer","ip":"[IP-DISAMARKAN]","latency":0.017188238}
{"level":"info","ts":1782681987.9616122,"caller":"logger/logger.go:156","msg":"Experiment infer completed","request_id":"req-C2-treatment-run1-1-229-1782681987866-kg8wusd6","request_id":"req-C2-treatment-run1-1-229-1782681987866-kg8wusd6","scenario":"C2","condition":"treatment","run":1,"category":"partial","latency_ms":88}
{"level":"info","ts":1782681987.9616635,"caller":"logger/logger.go:106","msg":"Request served","request_id":"req-C2-treatment-run1-1-229-1782681987866-kg8wusd6","status":200,"method":"POST","path":"/api/v1/infer","ip":"[IP-DISAMARKAN]","latency":0.091702654}
{"level":"info","ts":1782681988.1629913,"caller":"logger/logger.go:156","msg":"Experiment infer completed","request_id":"req-C2-treatment-run1-4-224-1782681988069-70sp8t03","request_id":"req-C2-treatment-run1-4-224-1782681988069-70sp8t03","scenario":"C2","condition":"treatment","run":1,"category":"partial","latency_ms":87}
{"level":"info","ts":1782681988.1630561,"caller":"logger/logger.go:106","msg":"Request served","request_id":"req-C2-treatment-run1-4-224-1782681988069-70sp8t03","status":200,"method":"POST","path":"/api/v1/infer","ip":"[IP-DISAMARKAN]","latency":0.089844881}
{"level":"info","ts":1782681988.3685284,"caller":"logger/logger.go:156","msg":"Experiment infer completed","request_id":"req-C2-treatment-run1-2-216-1782681988286-rgnhca7z","request_id":"req-C2-treatment-run1-2-216-1782681988286-rgnhca7z","scenario":"C2","condition":"treatment","run":1,"category":"partial","latency_ms":75}
{"level":"info","ts":1782681988.3687756,"caller":"logger/logger.go:106","msg":"Request served","request_id":"req-C2-treatment-run1-2-216-1782681988286-rgnhca7z","status":200,"method":"POST","path":"/api/v1/infer","ip":"[IP-DISAMARKAN]","latency":0.078824995}
{"level":"info","ts":1782681988.5837328,"caller":"logger/logger.go:156","msg":"Experiment infer completed","request_id":"req-C2-treatment-run1-5-228-1782681988564-jof4bemp","request_id":"req-C2-treatment-run1-5-228-1782681988564-jof4bemp","scenario":"C2","condition":"treatment","run":1,"category":"partial","latency_ms":12}
{"level":"info","ts":1782681988.5837803,"caller":"logger/logger.go:106","msg":"Request served","request_id":"req-C2-treatment-run1-5-228-1782681988564-jof4bemp","status":200,"method":"POST","path":"/api/v1/infer","ip":"[IP-DISAMARKAN]","latency":0.015484602}
{"level":"info","ts":1782681988.7691715,"caller":"logger/logger.go:156","msg":"Experiment infer completed","request_id":"req-C2-treatment-run1-3-217-1782681988683-q1z4ftzb","request_id":"req-C2-treatment-run1-3-217-1782681988683-q1z4ftzb","scenario":"C2","condition":"treatment","run":1,"category":"partial","latency_ms":79}
{"level":"info","ts":1782681988.7694895,"caller":"logger/logger.go:106","msg":"Request served","request_id":"req-C2-treatment-run1-3-217-1782681988683-q1z4ftzb","status":200,"method":"POST","path":"/api/v1/infer","ip":"[IP-DISAMARKAN]","latency":0.082820472}
{"level":"info","ts":1782681988.9831142,"caller":"logger/logger.go:156","msg":"Experiment infer completed","request_id":"req-C2-treatment-run1-1-230-1782681988964-q5ajk8az","request_id":"req-C2-treatment-run1-1-230-1782681988964-q5ajk8az","scenario":"C2","condition":"treatment","run":1,"category":"partial","latency_ms":13}
{"level":"info","ts":1782681988.9831665,"caller":"logger/logger.go:106","msg":"Request served","request_id":"req-C2-treatment-run1-1-230-1782681988964-q5ajk8az","status":200,"method":"POST","path":"/api/v1/infer","ip":"[IP-DISAMARKAN]","latency":0.016259481}
{"level":"info","ts":1782681989.2593946,"caller":"logger/logger.go:156","msg":"Experiment infer completed","request_id":"req-C2-treatment-run1-4-225-1782681989165-e4kwlf6r","request_id":"req-C2-treatment-run1-4-225-1782681989165-e4kwlf6r","scenario":"C2","condition":"treatment","run":1,"category":"partial","latency_ms":88}
{"level":"info","ts":1782681989.2594469,"caller":"logger/logger.go:106","msg":"Request served","request_id":"req-C2-treatment-run1-4-225-1782681989165-e4kwlf6r","status":200,"method":"POST","path":"/api/v1/infer","ip":"[IP-DISAMARKAN]","latency":0.091116808}
{"level":"info","ts":1782681989.4649198,"caller":"logger/logger.go:156","msg":"Experiment infer completed","request_id":"req-C2-treatment-run1-2-217-1782681989370-ee6na9yn","request_id":"req-C2-treatment-run1-2-217-1782681989370-ee6na9yn","scenario":"C2","condition":"treatment","run":1,"category":"partial","latency_ms":87}
{"level":"info","ts":1782681989.464968,"caller":"logger/logger.go:106","msg":"Request served","request_id":"req-C2-treatment-run1-2-217-1782681989370-ee6na9yn","status":200,"method":"POST","path":"/api/v1/infer","ip":"[IP-DISAMARKAN]","latency":0.090181843}
{"level":"info","ts":1782681989.6677077,"caller":"logger/logger.go:156","msg":"Experiment infer completed","request_id":"req-C2-treatment-run1-5-229-1782681989586-0k2cos28","request_id":"req-C2-treatment-run1-5-229-1782681989586-0k2cos28","scenario":"C2","condition":"treatment","run":1,"category":"partial","latency_ms":75}
{"level":"info","ts":1782681989.667971,"caller":"logger/logger.go:106","msg":"Request served","request_id":"req-C2-treatment-run1-5-229-1782681989586-0k2cos28","status":200,"method":"POST","path":"/api/v1/infer","ip":"[IP-DISAMARKAN]","latency":0.078372605}
{"level":"info","ts":1782681989.8646386,"caller":"logger/logger.go:156","msg":"Experiment infer completed","request_id":"req-C2-treatment-run1-3-218-1782681989771-7okhvowd","request_id":"req-C2-treatment-run1-3-218-1782681989771-7okhvowd","scenario":"C2","condition":"treatment","run":1,"category":"partial","latency_ms":87}
{"level":"info","ts":1782681989.8646877,"caller":"logger/logger.go:106","msg":"Request served","request_id":"req-C2-treatment-run1-3-218-1782681989771-7okhvowd","status":200,"method":"POST","path":"/api/v1/infer","ip":"[IP-DISAMARKAN]","latency":0.090335739}
{"level":"info","ts":1782681990.3624792,"caller":"logger/logger.go:156","msg":"Experiment infer completed","request_id":"req-C2-treatment-run1-1-231-1782681989984-jqwc5sem","request_id":"req-C2-treatment-run1-1-231-1782681989984-jqwc5sem","scenario":"C2","condition":"treatment","run":1,"category":"partial","latency_ms":372}
{"level":"info","ts":1782681990.3625305,"caller":"logger/logger.go:106","msg":"Request served","request_id":"req-C2-treatment-run1-1-231-1782681989984-jqwc5sem","status":200,"method":"POST","path":"/api/v1/infer","ip":"[IP-DISAMARKAN]","latency":0.374933776}
{"level":"info","ts":1782681990.374466,"caller":"logger/logger.go:156","msg":"Experiment infer completed","request_id":"req-C2-treatment-run1-4-226-1782681990262-wxg92elf","request_id":"req-C2-treatment-run1-4-226-1782681990262-wxg92elf","scenario":"C2","condition":"treatment","run":1,"category":"partial","latency_ms":106}
{"level":"info","ts":1782681990.3745105,"caller":"logger/logger.go:106","msg":"Request served","request_id":"req-C2-treatment-run1-4-226-1782681990262-wxg92elf","status":200,"method":"POST","path":"/api/v1/infer","ip":"[IP-DISAMARKAN]","latency":0.108272998}
{"level":"info","ts":1782681990.5617642,"caller":"logger/logger.go:156","msg":"Experiment infer completed","request_id":"req-C2-treatment-run1-2-218-1782681990467-lzlh1jzg","request_id":"req-C2-treatment-run1-2-218-1782681990467-lzlh1jzg","scenario":"C2","condition":"treatment","run":1,"category":"partial","latency_ms":88}
{"level":"info","ts":1782681990.5618138,"caller":"logger/logger.go:106","msg":"Request served","request_id":"req-C2-treatment-run1-2-218-1782681990467-lzlh1jzg","status":200,"method":"POST","path":"/api/v1/infer","ip":"[IP-DISAMARKAN]","latency":0.090703589}
{"level":"info","ts":1782681990.7653587,"caller":"logger/logger.go:156","msg":"Experiment infer completed","request_id":"req-C2-treatment-run1-5-230-1782681990670-e2lssxdx","request_id":"req-C2-treatment-run1-5-230-1782681990670-e2lssxdx","scenario":"C2","condition":"treatment","run":1,"category":"partial","latency_ms":87}
{"level":"info","ts":1782681990.7654045,"caller":"logger/logger.go:106","msg":"Request served","request_id":"req-C2-treatment-run1-5-230-1782681990670-e2lssxdx","status":200,"method":"POST","path":"/api/v1/infer","ip":"[IP-DISAMARKAN]","latency":0.090404278}
{"level":"info","ts":1782681990.9610562,"caller":"logger/logger.go:156","msg":"Experiment infer completed","request_id":"req-C2-treatment-run1-3-219-1782681990867-8mzcod0g","request_id":"req-C2-treatment-run1-3-219-1782681990867-8mzcod0g","scenario":"C2","condition":"treatment","run":1,"category":"partial","latency_ms":87}
{"level":"info","ts":1782681990.961281,"caller":"logger/logger.go:106","msg":"Request served","request_id":"req-C2-treatment-run1-3-219-1782681990867-8mzcod0g","status":200,"method":"POST","path":"/api/v1/infer","ip":"[IP-DISAMARKAN]","latency":0.090720819}
{"level":"info","ts":1782681991.3867388,"caller":"logger/logger.go:156","msg":"Experiment infer completed","request_id":"req-C2-treatment-run1-1-232-1782681991364-nwtif5oa","request_id":"req-C2-treatment-run1-1-232-1782681991364-nwtif5oa","scenario":"C2","condition":"treatment","run":1,"category":"partial","latency_ms":17}
{"level":"info","ts":1782681991.3867848,"caller":"logger/logger.go:106","msg":"Request served","request_id":"req-C2-treatment-run1-1-232-1782681991364-nwtif5oa","status":200,"method":"POST","path":"/api/v1/infer","ip":"[IP-DISAMARKAN]","latency":0.020058114}
{"level":"info","ts":1782681991.399199,"caller":"logger/logger.go:156","msg":"Experiment infer completed","request_id":"req-C2-treatment-run1-4-227-1782681991376-fmn0t9rw","request_id":"req-C2-treatment-run1-4-227-1782681991376-fmn0t9rw","scenario":"C2","condition":"treatment","run":1,"category":"partial","latency_ms":17}
{"level":"info","ts":1782681991.3992352,"caller":"logger/logger.go:106","msg":"Request served","request_id":"req-C2-treatment-run1-4-227-1782681991376-fmn0t9rw","status":200,"method":"POST","path":"/api/v1/infer","ip":"[IP-DISAMARKAN]","latency":0.019904588}
{"level":"info","ts":1782681991.6603029,"caller":"logger/logger.go:156","msg":"Experiment infer completed","request_id":"req-C2-treatment-run1-2-219-1782681991564-04adwhn6","request_id":"req-C2-treatment-run1-2-219-1782681991564-04adwhn6","scenario":"C2","condition":"treatment","run":1,"category":"partial","latency_ms":88}
{"level":"info","ts":1782681991.660354,"caller":"logger/logger.go:106","msg":"Request served","request_id":"req-C2-treatment-run1-2-219-1782681991564-04adwhn6","status":200,"method":"POST","path":"/api/v1/infer","ip":"[IP-DISAMARKAN]","latency":0.092051625}
{"level":"info","ts":1782681991.8636951,"caller":"logger/logger.go:156","msg":"Experiment infer completed","request_id":"req-C2-treatment-run1-5-231-1782681991767-sevq2btx","request_id":"req-C2-treatment-run1-5-231-1782681991767-sevq2btx","scenario":"C2","condition":"treatment","run":1,"category":"partial","latency_ms":89}
{"level":"info","ts":1782681991.8637462,"caller":"logger/logger.go:106","msg":"Request served","request_id":"req-C2-treatment-run1-5-231-1782681991767-sevq2btx","status":200,"method":"POST","path":"/api/v1/infer","ip":"[IP-DISAMARKAN]","latency":0.092083593}
{"level":"info","ts":1782681992.0580466,"caller":"logger/logger.go:156","msg":"Experiment infer completed","request_id":"req-C2-treatment-run1-3-220-1782681991964-36d14e6k","request_id":"req-C2-treatment-run1-3-220-1782681991964-36d14e6k","scenario":"C2","condition":"treatment","run":1,"category":"partial","latency_ms":88}
{"level":"info","ts":1782681992.0580974,"caller":"logger/logger.go:106","msg":"Request served","request_id":"req-C2-treatment-run1-3-220-1782681991964-36d14e6k","status":200,"method":"POST","path":"/api/v1/infer","ip":"[IP-DISAMARKAN]","latency":0.091216536}
{"level":"info","ts":1782681992.4110856,"caller":"logger/logger.go:156","msg":"Experiment infer completed","request_id":"req-C2-treatment-run1-1-233-1782681992389-kcbp9kcr","request_id":"req-C2-treatment-run1-1-233-1782681992389-kcbp9kcr","scenario":"C2","condition":"treatment","run":1,"category":"partial","latency_ms":16}
{"level":"info","ts":1782681992.41113,"caller":"logger/logger.go:106","msg":"Request served","request_id":"req-C2-treatment-run1-1-233-1782681992389-kcbp9kcr","status":200,"method":"POST","path":"/api/v1/infer","ip":"[IP-DISAMARKAN]","latency":0.019170367}
{"level":"info","ts":1782681992.4237163,"caller":"logger/logger.go:156","msg":"Experiment infer completed","request_id":"req-C2-treatment-run1-4-228-1782681992401-dfxfv5g4","request_id":"req-C2-treatment-run1-4-228-1782681992401-dfxfv5g4","scenario":"C2","condition":"treatment","run":1,"category":"partial","latency_ms":16}
{"level":"info","ts":1782681992.4237657,"caller":"logger/logger.go:106","msg":"Request served","request_id":"req-C2-treatment-run1-4-228-1782681992401-dfxfv5g4","status":200,"method":"POST","path":"/api/v1/infer","ip":"[IP-DISAMARKAN]","latency":0.019002322}
{"level":"info","ts":1782681992.6133492,"caller":"logger/logger.go:106","msg":"Request served","request_id":"b4f82065cd4bcddc","status":200,"method":"GET","path":"/metrics","ip":"[IP-DISAMARKAN]","latency":0.000878668}
{"level":"info","ts":1782681992.682203,"caller":"logger/logger.go:156","msg":"Experiment infer completed","request_id":"req-C2-treatment-run1-2-220-1782681992662-7jqnrv9d","request_id":"req-C2-treatment-run1-2-220-1782681992662-7jqnrv9d","scenario":"C2","condition":"treatment","run":1,"category":"partial","latency_ms":13}
{"level":"info","ts":1782681992.6822495,"caller":"logger/logger.go:106","msg":"Request served","request_id":"req-C2-treatment-run1-2-220-1782681992662-7jqnrv9d","status":200,"method":"POST","path":"/api/v1/infer","ip":"[IP-DISAMARKAN]","latency":0.016095646}
{"level":"warn","ts":1782681992.946283,"caller":"logger/logger.go:116","msg":"AI worker health check failed","worker":"vision-worker","error":"Get \"http://vision-worker:8001/health\": dial tcp: lookup vision-worker on 127.0.0.11:53: server misbehaving"}
{"level":"warn","ts":1782681992.9463725,"caller":"logger/logger.go:116","msg":"AI worker health check failed","worker":"speech-worker","error":"Get \"http://speech-worker:8003/health\": dial tcp: lookup speech-worker on 127.0.0.11:53: server misbehaving"}
{"level":"info","ts":1782681992.9619772,"caller":"logger/logger.go:156","msg":"Experiment infer completed","request_id":"req-C2-treatment-run1-5-232-1782681992866-tfrutnwc","request_id":"req-C2-treatment-run1-5-232-1782681992866-tfrutnwc","scenario":"C2","condition":"treatment","run":1,"category":"partial","latency_ms":88}
{"level":"info","ts":1782681992.96203,"caller":"logger/logger.go:106","msg":"Request served","request_id":"req-C2-treatment-run1-5-232-1782681992866-tfrutnwc","status":200,"method":"POST","path":"/api/v1/infer","ip":"[IP-DISAMARKAN]","latency":0.091921697}
{"level":"error","ts":1782681993.0529428,"caller":"logger/logger.go:121","msg":"Server error","request_id":"5849f60e0f1d9159","status":503,"method":"GET","path":"/api/v1/health","ip":"[IP-DISAMARKAN]","latency":0.111965683,"error":"","stacktrace":"temandifa-backend/internal/logger.Error\n\t/app/internal/logger/logger.go:121\nmain.NewHTTPServer.RequestLogger.func5\n\t/app/internal/middleware/request_logger.go:44\ngithub.com/gin-gonic/gin.(*Context).Next\n\t/go/pkg/mod/github.com/gin-gonic/gin@v1.11.0/context.go:192\nmain.NewHTTPServer.VersionMiddleware.func4\n\t/app/internal/middleware/versioning.go:35\ngithub.com/gin-gonic/gin.(*Context).Next\n\t/go/pkg/mod/github.com/gin-gonic/gin@v1.11.0/context.go:192\nmain.NewHTTPServer.RequestID.func3\n\t/app/internal/middleware/request_id.go:34\ngithub.com/gin-gonic/gin.(*Context).Next\n\t/go/pkg/mod/github.com/gin-gonic/gin@v1.11.0/context.go:192\nmain.NewHTTPServer.MaxBodySize.func2\n\t/app/internal/middleware/security.go:52\ngithub.com/gin-gonic/gin.(*Context).Next\n\t/go/pkg/mod/github.com/gin-gonic/gin@v1.11.0/context.go:192\nmain.NewHTTPServer.SecurityHeaders.func1\n\t/app/internal/middleware/security.go:36\ngithub.com/gin-gonic/gin.(*Context).Next\n\t/go/pkg/mod/github.com/gin-gonic/gin@v1.11.0/context.go:192\ngithub.com/gin-gonic/gin.(*Engine).handleHTTPRequest\n\t/go/pkg/mod/github.com/gin-gonic/gin@v1.11.0/gin.go:689\ngithub.com/gin-gonic/gin.(*Engine).ServeHTTP\n\t/go/pkg/mod/github.com/gin-gonic/gin@v1.11.0/gin.go:643\nnet/http.serverHandler.ServeHTTP\n\t/usr/local/go/src/net/http/server.go:3340\nnet/http.(*conn).serve\n\t/usr/local/go/src/net/http/server.go:2109"}
{"level":"info","ts":1782681993.0795941,"caller":"logger/logger.go:156","msg":"Experiment infer completed","request_id":"req-C2-treatment-run1-3-221-1782681993060-dkin50v8","request_id":"req-C2-treatment-run1-3-221-1782681993060-dkin50v8","scenario":"C2","condition":"treatment","run":1,"category":"partial","latency_ms":13}
{"level":"info","ts":1782681993.0796487,"caller":"logger/logger.go:106","msg":"Request served","request_id":"req-C2-treatment-run1-3-221-1782681993060-dkin50v8","status":200,"method":"POST","path":"/api/v1/infer","ip":"[IP-DISAMARKAN]","latency":0.016342849}
{"level":"info","ts":1782681993.4363189,"caller":"logger/logger.go:156","msg":"Experiment infer completed","request_id":"req-C2-treatment-run1-1-234-1782681993413-4npaobjs","request_id":"req-C2-treatment-run1-1-234-1782681993413-4npaobjs","scenario":"C2","condition":"treatment","run":1,"category":"partial","latency_ms":17}
{"level":"info","ts":1782681993.4365902,"caller":"logger/logger.go:106","msg":"Request served","request_id":"req-C2-treatment-run1-1-234-1782681993413-4npaobjs","status":200,"method":"POST","path":"/api/v1/infer","ip":"[IP-DISAMARKAN]","latency":0.020417006}
{"level":"info","ts":1782681993.4562657,"caller":"logger/logger.go:156","msg":"Experiment infer completed","request_id":"req-C2-treatment-run1-4-229-1782681993425-vnj2e0vs","request_id":"req-C2-treatment-run1-4-229-1782681993425-vnj2e0vs","scenario":"C2","condition":"treatment","run":1,"category":"partial","latency_ms":24}
{"level":"info","ts":1782681993.4564779,"caller":"logger/logger.go:106","msg":"Request served","request_id":"req-C2-treatment-run1-4-229-1782681993425-vnj2e0vs","status":200,"method":"POST","path":"/api/v1/infer","ip":"[IP-DISAMARKAN]","latency":0.027400616}
{"level":"info","ts":1782681993.7065165,"caller":"logger/logger.go:156","msg":"Experiment infer completed","request_id":"req-C2-treatment-run1-2-221-1782681993684-updbebjb","request_id":"req-C2-treatment-run1-2-221-1782681993684-updbebjb","scenario":"C2","condition":"treatment","run":1,"category":"partial","latency_ms":14}
{"level":"info","ts":1782681993.7066486,"caller":"logger/logger.go:106","msg":"Request served","request_id":"req-C2-treatment-run1-2-221-1782681993684-updbebjb","status":200,"method":"POST","path":"/api/v1/infer","ip":"[IP-DISAMARKAN]","latency":0.017139048}
{"level":"info","ts":1782681993.9835594,"caller":"logger/logger.go:156","msg":"Experiment infer completed","request_id":"req-C2-treatment-run1-5-233-1782681993964-dlcuz4nk","request_id":"req-C2-treatment-run1-5-233-1782681993964-dlcuz4nk","scenario":"C2","condition":"treatment","run":1,"category":"partial","latency_ms":14}
{"level":"info","ts":1782681993.9836087,"caller":"logger/logger.go:106","msg":"Request served","request_id":"req-C2-treatment-run1-5-233-1782681993964-dlcuz4nk","status":200,"method":"POST","path":"/api/v1/infer","ip":"[IP-DISAMARKAN]","latency":0.016721281}
{"level":"info","ts":1782681994.1673353,"caller":"logger/logger.go:156","msg":"Experiment infer completed","request_id":"req-C2-treatment-run1-3-222-1782681994081-a0blxaun","request_id":"req-C2-treatment-run1-3-222-1782681994081-a0blxaun","scenario":"C2","condition":"treatment","run":1,"category":"partial","latency_ms":81}
{"level":"info","ts":1782681994.1673856,"caller":"logger/logger.go:106","msg":"Request served","request_id":"req-C2-treatment-run1-3-222-1782681994081-a0blxaun","status":200,"method":"POST","path":"/api/v1/infer","ip":"[IP-DISAMARKAN]","latency":0.083405827}
{"level":"info","ts":1782681994.458909,"caller":"logger/logger.go:156","msg":"Experiment infer completed","request_id":"req-C2-treatment-run1-1-235-1782681994438-umotx52o","request_id":"req-C2-treatment-run1-1-235-1782681994438-umotx52o","scenario":"C2","condition":"treatment","run":1,"category":"partial","latency_ms":14}
{"level":"info","ts":1782681994.4589632,"caller":"logger/logger.go:106","msg":"Request served","request_id":"req-C2-treatment-run1-1-235-1782681994438-umotx52o","status":200,"method":"POST","path":"/api/v1/infer","ip":"[IP-DISAMARKAN]","latency":0.017384703}
{"level":"info","ts":1782681994.4837565,"caller":"logger/logger.go:156","msg":"Experiment infer completed","request_id":"req-C2-treatment-run1-4-230-1782681994458-ljl5aqw3","request_id":"req-C2-treatment-run1-4-230-1782681994458-ljl5aqw3","scenario":"C2","condition":"treatment","run":1,"category":"partial","latency_ms":20}
{"level":"info","ts":1782681994.4838061,"caller":"logger/logger.go:106","msg":"Request served","request_id":"req-C2-treatment-run1-4-230-1782681994458-ljl5aqw3","status":200,"method":"POST","path":"/api/v1/infer","ip":"[IP-DISAMARKAN]","latency":0.02291275}
{"level":"info","ts":1782681994.7676625,"caller":"logger/logger.go:156","msg":"Experiment infer completed","request_id":"req-C2-treatment-run1-2-222-1782681994708-y3w7nc1m","request_id":"req-C2-treatment-run1-2-222-1782681994708-y3w7nc1m","scenario":"C2","condition":"treatment","run":1,"category":"partial","latency_ms":52}
{"level":"info","ts":1782681994.7678163,"caller":"logger/logger.go:106","msg":"Request served","request_id":"req-C2-treatment-run1-2-222-1782681994708-y3w7nc1m","status":200,"method":"POST","path":"/api/v1/infer","ip":"[IP-DISAMARKAN]","latency":0.054608706}
{"level":"info","ts":1782681995.0033393,"caller":"logger/logger.go:156","msg":"Experiment infer completed","request_id":"req-C2-treatment-run1-5-234-1782681994984-jy6dk9as","request_id":"req-C2-treatment-run1-5-234-1782681994984-jy6dk9as","scenario":"C2","condition":"treatment","run":1,"category":"partial","latency_ms":13}
{"level":"info","ts":1782681995.0033906,"caller":"logger/logger.go:106","msg":"Request served","request_id":"req-C2-treatment-run1-5-234-1782681994984-jy6dk9as","status":200,"method":"POST","path":"/api/v1/infer","ip":"[IP-DISAMARKAN]","latency":0.015727176}
{"level":"info","ts":1782681995.2655535,"caller":"logger/logger.go:156","msg":"Experiment infer completed","request_id":"req-C2-treatment-run1-3-223-1782681995168-n6ey6owr","request_id":"req-C2-treatment-run1-3-223-1782681995168-n6ey6owr","scenario":"C2","condition":"treatment","run":1,"category":"partial","latency_ms":90}
{"level":"info","ts":1782681995.2656062,"caller":"logger/logger.go:106","msg":"Request served","request_id":"req-C2-treatment-run1-3-223-1782681995168-n6ey6owr","status":200,"method":"POST","path":"/api/v1/infer","ip":"[IP-DISAMARKAN]","latency":0.092827254}
{"level":"info","ts":1782681995.4789479,"caller":"logger/logger.go:156","msg":"Experiment infer completed","request_id":"req-C2-treatment-run1-1-236-1782681995461-khibjeqz","request_id":"req-C2-treatment-run1-1-236-1782681995461-khibjeqz","scenario":"C2","condition":"treatment","run":1,"category":"partial","latency_ms":13}
{"level":"info","ts":1782681995.4789958,"caller":"logger/logger.go:106","msg":"Request served","request_id":"req-C2-treatment-run1-1-236-1782681995461-khibjeqz","status":200,"method":"POST","path":"/api/v1/infer","ip":"[IP-DISAMARKAN]","latency":0.015377744}
{"level":"info","ts":1782681995.5683522,"caller":"logger/logger.go:156","msg":"Experiment infer completed","request_id":"req-C2-treatment-run1-4-231-1782681995486-gs4hwd0v","request_id":"req-C2-treatment-run1-4-231-1782681995486-gs4hwd0v","scenario":"C2","condition":"treatment","run":1,"category":"partial","latency_ms":77}
{"level":"info","ts":1782681995.568407,"caller":"logger/logger.go:106","msg":"Request served","request_id":"req-C2-treatment-run1-4-231-1782681995486-gs4hwd0v","status":200,"method":"POST","path":"/api/v1/infer","ip":"[IP-DISAMARKAN]","latency":0.079633513}
{"level":"info","ts":1782681995.7883239,"caller":"logger/logger.go:156","msg":"Experiment infer completed","request_id":"req-C2-treatment-run1-2-223-1782681995769-gvfgwhoj","request_id":"req-C2-treatment-run1-2-223-1782681995769-gvfgwhoj","scenario":"C2","condition":"treatment","run":1,"category":"partial","latency_ms":13}
{"level":"info","ts":1782681995.7883706,"caller":"logger/logger.go:106","msg":"Request served","request_id":"req-C2-treatment-run1-2-223-1782681995769-gvfgwhoj","status":200,"method":"POST","path":"/api/v1/infer","ip":"[IP-DISAMARKAN]","latency":0.015502272}
{"level":"info","ts":1782681996.0681846,"caller":"logger/logger.go:156","msg":"Experiment infer completed","request_id":"req-C2-treatment-run1-5-235-1782681996005-rtudm8a4","request_id":"req-C2-treatment-run1-5-235-1782681996005-rtudm8a4","scenario":"C2","condition":"treatment","run":1,"category":"partial","latency_ms":57}
{"level":"info","ts":1782681996.0682392,"caller":"logger/logger.go:106","msg":"Request served","request_id":"req-C2-treatment-run1-5-235-1782681996005-rtudm8a4","status":200,"method":"POST","path":"/api/v1/infer","ip":"[IP-DISAMARKAN]","latency":0.05996291}
{"level":"info","ts":1782681996.2865913,"caller":"logger/logger.go:156","msg":"Experiment infer completed","request_id":"req-C2-treatment-run1-3-224-1782681996267-000wl246","request_id":"req-C2-treatment-run1-3-224-1782681996267-000wl246","scenario":"C2","condition":"treatment","run":1,"category":"partial","latency_ms":14}
{"level":"info","ts":1782681996.2866435,"caller":"logger/logger.go:106","msg":"Request served","request_id":"req-C2-treatment-run1-3-224-1782681996267-000wl246","status":200,"method":"POST","path":"/api/v1/infer","ip":"[IP-DISAMARKAN]","latency":0.016458158}
{"level":"info","ts":1782681996.5683959,"caller":"logger/logger.go:156","msg":"Experiment infer completed","request_id":"req-C2-treatment-run1-1-237-1782681996480-8oub74qh","request_id":"req-C2-treatment-run1-1-237-1782681996480-8oub74qh","scenario":"C2","condition":"treatment","run":1,"category":"partial","latency_ms":82}
{"level":"info","ts":1782681996.5684462,"caller":"logger/logger.go:106","msg":"Request served","request_id":"req-C2-treatment-run1-1-237-1782681996480-8oub74qh","status":200,"method":"POST","path":"/api/v1/infer","ip":"[IP-DISAMARKAN]","latency":0.084587338}
{"level":"info","ts":1782681996.6608229,"caller":"logger/logger.go:156","msg":"Experiment infer completed","request_id":"req-C2-treatment-run1-4-232-1782681996569-s16dutwf","request_id":"req-C2-treatment-run1-4-232-1782681996569-s16dutwf","scenario":"C2","condition":"treatment","run":1,"category":"partial","latency_ms":85}
{"level":"info","ts":1782681996.6608753,"caller":"logger/logger.go:106","msg":"Request served","request_id":"req-C2-treatment-run1-4-232-1782681996569-s16dutwf","status":200,"method":"POST","path":"/api/v1/infer","ip":"[IP-DISAMARKAN]","latency":0.088309461}
{"level":"info","ts":1782681996.8678575,"caller":"logger/logger.go:156","msg":"Experiment infer completed","request_id":"req-C2-treatment-run1-2-224-1782681996790-3mcg7afz","request_id":"req-C2-treatment-run1-2-224-1782681996790-3mcg7afz","scenario":"C2","condition":"treatment","run":1,"category":"partial","latency_ms":71}
{"level":"info","ts":1782681996.8679676,"caller":"logger/logger.go:106","msg":"Request served","request_id":"req-C2-treatment-run1-2-224-1782681996790-3mcg7afz","status":200,"method":"POST","path":"/api/v1/infer","ip":"[IP-DISAMARKAN]","latency":0.074045937}
{"level":"info","ts":1782681997.0901244,"caller":"logger/logger.go:156","msg":"Experiment infer completed","request_id":"req-C2-treatment-run1-5-236-1782681997070-j4001cmc","request_id":"req-C2-treatment-run1-5-236-1782681997070-j4001cmc","scenario":"C2","condition":"treatment","run":1,"category":"partial","latency_ms":14}
{"level":"info","ts":1782681997.0901747,"caller":"logger/logger.go:106","msg":"Request served","request_id":"req-C2-treatment-run1-5-236-1782681997070-j4001cmc","status":200,"method":"POST","path":"/api/v1/infer","ip":"[IP-DISAMARKAN]","latency":0.016588004}
{"level":"info","ts":1782681997.3816934,"caller":"logger/logger.go:156","msg":"Experiment infer completed","request_id":"req-C2-treatment-run1-3-225-1782681997289-a9a30w2h","request_id":"req-C2-treatment-run1-3-225-1782681997289-a9a30w2h","scenario":"C2","condition":"treatment","run":1,"category":"partial","latency_ms":87}
{"level":"info","ts":1782681997.3817434,"caller":"logger/logger.go:106","msg":"Request served","request_id":"req-C2-treatment-run1-3-225-1782681997289-a9a30w2h","status":200,"method":"POST","path":"/api/v1/infer","ip":"[IP-DISAMARKAN]","latency":0.08993262}
{"level":"info","ts":1782681997.6132185,"caller":"logger/logger.go:106","msg":"Request served","request_id":"5200f33d439ded74","status":200,"method":"GET","path":"/metrics","ip":"[IP-DISAMARKAN]","latency":0.001077632}
{"level":"info","ts":1782681997.66299,"caller":"logger/logger.go:156","msg":"Experiment infer completed","request_id":"req-C2-treatment-run1-1-238-1782681997570-qalxjkyh","request_id":"req-C2-treatment-run1-1-238-1782681997570-qalxjkyh","scenario":"C2","condition":"treatment","run":1,"category":"partial","latency_ms":87}
{"level":"info","ts":1782681997.6630409,"caller":"logger/logger.go:106","msg":"Request served","request_id":"req-C2-treatment-run1-1-238-1782681997570-qalxjkyh","status":200,"method":"POST","path":"/api/v1/infer","ip":"[IP-DISAMARKAN]","latency":0.090039116}
{"level":"info","ts":1782681997.6808643,"caller":"logger/logger.go:156","msg":"Experiment infer completed","request_id":"req-C2-treatment-run1-4-233-1782681997662-wo9dgtrd","request_id":"req-C2-treatment-run1-4-233-1782681997662-wo9dgtrd","scenario":"C2","condition":"treatment","run":1,"category":"partial","latency_ms":13}
{"level":"info","ts":1782681997.6809149,"caller":"logger/logger.go:106","msg":"Request served","request_id":"req-C2-treatment-run1-4-233-1782681997662-wo9dgtrd","status":200,"method":"POST","path":"/api/v1/infer","ip":"[IP-DISAMARKAN]","latency":0.015381705}
{"level":"info","ts":1782681997.9650853,"caller":"logger/logger.go:156","msg":"Experiment infer completed","request_id":"req-C2-treatment-run1-2-225-1782681997869-r2i6k541","request_id":"req-C2-treatment-run1-2-225-1782681997869-r2i6k541","scenario":"C2","condition":"treatment","run":1,"category":"partial","latency_ms":88}
{"level":"info","ts":1782681997.965137,"caller":"logger/logger.go:106","msg":"Request served","request_id":"req-C2-treatment-run1-2-225-1782681997869-r2i6k541","status":200,"method":"POST","path":"/api/v1/infer","ip":"[IP-DISAMARKAN]","latency":0.091249775}
{"level":"info","ts":1782681998.1703942,"caller":"logger/logger.go:156","msg":"Experiment infer completed","request_id":"req-C2-treatment-run1-5-237-1782681998093-iqb8chd9","request_id":"req-C2-treatment-run1-5-237-1782681998093-iqb8chd9","scenario":"C2","condition":"treatment","run":1,"category":"partial","latency_ms":72}
{"level":"info","ts":1782681998.1704416,"caller":"logger/logger.go:106","msg":"Request served","request_id":"req-C2-treatment-run1-5-237-1782681998093-iqb8chd9","status":200,"method":"POST","path":"/api/v1/infer","ip":"[IP-DISAMARKAN]","latency":0.074714529}
{"level":"info","ts":1782681998.4017117,"caller":"logger/logger.go:156","msg":"Experiment infer completed","request_id":"req-C2-treatment-run1-3-226-1782681998384-dq60s03z","request_id":"req-C2-treatment-run1-3-226-1782681998384-dq60s03z","scenario":"C2","condition":"treatment","run":1,"category":"partial","latency_ms":13}
{"level":"info","ts":1782681998.4017613,"caller":"logger/logger.go:106","msg":"Request served","request_id":"req-C2-treatment-run1-3-226-1782681998384-dq60s03z","status":200,"method":"POST","path":"/api/v1/infer","ip":"[IP-DISAMARKAN]","latency":0.014997604}
{"level":"info","ts":1782681998.6834548,"caller":"logger/logger.go:156","msg":"Experiment infer completed","request_id":"req-C2-treatment-run1-1-239-1782681998664-4ti4gw1x","request_id":"req-C2-treatment-run1-1-239-1782681998664-4ti4gw1x","scenario":"C2","condition":"treatment","run":1,"category":"partial","latency_ms":13}
{"level":"info","ts":1782681998.683566,"caller":"logger/logger.go:106","msg":"Request served","request_id":"req-C2-treatment-run1-1-239-1782681998664-4ti4gw1x","status":200,"method":"POST","path":"/api/v1/infer","ip":"[IP-DISAMARKAN]","latency":0.016089186}
{"level":"info","ts":1782681998.7608123,"caller":"logger/logger.go:156","msg":"Experiment infer completed","request_id":"req-C2-treatment-run1-4-234-1782681998683-ol82jcwi","request_id":"req-C2-treatment-run1-4-234-1782681998683-ol82jcwi","scenario":"C2","condition":"treatment","run":1,"category":"partial","latency_ms":72}
{"level":"info","ts":1782681998.7609193,"caller":"logger/logger.go:106","msg":"Request served","request_id":"req-C2-treatment-run1-4-234-1782681998683-ol82jcwi","status":200,"method":"POST","path":"/api/v1/infer","ip":"[IP-DISAMARKAN]","latency":0.074668122}
{"level":"info","ts":1782681998.9867728,"caller":"logger/logger.go:156","msg":"Experiment infer completed","request_id":"req-C2-treatment-run1-2-226-1782681998967-19oqqyqh","request_id":"req-C2-treatment-run1-2-226-1782681998967-19oqqyqh","scenario":"C2","condition":"treatment","run":1,"category":"partial","latency_ms":13}
{"level":"info","ts":1782681998.9868207,"caller":"logger/logger.go:106","msg":"Request served","request_id":"req-C2-treatment-run1-2-226-1782681998967-19oqqyqh","status":200,"method":"POST","path":"/api/v1/infer","ip":"[IP-DISAMARKAN]","latency":0.015814144}
{"level":"info","ts":1782681999.2665904,"caller":"logger/logger.go:156","msg":"Experiment infer completed","request_id":"req-C2-treatment-run1-5-238-1782681999173-i1bmcmqm","request_id":"req-C2-treatment-run1-5-238-1782681999173-i1bmcmqm","scenario":"C2","condition":"treatment","run":1,"category":"partial","latency_ms":87}
{"level":"info","ts":1782681999.266639,"caller":"logger/logger.go:106","msg":"Request served","request_id":"req-C2-treatment-run1-5-238-1782681999173-i1bmcmqm","status":200,"method":"POST","path":"/api/v1/infer","ip":"[IP-DISAMARKAN]","latency":0.090539523}
{"level":"info","ts":1782681999.4685361,"caller":"logger/logger.go:156","msg":"Experiment infer completed","request_id":"req-C2-treatment-run1-3-227-1782681999403-4bqegxkj","request_id":"req-C2-treatment-run1-3-227-1782681999403-4bqegxkj","scenario":"C2","condition":"treatment","run":1,"category":"partial","latency_ms":59}
{"level":"info","ts":1782681999.4685867,"caller":"logger/logger.go:106","msg":"Request served","request_id":"req-C2-treatment-run1-3-227-1782681999403-4bqegxkj","status":200,"method":"POST","path":"/api/v1/infer","ip":"[IP-DISAMARKAN]","latency":0.062221541}
{"level":"info","ts":1782681999.7036421,"caller":"logger/logger.go:156","msg":"Experiment infer completed","request_id":"req-C2-treatment-run1-1-240-1782681999685-8k4zkkrc","request_id":"req-C2-treatment-run1-1-240-1782681999685-8k4zkkrc","scenario":"C2","condition":"treatment","run":1,"category":"partial","latency_ms":12}
{"level":"info","ts":1782681999.703688,"caller":"logger/logger.go:106","msg":"Request served","request_id":"req-C2-treatment-run1-1-240-1782681999685-8k4zkkrc","status":200,"method":"POST","path":"/api/v1/infer","ip":"[IP-DISAMARKAN]","latency":0.015504222}
{"level":"info","ts":1782681999.8572145,"caller":"logger/logger.go:156","msg":"Experiment infer completed","request_id":"req-C2-treatment-run1-4-235-1782681999762-gqokzu59","request_id":"req-C2-treatment-run1-4-235-1782681999762-gqokzu59","scenario":"C2","condition":"treatment","run":1,"category":"partial","latency_ms":88}
{"level":"info","ts":1782681999.8572652,"caller":"logger/logger.go:106","msg":"Request served","request_id":"req-C2-treatment-run1-4-235-1782681999762-gqokzu59","status":200,"method":"POST","path":"/api/v1/infer","ip":"[IP-DISAMARKAN]","latency":0.091170417}
{"level":"info","ts":1782682000.0676775,"caller":"logger/logger.go:156","msg":"Experiment infer completed","request_id":"req-C2-treatment-run1-2-227-1782681999989-7jtw3ed0","request_id":"req-C2-treatment-run1-2-227-1782681999989-7jtw3ed0","scenario":"C2","condition":"treatment","run":1,"category":"partial","latency_ms":72}
{"level":"info","ts":1782682000.0679712,"caller":"logger/logger.go:106","msg":"Request served","request_id":"req-C2-treatment-run1-2-227-1782681999989-7jtw3ed0","status":200,"method":"POST","path":"/api/v1/infer","ip":"[IP-DISAMARKAN]","latency":0.0747179}
{"level":"info","ts":1782682000.286938,"caller":"logger/logger.go:156","msg":"Experiment infer completed","request_id":"req-C2-treatment-run1-5-239-1782682000269-q0d4xzju","request_id":"req-C2-treatment-run1-5-239-1782682000269-q0d4xzju","scenario":"C2","condition":"treatment","run":1,"category":"partial","latency_ms":12}
{"level":"info","ts":1782682000.2869854,"caller":"logger/logger.go:106","msg":"Request served","request_id":"req-C2-treatment-run1-5-239-1782682000269-q0d4xzju","status":200,"method":"POST","path":"/api/v1/infer","ip":"[IP-DISAMARKAN]","latency":0.015292337}
{"level":"info","ts":1782682000.5638783,"caller":"logger/logger.go:156","msg":"Experiment infer completed","request_id":"req-C2-treatment-run1-3-228-1782682000470-vk25o6a6","request_id":"req-C2-treatment-run1-3-228-1782682000470-vk25o6a6","scenario":"C2","condition":"treatment","run":1,"category":"partial","latency_ms":88}
{"level":"info","ts":1782682000.5639281,"caller":"logger/logger.go:106","msg":"Request served","request_id":"req-C2-treatment-run1-3-228-1782682000470-vk25o6a6","status":200,"method":"POST","path":"/api/v1/infer","ip":"[IP-DISAMARKAN]","latency":0.090612251}
{"level":"info","ts":1782682000.768098,"caller":"logger/logger.go:156","msg":"Experiment infer completed","request_id":"req-C2-treatment-run1-1-241-1782682000705-jsjl9hen","request_id":"req-C2-treatment-run1-1-241-1782682000705-jsjl9hen","scenario":"C2","condition":"treatment","run":1,"category":"partial","latency_ms":56}
{"level":"info","ts":1782682000.7681503,"caller":"logger/logger.go:106","msg":"Request served","request_id":"req-C2-treatment-run1-1-241-1782682000705-jsjl9hen","status":200,"method":"POST","path":"/api/v1/infer","ip":"[IP-DISAMARKAN]","latency":0.059368866}
{"level":"warn","ts":1782682000.8275704,"caller":"logger/logger.go:116","msg":"Worker health check failed","worker":"vision","error":"rpc error: code = Unavailable desc = connection error: desc = \"transport: Error while dialing: dial tcp [IP-DISAMARKAN]:50051: connect: no route to host\""}
{"level":"warn","ts":1782682000.838084,"caller":"logger/logger.go:116","msg":"Worker health check failed","worker":"speech","error":"rpc error: code = Unavailable desc = connection error: desc = \"transport: Error while dialing: dial tcp [IP-DISAMARKAN]:50053: connect: no route to host\""}
{"level":"info","ts":1782682000.8384848,"caller":"logger/logger.go:106","msg":"Health check completed","vision":"UNHEALTHY","ocr":"HEALTHY","speech":"UNHEALTHY"}
{"level":"info","ts":1782682000.880205,"caller":"logger/logger.go:156","msg":"Experiment infer completed","request_id":"req-C2-treatment-run1-4-236-1782682000859-2pu2m0vw","request_id":"req-C2-treatment-run1-4-236-1782682000859-2pu2m0vw","scenario":"C2","condition":"treatment","run":1,"category":"partial","latency_ms":14}
{"level":"info","ts":1782682000.8802526,"caller":"logger/logger.go:106","msg":"Request served","request_id":"req-C2-treatment-run1-4-236-1782682000859-2pu2m0vw","status":200,"method":"POST","path":"/api/v1/infer","ip":"[IP-DISAMARKAN]","latency":0.017490321}
{"level":"info","ts":1782682001.1628304,"caller":"logger/logger.go:156","msg":"Experiment infer completed","request_id":"req-C2-treatment-run1-2-228-1782682001069-2jy8oy0c","request_id":"req-C2-treatment-run1-2-228-1782682001069-2jy8oy0c","scenario":"C2","condition":"treatment","run":1,"category":"partial","latency_ms":85}
{"level":"info","ts":1782682001.1628826,"caller":"logger/logger.go:106","msg":"Request served","request_id":"req-C2-treatment-run1-2-228-1782682001069-2jy8oy0c","status":200,"method":"POST","path":"/api/v1/infer","ip":"[IP-DISAMARKAN]","latency":0.088912815}
{"level":"info","ts":1782682001.3689106,"caller":"logger/logger.go:156","msg":"Experiment infer completed","request_id":"req-C2-treatment-run1-5-240-1782682001288-r1s4robn","request_id":"req-C2-treatment-run1-5-240-1782682001288-r1s4robn","scenario":"C2","condition":"treatment","run":1,"category":"partial","latency_ms":74}
{"level":"info","ts":1782682001.3692236,"caller":"logger/logger.go:106","msg":"Request served","request_id":"req-C2-treatment-run1-5-240-1782682001288-r1s4robn","status":200,"method":"POST","path":"/api/v1/infer","ip":"[IP-DISAMARKAN]","latency":0.078117833}
{"level":"info","ts":1782682001.5854144,"caller":"logger/logger.go:156","msg":"Experiment infer completed","request_id":"req-C2-treatment-run1-3-229-1782682001565-yumyp4w2","request_id":"req-C2-treatment-run1-3-229-1782682001565-yumyp4w2","scenario":"C2","condition":"treatment","run":1,"category":"partial","latency_ms":14}
{"level":"info","ts":1782682001.5854678,"caller":"logger/logger.go:106","msg":"Request served","request_id":"req-C2-treatment-run1-3-229-1782682001565-yumyp4w2","status":200,"method":"POST","path":"/api/v1/infer","ip":"[IP-DISAMARKAN]","latency":0.016620563}
{"level":"info","ts":1782682001.8671281,"caller":"logger/logger.go:156","msg":"Experiment infer completed","request_id":"req-C2-treatment-run1-1-242-1782682001770-w4dhczbh","request_id":"req-C2-treatment-run1-1-242-1782682001770-w4dhczbh","scenario":"C2","condition":"treatment","run":1,"category":"partial","latency_ms":89}
{"level":"info","ts":1782682001.8671803,"caller":"logger/logger.go:106","msg":"Request served","request_id":"req-C2-treatment-run1-1-242-1782682001770-w4dhczbh","status":200,"method":"POST","path":"/api/v1/infer","ip":"[IP-DISAMARKAN]","latency":0.093532077}
{"level":"info","ts":1782682001.9857264,"caller":"logger/logger.go:156","msg":"Experiment infer completed","request_id":"req-C2-treatment-run1-4-237-1782682001882-nddc6hko","request_id":"req-C2-treatment-run1-4-237-1782682001882-nddc6hko","scenario":"C2","condition":"treatment","run":1,"category":"partial","latency_ms":97}
{"level":"info","ts":1782682001.9860141,"caller":"logger/logger.go:106","msg":"Request served","request_id":"req-C2-treatment-run1-4-237-1782682001882-nddc6hko","status":200,"method":"POST","path":"/api/v1/infer","ip":"[IP-DISAMARKAN]","latency":0.100536757}
{"level":"info","ts":1782682002.2671664,"caller":"logger/logger.go:156","msg":"Experiment infer completed","request_id":"req-C2-treatment-run1-2-229-1782682002165-3xpuc57g","request_id":"req-C2-treatment-run1-2-229-1782682002165-3xpuc57g","scenario":"C2","condition":"treatment","run":1,"category":"partial","latency_ms":93}
{"level":"info","ts":1782682002.2672184,"caller":"logger/logger.go:106","msg":"Request served","request_id":"req-C2-treatment-run1-2-229-1782682002165-3xpuc57g","status":200,"method":"POST","path":"/api/v1/infer","ip":"[IP-DISAMARKAN]","latency":0.097025617}
{"level":"info","ts":1782682002.4671845,"caller":"logger/logger.go:156","msg":"Experiment infer completed","request_id":"req-C2-treatment-run1-5-241-1782682002371-wyvxeuec","request_id":"req-C2-treatment-run1-5-241-1782682002371-wyvxeuec","scenario":"C2","condition":"treatment","run":1,"category":"partial","latency_ms":89}
{"level":"info","ts":1782682002.4672396,"caller":"logger/logger.go:106","msg":"Request served","request_id":"req-C2-treatment-run1-5-241-1782682002371-wyvxeuec","status":200,"method":"POST","path":"/api/v1/infer","ip":"[IP-DISAMARKAN]","latency":0.092795107}
{"level":"info","ts":1782682002.6137128,"caller":"logger/logger.go:106","msg":"Request served","request_id":"7219fcdec9e59f1f","status":200,"method":"GET","path":"/metrics","ip":"[IP-DISAMARKAN]","latency":0.001158761}
{"level":"info","ts":1782682002.6678443,"caller":"logger/logger.go:156","msg":"Experiment infer completed","request_id":"req-C2-treatment-run1-3-230-1782682002587-ul9ls243","request_id":"req-C2-treatment-run1-3-230-1782682002587-ul9ls243","scenario":"C2","condition":"treatment","run":1,"category":"partial","latency_ms":75}
{"level":"info","ts":1782682002.667888,"caller":"logger/logger.go:106","msg":"Request served","request_id":"req-C2-treatment-run1-3-230-1782682002587-ul9ls243","status":200,"method":"POST","path":"/api/v1/infer","ip":"[IP-DISAMARKAN]","latency":0.077646636}
{"level":"info","ts":1782682002.8888972,"caller":"logger/logger.go:156","msg":"Experiment infer completed","request_id":"req-C2-treatment-run1-1-243-1782682002870-wzomkle5","request_id":"req-C2-treatment-run1-1-243-1782682002870-wzomkle5","scenario":"C2","condition":"treatment","run":1,"category":"partial","latency_ms":13}
{"level":"info","ts":1782682002.8889449,"caller":"logger/logger.go:106","msg":"Request served","request_id":"req-C2-treatment-run1-1-243-1782682002870-wzomkle5","status":200,"method":"POST","path":"/api/v1/infer","ip":"[IP-DISAMARKAN]","latency":0.016208594}
{"level":"info","ts":1782682003.068177,"caller":"logger/logger.go:156","msg":"Experiment infer completed","request_id":"req-C2-treatment-run1-4-238-1782682002988-gxpmbc5s","request_id":"req-C2-treatment-run1-4-238-1782682002988-gxpmbc5s","scenario":"C2","condition":"treatment","run":1,"category":"partial","latency_ms":72}
{"level":"info","ts":1782682003.0682306,"caller":"logger/logger.go:106","msg":"Request served","request_id":"req-C2-treatment-run1-4-238-1782682002988-gxpmbc5s","status":200,"method":"POST","path":"/api/v1/infer","ip":"[IP-DISAMARKAN]","latency":0.074831778}
{"level":"info","ts":1782682003.2889805,"caller":"logger/logger.go:156","msg":"Experiment infer completed","request_id":"req-C2-treatment-run1-2-230-1782682003269-oj0hrjkk","request_id":"req-C2-treatment-run1-2-230-1782682003269-oj0hrjkk","scenario":"C2","condition":"treatment","run":1,"category":"partial","latency_ms":13}
{"level":"info","ts":1782682003.2890368,"caller":"logger/logger.go:106","msg":"Request served","request_id":"req-C2-treatment-run1-2-230-1782682003269-oj0hrjkk","status":200,"method":"POST","path":"/api/v1/infer","ip":"[IP-DISAMARKAN]","latency":0.015878602}
{"level":"info","ts":1782682003.5669618,"caller":"logger/logger.go:156","msg":"Experiment infer completed","request_id":"req-C2-treatment-run1-5-242-1782682003470-do78zikm","request_id":"req-C2-treatment-run1-5-242-1782682003470-do78zikm","scenario":"C2","condition":"treatment","run":1,"category":"partial","latency_ms":90}
{"level":"info","ts":1782682003.5670264,"caller":"logger/logger.go:106","msg":"Request served","request_id":"req-C2-treatment-run1-5-242-1782682003470-do78zikm","status":200,"method":"POST","path":"/api/v1/infer","ip":"[IP-DISAMARKAN]","latency":0.09378746}
{"level":"info","ts":1782682003.7629967,"caller":"logger/logger.go:156","msg":"Experiment infer completed","request_id":"req-C2-treatment-run1-3-231-1782682003669-fd7ae63z","request_id":"req-C2-treatment-run1-3-231-1782682003669-fd7ae63z","scenario":"C2","condition":"treatment","run":1,"category":"partial","latency_ms":87}
{"level":"info","ts":1782682003.763058,"caller":"logger/logger.go:106","msg":"Request served","request_id":"req-C2-treatment-run1-3-231-1782682003669-fd7ae63z","status":200,"method":"POST","path":"/api/v1/infer","ip":"[IP-DISAMARKAN]","latency":0.090088265}
{"level":"info","ts":1782682003.9675965,"caller":"logger/logger.go:156","msg":"Experiment infer completed","request_id":"req-C2-treatment-run1-1-244-1782682003891-3gbnq7uk","request_id":"req-C2-treatment-run1-1-244-1782682003891-3gbnq7uk","scenario":"C2","condition":"treatment","run":1,"category":"partial","latency_ms":71}
{"level":"info","ts":1782682003.9676526,"caller":"logger/logger.go:106","msg":"Request served","request_id":"req-C2-treatment-run1-1-244-1782682003891-3gbnq7uk","status":200,"method":"POST","path":"/api/v1/infer","ip":"[IP-DISAMARKAN]","latency":0.07392108}
{"level":"info","ts":1782682004.1661382,"caller":"logger/logger.go:156","msg":"Experiment infer completed","request_id":"req-C2-treatment-run1-4-239-1782682004070-y0qbbadc","request_id":"req-C2-treatment-run1-4-239-1782682004070-y0qbbadc","scenario":"C2","condition":"treatment","run":1,"category":"partial","latency_ms":89}
{"level":"info","ts":1782682004.1661885,"caller":"logger/logger.go:106","msg":"Request served","request_id":"req-C2-treatment-run1-4-239-1782682004070-y0qbbadc","status":200,"method":"POST","path":"/api/v1/infer","ip":"[IP-DISAMARKAN]","latency":0.092844065}
{"level":"info","ts":1782682004.3672035,"caller":"logger/logger.go:156","msg":"Experiment infer completed","request_id":"req-C2-treatment-run1-2-231-1782682004291-ddd1gik2","request_id":"req-C2-treatment-run1-2-231-1782682004291-ddd1gik2","scenario":"C2","condition":"treatment","run":1,"category":"partial","latency_ms":70}
{"level":"info","ts":1782682004.367255,"caller":"logger/logger.go:106","msg":"Request served","request_id":"req-C2-treatment-run1-2-231-1782682004291-ddd1gik2","status":200,"method":"POST","path":"/api/v1/infer","ip":"[IP-DISAMARKAN]","latency":0.072311673}
{"level":"info","ts":1782682004.5899765,"caller":"logger/logger.go:156","msg":"Experiment infer completed","request_id":"req-C2-treatment-run1-5-243-1782682004569-coa5u2un","request_id":"req-C2-treatment-run1-5-243-1782682004569-coa5u2un","scenario":"C2","condition":"treatment","run":1,"category":"partial","latency_ms":13}
{"level":"info","ts":1782682004.5900364,"caller":"logger/logger.go:106","msg":"Request served","request_id":"req-C2-treatment-run1-5-243-1782682004569-coa5u2un","status":200,"method":"POST","path":"/api/v1/infer","ip":"[IP-DISAMARKAN]","latency":0.016028337}
{"level":"info","ts":1782682004.8591733,"caller":"logger/logger.go:156","msg":"Experiment infer completed","request_id":"req-C2-treatment-run1-3-232-1782682004765-apoujse2","request_id":"req-C2-treatment-run1-3-232-1782682004765-apoujse2","scenario":"C2","condition":"treatment","run":1,"category":"partial","latency_ms":88}
{"level":"info","ts":1782682004.8592253,"caller":"logger/logger.go:106","msg":"Request served","request_id":"req-C2-treatment-run1-3-232-1782682004765-apoujse2","status":200,"method":"POST","path":"/api/v1/infer","ip":"[IP-DISAMARKAN]","latency":0.091157607}
{"level":"info","ts":1782682005.0638328,"caller":"logger/logger.go:156","msg":"Experiment infer completed","request_id":"req-C2-treatment-run1-1-245-1782682004969-rnwaxn9a","request_id":"req-C2-treatment-run1-1-245-1782682004969-rnwaxn9a","scenario":"C2","condition":"treatment","run":1,"category":"partial","latency_ms":88}
{"level":"info","ts":1782682005.0638845,"caller":"logger/logger.go:106","msg":"Request served","request_id":"req-C2-treatment-run1-1-245-1782682004969-rnwaxn9a","status":200,"method":"POST","path":"/api/v1/infer","ip":"[IP-DISAMARKAN]","latency":0.091673314}
{"level":"info","ts":1782682005.2624676,"caller":"logger/logger.go:156","msg":"Experiment infer completed","request_id":"req-C2-treatment-run1-4-240-1782682005167-965f8qev","request_id":"req-C2-treatment-run1-4-240-1782682005167-965f8qev","scenario":"C2","condition":"treatment","run":1,"category":"partial","latency_ms":88}
{"level":"info","ts":1782682005.2625186,"caller":"logger/logger.go:106","msg":"Request served","request_id":"req-C2-treatment-run1-4-240-1782682005167-965f8qev","status":200,"method":"POST","path":"/api/v1/infer","ip":"[IP-DISAMARKAN]","latency":0.091171498}
{"level":"info","ts":1782682005.4645393,"caller":"logger/logger.go:156","msg":"Experiment infer completed","request_id":"req-C2-treatment-run1-2-232-1782682005368-p53a02ps","request_id":"req-C2-treatment-run1-2-232-1782682005368-p53a02ps","scenario":"C2","condition":"treatment","run":1,"category":"partial","latency_ms":89}
{"level":"info","ts":1782682005.4648116,"caller":"logger/logger.go:106","msg":"Request served","request_id":"req-C2-treatment-run1-2-232-1782682005368-p53a02ps","status":200,"method":"POST","path":"/api/v1/infer","ip":"[IP-DISAMARKAN]","latency":0.091922616}
{"level":"info","ts":1782682005.667443,"caller":"logger/logger.go:156","msg":"Experiment infer completed","request_id":"req-C2-treatment-run1-5-244-1782682005592-9xcqgcqn","request_id":"req-C2-treatment-run1-5-244-1782682005592-9xcqgcqn","scenario":"C2","condition":"treatment","run":1,"category":"partial","latency_ms":68}
{"level":"info","ts":1782682005.6674907,"caller":"logger/logger.go:106","msg":"Request served","request_id":"req-C2-treatment-run1-5-244-1782682005592-9xcqgcqn","status":200,"method":"POST","path":"/api/v1/infer","ip":"[IP-DISAMARKAN]","latency":0.071304655}
{"level":"info","ts":1782682005.8792267,"caller":"logger/logger.go:156","msg":"Experiment infer completed","request_id":"req-C2-treatment-run1-3-233-1782682005861-l4g3k8ue","request_id":"req-C2-treatment-run1-3-233-1782682005861-l4g3k8ue","scenario":"C2","condition":"treatment","run":1,"category":"partial","latency_ms":12}
{"level":"info","ts":1782682005.8792763,"caller":"logger/logger.go:106","msg":"Request served","request_id":"req-C2-treatment-run1-3-233-1782682005861-l4g3k8ue","status":200,"method":"POST","path":"/api/v1/infer","ip":"[IP-DISAMARKAN]","latency":0.015063275}
{"level":"info","ts":1782682006.1594732,"caller":"logger/logger.go:156","msg":"Experiment infer completed","request_id":"req-C2-treatment-run1-1-246-1782682006066-i1e57kgl","request_id":"req-C2-treatment-run1-1-246-1782682006066-i1e57kgl","scenario":"C2","condition":"treatment","run":1,"category":"partial","latency_ms":87}
{"level":"info","ts":1782682006.1595252,"caller":"logger/logger.go:106","msg":"Request served","request_id":"req-C2-treatment-run1-1-246-1782682006066-i1e57kgl","status":200,"method":"POST","path":"/api/v1/infer","ip":"[IP-DISAMARKAN]","latency":0.090575003}
{"level":"info","ts":1782682006.3590832,"caller":"logger/logger.go:156","msg":"Experiment infer completed","request_id":"req-C2-treatment-run1-4-241-1782682006265-47s138re","request_id":"req-C2-treatment-run1-4-241-1782682006265-47s138re","scenario":"C2","condition":"treatment","run":1,"category":"partial","latency_ms":88}
{"level":"info","ts":1782682006.359135,"caller":"logger/logger.go:106","msg":"Request served","request_id":"req-C2-treatment-run1-4-241-1782682006265-47s138re","status":200,"method":"POST","path":"/api/v1/infer","ip":"[IP-DISAMARKAN]","latency":0.090819916}
{"level":"info","ts":1782682006.573532,"caller":"logger/logger.go:156","msg":"Experiment infer completed","request_id":"req-C2-treatment-run1-2-233-1782682006467-jn5aetn6","request_id":"req-C2-treatment-run1-2-233-1782682006467-jn5aetn6","scenario":"C2","condition":"treatment","run":1,"category":"partial","latency_ms":100}
{"level":"info","ts":1782682006.573698,"caller":"logger/logger.go:106","msg":"Request served","request_id":"req-C2-treatment-run1-2-233-1782682006467-jn5aetn6","status":200,"method":"POST","path":"/api/v1/infer","ip":"[IP-DISAMARKAN]","latency":0.102797649}
{"level":"info","ts":1782682006.7641544,"caller":"logger/logger.go:156","msg":"Experiment infer completed","request_id":"req-C2-treatment-run1-5-245-1782682006669-rt9q4app","request_id":"req-C2-treatment-run1-5-245-1782682006669-rt9q4app","scenario":"C2","condition":"treatment","run":1,"category":"partial","latency_ms":88}
{"level":"info","ts":1782682006.7642038,"caller":"logger/logger.go:106","msg":"Request served","request_id":"req-C2-treatment-run1-5-245-1782682006669-rt9q4app","status":200,"method":"POST","path":"/api/v1/infer","ip":"[IP-DISAMARKAN]","latency":0.09143559}
{"level":"info","ts":1782682006.967889,"caller":"logger/logger.go:156","msg":"Experiment infer completed","request_id":"req-C2-treatment-run1-3-234-1782682006881-eyr7zbp5","request_id":"req-C2-treatment-run1-3-234-1782682006881-eyr7zbp5","scenario":"C2","condition":"treatment","run":1,"category":"partial","latency_ms":81}
{"level":"info","ts":1782682006.967939,"caller":"logger/logger.go:106","msg":"Request served","request_id":"req-C2-treatment-run1-3-234-1782682006881-eyr7zbp5","status":200,"method":"POST","path":"/api/v1/infer","ip":"[IP-DISAMARKAN]","latency":0.083728558}
{"level":"info","ts":1782682007.182852,"caller":"logger/logger.go:156","msg":"Experiment infer completed","request_id":"req-C2-treatment-run1-1-247-1782682007161-xt6rd6ns","request_id":"req-C2-treatment-run1-1-247-1782682007161-xt6rd6ns","scenario":"C2","condition":"treatment","run":1,"category":"partial","latency_ms":15}
{"level":"info","ts":1782682007.1829033,"caller":"logger/logger.go:106","msg":"Request served","request_id":"req-C2-treatment-run1-1-247-1782682007161-xt6rd6ns","status":200,"method":"POST","path":"/api/v1/infer","ip":"[IP-DISAMARKAN]","latency":0.018232484}
{"level":"info","ts":1782682007.3817606,"caller":"logger/logger.go:156","msg":"Experiment infer completed","request_id":"req-C2-treatment-run1-4-242-1782682007361-qbhzhlv6","request_id":"req-C2-treatment-run1-4-242-1782682007361-qbhzhlv6","scenario":"C2","condition":"treatment","run":1,"category":"partial","latency_ms":14}
{"level":"info","ts":1782682007.3818035,"caller":"logger/logger.go:106","msg":"Request served","request_id":"req-C2-treatment-run1-4-242-1782682007361-qbhzhlv6","status":200,"method":"POST","path":"/api/v1/infer","ip":"[IP-DISAMARKAN]","latency":0.017332477}
{"level":"info","ts":1782682007.613397,"caller":"logger/logger.go:106","msg":"Request served","request_id":"95052c2f28229e95","status":200,"method":"GET","path":"/metrics","ip":"[IP-DISAMARKAN]","latency":0.000920827}
{"level":"info","ts":1782682007.6672518,"caller":"logger/logger.go:156","msg":"Experiment infer completed","request_id":"req-C2-treatment-run1-2-234-1782682007576-wz0a1m20","request_id":"req-C2-treatment-run1-2-234-1782682007576-wz0a1m20","scenario":"C2","condition":"treatment","run":1,"category":"partial","latency_ms":85}
{"level":"info","ts":1782682007.6672978,"caller":"logger/logger.go:106","msg":"Request served","request_id":"req-C2-treatment-run1-2-234-1782682007576-wz0a1m20","status":200,"method":"POST","path":"/api/v1/infer","ip":"[IP-DISAMARKAN]","latency":0.087591749}
{"level":"info","ts":1782682007.8607876,"caller":"logger/logger.go:156","msg":"Experiment infer completed","request_id":"req-C2-treatment-run1-5-246-1782682007766-ec4ml7s3","request_id":"req-C2-treatment-run1-5-246-1782682007766-ec4ml7s3","scenario":"C2","condition":"treatment","run":1,"category":"partial","latency_ms":88}
{"level":"info","ts":1782682007.8608365,"caller":"logger/logger.go:106","msg":"Request served","request_id":"req-C2-treatment-run1-5-246-1782682007766-ec4ml7s3","status":200,"method":"POST","path":"/api/v1/infer","ip":"[IP-DISAMARKAN]","latency":0.091200526}
{"level":"info","ts":1782682008.063212,"caller":"logger/logger.go:156","msg":"Experiment infer completed","request_id":"req-C2-treatment-run1-3-235-1782682007970-skmh46dq","request_id":"req-C2-treatment-run1-3-235-1782682007970-skmh46dq","scenario":"C2","condition":"treatment","run":1,"category":"partial","latency_ms":87}
{"level":"info","ts":1782682008.063262,"caller":"logger/logger.go:106","msg":"Request served","request_id":"req-C2-treatment-run1-3-235-1782682007970-skmh46dq","status":200,"method":"POST","path":"/api/v1/infer","ip":"[IP-DISAMARKAN]","latency":0.090164012}
{"level":"info","ts":1782682008.2682202,"caller":"logger/logger.go:156","msg":"Experiment infer completed","request_id":"req-C2-treatment-run1-1-248-1782682008185-lkcpipm6","request_id":"req-C2-treatment-run1-1-248-1782682008185-lkcpipm6","scenario":"C2","condition":"treatment","run":1,"category":"partial","latency_ms":77}
{"level":"info","ts":1782682008.2682726,"caller":"logger/logger.go:106","msg":"Request served","request_id":"req-C2-treatment-run1-1-248-1782682008185-lkcpipm6","status":200,"method":"POST","path":"/api/v1/infer","ip":"[IP-DISAMARKAN]","latency":0.08015662}
{"level":"info","ts":1782682008.4699435,"caller":"logger/logger.go:156","msg":"Experiment infer completed","request_id":"req-C2-treatment-run1-4-243-1782682008383-dlidd6bw","request_id":"req-C2-treatment-run1-4-243-1782682008383-dlidd6bw","scenario":"C2","condition":"treatment","run":1,"category":"partial","latency_ms":81}
{"level":"info","ts":1782682008.469996,"caller":"logger/logger.go:106","msg":"Request served","request_id":"req-C2-treatment-run1-4-243-1782682008383-dlidd6bw","status":200,"method":"POST","path":"/api/v1/infer","ip":"[IP-DISAMARKAN]","latency":0.083495824}
{"level":"info","ts":1782682008.7561007,"caller":"logger/logger.go:156","msg":"Experiment infer completed","request_id":"req-C2-treatment-run1-2-235-1782682008669-d93tflkg","request_id":"req-C2-treatment-run1-2-235-1782682008669-d93tflkg","scenario":"C2","condition":"treatment","run":1,"category":"partial","latency_ms":81}
{"level":"info","ts":1782682008.7561507,"caller":"logger/logger.go:106","msg":"Request served","request_id":"req-C2-treatment-run1-2-235-1782682008669-d93tflkg","status":200,"method":"POST","path":"/api/v1/infer","ip":"[IP-DISAMARKAN]","latency":0.08323647}
{"level":"info","ts":1782682008.9574156,"caller":"logger/logger.go:156","msg":"Experiment infer completed","request_id":"req-C2-treatment-run1-5-247-1782682008862-xg95x8rr","request_id":"req-C2-treatment-run1-5-247-1782682008862-xg95x8rr","scenario":"C2","condition":"treatment","run":1,"category":"partial","latency_ms":89}
{"level":"info","ts":1782682008.95747,"caller":"logger/logger.go:106","msg":"Request served","request_id":"req-C2-treatment-run1-5-247-1782682008862-xg95x8rr","status":200,"method":"POST","path":"/api/v1/infer","ip":"[IP-DISAMARKAN]","latency":0.091765051}
{"level":"info","ts":1782682009.162203,"caller":"logger/logger.go:156","msg":"Experiment infer completed","request_id":"req-C2-treatment-run1-3-236-1782682009065-7rq290vq","request_id":"req-C2-treatment-run1-3-236-1782682009065-7rq290vq","scenario":"C2","condition":"treatment","run":1,"category":"partial","latency_ms":90}
{"level":"info","ts":1782682009.1622565,"caller":"logger/logger.go:106","msg":"Request served","request_id":"req-C2-treatment-run1-3-236-1782682009065-7rq290vq","status":200,"method":"POST","path":"/api/v1/infer","ip":"[IP-DISAMARKAN]","latency":0.093100597}
{"level":"info","ts":1782682009.3660586,"caller":"logger/logger.go:156","msg":"Experiment infer completed","request_id":"req-C2-treatment-run1-1-249-1782682009270-wesexegx","request_id":"req-C2-treatment-run1-1-249-1782682009270-wesexegx","scenario":"C2","condition":"treatment","run":1,"category":"partial","latency_ms":90}
{"level":"info","ts":1782682009.366107,"caller":"logger/logger.go:106","msg":"Request served","request_id":"req-C2-treatment-run1-1-249-1782682009270-wesexegx","status":200,"method":"POST","path":"/api/v1/infer","ip":"[IP-DISAMARKAN]","latency":0.092453843}
{"level":"info","ts":1782682009.5672145,"caller":"logger/logger.go:156","msg":"Experiment infer completed","request_id":"req-C2-treatment-run1-4-244-1782682009472-qbwd50pn","request_id":"req-C2-treatment-run1-4-244-1782682009472-qbwd50pn","scenario":"C2","condition":"treatment","run":1,"category":"partial","latency_ms":90}
{"level":"info","ts":1782682009.5674152,"caller":"logger/logger.go:106","msg":"Request served","request_id":"req-C2-treatment-run1-4-244-1782682009472-qbwd50pn","status":200,"method":"POST","path":"/api/v1/infer","ip":"[IP-DISAMARKAN]","latency":0.092525522}
{"level":"info","ts":1782682009.7790337,"caller":"logger/logger.go:156","msg":"Experiment infer completed","request_id":"req-C2-treatment-run1-2-236-1782682009758-8z88oyp2","request_id":"req-C2-treatment-run1-2-236-1782682009758-8z88oyp2","scenario":"C2","condition":"treatment","run":1,"category":"partial","latency_ms":14}
{"level":"info","ts":1782682009.7792017,"caller":"logger/logger.go:106","msg":"Request served","request_id":"req-C2-treatment-run1-2-236-1782682009758-8z88oyp2","status":200,"method":"POST","path":"/api/v1/infer","ip":"[IP-DISAMARKAN]","latency":0.016769161}
{"level":"info","ts":1782682009.980892,"caller":"logger/logger.go:156","msg":"Experiment infer completed","request_id":"req-C2-treatment-run1-5-248-1782682009960-poqpiadu","request_id":"req-C2-treatment-run1-5-248-1782682009960-poqpiadu","scenario":"C2","condition":"treatment","run":1,"category":"partial","latency_ms":15}
{"level":"info","ts":1782682009.9809332,"caller":"logger/logger.go:106","msg":"Request served","request_id":"req-C2-treatment-run1-5-248-1782682009960-poqpiadu","status":200,"method":"POST","path":"/api/v1/infer","ip":"[IP-DISAMARKAN]","latency":0.01758323}
{"level":"info","ts":1782682010.2590125,"caller":"logger/logger.go:156","msg":"Experiment infer completed","request_id":"req-C2-treatment-run1-3-237-1782682010163-frj19a40","request_id":"req-C2-treatment-run1-3-237-1782682010163-frj19a40","scenario":"C2","condition":"treatment","run":1,"category":"partial","latency_ms":90}
{"level":"info","ts":1782682010.2590702,"caller":"logger/logger.go:106","msg":"Request served","request_id":"req-C2-treatment-run1-3-237-1782682010163-frj19a40","status":200,"method":"POST","path":"/api/v1/infer","ip":"[IP-DISAMARKAN]","latency":0.092182331}
{"level":"info","ts":1782682010.4639406,"caller":"logger/logger.go:156","msg":"Experiment infer completed","request_id":"req-C2-treatment-run1-1-250-1782682010368-uuvjsp8y","request_id":"req-C2-treatment-run1-1-250-1782682010368-uuvjsp8y","scenario":"C2","condition":"treatment","run":1,"category":"partial","latency_ms":90}
{"level":"info","ts":1782682010.464145,"caller":"logger/logger.go:106","msg":"Request served","request_id":"req-C2-treatment-run1-1-250-1782682010368-uuvjsp8y","status":200,"method":"POST","path":"/api/v1/infer","ip":"[IP-DISAMARKAN]","latency":0.092831264}
{"level":"info","ts":1782682010.6647592,"caller":"logger/logger.go:156","msg":"Experiment infer completed","request_id":"req-C2-treatment-run1-4-245-1782682010569-bcx4jsd0","request_id":"req-C2-treatment-run1-4-245-1782682010569-bcx4jsd0","scenario":"C2","condition":"treatment","run":1,"category":"partial","latency_ms":89}
{"level":"info","ts":1782682010.664808,"caller":"logger/logger.go:106","msg":"Request served","request_id":"req-C2-treatment-run1-4-245-1782682010569-bcx4jsd0","status":200,"method":"POST","path":"/api/v1/infer","ip":"[IP-DISAMARKAN]","latency":0.092063964}
{"level":"info","ts":1782682010.8687217,"caller":"logger/logger.go:156","msg":"Experiment infer completed","request_id":"req-C2-treatment-run1-2-237-1782682010780-y32bd0ku","request_id":"req-C2-treatment-run1-2-237-1782682010780-y32bd0ku","scenario":"C2","condition":"treatment","run":1,"category":"partial","latency_ms":81}
{"level":"info","ts":1782682010.8689098,"caller":"logger/logger.go:106","msg":"Request served","request_id":"req-C2-treatment-run1-2-237-1782682010780-y32bd0ku","status":200,"method":"POST","path":"/api/v1/infer","ip":"[IP-DISAMARKAN]","latency":0.083965212}
{"level":"info","ts":1782682011.0688128,"caller":"logger/logger.go:156","msg":"Experiment infer completed","request_id":"req-C2-treatment-run1-5-249-1782682010982-g3ww385a","request_id":"req-C2-treatment-run1-5-249-1782682010982-g3ww385a","scenario":"C2","condition":"treatment","run":1,"category":"partial","latency_ms":81}
{"level":"info","ts":1782682011.0688643,"caller":"logger/logger.go:106","msg":"Request served","request_id":"req-C2-treatment-run1-5-249-1782682010982-g3ww385a","status":200,"method":"POST","path":"/api/v1/infer","ip":"[IP-DISAMARKAN]","latency":0.0832196}
{"level":"info","ts":1782682011.3565545,"caller":"logger/logger.go:156","msg":"Experiment infer completed","request_id":"req-C2-treatment-run1-3-238-1782682011261-2abs5mfy","request_id":"req-C2-treatment-run1-3-238-1782682011261-2abs5mfy","scenario":"C2","condition":"treatment","run":1,"category":"partial","latency_ms":90}
{"level":"info","ts":1782682011.3566089,"caller":"logger/logger.go:106","msg":"Request served","request_id":"req-C2-treatment-run1-3-238-1782682011261-2abs5mfy","status":200,"method":"POST","path":"/api/v1/infer","ip":"[IP-DISAMARKAN]","latency":0.092418855}
{"level":"info","ts":1782682011.5653565,"caller":"logger/logger.go:156","msg":"Experiment infer completed","request_id":"req-C2-treatment-run1-1-251-1782682011466-girnahco","request_id":"req-C2-treatment-run1-1-251-1782682011466-girnahco","scenario":"C2","condition":"treatment","run":1,"category":"partial","latency_ms":92}
{"level":"info","ts":1782682011.5654116,"caller":"logger/logger.go:106","msg":"Request served","request_id":"req-C2-treatment-run1-1-251-1782682011466-girnahco","status":200,"method":"POST","path":"/api/v1/infer","ip":"[IP-DISAMARKAN]","latency":0.095495906}
{"level":"info","ts":1782682011.7649658,"caller":"logger/logger.go:156","msg":"Experiment infer completed","request_id":"req-C2-treatment-run1-4-246-1782682011667-nnmzle8x","request_id":"req-C2-treatment-run1-4-246-1782682011667-nnmzle8x","scenario":"C2","condition":"treatment","run":1,"category":"partial","latency_ms":91}
{"level":"info","ts":1782682011.765015,"caller":"logger/logger.go:106","msg":"Request served","request_id":"req-C2-treatment-run1-4-246-1782682011667-nnmzle8x","status":200,"method":"POST","path":"/api/v1/infer","ip":"[IP-DISAMARKAN]","latency":0.094215009}
{"level":"info","ts":1782682011.9743166,"caller":"logger/logger.go:156","msg":"Experiment infer completed","request_id":"req-C2-treatment-run1-2-238-1782682011871-2ta17pmi","request_id":"req-C2-treatment-run1-2-238-1782682011871-2ta17pmi","scenario":"C2","condition":"treatment","run":1,"category":"partial","latency_ms":94}
{"level":"info","ts":1782682011.9743657,"caller":"logger/logger.go:106","msg":"Request served","request_id":"req-C2-treatment-run1-2-238-1782682011871-2ta17pmi","status":200,"method":"POST","path":"/api/v1/infer","ip":"[IP-DISAMARKAN]","latency":0.097218493}
{"level":"info","ts":1782682012.079552,"caller":"logger/logger.go:106","msg":"Circuit breaker transitioning to HALF_OPEN","name":"vision"}
{"level":"error","ts":1782682012.181251,"caller":"logger/logger.go:121","msg":"AI Worker gRPC failed","code":"Unavailable","message":"name resolver error: dns: A record lookup error: lookup vision-worker on 127.0.0.11:53: server misbehaving","stacktrace":"temandifa-backend/internal/logger.Error\n\t/app/internal/logger/logger.go:121\ntemandifa-backend/internal/services.(*aiService).handleError\n\t/app/internal/services/ai_service.go:387\ntemandifa-backend/internal/services.(*aiService).DetectObjects.func1\n\t/app/internal/services/ai_service.go:169\ntemandifa-backend/internal/services.(*aiService).DetectObjects\n\t/app/internal/services/ai_service.go:199\ntemandifa-backend/internal/handlers.(*ExperimentHandler).callWorkersConcurrent.func1\n\t/app/internal/handlers/experiment_handler.go:577"}
{"level":"warn","ts":1782682012.1832182,"caller":"logger/logger.go:116","msg":"Circuit breaker transitioning back to OPEN from HALF_OPEN","name":"vision"}
{"level":"info","ts":1782682012.2003942,"caller":"logger/logger.go:156","msg":"Experiment infer completed","request_id":"req-C2-treatment-run1-5-250-1782682012070-jtl617st","request_id":"req-C2-treatment-run1-5-250-1782682012070-jtl617st","scenario":"C2","condition":"treatment","run":1,"category":"partial","latency_ms":120}
{"level":"info","ts":1782682012.200451,"caller":"logger/logger.go:106","msg":"Request served","request_id":"req-C2-treatment-run1-5-250-1782682012070-jtl617st","status":200,"method":"POST","path":"/api/v1/infer","ip":"[IP-DISAMARKAN]","latency":0.126076673}
{"level":"info","ts":1782682012.4611487,"caller":"logger/logger.go:156","msg":"Experiment infer completed","request_id":"req-C2-treatment-run1-3-239-1782682012359-1r6p70xq","request_id":"req-C2-treatment-run1-3-239-1782682012359-1r6p70xq","scenario":"C2","condition":"treatment","run":1,"category":"partial","latency_ms":96}
{"level":"info","ts":1782682012.4612021,"caller":"logger/logger.go:106","msg":"Request served","request_id":"req-C2-treatment-run1-3-239-1782682012359-1r6p70xq","status":200,"method":"POST","path":"/api/v1/infer","ip":"[IP-DISAMARKAN]","latency":0.098956167}
{"level":"info","ts":1782682012.6134746,"caller":"logger/logger.go:106","msg":"Request served","request_id":"aecf4f8f3b985737","status":200,"method":"GET","path":"/metrics","ip":"[IP-DISAMARKAN]","latency":0.001092381}
{"level":"info","ts":1782682012.6585593,"caller":"logger/logger.go:156","msg":"Experiment infer completed","request_id":"req-C2-treatment-run1-1-252-1782682012567-6g9zc70o","request_id":"req-C2-treatment-run1-1-252-1782682012567-6g9zc70o","scenario":"C2","condition":"treatment","run":1,"category":"partial","latency_ms":85}
{"level":"info","ts":1782682012.6586041,"caller":"logger/logger.go:106","msg":"Request served","request_id":"req-C2-treatment-run1-1-252-1782682012567-6g9zc70o","status":200,"method":"POST","path":"/api/v1/infer","ip":"[IP-DISAMARKAN]","latency":0.087583679}
{"level":"info","ts":1782682012.8618093,"caller":"logger/logger.go:156","msg":"Experiment infer completed","request_id":"req-C2-treatment-run1-4-247-1782682012767-vfwmztb4","request_id":"req-C2-treatment-run1-4-247-1782682012767-vfwmztb4","scenario":"C2","condition":"treatment","run":1,"category":"partial","latency_ms":88}
{"level":"info","ts":1782682012.861865,"caller":"logger/logger.go:106","msg":"Request served","request_id":"req-C2-treatment-run1-4-247-1782682012767-vfwmztb4","status":200,"method":"POST","path":"/api/v1/infer","ip":"[IP-DISAMARKAN]","latency":0.090887995}
{"level":"info","ts":1782682013.084282,"caller":"logger/logger.go:156","msg":"Experiment infer completed","request_id":"req-C2-treatment-run1-2-239-1782682012977-s9x6o43i","request_id":"req-C2-treatment-run1-2-239-1782682012977-s9x6o43i","scenario":"C2","condition":"treatment","run":1,"category":"partial","latency_ms":101}
{"level":"info","ts":1782682013.084334,"caller":"logger/logger.go:106","msg":"Request served","request_id":"req-C2-treatment-run1-2-239-1782682012977-s9x6o43i","status":200,"method":"POST","path":"/api/v1/infer","ip":"[IP-DISAMARKAN]","latency":0.103369975}
{"level":"info","ts":1782682013.2681675,"caller":"logger/logger.go:156","msg":"Experiment infer completed","request_id":"req-C2-treatment-run1-5-251-1782682013203-qj6dfcvs","request_id":"req-C2-treatment-run1-5-251-1782682013203-qj6dfcvs","scenario":"C2","condition":"treatment","run":1,"category":"partial","latency_ms":60}
{"level":"info","ts":1782682013.2682178,"caller":"logger/logger.go:106","msg":"Request served","request_id":"req-C2-treatment-run1-5-251-1782682013203-qj6dfcvs","status":200,"method":"POST","path":"/api/v1/infer","ip":"[IP-DISAMARKAN]","latency":0.062242567}
{"level":"info","ts":1782682013.481388,"caller":"logger/logger.go:156","msg":"Experiment infer completed","request_id":"req-C2-treatment-run1-3-240-1782682013462-7jkaehl5","request_id":"req-C2-treatment-run1-3-240-1782682013462-7jkaehl5","scenario":"C2","condition":"treatment","run":1,"category":"partial","latency_ms":13}
{"level":"info","ts":1782682013.481444,"caller":"logger/logger.go:106","msg":"Request served","request_id":"req-C2-treatment-run1-3-240-1782682013462-7jkaehl5","status":200,"method":"POST","path":"/api/v1/infer","ip":"[IP-DISAMARKAN]","latency":0.015514563}
{"level":"info","ts":1782682013.6802914,"caller":"logger/logger.go:156","msg":"Experiment infer completed","request_id":"req-C2-treatment-run1-1-253-1782682013660-rieeor0o","request_id":"req-C2-treatment-run1-1-253-1782682013660-rieeor0o","scenario":"C2","condition":"treatment","run":1,"category":"partial","latency_ms":13}
{"level":"info","ts":1782682013.6803396,"caller":"logger/logger.go:106","msg":"Request served","request_id":"req-C2-treatment-run1-1-253-1782682013660-rieeor0o","status":200,"method":"POST","path":"/api/v1/infer","ip":"[IP-DISAMARKAN]","latency":0.016380282}
{"level":"info","ts":1782682013.9584126,"caller":"logger/logger.go:156","msg":"Experiment infer completed","request_id":"req-C2-treatment-run1-4-248-1782682013864-0z9ctcv3","request_id":"req-C2-treatment-run1-4-248-1782682013864-0z9ctcv3","scenario":"C2","condition":"treatment","run":1,"category":"partial","latency_ms":88}
{"level":"info","ts":1782682013.958462,"caller":"logger/logger.go:106","msg":"Request served","request_id":"req-C2-treatment-run1-4-248-1782682013864-0z9ctcv3","status":200,"method":"POST","path":"/api/v1/infer","ip":"[IP-DISAMARKAN]","latency":0.091002041}
{"level":"info","ts":1782682014.0913615,"caller":"logger/logger.go:106","msg":"Circuit breaker transitioning to HALF_OPEN","name":"speech"}
{"level":"error","ts":1782682014.1743147,"caller":"logger/logger.go:121","msg":"AI Worker gRPC failed","code":"Unavailable","message":"connection error: desc = \"transport: Error while dialing: dial tcp [IP-DISAMARKAN]:50053: connect: no route to host\"","stacktrace":"temandifa-backend/internal/logger.Error\n\t/app/internal/logger/logger.go:121\ntemandifa-backend/internal/services.(*aiService).handleError\n\t/app/internal/services/ai_service.go:387\ntemandifa-backend/internal/services.(*aiService).TranscribeAudio.func1\n\t/app/internal/services/ai_service.go:331\ntemandifa-backend/internal/services.(*aiService).TranscribeAudio\n\t/app/internal/services/ai_service.go:354\ntemandifa-backend/internal/handlers.(*ExperimentHandler).callWorkersConcurrent.func1\n\t/app/internal/handlers/experiment_handler.go:610"}
{"level":"warn","ts":1782682014.1743724,"caller":"logger/logger.go:116","msg":"Circuit breaker transitioning back to OPEN from HALF_OPEN","name":"speech"}
{"level":"info","ts":1782682014.17639,"caller":"logger/logger.go:156","msg":"Experiment infer completed","request_id":"req-C2-treatment-run1-2-240-1782682014086-0z2x8bpw","request_id":"req-C2-treatment-run1-2-240-1782682014086-0z2x8bpw","scenario":"C2","condition":"treatment","run":1,"category":"partial","latency_ms":84}
{"level":"info","ts":1782682014.176481,"caller":"logger/logger.go:106","msg":"Request served","request_id":"req-C2-treatment-run1-2-240-1782682014086-0z2x8bpw","status":200,"method":"POST","path":"/api/v1/infer","ip":"[IP-DISAMARKAN]","latency":0.08676611}
{"level":"info","ts":1782682014.3659363,"caller":"logger/logger.go:156","msg":"Experiment infer completed","request_id":"req-C2-treatment-run1-5-252-1782682014270-5ba1tnvl","request_id":"req-C2-treatment-run1-5-252-1782682014270-5ba1tnvl","scenario":"C2","condition":"treatment","run":1,"category":"partial","latency_ms":89}
{"level":"info","ts":1782682014.3659894,"caller":"logger/logger.go:106","msg":"Request served","request_id":"req-C2-treatment-run1-5-252-1782682014270-5ba1tnvl","status":200,"method":"POST","path":"/api/v1/infer","ip":"[IP-DISAMARKAN]","latency":0.092066124}
{"level":"info","ts":1782682014.5680583,"caller":"logger/logger.go:156","msg":"Experiment infer completed","request_id":"req-C2-treatment-run1-3-241-1782682014483-xbs860ab","request_id":"req-C2-treatment-run1-3-241-1782682014483-xbs860ab","scenario":"C2","condition":"treatment","run":1,"category":"partial","latency_ms":79}
{"level":"info","ts":1782682014.5682724,"caller":"logger/logger.go:106","msg":"Request served","request_id":"req-C2-treatment-run1-3-241-1782682014483-xbs860ab","status":200,"method":"POST","path":"/api/v1/infer","ip":"[IP-DISAMARKAN]","latency":0.081354659}
{"level":"info","ts":1782682014.772661,"caller":"logger/logger.go:156","msg":"Experiment infer completed","request_id":"req-C2-treatment-run1-1-254-1782682014682-cbq2oadm","request_id":"req-C2-treatment-run1-1-254-1782682014682-cbq2oadm","scenario":"C2","condition":"treatment","run":1,"category":"partial","latency_ms":79}
{"level":"info","ts":1782682014.772715,"caller":"logger/logger.go:106","msg":"Request served","request_id":"req-C2-treatment-run1-1-254-1782682014682-cbq2oadm","status":200,"method":"POST","path":"/api/v1/infer","ip":"[IP-DISAMARKAN]","latency":0.081796388}
{"level":"info","ts":1782682015.0577533,"caller":"logger/logger.go:156","msg":"Experiment infer completed","request_id":"req-C2-treatment-run1-4-249-1782682014960-5hd7oxeg","request_id":"req-C2-treatment-run1-4-249-1782682014960-5hd7oxeg","scenario":"C2","condition":"treatment","run":1,"category":"partial","latency_ms":90}
{"level":"info","ts":1782682015.0579033,"caller":"logger/logger.go:106","msg":"Request served","request_id":"req-C2-treatment-run1-4-249-1782682014960-5hd7oxeg","status":200,"method":"POST","path":"/api/v1/infer","ip":"[IP-DISAMARKAN]","latency":0.093310352}
{"level":"info","ts":1782682015.2973876,"caller":"logger/logger.go:156","msg":"Experiment infer completed","request_id":"req-C2-treatment-run1-2-241-1782682015178-g6rpcln8","request_id":"req-C2-treatment-run1-2-241-1782682015178-g6rpcln8","scenario":"C2","condition":"treatment","run":1,"category":"partial","latency_ms":110}
{"level":"info","ts":1782682015.2976384,"caller":"logger/logger.go:106","msg":"Request served","request_id":"req-C2-treatment-run1-2-241-1782682015178-g6rpcln8","status":200,"method":"POST","path":"/api/v1/infer","ip":"[IP-DISAMARKAN]","latency":0.114266676}
{"level":"info","ts":1782682015.4736164,"caller":"logger/logger.go:156","msg":"Experiment infer completed","request_id":"req-C2-treatment-run1-5-253-1782682015368-f6y2a7uf","request_id":"req-C2-treatment-run1-5-253-1782682015368-f6y2a7uf","scenario":"C2","condition":"treatment","run":1,"category":"partial","latency_ms":98}
{"level":"info","ts":1782682015.4738038,"caller":"logger/logger.go:106","msg":"Request served","request_id":"req-C2-treatment-run1-5-253-1782682015368-f6y2a7uf","status":200,"method":"POST","path":"/api/v1/infer","ip":"[IP-DISAMARKAN]","latency":0.102627672}
{"level":"info","ts":1782682015.6815743,"caller":"logger/logger.go:156","msg":"Experiment infer completed","request_id":"req-C2-treatment-run1-3-242-1782682015569-572i3nq7","request_id":"req-C2-treatment-run1-3-242-1782682015569-572i3nq7","scenario":"C2","condition":"treatment","run":1,"category":"partial","latency_ms":105}
{"level":"info","ts":1782682015.6816206,"caller":"logger/logger.go:106","msg":"Request served","request_id":"req-C2-treatment-run1-3-242-1782682015569-572i3nq7","status":200,"method":"POST","path":"/api/v1/infer","ip":"[IP-DISAMARKAN]","latency":0.10865572}
{"level":"warn","ts":1782682015.8347313,"caller":"logger/logger.go:116","msg":"Worker health check failed","worker":"vision","error":"rpc error: code = Unavailable desc = name resolver error: dns: A record lookup error: lookup vision-worker on 127.0.0.11:53: server misbehaving"}
{"level":"warn","ts":1782682015.8544269,"caller":"logger/logger.go:116","msg":"Worker health check failed","worker":"speech","error":"rpc error: code = Unavailable desc = connection error: desc = \"transport: Error while dialing: dial tcp [IP-DISAMARKAN]:50053: connect: no route to host\""}
{"level":"info","ts":1782682015.8562114,"caller":"logger/logger.go:106","msg":"Health check completed","vision":"UNHEALTHY","ocr":"HEALTHY","speech":"UNHEALTHY"}
{"level":"info","ts":1782682015.8820384,"caller":"logger/logger.go:156","msg":"Experiment infer completed","request_id":"req-C2-treatment-run1-1-255-1782682015774-48ua1c7f","request_id":"req-C2-treatment-run1-1-255-1782682015774-48ua1c7f","scenario":"C2","condition":"treatment","run":1,"category":"partial","latency_ms":100}
{"level":"info","ts":1782682015.8820868,"caller":"logger/logger.go:106","msg":"Request served","request_id":"req-C2-treatment-run1-1-255-1782682015774-48ua1c7f","status":200,"method":"POST","path":"/api/v1/infer","ip":"[IP-DISAMARKAN]","latency":0.103834743}