{"level":"info","ts":1782554479.4310014,"caller":"logger/logger.go:156","msg":"Experiment infer completed","request_id":"40b736d910fb8d03","request_id":"req-A3-static_resilience-run1-2-9-1782554454318-zbueey5w","scenario":"A3","condition":"static_resilience","run":1,"category":"full","latency_ms":25104}
{"level":"info","ts":1782554479.4312568,"caller":"logger/logger.go:106","msg":"Request served","request_id":"40b736d910fb8d03","status":200,"method":"POST","path":"/api/v1/infer","ip":"[IP-DISAMARKAN]","latency":25.10812229}
{"level":"warn","ts":1782554480.7281015,"caller":"logger/logger.go:116","msg":"Worker health check failed","worker":"speech","error":"rpc error: code = DeadlineExceeded desc = context deadline exceeded"}
{"level":"info","ts":1782554480.728469,"caller":"logger/logger.go:106","msg":"Health check completed","vision":"HEALTHY","ocr":"HEALTHY","speech":"UNHEALTHY"}
{"level":"error","ts":1782554481.1275682,"caller":"logger/logger.go:121","msg":"Server error","request_id":"c2a41c3126d7a938","status":503,"method":"GET","path":"/api/v1/health","ip":"::1","latency":5.017990582,"error":"","stacktrace":"temandifa-backend/internal/logger.Error\n\t/app/internal/logger/logger.go:121\nmain.NewHTTPServer.RequestLogger.func5\n\t/app/internal/middleware/request_logger.go:44\ngithub.com/gin-gonic/gin.(*Context).Next\n\t/go/pkg/mod/github.com/gin-gonic/gin@v1.11.0/context.go:192\nmain.NewHTTPServer.VersionMiddleware.func4\n\t/app/internal/middleware/versioning.go:35\ngithub.com/gin-gonic/gin.(*Context).Next\n\t/go/pkg/mod/github.com/gin-gonic/gin@v1.11.0/context.go:192\nmain.NewHTTPServer.RequestID.func3\n\t/app/internal/middleware/request_id.go:34\ngithub.com/gin-gonic/gin.(*Context).Next\n\t/go/pkg/mod/github.com/gin-gonic/gin@v1.11.0/context.go:192\nmain.NewHTTPServer.MaxBodySize.func2\n\t/app/internal/middleware/security.go:52\ngithub.com/gin-gonic/gin.(*Context).Next\n\t/go/pkg/mod/github.com/gin-gonic/gin@v1.11.0/context.go:192\nmain.NewHTTPServer.SecurityHeaders.func1\n\t/app/internal/middleware/security.go:36\ngithub.com/gin-gonic/gin.(*Context).Next\n\t/go/pkg/mod/github.com/gin-gonic/gin@v1.11.0/context.go:192\ngithub.com/gin-gonic/gin.(*Engine).handleHTTPRequest\n\t/go/pkg/mod/github.com/gin-gonic/gin@v1.11.0/gin.go:689\ngithub.com/gin-gonic/gin.(*Engine).ServeHTTP\n\t/go/pkg/mod/github.com/gin-gonic/gin@v1.11.0/gin.go:643\nnet/http.serverHandler.ServeHTTP\n\t/usr/local/go/src/net/http/server.go:3340\nnet/http.(*conn).serve\n\t/usr/local/go/src/net/http/server.go:2109"}
{"level":"info","ts":1782554482.614808,"caller":"logger/logger.go:106","msg":"Request served","request_id":"148658d82a8d662c","status":200,"method":"GET","path":"/metrics","ip":"[IP-DISAMARKAN]","latency":0.001047953}
{"level":"info","ts":1782554484.7155528,"caller":"logger/logger.go:156","msg":"Experiment infer completed","request_id":"fd86bbb77f3ad5b3","request_id":"req-A3-static_resilience-run1-4-6-1782554459517-9s1cyyyj","scenario":"A3","condition":"static_resilience","run":1,"category":"full","latency_ms":25191}
{"level":"info","ts":1782554484.715609,"caller":"logger/logger.go:106","msg":"Request served","request_id":"fd86bbb77f3ad5b3","status":200,"method":"POST","path":"/api/v1/infer","ip":"[IP-DISAMARKAN]","latency":25.194111299}
{"level":"info","ts":1782554487.6135902,"caller":"logger/logger.go:106","msg":"Request served","request_id":"dcbc19f8f3337baa","status":200,"method":"GET","path":"/metrics","ip":"[IP-DISAMARKAN]","latency":0.001077172}
{"level":"info","ts":1782554489.8337297,"caller":"logger/logger.go:156","msg":"Experiment infer completed","request_id":"e719ad303bb8f863","request_id":"req-A3-static_resilience-run1-5-4-1782554464635-e8ijondh","scenario":"A3","condition":"static_resilience","run":1,"category":"full","latency_ms":25193}
{"level":"info","ts":1782554489.8337862,"caller":"logger/logger.go:106","msg":"Request served","request_id":"e719ad303bb8f863","status":200,"method":"POST","path":"/api/v1/infer","ip":"[IP-DISAMARKAN]","latency":25.195777646}
{"level":"info","ts":1782554492.6146789,"caller":"logger/logger.go:106","msg":"Request served","request_id":"3f30e3490faaa109","status":200,"method":"GET","path":"/metrics","ip":"[IP-DISAMARKAN]","latency":0.001237959}
{"level":"info","ts":1782554494.9337685,"caller":"logger/logger.go:156","msg":"Experiment infer completed","request_id":"d236d3dc5e7adfa6","request_id":"req-A3-static_resilience-run1-1-14-1782554469915-yaxdw6it","scenario":"A3","condition":"static_resilience","run":1,"category":"full","latency_ms":25010}
{"level":"info","ts":1782554494.933819,"caller":"logger/logger.go:106","msg":"Request served","request_id":"d236d3dc5e7adfa6","status":200,"method":"POST","path":"/api/v1/infer","ip":"[IP-DISAMARKAN]","latency":25.014295067}
{"level":"info","ts":1782554495.0121975,"caller":"logger/logger.go:106","msg":"Health check completed","vision":"HEALTHY","ocr":"HEALTHY","speech":"HEALTHY"}
{"level":"info","ts":1782554497.6145353,"caller":"logger/logger.go:106","msg":"Request served","request_id":"13475c789d6eb019","status":200,"method":"GET","path":"/metrics","ip":"[IP-DISAMARKAN]","latency":0.001071592}
{"level":"info","ts":1782554500.1278253,"caller":"logger/logger.go:156","msg":"Experiment infer completed","request_id":"f8d1097d204cc421","request_id":"req-A3-static_resilience-run1-3-3-1782554475118-jh9acxao","scenario":"A3","condition":"static_resilience","run":1,"category":"full","latency_ms":24999}
{"level":"info","ts":1782554500.1278877,"caller":"logger/logger.go:106","msg":"Request served","request_id":"f8d1097d204cc421","status":200,"method":"POST","path":"/api/v1/infer","ip":"[IP-DISAMARKAN]","latency":25.003374015}
{"level":"info","ts":1782554502.6143405,"caller":"logger/logger.go:106","msg":"Request served","request_id":"0d8b8732d269bc58","status":200,"method":"GET","path":"/metrics","ip":"[IP-DISAMARKAN]","latency":0.001056113}
{"level":"info","ts":1782554505.2280288,"caller":"logger/logger.go:156","msg":"Experiment infer completed","request_id":"3320d11791d892dc","request_id":"req-A3-static_resilience-run1-2-10-1782554480433-cu54yzke","scenario":"A3","condition":"static_resilience","run":1,"category":"full","latency_ms":24789}
{"level":"info","ts":1782554505.2281518,"caller":"logger/logger.go:106","msg":"Request served","request_id":"3320d11791d892dc","status":200,"method":"POST","path":"/api/v1/infer","ip":"[IP-DISAMARKAN]","latency":24.791985568}
{"level":"info","ts":1782554507.6150072,"caller":"logger/logger.go:106","msg":"Request served","request_id":"21a6fd9eaa4909d8","status":200,"method":"GET","path":"/metrics","ip":"[IP-DISAMARKAN]","latency":0.001126971}
{"level":"info","ts":1782554510.6189861,"caller":"logger/logger.go:106","msg":"Health check completed","vision":"HEALTHY","ocr":"HEALTHY","speech":"HEALTHY"}
{"level":"info","ts":1782554510.6203918,"caller":"logger/logger.go:156","msg":"Experiment infer completed","request_id":"85a43e9145610b20","request_id":"req-A3-static_resilience-run1-4-7-1782554485718-ao6v3t0r","scenario":"A3","condition":"static_resilience","run":1,"category":"full","latency_ms":24891}
{"level":"info","ts":1782554510.6204348,"caller":"logger/logger.go:106","msg":"Request served","request_id":"85a43e9145610b20","status":200,"method":"POST","path":"/api/v1/infer","ip":"[IP-DISAMARKAN]","latency":24.897180251}
{"level":"info","ts":1782554512.6133165,"caller":"logger/logger.go:106","msg":"Request served","request_id":"eee445ff7fccc1be","status":200,"method":"GET","path":"/metrics","ip":"[IP-DISAMARKAN]","latency":0.001243897}
{"level":"info","ts":1782554515.8164363,"caller":"logger/logger.go:106","msg":"Request served","request_id":"34e24734eb8165d1","status":200,"method":"GET","path":"/api/v1/health","ip":"::1","latency":4.638137724}
{"level":"info","ts":1782554515.8173795,"caller":"logger/logger.go:156","msg":"Experiment infer completed","request_id":"2ab0823a79208a6a","request_id":"req-A3-static_resilience-run1-5-5-1782554490836-sle1gokz","scenario":"A3","condition":"static_resilience","run":1,"category":"full","latency_ms":24974}
{"level":"info","ts":1782554515.817429,"caller":"logger/logger.go:106","msg":"Request served","request_id":"2ab0823a79208a6a","status":200,"method":"POST","path":"/api/v1/infer","ip":"[IP-DISAMARKAN]","latency":24.978267429}
{"level":"info","ts":1782554517.6143537,"caller":"logger/logger.go:106","msg":"Request served","request_id":"831420b8bcb72759","status":200,"method":"GET","path":"/metrics","ip":"[IP-DISAMARKAN]","latency":0.000908127}
{"level":"info","ts":1782554521.0163708,"caller":"logger/logger.go:156","msg":"Experiment infer completed","request_id":"8caf00aac17da808","request_id":"req-A3-static_resilience-run1-1-15-1782554495936-k6g4w236","scenario":"A3","condition":"static_resilience","run":1,"category":"full","latency_ms":25074}
{"level":"info","ts":1782554521.016421,"caller":"logger/logger.go:106","msg":"Request served","request_id":"8caf00aac17da808","status":200,"method":"POST","path":"/api/v1/infer","ip":"[IP-DISAMARKAN]","latency":25.076954457}
{"level":"info","ts":1782554522.6130924,"caller":"logger/logger.go:106","msg":"Request served","request_id":"c56f308497cdb37b","status":200,"method":"GET","path":"/metrics","ip":"[IP-DISAMARKAN]","latency":0.000843769}
{"level":"warn","ts":1782554525.726963,"caller":"logger/logger.go:116","msg":"Worker health check failed","worker":"speech","error":"rpc error: code = DeadlineExceeded desc = context deadline exceeded"}
{"level":"info","ts":1782554525.7277985,"caller":"logger/logger.go:106","msg":"Health check completed","vision":"HEALTHY","ocr":"HEALTHY","speech":"UNHEALTHY"}
{"level":"info","ts":1782554526.2191422,"caller":"logger/logger.go:156","msg":"Experiment infer completed","request_id":"e44de2808f0e2cec","request_id":"req-A3-static_resilience-run1-3-4-1782554501131-6cm77dcl","scenario":"A3","condition":"static_resilience","run":1,"category":"full","latency_ms":25082}
{"level":"info","ts":1782554526.219192,"caller":"logger/logger.go:106","msg":"Request served","request_id":"e44de2808f0e2cec","status":200,"method":"POST","path":"/api/v1/infer","ip":"[IP-DISAMARKAN]","latency":25.084407456}
{"level":"info","ts":1782554527.6136487,"caller":"logger/logger.go:106","msg":"Request served","request_id":"f339835e1eee48f4","status":200,"method":"GET","path":"/metrics","ip":"[IP-DISAMARKAN]","latency":0.0012038}
{"level":"info","ts":1782554531.4181166,"caller":"logger/logger.go:156","msg":"Experiment infer completed","request_id":"426b2830e5e8c07e","request_id":"req-A3-static_resilience-run1-2-11-1782554506230-0y8o623b","scenario":"A3","condition":"static_resilience","run":1,"category":"full","latency_ms":25177}
{"level":"info","ts":1782554531.4181662,"caller":"logger/logger.go:106","msg":"Request served","request_id":"426b2830e5e8c07e","status":200,"method":"POST","path":"/api/v1/infer","ip":"[IP-DISAMARKAN]","latency":25.183497027}
{"level":"info","ts":1782554532.614305,"caller":"logger/logger.go:106","msg":"Request served","request_id":"b4a1a032191c1727","status":200,"method":"GET","path":"/metrics","ip":"[IP-DISAMARKAN]","latency":0.000896677}
{"level":"info","ts":1782554536.6148984,"caller":"logger/logger.go:156","msg":"Experiment infer completed","request_id":"e91ca0bf9c8b7d45","request_id":"req-A3-static_resilience-run1-4-8-1782554511623-c0iwgr2a","scenario":"A3","condition":"static_resilience","run":1,"category":"full","latency_ms":24982}
{"level":"info","ts":1782554536.6149497,"caller":"logger/logger.go:106","msg":"Request served","request_id":"e91ca0bf9c8b7d45","status":200,"method":"POST","path":"/api/v1/infer","ip":"[IP-DISAMARKAN]","latency":24.98711124}
{"level":"info","ts":1782554537.6141362,"caller":"logger/logger.go:106","msg":"Request served","request_id":"773333af4f07e2d8","status":200,"method":"GET","path":"/metrics","ip":"[IP-DISAMARKAN]","latency":0.000986685}
{"level":"warn","ts":1782554540.7267382,"caller":"logger/logger.go:116","msg":"Worker health check failed","worker":"speech","error":"rpc error: code = DeadlineExceeded desc = context deadline exceeded"}
{"level":"info","ts":1782554540.7271771,"caller":"logger/logger.go:106","msg":"Health check completed","vision":"HEALTHY","ocr":"HEALTHY","speech":"UNHEALTHY"}
{"level":"info","ts":1782554542.016807,"caller":"logger/logger.go:156","msg":"Experiment infer completed","request_id":"323a2a4b13ca4316","request_id":"req-A3-static_resilience-run1-5-6-1782554516820-zt4tzx7v","scenario":"A3","condition":"static_resilience","run":1,"category":"full","latency_ms":25190}
{"level":"info","ts":1782554542.0168726,"caller":"logger/logger.go:106","msg":"Request served","request_id":"323a2a4b13ca4316","status":200,"method":"POST","path":"/api/v1/infer","ip":"[IP-DISAMARKAN]","latency":25.193433357}
{"level":"info","ts":1782554542.613933,"caller":"logger/logger.go:106","msg":"Request served","request_id":"293ffb173cfbc0c9","status":200,"method":"GET","path":"/metrics","ip":"[IP-DISAMARKAN]","latency":0.001023044}
{"level":"info","ts":1782554545.7231712,"caller":"logger/logger.go:106","msg":"Request served","request_id":"93f79777334211f0","status":200,"method":"GET","path":"/","ip":"[IP-DISAMARKAN]","latency":0.000111747}
{"level":"info","ts":1782554545.7356246,"caller":"logger/logger.go:106","msg":"Request served","request_id":"270ca1139fd8b048","status":200,"method":"GET","path":"/","ip":"[IP-DISAMARKAN]","latency":0.000021059}
{"level":"info","ts":1782554547.212099,"caller":"logger/logger.go:156","msg":"Experiment infer completed","request_id":"6747ec829103848a","request_id":"req-A3-static_resilience-run1-1-16-1782554522019-4z3clu1e","scenario":"A3","condition":"static_resilience","run":1,"category":"full","latency_ms":25182}
{"level":"info","ts":1782554547.212206,"caller":"logger/logger.go:106","msg":"Request served","request_id":"6747ec829103848a","status":200,"method":"POST","path":"/api/v1/infer","ip":"[IP-DISAMARKAN]","latency":25.187419954}
{"level":"info","ts":1782554547.6148636,"caller":"logger/logger.go:106","msg":"Request served","request_id":"d1e9df3172029ae1","status":200,"method":"GET","path":"/metrics","ip":"[IP-DISAMARKAN]","latency":0.001433275}
{"level":"error","ts":1782554550.9132001,"caller":"logger/logger.go:121","msg":"Server error","request_id":"374d89572fbccf40","status":503,"method":"GET","path":"/api/v1/health","ip":"::1","latency":5.043569462,"error":"","stacktrace":"temandifa-backend/internal/logger.Error\n\t/app/internal/logger/logger.go:121\nmain.NewHTTPServer.RequestLogger.func5\n\t/app/internal/middleware/request_logger.go:44\ngithub.com/gin-gonic/gin.(*Context).Next\n\t/go/pkg/mod/github.com/gin-gonic/gin@v1.11.0/context.go:192\nmain.NewHTTPServer.VersionMiddleware.func4\n\t/app/internal/middleware/versioning.go:35\ngithub.com/gin-gonic/gin.(*Context).Next\n\t/go/pkg/mod/github.com/gin-gonic/gin@v1.11.0/context.go:192\nmain.NewHTTPServer.RequestID.func3\n\t/app/internal/middleware/request_id.go:34\ngithub.com/gin-gonic/gin.(*Context).Next\n\t/go/pkg/mod/github.com/gin-gonic/gin@v1.11.0/context.go:192\nmain.NewHTTPServer.MaxBodySize.func2\n\t/app/internal/middleware/security.go:52\ngithub.com/gin-gonic/gin.(*Context).Next\n\t/go/pkg/mod/github.com/gin-gonic/gin@v1.11.0/context.go:192\nmain.NewHTTPServer.SecurityHeaders.func1\n\t/app/internal/middleware/security.go:36\ngithub.com/gin-gonic/gin.(*Context).Next\n\t/go/pkg/mod/github.com/gin-gonic/gin@v1.11.0/context.go:192\ngithub.com/gin-gonic/gin.(*Engine).handleHTTPRequest\n\t/go/pkg/mod/github.com/gin-gonic/gin@v1.11.0/gin.go:689\ngithub.com/gin-gonic/gin.(*Engine).ServeHTTP\n\t/go/pkg/mod/github.com/gin-gonic/gin@v1.11.0/gin.go:643\nnet/http.serverHandler.ServeHTTP\n\t/usr/local/go/src/net/http/server.go:3340\nnet/http.(*conn).serve\n\t/usr/local/go/src/net/http/server.go:2109"}
{"level":"info","ts":1782554552.3289728,"caller":"logger/logger.go:156","msg":"Experiment infer completed","request_id":"c5b17e5f3b557553","request_id":"req-A3-static_resilience-run1-3-5-1782554527221-2vzrpdcv","scenario":"A3","condition":"static_resilience","run":1,"category":"full","latency_ms":25102}
{"level":"info","ts":1782554552.329042,"caller":"logger/logger.go:106","msg":"Request served","request_id":"c5b17e5f3b557553","status":200,"method":"POST","path":"/api/v1/infer","ip":"[IP-DISAMARKAN]","latency":25.105421581}
{"level":"info","ts":1782554552.6146443,"caller":"logger/logger.go:106","msg":"Request served","request_id":"8ef8d4c8032fa299","status":200,"method":"GET","path":"/metrics","ip":"[IP-DISAMARKAN]","latency":0.001357426}
{"level":"warn","ts":1782554555.7268326,"caller":"logger/logger.go:116","msg":"Worker health check failed","worker":"speech","error":"rpc error: code = DeadlineExceeded desc = context deadline exceeded"}
{"level":"info","ts":1782554555.727322,"caller":"logger/logger.go:106","msg":"Health check completed","vision":"HEALTHY","ocr":"HEALTHY","speech":"UNHEALTHY"}
{"level":"info","ts":1782554557.326947,"caller":"logger/logger.go:106","msg":"Request served","request_id":"160ffb85ea95d980","status":200,"method":"GET","path":"/","ip":"[IP-DISAMARKAN]","latency":0.000046079}
{"level":"info","ts":1782554557.5186124,"caller":"logger/logger.go:156","msg":"Experiment infer completed","request_id":"015bf665149f13c7","request_id":"req-A3-static_resilience-run1-2-12-1782554532420-wnuzujsb","scenario":"A3","condition":"static_resilience","run":1,"category":"full","latency_ms":25093}
{"level":"info","ts":1782554557.5186622,"caller":"logger/logger.go:106","msg":"Request served","request_id":"015bf665149f13c7","status":200,"method":"POST","path":"/api/v1/infer","ip":"[IP-DISAMARKAN]","latency":25.095468558}
{"level":"info","ts":1782554557.612849,"caller":"logger/logger.go:106","msg":"Request served","request_id":"a87c2dedccc99a83","status":200,"method":"GET","path":"/metrics","ip":"[IP-DISAMARKAN]","latency":0.000991754}
{"level":"info","ts":1782554562.6126568,"caller":"logger/logger.go:106","msg":"Request served","request_id":"82868014519c1141","status":200,"method":"GET","path":"/metrics","ip":"[IP-DISAMARKAN]","latency":0.000776}
{"level":"info","ts":1782554562.7167404,"caller":"logger/logger.go:156","msg":"Experiment infer completed","request_id":"d5e6663be8fe1ef1","request_id":"req-A3-static_resilience-run1-4-9-1782554537617-95jfilk4","scenario":"A3","condition":"static_resilience","run":1,"category":"full","latency_ms":25091}
{"level":"info","ts":1782554562.7167962,"caller":"logger/logger.go:106","msg":"Request served","request_id":"d5e6663be8fe1ef1","status":200,"method":"POST","path":"/api/v1/infer","ip":"[IP-DISAMARKAN]","latency":25.095056073}
{"level":"info","ts":1782554567.614334,"caller":"logger/logger.go:106","msg":"Request served","request_id":"adf7d85ed6416a67","status":200,"method":"GET","path":"/metrics","ip":"[IP-DISAMARKAN]","latency":0.001545431}
{"level":"info","ts":1782554567.933327,"caller":"logger/logger.go:156","msg":"Experiment infer completed","request_id":"35b69be9ad6ec9f5","request_id":"req-A3-static_resilience-run1-5-7-1782554543018-7szjclrg","scenario":"A3","condition":"static_resilience","run":1,"category":"full","latency_ms":24909}
{"level":"info","ts":1782554567.9333751,"caller":"logger/logger.go:106","msg":"Request served","request_id":"35b69be9ad6ec9f5","status":200,"method":"POST","path":"/api/v1/infer","ip":"[IP-DISAMARKAN]","latency":24.912167157}
{"level":"warn","ts":1782554570.7271307,"caller":"logger/logger.go:116","msg":"Worker health check failed","worker":"speech","error":"rpc error: code = DeadlineExceeded desc = context deadline exceeded"}
{"level":"info","ts":1782554570.7274227,"caller":"logger/logger.go:106","msg":"Health check completed","vision":"HEALTHY","ocr":"HEALTHY","speech":"UNHEALTHY"}
{"level":"info","ts":1782554572.6133528,"caller":"logger/logger.go:106","msg":"Request served","request_id":"656f19365fcdb2b5","status":200,"method":"GET","path":"/metrics","ip":"[IP-DISAMARKAN]","latency":0.001216069}
{"level":"info","ts":1782554573.2232718,"caller":"logger/logger.go:156","msg":"Experiment infer completed","request_id":"b077bcc4c4029917","request_id":"req-A3-static_resilience-run1-4-10-1782554563719-7hgsx3xh","scenario":"A3","condition":"static_resilience","run":1,"category":"full","latency_ms":9498}
{"level":"info","ts":1782554573.223324,"caller":"logger/logger.go:106","msg":"Request served","request_id":"b077bcc4c4029917","status":200,"method":"POST","path":"/api/v1/infer","ip":"[IP-DISAMARKAN]","latency":9.501156085}
{"level":"info","ts":1782554577.6136727,"caller":"logger/logger.go:106","msg":"Request served","request_id":"c878686845ea14d9","status":200,"method":"GET","path":"/metrics","ip":"[IP-DISAMARKAN]","latency":0.000828619}
{"level":"info","ts":1782554578.424381,"caller":"logger/logger.go:156","msg":"Experiment infer completed","request_id":"a8f8feccdd4aca64","request_id":"req-A3-static_resilience-run1-3-6-1782554553331-ogvzgcl8","scenario":"A3","condition":"static_resilience","run":1,"category":"full","latency_ms":25087}
{"level":"info","ts":1782554578.4244385,"caller":"logger/logger.go:106","msg":"Request served","request_id":"a8f8feccdd4aca64","status":200,"method":"POST","path":"/api/v1/infer","ip":"[IP-DISAMARKAN]","latency":25.090501596}
{"level":"info","ts":1782554582.612945,"caller":"logger/logger.go:106","msg":"Request served","request_id":"5a0ae912a39c136e","status":200,"method":"GET","path":"/metrics","ip":"[IP-DISAMARKAN]","latency":0.001013734}
{"level":"info","ts":1782554583.618613,"caller":"logger/logger.go:156","msg":"Experiment infer completed","request_id":"400faa5dc703ed7f","request_id":"req-A3-static_resilience-run1-2-13-1782554558521-dp60jqxi","scenario":"A3","condition":"static_resilience","run":1,"category":"full","latency_ms":25086}
{"level":"info","ts":1782554583.6186652,"caller":"logger/logger.go:106","msg":"Request served","request_id":"400faa5dc703ed7f","status":200,"method":"POST","path":"/api/v1/infer","ip":"[IP-DISAMARKAN]","latency":25.094385126}
{"level":"info","ts":1782554583.7843363,"caller":"logger/logger.go:106","msg":"ExperimentService","event":"fault_logged","type":"fault_injected","target":"vision,speech"}
{"level":"info","ts":1782554583.7844944,"caller":"logger/logger.go:106","msg":"Request served","request_id":"5e3d7ac5ea057df4","status":201,"method":"POST","path":"/api/v1/experiments/fault-events","ip":"[IP-DISAMARKAN]","latency":0.003273786}
{"level":"warn","ts":1782554585.7263265,"caller":"logger/logger.go:116","msg":"Worker health check failed","worker":"speech","error":"rpc error: code = DeadlineExceeded desc = context deadline exceeded"}
{"level":"info","ts":1782554585.7267041,"caller":"logger/logger.go:106","msg":"Health check completed","vision":"HEALTHY","ocr":"HEALTHY","speech":"UNHEALTHY"}
{"level":"error","ts":1782554585.9461288,"caller":"logger/logger.go:121","msg":"Server error","request_id":"af6bbb0f30f870ef","status":503,"method":"GET","path":"/api/v1/health","ip":"::1","latency":5.012223417,"error":"","stacktrace":"temandifa-backend/internal/logger.Error\n\t/app/internal/logger/logger.go:121\nmain.NewHTTPServer.RequestLogger.func5\n\t/app/internal/middleware/request_logger.go:44\ngithub.com/gin-gonic/gin.(*Context).Next\n\t/go/pkg/mod/github.com/gin-gonic/gin@v1.11.0/context.go:192\nmain.NewHTTPServer.VersionMiddleware.func4\n\t/app/internal/middleware/versioning.go:35\ngithub.com/gin-gonic/gin.(*Context).Next\n\t/go/pkg/mod/github.com/gin-gonic/gin@v1.11.0/context.go:192\nmain.NewHTTPServer.RequestID.func3\n\t/app/internal/middleware/request_id.go:34\ngithub.com/gin-gonic/gin.(*Context).Next\n\t/go/pkg/mod/github.com/gin-gonic/gin@v1.11.0/context.go:192\nmain.NewHTTPServer.MaxBodySize.func2\n\t/app/internal/middleware/security.go:52\ngithub.com/gin-gonic/gin.(*Context).Next\n\t/go/pkg/mod/github.com/gin-gonic/gin@v1.11.0/context.go:192\nmain.NewHTTPServer.SecurityHeaders.func1\n\t/app/internal/middleware/security.go:36\ngithub.com/gin-gonic/gin.(*Context).Next\n\t/go/pkg/mod/github.com/gin-gonic/gin@v1.11.0/context.go:192\ngithub.com/gin-gonic/gin.(*Engine).handleHTTPRequest\n\t/go/pkg/mod/github.com/gin-gonic/gin@v1.11.0/gin.go:689\ngithub.com/gin-gonic/gin.(*Engine).ServeHTTP\n\t/go/pkg/mod/github.com/gin-gonic/gin@v1.11.0/gin.go:643\nnet/http.serverHandler.ServeHTTP\n\t/usr/local/go/src/net/http/server.go:3340\nnet/http.(*conn).serve\n\t/usr/local/go/src/net/http/server.go:2109"}
{"level":"info","ts":1782554587.6137986,"caller":"logger/logger.go:106","msg":"Request served","request_id":"c06419132c62f80c","status":200,"method":"GET","path":"/metrics","ip":"[IP-DISAMARKAN]","latency":0.001299408}
{"level":"info","ts":1782554591.0228264,"caller":"logger/logger.go:156","msg":"Experiment infer completed","request_id":"f14073209d0dd9bd","request_id":"req-A3-static_resilience-run1-1-17-1782554548215-kcx4brpm","scenario":"A3","condition":"static_resilience","run":1,"category":"full","latency_ms":42798}
{"level":"info","ts":1782554591.0228825,"caller":"logger/logger.go:106","msg":"Request served","request_id":"f14073209d0dd9bd","status":200,"method":"POST","path":"/api/v1/infer","ip":"[IP-DISAMARKAN]","latency":42.801357313}
{"level":"info","ts":1782554592.6132078,"caller":"logger/logger.go:106","msg":"Request served","request_id":"b4f33263de08b220","status":200,"method":"GET","path":"/metrics","ip":"[IP-DISAMARKAN]","latency":0.001099242}
{"level":"info","ts":1782554597.6136072,"caller":"logger/logger.go:106","msg":"Request served","request_id":"2ac0f135120cd332","status":200,"method":"GET","path":"/metrics","ip":"[IP-DISAMARKAN]","latency":0.001126661}
{"level":"warn","ts":1782554600.72832,"caller":"logger/logger.go:116","msg":"Worker health check failed","worker":"speech","error":"rpc error: code = DeadlineExceeded desc = context deadline exceeded"}
{"level":"info","ts":1782554600.7296116,"caller":"logger/logger.go:106","msg":"Health check completed","vision":"HEALTHY","ocr":"HEALTHY","speech":"UNHEALTHY"}
{"level":"info","ts":1782554602.6165128,"caller":"logger/logger.go:106","msg":"Request served","request_id":"de3032badffe280f","status":200,"method":"GET","path":"/metrics","ip":"[IP-DISAMARKAN]","latency":0.001298348}
{"level":"info","ts":1782554607.3371232,"caller":"logger/logger.go:156","msg":"Experiment infer completed","request_id":"5d7ff2fd868b7b50","request_id":"req-A3-static_resilience-run1-5-8-1782554568935-p4de8r0v","scenario":"A3","condition":"static_resilience","run":1,"category":"full","latency_ms":38394}
{"level":"info","ts":1782554607.3371801,"caller":"logger/logger.go:106","msg":"Request served","request_id":"5d7ff2fd868b7b50","status":200,"method":"POST","path":"/api/v1/infer","ip":"[IP-DISAMARKAN]","latency":38.398394277}
{"level":"info","ts":1782554607.6187916,"caller":"logger/logger.go:106","msg":"Request served","request_id":"c0b7ba3b8b2cdd96","status":200,"method":"GET","path":"/metrics","ip":"[IP-DISAMARKAN]","latency":0.005620806}
{"level":"info","ts":1782554612.6161993,"caller":"logger/logger.go:106","msg":"Request served","request_id":"4e29bf6d9e204318","status":200,"method":"GET","path":"/metrics","ip":"[IP-DISAMARKAN]","latency":0.002829593}
{"level":"warn","ts":1782554615.726257,"caller":"logger/logger.go:116","msg":"Worker health check failed","worker":"speech","error":"rpc error: code = DeadlineExceeded desc = context deadline exceeded"}
{"level":"info","ts":1782554615.7268975,"caller":"logger/logger.go:106","msg":"Health check completed","vision":"HEALTHY","ocr":"HEALTHY","speech":"UNHEALTHY"}
{"level":"info","ts":1782554617.6137,"caller":"logger/logger.go:106","msg":"Request served","request_id":"f87f0a915aaf0f9d","status":200,"method":"GET","path":"/metrics","ip":"[IP-DISAMARKAN]","latency":0.001147483}
{"level":"info","ts":1782554620.927783,"caller":"logger/logger.go:156","msg":"Experiment infer completed","request_id":"99f2cf2eca28c223","request_id":"req-A3-static_resilience-run1-4-11-1782554574227-0ahpjnp7","scenario":"A3","condition":"static_resilience","run":1,"category":"full","latency_ms":46693}
{"level":"info","ts":1782554620.9278512,"caller":"logger/logger.go:106","msg":"Request served","request_id":"99f2cf2eca28c223","status":200,"method":"POST","path":"/api/v1/infer","ip":"[IP-DISAMARKAN]","latency":46.698172269}
{"level":"error","ts":1782554621.0220091,"caller":"logger/logger.go:121","msg":"Server error","request_id":"755c8c1c2f3b6e25","status":503,"method":"GET","path":"/api/v1/health","ip":"::1","latency":5.024779059,"error":"","stacktrace":"temandifa-backend/internal/logger.Error\n\t/app/internal/logger/logger.go:121\nmain.NewHTTPServer.RequestLogger.func5\n\t/app/internal/middleware/request_logger.go:44\ngithub.com/gin-gonic/gin.(*Context).Next\n\t/go/pkg/mod/github.com/gin-gonic/gin@v1.11.0/context.go:192\nmain.NewHTTPServer.VersionMiddleware.func4\n\t/app/internal/middleware/versioning.go:35\ngithub.com/gin-gonic/gin.(*Context).Next\n\t/go/pkg/mod/github.com/gin-gonic/gin@v1.11.0/context.go:192\nmain.NewHTTPServer.RequestID.func3\n\t/app/internal/middleware/request_id.go:34\ngithub.com/gin-gonic/gin.(*Context).Next\n\t/go/pkg/mod/github.com/gin-gonic/gin@v1.11.0/context.go:192\nmain.NewHTTPServer.MaxBodySize.func2\n\t/app/internal/middleware/security.go:52\ngithub.com/gin-gonic/gin.(*Context).Next\n\t/go/pkg/mod/github.com/gin-gonic/gin@v1.11.0/context.go:192\nmain.NewHTTPServer.SecurityHeaders.func1\n\t/app/internal/middleware/security.go:36\ngithub.com/gin-gonic/gin.(*Context).Next\n\t/go/pkg/mod/github.com/gin-gonic/gin@v1.11.0/context.go:192\ngithub.com/gin-gonic/gin.(*Engine).handleHTTPRequest\n\t/go/pkg/mod/github.com/gin-gonic/gin@v1.11.0/gin.go:689\ngithub.com/gin-gonic/gin.(*Engine).ServeHTTP\n\t/go/pkg/mod/github.com/gin-gonic/gin@v1.11.0/gin.go:643\nnet/http.serverHandler.ServeHTTP\n\t/usr/local/go/src/net/http/server.go:3340\nnet/http.(*conn).serve\n\t/usr/local/go/src/net/http/server.go:2109"}
{"level":"info","ts":1782554622.6148937,"caller":"logger/logger.go:106","msg":"Request served","request_id":"dbe2d0329d670eb9","status":200,"method":"GET","path":"/metrics","ip":"[IP-DISAMARKAN]","latency":0.001421657}
{"level":"info","ts":1782554626.6231701,"caller":"logger/logger.go:156","msg":"Experiment infer completed","request_id":"d0aeaacfabad1de9","request_id":"req-A3-static_resilience-run1-3-7-1782554579427-dwhlbaxy","scenario":"A3","condition":"static_resilience","run":1,"category":"full","latency_ms":47188}
{"level":"info","ts":1782554626.6234758,"caller":"logger/logger.go:106","msg":"Request served","request_id":"d0aeaacfabad1de9","status":200,"method":"POST","path":"/api/v1/infer","ip":"[IP-DISAMARKAN]","latency":47.192191049}
{"level":"info","ts":1782554627.6164112,"caller":"logger/logger.go:106","msg":"Request served","request_id":"37aaa5f17c86ad81","status":200,"method":"GET","path":"/metrics","ip":"[IP-DISAMARKAN]","latency":0.003501877}
{"level":"warn","ts":1782554630.7271268,"caller":"logger/logger.go:116","msg":"Worker health check failed","worker":"speech","error":"rpc error: code = DeadlineExceeded desc = context deadline exceeded"}
{"level":"info","ts":1782554630.729228,"caller":"logger/logger.go:106","msg":"Health check completed","vision":"HEALTHY","ocr":"HEALTHY","speech":"UNHEALTHY"}
{"level":"info","ts":1782554632.344942,"caller":"logger/logger.go:156","msg":"Experiment infer completed","request_id":"43d7aecaae99bfde","request_id":"req-A3-static_resilience-run1-2-14-1782554584621-lht1d6nl","scenario":"A3","condition":"static_resilience","run":1,"category":"full","latency_ms":47711}
{"level":"info","ts":1782554632.3450062,"caller":"logger/logger.go:106","msg":"Request served","request_id":"43d7aecaae99bfde","status":200,"method":"POST","path":"/api/v1/infer","ip":"[IP-DISAMARKAN]","latency":47.717968566}
{"level":"info","ts":1782554632.6139874,"caller":"logger/logger.go:106","msg":"Request served","request_id":"b096168658881361","status":200,"method":"GET","path":"/metrics","ip":"[IP-DISAMARKAN]","latency":0.00165143}
{"level":"info","ts":1782554637.612893,"caller":"logger/logger.go:106","msg":"Request served","request_id":"861615174d2bd071","status":200,"method":"GET","path":"/metrics","ip":"[IP-DISAMARKAN]","latency":0.000962038}
{"level":"info","ts":1782554638.0475855,"caller":"logger/logger.go:156","msg":"Experiment infer completed","request_id":"9633171f3f1cd57a","request_id":"req-A3-static_resilience-run1-1-18-1782554592025-6cdvxzw6","scenario":"A3","condition":"static_resilience","run":1,"category":"full","latency_ms":46011}
{"level":"info","ts":1782554638.047646,"caller":"logger/logger.go:106","msg":"Request served","request_id":"9633171f3f1cd57a","status":200,"method":"POST","path":"/api/v1/infer","ip":"[IP-DISAMARKAN]","latency":46.016052032}
{"level":"info","ts":1782554642.6161647,"caller":"logger/logger.go:106","msg":"Request served","request_id":"bf71325a800d2813","status":200,"method":"GET","path":"/metrics","ip":"[IP-DISAMARKAN]","latency":0.003316201}
{"level":"info","ts":1782554643.0129366,"caller":"logger/logger.go:156","msg":"Experiment infer completed","request_id":"04336bcead8f39ee","request_id":"req-A3-static_resilience-run1-5-9-1782554608339-0hflxht7","scenario":"A3","condition":"static_resilience","run":1,"category":"full","latency_ms":34665}
{"level":"info","ts":1782554643.0129921,"caller":"logger/logger.go:106","msg":"Request served","request_id":"04336bcead8f39ee","status":200,"method":"POST","path":"/api/v1/infer","ip":"[IP-DISAMARKAN]","latency":34.668719519}
{"level":"warn","ts":1782554645.727161,"caller":"logger/logger.go:116","msg":"Worker health check failed","worker":"speech","error":"rpc error: code = DeadlineExceeded desc = context deadline exceeded"}
{"level":"info","ts":1782554645.7275019,"caller":"logger/logger.go:106","msg":"Health check completed","vision":"HEALTHY","ocr":"HEALTHY","speech":"UNHEALTHY"}
{"level":"info","ts":1782554647.613398,"caller":"logger/logger.go:106","msg":"Request served","request_id":"eed770b81d95723d","status":200,"method":"GET","path":"/metrics","ip":"[IP-DISAMARKAN]","latency":0.000999147}
{"level":"info","ts":1782554647.9381561,"caller":"logger/logger.go:156","msg":"Experiment infer completed","request_id":"4db21b1e3242a028","request_id":"req-A3-static_resilience-run1-4-12-1782554621931-diz976wx","scenario":"A3","condition":"static_resilience","run":1,"category":"full","latency_ms":25999}
{"level":"info","ts":1782554647.9382744,"caller":"logger/logger.go:106","msg":"Request served","request_id":"4db21b1e3242a028","status":200,"method":"POST","path":"/api/v1/infer","ip":"[IP-DISAMARKAN]","latency":26.003142512}
{"level":"info","ts":1782554652.6148183,"caller":"logger/logger.go:106","msg":"Request served","request_id":"59ff774b1c3121e5","status":200,"method":"GET","path":"/metrics","ip":"[IP-DISAMARKAN]","latency":0.002329165}
{"level":"info","ts":1782554653.018339,"caller":"logger/logger.go:156","msg":"Experiment infer completed","request_id":"7a642e6b7b0b610c","request_id":"req-A3-static_resilience-run1-3-8-1782554627625-vxatag8j","scenario":"A3","condition":"static_resilience","run":1,"category":"full","latency_ms":25387}
{"level":"info","ts":1782554653.018609,"caller":"logger/logger.go:106","msg":"Request served","request_id":"7a642e6b7b0b610c","status":200,"method":"POST","path":"/api/v1/infer","ip":"[IP-DISAMARKAN]","latency":25.39037438}
{"level":"error","ts":1782554656.235447,"caller":"logger/logger.go:121","msg":"Server error","request_id":"618403cedddddec2","status":503,"method":"GET","path":"/api/v1/health","ip":"::1","latency":5.143754685,"error":"","stacktrace":"temandifa-backend/internal/logger.Error\n\t/app/internal/logger/logger.go:121\nmain.NewHTTPServer.RequestLogger.func5\n\t/app/internal/middleware/request_logger.go:44\ngithub.com/gin-gonic/gin.(*Context).Next\n\t/go/pkg/mod/github.com/gin-gonic/gin@v1.11.0/context.go:192\nmain.NewHTTPServer.VersionMiddleware.func4\n\t/app/internal/middleware/versioning.go:35\ngithub.com/gin-gonic/gin.(*Context).Next\n\t/go/pkg/mod/github.com/gin-gonic/gin@v1.11.0/context.go:192\nmain.NewHTTPServer.RequestID.func3\n\t/app/internal/middleware/request_id.go:34\ngithub.com/gin-gonic/gin.(*Context).Next\n\t/go/pkg/mod/github.com/gin-gonic/gin@v1.11.0/context.go:192\nmain.NewHTTPServer.MaxBodySize.func2\n\t/app/internal/middleware/security.go:52\ngithub.com/gin-gonic/gin.(*Context).Next\n\t/go/pkg/mod/github.com/gin-gonic/gin@v1.11.0/context.go:192\nmain.NewHTTPServer.SecurityHeaders.func1\n\t/app/internal/middleware/security.go:36\ngithub.com/gin-gonic/gin.(*Context).Next\n\t/go/pkg/mod/github.com/gin-gonic/gin@v1.11.0/context.go:192\ngithub.com/gin-gonic/gin.(*Engine).handleHTTPRequest\n\t/go/pkg/mod/github.com/gin-gonic/gin@v1.11.0/gin.go:689\ngithub.com/gin-gonic/gin.(*Engine).ServeHTTP\n\t/go/pkg/mod/github.com/gin-gonic/gin@v1.11.0/gin.go:643\nnet/http.serverHandler.ServeHTTP\n\t/usr/local/go/src/net/http/server.go:3340\nnet/http.(*conn).serve\n\t/usr/local/go/src/net/http/server.go:2109"}
{"level":"info","ts":1782554657.6170602,"caller":"logger/logger.go:106","msg":"Request served","request_id":"79e715f310db1d33","status":200,"method":"GET","path":"/metrics","ip":"[IP-DISAMARKAN]","latency":0.004169201}
{"level":"info","ts":1782554657.9425504,"caller":"logger/logger.go:156","msg":"Experiment infer completed","request_id":"3e10fd63a8257094","request_id":"req-A3-static_resilience-run1-2-15-1782554633348-om86dat2","scenario":"A3","condition":"static_resilience","run":1,"category":"full","latency_ms":24586}
{"level":"info","ts":1782554657.9432669,"caller":"logger/logger.go:106","msg":"Request served","request_id":"3e10fd63a8257094","status":200,"method":"POST","path":"/api/v1/infer","ip":"[IP-DISAMARKAN]","latency":24.590994372}
{"level":"warn","ts":1782554660.726407,"caller":"logger/logger.go:116","msg":"Worker health check failed","worker":"speech","error":"rpc error: code = DeadlineExceeded desc = context deadline exceeded"}
{"level":"info","ts":1782554660.7271523,"caller":"logger/logger.go:106","msg":"Health check completed","vision":"HEALTHY","ocr":"HEALTHY","speech":"UNHEALTHY"}
{"level":"info","ts":1782554662.6152916,"caller":"logger/logger.go:106","msg":"Request served","request_id":"9b3414e793320c74","status":200,"method":"GET","path":"/metrics","ip":"[IP-DISAMARKAN]","latency":0.003418618}
{"level":"info","ts":1782554663.136041,"caller":"logger/logger.go:156","msg":"Experiment infer completed","request_id":"a62d8ce2c08ddfa7","request_id":"req-A3-static_resilience-run1-1-19-1782554639050-ggsy8690","scenario":"A3","condition":"static_resilience","run":1,"category":"full","latency_ms":24076}
{"level":"info","ts":1782554663.1360939,"caller":"logger/logger.go:106","msg":"Request served","request_id":"a62d8ce2c08ddfa7","status":200,"method":"POST","path":"/api/v1/infer","ip":"[IP-DISAMARKAN]","latency":24.080995464}
{"level":"info","ts":1782554667.6137977,"caller":"logger/logger.go:106","msg":"Request served","request_id":"500f9ae0b6c87f88","status":200,"method":"GET","path":"/metrics","ip":"[IP-DISAMARKAN]","latency":0.000978666}
{"level":"info","ts":1782554668.0319283,"caller":"logger/logger.go:156","msg":"Experiment infer completed","request_id":"f2fc80ac2bcb45ef","request_id":"req-A3-static_resilience-run1-5-10-1782554644016-ojrqj5nb","scenario":"A3","condition":"static_resilience","run":1,"category":"full","latency_ms":24007}
{"level":"info","ts":1782554668.0319812,"caller":"logger/logger.go:106","msg":"Request served","request_id":"f2fc80ac2bcb45ef","status":200,"method":"POST","path":"/api/v1/infer","ip":"[IP-DISAMARKAN]","latency":24.012152503}
{"level":"info","ts":1782554672.6128957,"caller":"logger/logger.go:106","msg":"Request served","request_id":"3f6fb91161437686","status":200,"method":"GET","path":"/metrics","ip":"[IP-DISAMARKAN]","latency":0.000972927}
{"level":"info","ts":1782554672.9134464,"caller":"logger/logger.go:156","msg":"Experiment infer completed","request_id":"4d735bbc09cdf2cc","request_id":"req-A3-static_resilience-run1-4-13-1782554648940-xh69moz4","scenario":"A3","condition":"static_resilience","run":1,"category":"full","latency_ms":23964}
{"level":"info","ts":1782554672.9134994,"caller":"logger/logger.go:106","msg":"Request served","request_id":"4d735bbc09cdf2cc","status":200,"method":"POST","path":"/api/v1/infer","ip":"[IP-DISAMARKAN]","latency":23.967172238}
{"level":"warn","ts":1782554675.7271578,"caller":"logger/logger.go:116","msg":"Worker health check failed","worker":"speech","error":"rpc error: code = DeadlineExceeded desc = context deadline exceeded"}
{"level":"info","ts":1782554675.727559,"caller":"logger/logger.go:106","msg":"Health check completed","vision":"HEALTHY","ocr":"HEALTHY","speech":"UNHEALTHY"}
{"level":"info","ts":1782554677.614702,"caller":"logger/logger.go:106","msg":"Request served","request_id":"8ca3de23ebeecd1c","status":200,"method":"GET","path":"/metrics","ip":"[IP-DISAMARKAN]","latency":0.001549262}
{"level":"info","ts":1782554677.7490516,"caller":"logger/logger.go:156","msg":"Experiment infer completed","request_id":"fa3065ba70664ec4","request_id":"req-A3-static_resilience-run1-3-9-1782554654021-qucel7mx","scenario":"A3","condition":"static_resilience","run":1,"category":"full","latency_ms":23719}
{"level":"info","ts":1782554677.749104,"caller":"logger/logger.go:106","msg":"Request served","request_id":"fa3065ba70664ec4","status":200,"method":"POST","path":"/api/v1/infer","ip":"[IP-DISAMARKAN]","latency":23.72301184}
{"level":"info","ts":1782554682.616386,"caller":"logger/logger.go:106","msg":"Request served","request_id":"af5fe92ab5342edc","status":200,"method":"GET","path":"/metrics","ip":"[IP-DISAMARKAN]","latency":0.004243317}
{"level":"info","ts":1782554682.7332168,"caller":"logger/logger.go:156","msg":"Experiment infer completed","request_id":"db0d2f817508317e","request_id":"req-A3-static_resilience-run1-2-16-1782554658945-2mazohk4","scenario":"A3","condition":"static_resilience","run":1,"category":"full","latency_ms":23777}
{"level":"info","ts":1782554682.733269,"caller":"logger/logger.go:106","msg":"Request served","request_id":"db0d2f817508317e","status":200,"method":"POST","path":"/api/v1/infer","ip":"[IP-DISAMARKAN]","latency":23.783520654}
{"level":"info","ts":1782554687.6143017,"caller":"logger/logger.go:106","msg":"Request served","request_id":"47172a8f31b9525b","status":200,"method":"GET","path":"/metrics","ip":"[IP-DISAMARKAN]","latency":0.001146641}
{"level":"info","ts":1782554687.7213376,"caller":"logger/logger.go:156","msg":"Experiment infer completed","request_id":"5ff4141be6dd08d3","request_id":"req-A3-static_resilience-run1-1-20-1782554664139-vwnwktam","scenario":"A3","condition":"static_resilience","run":1,"category":"full","latency_ms":23574}
{"level":"info","ts":1782554687.721565,"caller":"logger/logger.go:106","msg":"Request served","request_id":"5ff4141be6dd08d3","status":200,"method":"POST","path":"/api/v1/infer","ip":"[IP-DISAMARKAN]","latency":23.577397604}
{"level":"warn","ts":1782554690.727155,"caller":"logger/logger.go:116","msg":"Worker health check failed","worker":"speech","error":"rpc error: code = DeadlineExceeded desc = context deadline exceeded"}
{"level":"info","ts":1782554690.727679,"caller":"logger/logger.go:106","msg":"Health check completed","vision":"HEALTHY","ocr":"HEALTHY","speech":"UNHEALTHY"}
{"level":"error","ts":1782554691.3181932,"caller":"logger/logger.go:121","msg":"Server error","request_id":"61292fb37e1ff612","status":503,"method":"GET","path":"/api/v1/health","ip":"::1","latency":5.011567707,"error":"","stacktrace":"temandifa-backend/internal/logger.Error\n\t/app/internal/logger/logger.go:121\nmain.NewHTTPServer.RequestLogger.func5\n\t/app/internal/middleware/request_logger.go:44\ngithub.com/gin-gonic/gin.(*Context).Next\n\t/go/pkg/mod/github.com/gin-gonic/gin@v1.11.0/context.go:192\nmain.NewHTTPServer.VersionMiddleware.func4\n\t/app/internal/middleware/versioning.go:35\ngithub.com/gin-gonic/gin.(*Context).Next\n\t/go/pkg/mod/github.com/gin-gonic/gin@v1.11.0/context.go:192\nmain.NewHTTPServer.RequestID.func3\n\t/app/internal/middleware/request_id.go:34\ngithub.com/gin-gonic/gin.(*Context).Next\n\t/go/pkg/mod/github.com/gin-gonic/gin@v1.11.0/context.go:192\nmain.NewHTTPServer.MaxBodySize.func2\n\t/app/internal/middleware/security.go:52\ngithub.com/gin-gonic/gin.(*Context).Next\n\t/go/pkg/mod/github.com/gin-gonic/gin@v1.11.0/context.go:192\nmain.NewHTTPServer.SecurityHeaders.func1\n\t/app/internal/middleware/security.go:36\ngithub.com/gin-gonic/gin.(*Context).Next\n\t/go/pkg/mod/github.com/gin-gonic/gin@v1.11.0/context.go:192\ngithub.com/gin-gonic/gin.(*Engine).handleHTTPRequest\n\t/go/pkg/mod/github.com/gin-gonic/gin@v1.11.0/gin.go:689\ngithub.com/gin-gonic/gin.(*Engine).ServeHTTP\n\t/go/pkg/mod/github.com/gin-gonic/gin@v1.11.0/gin.go:643\nnet/http.serverHandler.ServeHTTP\n\t/usr/local/go/src/net/http/server.go:3340\nnet/http.(*conn).serve\n\t/usr/local/go/src/net/http/server.go:2109"}
{"level":"info","ts":1782554692.615062,"caller":"logger/logger.go:106","msg":"Request served","request_id":"648cb70a93506898","status":200,"method":"GET","path":"/metrics","ip":"[IP-DISAMARKAN]","latency":0.002648585}
{"level":"info","ts":1782554692.7251647,"caller":"logger/logger.go:156","msg":"Experiment infer completed","request_id":"bbc0cc4f07109fa9","request_id":"req-A3-static_resilience-run1-5-11-1782554669034-fm8ex84c","scenario":"A3","condition":"static_resilience","run":1,"category":"full","latency_ms":23685}
{"level":"info","ts":1782554692.7252169,"caller":"logger/logger.go:106","msg":"Request served","request_id":"bbc0cc4f07109fa9","status":200,"method":"POST","path":"/api/v1/infer","ip":"[IP-DISAMARKAN]","latency":23.687841471}
{"level":"info","ts":1782554697.6142142,"caller":"logger/logger.go:106","msg":"Request served","request_id":"24e0950ce952a34d","status":200,"method":"GET","path":"/metrics","ip":"[IP-DISAMARKAN]","latency":0.002223287}
{"level":"info","ts":1782554698.1305287,"caller":"logger/logger.go:156","msg":"Experiment infer completed","request_id":"93278d4eec1c4385","request_id":"req-A3-static_resilience-run1-4-14-1782554673915-yn1u1ynz","scenario":"A3","condition":"static_resilience","run":1,"category":"full","latency_ms":24208}
{"level":"info","ts":1782554698.1305811,"caller":"logger/logger.go:106","msg":"Request served","request_id":"93278d4eec1c4385","status":200,"method":"POST","path":"/api/v1/infer","ip":"[IP-DISAMARKAN]","latency":24.211040999}
{"level":"info","ts":1782554702.6150973,"caller":"logger/logger.go:106","msg":"Request served","request_id":"e0b23aba98b4cf56","status":200,"method":"GET","path":"/metrics","ip":"[IP-DISAMARKAN]","latency":0.002604897}
{"level":"info","ts":1782554705.5331476,"caller":"logger/logger.go:156","msg":"Experiment infer completed","request_id":"c1b25d7cda1e55f8","request_id":"req-A3-static_resilience-run1-3-10-1782554678751-stauiu5h","scenario":"A3","condition":"static_resilience","run":1,"category":"full","latency_ms":26776}
{"level":"info","ts":1782554705.5332043,"caller":"logger/logger.go:106","msg":"Request served","request_id":"c1b25d7cda1e55f8","status":200,"method":"POST","path":"/api/v1/infer","ip":"[IP-DISAMARKAN]","latency":26.779185819}
{"level":"warn","ts":1782554705.7270572,"caller":"logger/logger.go:116","msg":"Worker health check failed","worker":"speech","error":"rpc error: code = DeadlineExceeded desc = context deadline exceeded"}
{"level":"info","ts":1782554705.7294283,"caller":"logger/logger.go:106","msg":"Health check completed","vision":"HEALTHY","ocr":"HEALTHY","speech":"UNHEALTHY"}
{"level":"info","ts":1782554707.612811,"caller":"logger/logger.go:106","msg":"Request served","request_id":"a9f85de9ac364662","status":200,"method":"GET","path":"/metrics","ip":"[IP-DISAMARKAN]","latency":0.000968706}
{"level":"info","ts":1782554712.6133761,"caller":"logger/logger.go:106","msg":"Request served","request_id":"4c37e2ab62f334a2","status":200,"method":"GET","path":"/metrics","ip":"[IP-DISAMARKAN]","latency":0.00087233}
{"level":"info","ts":1782554717.5288372,"caller":"logger/logger.go:156","msg":"Experiment infer completed","request_id":"48c0eb524a5d0eff","request_id":"req-A3-static_resilience-run1-2-17-1782554683736-nvxreeoz","scenario":"A3","condition":"static_resilience","run":1,"category":"full","latency_ms":33783}
{"level":"info","ts":1782554717.5288868,"caller":"logger/logger.go:106","msg":"Request served","request_id":"48c0eb524a5d0eff","status":200,"method":"POST","path":"/api/v1/infer","ip":"[IP-DISAMARKAN]","latency":33.787617467}
{"level":"info","ts":1782554717.6140773,"caller":"logger/logger.go:106","msg":"Request served","request_id":"1fa3c2f94c5da5c0","status":200,"method":"GET","path":"/metrics","ip":"[IP-DISAMARKAN]","latency":0.001504753}
{"level":"warn","ts":1782554720.7282832,"caller":"logger/logger.go:116","msg":"Worker health check failed","worker":"speech","error":"rpc error: code = DeadlineExceeded desc = context deadline exceeded"}
{"level":"info","ts":1782554720.7288718,"caller":"logger/logger.go:106","msg":"Health check completed","vision":"HEALTHY","ocr":"HEALTHY","speech":"UNHEALTHY"}
{"level":"info","ts":1782554722.6149354,"caller":"logger/logger.go:106","msg":"Request served","request_id":"3187d00a95c3f0fd","status":200,"method":"GET","path":"/metrics","ip":"[IP-DISAMARKAN]","latency":0.002430941}
{"level":"error","ts":1782554726.537225,"caller":"logger/logger.go:121","msg":"Server error","request_id":"7b2ad67a1536e337","status":503,"method":"GET","path":"/api/v1/health","ip":"::1","latency":5.138945788,"error":"","stacktrace":"temandifa-backend/internal/logger.Error\n\t/app/internal/logger/logger.go:121\nmain.NewHTTPServer.RequestLogger.func5\n\t/app/internal/middleware/request_logger.go:44\ngithub.com/gin-gonic/gin.(*Context).Next\n\t/go/pkg/mod/github.com/gin-gonic/gin@v1.11.0/context.go:192\nmain.NewHTTPServer.VersionMiddleware.func4\n\t/app/internal/middleware/versioning.go:35\ngithub.com/gin-gonic/gin.(*Context).Next\n\t/go/pkg/mod/github.com/gin-gonic/gin@v1.11.0/context.go:192\nmain.NewHTTPServer.RequestID.func3\n\t/app/internal/middleware/request_id.go:34\ngithub.com/gin-gonic/gin.(*Context).Next\n\t/go/pkg/mod/github.com/gin-gonic/gin@v1.11.0/context.go:192\nmain.NewHTTPServer.MaxBodySize.func2\n\t/app/internal/middleware/security.go:52\ngithub.com/gin-gonic/gin.(*Context).Next\n\t/go/pkg/mod/github.com/gin-gonic/gin@v1.11.0/context.go:192\nmain.NewHTTPServer.SecurityHeaders.func1\n\t/app/internal/middleware/security.go:36\ngithub.com/gin-gonic/gin.(*Context).Next\n\t/go/pkg/mod/github.com/gin-gonic/gin@v1.11.0/context.go:192\ngithub.com/gin-gonic/gin.(*Engine).handleHTTPRequest\n\t/go/pkg/mod/github.com/gin-gonic/gin@v1.11.0/gin.go:689\ngithub.com/gin-gonic/gin.(*Engine).ServeHTTP\n\t/go/pkg/mod/github.com/gin-gonic/gin@v1.11.0/gin.go:643\nnet/http.serverHandler.ServeHTTP\n\t/usr/local/go/src/net/http/server.go:3340\nnet/http.(*conn).serve\n\t/usr/local/go/src/net/http/server.go:2109"}
{"level":"info","ts":1782554727.6129532,"caller":"logger/logger.go:106","msg":"Request served","request_id":"19d3920c9eb0dcc8","status":200,"method":"GET","path":"/metrics","ip":"[IP-DISAMARKAN]","latency":0.001044595}
{"level":"info","ts":1782554730.6310437,"caller":"logger/logger.go:106","msg":"Request served","request_id":"9fcc7b8eeed42a99","status":200,"method":"GET","path":"/","ip":"[IP-DISAMARKAN]","latency":0.00004495}
{"level":"info","ts":1782554732.5931442,"caller":"logger/logger.go:156","msg":"Experiment infer completed","request_id":"26852aa9c631a50f","request_id":"req-A3-static_resilience-run1-1-21-1782554688725-th88z4fe","scenario":"A3","condition":"static_resilience","run":1,"category":"full","latency_ms":43859}
{"level":"info","ts":1782554732.5933237,"caller":"logger/logger.go:106","msg":"Request served","request_id":"26852aa9c631a50f","status":200,"method":"POST","path":"/api/v1/infer","ip":"[IP-DISAMARKAN]","latency":43.86394701}
{"level":"info","ts":1782554732.6149635,"caller":"logger/logger.go:106","msg":"Request served","request_id":"ffaaa22f38f90076","status":200,"method":"GET","path":"/metrics","ip":"[IP-DISAMARKAN]","latency":0.0020877}
{"level":"warn","ts":1782554735.727099,"caller":"logger/logger.go:116","msg":"Worker health check failed","worker":"speech","error":"rpc error: code = DeadlineExceeded desc = context deadline exceeded"}
{"level":"info","ts":1782554735.7277036,"caller":"logger/logger.go:106","msg":"Health check completed","vision":"HEALTHY","ocr":"HEALTHY","speech":"UNHEALTHY"}
{"level":"info","ts":1782554737.6134796,"caller":"logger/logger.go:106","msg":"Request served","request_id":"ed676a07dab37855","status":200,"method":"GET","path":"/metrics","ip":"[IP-DISAMARKAN]","latency":0.000940297}
{"level":"info","ts":1782554740.2432458,"caller":"logger/logger.go:156","msg":"Experiment infer completed","request_id":"d87b7a343f8ff530","request_id":"req-A3-static_resilience-run1-5-12-1782554693728-pvkw070d","scenario":"A3","condition":"static_resilience","run":1,"category":"full","latency_ms":46506}
{"level":"info","ts":1782554740.2435923,"caller":"logger/logger.go:106","msg":"Request served","request_id":"d87b7a343f8ff530","status":200,"method":"POST","path":"/api/v1/infer","ip":"[IP-DISAMARKAN]","latency":46.511201977}
{"level":"info","ts":1782554742.6138272,"caller":"logger/logger.go:106","msg":"Request served","request_id":"53b4ceb5de6d7f74","status":200,"method":"GET","path":"/metrics","ip":"[IP-DISAMARKAN]","latency":0.001303008}
{"level":"info","ts":1782554745.7476003,"caller":"logger/logger.go:156","msg":"Experiment infer completed","request_id":"df9f382269419c9b","request_id":"req-A3-static_resilience-run1-4-15-1782554699134-lrqi7uqb","scenario":"A3","condition":"static_resilience","run":1,"category":"full","latency_ms":46608}
{"level":"info","ts":1782554745.7478192,"caller":"logger/logger.go:106","msg":"Request served","request_id":"df9f382269419c9b","status":200,"method":"POST","path":"/api/v1/infer","ip":"[IP-DISAMARKAN]","latency":46.611276245}
{"level":"info","ts":1782554747.6153958,"caller":"logger/logger.go:106","msg":"Request served","request_id":"e5fc094cfc833715","status":200,"method":"GET","path":"/metrics","ip":"[IP-DISAMARKAN]","latency":0.002226514}
{"level":"warn","ts":1782554750.7264621,"caller":"logger/logger.go:116","msg":"Worker health check failed","worker":"speech","error":"rpc error: code = DeadlineExceeded desc = context deadline exceeded"}
{"level":"info","ts":1782554750.727211,"caller":"logger/logger.go:106","msg":"Health check completed","vision":"HEALTHY","ocr":"HEALTHY","speech":"UNHEALTHY"}
{"level":"info","ts":1782554751.336176,"caller":"logger/logger.go:156","msg":"Experiment infer completed","request_id":"a66573f3972e7476","request_id":"req-A3-static_resilience-run1-3-11-1782554706535-8hq1sqmi","scenario":"A3","condition":"static_resilience","run":1,"category":"full","latency_ms":44794}
{"level":"info","ts":1782554751.3364656,"caller":"logger/logger.go:106","msg":"Request served","request_id":"a66573f3972e7476","status":200,"method":"POST","path":"/api/v1/infer","ip":"[IP-DISAMARKAN]","latency":44.797533176}
{"level":"info","ts":1782554752.6134028,"caller":"logger/logger.go:106","msg":"Request served","request_id":"d62e7638bc50f4b3","status":200,"method":"GET","path":"/metrics","ip":"[IP-DISAMARKAN]","latency":0.001125441}
{"level":"info","ts":1782554757.0195448,"caller":"logger/logger.go:156","msg":"Experiment infer completed","request_id":"696fa18ad86b4ff6","request_id":"req-A3-static_resilience-run1-2-18-1782554718531-6vx00h1g","scenario":"A3","condition":"static_resilience","run":1,"category":"full","latency_ms":38481}
{"level":"info","ts":1782554757.0196667,"caller":"logger/logger.go:106","msg":"Request served","request_id":"696fa18ad86b4ff6","status":200,"method":"POST","path":"/api/v1/infer","ip":"[IP-DISAMARKAN]","latency":38.484998581}
{"level":"info","ts":1782554757.6129906,"caller":"logger/logger.go:106","msg":"Request served","request_id":"fe3b7eb7fa2e6582","status":200,"method":"GET","path":"/metrics","ip":"[IP-DISAMARKAN]","latency":0.001070733}
{"level":"error","ts":1782554761.5102308,"caller":"logger/logger.go:121","msg":"Server error","request_id":"37d4e93edcd42145","status":503,"method":"GET","path":"/api/v1/health","ip":"::1","latency":5.026566107,"error":"","stacktrace":"temandifa-backend/internal/logger.Error\n\t/app/internal/logger/logger.go:121\nmain.NewHTTPServer.RequestLogger.func5\n\t/app/internal/middleware/request_logger.go:44\ngithub.com/gin-gonic/gin.(*Context).Next\n\t/go/pkg/mod/github.com/gin-gonic/gin@v1.11.0/context.go:192\nmain.NewHTTPServer.VersionMiddleware.func4\n\t/app/internal/middleware/versioning.go:35\ngithub.com/gin-gonic/gin.(*Context).Next\n\t/go/pkg/mod/github.com/gin-gonic/gin@v1.11.0/context.go:192\nmain.NewHTTPServer.RequestID.func3\n\t/app/internal/middleware/request_id.go:34\ngithub.com/gin-gonic/gin.(*Context).Next\n\t/go/pkg/mod/github.com/gin-gonic/gin@v1.11.0/context.go:192\nmain.NewHTTPServer.MaxBodySize.func2\n\t/app/internal/middleware/security.go:52\ngithub.com/gin-gonic/gin.(*Context).Next\n\t/go/pkg/mod/github.com/gin-gonic/gin@v1.11.0/context.go:192\nmain.NewHTTPServer.SecurityHeaders.func1\n\t/app/internal/middleware/security.go:36\ngithub.com/gin-gonic/gin.(*Context).Next\n\t/go/pkg/mod/github.com/gin-gonic/gin@v1.11.0/context.go:192\ngithub.com/gin-gonic/gin.(*Engine).handleHTTPRequest\n\t/go/pkg/mod/github.com/gin-gonic/gin@v1.11.0/gin.go:689\ngithub.com/gin-gonic/gin.(*Engine).ServeHTTP\n\t/go/pkg/mod/github.com/gin-gonic/gin@v1.11.0/gin.go:643\nnet/http.serverHandler.ServeHTTP\n\t/usr/local/go/src/net/http/server.go:3340\nnet/http.(*conn).serve\n\t/usr/local/go/src/net/http/server.go:2109"}
{"level":"info","ts":1782554762.214513,"caller":"logger/logger.go:156","msg":"Experiment infer completed","request_id":"6409cc13a42a0ff1","request_id":"req-A3-static_resilience-run1-1-22-1782554733595-z28946bs","scenario":"A3","condition":"static_resilience","run":1,"category":"full","latency_ms":28611}
{"level":"info","ts":1782554762.2145715,"caller":"logger/logger.go:106","msg":"Request served","request_id":"6409cc13a42a0ff1","status":200,"method":"POST","path":"/api/v1/infer","ip":"[IP-DISAMARKAN]","latency":28.614971224}
{"level":"info","ts":1782554762.6145735,"caller":"logger/logger.go:106","msg":"Request served","request_id":"284d53773bd2ccba","status":200,"method":"GET","path":"/metrics","ip":"[IP-DISAMARKAN]","latency":0.001553812}
{"level":"warn","ts":1782554765.7262316,"caller":"logger/logger.go:116","msg":"Worker health check failed","worker":"speech","error":"rpc error: code = DeadlineExceeded desc = context deadline exceeded"}
{"level":"info","ts":1782554765.7267218,"caller":"logger/logger.go:106","msg":"Health check completed","vision":"HEALTHY","ocr":"HEALTHY","speech":"UNHEALTHY"}
{"level":"info","ts":1782554767.5286832,"caller":"logger/logger.go:156","msg":"Experiment infer completed","request_id":"9e788ddd2269fd8c","request_id":"req-A3-static_resilience-run1-5-13-1782554741246-daciaa2r","scenario":"A3","condition":"static_resilience","run":1,"category":"full","latency_ms":26274}
{"level":"info","ts":1782554767.528798,"caller":"logger/logger.go:106","msg":"Request served","request_id":"9e788ddd2269fd8c","status":200,"method":"POST","path":"/api/v1/infer","ip":"[IP-DISAMARKAN]","latency":26.27818306}
{"level":"info","ts":1782554767.613929,"caller":"logger/logger.go:106","msg":"Request served","request_id":"d5f50a2fe9ba5fda","status":200,"method":"GET","path":"/metrics","ip":"[IP-DISAMARKAN]","latency":0.001461335}
{"level":"info","ts":1782554771.3293433,"caller":"logger/logger.go:106","msg":"ExperimentService","event":"fault_logged","type":"fault_finished","target":"vision,speech"}
{"level":"info","ts":1782554771.3294766,"caller":"logger/logger.go:106","msg":"Request served","request_id":"fd59aeb0a7d6f187","status":201,"method":"POST","path":"/api/v1/experiments/fault-events","ip":"[IP-DISAMARKAN]","latency":0.006608737}
{"level":"info","ts":1782554772.6145153,"caller":"logger/logger.go:106","msg":"Request served","request_id":"6d22909e6f24ff77","status":200,"method":"GET","path":"/metrics","ip":"[IP-DISAMARKAN]","latency":0.00204783}
{"level":"info","ts":1782554773.6251903,"caller":"logger/logger.go:156","msg":"Experiment infer completed","request_id":"979c361b6e8bab43","request_id":"req-A3-static_resilience-run1-4-16-1782554746750-ihqqon2r","scenario":"A3","condition":"static_resilience","run":1,"category":"full","latency_ms":26870}
{"level":"info","ts":1782554773.6252468,"caller":"logger/logger.go:106","msg":"Request served","request_id":"979c361b6e8bab43","status":200,"method":"POST","path":"/api/v1/infer","ip":"[IP-DISAMARKAN]","latency":26.872420777}
{"level":"info","ts":1782554777.61291,"caller":"logger/logger.go:106","msg":"Request served","request_id":"acdcd27def3ddfec","status":200,"method":"GET","path":"/metrics","ip":"[IP-DISAMARKAN]","latency":0.000997466}
{"level":"info","ts":1782554778.815869,"caller":"logger/logger.go:156","msg":"Experiment infer completed","request_id":"076a35744f7a93c0","request_id":"req-A3-static_resilience-run1-3-12-1782554752339-iudw4lnv","scenario":"A3","condition":"static_resilience","run":1,"category":"full","latency_ms":26468}
{"level":"info","ts":1782554778.815919,"caller":"logger/logger.go:106","msg":"Request served","request_id":"076a35744f7a93c0","status":200,"method":"POST","path":"/api/v1/infer","ip":"[IP-DISAMARKAN]","latency":26.471012886}
{"level":"warn","ts":1782554780.7260976,"caller":"logger/logger.go:116","msg":"Worker health check failed","worker":"speech","error":"rpc error: code = DeadlineExceeded desc = context deadline exceeded"}
{"level":"info","ts":1782554780.7265472,"caller":"logger/logger.go:106","msg":"Health check completed","vision":"HEALTHY","ocr":"HEALTHY","speech":"UNHEALTHY"}
{"level":"info","ts":1782554782.613842,"caller":"logger/logger.go:106","msg":"Request served","request_id":"89024f16a39a7a0e","status":200,"method":"GET","path":"/metrics","ip":"[IP-DISAMARKAN]","latency":0.001302198}
{"level":"info","ts":1782554783.9138827,"caller":"logger/logger.go:156","msg":"Experiment infer completed","request_id":"829af4349d1d5697","request_id":"req-A3-static_resilience-run1-2-19-1782554758022-5fgavbw6","scenario":"A3","condition":"static_resilience","run":1,"category":"full","latency_ms":25881}
{"level":"info","ts":1782554783.9139338,"caller":"logger/logger.go:106","msg":"Request served","request_id":"829af4349d1d5697","status":200,"method":"POST","path":"/api/v1/infer","ip":"[IP-DISAMARKAN]","latency":25.887806187}
{"level":"info","ts":1782554787.6142855,"caller":"logger/logger.go:106","msg":"Request served","request_id":"b54df52428a3bf3e","status":200,"method":"GET","path":"/metrics","ip":"[IP-DISAMARKAN]","latency":0.001115172}
{"level":"info","ts":1782554789.219465,"caller":"logger/logger.go:156","msg":"Experiment infer completed","request_id":"7cb887490936aa7f","request_id":"req-A3-static_resilience-run1-1-23-1782554763216-36uced7w","scenario":"A3","condition":"static_resilience","run":1,"category":"full","latency_ms":25990}
{"level":"info","ts":1782554789.219521,"caller":"logger/logger.go:106","msg":"Request served","request_id":"7cb887490936aa7f","status":200,"method":"POST","path":"/api/v1/infer","ip":"[IP-DISAMARKAN]","latency":25.995263198}
{"level":"info","ts":1782554792.612978,"caller":"logger/logger.go:106","msg":"Request served","request_id":"4f0eb2f68db60a26","status":200,"method":"GET","path":"/metrics","ip":"[IP-DISAMARKAN]","latency":0.001058144}
{"level":"info","ts":1782554794.3203475,"caller":"logger/logger.go:156","msg":"Experiment infer completed","request_id":"6db2e392af96048d","request_id":"req-A3-static_resilience-run1-5-14-1782554768531-2ppgguvh","scenario":"A3","condition":"static_resilience","run":1,"category":"full","latency_ms":25783}
{"level":"info","ts":1782554794.3204007,"caller":"logger/logger.go:106","msg":"Request served","request_id":"6db2e392af96048d","status":200,"method":"POST","path":"/api/v1/infer","ip":"[IP-DISAMARKAN]","latency":25.786394773}
{"level":"warn","ts":1782554795.7281005,"caller":"logger/logger.go:116","msg":"Worker health check failed","worker":"speech","error":"rpc error: code = DeadlineExceeded desc = context deadline exceeded"}
{"level":"info","ts":1782554795.729146,"caller":"logger/logger.go:106","msg":"Health check completed","vision":"HEALTHY","ocr":"HEALTHY","speech":"UNHEALTHY"}
{"level":"error","ts":1782554796.6116107,"caller":"logger/logger.go:121","msg":"Server error","request_id":"d9b36b4a1ea3fd08","status":503,"method":"GET","path":"/api/v1/health","ip":"::1","latency":5.062702563,"error":"","stacktrace":"temandifa-backend/internal/logger.Error\n\t/app/internal/logger/logger.go:121\nmain.NewHTTPServer.RequestLogger.func5\n\t/app/internal/middleware/request_logger.go:44\ngithub.com/gin-gonic/gin.(*Context).Next\n\t/go/pkg/mod/github.com/gin-gonic/gin@v1.11.0/context.go:192\nmain.NewHTTPServer.VersionMiddleware.func4\n\t/app/internal/middleware/versioning.go:35\ngithub.com/gin-gonic/gin.(*Context).Next\n\t/go/pkg/mod/github.com/gin-gonic/gin@v1.11.0/context.go:192\nmain.NewHTTPServer.RequestID.func3\n\t/app/internal/middleware/request_id.go:34\ngithub.com/gin-gonic/gin.(*Context).Next\n\t/go/pkg/mod/github.com/gin-gonic/gin@v1.11.0/context.go:192\nmain.NewHTTPServer.MaxBodySize.func2\n\t/app/internal/middleware/security.go:52\ngithub.com/gin-gonic/gin.(*Context).Next\n\t/go/pkg/mod/github.com/gin-gonic/gin@v1.11.0/context.go:192\nmain.NewHTTPServer.SecurityHeaders.func1\n\t/app/internal/middleware/security.go:36\ngithub.com/gin-gonic/gin.(*Context).Next\n\t/go/pkg/mod/github.com/gin-gonic/gin@v1.11.0/context.go:192\ngithub.com/gin-gonic/gin.(*Engine).handleHTTPRequest\n\t/go/pkg/mod/github.com/gin-gonic/gin@v1.11.0/gin.go:689\ngithub.com/gin-gonic/gin.(*Engine).ServeHTTP\n\t/go/pkg/mod/github.com/gin-gonic/gin@v1.11.0/gin.go:643\nnet/http.serverHandler.ServeHTTP\n\t/usr/local/go/src/net/http/server.go:3340\nnet/http.(*conn).serve\n\t/usr/local/go/src/net/http/server.go:2109"}
{"level":"info","ts":1782554797.6164217,"caller":"logger/logger.go:106","msg":"Request served","request_id":"912422317f1cdf55","status":200,"method":"GET","path":"/metrics","ip":"[IP-DISAMARKAN]","latency":0.003010097}
{"level":"info","ts":1782554799.5153136,"caller":"logger/logger.go:156","msg":"Experiment infer completed","request_id":"c16b0cf0030c97a3","request_id":"req-A3-static_resilience-run1-4-17-1782554774627-8z83xc5k","scenario":"A3","condition":"static_resilience","run":1,"category":"full","latency_ms":24880}
{"level":"info","ts":1782554799.5154293,"caller":"logger/logger.go:106","msg":"Request served","request_id":"c16b0cf0030c97a3","status":200,"method":"POST","path":"/api/v1/infer","ip":"[IP-DISAMARKAN]","latency":24.883718605}
{"level":"info","ts":1782554802.616231,"caller":"logger/logger.go:106","msg":"Request served","request_id":"78860d9dfe7fed9a","status":200,"method":"GET","path":"/metrics","ip":"[IP-DISAMARKAN]","latency":0.001070673}
{"level":"info","ts":1782554804.715119,"caller":"logger/logger.go:156","msg":"Experiment infer completed","request_id":"25f0a959b6afe1a7","request_id":"req-A3-static_resilience-run1-3-13-1782554779818-mug4umc4","scenario":"A3","condition":"static_resilience","run":1,"category":"full","latency_ms":24891}
{"level":"info","ts":1782554804.715166,"caller":"logger/logger.go:106","msg":"Request served","request_id":"25f0a959b6afe1a7","status":200,"method":"POST","path":"/api/v1/infer","ip":"[IP-DISAMARKAN]","latency":24.894531603}
{"level":"info","ts":1782554807.6133087,"caller":"logger/logger.go:106","msg":"Request served","request_id":"b73805cc72852ad4","status":200,"method":"GET","path":"/metrics","ip":"[IP-DISAMARKAN]","latency":0.000872598}
{"level":"info","ts":1782554809.8191097,"caller":"logger/logger.go:156","msg":"Experiment infer completed","request_id":"0cdf7cc83b1cd38d","request_id":"req-A3-static_resilience-run1-2-20-1782554784918-oz67otpz","scenario":"A3","condition":"static_resilience","run":1,"category":"full","latency_ms":24890}
{"level":"info","ts":1782554809.8191602,"caller":"logger/logger.go:106","msg":"Request served","request_id":"0cdf7cc83b1cd38d","status":200,"method":"POST","path":"/api/v1/infer","ip":"[IP-DISAMARKAN]","latency":24.89688824}
{"level":"warn","ts":1782554810.7265208,"caller":"logger/logger.go:116","msg":"Worker health check failed","worker":"speech","error":"rpc error: code = DeadlineExceeded desc = context deadline exceeded"}
{"level":"info","ts":1782554810.7272146,"caller":"logger/logger.go:106","msg":"Health check completed","vision":"HEALTHY","ocr":"HEALTHY","speech":"UNHEALTHY"}
{"level":"info","ts":1782554812.6148496,"caller":"logger/logger.go:106","msg":"Request served","request_id":"27c92122387127c8","status":200,"method":"GET","path":"/metrics","ip":"[IP-DISAMARKAN]","latency":0.001403296}
{"level":"info","ts":1782554814.9307947,"caller":"logger/logger.go:156","msg":"Experiment infer completed","request_id":"5ffb02dc88272f06","request_id":"req-A3-static_resilience-run1-1-24-1782554790222-tjcrhoik","scenario":"A3","condition":"static_resilience","run":1,"category":"full","latency_ms":24699}
{"level":"info","ts":1782554814.9308507,"caller":"logger/logger.go:106","msg":"Request served","request_id":"5ffb02dc88272f06","status":200,"method":"POST","path":"/api/v1/infer","ip":"[IP-DISAMARKAN]","latency":24.703771836}
{"level":"info","ts":1782554817.6135645,"caller":"logger/logger.go:106","msg":"Request served","request_id":"fe8d244e5a920474","status":200,"method":"GET","path":"/metrics","ip":"[IP-DISAMARKAN]","latency":0.001056404}
{"level":"info","ts":1782554820.4317043,"caller":"logger/logger.go:156","msg":"Experiment infer completed","request_id":"19505ccc313b4103","request_id":"req-A3-static_resilience-run1-5-15-1782554795323-uxd6sv1y","scenario":"A3","condition":"static_resilience","run":1,"category":"full","latency_ms":25099}
{"level":"info","ts":1782554820.4317596,"caller":"logger/logger.go:106","msg":"Request served","request_id":"19505ccc313b4103","status":200,"method":"POST","path":"/api/v1/infer","ip":"[IP-DISAMARKAN]","latency":25.103692168}
{"level":"info","ts":1782554822.6147249,"caller":"logger/logger.go:106","msg":"Request served","request_id":"5c7aed3f227e3122","status":200,"method":"GET","path":"/metrics","ip":"[IP-DISAMARKAN]","latency":0.002230965}
{"level":"info","ts":1782554825.7161505,"caller":"logger/logger.go:156","msg":"Experiment infer completed","request_id":"938555e88da62f6c","request_id":"req-A3-static_resilience-run1-4-18-1782554800517-9j47dk1r","scenario":"A3","condition":"static_resilience","run":1,"category":"full","latency_ms":25188}
{"level":"info","ts":1782554825.7162066,"caller":"logger/logger.go:106","msg":"Request served","request_id":"938555e88da62f6c","status":200,"method":"POST","path":"/api/v1/infer","ip":"[IP-DISAMARKAN]","latency":25.196023216}
{"level":"info","ts":1782554825.7166214,"caller":"logger/logger.go:106","msg":"Health check completed","vision":"HEALTHY","ocr":"HEALTHY","speech":"HEALTHY"}
{"level":"info","ts":1782554827.613866,"caller":"logger/logger.go:106","msg":"Request served","request_id":"7a862db414922fb7","status":200,"method":"GET","path":"/metrics","ip":"[IP-DISAMARKAN]","latency":0.001354747}
{"level":"info","ts":1782554830.7345574,"caller":"logger/logger.go:156","msg":"Experiment infer completed","request_id":"136dc035946a9bc0","request_id":"req-A3-static_resilience-run1-3-14-1782554805717-ks36ttjd","scenario":"A3","condition":"static_resilience","run":1,"category":"full","latency_ms":25010}
{"level":"info","ts":1782554830.7346046,"caller":"logger/logger.go:106","msg":"Request served","request_id":"136dc035946a9bc0","status":200,"method":"POST","path":"/api/v1/infer","ip":"[IP-DISAMARKAN]","latency":25.013126872}
{"level":"info","ts":1782554830.8102152,"caller":"logger/logger.go:106","msg":"Request served","request_id":"339822725780a100","status":200,"method":"GET","path":"/api/v1/health","ip":"::1","latency":4.212335846}
{"level":"info","ts":1782554832.6148307,"caller":"logger/logger.go:106","msg":"Request served","request_id":"620c1994cc52d760","status":200,"method":"GET","path":"/metrics","ip":"[IP-DISAMARKAN]","latency":0.000979456}
{"level":"info","ts":1782554835.9260502,"caller":"logger/logger.go:156","msg":"Experiment infer completed","request_id":"abbf3bef6e567f96","request_id":"req-A3-static_resilience-run1-2-21-1782554810821-5l23v4vo","scenario":"A3","condition":"static_resilience","run":1,"category":"full","latency_ms":25095}
{"level":"info","ts":1782554835.926102,"caller":"logger/logger.go:106","msg":"Request served","request_id":"abbf3bef6e567f96","status":200,"method":"POST","path":"/api/v1/infer","ip":"[IP-DISAMARKAN]","latency":25.101129909}
{"level":"info","ts":1782554837.6130164,"caller":"logger/logger.go:106","msg":"Request served","request_id":"760feedb85bfe4eb","status":200,"method":"GET","path":"/metrics","ip":"[IP-DISAMARKAN]","latency":0.001078385}
{"level":"warn","ts":1782554840.726661,"caller":"logger/logger.go:116","msg":"Worker health check failed","worker":"speech","error":"rpc error: code = DeadlineExceeded desc = context deadline exceeded"}
{"level":"info","ts":1782554840.7271895,"caller":"logger/logger.go:106","msg":"Health check completed","vision":"HEALTHY","ocr":"HEALTHY","speech":"UNHEALTHY"}
{"level":"info","ts":1782554841.0156345,"caller":"logger/logger.go:156","msg":"Experiment infer completed","request_id":"ec963a79e153e7f4","request_id":"req-A3-static_resilience-run1-1-25-1782554815933-t2edexgw","scenario":"A3","condition":"static_resilience","run":1,"category":"full","latency_ms":25074}
{"level":"info","ts":1782554841.0156825,"caller":"logger/logger.go:106","msg":"Request served","request_id":"ec963a79e153e7f4","status":200,"method":"POST","path":"/api/v1/infer","ip":"[IP-DISAMARKAN]","latency":25.077339726}
{"level":"info","ts":1782554842.613975,"caller":"logger/logger.go:106","msg":"Request served","request_id":"b0dc0a99e280d29b","status":200,"method":"GET","path":"/metrics","ip":"[IP-DISAMARKAN]","latency":0.001429255}
{"level":"info","ts":1782554846.1181586,"caller":"logger/logger.go:156","msg":"Experiment infer completed","request_id":"2d0baea20ae09f9b","request_id":"req-A3-static_resilience-run1-5-16-1782554821434-u3ink40y","scenario":"A3","condition":"static_resilience","run":1,"category":"full","latency_ms":24678}
{"level":"info","ts":1782554846.1183918,"caller":"logger/logger.go:106","msg":"Request served","request_id":"2d0baea20ae09f9b","status":200,"method":"POST","path":"/api/v1/infer","ip":"[IP-DISAMARKAN]","latency":24.681392216}
{"level":"info","ts":1782554847.6140053,"caller":"logger/logger.go:106","msg":"Request served","request_id":"7b60aa5335a26332","status":200,"method":"GET","path":"/metrics","ip":"[IP-DISAMARKAN]","latency":0.001189501}
{"level":"info","ts":1782554851.5155165,"caller":"logger/logger.go:156","msg":"Experiment infer completed","request_id":"448c06c78d2db433","request_id":"req-A3-static_resilience-run1-4-19-1782554826719-g4n2tycd","scenario":"A3","condition":"static_resilience","run":1,"category":"full","latency_ms":24787}
{"level":"info","ts":1782554851.5155673,"caller":"logger/logger.go:106","msg":"Request served","request_id":"448c06c78d2db433","status":200,"method":"POST","path":"/api/v1/infer","ip":"[IP-DISAMARKAN]","latency":24.791310421}
{"level":"info","ts":1782554852.6136196,"caller":"logger/logger.go:106","msg":"Request served","request_id":"09cb9a3634afa20d","status":200,"method":"GET","path":"/metrics","ip":"[IP-DISAMARKAN]","latency":0.001069964}
{"level":"warn","ts":1782554855.727082,"caller":"logger/logger.go:116","msg":"Worker health check failed","worker":"speech","error":"rpc error: code = DeadlineExceeded desc = context deadline exceeded"}
{"level":"info","ts":1782554855.7275047,"caller":"logger/logger.go:106","msg":"Health check completed","vision":"HEALTHY","ocr":"HEALTHY","speech":"UNHEALTHY"}
{"level":"info","ts":1782554856.6249993,"caller":"logger/logger.go:156","msg":"Experiment infer completed","request_id":"e4c70a0cc13f5319","request_id":"req-A3-static_resilience-run1-3-15-1782554831736-l0mxc9wo","scenario":"A3","condition":"static_resilience","run":1,"category":"full","latency_ms":24883}
{"level":"info","ts":1782554856.625061,"caller":"logger/logger.go:106","msg":"Request served","request_id":"e4c70a0cc13f5319","status":200,"method":"POST","path":"/api/v1/infer","ip":"[IP-DISAMARKAN]","latency":24.885160272}
{"level":"info","ts":1782554857.6145806,"caller":"logger/logger.go:106","msg":"Request served","request_id":"de35a0f81f0e963f","status":200,"method":"GET","path":"/metrics","ip":"[IP-DISAMARKAN]","latency":0.001395935}
{"level":"info","ts":1782554861.8180327,"caller":"logger/logger.go:156","msg":"Experiment infer completed","request_id":"7a58069af0a8c8bf","request_id":"req-A3-static_resilience-run1-2-22-1782554836928-4e0f4u0o","scenario":"A3","condition":"static_resilience","run":1,"category":"full","latency_ms":24877}
{"level":"info","ts":1782554861.818086,"caller":"logger/logger.go:106","msg":"Request served","request_id":"7a58069af0a8c8bf","status":200,"method":"POST","path":"/api/v1/infer","ip":"[IP-DISAMARKAN]","latency":24.884228756}
{"level":"info","ts":1782554862.6136844,"caller":"logger/logger.go:106","msg":"Request served","request_id":"f66e909c94a62a14","status":200,"method":"GET","path":"/metrics","ip":"[IP-DISAMARKAN]","latency":0.001023004}
{"level":"error","ts":1782554865.884723,"caller":"logger/logger.go:121","msg":"Server error","request_id":"1360ce61173dc602","status":503,"method":"GET","path":"/api/v1/health","ip":"::1","latency":5.006818001,"error":"","stacktrace":"temandifa-backend/internal/logger.Error\n\t/app/internal/logger/logger.go:121\nmain.NewHTTPServer.RequestLogger.func5\n\t/app/internal/middleware/request_logger.go:44\ngithub.com/gin-gonic/gin.(*Context).Next\n\t/go/pkg/mod/github.com/gin-gonic/gin@v1.11.0/context.go:192\nmain.NewHTTPServer.VersionMiddleware.func4\n\t/app/internal/middleware/versioning.go:35\ngithub.com/gin-gonic/gin.(*Context).Next\n\t/go/pkg/mod/github.com/gin-gonic/gin@v1.11.0/context.go:192\nmain.NewHTTPServer.RequestID.func3\n\t/app/internal/middleware/request_id.go:34\ngithub.com/gin-gonic/gin.(*Context).Next\n\t/go/pkg/mod/github.com/gin-gonic/gin@v1.11.0/context.go:192\nmain.NewHTTPServer.MaxBodySize.func2\n\t/app/internal/middleware/security.go:52\ngithub.com/gin-gonic/gin.(*Context).Next\n\t/go/pkg/mod/github.com/gin-gonic/gin@v1.11.0/context.go:192\nmain.NewHTTPServer.SecurityHeaders.func1\n\t/app/internal/middleware/security.go:36\ngithub.com/gin-gonic/gin.(*Context).Next\n\t/go/pkg/mod/github.com/gin-gonic/gin@v1.11.0/context.go:192\ngithub.com/gin-gonic/gin.(*Engine).handleHTTPRequest\n\t/go/pkg/mod/github.com/gin-gonic/gin@v1.11.0/gin.go:689\ngithub.com/gin-gonic/gin.(*Engine).ServeHTTP\n\t/go/pkg/mod/github.com/gin-gonic/gin@v1.11.0/gin.go:643\nnet/http.serverHandler.ServeHTTP\n\t/usr/local/go/src/net/http/server.go:3340\nnet/http.(*conn).serve\n\t/usr/local/go/src/net/http/server.go:2109"}
{"level":"info","ts":1782554866.9181085,"caller":"logger/logger.go:156","msg":"Experiment infer completed","request_id":"504592f00dee6990","request_id":"req-A3-static_resilience-run1-1-26-1782554842019-dgbaqoh1","scenario":"A3","condition":"static_resilience","run":1,"category":"full","latency_ms":24891}
{"level":"info","ts":1782554866.9183447,"caller":"logger/logger.go:106","msg":"Request served","request_id":"504592f00dee6990","status":200,"method":"POST","path":"/api/v1/infer","ip":"[IP-DISAMARKAN]","latency":24.894832696}
{"level":"info","ts":1782554867.6148915,"caller":"logger/logger.go:106","msg":"Request served","request_id":"08663cc49ad310e1","status":200,"method":"GET","path":"/metrics","ip":"[IP-DISAMARKAN]","latency":0.002940808}
{"level":"warn","ts":1782554870.7271624,"caller":"logger/logger.go:116","msg":"Worker health check failed","worker":"speech","error":"rpc error: code = DeadlineExceeded desc = context deadline exceeded"}
{"level":"info","ts":1782554870.7275476,"caller":"logger/logger.go:106","msg":"Health check completed","vision":"HEALTHY","ocr":"HEALTHY","speech":"UNHEALTHY"}
{"level":"info","ts":1782554872.0257523,"caller":"logger/logger.go:156","msg":"Experiment infer completed","request_id":"bbefa6a908446891","request_id":"req-A3-static_resilience-run1-5-17-1782554847120-llfv3im6","scenario":"A3","condition":"static_resilience","run":1,"category":"full","latency_ms":24895}
{"level":"info","ts":1782554872.0258067,"caller":"logger/logger.go:106","msg":"Request served","request_id":"bbefa6a908446891","status":200,"method":"POST","path":"/api/v1/infer","ip":"[IP-DISAMARKAN]","latency":24.900349778}
{"level":"info","ts":1782554872.6155806,"caller":"logger/logger.go:106","msg":"Request served","request_id":"eb31fc63db99e127","status":200,"method":"GET","path":"/metrics","ip":"[IP-DISAMARKAN]","latency":0.002097719}
{"level":"info","ts":1782554877.1317213,"caller":"logger/logger.go:156","msg":"Experiment infer completed","request_id":"0161088e2e788be1","request_id":"req-A3-static_resilience-run1-4-20-1782554852518-ops6fp4z","scenario":"A3","condition":"static_resilience","run":1,"category":"full","latency_ms":24603}
{"level":"info","ts":1782554877.1317742,"caller":"logger/logger.go:106","msg":"Request served","request_id":"0161088e2e788be1","status":200,"method":"POST","path":"/api/v1/infer","ip":"[IP-DISAMARKAN]","latency":24.608713391}
{"level":"info","ts":1782554877.6142101,"caller":"logger/logger.go:106","msg":"Request served","request_id":"b6123fd04a11dd13","status":200,"method":"GET","path":"/metrics","ip":"[IP-DISAMARKAN]","latency":0.001047604}
{"level":"info","ts":1782554882.6137536,"caller":"logger/logger.go:106","msg":"Request served","request_id":"4943eb0c055fb441","status":200,"method":"GET","path":"/metrics","ip":"[IP-DISAMARKAN]","latency":0.001451304}
{"level":"info","ts":1782554882.6372855,"caller":"logger/logger.go:156","msg":"Experiment infer completed","request_id":"2598256f952e2229","request_id":"req-A3-static_resilience-run1-3-16-1782554857627-5str1gl3","scenario":"A3","condition":"static_resilience","run":1,"category":"full","latency_ms":24995}
{"level":"info","ts":1782554882.6373367,"caller":"logger/logger.go:106","msg":"Request served","request_id":"2598256f952e2229","status":200,"method":"POST","path":"/api/v1/infer","ip":"[IP-DISAMARKAN]","latency":25.006834285}
{"level":"warn","ts":1782554885.7261245,"caller":"logger/logger.go:116","msg":"Worker health check failed","worker":"speech","error":"rpc error: code = DeadlineExceeded desc = context deadline exceeded"}
{"level":"info","ts":1782554885.7264354,"caller":"logger/logger.go:106","msg":"Health check completed","vision":"HEALTHY","ocr":"HEALTHY","speech":"UNHEALTHY"}
{"level":"info","ts":1782554887.6138706,"caller":"logger/logger.go:106","msg":"Request served","request_id":"ae21bf77ccd8c3c3","status":200,"method":"GET","path":"/metrics","ip":"[IP-DISAMARKAN]","latency":0.001502872}
{"level":"info","ts":1782554887.8164387,"caller":"logger/logger.go:156","msg":"Experiment infer completed","request_id":"ccc2876c5cace9fa","request_id":"req-A3-static_resilience-run1-2-23-1782554862820-b0eomm66","scenario":"A3","condition":"static_resilience","run":1,"category":"full","latency_ms":24987}
{"level":"info","ts":1782554887.8164883,"caller":"logger/logger.go:106","msg":"Request served","request_id":"ccc2876c5cace9fa","status":200,"method":"POST","path":"/api/v1/infer","ip":"[IP-DISAMARKAN]","latency":24.991298163}
{"level":"info","ts":1782554892.6135747,"caller":"logger/logger.go:106","msg":"Request served","request_id":"25d65d08cd35be55","status":200,"method":"GET","path":"/metrics","ip":"[IP-DISAMARKAN]","latency":0.001074604}
{"level":"info","ts":1782554893.017078,"caller":"logger/logger.go:156","msg":"Experiment infer completed","request_id":"dd37fd2b52596e46","request_id":"req-A3-static_resilience-run1-1-27-1782554867921-tug7r17u","scenario":"A3","condition":"static_resilience","run":1,"category":"full","latency_ms":25086}
{"level":"info","ts":1782554893.0171306,"caller":"logger/logger.go:106","msg":"Request served","request_id":"dd37fd2b52596e46","status":200,"method":"POST","path":"/api/v1/infer","ip":"[IP-DISAMARKAN]","latency":25.090865779}