{"level":"info","ts":1782607588.9132016,"caller":"logger/logger.go:156","msg":"Experiment infer completed","request_id":"req-B2-treatment-run1-5-58-1782607588099-k7b8c4xd","request_id":"req-B2-treatment-run1-5-58-1782607588099-k7b8c4xd","scenario":"B2","condition":"treatment","run":1,"category":"partial","latency_ms":804}
{"level":"info","ts":1782607588.9132543,"caller":"logger/logger.go:106","msg":"Request served","request_id":"req-B2-treatment-run1-5-58-1782607588099-k7b8c4xd","status":200,"method":"POST","path":"/api/v1/infer","ip":"[IP-DISAMARKAN]","latency":0.808160865}
{"level":"info","ts":1782607589.29801,"caller":"logger/logger.go:156","msg":"Experiment infer completed","request_id":"req-B2-treatment-run1-4-64-1782607588487-zlel2aut","request_id":"req-B2-treatment-run1-4-64-1782607588487-zlel2aut","scenario":"B2","condition":"treatment","run":1,"category":"partial","latency_ms":803}
{"level":"info","ts":1782607589.2980714,"caller":"logger/logger.go:106","msg":"Request served","request_id":"req-B2-treatment-run1-4-64-1782607588487-zlel2aut","status":200,"method":"POST","path":"/api/v1/infer","ip":"[IP-DISAMARKAN]","latency":0.805941183}
{"level":"info","ts":1782607589.6888156,"caller":"logger/logger.go:156","msg":"Experiment infer completed","request_id":"req-B2-treatment-run1-2-47-1782607588816-idd1xcjs","request_id":"req-B2-treatment-run1-2-47-1782607588816-idd1xcjs","scenario":"B2","condition":"treatment","run":1,"category":"partial","latency_ms":867}
{"level":"info","ts":1782607589.688868,"caller":"logger/logger.go:106","msg":"Request served","request_id":"req-B2-treatment-run1-2-47-1782607588816-idd1xcjs","status":200,"method":"POST","path":"/api/v1/infer","ip":"[IP-DISAMARKAN]","latency":0.869616634}
{"level":"info","ts":1782607590.078152,"caller":"logger/logger.go:156","msg":"Experiment infer completed","request_id":"req-B2-treatment-run1-3-57-1782607589194-puu4oqpu","request_id":"req-B2-treatment-run1-3-57-1782607589194-puu4oqpu","scenario":"B2","condition":"treatment","run":1,"category":"partial","latency_ms":875}
{"level":"info","ts":1782607590.0790505,"caller":"logger/logger.go:106","msg":"Request served","request_id":"req-B2-treatment-run1-3-57-1782607589194-puu4oqpu","status":200,"method":"POST","path":"/api/v1/infer","ip":"[IP-DISAMARKAN]","latency":0.878865768}
{"level":"info","ts":1782607590.4044082,"caller":"logger/logger.go:156","msg":"Experiment infer completed","request_id":"req-B2-treatment-run1-1-65-1782607589586-7sjsgcjx","request_id":"req-B2-treatment-run1-1-65-1782607589586-7sjsgcjx","scenario":"B2","condition":"treatment","run":1,"category":"partial","latency_ms":809}
{"level":"info","ts":1782607590.4044616,"caller":"logger/logger.go:106","msg":"Request served","request_id":"req-B2-treatment-run1-1-65-1782607589586-7sjsgcjx","status":200,"method":"POST","path":"/api/v1/infer","ip":"[IP-DISAMARKAN]","latency":0.81228642}
{"level":"info","ts":1782607590.797179,"caller":"logger/logger.go:156","msg":"Experiment infer completed","request_id":"req-B2-treatment-run1-5-59-1782607589915-7wnshjvy","request_id":"req-B2-treatment-run1-5-59-1782607589915-7wnshjvy","scenario":"B2","condition":"treatment","run":1,"category":"partial","latency_ms":874}
{"level":"info","ts":1782607590.79723,"caller":"logger/logger.go:106","msg":"Request served","request_id":"req-B2-treatment-run1-5-59-1782607589915-7wnshjvy","status":200,"method":"POST","path":"/api/v1/infer","ip":"[IP-DISAMARKAN]","latency":0.878676684}
{"level":"info","ts":1782607591.1898909,"caller":"logger/logger.go:156","msg":"Experiment infer completed","request_id":"req-B2-treatment-run1-4-65-1782607590300-q742is3h","request_id":"req-B2-treatment-run1-4-65-1782607590300-q742is3h","scenario":"B2","condition":"treatment","run":1,"category":"partial","latency_ms":883}
{"level":"info","ts":1782607591.1899416,"caller":"logger/logger.go:106","msg":"Request served","request_id":"req-B2-treatment-run1-4-65-1782607590300-q742is3h","status":200,"method":"POST","path":"/api/v1/infer","ip":"[IP-DISAMARKAN]","latency":0.885514308}
{"level":"info","ts":1782607591.5751708,"caller":"logger/logger.go:156","msg":"Experiment infer completed","request_id":"req-B2-treatment-run1-2-48-1782607590690-765f21lx","request_id":"req-B2-treatment-run1-2-48-1782607590690-765f21lx","scenario":"B2","condition":"treatment","run":1,"category":"partial","latency_ms":876}
{"level":"info","ts":1782607591.575392,"caller":"logger/logger.go:106","msg":"Request served","request_id":"req-B2-treatment-run1-2-48-1782607590690-765f21lx","status":200,"method":"POST","path":"/api/v1/infer","ip":"[IP-DISAMARKAN]","latency":0.879646448}
{"level":"info","ts":1782607591.9061668,"caller":"logger/logger.go:156","msg":"Experiment infer completed","request_id":"req-B2-treatment-run1-3-58-1782607591080-iotx1229","request_id":"req-B2-treatment-run1-3-58-1782607591080-iotx1229","scenario":"B2","condition":"treatment","run":1,"category":"partial","latency_ms":816}
{"level":"info","ts":1782607591.9062216,"caller":"logger/logger.go:106","msg":"Request served","request_id":"req-B2-treatment-run1-3-58-1782607591080-iotx1229","status":200,"method":"POST","path":"/api/v1/infer","ip":"[IP-DISAMARKAN]","latency":0.819919235}
{"level":"info","ts":1782607592.2989829,"caller":"logger/logger.go:156","msg":"Experiment infer completed","request_id":"req-B2-treatment-run1-1-66-1782607591405-fqceok91","request_id":"req-B2-treatment-run1-1-66-1782607591405-fqceok91","scenario":"B2","condition":"treatment","run":1,"category":"partial","latency_ms":884}
{"level":"info","ts":1782607592.2990437,"caller":"logger/logger.go:106","msg":"Request served","request_id":"req-B2-treatment-run1-1-66-1782607591405-fqceok91","status":200,"method":"POST","path":"/api/v1/infer","ip":"[IP-DISAMARKAN]","latency":0.887817059}
{"level":"info","ts":1782607592.6152256,"caller":"logger/logger.go:106","msg":"Request served","request_id":"fb3eac54ea3a35f5","status":200,"method":"GET","path":"/metrics","ip":"[IP-DISAMARKAN]","latency":0.002449648}
{"level":"info","ts":1782607592.6833262,"caller":"logger/logger.go:156","msg":"Experiment infer completed","request_id":"req-B2-treatment-run1-5-60-1782607591799-h36jeyne","request_id":"req-B2-treatment-run1-5-60-1782607591799-h36jeyne","scenario":"B2","condition":"treatment","run":1,"category":"partial","latency_ms":877}
{"level":"info","ts":1782607592.683374,"caller":"logger/logger.go:106","msg":"Request served","request_id":"req-B2-treatment-run1-5-60-1782607591799-h36jeyne","status":200,"method":"POST","path":"/api/v1/infer","ip":"[IP-DISAMARKAN]","latency":0.879130272}
{"level":"info","ts":1782607593.0781674,"caller":"logger/logger.go:156","msg":"Experiment infer completed","request_id":"req-B2-treatment-run1-4-66-1782607592191-jo68ggtz","request_id":"req-B2-treatment-run1-4-66-1782607592191-jo68ggtz","scenario":"B2","condition":"treatment","run":1,"category":"partial","latency_ms":878}
{"level":"info","ts":1782607593.078221,"caller":"logger/logger.go:106","msg":"Request served","request_id":"req-B2-treatment-run1-4-66-1782607592191-jo68ggtz","status":200,"method":"POST","path":"/api/v1/infer","ip":"[IP-DISAMARKAN]","latency":0.880821998}
{"level":"info","ts":1782607593.405034,"caller":"logger/logger.go:156","msg":"Experiment infer completed","request_id":"req-B2-treatment-run1-2-49-1782607592577-hpey257k","request_id":"req-B2-treatment-run1-2-49-1782607592577-hpey257k","scenario":"B2","condition":"treatment","run":1,"category":"partial","latency_ms":821}
{"level":"info","ts":1782607593.4050841,"caller":"logger/logger.go:106","msg":"Request served","request_id":"req-B2-treatment-run1-2-49-1782607592577-hpey257k","status":200,"method":"POST","path":"/api/v1/infer","ip":"[IP-DISAMARKAN]","latency":0.823809064}
{"level":"info","ts":1782607593.7991555,"caller":"logger/logger.go:156","msg":"Experiment infer completed","request_id":"req-B2-treatment-run1-3-59-1782607592908-3ex9ztyo","request_id":"req-B2-treatment-run1-3-59-1782607592908-3ex9ztyo","scenario":"B2","condition":"treatment","run":1,"category":"partial","latency_ms":884}
{"level":"info","ts":1782607593.799205,"caller":"logger/logger.go:106","msg":"Request served","request_id":"req-B2-treatment-run1-3-59-1782607592908-3ex9ztyo","status":200,"method":"POST","path":"/api/v1/infer","ip":"[IP-DISAMARKAN]","latency":0.886649239}
{"level":"info","ts":1782607594.1844866,"caller":"logger/logger.go:156","msg":"Experiment infer completed","request_id":"req-B2-treatment-run1-1-67-1782607593301-cxj32izr","request_id":"req-B2-treatment-run1-1-67-1782607593301-cxj32izr","scenario":"B2","condition":"treatment","run":1,"category":"partial","latency_ms":876}
{"level":"info","ts":1782607594.1847148,"caller":"logger/logger.go:106","msg":"Request served","request_id":"req-B2-treatment-run1-1-67-1782607593301-cxj32izr","status":200,"method":"POST","path":"/api/v1/infer","ip":"[IP-DISAMARKAN]","latency":0.878703701}
{"level":"info","ts":1782607594.512835,"caller":"logger/logger.go:156","msg":"Experiment infer completed","request_id":"req-B2-treatment-run1-5-61-1782607593684-eakzskzy","request_id":"req-B2-treatment-run1-5-61-1782607593684-eakzskzy","scenario":"B2","condition":"treatment","run":1,"category":"partial","latency_ms":820}
{"level":"info","ts":1782607594.5128844,"caller":"logger/logger.go:106","msg":"Request served","request_id":"req-B2-treatment-run1-5-61-1782607593684-eakzskzy","status":200,"method":"POST","path":"/api/v1/infer","ip":"[IP-DISAMARKAN]","latency":0.824507367}
{"level":"info","ts":1782607594.8993292,"caller":"logger/logger.go:156","msg":"Experiment infer completed","request_id":"req-B2-treatment-run1-4-67-1782607594079-ttp9c1h6","request_id":"req-B2-treatment-run1-4-67-1782607594079-ttp9c1h6","scenario":"B2","condition":"treatment","run":1,"category":"partial","latency_ms":811}
{"level":"info","ts":1782607594.8993979,"caller":"logger/logger.go:106","msg":"Request served","request_id":"req-B2-treatment-run1-4-67-1782607594079-ttp9c1h6","status":200,"method":"POST","path":"/api/v1/infer","ip":"[IP-DISAMARKAN]","latency":0.814918233}
{"level":"info","ts":1782607595.2853866,"caller":"logger/logger.go:156","msg":"Experiment infer completed","request_id":"req-B2-treatment-run1-2-50-1782607594407-vjte2whg","request_id":"req-B2-treatment-run1-2-50-1782607594407-vjte2whg","scenario":"B2","condition":"treatment","run":1,"category":"partial","latency_ms":873}
{"level":"info","ts":1782607595.2854376,"caller":"logger/logger.go:106","msg":"Request served","request_id":"req-B2-treatment-run1-2-50-1782607594407-vjte2whg","status":200,"method":"POST","path":"/api/v1/infer","ip":"[IP-DISAMARKAN]","latency":0.875323909}
{"level":"warn","ts":1782607595.5250642,"caller":"logger/logger.go:116","msg":"Worker health check failed","worker":"speech","error":"rpc error: code = Unavailable desc = name resolver error: dns: A record lookup error: lookup speech-worker on 127.0.0.11:53: server misbehaving"}
{"level":"info","ts":1782607595.5256681,"caller":"logger/logger.go:106","msg":"Health check completed","vision":"HEALTHY","ocr":"HEALTHY","speech":"UNHEALTHY"}
{"level":"info","ts":1782607595.6773968,"caller":"logger/logger.go:156","msg":"Experiment infer completed","request_id":"req-B2-treatment-run1-3-60-1782607594801-qu5qcdml","request_id":"req-B2-treatment-run1-3-60-1782607594801-qu5qcdml","scenario":"B2","condition":"treatment","run":1,"category":"partial","latency_ms":866}
{"level":"info","ts":1782607595.6774592,"caller":"logger/logger.go:106","msg":"Request served","request_id":"req-B2-treatment-run1-3-60-1782607594801-qu5qcdml","status":200,"method":"POST","path":"/api/v1/infer","ip":"[IP-DISAMARKAN]","latency":0.870789534}
{"level":"info","ts":1782607596.0002613,"caller":"logger/logger.go:156","msg":"Experiment infer completed","request_id":"req-B2-treatment-run1-1-68-1782607595187-zq7vskzc","request_id":"req-B2-treatment-run1-1-68-1782607595187-zq7vskzc","scenario":"B2","condition":"treatment","run":1,"category":"partial","latency_ms":803}
{"level":"info","ts":1782607596.0003152,"caller":"logger/logger.go:106","msg":"Request served","request_id":"req-B2-treatment-run1-1-68-1782607595187-zq7vskzc","status":200,"method":"POST","path":"/api/v1/infer","ip":"[IP-DISAMARKAN]","latency":0.807038825}
{"level":"info","ts":1782607596.3946564,"caller":"logger/logger.go:156","msg":"Experiment infer completed","request_id":"req-B2-treatment-run1-5-62-1782607595514-zwrihumv","request_id":"req-B2-treatment-run1-5-62-1782607595514-zwrihumv","scenario":"B2","condition":"treatment","run":1,"category":"partial","latency_ms":874}
{"level":"info","ts":1782607596.3947115,"caller":"logger/logger.go:106","msg":"Request served","request_id":"req-B2-treatment-run1-5-62-1782607595514-zwrihumv","status":200,"method":"POST","path":"/api/v1/infer","ip":"[IP-DISAMARKAN]","latency":0.87640765}
{"level":"info","ts":1782607596.7880065,"caller":"logger/logger.go:156","msg":"Experiment infer completed","request_id":"req-B2-treatment-run1-4-68-1782607595900-27cms57n","request_id":"req-B2-treatment-run1-4-68-1782607595900-27cms57n","scenario":"B2","condition":"treatment","run":1,"category":"partial","latency_ms":878}
{"level":"info","ts":1782607596.788069,"caller":"logger/logger.go:106","msg":"Request served","request_id":"req-B2-treatment-run1-4-68-1782607595900-27cms57n","status":200,"method":"POST","path":"/api/v1/infer","ip":"[IP-DISAMARKAN]","latency":0.881768294}
{"level":"info","ts":1782607597.1750333,"caller":"logger/logger.go:156","msg":"Experiment infer completed","request_id":"req-B2-treatment-run1-2-51-1782607596286-mkgv14l5","request_id":"req-B2-treatment-run1-2-51-1782607596286-mkgv14l5","scenario":"B2","condition":"treatment","run":1,"category":"partial","latency_ms":881}
{"level":"info","ts":1782607597.1750824,"caller":"logger/logger.go:106","msg":"Request served","request_id":"req-B2-treatment-run1-2-51-1782607596286-mkgv14l5","status":200,"method":"POST","path":"/api/v1/infer","ip":"[IP-DISAMARKAN]","latency":0.884999331}
{"level":"info","ts":1782607597.5030925,"caller":"logger/logger.go:156","msg":"Experiment infer completed","request_id":"req-B2-treatment-run1-3-61-1782607596680-r8i9pqz2","request_id":"req-B2-treatment-run1-3-61-1782607596680-r8i9pqz2","scenario":"B2","condition":"treatment","run":1,"category":"partial","latency_ms":813}
{"level":"info","ts":1782607597.5031457,"caller":"logger/logger.go:106","msg":"Request served","request_id":"req-B2-treatment-run1-3-61-1782607596680-r8i9pqz2","status":200,"method":"POST","path":"/api/v1/infer","ip":"[IP-DISAMARKAN]","latency":0.818200159}
{"level":"info","ts":1782607597.614282,"caller":"logger/logger.go:106","msg":"Request served","request_id":"9bd6e24452692513","status":200,"method":"GET","path":"/metrics","ip":"[IP-DISAMARKAN]","latency":0.000894237}
{"level":"info","ts":1782607597.8954785,"caller":"logger/logger.go:156","msg":"Experiment infer completed","request_id":"req-B2-treatment-run1-1-69-1782607597002-2e8fqbir","request_id":"req-B2-treatment-run1-1-69-1782607597002-2e8fqbir","scenario":"B2","condition":"treatment","run":1,"category":"partial","latency_ms":884}
{"level":"info","ts":1782607597.8955314,"caller":"logger/logger.go:106","msg":"Request served","request_id":"req-B2-treatment-run1-1-69-1782607597002-2e8fqbir","status":200,"method":"POST","path":"/api/v1/infer","ip":"[IP-DISAMARKAN]","latency":0.889147865}
{"level":"info","ts":1782607598.2754483,"caller":"logger/logger.go:156","msg":"Experiment infer completed","request_id":"req-B2-treatment-run1-5-63-1782607597397-msrxw948","request_id":"req-B2-treatment-run1-5-63-1782607597397-msrxw948","scenario":"B2","condition":"treatment","run":1,"category":"partial","latency_ms":872}
{"level":"info","ts":1782607598.275504,"caller":"logger/logger.go:106","msg":"Request served","request_id":"req-B2-treatment-run1-5-63-1782607597397-msrxw948","status":200,"method":"POST","path":"/api/v1/infer","ip":"[IP-DISAMARKAN]","latency":0.874713234}
{"level":"info","ts":1782607598.6064522,"caller":"logger/logger.go:156","msg":"Experiment infer completed","request_id":"req-B2-treatment-run1-4-69-1782607597790-7ge8u2lz","request_id":"req-B2-treatment-run1-4-69-1782607597790-7ge8u2lz","scenario":"B2","condition":"treatment","run":1,"category":"partial","latency_ms":807}
{"level":"info","ts":1782607598.606503,"caller":"logger/logger.go:106","msg":"Request served","request_id":"req-B2-treatment-run1-4-69-1782607597790-7ge8u2lz","status":200,"method":"POST","path":"/api/v1/infer","ip":"[IP-DISAMARKAN]","latency":0.811393803}
{"level":"info","ts":1782607598.9928498,"caller":"logger/logger.go:156","msg":"Experiment infer completed","request_id":"req-B2-treatment-run1-2-52-1782607598178-3gamnryi","request_id":"req-B2-treatment-run1-2-52-1782607598178-3gamnryi","scenario":"B2","condition":"treatment","run":1,"category":"partial","latency_ms":805}
{"level":"info","ts":1782607598.992906,"caller":"logger/logger.go:106","msg":"Request served","request_id":"req-B2-treatment-run1-2-52-1782607598178-3gamnryi","status":200,"method":"POST","path":"/api/v1/infer","ip":"[IP-DISAMARKAN]","latency":0.809613259}
{"level":"info","ts":1782607599.3882163,"caller":"logger/logger.go:156","msg":"Experiment infer completed","request_id":"req-B2-treatment-run1-3-62-1782607598504-plpkva8u","request_id":"req-B2-treatment-run1-3-62-1782607598504-plpkva8u","scenario":"B2","condition":"treatment","run":1,"category":"partial","latency_ms":873}
{"level":"info","ts":1782607599.3882773,"caller":"logger/logger.go:106","msg":"Request served","request_id":"req-B2-treatment-run1-3-62-1782607598504-plpkva8u","status":200,"method":"POST","path":"/api/v1/infer","ip":"[IP-DISAMARKAN]","latency":0.878264144}
{"level":"info","ts":1782607599.7094743,"caller":"logger/logger.go:156","msg":"Experiment infer completed","request_id":"req-B2-treatment-run1-1-70-1782607598897-a7s296al","request_id":"req-B2-treatment-run1-1-70-1782607598897-a7s296al","scenario":"B2","condition":"treatment","run":1,"category":"partial","latency_ms":805}
{"level":"info","ts":1782607599.7095346,"caller":"logger/logger.go:106","msg":"Request served","request_id":"req-B2-treatment-run1-1-70-1782607598897-a7s296al","status":200,"method":"POST","path":"/api/v1/infer","ip":"[IP-DISAMARKAN]","latency":0.808100088}
{"level":"info","ts":1782607600.098905,"caller":"logger/logger.go:156","msg":"Experiment infer completed","request_id":"req-B2-treatment-run1-5-64-1782607599277-q1unu7rc","request_id":"req-B2-treatment-run1-5-64-1782607599277-q1unu7rc","scenario":"B2","condition":"treatment","run":1,"category":"partial","latency_ms":815}
{"level":"info","ts":1782607600.0989556,"caller":"logger/logger.go:106","msg":"Request served","request_id":"req-B2-treatment-run1-5-64-1782607599277-q1unu7rc","status":200,"method":"POST","path":"/api/v1/infer","ip":"[IP-DISAMARKAN]","latency":0.817146557}
{"level":"info","ts":1782607600.478706,"caller":"logger/logger.go:156","msg":"Experiment infer completed","request_id":"req-B2-treatment-run1-4-70-1782607599608-fy0tx1hw","request_id":"req-B2-treatment-run1-4-70-1782607599608-fy0tx1hw","scenario":"B2","condition":"treatment","run":1,"category":"partial","latency_ms":863}
{"level":"info","ts":1782607600.478756,"caller":"logger/logger.go:106","msg":"Request served","request_id":"req-B2-treatment-run1-4-70-1782607599608-fy0tx1hw","status":200,"method":"POST","path":"/api/v1/infer","ip":"[IP-DISAMARKAN]","latency":0.866262951}
{"level":"info","ts":1782607600.8110583,"caller":"logger/logger.go:156","msg":"Experiment infer completed","request_id":"req-B2-treatment-run1-2-53-1782607599994-z07sryrh","request_id":"req-B2-treatment-run1-2-53-1782607599994-z07sryrh","scenario":"B2","condition":"treatment","run":1,"category":"partial","latency_ms":808}
{"level":"info","ts":1782607600.8111093,"caller":"logger/logger.go:106","msg":"Request served","request_id":"req-B2-treatment-run1-2-53-1782607599994-z07sryrh","status":200,"method":"POST","path":"/api/v1/infer","ip":"[IP-DISAMARKAN]","latency":0.813420321}
{"level":"info","ts":1782607601.1992037,"caller":"logger/logger.go:156","msg":"Experiment infer completed","request_id":"req-B2-treatment-run1-3-63-1782607600389-996wguwx","request_id":"req-B2-treatment-run1-3-63-1782607600389-996wguwx","scenario":"B2","condition":"treatment","run":1,"category":"partial","latency_ms":798}
{"level":"info","ts":1782607601.199269,"caller":"logger/logger.go:106","msg":"Request served","request_id":"req-B2-treatment-run1-3-63-1782607600389-996wguwx","status":200,"method":"POST","path":"/api/v1/infer","ip":"[IP-DISAMARKAN]","latency":0.804938158}
{"level":"info","ts":1782607601.582164,"caller":"logger/logger.go:156","msg":"Experiment infer completed","request_id":"req-B2-treatment-run1-1-71-1782607600711-ubvuarzl","request_id":"req-B2-treatment-run1-1-71-1782607600711-ubvuarzl","scenario":"B2","condition":"treatment","run":1,"category":"partial","latency_ms":863}
{"level":"info","ts":1782607601.5822206,"caller":"logger/logger.go:106","msg":"Request served","request_id":"req-B2-treatment-run1-1-71-1782607600711-ubvuarzl","status":200,"method":"POST","path":"/api/v1/infer","ip":"[IP-DISAMARKAN]","latency":0.866459506}
{"level":"info","ts":1782607601.9121108,"caller":"logger/logger.go:156","msg":"Experiment infer completed","request_id":"req-B2-treatment-run1-5-65-1782607601101-gkbyei1o","request_id":"req-B2-treatment-run1-5-65-1782607601101-gkbyei1o","scenario":"B2","condition":"treatment","run":1,"category":"partial","latency_ms":802}
{"level":"info","ts":1782607601.912165,"caller":"logger/logger.go:106","msg":"Request served","request_id":"req-B2-treatment-run1-5-65-1782607601101-gkbyei1o","status":200,"method":"POST","path":"/api/v1/infer","ip":"[IP-DISAMARKAN]","latency":0.8060314}
{"level":"info","ts":1782607602.2964067,"caller":"logger/logger.go:156","msg":"Experiment infer completed","request_id":"req-B2-treatment-run1-4-71-1782607601481-jel3rces","request_id":"req-B2-treatment-run1-4-71-1782607601481-jel3rces","scenario":"B2","condition":"treatment","run":1,"category":"partial","latency_ms":803}
{"level":"info","ts":1782607602.2964575,"caller":"logger/logger.go:106","msg":"Request served","request_id":"req-B2-treatment-run1-4-71-1782607601481-jel3rces","status":200,"method":"POST","path":"/api/v1/infer","ip":"[IP-DISAMARKAN]","latency":0.809694207}
{"level":"info","ts":1782607602.615917,"caller":"logger/logger.go:106","msg":"Request served","request_id":"4560366f07db6f06","status":200,"method":"GET","path":"/metrics","ip":"[IP-DISAMARKAN]","latency":0.002336549}
{"level":"info","ts":1782607602.6771789,"caller":"logger/logger.go:156","msg":"Experiment infer completed","request_id":"req-B2-treatment-run1-2-54-1782607601813-l7q9wwwa","request_id":"req-B2-treatment-run1-2-54-1782607601813-l7q9wwwa","scenario":"B2","condition":"treatment","run":1,"category":"partial","latency_ms":856}
{"level":"info","ts":1782607602.677235,"caller":"logger/logger.go:106","msg":"Request served","request_id":"req-B2-treatment-run1-2-54-1782607601813-l7q9wwwa","status":200,"method":"POST","path":"/api/v1/infer","ip":"[IP-DISAMARKAN]","latency":0.860763051}
{"level":"info","ts":1782607603.008874,"caller":"logger/logger.go:156","msg":"Experiment infer completed","request_id":"req-B2-treatment-run1-3-64-1782607602200-asbsdju1","request_id":"req-B2-treatment-run1-3-64-1782607602200-asbsdju1","scenario":"B2","condition":"treatment","run":1,"category":"partial","latency_ms":800}
{"level":"info","ts":1782607603.008928,"caller":"logger/logger.go:106","msg":"Request served","request_id":"req-B2-treatment-run1-3-64-1782607602200-asbsdju1","status":200,"method":"POST","path":"/api/v1/infer","ip":"[IP-DISAMARKAN]","latency":0.803684271}
{"level":"info","ts":1782607603.4004452,"caller":"logger/logger.go:156","msg":"Experiment infer completed","request_id":"req-B2-treatment-run1-1-72-1782607602584-y0vr1i6f","request_id":"req-B2-treatment-run1-1-72-1782607602584-y0vr1i6f","scenario":"B2","condition":"treatment","run":1,"category":"partial","latency_ms":808}
{"level":"info","ts":1782607603.4005013,"caller":"logger/logger.go:106","msg":"Request served","request_id":"req-B2-treatment-run1-1-72-1782607602584-y0vr1i6f","status":200,"method":"POST","path":"/api/v1/infer","ip":"[IP-DISAMARKAN]","latency":0.812078657}
{"level":"info","ts":1782607603.7851481,"caller":"logger/logger.go:156","msg":"Experiment infer completed","request_id":"req-B2-treatment-run1-5-66-1782607602914-zbw8xb0n","request_id":"req-B2-treatment-run1-5-66-1782607602914-zbw8xb0n","scenario":"B2","condition":"treatment","run":1,"category":"partial","latency_ms":863}
{"level":"info","ts":1782607603.7851942,"caller":"logger/logger.go:106","msg":"Request served","request_id":"req-B2-treatment-run1-5-66-1782607602914-zbw8xb0n","status":200,"method":"POST","path":"/api/v1/infer","ip":"[IP-DISAMARKAN]","latency":0.86745624}
{"level":"info","ts":1782607604.2040913,"caller":"logger/logger.go:156","msg":"Experiment infer completed","request_id":"req-B2-treatment-run1-4-72-1782607603298-iv62dzzw","request_id":"req-B2-treatment-run1-4-72-1782607603298-iv62dzzw","scenario":"B2","condition":"treatment","run":1,"category":"partial","latency_ms":897}
{"level":"info","ts":1782607604.2041469,"caller":"logger/logger.go:106","msg":"Request served","request_id":"req-B2-treatment-run1-4-72-1782607603298-iv62dzzw","status":200,"method":"POST","path":"/api/v1/infer","ip":"[IP-DISAMARKAN]","latency":0.90112178}
{"level":"info","ts":1782607604.6127787,"caller":"logger/logger.go:156","msg":"Experiment infer completed","request_id":"req-B2-treatment-run1-2-55-1782607603681-blup81rq","request_id":"req-B2-treatment-run1-2-55-1782607603681-blup81rq","scenario":"B2","condition":"treatment","run":1,"category":"partial","latency_ms":920}
{"level":"info","ts":1782607604.612832,"caller":"logger/logger.go:106","msg":"Request served","request_id":"req-B2-treatment-run1-2-55-1782607603681-blup81rq","status":200,"method":"POST","path":"/api/v1/infer","ip":"[IP-DISAMARKAN]","latency":0.927572152}
{"level":"info","ts":1782607604.9882946,"caller":"logger/logger.go:156","msg":"Experiment infer completed","request_id":"req-B2-treatment-run1-3-65-1782607604010-sxid0ved","request_id":"req-B2-treatment-run1-3-65-1782607604010-sxid0ved","scenario":"B2","condition":"treatment","run":1,"category":"partial","latency_ms":970}
{"level":"info","ts":1782607604.9883494,"caller":"logger/logger.go:106","msg":"Request served","request_id":"req-B2-treatment-run1-3-65-1782607604010-sxid0ved","status":200,"method":"POST","path":"/api/v1/infer","ip":"[IP-DISAMARKAN]","latency":0.973633705}
{"level":"info","ts":1782607605.3811553,"caller":"logger/logger.go:156","msg":"Experiment infer completed","request_id":"req-B2-treatment-run1-1-73-1782607604403-ntvon7rw","request_id":"req-B2-treatment-run1-1-73-1782607604403-ntvon7rw","scenario":"B2","condition":"treatment","run":1,"category":"partial","latency_ms":967}
{"level":"info","ts":1782607605.3812113,"caller":"logger/logger.go:106","msg":"Request served","request_id":"req-B2-treatment-run1-1-73-1782607604403-ntvon7rw","status":200,"method":"POST","path":"/api/v1/infer","ip":"[IP-DISAMARKAN]","latency":0.972446735}
{"level":"info","ts":1782607605.7052436,"caller":"logger/logger.go:156","msg":"Experiment infer completed","request_id":"req-B2-treatment-run1-5-67-1782607604786-4vu7ahjb","request_id":"req-B2-treatment-run1-5-67-1782607604786-4vu7ahjb","scenario":"B2","condition":"treatment","run":1,"category":"partial","latency_ms":909}
{"level":"info","ts":1782607605.7052984,"caller":"logger/logger.go:106","msg":"Request served","request_id":"req-B2-treatment-run1-5-67-1782607604786-4vu7ahjb","status":200,"method":"POST","path":"/api/v1/infer","ip":"[IP-DISAMARKAN]","latency":0.912947326}
{"level":"info","ts":1782607606.099257,"caller":"logger/logger.go:156","msg":"Experiment infer completed","request_id":"req-B2-treatment-run1-4-73-1782607605206-ukeviug1","request_id":"req-B2-treatment-run1-4-73-1782607605206-ukeviug1","scenario":"B2","condition":"treatment","run":1,"category":"partial","latency_ms":884}
{"level":"info","ts":1782607606.0993192,"caller":"logger/logger.go:106","msg":"Request served","request_id":"req-B2-treatment-run1-4-73-1782607605206-ukeviug1","status":200,"method":"POST","path":"/api/v1/infer","ip":"[IP-DISAMARKAN]","latency":0.888511962}
{"level":"info","ts":1782607606.4770072,"caller":"logger/logger.go:156","msg":"Experiment infer completed","request_id":"req-B2-treatment-run1-2-56-1782607605614-7w8mswts","request_id":"req-B2-treatment-run1-2-56-1782607605614-7w8mswts","scenario":"B2","condition":"treatment","run":1,"category":"partial","latency_ms":856}
{"level":"info","ts":1782607606.4770687,"caller":"logger/logger.go:106","msg":"Request served","request_id":"req-B2-treatment-run1-2-56-1782607605614-7w8mswts","status":200,"method":"POST","path":"/api/v1/infer","ip":"[IP-DISAMARKAN]","latency":0.859960522}
{"level":"info","ts":1782607606.8172314,"caller":"logger/logger.go:156","msg":"Experiment infer completed","request_id":"req-B2-treatment-run1-3-66-1782607605989-1apmlnhy","request_id":"req-B2-treatment-run1-3-66-1782607605989-1apmlnhy","scenario":"B2","condition":"treatment","run":1,"category":"partial","latency_ms":818}
{"level":"info","ts":1782607606.8172736,"caller":"logger/logger.go:106","msg":"Request served","request_id":"req-B2-treatment-run1-3-66-1782607605989-1apmlnhy","status":200,"method":"POST","path":"/api/v1/infer","ip":"[IP-DISAMARKAN]","latency":0.822833031}
{"level":"info","ts":1782607607.19893,"caller":"logger/logger.go:156","msg":"Experiment infer completed","request_id":"req-B2-treatment-run1-1-74-1782607606382-brrlg6k9","request_id":"req-B2-treatment-run1-1-74-1782607606382-brrlg6k9","scenario":"B2","condition":"treatment","run":1,"category":"partial","latency_ms":808}
{"level":"info","ts":1782607607.1989827,"caller":"logger/logger.go:106","msg":"Request served","request_id":"req-B2-treatment-run1-1-74-1782607606382-brrlg6k9","status":200,"method":"POST","path":"/api/v1/infer","ip":"[IP-DISAMARKAN]","latency":0.810761978}
{"level":"info","ts":1782607607.4862332,"caller":"logger/logger.go:106","msg":"Circuit breaker transitioning to HALF_OPEN","name":"speech"}
{"level":"info","ts":1782607607.5411127,"caller":"logger/logger.go:156","msg":"Experiment infer completed","request_id":"req-B2-treatment-run1-5-68-1782607606707-9sdowc3y","request_id":"req-B2-treatment-run1-5-68-1782607606707-9sdowc3y","scenario":"B2","condition":"treatment","run":1,"category":"partial","latency_ms":820}
{"level":"info","ts":1782607607.541233,"caller":"logger/logger.go:106","msg":"Request served","request_id":"req-B2-treatment-run1-5-68-1782607606707-9sdowc3y","status":200,"method":"POST","path":"/api/v1/infer","ip":"[IP-DISAMARKAN]","latency":0.822764671}
{"level":"error","ts":1782607607.6001503,"caller":"logger/logger.go:121","msg":"AI Worker gRPC failed","code":"Unavailable","message":"connection error: desc = \"transport: Error while dialing: dial tcp [IP-DISAMARKAN]:50053: connect: no route to host\"","stacktrace":"temandifa-backend/internal/logger.Error\n\t/app/internal/logger/logger.go:121\ntemandifa-backend/internal/services.(*aiService).handleError\n\t/app/internal/services/ai_service.go:387\ntemandifa-backend/internal/services.(*aiService).TranscribeAudio.func1\n\t/app/internal/services/ai_service.go:331\ntemandifa-backend/internal/services.(*aiService).TranscribeAudio\n\t/app/internal/services/ai_service.go:354\ntemandifa-backend/internal/handlers.(*ExperimentHandler).callWorkersConcurrent.func1\n\t/app/internal/handlers/experiment_handler.go:610"}
{"level":"warn","ts":1782607607.6003578,"caller":"logger/logger.go:116","msg":"Circuit breaker transitioning back to OPEN from HALF_OPEN","name":"speech"}
{"level":"info","ts":1782607607.6138146,"caller":"logger/logger.go:106","msg":"Request served","request_id":"8beecda27d1a6110","status":200,"method":"GET","path":"/metrics","ip":"[IP-DISAMARKAN]","latency":0.001085331}
{"level":"info","ts":1782607607.9065073,"caller":"logger/logger.go:156","msg":"Experiment infer completed","request_id":"req-B2-treatment-run1-4-74-1782607607101-vpscry2u","request_id":"req-B2-treatment-run1-4-74-1782607607101-vpscry2u","scenario":"B2","condition":"treatment","run":1,"category":"partial","latency_ms":793}
{"level":"info","ts":1782607607.9065657,"caller":"logger/logger.go:106","msg":"Request served","request_id":"req-B2-treatment-run1-4-74-1782607607101-vpscry2u","status":200,"method":"POST","path":"/api/v1/infer","ip":"[IP-DISAMARKAN]","latency":0.8001927}
{"level":"info","ts":1782607608.279002,"caller":"logger/logger.go:156","msg":"Experiment infer completed","request_id":"req-B2-treatment-run1-2-57-1782607607479-oxa2qzvz","request_id":"req-B2-treatment-run1-2-57-1782607607479-oxa2qzvz","scenario":"B2","condition":"treatment","run":1,"category":"partial","latency_ms":792}
{"level":"info","ts":1782607608.2790668,"caller":"logger/logger.go:106","msg":"Request served","request_id":"req-B2-treatment-run1-2-57-1782607607479-oxa2qzvz","status":200,"method":"POST","path":"/api/v1/infer","ip":"[IP-DISAMARKAN]","latency":0.795374883}
{"level":"info","ts":1782607608.5950658,"caller":"logger/logger.go:156","msg":"Experiment infer completed","request_id":"req-B2-treatment-run1-3-67-1782607607819-n0wm7zsa","request_id":"req-B2-treatment-run1-3-67-1782607607819-n0wm7zsa","scenario":"B2","condition":"treatment","run":1,"category":"partial","latency_ms":765}
{"level":"info","ts":1782607608.5951238,"caller":"logger/logger.go:106","msg":"Request served","request_id":"req-B2-treatment-run1-3-67-1782607607819-n0wm7zsa","status":200,"method":"POST","path":"/api/v1/infer","ip":"[IP-DISAMARKAN]","latency":0.772001931}
{"level":"info","ts":1782607608.994217,"caller":"logger/logger.go:156","msg":"Experiment infer completed","request_id":"req-B2-treatment-run1-1-75-1782607608200-1u2onlws","request_id":"req-B2-treatment-run1-1-75-1782607608200-1u2onlws","scenario":"B2","condition":"treatment","run":1,"category":"partial","latency_ms":784}
{"level":"info","ts":1782607608.9942677,"caller":"logger/logger.go:106","msg":"Request served","request_id":"req-B2-treatment-run1-1-75-1782607608200-1u2onlws","status":200,"method":"POST","path":"/api/v1/infer","ip":"[IP-DISAMARKAN]","latency":0.789011636}
{"level":"info","ts":1782607609.3891523,"caller":"logger/logger.go:156","msg":"Experiment infer completed","request_id":"req-B2-treatment-run1-5-69-1782607608543-ylwuhy7l","request_id":"req-B2-treatment-run1-5-69-1782607608543-ylwuhy7l","scenario":"B2","condition":"treatment","run":1,"category":"partial","latency_ms":838}
{"level":"info","ts":1782607609.3892026,"caller":"logger/logger.go:106","msg":"Request served","request_id":"req-B2-treatment-run1-5-69-1782607608543-ylwuhy7l","status":200,"method":"POST","path":"/api/v1/infer","ip":"[IP-DISAMARKAN]","latency":0.842269074}
{"level":"info","ts":1782607609.7751193,"caller":"logger/logger.go:156","msg":"Experiment infer completed","request_id":"req-B2-treatment-run1-4-75-1782607608908-nyfqxztd","request_id":"req-B2-treatment-run1-4-75-1782607608908-nyfqxztd","scenario":"B2","condition":"treatment","run":1,"category":"partial","latency_ms":859}
{"level":"info","ts":1782607609.7751715,"caller":"logger/logger.go:106","msg":"Request served","request_id":"req-B2-treatment-run1-4-75-1782607608908-nyfqxztd","status":200,"method":"POST","path":"/api/v1/infer","ip":"[IP-DISAMARKAN]","latency":0.862798129}
{"level":"info","ts":1782607610.1063433,"caller":"logger/logger.go:156","msg":"Experiment infer completed","request_id":"req-B2-treatment-run1-2-58-1782607609280-mr3zla3y","request_id":"req-B2-treatment-run1-2-58-1782607609280-mr3zla3y","scenario":"B2","condition":"treatment","run":1,"category":"partial","latency_ms":819}
{"level":"info","ts":1782607610.106399,"caller":"logger/logger.go:106","msg":"Request served","request_id":"req-B2-treatment-run1-2-58-1782607609280-mr3zla3y","status":200,"method":"POST","path":"/api/v1/infer","ip":"[IP-DISAMARKAN]","latency":0.822864199}
{"level":"info","ts":1782607610.4971473,"caller":"logger/logger.go:156","msg":"Experiment infer completed","request_id":"req-B2-treatment-run1-3-68-1782607609597-hjq2rfoz","request_id":"req-B2-treatment-run1-3-68-1782607609597-hjq2rfoz","scenario":"B2","condition":"treatment","run":1,"category":"partial","latency_ms":891}
{"level":"info","ts":1782607610.497198,"caller":"logger/logger.go:106","msg":"Request served","request_id":"req-B2-treatment-run1-3-68-1782607609597-hjq2rfoz","status":200,"method":"POST","path":"/api/v1/infer","ip":"[IP-DISAMARKAN]","latency":0.89521249}
{"level":"warn","ts":1782607610.5070465,"caller":"logger/logger.go:116","msg":"Worker health check failed","worker":"speech","error":"rpc error: code = Unavailable desc = connection error: desc = \"transport: Error while dialing: dial tcp [IP-DISAMARKAN]:50053: connect: no route to host\""}
{"level":"info","ts":1782607610.507827,"caller":"logger/logger.go:106","msg":"Health check completed","vision":"HEALTHY","ocr":"HEALTHY","speech":"UNHEALTHY"}
{"level":"info","ts":1782607610.8890002,"caller":"logger/logger.go:156","msg":"Experiment infer completed","request_id":"req-B2-treatment-run1-1-76-1782607609996-p3270196","request_id":"req-B2-treatment-run1-1-76-1782607609996-p3270196","scenario":"B2","condition":"treatment","run":1,"category":"partial","latency_ms":881}
{"level":"info","ts":1782607610.8892076,"caller":"logger/logger.go:106","msg":"Request served","request_id":"req-B2-treatment-run1-1-76-1782607609996-p3270196","status":200,"method":"POST","path":"/api/v1/infer","ip":"[IP-DISAMARKAN]","latency":0.888849433}
{"level":"info","ts":1782607611.2821703,"caller":"logger/logger.go:156","msg":"Experiment infer completed","request_id":"req-B2-treatment-run1-5-70-1782607610390-k5p1onjv","request_id":"req-B2-treatment-run1-5-70-1782607610390-k5p1onjv","scenario":"B2","condition":"treatment","run":1,"category":"partial","latency_ms":882}
{"level":"info","ts":1782607611.282223,"caller":"logger/logger.go:106","msg":"Request served","request_id":"req-B2-treatment-run1-5-70-1782607610390-k5p1onjv","status":200,"method":"POST","path":"/api/v1/infer","ip":"[IP-DISAMARKAN]","latency":0.888497532}
{"level":"info","ts":1782607611.617296,"caller":"logger/logger.go:156","msg":"Experiment infer completed","request_id":"req-B2-treatment-run1-4-76-1782607610777-y7hyhnlr","request_id":"req-B2-treatment-run1-4-76-1782607610777-y7hyhnlr","scenario":"B2","condition":"treatment","run":1,"category":"partial","latency_ms":829}
{"level":"info","ts":1782607611.617348,"caller":"logger/logger.go:106","msg":"Request served","request_id":"req-B2-treatment-run1-4-76-1782607610777-y7hyhnlr","status":200,"method":"POST","path":"/api/v1/infer","ip":"[IP-DISAMARKAN]","latency":0.834701357}
{"level":"info","ts":1782607611.9982586,"caller":"logger/logger.go:156","msg":"Experiment infer completed","request_id":"req-B2-treatment-run1-2-59-1782607611109-qlzp36sc","request_id":"req-B2-treatment-run1-2-59-1782607611109-qlzp36sc","scenario":"B2","condition":"treatment","run":1,"category":"partial","latency_ms":882}
{"level":"info","ts":1782607611.9983118,"caller":"logger/logger.go:106","msg":"Request served","request_id":"req-B2-treatment-run1-2-59-1782607611109-qlzp36sc","status":200,"method":"POST","path":"/api/v1/infer","ip":"[IP-DISAMARKAN]","latency":0.88580068}
{"level":"info","ts":1782607612.389543,"caller":"logger/logger.go:156","msg":"Experiment infer completed","request_id":"req-B2-treatment-run1-3-69-1782607611499-tt02dnk5","request_id":"req-B2-treatment-run1-3-69-1782607611499-tt02dnk5","scenario":"B2","condition":"treatment","run":1,"category":"partial","latency_ms":884}
{"level":"info","ts":1782607612.3895977,"caller":"logger/logger.go:106","msg":"Request served","request_id":"req-B2-treatment-run1-3-69-1782607611499-tt02dnk5","status":200,"method":"POST","path":"/api/v1/infer","ip":"[IP-DISAMARKAN]","latency":0.88617232}
{"level":"info","ts":1782607612.6127498,"caller":"logger/logger.go:106","msg":"Request served","request_id":"ec4fe7f86f0c6c29","status":200,"method":"GET","path":"/metrics","ip":"[IP-DISAMARKAN]","latency":0.000894198}
{"level":"info","ts":1782607612.7781808,"caller":"logger/logger.go:156","msg":"Experiment infer completed","request_id":"req-B2-treatment-run1-1-77-1782607611891-7yaqgicg","request_id":"req-B2-treatment-run1-1-77-1782607611891-7yaqgicg","scenario":"B2","condition":"treatment","run":1,"category":"partial","latency_ms":879}
{"level":"info","ts":1782607612.7782362,"caller":"logger/logger.go:106","msg":"Request served","request_id":"req-B2-treatment-run1-1-77-1782607611891-7yaqgicg","status":200,"method":"POST","path":"/api/v1/infer","ip":"[IP-DISAMARKAN]","latency":0.883018161}
{"level":"info","ts":1782607613.1030478,"caller":"logger/logger.go:156","msg":"Experiment infer completed","request_id":"req-B2-treatment-run1-5-71-1782607612284-x8vyiahb","request_id":"req-B2-treatment-run1-5-71-1782607612284-x8vyiahb","scenario":"B2","condition":"treatment","run":1,"category":"partial","latency_ms":811}
{"level":"info","ts":1782607613.103099,"caller":"logger/logger.go:106","msg":"Request served","request_id":"req-B2-treatment-run1-5-71-1782607612284-x8vyiahb","status":200,"method":"POST","path":"/api/v1/infer","ip":"[IP-DISAMARKAN]","latency":0.81542356}
{"level":"info","ts":1782607613.4881792,"caller":"logger/logger.go:156","msg":"Experiment infer completed","request_id":"req-B2-treatment-run1-4-77-1782607612619-7hn0oai3","request_id":"req-B2-treatment-run1-4-77-1782607612619-7hn0oai3","scenario":"B2","condition":"treatment","run":1,"category":"partial","latency_ms":862}
{"level":"info","ts":1782607613.4882324,"caller":"logger/logger.go:106","msg":"Request served","request_id":"req-B2-treatment-run1-4-77-1782607612619-7hn0oai3","status":200,"method":"POST","path":"/api/v1/infer","ip":"[IP-DISAMARKAN]","latency":0.864668341}
{"level":"info","ts":1782607613.8803427,"caller":"logger/logger.go:156","msg":"Experiment infer completed","request_id":"req-B2-treatment-run1-2-60-1782607613001-6642kzzc","request_id":"req-B2-treatment-run1-2-60-1782607613001-6642kzzc","scenario":"B2","condition":"treatment","run":1,"category":"partial","latency_ms":873}
{"level":"info","ts":1782607613.880393,"caller":"logger/logger.go:106","msg":"Request served","request_id":"req-B2-treatment-run1-2-60-1782607613001-6642kzzc","status":200,"method":"POST","path":"/api/v1/infer","ip":"[IP-DISAMARKAN]","latency":0.875209193}
{"level":"info","ts":1782607614.2102334,"caller":"logger/logger.go:156","msg":"Experiment infer completed","request_id":"req-B2-treatment-run1-3-70-1782607613391-dsrvulxz","request_id":"req-B2-treatment-run1-3-70-1782607613391-dsrvulxz","scenario":"B2","condition":"treatment","run":1,"category":"partial","latency_ms":810}
{"level":"info","ts":1782607614.2102878,"caller":"logger/logger.go:106","msg":"Request served","request_id":"req-B2-treatment-run1-3-70-1782607613391-dsrvulxz","status":200,"method":"POST","path":"/api/v1/infer","ip":"[IP-DISAMARKAN]","latency":0.814887804}
{"level":"info","ts":1782607614.5969753,"caller":"logger/logger.go:156","msg":"Experiment infer completed","request_id":"req-B2-treatment-run1-1-78-1782607613779-fapjajee","request_id":"req-B2-treatment-run1-1-78-1782607613779-fapjajee","scenario":"B2","condition":"treatment","run":1,"category":"partial","latency_ms":808}
{"level":"info","ts":1782607614.597036,"caller":"logger/logger.go:106","msg":"Request served","request_id":"req-B2-treatment-run1-1-78-1782607613779-fapjajee","status":200,"method":"POST","path":"/api/v1/infer","ip":"[IP-DISAMARKAN]","latency":0.813311944}
{"level":"warn","ts":1782607614.861561,"caller":"logger/logger.go:116","msg":"AI worker health check failed","worker":"speech-worker","error":"Get \"http://speech-worker:8003/health\": dial tcp: lookup speech-worker on 127.0.0.11:53: server misbehaving"}
{"level":"error","ts":1782607614.9693995,"caller":"logger/logger.go:121","msg":"Server error","request_id":"6b99237789745eb8","status":503,"method":"GET","path":"/api/v1/health","ip":"[IP-DISAMARKAN]","latency":0.110765258,"error":"","stacktrace":"temandifa-backend/internal/logger.Error\n\t/app/internal/logger/logger.go:121\nmain.NewHTTPServer.RequestLogger.func5\n\t/app/internal/middleware/request_logger.go:44\ngithub.com/gin-gonic/gin.(*Context).Next\n\t/go/pkg/mod/github.com/gin-gonic/gin@v1.11.0/context.go:192\nmain.NewHTTPServer.VersionMiddleware.func4\n\t/app/internal/middleware/versioning.go:35\ngithub.com/gin-gonic/gin.(*Context).Next\n\t/go/pkg/mod/github.com/gin-gonic/gin@v1.11.0/context.go:192\nmain.NewHTTPServer.RequestID.func3\n\t/app/internal/middleware/request_id.go:34\ngithub.com/gin-gonic/gin.(*Context).Next\n\t/go/pkg/mod/github.com/gin-gonic/gin@v1.11.0/context.go:192\nmain.NewHTTPServer.MaxBodySize.func2\n\t/app/internal/middleware/security.go:52\ngithub.com/gin-gonic/gin.(*Context).Next\n\t/go/pkg/mod/github.com/gin-gonic/gin@v1.11.0/context.go:192\nmain.NewHTTPServer.SecurityHeaders.func1\n\t/app/internal/middleware/security.go:36\ngithub.com/gin-gonic/gin.(*Context).Next\n\t/go/pkg/mod/github.com/gin-gonic/gin@v1.11.0/context.go:192\ngithub.com/gin-gonic/gin.(*Engine).handleHTTPRequest\n\t/go/pkg/mod/github.com/gin-gonic/gin@v1.11.0/gin.go:689\ngithub.com/gin-gonic/gin.(*Engine).ServeHTTP\n\t/go/pkg/mod/github.com/gin-gonic/gin@v1.11.0/gin.go:643\nnet/http.serverHandler.ServeHTTP\n\t/usr/local/go/src/net/http/server.go:3340\nnet/http.(*conn).serve\n\t/usr/local/go/src/net/http/server.go:2109"}
{"level":"info","ts":1782607614.9902909,"caller":"logger/logger.go:156","msg":"Experiment infer completed","request_id":"req-B2-treatment-run1-5-72-1782607614104-5zxxktva","request_id":"req-B2-treatment-run1-5-72-1782607614104-5zxxktva","scenario":"B2","condition":"treatment","run":1,"category":"partial","latency_ms":877}
{"level":"info","ts":1782607614.990345,"caller":"logger/logger.go:106","msg":"Request served","request_id":"req-B2-treatment-run1-5-72-1782607614104-5zxxktva","status":200,"method":"POST","path":"/api/v1/infer","ip":"[IP-DISAMARKAN]","latency":0.88110916}
{"level":"info","ts":1782607615.3762178,"caller":"logger/logger.go:156","msg":"Experiment infer completed","request_id":"req-B2-treatment-run1-4-78-1782607614491-pxb4fjxp","request_id":"req-B2-treatment-run1-4-78-1782607614491-pxb4fjxp","scenario":"B2","condition":"treatment","run":1,"category":"partial","latency_ms":873}
{"level":"info","ts":1782607615.3762746,"caller":"logger/logger.go:106","msg":"Request served","request_id":"req-B2-treatment-run1-4-78-1782607614491-pxb4fjxp","status":200,"method":"POST","path":"/api/v1/infer","ip":"[IP-DISAMARKAN]","latency":0.878561105}
{"level":"info","ts":1782607615.722879,"caller":"logger/logger.go:156","msg":"Experiment infer completed","request_id":"req-B2-treatment-run1-2-61-1782607614881-ufz6d89r","request_id":"req-B2-treatment-run1-2-61-1782607614881-ufz6d89r","scenario":"B2","condition":"treatment","run":1,"category":"partial","latency_ms":834}
{"level":"info","ts":1782607615.7229319,"caller":"logger/logger.go:106","msg":"Request served","request_id":"req-B2-treatment-run1-2-61-1782607614881-ufz6d89r","status":200,"method":"POST","path":"/api/v1/infer","ip":"[IP-DISAMARKAN]","latency":0.837997883}
{"level":"info","ts":1782607616.1018372,"caller":"logger/logger.go:156","msg":"Experiment infer completed","request_id":"req-B2-treatment-run1-3-71-1782607615211-xkzz0nw1","request_id":"req-B2-treatment-run1-3-71-1782607615211-xkzz0nw1","scenario":"B2","condition":"treatment","run":1,"category":"partial","latency_ms":883}
{"level":"info","ts":1782607616.101894,"caller":"logger/logger.go:106","msg":"Request served","request_id":"req-B2-treatment-run1-3-71-1782607615211-xkzz0nw1","status":200,"method":"POST","path":"/api/v1/infer","ip":"[IP-DISAMARKAN]","latency":0.886391656}
{"level":"info","ts":1782607616.486156,"caller":"logger/logger.go:156","msg":"Experiment infer completed","request_id":"req-B2-treatment-run1-1-79-1782607615598-fqaedhtq","request_id":"req-B2-treatment-run1-1-79-1782607615598-fqaedhtq","scenario":"B2","condition":"treatment","run":1,"category":"partial","latency_ms":879}
{"level":"info","ts":1782607616.4862046,"caller":"logger/logger.go:106","msg":"Request served","request_id":"req-B2-treatment-run1-1-79-1782607615598-fqaedhtq","status":200,"method":"POST","path":"/api/v1/infer","ip":"[IP-DISAMARKAN]","latency":0.882231911}
{"level":"info","ts":1782607616.8135033,"caller":"logger/logger.go:156","msg":"Experiment infer completed","request_id":"req-B2-treatment-run1-5-73-1782607615991-z7lglsca","request_id":"req-B2-treatment-run1-5-73-1782607615991-z7lglsca","scenario":"B2","condition":"treatment","run":1,"category":"partial","latency_ms":814}
{"level":"info","ts":1782607616.813604,"caller":"logger/logger.go:106","msg":"Request served","request_id":"req-B2-treatment-run1-5-73-1782607615991-z7lglsca","status":200,"method":"POST","path":"/api/v1/infer","ip":"[IP-DISAMARKAN]","latency":0.816382506}
{"level":"info","ts":1782607617.2082546,"caller":"logger/logger.go:156","msg":"Experiment infer completed","request_id":"req-B2-treatment-run1-4-79-1782607616378-blfldjg1","request_id":"req-B2-treatment-run1-4-79-1782607616378-blfldjg1","scenario":"B2","condition":"treatment","run":1,"category":"partial","latency_ms":819}
{"level":"info","ts":1782607617.2083137,"caller":"logger/logger.go:106","msg":"Request served","request_id":"req-B2-treatment-run1-4-79-1782607616378-blfldjg1","status":200,"method":"POST","path":"/api/v1/infer","ip":"[IP-DISAMARKAN]","latency":0.824928409}
{"level":"info","ts":1782607617.5932214,"caller":"logger/logger.go:156","msg":"Experiment infer completed","request_id":"req-B2-treatment-run1-2-62-1782607616725-z0xfpv4p","request_id":"req-B2-treatment-run1-2-62-1782607616725-z0xfpv4p","scenario":"B2","condition":"treatment","run":1,"category":"partial","latency_ms":862}
{"level":"info","ts":1782607617.5932755,"caller":"logger/logger.go:106","msg":"Request served","request_id":"req-B2-treatment-run1-2-62-1782607616725-z0xfpv4p","status":200,"method":"POST","path":"/api/v1/infer","ip":"[IP-DISAMARKAN]","latency":0.864896925}
{"level":"info","ts":1782607617.6142797,"caller":"logger/logger.go:106","msg":"Request served","request_id":"4e2413b0de8e8ad6","status":200,"method":"GET","path":"/metrics","ip":"[IP-DISAMARKAN]","latency":0.000990234}
{"level":"info","ts":1782607617.9939783,"caller":"logger/logger.go:156","msg":"Experiment infer completed","request_id":"req-B2-treatment-run1-3-72-1782607617103-5gezch7h","request_id":"req-B2-treatment-run1-3-72-1782607617103-5gezch7h","scenario":"B2","condition":"treatment","run":1,"category":"partial","latency_ms":882}
{"level":"info","ts":1782607617.9941182,"caller":"logger/logger.go:106","msg":"Request served","request_id":"req-B2-treatment-run1-3-72-1782607617103-5gezch7h","status":200,"method":"POST","path":"/api/v1/infer","ip":"[IP-DISAMARKAN]","latency":0.884894663}
{"level":"info","ts":1782607618.3860943,"caller":"logger/logger.go:156","msg":"Experiment infer completed","request_id":"req-B2-treatment-run1-1-80-1782607617487-ua5zyi40","request_id":"req-B2-treatment-run1-1-80-1782607617487-ua5zyi40","scenario":"B2","condition":"treatment","run":1,"category":"partial","latency_ms":890}
{"level":"info","ts":1782607618.3861494,"caller":"logger/logger.go:106","msg":"Request served","request_id":"req-B2-treatment-run1-1-80-1782607617487-ua5zyi40","status":200,"method":"POST","path":"/api/v1/infer","ip":"[IP-DISAMARKAN]","latency":0.894500649}
{"level":"info","ts":1782607618.7131681,"caller":"logger/logger.go:156","msg":"Experiment infer completed","request_id":"req-B2-treatment-run1-5-74-1782607617815-a7lpwu2g","request_id":"req-B2-treatment-run1-5-74-1782607617815-a7lpwu2g","scenario":"B2","condition":"treatment","run":1,"category":"partial","latency_ms":891}
{"level":"info","ts":1782607618.7132664,"caller":"logger/logger.go:106","msg":"Request served","request_id":"req-B2-treatment-run1-5-74-1782607617815-a7lpwu2g","status":200,"method":"POST","path":"/api/v1/infer","ip":"[IP-DISAMARKAN]","latency":0.893809596}
{"level":"info","ts":1782607619.1003437,"caller":"logger/logger.go:156","msg":"Experiment infer completed","request_id":"req-B2-treatment-run1-4-80-1782607618209-ujxnh4q0","request_id":"req-B2-treatment-run1-4-80-1782607618209-ujxnh4q0","scenario":"B2","condition":"treatment","run":1,"category":"partial","latency_ms":885}
{"level":"info","ts":1782607619.1003945,"caller":"logger/logger.go:106","msg":"Request served","request_id":"req-B2-treatment-run1-4-80-1782607618209-ujxnh4q0","status":200,"method":"POST","path":"/api/v1/infer","ip":"[IP-DISAMARKAN]","latency":0.886901274}
{"level":"info","ts":1782607619.4929457,"caller":"logger/logger.go:156","msg":"Experiment infer completed","request_id":"req-B2-treatment-run1-2-63-1782607618594-1ufllp60","request_id":"req-B2-treatment-run1-2-63-1782607618594-1ufllp60","scenario":"B2","condition":"treatment","run":1,"category":"partial","latency_ms":889}
{"level":"info","ts":1782607619.4929955,"caller":"logger/logger.go:106","msg":"Request served","request_id":"req-B2-treatment-run1-2-63-1782607618594-1ufllp60","status":200,"method":"POST","path":"/api/v1/infer","ip":"[IP-DISAMARKAN]","latency":0.893861135}
{"level":"info","ts":1782607619.8774607,"caller":"logger/logger.go:156","msg":"Experiment infer completed","request_id":"req-B2-treatment-run1-3-73-1782607618996-4tglepyk","request_id":"req-B2-treatment-run1-3-73-1782607618996-4tglepyk","scenario":"B2","condition":"treatment","run":1,"category":"partial","latency_ms":874}
{"level":"info","ts":1782607619.877514,"caller":"logger/logger.go:106","msg":"Request served","request_id":"req-B2-treatment-run1-3-73-1782607618996-4tglepyk","status":200,"method":"POST","path":"/api/v1/infer","ip":"[IP-DISAMARKAN]","latency":0.87606284}
{"level":"info","ts":1782607620.2093897,"caller":"logger/logger.go:156","msg":"Experiment infer completed","request_id":"req-B2-treatment-run1-1-81-1782607619388-oie1m8cs","request_id":"req-B2-treatment-run1-1-81-1782607619388-oie1m8cs","scenario":"B2","condition":"treatment","run":1,"category":"partial","latency_ms":812}
{"level":"info","ts":1782607620.2094517,"caller":"logger/logger.go:106","msg":"Request served","request_id":"req-B2-treatment-run1-1-81-1782607619388-oie1m8cs","status":200,"method":"POST","path":"/api/v1/infer","ip":"[IP-DISAMARKAN]","latency":0.815109059}
{"level":"info","ts":1782607620.5967877,"caller":"logger/logger.go:156","msg":"Experiment infer completed","request_id":"req-B2-treatment-run1-5-75-1782607619714-drsds7c1","request_id":"req-B2-treatment-run1-5-75-1782607619714-drsds7c1","scenario":"B2","condition":"treatment","run":1,"category":"partial","latency_ms":875}
{"level":"info","ts":1782607620.5968432,"caller":"logger/logger.go:106","msg":"Request served","request_id":"req-B2-treatment-run1-5-75-1782607619714-drsds7c1","status":200,"method":"POST","path":"/api/v1/infer","ip":"[IP-DISAMARKAN]","latency":0.878108808}
{"level":"info","ts":1782607620.9928558,"caller":"logger/logger.go:156","msg":"Experiment infer completed","request_id":"req-B2-treatment-run1-4-81-1782607620102-oe5hmvf9","request_id":"req-B2-treatment-run1-4-81-1782607620102-oe5hmvf9","scenario":"B2","condition":"treatment","run":1,"category":"partial","latency_ms":883}
{"level":"info","ts":1782607620.992912,"caller":"logger/logger.go:106","msg":"Request served","request_id":"req-B2-treatment-run1-4-81-1782607620102-oe5hmvf9","status":200,"method":"POST","path":"/api/v1/infer","ip":"[IP-DISAMARKAN]","latency":0.886057754}
{"level":"info","ts":1782607621.3803465,"caller":"logger/logger.go:156","msg":"Experiment infer completed","request_id":"req-B2-treatment-run1-2-64-1782607620494-j9ndf106","request_id":"req-B2-treatment-run1-2-64-1782607620494-j9ndf106","scenario":"B2","condition":"treatment","run":1,"category":"partial","latency_ms":878}
{"level":"info","ts":1782607621.3803978,"caller":"logger/logger.go:106","msg":"Request served","request_id":"req-B2-treatment-run1-2-64-1782607620494-j9ndf106","status":200,"method":"POST","path":"/api/v1/infer","ip":"[IP-DISAMARKAN]","latency":0.882642901}
{"level":"info","ts":1782607621.7264302,"caller":"logger/logger.go:156","msg":"Experiment infer completed","request_id":"req-B2-treatment-run1-3-74-1782607620879-r2xhiyze","request_id":"req-B2-treatment-run1-3-74-1782607620879-r2xhiyze","scenario":"B2","condition":"treatment","run":1,"category":"partial","latency_ms":839}
{"level":"info","ts":1782607621.7264764,"caller":"logger/logger.go:106","msg":"Request served","request_id":"req-B2-treatment-run1-3-74-1782607620879-r2xhiyze","status":200,"method":"POST","path":"/api/v1/infer","ip":"[IP-DISAMARKAN]","latency":0.842525197}
{"level":"info","ts":1782607622.1039722,"caller":"logger/logger.go:156","msg":"Experiment infer completed","request_id":"req-B2-treatment-run1-1-82-1782607621212-7evfvkor","request_id":"req-B2-treatment-run1-1-82-1782607621212-7evfvkor","scenario":"B2","condition":"treatment","run":1,"category":"partial","latency_ms":885}
{"level":"info","ts":1782607622.104032,"caller":"logger/logger.go:106","msg":"Request served","request_id":"req-B2-treatment-run1-1-82-1782607621212-7evfvkor","status":200,"method":"POST","path":"/api/v1/infer","ip":"[IP-DISAMARKAN]","latency":0.888084933}
{"level":"info","ts":1782607622.4942255,"caller":"logger/logger.go:156","msg":"Experiment infer completed","request_id":"req-B2-treatment-run1-5-76-1782607621598-d74h0j28","request_id":"req-B2-treatment-run1-5-76-1782607621598-d74h0j28","scenario":"B2","condition":"treatment","run":1,"category":"partial","latency_ms":888}
{"level":"info","ts":1782607622.494279,"caller":"logger/logger.go:106","msg":"Request served","request_id":"req-B2-treatment-run1-5-76-1782607621598-d74h0j28","status":200,"method":"POST","path":"/api/v1/infer","ip":"[IP-DISAMARKAN]","latency":0.891016038}
{"level":"info","ts":1782607622.612705,"caller":"logger/logger.go:106","msg":"Request served","request_id":"dee94ea4dd6b6ed2","status":200,"method":"GET","path":"/metrics","ip":"[IP-DISAMARKAN]","latency":0.000771571}
{"level":"info","ts":1782607622.8842895,"caller":"logger/logger.go:156","msg":"Experiment infer completed","request_id":"req-B2-treatment-run1-4-82-1782607621995-s0e44136","request_id":"req-B2-treatment-run1-4-82-1782607621995-s0e44136","scenario":"B2","condition":"treatment","run":1,"category":"partial","latency_ms":879}
{"level":"info","ts":1782607622.8843448,"caller":"logger/logger.go:106","msg":"Request served","request_id":"req-B2-treatment-run1-4-82-1782607621995-s0e44136","status":200,"method":"POST","path":"/api/v1/infer","ip":"[IP-DISAMARKAN]","latency":0.883046651}
{"level":"info","ts":1782607623.215607,"caller":"logger/logger.go:156","msg":"Experiment infer completed","request_id":"req-B2-treatment-run1-2-65-1782607622384-x7pa5rlp","request_id":"req-B2-treatment-run1-2-65-1782607622384-x7pa5rlp","scenario":"B2","condition":"treatment","run":1,"category":"partial","latency_ms":824}
{"level":"info","ts":1782607623.2156572,"caller":"logger/logger.go:106","msg":"Request served","request_id":"req-B2-treatment-run1-2-65-1782607622384-x7pa5rlp","status":200,"method":"POST","path":"/api/v1/infer","ip":"[IP-DISAMARKAN]","latency":0.827356635}
{"level":"info","ts":1782607623.5931215,"caller":"logger/logger.go:156","msg":"Experiment infer completed","request_id":"req-B2-treatment-run1-3-75-1782607622728-cj5mt1f0","request_id":"req-B2-treatment-run1-3-75-1782607622728-cj5mt1f0","scenario":"B2","condition":"treatment","run":1,"category":"partial","latency_ms":856}
{"level":"info","ts":1782607623.593177,"caller":"logger/logger.go:106","msg":"Request served","request_id":"req-B2-treatment-run1-3-75-1782607622728-cj5mt1f0","status":200,"method":"POST","path":"/api/v1/infer","ip":"[IP-DISAMARKAN]","latency":0.860754121}
{"level":"info","ts":1782607623.976039,"caller":"logger/logger.go:156","msg":"Experiment infer completed","request_id":"req-B2-treatment-run1-1-83-1782607623106-9j6vfo4z","request_id":"req-B2-treatment-run1-1-83-1782607623106-9j6vfo4z","scenario":"B2","condition":"treatment","run":1,"category":"partial","latency_ms":863}
{"level":"info","ts":1782607623.9760878,"caller":"logger/logger.go:106","msg":"Request served","request_id":"req-B2-treatment-run1-1-83-1782607623106-9j6vfo4z","status":200,"method":"POST","path":"/api/v1/infer","ip":"[IP-DISAMARKAN]","latency":0.86590972}
{"level":"info","ts":1782607624.310262,"caller":"logger/logger.go:156","msg":"Experiment infer completed","request_id":"req-B2-treatment-run1-5-77-1782607623496-m1c4ruq5","request_id":"req-B2-treatment-run1-5-77-1782607623496-m1c4ruq5","scenario":"B2","condition":"treatment","run":1,"category":"partial","latency_ms":802}
{"level":"info","ts":1782607624.3103173,"caller":"logger/logger.go:106","msg":"Request served","request_id":"req-B2-treatment-run1-5-77-1782607623496-m1c4ruq5","status":200,"method":"POST","path":"/api/v1/infer","ip":"[IP-DISAMARKAN]","latency":0.807878342}
{"level":"info","ts":1782607624.6957195,"caller":"logger/logger.go:156","msg":"Experiment infer completed","request_id":"req-B2-treatment-run1-4-83-1782607623887-3zwo902y","request_id":"req-B2-treatment-run1-4-83-1782607623887-3zwo902y","scenario":"B2","condition":"treatment","run":1,"category":"partial","latency_ms":801}
{"level":"info","ts":1782607624.695772,"caller":"logger/logger.go:106","msg":"Request served","request_id":"req-B2-treatment-run1-4-83-1782607623887-3zwo902y","status":200,"method":"POST","path":"/api/v1/infer","ip":"[IP-DISAMARKAN]","latency":0.804422311}
{"level":"info","ts":1782607625.0833607,"caller":"logger/logger.go:156","msg":"Experiment infer completed","request_id":"req-B2-treatment-run1-2-66-1782607624217-d2m7b9gs","request_id":"req-B2-treatment-run1-2-66-1782607624217-d2m7b9gs","scenario":"B2","condition":"treatment","run":1,"category":"partial","latency_ms":859}
{"level":"info","ts":1782607625.083412,"caller":"logger/logger.go:106","msg":"Request served","request_id":"req-B2-treatment-run1-2-66-1782607624217-d2m7b9gs","status":200,"method":"POST","path":"/api/v1/infer","ip":"[IP-DISAMARKAN]","latency":0.862813719}
{"level":"info","ts":1782607625.4760742,"caller":"logger/logger.go:156","msg":"Experiment infer completed","request_id":"req-B2-treatment-run1-3-76-1782607624594-e9sfw9uq","request_id":"req-B2-treatment-run1-3-76-1782607624594-e9sfw9uq","scenario":"B2","condition":"treatment","run":1,"category":"partial","latency_ms":874}
{"level":"info","ts":1782607625.4761205,"caller":"logger/logger.go:106","msg":"Request served","request_id":"req-B2-treatment-run1-3-76-1782607624594-e9sfw9uq","status":200,"method":"POST","path":"/api/v1/infer","ip":"[IP-DISAMARKAN]","latency":0.877314788}
{"level":"warn","ts":1782607625.504531,"caller":"logger/logger.go:116","msg":"Worker health check failed","worker":"speech","error":"rpc error: code = Unavailable desc = connection error: desc = \"transport: Error while dialing: dial tcp [IP-DISAMARKAN]:50053: connect: no route to host\""}
{"level":"info","ts":1782607625.5056567,"caller":"logger/logger.go:106","msg":"Health check completed","vision":"HEALTHY","ocr":"HEALTHY","speech":"UNHEALTHY"}
{"level":"info","ts":1782607625.8033452,"caller":"logger/logger.go:156","msg":"Experiment infer completed","request_id":"req-B2-treatment-run1-1-84-1782607624978-72y6nstb","request_id":"req-B2-treatment-run1-1-84-1782607624978-72y6nstb","scenario":"B2","condition":"treatment","run":1,"category":"partial","latency_ms":817}
{"level":"info","ts":1782607625.8033993,"caller":"logger/logger.go:106","msg":"Request served","request_id":"req-B2-treatment-run1-1-84-1782607624978-72y6nstb","status":200,"method":"POST","path":"/api/v1/infer","ip":"[IP-DISAMARKAN]","latency":0.81975515}
{"level":"info","ts":1782607626.1948826,"caller":"logger/logger.go:156","msg":"Experiment infer completed","request_id":"req-B2-treatment-run1-5-78-1782607625311-edh27zb4","request_id":"req-B2-treatment-run1-5-78-1782607625311-edh27zb4","scenario":"B2","condition":"treatment","run":1,"category":"partial","latency_ms":877}
{"level":"info","ts":1782607626.1949368,"caller":"logger/logger.go:106","msg":"Request served","request_id":"req-B2-treatment-run1-5-78-1782607625311-edh27zb4","status":200,"method":"POST","path":"/api/v1/infer","ip":"[IP-DISAMARKAN]","latency":0.87955873}
{"level":"info","ts":1782607626.5881987,"caller":"logger/logger.go:156","msg":"Experiment infer completed","request_id":"req-B2-treatment-run1-4-84-1782607625697-8nq4509j","request_id":"req-B2-treatment-run1-4-84-1782607625697-8nq4509j","scenario":"B2","condition":"treatment","run":1,"category":"partial","latency_ms":879}
{"level":"info","ts":1782607626.5882576,"caller":"logger/logger.go:106","msg":"Request served","request_id":"req-B2-treatment-run1-4-84-1782607625697-8nq4509j","status":200,"method":"POST","path":"/api/v1/infer","ip":"[IP-DISAMARKAN]","latency":0.885592146}
{"level":"info","ts":1782607626.9781873,"caller":"logger/logger.go:156","msg":"Experiment infer completed","request_id":"req-B2-treatment-run1-2-67-1782607626084-xuczccwo","request_id":"req-B2-treatment-run1-2-67-1782607626084-xuczccwo","scenario":"B2","condition":"treatment","run":1,"category":"partial","latency_ms":881}
{"level":"info","ts":1782607626.9782467,"caller":"logger/logger.go:106","msg":"Request served","request_id":"req-B2-treatment-run1-2-67-1782607626084-xuczccwo","status":200,"method":"POST","path":"/api/v1/infer","ip":"[IP-DISAMARKAN]","latency":0.889983484}
{"level":"info","ts":1782607627.3069055,"caller":"logger/logger.go:156","msg":"Experiment infer completed","request_id":"req-B2-treatment-run1-3-77-1782607626477-ir62pssg","request_id":"req-B2-treatment-run1-3-77-1782607626477-ir62pssg","scenario":"B2","condition":"treatment","run":1,"category":"partial","latency_ms":819}
{"level":"info","ts":1782607627.30696,"caller":"logger/logger.go:106","msg":"Request served","request_id":"req-B2-treatment-run1-3-77-1782607626477-ir62pssg","status":200,"method":"POST","path":"/api/v1/infer","ip":"[IP-DISAMARKAN]","latency":0.824649854}
{"level":"info","ts":1782607627.6159344,"caller":"logger/logger.go:106","msg":"Request served","request_id":"d139e80f5c612d85","status":200,"method":"GET","path":"/metrics","ip":"[IP-DISAMARKAN]","latency":0.003329884}
{"level":"info","ts":1782607627.696157,"caller":"logger/logger.go:156","msg":"Experiment infer completed","request_id":"req-B2-treatment-run1-1-85-1782607626804-ew70l8na","request_id":"req-B2-treatment-run1-1-85-1782607626804-ew70l8na","scenario":"B2","condition":"treatment","run":1,"category":"partial","latency_ms":883}
{"level":"info","ts":1782607627.6962094,"caller":"logger/logger.go:106","msg":"Request served","request_id":"req-B2-treatment-run1-1-85-1782607626804-ew70l8na","status":200,"method":"POST","path":"/api/v1/infer","ip":"[IP-DISAMARKAN]","latency":0.887625255}
{"level":"info","ts":1782607628.0941658,"caller":"logger/logger.go:156","msg":"Experiment infer completed","request_id":"req-B2-treatment-run1-5-79-1782607627197-jv3lyc1d","request_id":"req-B2-treatment-run1-5-79-1782607627197-jv3lyc1d","scenario":"B2","condition":"treatment","run":1,"category":"partial","latency_ms":888}
{"level":"info","ts":1782607628.0942206,"caller":"logger/logger.go:106","msg":"Request served","request_id":"req-B2-treatment-run1-5-79-1782607627197-jv3lyc1d","status":200,"method":"POST","path":"/api/v1/infer","ip":"[IP-DISAMARKAN]","latency":0.893262491}
{"level":"info","ts":1782607628.4820912,"caller":"logger/logger.go:156","msg":"Experiment infer completed","request_id":"req-B2-treatment-run1-4-85-1782607627590-47r90ort","request_id":"req-B2-treatment-run1-4-85-1782607627590-47r90ort","scenario":"B2","condition":"treatment","run":1,"category":"partial","latency_ms":885}
{"level":"info","ts":1782607628.4821417,"caller":"logger/logger.go:106","msg":"Request served","request_id":"req-B2-treatment-run1-4-85-1782607627590-47r90ort","status":200,"method":"POST","path":"/api/v1/infer","ip":"[IP-DISAMARKAN]","latency":0.887046359}
{"level":"info","ts":1782607628.88731,"caller":"logger/logger.go:156","msg":"Experiment infer completed","request_id":"req-B2-treatment-run1-2-68-1782607627979-ipwqfvyb","request_id":"req-B2-treatment-run1-2-68-1782607627979-ipwqfvyb","scenario":"B2","condition":"treatment","run":1,"category":"partial","latency_ms":901}
{"level":"info","ts":1782607628.8873603,"caller":"logger/logger.go:106","msg":"Request served","request_id":"req-B2-treatment-run1-2-68-1782607627979-ipwqfvyb","status":200,"method":"POST","path":"/api/v1/infer","ip":"[IP-DISAMARKAN]","latency":0.903776421}
{"level":"info","ts":1782607629.2778864,"caller":"logger/logger.go:156","msg":"Experiment infer completed","request_id":"req-B2-treatment-run1-3-78-1782607628309-u60ncvgj","request_id":"req-B2-treatment-run1-3-78-1782607628309-u60ncvgj","scenario":"B2","condition":"treatment","run":1,"category":"partial","latency_ms":960}
{"level":"info","ts":1782607629.277941,"caller":"logger/logger.go:106","msg":"Request served","request_id":"req-B2-treatment-run1-3-78-1782607628309-u60ncvgj","status":200,"method":"POST","path":"/api/v1/infer","ip":"[IP-DISAMARKAN]","latency":0.964795071}
{"level":"info","ts":1782607629.6040125,"caller":"logger/logger.go:156","msg":"Experiment infer completed","request_id":"req-B2-treatment-run1-1-86-1782607628698-ama3v5ye","request_id":"req-B2-treatment-run1-1-86-1782607628698-ama3v5ye","scenario":"B2","condition":"treatment","run":1,"category":"partial","latency_ms":897}
{"level":"info","ts":1782607629.6040769,"caller":"logger/logger.go:106","msg":"Request served","request_id":"req-B2-treatment-run1-1-86-1782607628698-ama3v5ye","status":200,"method":"POST","path":"/api/v1/infer","ip":"[IP-DISAMARKAN]","latency":0.899443352}
{"level":"info","ts":1782607629.988293,"caller":"logger/logger.go:156","msg":"Experiment infer completed","request_id":"req-B2-treatment-run1-5-80-1782607629095-5rnzlsc7","request_id":"req-B2-treatment-run1-5-80-1782607629095-5rnzlsc7","scenario":"B2","condition":"treatment","run":1,"category":"partial","latency_ms":887}
{"level":"info","ts":1782607629.9883485,"caller":"logger/logger.go:106","msg":"Request served","request_id":"req-B2-treatment-run1-5-80-1782607629095-5rnzlsc7","status":200,"method":"POST","path":"/api/v1/infer","ip":"[IP-DISAMARKAN]","latency":0.889287472}
{"level":"info","ts":1782607630.374954,"caller":"logger/logger.go:156","msg":"Experiment infer completed","request_id":"req-B2-treatment-run1-4-86-1782607629483-rsfijp8c","request_id":"req-B2-treatment-run1-4-86-1782607629483-rsfijp8c","scenario":"B2","condition":"treatment","run":1,"category":"partial","latency_ms":883}
{"level":"info","ts":1782607630.3750048,"caller":"logger/logger.go:106","msg":"Request served","request_id":"req-B2-treatment-run1-4-86-1782607629483-rsfijp8c","status":200,"method":"POST","path":"/api/v1/infer","ip":"[IP-DISAMARKAN]","latency":0.885994895}
{"level":"info","ts":1782607630.7057412,"caller":"logger/logger.go:156","msg":"Experiment infer completed","request_id":"req-B2-treatment-run1-2-69-1782607629889-exa67vms","request_id":"req-B2-treatment-run1-2-69-1782607629889-exa67vms","scenario":"B2","condition":"treatment","run":1,"category":"partial","latency_ms":811}
{"level":"info","ts":1782607630.7057962,"caller":"logger/logger.go:106","msg":"Request served","request_id":"req-B2-treatment-run1-2-69-1782607629889-exa67vms","status":200,"method":"POST","path":"/api/v1/infer","ip":"[IP-DISAMARKAN]","latency":0.813496359}
{"level":"info","ts":1782607631.0935295,"caller":"logger/logger.go:156","msg":"Experiment infer completed","request_id":"req-B2-treatment-run1-3-79-1782607630279-tukhc8yl","request_id":"req-B2-treatment-run1-3-79-1782607630279-tukhc8yl","scenario":"B2","condition":"treatment","run":1,"category":"partial","latency_ms":803}
{"level":"info","ts":1782607631.0935833,"caller":"logger/logger.go:106","msg":"Request served","request_id":"req-B2-treatment-run1-3-79-1782607630279-tukhc8yl","status":200,"method":"POST","path":"/api/v1/infer","ip":"[IP-DISAMARKAN]","latency":0.810106226}
{"level":"info","ts":1782607631.4873128,"caller":"logger/logger.go:156","msg":"Experiment infer completed","request_id":"req-B2-treatment-run1-1-87-1782607630606-m7tu8at7","request_id":"req-B2-treatment-run1-1-87-1782607630606-m7tu8at7","scenario":"B2","condition":"treatment","run":1,"category":"partial","latency_ms":873}
{"level":"info","ts":1782607631.4873624,"caller":"logger/logger.go:106","msg":"Request served","request_id":"req-B2-treatment-run1-1-87-1782607630606-m7tu8at7","status":200,"method":"POST","path":"/api/v1/infer","ip":"[IP-DISAMARKAN]","latency":0.876142408}
{"level":"info","ts":1782607631.811586,"caller":"logger/logger.go:156","msg":"Experiment infer completed","request_id":"req-B2-treatment-run1-5-81-1782607630989-9skizgcr","request_id":"req-B2-treatment-run1-5-81-1782607630989-9skizgcr","scenario":"B2","condition":"treatment","run":1,"category":"partial","latency_ms":814}
{"level":"info","ts":1782607631.8116438,"caller":"logger/logger.go:106","msg":"Request served","request_id":"req-B2-treatment-run1-5-81-1782607630989-9skizgcr","status":200,"method":"POST","path":"/api/v1/infer","ip":"[IP-DISAMARKAN]","latency":0.817676512}
{"level":"info","ts":1782607632.2159963,"caller":"logger/logger.go:156","msg":"Experiment infer completed","request_id":"req-B2-treatment-run1-4-87-1782607631376-xcd7iu6y","request_id":"req-B2-treatment-run1-4-87-1782607631376-xcd7iu6y","scenario":"B2","condition":"treatment","run":1,"category":"partial","latency_ms":831}
{"level":"info","ts":1782607632.2160606,"caller":"logger/logger.go:106","msg":"Request served","request_id":"req-B2-treatment-run1-4-87-1782607631376-xcd7iu6y","status":200,"method":"POST","path":"/api/v1/infer","ip":"[IP-DISAMARKAN]","latency":0.833756912}
{"level":"info","ts":1782607632.5905335,"caller":"logger/logger.go:156","msg":"Experiment infer completed","request_id":"req-B2-treatment-run1-2-70-1782607631708-rl0cijix","request_id":"req-B2-treatment-run1-2-70-1782607631708-rl0cijix","scenario":"B2","condition":"treatment","run":1,"category":"partial","latency_ms":877}
{"level":"info","ts":1782607632.590589,"caller":"logger/logger.go:106","msg":"Request served","request_id":"req-B2-treatment-run1-2-70-1782607631708-rl0cijix","status":200,"method":"POST","path":"/api/v1/infer","ip":"[IP-DISAMARKAN]","latency":0.879039705}
{"level":"info","ts":1782607632.6130786,"caller":"logger/logger.go:106","msg":"Request served","request_id":"b2faf58110892af8","status":200,"method":"GET","path":"/metrics","ip":"[IP-DISAMARKAN]","latency":0.001107822}
{"level":"info","ts":1782607632.9815032,"caller":"logger/logger.go:156","msg":"Experiment infer completed","request_id":"req-B2-treatment-run1-3-80-1782607632095-y2z61nj5","request_id":"req-B2-treatment-run1-3-80-1782607632095-y2z61nj5","scenario":"B2","condition":"treatment","run":1,"category":"partial","latency_ms":877}
{"level":"info","ts":1782607632.9815526,"caller":"logger/logger.go:106","msg":"Request served","request_id":"req-B2-treatment-run1-3-80-1782607632095-y2z61nj5","status":200,"method":"POST","path":"/api/v1/infer","ip":"[IP-DISAMARKAN]","latency":0.881117501}
{"level":"info","ts":1782607633.3096893,"caller":"logger/logger.go:156","msg":"Experiment infer completed","request_id":"req-B2-treatment-run1-1-88-1782607632489-41rncao8","request_id":"req-B2-treatment-run1-1-88-1782607632489-41rncao8","scenario":"B2","condition":"treatment","run":1,"category":"partial","latency_ms":813}
{"level":"info","ts":1782607633.3097408,"caller":"logger/logger.go:106","msg":"Request served","request_id":"req-B2-treatment-run1-1-88-1782607632489-41rncao8","status":200,"method":"POST","path":"/api/v1/infer","ip":"[IP-DISAMARKAN]","latency":0.815401441}
{"level":"info","ts":1782607633.6918116,"caller":"logger/logger.go:156","msg":"Experiment infer completed","request_id":"req-B2-treatment-run1-5-82-1782607632813-vpmifi8h","request_id":"req-B2-treatment-run1-5-82-1782607632813-vpmifi8h","scenario":"B2","condition":"treatment","run":1,"category":"partial","latency_ms":872}
{"level":"info","ts":1782607633.6918666,"caller":"logger/logger.go:106","msg":"Request served","request_id":"req-B2-treatment-run1-5-82-1782607632813-vpmifi8h","status":200,"method":"POST","path":"/api/v1/infer","ip":"[IP-DISAMARKAN]","latency":0.874593338}
{"level":"info","ts":1782607634.0388222,"caller":"logger/logger.go:156","msg":"Experiment infer completed","request_id":"req-B2-treatment-run1-4-88-1782607633217-xt0uczhc","request_id":"req-B2-treatment-run1-4-88-1782607633217-xt0uczhc","scenario":"B2","condition":"treatment","run":1,"category":"partial","latency_ms":814}
{"level":"info","ts":1782607634.0391626,"caller":"logger/logger.go:106","msg":"Request served","request_id":"req-B2-treatment-run1-4-88-1782607633217-xt0uczhc","status":200,"method":"POST","path":"/api/v1/infer","ip":"[IP-DISAMARKAN]","latency":0.817338751}
{"level":"info","ts":1782607634.4210515,"caller":"logger/logger.go:156","msg":"Experiment infer completed","request_id":"req-B2-treatment-run1-2-71-1782607633592-dix9dwrv","request_id":"req-B2-treatment-run1-2-71-1782607633592-dix9dwrv","scenario":"B2","condition":"treatment","run":1,"category":"partial","latency_ms":821}
{"level":"info","ts":1782607634.421122,"caller":"logger/logger.go:106","msg":"Request served","request_id":"req-B2-treatment-run1-2-71-1782607633592-dix9dwrv","status":200,"method":"POST","path":"/api/v1/infer","ip":"[IP-DISAMARKAN]","latency":0.825481903}
{"level":"info","ts":1782607634.8985264,"caller":"logger/logger.go:156","msg":"Experiment infer completed","request_id":"req-B2-treatment-run1-3-81-1782607633984-5su56gfd","request_id":"req-B2-treatment-run1-3-81-1782607633984-5su56gfd","scenario":"B2","condition":"treatment","run":1,"category":"partial","latency_ms":903}
{"level":"info","ts":1782607634.8985822,"caller":"logger/logger.go:106","msg":"Request served","request_id":"req-B2-treatment-run1-3-81-1782607633984-5su56gfd","status":200,"method":"POST","path":"/api/v1/infer","ip":"[IP-DISAMARKAN]","latency":0.910055081}
{"level":"info","ts":1782607635.2862444,"caller":"logger/logger.go:156","msg":"Experiment infer completed","request_id":"req-B2-treatment-run1-1-89-1782607634313-1li65tbt","request_id":"req-B2-treatment-run1-1-89-1782607634313-1li65tbt","scenario":"B2","condition":"treatment","run":1,"category":"partial","latency_ms":966}
{"level":"info","ts":1782607635.2862942,"caller":"logger/logger.go:106","msg":"Request served","request_id":"req-B2-treatment-run1-1-89-1782607634313-1li65tbt","status":200,"method":"POST","path":"/api/v1/infer","ip":"[IP-DISAMARKAN]","latency":0.96873814}
{"level":"info","ts":1782607635.594648,"caller":"logger/logger.go:156","msg":"Experiment infer completed","request_id":"req-B2-treatment-run1-5-83-1782607634694-eq1q7ywq","request_id":"req-B2-treatment-run1-5-83-1782607634694-eq1q7ywq","scenario":"B2","condition":"treatment","run":1,"category":"partial","latency_ms":891}
{"level":"info","ts":1782607635.594702,"caller":"logger/logger.go:106","msg":"Request served","request_id":"req-B2-treatment-run1-5-83-1782607634694-eq1q7ywq","status":200,"method":"POST","path":"/api/v1/infer","ip":"[IP-DISAMARKAN]","latency":0.895556801}
{"level":"info","ts":1782607636.0086396,"caller":"logger/logger.go:156","msg":"Experiment infer completed","request_id":"req-B2-treatment-run1-4-89-1782607635040-ofc5u7bw","request_id":"req-B2-treatment-run1-4-89-1782607635040-ofc5u7bw","scenario":"B2","condition":"treatment","run":1,"category":"partial","latency_ms":960}
{"level":"info","ts":1782607636.0086882,"caller":"logger/logger.go:106","msg":"Request served","request_id":"req-B2-treatment-run1-4-89-1782607635040-ofc5u7bw","status":200,"method":"POST","path":"/api/v1/infer","ip":"[IP-DISAMARKAN]","latency":0.963916213}
{"level":"info","ts":1782607636.4112666,"caller":"logger/logger.go:156","msg":"Experiment infer completed","request_id":"req-B2-treatment-run1-2-72-1782607635423-ptfcsggf","request_id":"req-B2-treatment-run1-2-72-1782607635423-ptfcsggf","scenario":"B2","condition":"treatment","run":1,"category":"partial","latency_ms":982}
{"level":"info","ts":1782607636.4114945,"caller":"logger/logger.go:106","msg":"Request served","request_id":"req-B2-treatment-run1-2-72-1782607635423-ptfcsggf","status":200,"method":"POST","path":"/api/v1/infer","ip":"[IP-DISAMARKAN]","latency":0.984976605}
{"level":"info","ts":1782607636.7923772,"caller":"logger/logger.go:156","msg":"Experiment infer completed","request_id":"req-B2-treatment-run1-3-82-1782607635900-3mcga12w","request_id":"req-B2-treatment-run1-3-82-1782607635900-3mcga12w","scenario":"B2","condition":"treatment","run":1,"category":"partial","latency_ms":883}
{"level":"info","ts":1782607636.7924318,"caller":"logger/logger.go:106","msg":"Request served","request_id":"req-B2-treatment-run1-3-82-1782607635900-3mcga12w","status":200,"method":"POST","path":"/api/v1/infer","ip":"[IP-DISAMARKAN]","latency":0.887124376}
{"level":"info","ts":1782607637.1800363,"caller":"logger/logger.go:156","msg":"Experiment infer completed","request_id":"req-B2-treatment-run1-1-90-1782607636288-0o0d732v","request_id":"req-B2-treatment-run1-1-90-1782607636288-0o0d732v","scenario":"B2","condition":"treatment","run":1,"category":"partial","latency_ms":885}
{"level":"info","ts":1782607637.180088,"caller":"logger/logger.go:106","msg":"Request served","request_id":"req-B2-treatment-run1-1-90-1782607636288-0o0d732v","status":200,"method":"POST","path":"/api/v1/infer","ip":"[IP-DISAMARKAN]","latency":0.888181511}
{"level":"info","ts":1782607637.5070646,"caller":"logger/logger.go:156","msg":"Experiment infer completed","request_id":"req-B2-treatment-run1-5-84-1782607636597-ydcazw14","request_id":"req-B2-treatment-run1-5-84-1782607636597-ydcazw14","scenario":"B2","condition":"treatment","run":1,"category":"partial","latency_ms":900}
{"level":"info","ts":1782607637.507119,"caller":"logger/logger.go:106","msg":"Request served","request_id":"req-B2-treatment-run1-5-84-1782607636597-ydcazw14","status":200,"method":"POST","path":"/api/v1/infer","ip":"[IP-DISAMARKAN]","latency":0.906289736}
{"level":"info","ts":1782607637.6145375,"caller":"logger/logger.go:106","msg":"Request served","request_id":"ed6318c3da523c09","status":200,"method":"GET","path":"/metrics","ip":"[IP-DISAMARKAN]","latency":0.002558665}
{"level":"info","ts":1782607637.8019097,"caller":"logger/logger.go:106","msg":"Circuit breaker transitioning to HALF_OPEN","name":"speech"}
{"level":"info","ts":1782607637.893837,"caller":"logger/logger.go:156","msg":"Experiment infer completed","request_id":"req-B2-treatment-run1-4-90-1782607637012-vh1mfjj3","request_id":"req-B2-treatment-run1-4-90-1782607637012-vh1mfjj3","scenario":"B2","condition":"treatment","run":1,"category":"partial","latency_ms":875}
{"level":"info","ts":1782607637.8938887,"caller":"logger/logger.go:106","msg":"Request served","request_id":"req-B2-treatment-run1-4-90-1782607637012-vh1mfjj3","status":200,"method":"POST","path":"/api/v1/infer","ip":"[IP-DISAMARKAN]","latency":0.877221499}
{"level":"error","ts":1782607637.893989,"caller":"logger/logger.go:121","msg":"AI Worker gRPC failed","code":"Unavailable","message":"name resolver error: dns: A record lookup error: lookup speech-worker on 127.0.0.11:53: server misbehaving","stacktrace":"temandifa-backend/internal/logger.Error\n\t/app/internal/logger/logger.go:121\ntemandifa-backend/internal/services.(*aiService).handleError\n\t/app/internal/services/ai_service.go:387\ntemandifa-backend/internal/services.(*aiService).TranscribeAudio.func1\n\t/app/internal/services/ai_service.go:331\ntemandifa-backend/internal/services.(*aiService).TranscribeAudio\n\t/app/internal/services/ai_service.go:354\ntemandifa-backend/internal/handlers.(*ExperimentHandler).callWorkersConcurrent.func1\n\t/app/internal/handlers/experiment_handler.go:610"}
{"level":"warn","ts":1782607637.8940275,"caller":"logger/logger.go:116","msg":"Circuit breaker transitioning back to OPEN from HALF_OPEN","name":"speech"}
{"level":"info","ts":1782607638.2832901,"caller":"logger/logger.go:156","msg":"Experiment infer completed","request_id":"req-B2-treatment-run1-2-73-1782607637413-iatqrkkb","request_id":"req-B2-treatment-run1-2-73-1782607637413-iatqrkkb","scenario":"B2","condition":"treatment","run":1,"category":"partial","latency_ms":864}
{"level":"info","ts":1782607638.283344,"caller":"logger/logger.go:106","msg":"Request served","request_id":"req-B2-treatment-run1-2-73-1782607637413-iatqrkkb","status":200,"method":"POST","path":"/api/v1/infer","ip":"[IP-DISAMARKAN]","latency":0.86670116}
{"level":"info","ts":1782607638.6777563,"caller":"logger/logger.go:156","msg":"Experiment infer completed","request_id":"req-B2-treatment-run1-3-83-1782607637795-7qg4ve0y","request_id":"req-B2-treatment-run1-3-83-1782607637795-7qg4ve0y","scenario":"B2","condition":"treatment","run":1,"category":"partial","latency_ms":875}
{"level":"info","ts":1782607638.6778126,"caller":"logger/logger.go:106","msg":"Request served","request_id":"req-B2-treatment-run1-3-83-1782607637795-7qg4ve0y","status":200,"method":"POST","path":"/api/v1/infer","ip":"[IP-DISAMARKAN]","latency":0.878533036}
{"level":"info","ts":1782607639.0289724,"caller":"logger/logger.go:156","msg":"Experiment infer completed","request_id":"req-B2-treatment-run1-1-91-1782607638182-pyfsofc9","request_id":"req-B2-treatment-run1-1-91-1782607638182-pyfsofc9","scenario":"B2","condition":"treatment","run":1,"category":"partial","latency_ms":837}
{"level":"info","ts":1782607639.0290408,"caller":"logger/logger.go:106","msg":"Request served","request_id":"req-B2-treatment-run1-1-91-1782607638182-pyfsofc9","status":200,"method":"POST","path":"/api/v1/infer","ip":"[IP-DISAMARKAN]","latency":0.841790905}
{"level":"info","ts":1782607639.4093897,"caller":"logger/logger.go:156","msg":"Experiment infer completed","request_id":"req-B2-treatment-run1-5-85-1782607638509-kx37q6bj","request_id":"req-B2-treatment-run1-5-85-1782607638509-kx37q6bj","scenario":"B2","condition":"treatment","run":1,"category":"partial","latency_ms":888}
{"level":"info","ts":1782607639.4094412,"caller":"logger/logger.go:106","msg":"Request served","request_id":"req-B2-treatment-run1-5-85-1782607638509-kx37q6bj","status":200,"method":"POST","path":"/api/v1/infer","ip":"[IP-DISAMARKAN]","latency":0.896185525}
{"level":"info","ts":1782607639.781612,"caller":"logger/logger.go:156","msg":"Experiment infer completed","request_id":"req-B2-treatment-run1-4-91-1782607638896-mev1uhuw","request_id":"req-B2-treatment-run1-4-91-1782607638896-mev1uhuw","scenario":"B2","condition":"treatment","run":1,"category":"partial","latency_ms":876}
{"level":"info","ts":1782607639.7816687,"caller":"logger/logger.go:106","msg":"Request served","request_id":"req-B2-treatment-run1-4-91-1782607638896-mev1uhuw","status":200,"method":"POST","path":"/api/v1/infer","ip":"[IP-DISAMARKAN]","latency":0.880839157}
{"level":"info","ts":1782607640.115618,"caller":"logger/logger.go:156","msg":"Experiment infer completed","request_id":"req-B2-treatment-run1-2-74-1782607639285-eeghqnzf","request_id":"req-B2-treatment-run1-2-74-1782607639285-eeghqnzf","scenario":"B2","condition":"treatment","run":1,"category":"partial","latency_ms":818}
{"level":"info","ts":1782607640.115663,"caller":"logger/logger.go:106","msg":"Request served","request_id":"req-B2-treatment-run1-2-74-1782607639285-eeghqnzf","status":200,"method":"POST","path":"/api/v1/infer","ip":"[IP-DISAMARKAN]","latency":0.822383892}