INFO:     [IP-DISAMARKAN]:40656 - "GET /metrics/ HTTP/1.1" 200 OK
INFO:     [IP-DISAMARKAN]:49112 - "GET /health HTTP/1.1" 200 OK
INFO:     [IP-DISAMARKAN]:34126 - "GET /metrics HTTP/1.1" 307 Temporary Redirect
INFO:     [IP-DISAMARKAN]:34126 - "GET /metrics/ HTTP/1.1" 200 OK
INFO:     127.0.0.1:33298 - "GET /health HTTP/1.1" 200 OK
INFO:     [IP-DISAMARKAN]:49274 - "GET /metrics HTTP/1.1" 307 Temporary Redirect
INFO:     [IP-DISAMARKAN]:49274 - "GET /metrics/ HTTP/1.1" 200 OK
INFO:     [IP-DISAMARKAN]:45224 - "GET /health HTTP/1.1" 200 OK
INFO:     [IP-DISAMARKAN]:35886 - "GET /metrics HTTP/1.1" 307 Temporary Redirect
INFO:     [IP-DISAMARKAN]:35886 - "GET /metrics/ HTTP/1.1" 200 OK
INFO:     127.0.0.1:35688 - "GET /health HTTP/1.1" 200 OK
INFO:     [IP-DISAMARKAN]:32944 - "GET /metrics HTTP/1.1" 307 Temporary Redirect
INFO:     [IP-DISAMARKAN]:32944 - "GET /metrics/ HTTP/1.1" 200 OK
INFO:     [IP-DISAMARKAN]:55146 - "GET /health HTTP/1.1" 200 OK
INFO:     [IP-DISAMARKAN]:51690 - "GET /metrics HTTP/1.1" 307 Temporary Redirect
INFO:     [IP-DISAMARKAN]:51690 - "GET /metrics/ HTTP/1.1" 200 OK
INFO:     127.0.0.1:48208 - "GET /health HTTP/1.1" 200 OK
INFO:     [IP-DISAMARKAN]:34934 - "GET /metrics HTTP/1.1" 307 Temporary Redirect
INFO:     [IP-DISAMARKAN]:34934 - "GET /metrics/ HTTP/1.1" 200 OK
INFO:     [IP-DISAMARKAN]:52560 - "GET /health HTTP/1.1" 200 OK
INFO:     [IP-DISAMARKAN]:49754 - "GET /metrics HTTP/1.1" 307 Temporary Redirect
INFO:     [IP-DISAMARKAN]:49754 - "GET /metrics/ HTTP/1.1" 200 OK
INFO:     127.0.0.1:45664 - "GET /health HTTP/1.1" 200 OK
INFO:     [IP-DISAMARKAN]:54322 - "GET /metrics HTTP/1.1" 307 Temporary Redirect
INFO:     [IP-DISAMARKAN]:54322 - "GET /metrics/ HTTP/1.1" 200 OK
INFO:     [IP-DISAMARKAN]:58534 - "GET /health HTTP/1.1" 200 OK
INFO:     [IP-DISAMARKAN]:53882 - "GET /metrics HTTP/1.1" 307 Temporary Redirect
INFO:     [IP-DISAMARKAN]:53882 - "GET /metrics/ HTTP/1.1" 200 OK
INFO:     127.0.0.1:42220 - "GET /health HTTP/1.1" 200 OK
INFO:     [IP-DISAMARKAN]:47568 - "GET /metrics HTTP/1.1" 307 Temporary Redirect
INFO:     [IP-DISAMARKAN]:47568 - "GET /metrics/ HTTP/1.1" 200 OK
INFO:     [IP-DISAMARKAN]:34778 - "GET /health HTTP/1.1" 200 OK
INFO:     [IP-DISAMARKAN]:40718 - "GET /metrics HTTP/1.1" 307 Temporary Redirect
INFO:     [IP-DISAMARKAN]:40718 - "GET /metrics/ HTTP/1.1" 200 OK
INFO:     127.0.0.1:56140 - "GET /health HTTP/1.1" 200 OK
INFO:     [IP-DISAMARKAN]:38018 - "GET /metrics HTTP/1.1" 307 Temporary Redirect
INFO:     [IP-DISAMARKAN]:38018 - "GET /metrics/ HTTP/1.1" 200 OK
INFO:     [IP-DISAMARKAN]:43730 - "GET /health HTTP/1.1" 200 OK
INFO:     [IP-DISAMARKAN]:37480 - "GET /metrics HTTP/1.1" 307 Temporary Redirect
INFO:     [IP-DISAMARKAN]:37480 - "GET /metrics/ HTTP/1.1" 200 OK
INFO:     127.0.0.1:53862 - "GET /health HTTP/1.1" 200 OK
INFO:     [IP-DISAMARKAN]:59224 - "GET /metrics HTTP/1.1" 307 Temporary Redirect
INFO:     [IP-DISAMARKAN]:59224 - "GET /metrics/ HTTP/1.1" 200 OK
INFO:     [IP-DISAMARKAN]:40192 - "GET /health HTTP/1.1" 200 OK
INFO:     [IP-DISAMARKAN]:49816 - "GET /metrics HTTP/1.1" 307 Temporary Redirect
INFO:     [IP-DISAMARKAN]:49816 - "GET /metrics/ HTTP/1.1" 200 OK
INFO:     127.0.0.1:45104 - "GET /health HTTP/1.1" 200 OK
INFO:     [IP-DISAMARKAN]:33706 - "GET /metrics HTTP/1.1" 307 Temporary Redirect
INFO:     [IP-DISAMARKAN]:33706 - "GET /metrics/ HTTP/1.1" 200 OK
INFO:     [IP-DISAMARKAN]:59740 - "GET /health HTTP/1.1" 200 OK
INFO:     [IP-DISAMARKAN]:54576 - "GET /metrics HTTP/1.1" 307 Temporary Redirect
INFO:     [IP-DISAMARKAN]:54576 - "GET /metrics/ HTTP/1.1" 200 OK
INFO:     127.0.0.1:35660 - "GET /health HTTP/1.1" 200 OK
INFO:     [IP-DISAMARKAN]:49376 - "GET /metrics HTTP/1.1" 307 Temporary Redirect
INFO:     [IP-DISAMARKAN]:49376 - "GET /metrics/ HTTP/1.1" 200 OK
INFO:     [IP-DISAMARKAN]:48244 - "GET /health HTTP/1.1" 200 OK
INFO:     [IP-DISAMARKAN]:43050 - "GET /metrics HTTP/1.1" 307 Temporary Redirect
INFO:     [IP-DISAMARKAN]:43050 - "GET /metrics/ HTTP/1.1" 200 OK
INFO:     127.0.0.1:33196 - "GET /health HTTP/1.1" 200 OK
INFO:     [IP-DISAMARKAN]:58626 - "GET /metrics HTTP/1.1" 307 Temporary Redirect
INFO:     [IP-DISAMARKAN]:58626 - "GET /metrics/ HTTP/1.1" 200 OK
INFO:     [IP-DISAMARKAN]:46912 - "GET /metrics HTTP/1.1" 307 Temporary Redirect
INFO:     [IP-DISAMARKAN]:46912 - "GET /metrics/ HTTP/1.1" 200 OK
INFO:     [IP-DISAMARKAN]:56966 - "GET /health HTTP/1.1" 200 OK
INFO:     127.0.0.1:46588 - "GET /health HTTP/1.1" 200 OK
INFO:     [IP-DISAMARKAN]:34908 - "GET /metrics HTTP/1.1" 307 Temporary Redirect
INFO:     [IP-DISAMARKAN]:34908 - "GET /metrics/ HTTP/1.1" 200 OK
INFO:     [IP-DISAMARKAN]:57788 - "GET /metrics HTTP/1.1" 307 Temporary Redirect
INFO:     [IP-DISAMARKAN]:57788 - "GET /metrics/ HTTP/1.1" 200 OK
INFO:     [IP-DISAMARKAN]:60500 - "GET /health HTTP/1.1" 200 OK
INFO:     127.0.0.1:59026 - "GET /health HTTP/1.1" 200 OK
INFO:     [IP-DISAMARKAN]:48152 - "GET /metrics HTTP/1.1" 307 Temporary Redirect
INFO:     [IP-DISAMARKAN]:48152 - "GET /metrics/ HTTP/1.1" 200 OK
INFO:     [IP-DISAMARKAN]:59666 - "GET /metrics HTTP/1.1" 307 Temporary Redirect
INFO:     [IP-DISAMARKAN]:59666 - "GET /metrics/ HTTP/1.1" 200 OK
INFO:     [IP-DISAMARKAN]:60244 - "GET /health HTTP/1.1" 200 OK
INFO:     127.0.0.1:53720 - "GET /health HTTP/1.1" 200 OK
INFO:     [IP-DISAMARKAN]:38196 - "GET /metrics HTTP/1.1" 307 Temporary Redirect
INFO:     [IP-DISAMARKAN]:38196 - "GET /metrics/ HTTP/1.1" 200 OK
INFO:     [IP-DISAMARKAN]:44578 - "GET /metrics HTTP/1.1" 307 Temporary Redirect
INFO:     [IP-DISAMARKAN]:44578 - "GET /metrics/ HTTP/1.1" 200 OK
INFO:     127.0.0.1:32816 - "GET /health HTTP/1.1" 200 OK
INFO:     [IP-DISAMARKAN]:33716 - "GET /metrics HTTP/1.1" 307 Temporary Redirect
INFO:     [IP-DISAMARKAN]:33716 - "GET /metrics/ HTTP/1.1" 200 OK
INFO:     [IP-DISAMARKAN]:44750 - "GET /health HTTP/1.1" 200 OK
INFO:     [IP-DISAMARKAN]:50088 - "GET /metrics HTTP/1.1" 307 Temporary Redirect
INFO:     [IP-DISAMARKAN]:50088 - "GET /metrics/ HTTP/1.1" 200 OK
INFO:     127.0.0.1:56468 - "GET /health HTTP/1.1" 200 OK
INFO:     [IP-DISAMARKAN]:44472 - "GET /metrics HTTP/1.1" 307 Temporary Redirect
INFO:     [IP-DISAMARKAN]:44472 - "GET /metrics/ HTTP/1.1" 200 OK
INFO:     [IP-DISAMARKAN]:55382 - "GET /health HTTP/1.1" 200 OK
INFO:     [IP-DISAMARKAN]:58824 - "GET /metrics HTTP/1.1" 307 Temporary Redirect
INFO:     [IP-DISAMARKAN]:58824 - "GET /metrics/ HTTP/1.1" 200 OK
INFO:     127.0.0.1:45078 - "GET /health HTTP/1.1" 200 OK
INFO:     [IP-DISAMARKAN]:60940 - "GET /metrics HTTP/1.1" 307 Temporary Redirect
INFO:     [IP-DISAMARKAN]:60940 - "GET /metrics/ HTTP/1.1" 200 OK
INFO:     [IP-DISAMARKAN]:56350 - "GET /health HTTP/1.1" 200 OK
INFO:     [IP-DISAMARKAN]:47940 - "GET /metrics HTTP/1.1" 307 Temporary Redirect
INFO:     [IP-DISAMARKAN]:47940 - "GET /metrics/ HTTP/1.1" 200 OK
INFO:     127.0.0.1:40316 - "GET /health HTTP/1.1" 200 OK
INFO:     [IP-DISAMARKAN]:55316 - "GET /metrics HTTP/1.1" 307 Temporary Redirect
INFO:     [IP-DISAMARKAN]:55316 - "GET /metrics/ HTTP/1.1" 200 OK
INFO:     [IP-DISAMARKAN]:41588 - "GET /metrics HTTP/1.1" 307 Temporary Redirect
INFO:     [IP-DISAMARKAN]:41588 - "GET /metrics/ HTTP/1.1" 200 OK
INFO:     [IP-DISAMARKAN]:40926 - "GET /health HTTP/1.1" 200 OK
INFO:     127.0.0.1:47588 - "GET /health HTTP/1.1" 200 OK
INFO:     [IP-DISAMARKAN]:46222 - "GET /metrics HTTP/1.1" 307 Temporary Redirect
INFO:     [IP-DISAMARKAN]:46222 - "GET /metrics/ HTTP/1.1" 200 OK
INFO:     [IP-DISAMARKAN]:39144 - "GET /metrics HTTP/1.1" 307 Temporary Redirect
INFO:     [IP-DISAMARKAN]:39144 - "GET /metrics/ HTTP/1.1" 200 OK
INFO:     [IP-DISAMARKAN]:35114 - "GET /health HTTP/1.1" 200 OK
INFO:     127.0.0.1:57244 - "GET /health HTTP/1.1" 200 OK
INFO:     [IP-DISAMARKAN]:42516 - "GET /metrics HTTP/1.1" 307 Temporary Redirect
INFO:     [IP-DISAMARKAN]:42516 - "GET /metrics/ HTTP/1.1" 200 OK
INFO:     [IP-DISAMARKAN]:39540 - "GET /metrics HTTP/1.1" 307 Temporary Redirect
INFO:     [IP-DISAMARKAN]:39540 - "GET /metrics/ HTTP/1.1" 200 OK
INFO:     [IP-DISAMARKAN]:41344 - "GET /health HTTP/1.1" 200 OK
INFO:     127.0.0.1:57072 - "GET /health HTTP/1.1" 200 OK
INFO:     [IP-DISAMARKAN]:47236 - "GET /metrics HTTP/1.1" 307 Temporary Redirect
INFO:     [IP-DISAMARKAN]:47236 - "GET /metrics/ HTTP/1.1" 200 OK
INFO:     [IP-DISAMARKAN]:54260 - "GET /metrics HTTP/1.1" 307 Temporary Redirect
INFO:     [IP-DISAMARKAN]:54260 - "GET /metrics/ HTTP/1.1" 200 OK
INFO:     127.0.0.1:41676 - "GET /health HTTP/1.1" 200 OK
INFO:     [IP-DISAMARKAN]:35350 - "GET /metrics HTTP/1.1" 307 Temporary Redirect
INFO:     [IP-DISAMARKAN]:35350 - "GET /metrics/ HTTP/1.1" 200 OK
INFO:     [IP-DISAMARKAN]:55130 - "GET /health HTTP/1.1" 200 OK
INFO:     [IP-DISAMARKAN]:47032 - "GET /metrics HTTP/1.1" 307 Temporary Redirect
INFO:     [IP-DISAMARKAN]:47032 - "GET /metrics/ HTTP/1.1" 200 OK
INFO:     127.0.0.1:42116 - "GET /health HTTP/1.1" 200 OK
INFO:     [IP-DISAMARKAN]:60390 - "GET /metrics HTTP/1.1" 307 Temporary Redirect
INFO:     [IP-DISAMARKAN]:60390 - "GET /metrics/ HTTP/1.1" 200 OK
INFO:     [IP-DISAMARKAN]:40474 - "GET /health HTTP/1.1" 200 OK
INFO:     [IP-DISAMARKAN]:59652 - "GET /metrics HTTP/1.1" 307 Temporary Redirect
INFO:     [IP-DISAMARKAN]:59652 - "GET /metrics/ HTTP/1.1" 200 OK
INFO:     127.0.0.1:60836 - "GET /health HTTP/1.1" 200 OK
INFO:     [IP-DISAMARKAN]:47606 - "GET /metrics HTTP/1.1" 307 Temporary Redirect
INFO:     [IP-DISAMARKAN]:47606 - "GET /metrics/ HTTP/1.1" 200 OK
INFO:     [IP-DISAMARKAN]:54910 - "GET /health HTTP/1.1" 200 OK
INFO:     [IP-DISAMARKAN]:43526 - "GET /metrics HTTP/1.1" 307 Temporary Redirect
INFO:     [IP-DISAMARKAN]:43526 - "GET /metrics/ HTTP/1.1" 200 OK
INFO:     127.0.0.1:35796 - "GET /health HTTP/1.1" 200 OK
INFO:     [IP-DISAMARKAN]:36206 - "GET /metrics HTTP/1.1" 307 Temporary Redirect
INFO:     [IP-DISAMARKAN]:36206 - "GET /metrics/ HTTP/1.1" 200 OK
INFO:     [IP-DISAMARKAN]:51936 - "GET /health HTTP/1.1" 200 OK
INFO:     [IP-DISAMARKAN]:53612 - "GET /metrics HTTP/1.1" 307 Temporary Redirect
INFO:     [IP-DISAMARKAN]:53612 - "GET /metrics/ HTTP/1.1" 200 OK
INFO:     [IP-DISAMARKAN]:36458 - "GET /metrics HTTP/1.1" 307 Temporary Redirect
INFO:     [IP-DISAMARKAN]:36458 - "GET /metrics/ HTTP/1.1" 200 OK
INFO:     127.0.0.1:50446 - "GET /health HTTP/1.1" 200 OK
INFO:     [IP-DISAMARKAN]:41778 - "GET /health HTTP/1.1" 200 OK
INFO:     [IP-DISAMARKAN]:58402 - "GET /metrics HTTP/1.1" 307 Temporary Redirect
INFO:     [IP-DISAMARKAN]:58402 - "GET /metrics/ HTTP/1.1" 200 OK
INFO:     [IP-DISAMARKAN]:47282 - "GET /metrics HTTP/1.1" 307 Temporary Redirect
INFO:     [IP-DISAMARKAN]:47282 - "GET /metrics/ HTTP/1.1" 200 OK
INFO:     127.0.0.1:42880 - "GET /health HTTP/1.1" 200 OK
INFO:     [IP-DISAMARKAN]:37922 - "GET /health HTTP/1.1" 200 OK
INFO:     [IP-DISAMARKAN]:44688 - "GET /metrics HTTP/1.1" 307 Temporary Redirect
INFO:     [IP-DISAMARKAN]:44688 - "GET /metrics/ HTTP/1.1" 200 OK
INFO:     [IP-DISAMARKAN]:48042 - "GET /metrics HTTP/1.1" 307 Temporary Redirect
INFO:     [IP-DISAMARKAN]:48042 - "GET /metrics/ HTTP/1.1" 200 OK
INFO:     127.0.0.1:36036 - "GET /health HTTP/1.1" 200 OK
INFO:     [IP-DISAMARKAN]:52406 - "GET /health HTTP/1.1" 200 OK
INFO:     [IP-DISAMARKAN]:58018 - "GET /metrics HTTP/1.1" 307 Temporary Redirect
INFO:     [IP-DISAMARKAN]:58018 - "GET /metrics/ HTTP/1.1" 200 OK
INFO:     [IP-DISAMARKAN]:40496 - "GET /metrics HTTP/1.1" 307 Temporary Redirect
INFO:     [IP-DISAMARKAN]:40496 - "GET /metrics/ HTTP/1.1" 200 OK
INFO:     127.0.0.1:44466 - "GET /health HTTP/1.1" 200 OK
INFO:     [IP-DISAMARKAN]:46358 - "GET /health HTTP/1.1" 200 OK
INFO:     [IP-DISAMARKAN]:38476 - "GET /metrics HTTP/1.1" 307 Temporary Redirect
INFO:     [IP-DISAMARKAN]:38476 - "GET /metrics/ HTTP/1.1" 200 OK
INFO:     [IP-DISAMARKAN]:47122 - "GET /metrics HTTP/1.1" 307 Temporary Redirect
INFO:     [IP-DISAMARKAN]:47122 - "GET /metrics/ HTTP/1.1" 200 OK
INFO:     127.0.0.1:59348 - "GET /health HTTP/1.1" 200 OK
INFO:     [IP-DISAMARKAN]:33590 - "GET /health HTTP/1.1" 200 OK
INFO:     [IP-DISAMARKAN]:55930 - "GET /metrics HTTP/1.1" 307 Temporary Redirect
INFO:     [IP-DISAMARKAN]:55930 - "GET /metrics/ HTTP/1.1" 200 OK
INFO:     [IP-DISAMARKAN]:59534 - "GET /metrics HTTP/1.1" 307 Temporary Redirect
INFO:     [IP-DISAMARKAN]:59534 - "GET /metrics/ HTTP/1.1" 200 OK
INFO:     127.0.0.1:56920 - "GET /health HTTP/1.1" 200 OK
INFO:     [IP-DISAMARKAN]:53514 - "GET /health HTTP/1.1" 200 OK
INFO:     [IP-DISAMARKAN]:51064 - "GET /metrics HTTP/1.1" 307 Temporary Redirect
INFO:     [IP-DISAMARKAN]:51064 - "GET /metrics/ HTTP/1.1" 200 OK
INFO:     [IP-DISAMARKAN]:37340 - "GET /metrics HTTP/1.1" 307 Temporary Redirect
INFO:     [IP-DISAMARKAN]:37340 - "GET /metrics/ HTTP/1.1" 200 OK
INFO:     127.0.0.1:41748 - "GET /health HTTP/1.1" 200 OK
INFO:     [IP-DISAMARKAN]:38066 - "GET /health HTTP/1.1" 200 OK
INFO:     [IP-DISAMARKAN]:35228 - "GET /metrics HTTP/1.1" 307 Temporary Redirect
INFO:     [IP-DISAMARKAN]:35228 - "GET /metrics/ HTTP/1.1" 200 OK
INFO:     [IP-DISAMARKAN]:37190 - "GET /metrics HTTP/1.1" 307 Temporary Redirect
INFO:     [IP-DISAMARKAN]:37190 - "GET /metrics/ HTTP/1.1" 200 OK
INFO:     127.0.0.1:60652 - "GET /health HTTP/1.1" 200 OK
INFO:     [IP-DISAMARKAN]:34296 - "GET /health HTTP/1.1" 200 OK
INFO:     [IP-DISAMARKAN]:50672 - "GET /metrics HTTP/1.1" 307 Temporary Redirect
INFO:     [IP-DISAMARKAN]:50672 - "GET /metrics/ HTTP/1.1" 200 OK
INFO:     [IP-DISAMARKAN]:35160 - "GET /metrics HTTP/1.1" 307 Temporary Redirect
INFO:     [IP-DISAMARKAN]:35160 - "GET /metrics/ HTTP/1.1" 200 OK
INFO:     127.0.0.1:50644 - "GET /health HTTP/1.1" 200 OK
INFO:     [IP-DISAMARKAN]:55174 - "GET /health HTTP/1.1" 200 OK
INFO:     [IP-DISAMARKAN]:60392 - "GET /metrics HTTP/1.1" 307 Temporary Redirect
INFO:     [IP-DISAMARKAN]:60392 - "GET /metrics/ HTTP/1.1" 200 OK
INFO:     [IP-DISAMARKAN]:49304 - "GET /metrics HTTP/1.1" 307 Temporary Redirect
INFO:     [IP-DISAMARKAN]:49304 - "GET /metrics/ HTTP/1.1" 200 OK
INFO:     127.0.0.1:38288 - "GET /health HTTP/1.1" 200 OK
INFO:     [IP-DISAMARKAN]:59858 - "GET /health HTTP/1.1" 200 OK
INFO:     [IP-DISAMARKAN]:54334 - "GET /metrics HTTP/1.1" 307 Temporary Redirect
INFO:     [IP-DISAMARKAN]:54334 - "GET /metrics/ HTTP/1.1" 200 OK
INFO:     [IP-DISAMARKAN]:54474 - "GET /metrics HTTP/1.1" 307 Temporary Redirect
INFO:     [IP-DISAMARKAN]:54474 - "GET /metrics/ HTTP/1.1" 200 OK
INFO:     127.0.0.1:48480 - "GET /health HTTP/1.1" 200 OK
INFO:     [IP-DISAMARKAN]:54314 - "GET /health HTTP/1.1" 200 OK
INFO:     [IP-DISAMARKAN]:58688 - "GET /metrics HTTP/1.1" 307 Temporary Redirect
INFO:     [IP-DISAMARKAN]:58688 - "GET /metrics/ HTTP/1.1" 200 OK
INFO:     [IP-DISAMARKAN]:56486 - "GET /metrics HTTP/1.1" 307 Temporary Redirect
INFO:     [IP-DISAMARKAN]:56486 - "GET /metrics/ HTTP/1.1" 200 OK
INFO:     127.0.0.1:36540 - "GET /health HTTP/1.1" 200 OK
INFO:     [IP-DISAMARKAN]:54898 - "GET /health HTTP/1.1" 200 OK
INFO:     [IP-DISAMARKAN]:49542 - "GET /metrics HTTP/1.1" 307 Temporary Redirect
INFO:     [IP-DISAMARKAN]:49542 - "GET /metrics/ HTTP/1.1" 200 OK
INFO:     [IP-DISAMARKAN]:44136 - "GET /metrics HTTP/1.1" 307 Temporary Redirect
INFO:     [IP-DISAMARKAN]:44136 - "GET /metrics/ HTTP/1.1" 200 OK
INFO:     127.0.0.1:34116 - "GET /health HTTP/1.1" 200 OK
INFO:     [IP-DISAMARKAN]:52792 - "GET /health HTTP/1.1" 200 OK
INFO:     [IP-DISAMARKAN]:55132 - "GET /metrics HTTP/1.1" 307 Temporary Redirect
INFO:     [IP-DISAMARKAN]:55132 - "GET /metrics/ HTTP/1.1" 200 OK
INFO:     [IP-DISAMARKAN]:46200 - "GET /metrics HTTP/1.1" 307 Temporary Redirect
INFO:     [IP-DISAMARKAN]:46200 - "GET /metrics/ HTTP/1.1" 200 OK
INFO:     127.0.0.1:38038 - "GET /health HTTP/1.1" 200 OK
INFO:     [IP-DISAMARKAN]:48054 - "GET /health HTTP/1.1" 200 OK
INFO:     [IP-DISAMARKAN]:51004 - "GET /metrics HTTP/1.1" 307 Temporary Redirect
INFO:     [IP-DISAMARKAN]:51004 - "GET /metrics/ HTTP/1.1" 200 OK
INFO:     [IP-DISAMARKAN]:60764 - "GET /metrics HTTP/1.1" 307 Temporary Redirect
INFO:     [IP-DISAMARKAN]:60764 - "GET /metrics/ HTTP/1.1" 200 OK
INFO:     127.0.0.1:47910 - "GET /health HTTP/1.1" 200 OK
INFO:     [IP-DISAMARKAN]:48644 - "GET /health HTTP/1.1" 200 OK
INFO:     [IP-DISAMARKAN]:35528 - "GET /metrics HTTP/1.1" 307 Temporary Redirect
INFO:     [IP-DISAMARKAN]:35528 - "GET /metrics/ HTTP/1.1" 200 OK
INFO:     [IP-DISAMARKAN]:38582 - "GET /metrics HTTP/1.1" 307 Temporary Redirect
INFO:     [IP-DISAMARKAN]:38582 - "GET /metrics/ HTTP/1.1" 200 OK
INFO:     127.0.0.1:38568 - "GET /health HTTP/1.1" 200 OK
INFO:     [IP-DISAMARKAN]:54770 - "GET /health HTTP/1.1" 200 OK
INFO:     [IP-DISAMARKAN]:33306 - "GET /metrics HTTP/1.1" 307 Temporary Redirect
INFO:     [IP-DISAMARKAN]:33306 - "GET /metrics/ HTTP/1.1" 200 OK
INFO:     [IP-DISAMARKAN]:58842 - "GET /metrics HTTP/1.1" 307 Temporary Redirect
INFO:     [IP-DISAMARKAN]:58842 - "GET /metrics/ HTTP/1.1" 200 OK
INFO:     127.0.0.1:57560 - "GET /health HTTP/1.1" 200 OK
INFO:     [IP-DISAMARKAN]:42470 - "GET /health HTTP/1.1" 200 OK
INFO:     [IP-DISAMARKAN]:45960 - "GET /metrics HTTP/1.1" 307 Temporary Redirect
INFO:     [IP-DISAMARKAN]:45960 - "GET /metrics/ HTTP/1.1" 200 OK
INFO:     [IP-DISAMARKAN]:53190 - "GET /metrics HTTP/1.1" 307 Temporary Redirect
INFO:     [IP-DISAMARKAN]:53190 - "GET /metrics/ HTTP/1.1" 200 OK
INFO:     127.0.0.1:54222 - "GET /health HTTP/1.1" 200 OK
INFO:     [IP-DISAMARKAN]:35900 - "GET /health HTTP/1.1" 200 OK
INFO:     [IP-DISAMARKAN]:46718 - "GET /metrics HTTP/1.1" 307 Temporary Redirect
INFO:     [IP-DISAMARKAN]:46718 - "GET /metrics/ HTTP/1.1" 200 OK
INFO:     [IP-DISAMARKAN]:48166 - "GET /metrics HTTP/1.1" 307 Temporary Redirect
INFO:     [IP-DISAMARKAN]:48166 - "GET /metrics/ HTTP/1.1" 200 OK
INFO:     127.0.0.1:42228 - "GET /health HTTP/1.1" 200 OK
INFO:     [IP-DISAMARKAN]:33572 - "GET /metrics HTTP/1.1" 307 Temporary Redirect
INFO:     [IP-DISAMARKAN]:33572 - "GET /metrics/ HTTP/1.1" 200 OK
INFO:     [IP-DISAMARKAN]:38684 - "GET /health HTTP/1.1" 200 OK
INFO:     [IP-DISAMARKAN]:50204 - "GET /metrics HTTP/1.1" 307 Temporary Redirect
INFO:     [IP-DISAMARKAN]:50204 - "GET /metrics/ HTTP/1.1" 200 OK
INFO:     127.0.0.1:50092 - "GET /health HTTP/1.1" 200 OK
INFO:     [IP-DISAMARKAN]:52596 - "GET /metrics HTTP/1.1" 307 Temporary Redirect
INFO:     [IP-DISAMARKAN]:52596 - "GET /metrics/ HTTP/1.1" 200 OK
INFO:     [IP-DISAMARKAN]:57914 - "GET /health HTTP/1.1" 200 OK
INFO:     [IP-DISAMARKAN]:50210 - "GET /metrics HTTP/1.1" 307 Temporary Redirect
INFO:     [IP-DISAMARKAN]:50210 - "GET /metrics/ HTTP/1.1" 200 OK
INFO:     127.0.0.1:58672 - "GET /health HTTP/1.1" 200 OK
INFO:     [IP-DISAMARKAN]:32782 - "GET /metrics HTTP/1.1" 307 Temporary Redirect
INFO:     [IP-DISAMARKAN]:32782 - "GET /metrics/ HTTP/1.1" 200 OK
INFO:     [IP-DISAMARKAN]:35844 - "GET /health HTTP/1.1" 200 OK
INFO:     [IP-DISAMARKAN]:34806 - "GET /metrics HTTP/1.1" 307 Temporary Redirect
INFO:     [IP-DISAMARKAN]:34806 - "GET /metrics/ HTTP/1.1" 200 OK
INFO:     127.0.0.1:35852 - "GET /health HTTP/1.1" 200 OK
INFO:     [IP-DISAMARKAN]:54604 - "GET /metrics HTTP/1.1" 307 Temporary Redirect
INFO:     [IP-DISAMARKAN]:54604 - "GET /metrics/ HTTP/1.1" 200 OK
INFO:     [IP-DISAMARKAN]:60966 - "GET /metrics HTTP/1.1" 307 Temporary Redirect
INFO:     [IP-DISAMARKAN]:60966 - "GET /metrics/ HTTP/1.1" 200 OK
INFO:     127.0.0.1:53642 - "GET /health HTTP/1.1" 200 OK
INFO:     [IP-DISAMARKAN]:56078 - "GET /health HTTP/1.1" 200 OK
INFO:     [IP-DISAMARKAN]:47840 - "GET /metrics HTTP/1.1" 307 Temporary Redirect
INFO:     [IP-DISAMARKAN]:47840 - "GET /metrics/ HTTP/1.1" 200 OK
INFO:     [IP-DISAMARKAN]:35414 - "GET /metrics HTTP/1.1" 307 Temporary Redirect
INFO:     [IP-DISAMARKAN]:35414 - "GET /metrics/ HTTP/1.1" 200 OK
INFO:     127.0.0.1:60734 - "GET /health HTTP/1.1" 200 OK
INFO:     [IP-DISAMARKAN]:38970 - "GET /health HTTP/1.1" 200 OK
INFO:     [IP-DISAMARKAN]:46634 - "GET /metrics HTTP/1.1" 307 Temporary Redirect
INFO:     [IP-DISAMARKAN]:46634 - "GET /metrics/ HTTP/1.1" 200 OK
INFO:     [IP-DISAMARKAN]:55480 - "GET /metrics HTTP/1.1" 307 Temporary Redirect
INFO:     [IP-DISAMARKAN]:55480 - "GET /metrics/ HTTP/1.1" 200 OK
INFO:     127.0.0.1:50002 - "GET /health HTTP/1.1" 200 OK
INFO:     [IP-DISAMARKAN]:60572 - "GET /health HTTP/1.1" 200 OK
INFO:     [IP-DISAMARKAN]:51790 - "GET /metrics HTTP/1.1" 307 Temporary Redirect
INFO:     [IP-DISAMARKAN]:51790 - "GET /metrics/ HTTP/1.1" 200 OK
INFO:     [IP-DISAMARKAN]:45346 - "GET /metrics HTTP/1.1" 307 Temporary Redirect
INFO:     [IP-DISAMARKAN]:45346 - "GET /metrics/ HTTP/1.1" 200 OK
INFO:     127.0.0.1:42036 - "GET /health HTTP/1.1" 200 OK
INFO:     [IP-DISAMARKAN]:36392 - "GET /metrics HTTP/1.1" 307 Temporary Redirect
INFO:     [IP-DISAMARKAN]:36392 - "GET /metrics/ HTTP/1.1" 200 OK
INFO:     [IP-DISAMARKAN]:36536 - "GET /health HTTP/1.1" 200 OK
INFO:     [IP-DISAMARKAN]:59650 - "GET /metrics HTTP/1.1" 307 Temporary Redirect
INFO:     [IP-DISAMARKAN]:59650 - "GET /metrics/ HTTP/1.1" 200 OK
INFO:     127.0.0.1:44976 - "GET /health HTTP/1.1" 200 OK
INFO:     [IP-DISAMARKAN]:43764 - "GET /metrics HTTP/1.1" 307 Temporary Redirect
INFO:     [IP-DISAMARKAN]:43764 - "GET /metrics/ HTTP/1.1" 200 OK
INFO:     [IP-DISAMARKAN]:52664 - "GET /health HTTP/1.1" 200 OK
INFO:     [IP-DISAMARKAN]:48392 - "GET /metrics HTTP/1.1" 307 Temporary Redirect
INFO:     [IP-DISAMARKAN]:48392 - "GET /metrics/ HTTP/1.1" 200 OK
INFO:     127.0.0.1:41340 - "GET /health HTTP/1.1" 200 OK
INFO:     [IP-DISAMARKAN]:54144 - "GET /metrics HTTP/1.1" 307 Temporary Redirect
INFO:     [IP-DISAMARKAN]:54144 - "GET /metrics/ HTTP/1.1" 200 OK
INFO:     [IP-DISAMARKAN]:54836 - "GET /health HTTP/1.1" 200 OK
INFO:     [IP-DISAMARKAN]:43450 - "GET /metrics HTTP/1.1" 307 Temporary Redirect
INFO:     [IP-DISAMARKAN]:43450 - "GET /metrics/ HTTP/1.1" 200 OK
INFO:     127.0.0.1:33890 - "GET /health HTTP/1.1" 200 OK
INFO:     [IP-DISAMARKAN]:34028 - "GET /metrics HTTP/1.1" 307 Temporary Redirect
INFO:     [IP-DISAMARKAN]:34028 - "GET /metrics/ HTTP/1.1" 200 OK
INFO:     [IP-DISAMARKAN]:42782 - "GET /metrics HTTP/1.1" 307 Temporary Redirect
INFO:     [IP-DISAMARKAN]:42782 - "GET /metrics/ HTTP/1.1" 200 OK
INFO:     [IP-DISAMARKAN]:54134 - "GET /health HTTP/1.1" 200 OK
INFO:     127.0.0.1:56926 - "GET /health HTTP/1.1" 200 OK
INFO:     [IP-DISAMARKAN]:38848 - "GET /metrics HTTP/1.1" 307 Temporary Redirect
INFO:     [IP-DISAMARKAN]:38848 - "GET /metrics/ HTTP/1.1" 200 OK
INFO:     [IP-DISAMARKAN]:42226 - "GET /metrics HTTP/1.1" 307 Temporary Redirect
INFO:     [IP-DISAMARKAN]:42226 - "GET /metrics/ HTTP/1.1" 200 OK
INFO:     127.0.0.1:47262 - "GET /health HTTP/1.1" 200 OK
INFO:     [IP-DISAMARKAN]:40608 - "GET /health HTTP/1.1" 200 OK
INFO:     [IP-DISAMARKAN]:52388 - "GET /metrics HTTP/1.1" 307 Temporary Redirect
INFO:     [IP-DISAMARKAN]:52388 - "GET /metrics/ HTTP/1.1" 200 OK
INFO:     [IP-DISAMARKAN]:60224 - "GET /metrics HTTP/1.1" 307 Temporary Redirect
INFO:     [IP-DISAMARKAN]:60224 - "GET /metrics/ HTTP/1.1" 200 OK
INFO:     127.0.0.1:53214 - "GET /health HTTP/1.1" 200 OK
INFO:     [IP-DISAMARKAN]:46722 - "GET /health HTTP/1.1" 200 OK
INFO:     [IP-DISAMARKAN]:59906 - "GET /metrics HTTP/1.1" 307 Temporary Redirect
INFO:     [IP-DISAMARKAN]:59906 - "GET /metrics/ HTTP/1.1" 200 OK
INFO:     [IP-DISAMARKAN]:34348 - "GET /metrics HTTP/1.1" 307 Temporary Redirect
INFO:     [IP-DISAMARKAN]:34348 - "GET /metrics/ HTTP/1.1" 200 OK
INFO:     127.0.0.1:51264 - "GET /health HTTP/1.1" 200 OK
INFO:     [IP-DISAMARKAN]:50688 - "GET /metrics HTTP/1.1" 307 Temporary Redirect
INFO:     [IP-DISAMARKAN]:50688 - "GET /metrics/ HTTP/1.1" 200 OK
INFO:     [IP-DISAMARKAN]:54212 - "GET /health HTTP/1.1" 200 OK
INFO:     [IP-DISAMARKAN]:37226 - "GET /metrics HTTP/1.1" 307 Temporary Redirect
INFO:     [IP-DISAMARKAN]:37226 - "GET /metrics/ HTTP/1.1" 200 OK
INFO:     127.0.0.1:39954 - "GET /health HTTP/1.1" 200 OK
INFO:     [IP-DISAMARKAN]:49598 - "GET /metrics HTTP/1.1" 307 Temporary Redirect
INFO:     [IP-DISAMARKAN]:49598 - "GET /metrics/ HTTP/1.1" 200 OK
INFO:     [IP-DISAMARKAN]:38724 - "GET /health HTTP/1.1" 200 OK
INFO:     [IP-DISAMARKAN]:55412 - "GET /metrics HTTP/1.1" 307 Temporary Redirect
INFO:     [IP-DISAMARKAN]:55412 - "GET /metrics/ HTTP/1.1" 200 OK
INFO:     127.0.0.1:51914 - "GET /health HTTP/1.1" 200 OK
INFO:     [IP-DISAMARKAN]:54134 - "GET /metrics HTTP/1.1" 307 Temporary Redirect
INFO:     [IP-DISAMARKAN]:54134 - "GET /metrics/ HTTP/1.1" 200 OK
INFO:     [IP-DISAMARKAN]:53920 - "GET /health HTTP/1.1" 200 OK
INFO:     [IP-DISAMARKAN]:42104 - "GET /metrics HTTP/1.1" 307 Temporary Redirect
INFO:     [IP-DISAMARKAN]:42104 - "GET /metrics/ HTTP/1.1" 200 OK
INFO:     127.0.0.1:35568 - "GET /health HTTP/1.1" 200 OK
INFO:     [IP-DISAMARKAN]:47852 - "GET /metrics HTTP/1.1" 307 Temporary Redirect
INFO:     [IP-DISAMARKAN]:47852 - "GET /metrics/ HTTP/1.1" 200 OK
INFO:     [IP-DISAMARKAN]:36282 - "GET /health HTTP/1.1" 200 OK
INFO:     [IP-DISAMARKAN]:55630 - "GET /metrics HTTP/1.1" 307 Temporary Redirect
INFO:     [IP-DISAMARKAN]:55630 - "GET /metrics/ HTTP/1.1" 200 OK
INFO:     127.0.0.1:57112 - "GET /health HTTP/1.1" 200 OK
INFO:     [IP-DISAMARKAN]:49476 - "GET /metrics HTTP/1.1" 307 Temporary Redirect
INFO:     [IP-DISAMARKAN]:49476 - "GET /metrics/ HTTP/1.1" 200 OK
INFO:     [IP-DISAMARKAN]:33364 - "GET /health HTTP/1.1" 200 OK
INFO:     [IP-DISAMARKAN]:53880 - "GET /metrics HTTP/1.1" 307 Temporary Redirect
INFO:     [IP-DISAMARKAN]:53880 - "GET /metrics/ HTTP/1.1" 200 OK
INFO:     127.0.0.1:59838 - "GET /health HTTP/1.1" 200 OK
INFO:     [IP-DISAMARKAN]:48514 - "GET /metrics HTTP/1.1" 307 Temporary Redirect
INFO:     [IP-DISAMARKAN]:48514 - "GET /metrics/ HTTP/1.1" 200 OK
INFO:     [IP-DISAMARKAN]:33496 - "GET /health HTTP/1.1" 200 OK
INFO:     [IP-DISAMARKAN]:37636 - "GET /metrics HTTP/1.1" 307 Temporary Redirect
INFO:     [IP-DISAMARKAN]:37636 - "GET /metrics/ HTTP/1.1" 200 OK
INFO:     127.0.0.1:51284 - "GET /health HTTP/1.1" 200 OK
INFO:     [IP-DISAMARKAN]:45360 - "GET /metrics HTTP/1.1" 307 Temporary Redirect
INFO:     [IP-DISAMARKAN]:45360 - "GET /metrics/ HTTP/1.1" 200 OK
INFO:     [IP-DISAMARKAN]:45388 - "GET /health HTTP/1.1" 200 OK
INFO:     [IP-DISAMARKAN]:38054 - "GET /metrics HTTP/1.1" 307 Temporary Redirect
INFO:     [IP-DISAMARKAN]:38054 - "GET /metrics/ HTTP/1.1" 200 OK
INFO:     127.0.0.1:53326 - "GET /health HTTP/1.1" 200 OK
INFO:     [IP-DISAMARKAN]:54292 - "GET /metrics HTTP/1.1" 307 Temporary Redirect
INFO:     [IP-DISAMARKAN]:54292 - "GET /metrics/ HTTP/1.1" 200 OK
INFO:     [IP-DISAMARKAN]:40518 - "GET /health HTTP/1.1" 200 OK
INFO:     [IP-DISAMARKAN]:56500 - "GET /metrics HTTP/1.1" 307 Temporary Redirect
INFO:     [IP-DISAMARKAN]:56500 - "GET /metrics/ HTTP/1.1" 200 OK
INFO:     127.0.0.1:38746 - "GET /health HTTP/1.1" 200 OK
INFO:     [IP-DISAMARKAN]:48394 - "GET /metrics HTTP/1.1" 307 Temporary Redirect
INFO:     [IP-DISAMARKAN]:48394 - "GET /metrics/ HTTP/1.1" 200 OK
INFO:     [IP-DISAMARKAN]:54350 - "GET /health HTTP/1.1" 200 OK
INFO:     [IP-DISAMARKAN]:55442 - "GET /metrics HTTP/1.1" 307 Temporary Redirect
INFO:     [IP-DISAMARKAN]:55442 - "GET /metrics/ HTTP/1.1" 200 OK
INFO:     127.0.0.1:51536 - "GET /health HTTP/1.1" 200 OK
INFO:     [IP-DISAMARKAN]:50522 - "GET /metrics HTTP/1.1" 307 Temporary Redirect
INFO:     [IP-DISAMARKAN]:50522 - "GET /metrics/ HTTP/1.1" 200 OK
INFO:     [IP-DISAMARKAN]:41078 - "GET /health HTTP/1.1" 200 OK
INFO:     [IP-DISAMARKAN]:43440 - "GET /metrics HTTP/1.1" 307 Temporary Redirect
INFO:     [IP-DISAMARKAN]:43440 - "GET /metrics/ HTTP/1.1" 200 OK
INFO:     127.0.0.1:36648 - "GET /health HTTP/1.1" 200 OK
INFO:     [IP-DISAMARKAN]:46468 - "GET /metrics HTTP/1.1" 307 Temporary Redirect
INFO:     [IP-DISAMARKAN]:46468 - "GET /metrics/ HTTP/1.1" 200 OK
INFO:     [IP-DISAMARKAN]:46222 - "GET /health HTTP/1.1" 200 OK
INFO:     [IP-DISAMARKAN]:48382 - "GET /metrics HTTP/1.1" 307 Temporary Redirect
INFO:     [IP-DISAMARKAN]:48382 - "GET /metrics/ HTTP/1.1" 200 OK
INFO:     127.0.0.1:56308 - "GET /health HTTP/1.1" 200 OK
INFO:     [IP-DISAMARKAN]:37974 - "GET /metrics HTTP/1.1" 307 Temporary Redirect
INFO:     [IP-DISAMARKAN]:37974 - "GET /metrics/ HTTP/1.1" 200 OK
INFO:     [IP-DISAMARKAN]:51502 - "GET /metrics HTTP/1.1" 307 Temporary Redirect
INFO:     [IP-DISAMARKAN]:51502 - "GET /metrics/ HTTP/1.1" 200 OK
INFO:     [IP-DISAMARKAN]:39844 - "GET /health HTTP/1.1" 200 OK
INFO:     127.0.0.1:35410 - "GET /health HTTP/1.1" 200 OK
INFO:     [IP-DISAMARKAN]:41658 - "GET /metrics HTTP/1.1" 307 Temporary Redirect
INFO:     [IP-DISAMARKAN]:41658 - "GET /metrics/ HTTP/1.1" 200 OK
INFO:     [IP-DISAMARKAN]:38798 - "GET /metrics HTTP/1.1" 307 Temporary Redirect
INFO:     [IP-DISAMARKAN]:38798 - "GET /metrics/ HTTP/1.1" 200 OK
INFO:     [IP-DISAMARKAN]:51756 - "GET /health HTTP/1.1" 200 OK
INFO:     127.0.0.1:51518 - "GET /health HTTP/1.1" 200 OK
INFO:     [IP-DISAMARKAN]:37888 - "GET /metrics HTTP/1.1" 307 Temporary Redirect
INFO:     [IP-DISAMARKAN]:37888 - "GET /metrics/ HTTP/1.1" 200 OK
INFO:     [IP-DISAMARKAN]:37940 - "GET /metrics HTTP/1.1" 307 Temporary Redirect
INFO:     [IP-DISAMARKAN]:37940 - "GET /metrics/ HTTP/1.1" 200 OK
INFO:     [IP-DISAMARKAN]:50880 - "GET /health HTTP/1.1" 200 OK
INFO:     127.0.0.1:54452 - "GET /health HTTP/1.1" 200 OK
INFO:     [IP-DISAMARKAN]:50648 - "GET /metrics HTTP/1.1" 307 Temporary Redirect
INFO:     [IP-DISAMARKAN]:50648 - "GET /metrics/ HTTP/1.1" 200 OK
INFO:     [IP-DISAMARKAN]:42836 - "GET /metrics HTTP/1.1" 307 Temporary Redirect
INFO:     [IP-DISAMARKAN]:42836 - "GET /metrics/ HTTP/1.1" 200 OK
INFO:     [IP-DISAMARKAN]:34592 - "GET /health HTTP/1.1" 200 OK
INFO:     127.0.0.1:38974 - "GET /health HTTP/1.1" 200 OK
INFO:     [IP-DISAMARKAN]:43622 - "GET /metrics HTTP/1.1" 307 Temporary Redirect
INFO:     [IP-DISAMARKAN]:43622 - "GET /metrics/ HTTP/1.1" 200 OK
INFO:     [IP-DISAMARKAN]:48814 - "GET /metrics HTTP/1.1" 307 Temporary Redirect
INFO:     [IP-DISAMARKAN]:48814 - "GET /metrics/ HTTP/1.1" 200 OK
INFO:     [IP-DISAMARKAN]:37866 - "GET /health HTTP/1.1" 200 OK
INFO:     127.0.0.1:36454 - "GET /health HTTP/1.1" 200 OK
INFO:     [IP-DISAMARKAN]:45604 - "GET /metrics HTTP/1.1" 307 Temporary Redirect
INFO:     [IP-DISAMARKAN]:45604 - "GET /metrics/ HTTP/1.1" 200 OK
INFO:     [IP-DISAMARKAN]:38736 - "GET /metrics HTTP/1.1" 307 Temporary Redirect
INFO:     [IP-DISAMARKAN]:38736 - "GET /metrics/ HTTP/1.1" 200 OK
INFO:     [IP-DISAMARKAN]:51944 - "GET /health HTTP/1.1" 200 OK
INFO:     127.0.0.1:47716 - "GET /health HTTP/1.1" 200 OK
INFO:     [IP-DISAMARKAN]:42518 - "GET /metrics HTTP/1.1" 307 Temporary Redirect
INFO:     [IP-DISAMARKAN]:42518 - "GET /metrics/ HTTP/1.1" 200 OK
INFO:     [IP-DISAMARKAN]:37808 - "GET /metrics HTTP/1.1" 307 Temporary Redirect
INFO:     [IP-DISAMARKAN]:37808 - "GET /metrics/ HTTP/1.1" 200 OK
INFO:     [IP-DISAMARKAN]:35404 - "GET /health HTTP/1.1" 200 OK
INFO:     127.0.0.1:52364 - "GET /health HTTP/1.1" 200 OK
INFO:     [IP-DISAMARKAN]:42926 - "GET /metrics HTTP/1.1" 307 Temporary Redirect
INFO:     [IP-DISAMARKAN]:42926 - "GET /metrics/ HTTP/1.1" 200 OK
INFO:     [IP-DISAMARKAN]:42480 - "GET /metrics HTTP/1.1" 307 Temporary Redirect
INFO:     [IP-DISAMARKAN]:42480 - "GET /metrics/ HTTP/1.1" 200 OK
INFO:     [IP-DISAMARKAN]:39094 - "GET /health HTTP/1.1" 200 OK
INFO:     127.0.0.1:55278 - "GET /health HTTP/1.1" 200 OK
INFO:     [IP-DISAMARKAN]:36198 - "GET /metrics HTTP/1.1" 307 Temporary Redirect
INFO:     [IP-DISAMARKAN]:36198 - "GET /metrics/ HTTP/1.1" 200 OK
INFO:     [IP-DISAMARKAN]:35822 - "GET /metrics HTTP/1.1" 307 Temporary Redirect
INFO:     [IP-DISAMARKAN]:35822 - "GET /metrics/ HTTP/1.1" 200 OK
INFO:     [IP-DISAMARKAN]:60454 - "GET /health HTTP/1.1" 200 OK
INFO:     127.0.0.1:55888 - "GET /health HTTP/1.1" 200 OK
INFO:     [IP-DISAMARKAN]:46794 - "GET /metrics HTTP/1.1" 307 Temporary Redirect
INFO:     [IP-DISAMARKAN]:46794 - "GET /metrics/ HTTP/1.1" 200 OK
INFO:     [IP-DISAMARKAN]:41256 - "GET /metrics HTTP/1.1" 307 Temporary Redirect
INFO:     [IP-DISAMARKAN]:41256 - "GET /metrics/ HTTP/1.1" 200 OK
INFO:     [IP-DISAMARKAN]:48564 - "GET /health HTTP/1.1" 200 OK
INFO:     127.0.0.1:57142 - "GET /health HTTP/1.1" 200 OK
INFO:     [IP-DISAMARKAN]:35636 - "GET /metrics HTTP/1.1" 307 Temporary Redirect
INFO:     [IP-DISAMARKAN]:35636 - "GET /metrics/ HTTP/1.1" 200 OK
INFO:     [IP-DISAMARKAN]:44574 - "GET /metrics HTTP/1.1" 307 Temporary Redirect
INFO:     [IP-DISAMARKAN]:44574 - "GET /metrics/ HTTP/1.1" 200 OK
INFO:     [IP-DISAMARKAN]:38082 - "GET /health HTTP/1.1" 200 OK
INFO:     127.0.0.1:46436 - "GET /health HTTP/1.1" 200 OK
INFO:     [IP-DISAMARKAN]:47388 - "GET /metrics HTTP/1.1" 307 Temporary Redirect
INFO:     [IP-DISAMARKAN]:47388 - "GET /metrics/ HTTP/1.1" 200 OK
INFO:     [IP-DISAMARKAN]:35342 - "GET /metrics HTTP/1.1" 307 Temporary Redirect
INFO:     [IP-DISAMARKAN]:35342 - "GET /metrics/ HTTP/1.1" 200 OK
INFO:     127.0.0.1:46284 - "GET /health HTTP/1.1" 200 OK
INFO:     [IP-DISAMARKAN]:44688 - "GET /health HTTP/1.1" 200 OK
INFO:     [IP-DISAMARKAN]:48288 - "GET /metrics HTTP/1.1" 307 Temporary Redirect
INFO:     [IP-DISAMARKAN]:48288 - "GET /metrics/ HTTP/1.1" 200 OK
INFO:     [IP-DISAMARKAN]:58336 - "GET /metrics HTTP/1.1" 307 Temporary Redirect
INFO:     [IP-DISAMARKAN]:58336 - "GET /metrics/ HTTP/1.1" 200 OK
INFO:     127.0.0.1:48096 - "GET /health HTTP/1.1" 200 OK
INFO:     [IP-DISAMARKAN]:33466 - "GET /metrics HTTP/1.1" 307 Temporary Redirect
INFO:     [IP-DISAMARKAN]:33466 - "GET /metrics/ HTTP/1.1" 200 OK
INFO:     [IP-DISAMARKAN]:35926 - "GET /health HTTP/1.1" 200 OK
INFO:     [IP-DISAMARKAN]:58030 - "GET /metrics HTTP/1.1" 307 Temporary Redirect
INFO:     [IP-DISAMARKAN]:58030 - "GET /metrics/ HTTP/1.1" 200 OK
INFO:     127.0.0.1:45112 - "GET /health HTTP/1.1" 200 OK
INFO:     [IP-DISAMARKAN]:58988 - "GET /metrics HTTP/1.1" 307 Temporary Redirect
INFO:     [IP-DISAMARKAN]:58988 - "GET /metrics/ HTTP/1.1" 200 OK
INFO:     [IP-DISAMARKAN]:41654 - "GET /health HTTP/1.1" 200 OK
INFO:     [IP-DISAMARKAN]:37550 - "GET /metrics HTTP/1.1" 307 Temporary Redirect
INFO:     [IP-DISAMARKAN]:37550 - "GET /metrics/ HTTP/1.1" 200 OK
INFO:     127.0.0.1:52908 - "GET /health HTTP/1.1" 200 OK
INFO:     [IP-DISAMARKAN]:34990 - "GET /metrics HTTP/1.1" 307 Temporary Redirect
INFO:     [IP-DISAMARKAN]:34990 - "GET /metrics/ HTTP/1.1" 200 OK
INFO:     [IP-DISAMARKAN]:43684 - "GET /health HTTP/1.1" 200 OK
INFO:     [IP-DISAMARKAN]:34424 - "GET /metrics HTTP/1.1" 307 Temporary Redirect
INFO:     [IP-DISAMARKAN]:34424 - "GET /metrics/ HTTP/1.1" 200 OK
INFO:     127.0.0.1:50362 - "GET /health HTTP/1.1" 200 OK
INFO:     [IP-DISAMARKAN]:43012 - "GET /metrics HTTP/1.1" 307 Temporary Redirect
INFO:     [IP-DISAMARKAN]:43012 - "GET /metrics/ HTTP/1.1" 200 OK
INFO:     [IP-DISAMARKAN]:38684 - "GET /metrics HTTP/1.1" 307 Temporary Redirect
INFO:     [IP-DISAMARKAN]:38684 - "GET /metrics/ HTTP/1.1" 200 OK
INFO:     [IP-DISAMARKAN]:38772 - "GET /health HTTP/1.1" 200 OK
INFO:     127.0.0.1:33588 - "GET /health HTTP/1.1" 200 OK
INFO:     [IP-DISAMARKAN]:37342 - "GET /metrics HTTP/1.1" 307 Temporary Redirect
INFO:     [IP-DISAMARKAN]:37342 - "GET /metrics/ HTTP/1.1" 200 OK
INFO:     [IP-DISAMARKAN]:49170 - "GET /metrics HTTP/1.1" 307 Temporary Redirect
INFO:     [IP-DISAMARKAN]:49170 - "GET /metrics/ HTTP/1.1" 200 OK
INFO:     [IP-DISAMARKAN]:59432 - "GET /health HTTP/1.1" 200 OK
INFO:     127.0.0.1:57480 - "GET /health HTTP/1.1" 200 OK
INFO:     [IP-DISAMARKAN]:57502 - "GET /metrics HTTP/1.1" 307 Temporary Redirect
INFO:     [IP-DISAMARKAN]:57502 - "GET /metrics/ HTTP/1.1" 200 OK
INFO:     [IP-DISAMARKAN]:49368 - "GET /metrics HTTP/1.1" 307 Temporary Redirect
INFO:     [IP-DISAMARKAN]:49368 - "GET /metrics/ HTTP/1.1" 200 OK
INFO:     127.0.0.1:36430 - "GET /health HTTP/1.1" 200 OK
INFO:     [IP-DISAMARKAN]:54740 - "GET /health HTTP/1.1" 200 OK
INFO:     [IP-DISAMARKAN]:43054 - "GET /metrics HTTP/1.1" 307 Temporary Redirect
INFO:     [IP-DISAMARKAN]:43054 - "GET /metrics/ HTTP/1.1" 200 OK
INFO:     [IP-DISAMARKAN]:60608 - "GET /metrics HTTP/1.1" 307 Temporary Redirect
INFO:     [IP-DISAMARKAN]:60608 - "GET /metrics/ HTTP/1.1" 200 OK
INFO:     127.0.0.1:36628 - "GET /health HTTP/1.1" 200 OK
INFO:     [IP-DISAMARKAN]:33162 - "GET /metrics HTTP/1.1" 307 Temporary Redirect
INFO:     [IP-DISAMARKAN]:33162 - "GET /metrics/ HTTP/1.1" 200 OK
INFO:     [IP-DISAMARKAN]:54524 - "GET /health HTTP/1.1" 200 OK
INFO:     [IP-DISAMARKAN]:33154 - "GET /metrics HTTP/1.1" 307 Temporary Redirect
INFO:     [IP-DISAMARKAN]:33154 - "GET /metrics/ HTTP/1.1" 200 OK
INFO:     127.0.0.1:59296 - "GET /health HTTP/1.1" 200 OK
INFO:     [IP-DISAMARKAN]:57128 - "GET /metrics HTTP/1.1" 307 Temporary Redirect
INFO:     [IP-DISAMARKAN]:57128 - "GET /metrics/ HTTP/1.1" 200 OK
INFO:     [IP-DISAMARKAN]:51718 - "GET /health HTTP/1.1" 200 OK
INFO:     [IP-DISAMARKAN]:55706 - "GET /metrics HTTP/1.1" 307 Temporary Redirect
INFO:     [IP-DISAMARKAN]:55706 - "GET /metrics/ HTTP/1.1" 200 OK
INFO:     127.0.0.1:44744 - "GET /health HTTP/1.1" 200 OK
INFO:     [IP-DISAMARKAN]:48372 - "GET /metrics HTTP/1.1" 307 Temporary Redirect
INFO:     [IP-DISAMARKAN]:48372 - "GET /metrics/ HTTP/1.1" 200 OK
INFO:     [IP-DISAMARKAN]:48068 - "GET /health HTTP/1.1" 200 OK
INFO:     [IP-DISAMARKAN]:48418 - "GET /metrics HTTP/1.1" 307 Temporary Redirect
INFO:     [IP-DISAMARKAN]:48418 - "GET /metrics/ HTTP/1.1" 200 OK
INFO:     127.0.0.1:45882 - "GET /health HTTP/1.1" 200 OK
INFO:     [IP-DISAMARKAN]:57312 - "GET /metrics HTTP/1.1" 307 Temporary Redirect
INFO:     [IP-DISAMARKAN]:57312 - "GET /metrics/ HTTP/1.1" 200 OK
INFO:     [IP-DISAMARKAN]:40792 - "GET /metrics HTTP/1.1" 307 Temporary Redirect
INFO:     [IP-DISAMARKAN]:40792 - "GET /metrics/ HTTP/1.1" 200 OK
INFO:     [IP-DISAMARKAN]:43350 - "GET /health HTTP/1.1" 200 OK
INFO:     127.0.0.1:46290 - "GET /health HTTP/1.1" 200 OK
INFO:     [IP-DISAMARKAN]:59552 - "GET /metrics HTTP/1.1" 307 Temporary Redirect
INFO:     [IP-DISAMARKAN]:59552 - "GET /metrics/ HTTP/1.1" 200 OK
INFO:     [IP-DISAMARKAN]:35096 - "GET /metrics HTTP/1.1" 307 Temporary Redirect
INFO:     [IP-DISAMARKAN]:35096 - "GET /metrics/ HTTP/1.1" 200 OK
INFO:     [IP-DISAMARKAN]:54282 - "GET /health HTTP/1.1" 200 OK
INFO:     127.0.0.1:60330 - "GET /health HTTP/1.1" 200 OK
INFO:     [IP-DISAMARKAN]:38372 - "GET /metrics HTTP/1.1" 307 Temporary Redirect
INFO:     [IP-DISAMARKAN]:38372 - "GET /metrics/ HTTP/1.1" 200 OK
INFO:     [IP-DISAMARKAN]:40926 - "GET /metrics HTTP/1.1" 307 Temporary Redirect
INFO:     [IP-DISAMARKAN]:40926 - "GET /metrics/ HTTP/1.1" 200 OK
INFO:     127.0.0.1:48058 - "GET /health HTTP/1.1" 200 OK
INFO:     [IP-DISAMARKAN]:49376 - "GET /health HTTP/1.1" 200 OK
INFO:     [IP-DISAMARKAN]:37524 - "GET /metrics HTTP/1.1" 307 Temporary Redirect
INFO:     [IP-DISAMARKAN]:37524 - "GET /metrics/ HTTP/1.1" 200 OK
INFO:     [IP-DISAMARKAN]:59894 - "GET /metrics HTTP/1.1" 307 Temporary Redirect
INFO:     [IP-DISAMARKAN]:59894 - "GET /metrics/ HTTP/1.1" 200 OK
INFO:     127.0.0.1:40142 - "GET /health HTTP/1.1" 200 OK
INFO:     [IP-DISAMARKAN]:57128 - "GET /health HTTP/1.1" 200 OK
INFO:     [IP-DISAMARKAN]:36464 - "GET /metrics HTTP/1.1" 307 Temporary Redirect
INFO:     [IP-DISAMARKAN]:36464 - "GET /metrics/ HTTP/1.1" 200 OK
INFO:     [IP-DISAMARKAN]:45476 - "GET /metrics HTTP/1.1" 307 Temporary Redirect
INFO:     [IP-DISAMARKAN]:45476 - "GET /metrics/ HTTP/1.1" 200 OK
INFO:     127.0.0.1:50064 - "GET /health HTTP/1.1" 200 OK
INFO:     [IP-DISAMARKAN]:34626 - "GET /health HTTP/1.1" 200 OK
INFO:     [IP-DISAMARKAN]:38316 - "GET /metrics HTTP/1.1" 307 Temporary Redirect
INFO:     [IP-DISAMARKAN]:38316 - "GET /metrics/ HTTP/1.1" 200 OK
INFO:     [IP-DISAMARKAN]:42090 - "GET /metrics HTTP/1.1" 307 Temporary Redirect
INFO:     [IP-DISAMARKAN]:42090 - "GET /metrics/ HTTP/1.1" 200 OK
INFO:     127.0.0.1:39568 - "GET /health HTTP/1.1" 200 OK
INFO:     [IP-DISAMARKAN]:50310 - "GET /health HTTP/1.1" 200 OK
INFO:     [IP-DISAMARKAN]:44186 - "GET /metrics HTTP/1.1" 307 Temporary Redirect
INFO:     [IP-DISAMARKAN]:44186 - "GET /metrics/ HTTP/1.1" 200 OK
INFO:     [IP-DISAMARKAN]:58036 - "GET /metrics HTTP/1.1" 307 Temporary Redirect
INFO:     [IP-DISAMARKAN]:58036 - "GET /metrics/ HTTP/1.1" 200 OK
INFO:     127.0.0.1:38388 - "GET /health HTTP/1.1" 200 OK
INFO:     [IP-DISAMARKAN]:41586 - "GET /health HTTP/1.1" 200 OK
INFO:     [IP-DISAMARKAN]:57992 - "GET /metrics HTTP/1.1" 307 Temporary Redirect
INFO:     [IP-DISAMARKAN]:57992 - "GET /metrics/ HTTP/1.1" 200 OK
INFO:     [IP-DISAMARKAN]:59326 - "GET /metrics HTTP/1.1" 307 Temporary Redirect
INFO:     [IP-DISAMARKAN]:59326 - "GET /metrics/ HTTP/1.1" 200 OK
INFO:     127.0.0.1:46282 - "GET /health HTTP/1.1" 200 OK
INFO:     [IP-DISAMARKAN]:53766 - "GET /health HTTP/1.1" 200 OK
INFO:     [IP-DISAMARKAN]:46172 - "GET /metrics HTTP/1.1" 307 Temporary Redirect
INFO:     [IP-DISAMARKAN]:46172 - "GET /metrics/ HTTP/1.1" 200 OK
INFO:     [IP-DISAMARKAN]:49614 - "GET /metrics HTTP/1.1" 307 Temporary Redirect
INFO:     [IP-DISAMARKAN]:49614 - "GET /metrics/ HTTP/1.1" 200 OK
INFO:     127.0.0.1:44450 - "GET /health HTTP/1.1" 200 OK
INFO:     [IP-DISAMARKAN]:55056 - "GET /health HTTP/1.1" 200 OK
INFO:     [IP-DISAMARKAN]:60198 - "GET /metrics HTTP/1.1" 307 Temporary Redirect
INFO:     [IP-DISAMARKAN]:60198 - "GET /metrics/ HTTP/1.1" 200 OK
INFO:     [IP-DISAMARKAN]:35514 - "GET /metrics HTTP/1.1" 307 Temporary Redirect
INFO:     [IP-DISAMARKAN]:35514 - "GET /metrics/ HTTP/1.1" 200 OK
INFO:     127.0.0.1:48988 - "GET /health HTTP/1.1" 200 OK
INFO:     [IP-DISAMARKAN]:54720 - "GET /health HTTP/1.1" 200 OK
INFO:     [IP-DISAMARKAN]:60446 - "GET /metrics HTTP/1.1" 307 Temporary Redirect
INFO:     [IP-DISAMARKAN]:60446 - "GET /metrics/ HTTP/1.1" 200 OK
INFO:     [IP-DISAMARKAN]:60440 - "GET /metrics HTTP/1.1" 307 Temporary Redirect
INFO:     [IP-DISAMARKAN]:60440 - "GET /metrics/ HTTP/1.1" 200 OK
INFO:     127.0.0.1:38978 - "GET /health HTTP/1.1" 200 OK
INFO:     [IP-DISAMARKAN]:41388 - "GET /health HTTP/1.1" 200 OK
INFO:     [IP-DISAMARKAN]:37642 - "GET /metrics HTTP/1.1" 307 Temporary Redirect
INFO:     [IP-DISAMARKAN]:37642 - "GET /metrics/ HTTP/1.1" 200 OK
INFO:     [IP-DISAMARKAN]:54598 - "GET /metrics HTTP/1.1" 307 Temporary Redirect
INFO:     [IP-DISAMARKAN]:54598 - "GET /metrics/ HTTP/1.1" 200 OK
INFO:     127.0.0.1:55998 - "GET /health HTTP/1.1" 200 OK
INFO:     [IP-DISAMARKAN]:36176 - "GET /health HTTP/1.1" 200 OK
INFO:     [IP-DISAMARKAN]:47822 - "GET /metrics HTTP/1.1" 307 Temporary Redirect
INFO:     [IP-DISAMARKAN]:47822 - "GET /metrics/ HTTP/1.1" 200 OK
INFO:     [IP-DISAMARKAN]:47478 - "GET /metrics HTTP/1.1" 307 Temporary Redirect
INFO:     [IP-DISAMARKAN]:47478 - "GET /metrics/ HTTP/1.1" 200 OK
INFO:     127.0.0.1:42364 - "GET /health HTTP/1.1" 200 OK
INFO:     [IP-DISAMARKAN]:33762 - "GET /health HTTP/1.1" 200 OK
INFO:     [IP-DISAMARKAN]:55412 - "GET /metrics HTTP/1.1" 307 Temporary Redirect
INFO:     [IP-DISAMARKAN]:55412 - "GET /metrics/ HTTP/1.1" 200 OK
INFO:     [IP-DISAMARKAN]:46532 - "GET /metrics HTTP/1.1" 307 Temporary Redirect
INFO:     [IP-DISAMARKAN]:46532 - "GET /metrics/ HTTP/1.1" 200 OK
INFO:     127.0.0.1:49880 - "GET /health HTTP/1.1" 200 OK
INFO:     [IP-DISAMARKAN]:53282 - "GET /health HTTP/1.1" 200 OK
INFO:     [IP-DISAMARKAN]:59126 - "GET /metrics HTTP/1.1" 307 Temporary Redirect
INFO:     [IP-DISAMARKAN]:59126 - "GET /metrics/ HTTP/1.1" 200 OK
INFO:     [IP-DISAMARKAN]:34568 - "GET /metrics HTTP/1.1" 307 Temporary Redirect
INFO:     [IP-DISAMARKAN]:34568 - "GET /metrics/ HTTP/1.1" 200 OK
INFO:     127.0.0.1:57584 - "GET /health HTTP/1.1" 200 OK
INFO:     [IP-DISAMARKAN]:47132 - "GET /health HTTP/1.1" 200 OK
INFO:     [IP-DISAMARKAN]:45194 - "GET /metrics HTTP/1.1" 307 Temporary Redirect
INFO:     [IP-DISAMARKAN]:45194 - "GET /metrics/ HTTP/1.1" 200 OK
INFO:     [IP-DISAMARKAN]:51554 - "GET /metrics HTTP/1.1" 307 Temporary Redirect
INFO:     [IP-DISAMARKAN]:51554 - "GET /metrics/ HTTP/1.1" 200 OK
INFO:     127.0.0.1:38388 - "GET /health HTTP/1.1" 200 OK
INFO:     [IP-DISAMARKAN]:38900 - "GET /health HTTP/1.1" 200 OK
INFO:     [IP-DISAMARKAN]:37458 - "GET /metrics HTTP/1.1" 307 Temporary Redirect
INFO:     [IP-DISAMARKAN]:37458 - "GET /metrics/ HTTP/1.1" 200 OK
INFO:     [IP-DISAMARKAN]:46068 - "GET /metrics HTTP/1.1" 307 Temporary Redirect
INFO:     [IP-DISAMARKAN]:46068 - "GET /metrics/ HTTP/1.1" 200 OK
INFO:     127.0.0.1:41438 - "GET /health HTTP/1.1" 200 OK
INFO:     [IP-DISAMARKAN]:35604 - "GET /health HTTP/1.1" 200 OK
INFO:     [IP-DISAMARKAN]:44754 - "GET /metrics HTTP/1.1" 307 Temporary Redirect
INFO:     [IP-DISAMARKAN]:44754 - "GET /metrics/ HTTP/1.1" 200 OK
INFO:     [IP-DISAMARKAN]:41304 - "GET /metrics HTTP/1.1" 307 Temporary Redirect
INFO:     [IP-DISAMARKAN]:41304 - "GET /metrics/ HTTP/1.1" 200 OK
INFO:     127.0.0.1:58464 - "GET /health HTTP/1.1" 200 OK
INFO:     [IP-DISAMARKAN]:33078 - "GET /health HTTP/1.1" 200 OK
INFO:     [IP-DISAMARKAN]:47312 - "GET /metrics HTTP/1.1" 307 Temporary Redirect
INFO:     [IP-DISAMARKAN]:47312 - "GET /metrics/ HTTP/1.1" 200 OK
INFO:     [IP-DISAMARKAN]:35592 - "GET /metrics HTTP/1.1" 307 Temporary Redirect
INFO:     [IP-DISAMARKAN]:35592 - "GET /metrics/ HTTP/1.1" 200 OK
INFO:     127.0.0.1:36306 - "GET /health HTTP/1.1" 200 OK
INFO:     [IP-DISAMARKAN]:48228 - "GET /health HTTP/1.1" 200 OK
INFO:     [IP-DISAMARKAN]:41354 - "GET /metrics HTTP/1.1" 307 Temporary Redirect
INFO:     [IP-DISAMARKAN]:41354 - "GET /metrics/ HTTP/1.1" 200 OK
INFO:     [IP-DISAMARKAN]:43332 - "GET /metrics HTTP/1.1" 307 Temporary Redirect
INFO:     [IP-DISAMARKAN]:43332 - "GET /metrics/ HTTP/1.1" 200 OK
INFO:     127.0.0.1:50450 - "GET /health HTTP/1.1" 200 OK
INFO:     [IP-DISAMARKAN]:40116 - "GET /health HTTP/1.1" 200 OK
INFO:     [IP-DISAMARKAN]:37164 - "GET /metrics HTTP/1.1" 307 Temporary Redirect
INFO:     [IP-DISAMARKAN]:37164 - "GET /metrics/ HTTP/1.1" 200 OK
INFO:     [IP-DISAMARKAN]:39912 - "GET /metrics HTTP/1.1" 307 Temporary Redirect
INFO:     [IP-DISAMARKAN]:39912 - "GET /metrics/ HTTP/1.1" 200 OK
INFO:     127.0.0.1:53068 - "GET /health HTTP/1.1" 200 OK
INFO:     [IP-DISAMARKAN]:45230 - "GET /health HTTP/1.1" 200 OK
INFO:     [IP-DISAMARKAN]:48102 - "GET /metrics HTTP/1.1" 307 Temporary Redirect
INFO:     [IP-DISAMARKAN]:48102 - "GET /metrics/ HTTP/1.1" 200 OK
INFO:     [IP-DISAMARKAN]:34332 - "GET /metrics HTTP/1.1" 307 Temporary Redirect
INFO:     [IP-DISAMARKAN]:34332 - "GET /metrics/ HTTP/1.1" 200 OK
INFO:     127.0.0.1:52588 - "GET /health HTTP/1.1" 200 OK
INFO:     [IP-DISAMARKAN]:50414 - "GET /metrics HTTP/1.1" 307 Temporary Redirect
INFO:     [IP-DISAMARKAN]:50414 - "GET /metrics/ HTTP/1.1" 200 OK
INFO:     [IP-DISAMARKAN]:44092 - "GET /health HTTP/1.1" 200 OK
INFO:     [IP-DISAMARKAN]:48334 - "GET /metrics HTTP/1.1" 307 Temporary Redirect
INFO:     [IP-DISAMARKAN]:48334 - "GET /metrics/ HTTP/1.1" 200 OK
INFO:     127.0.0.1:36136 - "GET /health HTTP/1.1" 200 OK
INFO:     [IP-DISAMARKAN]:46134 - "GET /metrics HTTP/1.1" 307 Temporary Redirect
INFO:     [IP-DISAMARKAN]:46134 - "GET /metrics/ HTTP/1.1" 200 OK
INFO:     [IP-DISAMARKAN]:51040 - "GET /health HTTP/1.1" 200 OK
INFO:     [IP-DISAMARKAN]:56164 - "GET /metrics HTTP/1.1" 307 Temporary Redirect
INFO:     [IP-DISAMARKAN]:56164 - "GET /metrics/ HTTP/1.1" 200 OK
INFO:     127.0.0.1:51226 - "GET /health HTTP/1.1" 200 OK
INFO:     [IP-DISAMARKAN]:40740 - "GET /metrics HTTP/1.1" 307 Temporary Redirect
INFO:     [IP-DISAMARKAN]:40740 - "GET /metrics/ HTTP/1.1" 200 OK
INFO:     [IP-DISAMARKAN]:36142 - "GET /health HTTP/1.1" 200 OK
INFO:     [IP-DISAMARKAN]:50042 - "GET /metrics HTTP/1.1" 307 Temporary Redirect
INFO:     [IP-DISAMARKAN]:50042 - "GET /metrics/ HTTP/1.1" 200 OK
INFO:     127.0.0.1:45982 - "GET /health HTTP/1.1" 200 OK
INFO:     [IP-DISAMARKAN]:39852 - "GET /metrics HTTP/1.1" 307 Temporary Redirect
INFO:     [IP-DISAMARKAN]:39852 - "GET /metrics/ HTTP/1.1" 200 OK
INFO:     [IP-DISAMARKAN]:51698 - "GET /metrics HTTP/1.1" 307 Temporary Redirect
INFO:     [IP-DISAMARKAN]:51698 - "GET /metrics/ HTTP/1.1" 200 OK
INFO:     [IP-DISAMARKAN]:43330 - "GET /health HTTP/1.1" 200 OK
INFO:     127.0.0.1:34216 - "GET /health HTTP/1.1" 200 OK
INFO:     [IP-DISAMARKAN]:58860 - "GET /metrics HTTP/1.1" 307 Temporary Redirect
INFO:     [IP-DISAMARKAN]:58860 - "GET /metrics/ HTTP/1.1" 200 OK
INFO:     [IP-DISAMARKAN]:47452 - "GET /metrics HTTP/1.1" 307 Temporary Redirect
INFO:     [IP-DISAMARKAN]:47452 - "GET /metrics/ HTTP/1.1" 200 OK
INFO:     [IP-DISAMARKAN]:32836 - "GET /health HTTP/1.1" 200 OK
INFO:     127.0.0.1:42464 - "GET /health HTTP/1.1" 200 OK
INFO:     [IP-DISAMARKAN]:38820 - "GET /metrics HTTP/1.1" 307 Temporary Redirect
INFO:     [IP-DISAMARKAN]:38820 - "GET /metrics/ HTTP/1.1" 200 OK
INFO:     [IP-DISAMARKAN]:52330 - "GET /metrics HTTP/1.1" 307 Temporary Redirect
INFO:     [IP-DISAMARKAN]:52330 - "GET /metrics/ HTTP/1.1" 200 OK
INFO:     [IP-DISAMARKAN]:46660 - "GET /health HTTP/1.1" 200 OK
INFO:     127.0.0.1:51436 - "GET /health HTTP/1.1" 200 OK
INFO:     [IP-DISAMARKAN]:52110 - "GET /metrics HTTP/1.1" 307 Temporary Redirect
INFO:     [IP-DISAMARKAN]:52110 - "GET /metrics/ HTTP/1.1" 200 OK
INFO:     [IP-DISAMARKAN]:33798 - "GET /metrics HTTP/1.1" 307 Temporary Redirect
INFO:     [IP-DISAMARKAN]:33798 - "GET /metrics/ HTTP/1.1" 200 OK
INFO:     127.0.0.1:51264 - "GET /health HTTP/1.1" 200 OK
INFO:     [IP-DISAMARKAN]:44602 - "GET /metrics HTTP/1.1" 307 Temporary Redirect
INFO:     [IP-DISAMARKAN]:44602 - "GET /metrics/ HTTP/1.1" 200 OK
INFO:     [IP-DISAMARKAN]:34810 - "GET /health HTTP/1.1" 200 OK
INFO:     [IP-DISAMARKAN]:34944 - "GET /metrics HTTP/1.1" 307 Temporary Redirect
INFO:     [IP-DISAMARKAN]:34944 - "GET /metrics/ HTTP/1.1" 200 OK
INFO:     127.0.0.1:37972 - "GET /health HTTP/1.1" 200 OK
INFO:     [IP-DISAMARKAN]:33174 - "GET /metrics HTTP/1.1" 307 Temporary Redirect
INFO:     [IP-DISAMARKAN]:33174 - "GET /metrics/ HTTP/1.1" 200 OK
INFO:     [IP-DISAMARKAN]:47694 - "GET /health HTTP/1.1" 200 OK
INFO:     [IP-DISAMARKAN]:40978 - "GET /metrics HTTP/1.1" 307 Temporary Redirect
INFO:     [IP-DISAMARKAN]:40978 - "GET /metrics/ HTTP/1.1" 200 OK
INFO:     127.0.0.1:53160 - "GET /health HTTP/1.1" 200 OK
INFO:     [IP-DISAMARKAN]:56030 - "GET /metrics HTTP/1.1" 307 Temporary Redirect
INFO:     [IP-DISAMARKAN]:56030 - "GET /metrics/ HTTP/1.1" 200 OK
INFO:     [IP-DISAMARKAN]:43322 - "GET /health HTTP/1.1" 200 OK
INFO:     [IP-DISAMARKAN]:58714 - "GET /metrics HTTP/1.1" 307 Temporary Redirect
INFO:     [IP-DISAMARKAN]:58714 - "GET /metrics/ HTTP/1.1" 200 OK
INFO:     127.0.0.1:37926 - "GET /health HTTP/1.1" 200 OK
INFO:     [IP-DISAMARKAN]:33926 - "GET /metrics HTTP/1.1" 307 Temporary Redirect
INFO:     [IP-DISAMARKAN]:33926 - "GET /metrics/ HTTP/1.1" 200 OK
INFO:     [IP-DISAMARKAN]:40158 - "GET /metrics HTTP/1.1" 307 Temporary Redirect
INFO:     [IP-DISAMARKAN]:40158 - "GET /metrics/ HTTP/1.1" 200 OK
INFO:     [IP-DISAMARKAN]:35360 - "GET /health HTTP/1.1" 200 OK
INFO:     127.0.0.1:38366 - "GET /health HTTP/1.1" 200 OK
INFO:     [IP-DISAMARKAN]:47330 - "GET /metrics HTTP/1.1" 307 Temporary Redirect
INFO:     [IP-DISAMARKAN]:47330 - "GET /metrics/ HTTP/1.1" 200 OK
INFO:     [IP-DISAMARKAN]:42602 - "GET /metrics HTTP/1.1" 307 Temporary Redirect
INFO:     [IP-DISAMARKAN]:42602 - "GET /metrics/ HTTP/1.1" 200 OK
INFO:     [IP-DISAMARKAN]:53680 - "GET /health HTTP/1.1" 200 OK
INFO:     [IP-DISAMARKAN]:51810 - "GET /metrics HTTP/1.1" 307 Temporary Redirect
INFO:     [IP-DISAMARKAN]:51810 - "GET /metrics/ HTTP/1.1" 200 OK
INFO:     127.0.0.1:45658 - "GET /health HTTP/1.1" 200 OK
INFO:     [IP-DISAMARKAN]:55590 - "GET /metrics HTTP/1.1" 307 Temporary Redirect
INFO:     [IP-DISAMARKAN]:55590 - "GET /metrics/ HTTP/1.1" 200 OK
INFO:     [IP-DISAMARKAN]:50862 - "GET /health HTTP/1.1" 200 OK
INFO:     [IP-DISAMARKAN]:53026 - "GET /metrics HTTP/1.1" 307 Temporary Redirect
INFO:     [IP-DISAMARKAN]:53026 - "GET /metrics/ HTTP/1.1" 200 OK
INFO:     127.0.0.1:37740 - "GET /health HTTP/1.1" 200 OK
INFO:     [IP-DISAMARKAN]:57066 - "GET /metrics HTTP/1.1" 307 Temporary Redirect
INFO:     [IP-DISAMARKAN]:57066 - "GET /metrics/ HTTP/1.1" 200 OK
INFO:     [IP-DISAMARKAN]:34474 - "GET /metrics HTTP/1.1" 307 Temporary Redirect
INFO:     [IP-DISAMARKAN]:34474 - "GET /metrics/ HTTP/1.1" 200 OK
INFO:     127.0.0.1:58620 - "GET /health HTTP/1.1" 200 OK
INFO:     [IP-DISAMARKAN]:55592 - "GET /health HTTP/1.1" 200 OK
INFO:     [IP-DISAMARKAN]:43522 - "GET /metrics HTTP/1.1" 307 Temporary Redirect
INFO:     [IP-DISAMARKAN]:43522 - "GET /metrics/ HTTP/1.1" 200 OK
INFO:     [IP-DISAMARKAN]:52778 - "GET /metrics HTTP/1.1" 307 Temporary Redirect
INFO:     [IP-DISAMARKAN]:52778 - "GET /metrics/ HTTP/1.1" 200 OK
INFO:     127.0.0.1:43888 - "GET /health HTTP/1.1" 200 OK
INFO:     [IP-DISAMARKAN]:52900 - "GET /health HTTP/1.1" 200 OK
INFO:     [IP-DISAMARKAN]:48824 - "GET /metrics HTTP/1.1" 307 Temporary Redirect
INFO:     [IP-DISAMARKAN]:48824 - "GET /metrics/ HTTP/1.1" 200 OK
INFO:     [IP-DISAMARKAN]:35914 - "GET /metrics HTTP/1.1" 307 Temporary Redirect
INFO:     [IP-DISAMARKAN]:35914 - "GET /metrics/ HTTP/1.1" 200 OK
INFO:     127.0.0.1:54336 - "GET /health HTTP/1.1" 200 OK
INFO:     [IP-DISAMARKAN]:54974 - "GET /health HTTP/1.1" 200 OK
INFO:     [IP-DISAMARKAN]:37886 - "GET /metrics HTTP/1.1" 307 Temporary Redirect
INFO:     [IP-DISAMARKAN]:37886 - "GET /metrics/ HTTP/1.1" 200 OK
INFO:     [IP-DISAMARKAN]:35528 - "GET /metrics HTTP/1.1" 307 Temporary Redirect
INFO:     [IP-DISAMARKAN]:35528 - "GET /metrics/ HTTP/1.1" 200 OK
INFO:     127.0.0.1:43252 - "GET /health HTTP/1.1" 200 OK
INFO:     [IP-DISAMARKAN]:43038 - "GET /metrics HTTP/1.1" 307 Temporary Redirect
INFO:     [IP-DISAMARKAN]:43038 - "GET /metrics/ HTTP/1.1" 200 OK
INFO:     [IP-DISAMARKAN]:41528 - "GET /health HTTP/1.1" 200 OK
INFO:     [IP-DISAMARKAN]:54792 - "GET /metrics HTTP/1.1" 307 Temporary Redirect
INFO:     [IP-DISAMARKAN]:54792 - "GET /metrics/ HTTP/1.1" 200 OK
INFO:     127.0.0.1:50698 - "GET /health HTTP/1.1" 200 OK
INFO:     [IP-DISAMARKAN]:51030 - "GET /metrics HTTP/1.1" 307 Temporary Redirect
INFO:     [IP-DISAMARKAN]:51030 - "GET /metrics/ HTTP/1.1" 200 OK
INFO:     [IP-DISAMARKAN]:56064 - "GET /health HTTP/1.1" 200 OK
INFO:     [IP-DISAMARKAN]:34030 - "GET /metrics HTTP/1.1" 307 Temporary Redirect
INFO:     [IP-DISAMARKAN]:34030 - "GET /metrics/ HTTP/1.1" 200 OK
INFO:     127.0.0.1:37390 - "GET /health HTTP/1.1" 200 OK
INFO:     [IP-DISAMARKAN]:49596 - "GET /metrics HTTP/1.1" 307 Temporary Redirect
INFO:     [IP-DISAMARKAN]:49596 - "GET /metrics/ HTTP/1.1" 200 OK
INFO:     [IP-DISAMARKAN]:38116 - "GET /health HTTP/1.1" 200 OK
INFO:     [IP-DISAMARKAN]:33252 - "GET /metrics HTTP/1.1" 307 Temporary Redirect
INFO:     [IP-DISAMARKAN]:33252 - "GET /metrics/ HTTP/1.1" 200 OK
INFO:     127.0.0.1:38082 - "GET /health HTTP/1.1" 200 OK
INFO:     [IP-DISAMARKAN]:50004 - "GET /metrics HTTP/1.1" 307 Temporary Redirect
INFO:     [IP-DISAMARKAN]:50004 - "GET /metrics/ HTTP/1.1" 200 OK
INFO:     [IP-DISAMARKAN]:46374 - "GET /health HTTP/1.1" 200 OK
INFO:     [IP-DISAMARKAN]:59752 - "GET /metrics HTTP/1.1" 307 Temporary Redirect
INFO:     [IP-DISAMARKAN]:59752 - "GET /metrics/ HTTP/1.1" 200 OK
INFO:     127.0.0.1:41446 - "GET /health HTTP/1.1" 200 OK
INFO:     [IP-DISAMARKAN]:40556 - "GET /metrics HTTP/1.1" 307 Temporary Redirect
INFO:     [IP-DISAMARKAN]:40556 - "GET /metrics/ HTTP/1.1" 200 OK
INFO:     [IP-DISAMARKAN]:53122 - "GET /health HTTP/1.1" 200 OK
INFO:     [IP-DISAMARKAN]:41752 - "GET /metrics HTTP/1.1" 307 Temporary Redirect
INFO:     [IP-DISAMARKAN]:41752 - "GET /metrics/ HTTP/1.1" 200 OK
INFO:     127.0.0.1:46974 - "GET /health HTTP/1.1" 200 OK
INFO:     [IP-DISAMARKAN]:51200 - "GET /metrics HTTP/1.1" 307 Temporary Redirect
INFO:     [IP-DISAMARKAN]:51200 - "GET /metrics/ HTTP/1.1" 200 OK
INFO:     [IP-DISAMARKAN]:47774 - "GET /health HTTP/1.1" 200 OK
INFO:     [IP-DISAMARKAN]:55744 - "GET /metrics HTTP/1.1" 307 Temporary Redirect
INFO:     [IP-DISAMARKAN]:55744 - "GET /metrics/ HTTP/1.1" 200 OK
INFO:     127.0.0.1:32926 - "GET /health HTTP/1.1" 200 OK
INFO:     [IP-DISAMARKAN]:42698 - "GET /metrics HTTP/1.1" 307 Temporary Redirect
INFO:     [IP-DISAMARKAN]:42698 - "GET /metrics/ HTTP/1.1" 200 OK
INFO:     [IP-DISAMARKAN]:55848 - "GET /health HTTP/1.1" 200 OK
INFO:     [IP-DISAMARKAN]:35478 - "GET /metrics HTTP/1.1" 307 Temporary Redirect
INFO:     [IP-DISAMARKAN]:35478 - "GET /metrics/ HTTP/1.1" 200 OK
INFO:     127.0.0.1:38074 - "GET /health HTTP/1.1" 200 OK
INFO:     [IP-DISAMARKAN]:45954 - "GET /metrics HTTP/1.1" 307 Temporary Redirect
INFO:     [IP-DISAMARKAN]:45954 - "GET /metrics/ HTTP/1.1" 200 OK
INFO:     [IP-DISAMARKAN]:37094 - "GET /health HTTP/1.1" 200 OK
INFO:     [IP-DISAMARKAN]:46394 - "GET /metrics HTTP/1.1" 307 Temporary Redirect
INFO:     [IP-DISAMARKAN]:46394 - "GET /metrics/ HTTP/1.1" 200 OK
INFO:     127.0.0.1:57124 - "GET /health HTTP/1.1" 200 OK
INFO:     [IP-DISAMARKAN]:57380 - "GET /metrics HTTP/1.1" 307 Temporary Redirect
INFO:     [IP-DISAMARKAN]:57380 - "GET /metrics/ HTTP/1.1" 200 OK
INFO:     [IP-DISAMARKAN]:41218 - "GET /health HTTP/1.1" 200 OK
INFO:     [IP-DISAMARKAN]:41720 - "GET /metrics HTTP/1.1" 307 Temporary Redirect
INFO:     [IP-DISAMARKAN]:41720 - "GET /metrics/ HTTP/1.1" 200 OK
INFO:     127.0.0.1:53038 - "GET /health HTTP/1.1" 200 OK
INFO:     [IP-DISAMARKAN]:38710 - "GET /metrics HTTP/1.1" 307 Temporary Redirect
INFO:     [IP-DISAMARKAN]:38710 - "GET /metrics/ HTTP/1.1" 200 OK
INFO:     [IP-DISAMARKAN]:59926 - "GET /health HTTP/1.1" 200 OK
INFO:     [IP-DISAMARKAN]:38222 - "GET /metrics HTTP/1.1" 307 Temporary Redirect
INFO:     [IP-DISAMARKAN]:38222 - "GET /metrics/ HTTP/1.1" 200 OK
INFO:     127.0.0.1:33532 - "GET /health HTTP/1.1" 200 OK
INFO:     [IP-DISAMARKAN]:50736 - "GET /metrics HTTP/1.1" 307 Temporary Redirect
INFO:     [IP-DISAMARKAN]:50736 - "GET /metrics/ HTTP/1.1" 200 OK
INFO:     [IP-DISAMARKAN]:60670 - "GET /health HTTP/1.1" 200 OK
INFO:     [IP-DISAMARKAN]:45938 - "GET /metrics HTTP/1.1" 307 Temporary Redirect
INFO:     [IP-DISAMARKAN]:45938 - "GET /metrics/ HTTP/1.1" 200 OK
INFO:     127.0.0.1:57238 - "GET /health HTTP/1.1" 200 OK
INFO:     [IP-DISAMARKAN]:48650 - "GET /metrics HTTP/1.1" 307 Temporary Redirect
INFO:     [IP-DISAMARKAN]:48650 - "GET /metrics/ HTTP/1.1" 200 OK
INFO:     [IP-DISAMARKAN]:51906 - "GET /health HTTP/1.1" 200 OK
INFO:     [IP-DISAMARKAN]:58152 - "GET /metrics HTTP/1.1" 307 Temporary Redirect
INFO:     [IP-DISAMARKAN]:58152 - "GET /metrics/ HTTP/1.1" 200 OK
INFO:     127.0.0.1:34506 - "GET /health HTTP/1.1" 200 OK
INFO:     [IP-DISAMARKAN]:53774 - "GET /metrics HTTP/1.1" 307 Temporary Redirect
INFO:     [IP-DISAMARKAN]:53774 - "GET /metrics/ HTTP/1.1" 200 OK
INFO:     [IP-DISAMARKAN]:36830 - "GET /health HTTP/1.1" 200 OK
INFO:     [IP-DISAMARKAN]:60492 - "GET /metrics HTTP/1.1" 307 Temporary Redirect
INFO:     [IP-DISAMARKAN]:60492 - "GET /metrics/ HTTP/1.1" 200 OK
INFO:     127.0.0.1:51156 - "GET /health HTTP/1.1" 200 OK
INFO:     [IP-DISAMARKAN]:39008 - "GET /metrics HTTP/1.1" 307 Temporary Redirect
INFO:     [IP-DISAMARKAN]:39008 - "GET /metrics/ HTTP/1.1" 200 OK
INFO:     [IP-DISAMARKAN]:35534 - "GET /health HTTP/1.1" 200 OK
INFO:     [IP-DISAMARKAN]:45144 - "GET /health HTTP/1.1" 200 OK
INFO:     [IP-DISAMARKAN]:41136 - "GET /metrics HTTP/1.1" 307 Temporary Redirect
INFO:     [IP-DISAMARKAN]:41136 - "GET /metrics/ HTTP/1.1" 200 OK
INFO:     127.0.0.1:54370 - "GET /health HTTP/1.1" 200 OK
INFO:     [IP-DISAMARKAN]:50616 - "GET /metrics HTTP/1.1" 307 Temporary Redirect
INFO:     [IP-DISAMARKAN]:50616 - "GET /metrics/ HTTP/1.1" 200 OK
INFO:     [IP-DISAMARKAN]:33854 - "GET /health HTTP/1.1" 200 OK
INFO:     [IP-DISAMARKAN]:39228 - "GET /metrics HTTP/1.1" 307 Temporary Redirect
INFO:     [IP-DISAMARKAN]:39228 - "GET /metrics/ HTTP/1.1" 200 OK
INFO:     127.0.0.1:47736 - "GET /health HTTP/1.1" 200 OK
INFO:     [IP-DISAMARKAN]:36512 - "GET /metrics HTTP/1.1" 307 Temporary Redirect
INFO:     [IP-DISAMARKAN]:36512 - "GET /metrics/ HTTP/1.1" 200 OK
INFO:     [IP-DISAMARKAN]:58658 - "GET /health HTTP/1.1" 200 OK
INFO:     [IP-DISAMARKAN]:40100 - "GET /metrics HTTP/1.1" 307 Temporary Redirect
INFO:     [IP-DISAMARKAN]:40100 - "GET /metrics/ HTTP/1.1" 200 OK
INFO:     127.0.0.1:59286 - "GET /health HTTP/1.1" 200 OK
INFO:     [IP-DISAMARKAN]:60060 - "GET /metrics HTTP/1.1" 307 Temporary Redirect
INFO:     [IP-DISAMARKAN]:60060 - "GET /metrics/ HTTP/1.1" 200 OK
INFO:     [IP-DISAMARKAN]:43450 - "GET /health HTTP/1.1" 200 OK
INFO:     [IP-DISAMARKAN]:56420 - "GET /metrics HTTP/1.1" 307 Temporary Redirect
INFO:     [IP-DISAMARKAN]:56420 - "GET /metrics/ HTTP/1.1" 200 OK
INFO:     127.0.0.1:46664 - "GET /health HTTP/1.1" 200 OK
INFO:     [IP-DISAMARKAN]:47664 - "GET /metrics HTTP/1.1" 307 Temporary Redirect
INFO:     [IP-DISAMARKAN]:47664 - "GET /metrics/ HTTP/1.1" 200 OK
INFO:     [IP-DISAMARKAN]:48072 - "GET /metrics HTTP/1.1" 307 Temporary Redirect
INFO:     [IP-DISAMARKAN]:48072 - "GET /metrics/ HTTP/1.1" 200 OK
INFO:     [IP-DISAMARKAN]:36708 - "GET /health HTTP/1.1" 200 OK
INFO:     127.0.0.1:55268 - "GET /health HTTP/1.1" 200 OK
INFO:     [IP-DISAMARKAN]:35424 - "GET /metrics HTTP/1.1" 307 Temporary Redirect
INFO:     [IP-DISAMARKAN]:35424 - "GET /metrics/ HTTP/1.1" 200 OK
INFO:     [IP-DISAMARKAN]:56842 - "GET /metrics HTTP/1.1" 307 Temporary Redirect
INFO:     [IP-DISAMARKAN]:56842 - "GET /metrics/ HTTP/1.1" 200 OK
INFO:     127.0.0.1:48482 - "GET /health HTTP/1.1" 200 OK
INFO:     [IP-DISAMARKAN]:34546 - "GET /health HTTP/1.1" 200 OK
INFO:     [IP-DISAMARKAN]:36328 - "GET /metrics HTTP/1.1" 307 Temporary Redirect
INFO:     [IP-DISAMARKAN]:36328 - "GET /metrics/ HTTP/1.1" 200 OK
INFO:     [IP-DISAMARKAN]:42110 - "GET /metrics HTTP/1.1" 307 Temporary Redirect
INFO:     [IP-DISAMARKAN]:42110 - "GET /metrics/ HTTP/1.1" 200 OK
INFO:     127.0.0.1:56796 - "GET /health HTTP/1.1" 200 OK
INFO:     [IP-DISAMARKAN]:55256 - "GET /health HTTP/1.1" 200 OK
INFO:     [IP-DISAMARKAN]:38912 - "GET /metrics HTTP/1.1" 307 Temporary Redirect
INFO:     [IP-DISAMARKAN]:38912 - "GET /metrics/ HTTP/1.1" 200 OK
INFO:     [IP-DISAMARKAN]:56798 - "GET /metrics HTTP/1.1" 307 Temporary Redirect
INFO:     [IP-DISAMARKAN]:56798 - "GET /metrics/ HTTP/1.1" 200 OK
INFO:     127.0.0.1:33814 - "GET /health HTTP/1.1" 200 OK
INFO:     [IP-DISAMARKAN]:37130 - "GET /metrics HTTP/1.1" 307 Temporary Redirect
INFO:     [IP-DISAMARKAN]:37130 - "GET /metrics/ HTTP/1.1" 200 OK
INFO:     [IP-DISAMARKAN]:35440 - "GET /health HTTP/1.1" 200 OK
INFO:     [IP-DISAMARKAN]:42710 - "GET /metrics HTTP/1.1" 307 Temporary Redirect
INFO:     [IP-DISAMARKAN]:42710 - "GET /metrics/ HTTP/1.1" 200 OK
INFO:     127.0.0.1:39710 - "GET /health HTTP/1.1" 200 OK
INFO:     [IP-DISAMARKAN]:41754 - "GET /metrics HTTP/1.1" 307 Temporary Redirect
INFO:     [IP-DISAMARKAN]:41754 - "GET /metrics/ HTTP/1.1" 200 OK
INFO:     [IP-DISAMARKAN]:51710 - "GET /health HTTP/1.1" 200 OK
INFO:     [IP-DISAMARKAN]:39758 - "GET /metrics HTTP/1.1" 307 Temporary Redirect
INFO:     [IP-DISAMARKAN]:39758 - "GET /metrics/ HTTP/1.1" 200 OK
INFO:     127.0.0.1:45138 - "GET /health HTTP/1.1" 200 OK
INFO:     [IP-DISAMARKAN]:44908 - "GET /metrics HTTP/1.1" 307 Temporary Redirect
INFO:     [IP-DISAMARKAN]:44908 - "GET /metrics/ HTTP/1.1" 200 OK
INFO:     [IP-DISAMARKAN]:40678 - "GET /health HTTP/1.1" 200 OK
INFO:     [IP-DISAMARKAN]:60388 - "GET /metrics HTTP/1.1" 307 Temporary Redirect
INFO:     [IP-DISAMARKAN]:60388 - "GET /metrics/ HTTP/1.1" 200 OK
INFO:     127.0.0.1:36534 - "GET /health HTTP/1.1" 200 OK
INFO:     [IP-DISAMARKAN]:46684 - "GET /metrics HTTP/1.1" 307 Temporary Redirect
INFO:     [IP-DISAMARKAN]:46684 - "GET /metrics/ HTTP/1.1" 200 OK
INFO:     [IP-DISAMARKAN]:45958 - "GET /metrics HTTP/1.1" 307 Temporary Redirect
INFO:     [IP-DISAMARKAN]:45958 - "GET /metrics/ HTTP/1.1" 200 OK
INFO:     [IP-DISAMARKAN]:34092 - "GET /health HTTP/1.1" 200 OK
INFO:     127.0.0.1:46830 - "GET /health HTTP/1.1" 200 OK
INFO:     [IP-DISAMARKAN]:60472 - "GET /metrics HTTP/1.1" 307 Temporary Redirect
INFO:     [IP-DISAMARKAN]:60472 - "GET /metrics/ HTTP/1.1" 200 OK
INFO:     [IP-DISAMARKAN]:37074 - "GET /metrics HTTP/1.1" 307 Temporary Redirect
INFO:     [IP-DISAMARKAN]:37074 - "GET /metrics/ HTTP/1.1" 200 OK
INFO:     127.0.0.1:35634 - "GET /health HTTP/1.1" 200 OK
INFO:     [IP-DISAMARKAN]:35230 - "GET /health HTTP/1.1" 200 OK
INFO:     [IP-DISAMARKAN]:56204 - "GET /metrics HTTP/1.1" 307 Temporary Redirect
INFO:     [IP-DISAMARKAN]:56204 - "GET /metrics/ HTTP/1.1" 200 OK
INFO:     [IP-DISAMARKAN]:34672 - "GET /metrics HTTP/1.1" 307 Temporary Redirect
INFO:     [IP-DISAMARKAN]:34672 - "GET /metrics/ HTTP/1.1" 200 OK
INFO:     127.0.0.1:45540 - "GET /health HTTP/1.1" 200 OK
INFO:     [IP-DISAMARKAN]:37162 - "GET /health HTTP/1.1" 200 OK
INFO:     [IP-DISAMARKAN]:36226 - "GET /metrics HTTP/1.1" 307 Temporary Redirect
INFO:     [IP-DISAMARKAN]:36226 - "GET /metrics/ HTTP/1.1" 200 OK
INFO:     [IP-DISAMARKAN]:45692 - "GET /metrics HTTP/1.1" 307 Temporary Redirect
INFO:     [IP-DISAMARKAN]:45692 - "GET /metrics/ HTTP/1.1" 200 OK
INFO:     127.0.0.1:54252 - "GET /health HTTP/1.1" 200 OK
INFO:     [IP-DISAMARKAN]:36582 - "GET /metrics HTTP/1.1" 307 Temporary Redirect
INFO:     [IP-DISAMARKAN]:36582 - "GET /metrics/ HTTP/1.1" 200 OK
INFO:     [IP-DISAMARKAN]:58738 - "GET /health HTTP/1.1" 200 OK
INFO:     [IP-DISAMARKAN]:33320 - "GET /metrics HTTP/1.1" 307 Temporary Redirect
INFO:     [IP-DISAMARKAN]:33320 - "GET /metrics/ HTTP/1.1" 200 OK
INFO:     127.0.0.1:52686 - "GET /health HTTP/1.1" 200 OK
INFO:     [IP-DISAMARKAN]:54468 - "GET /metrics HTTP/1.1" 307 Temporary Redirect
INFO:     [IP-DISAMARKAN]:54468 - "GET /metrics/ HTTP/1.1" 200 OK
INFO:     [IP-DISAMARKAN]:38756 - "GET /health HTTP/1.1" 200 OK
INFO:     [IP-DISAMARKAN]:44428 - "GET /metrics HTTP/1.1" 307 Temporary Redirect
INFO:     [IP-DISAMARKAN]:44428 - "GET /metrics/ HTTP/1.1" 200 OK
INFO:     127.0.0.1:45186 - "GET /health HTTP/1.1" 200 OK
INFO:     [IP-DISAMARKAN]:56350 - "GET /metrics HTTP/1.1" 307 Temporary Redirect
INFO:     [IP-DISAMARKAN]:56350 - "GET /metrics/ HTTP/1.1" 200 OK
INFO:     [IP-DISAMARKAN]:49376 - "GET /health HTTP/1.1" 200 OK
INFO:     [IP-DISAMARKAN]:40688 - "GET /metrics HTTP/1.1" 307 Temporary Redirect
INFO:     [IP-DISAMARKAN]:40688 - "GET /metrics/ HTTP/1.1" 200 OK
INFO:     127.0.0.1:51512 - "GET /health HTTP/1.1" 200 OK
INFO:     [IP-DISAMARKAN]:52068 - "GET /metrics HTTP/1.1" 307 Temporary Redirect
INFO:     [IP-DISAMARKAN]:52068 - "GET /metrics/ HTTP/1.1" 200 OK
INFO:     [IP-DISAMARKAN]:47460 - "GET /health HTTP/1.1" 200 OK
INFO:     [IP-DISAMARKAN]:40730 - "GET /metrics HTTP/1.1" 307 Temporary Redirect
INFO:     [IP-DISAMARKAN]:40730 - "GET /metrics/ HTTP/1.1" 200 OK
INFO:     127.0.0.1:34168 - "GET /health HTTP/1.1" 200 OK
INFO:     [IP-DISAMARKAN]:39038 - "GET /metrics HTTP/1.1" 307 Temporary Redirect
INFO:     [IP-DISAMARKAN]:39038 - "GET /metrics/ HTTP/1.1" 200 OK
INFO:     [IP-DISAMARKAN]:59108 - "GET /metrics HTTP/1.1" 307 Temporary Redirect
INFO:     [IP-DISAMARKAN]:59108 - "GET /metrics/ HTTP/1.1" 200 OK
INFO:     [IP-DISAMARKAN]:54766 - "GET /health HTTP/1.1" 200 OK
INFO:     127.0.0.1:44134 - "GET /health HTTP/1.1" 200 OK
INFO:     [IP-DISAMARKAN]:59724 - "GET /metrics HTTP/1.1" 307 Temporary Redirect
INFO:     [IP-DISAMARKAN]:59724 - "GET /metrics/ HTTP/1.1" 200 OK
INFO:     [IP-DISAMARKAN]:46408 - "GET /metrics HTTP/1.1" 307 Temporary Redirect
INFO:     [IP-DISAMARKAN]:46408 - "GET /metrics/ HTTP/1.1" 200 OK
INFO:     127.0.0.1:60896 - "GET /health HTTP/1.1" 200 OK
INFO:     [IP-DISAMARKAN]:55318 - "GET /health HTTP/1.1" 200 OK
INFO:     [IP-DISAMARKAN]:45210 - "GET /metrics HTTP/1.1" 307 Temporary Redirect
INFO:     [IP-DISAMARKAN]:45210 - "GET /metrics/ HTTP/1.1" 200 OK
INFO:     [IP-DISAMARKAN]:48976 - "GET /metrics HTTP/1.1" 307 Temporary Redirect
INFO:     [IP-DISAMARKAN]:48976 - "GET /metrics/ HTTP/1.1" 200 OK
INFO:     127.0.0.1:34208 - "GET /health HTTP/1.1" 200 OK
INFO:     [IP-DISAMARKAN]:59120 - "GET /health HTTP/1.1" 200 OK
INFO:     [IP-DISAMARKAN]:52742 - "GET /metrics HTTP/1.1" 307 Temporary Redirect
INFO:     [IP-DISAMARKAN]:52742 - "GET /metrics/ HTTP/1.1" 200 OK
INFO:     [IP-DISAMARKAN]:52118 - "GET /metrics HTTP/1.1" 307 Temporary Redirect
INFO:     [IP-DISAMARKAN]:52118 - "GET /metrics/ HTTP/1.1" 200 OK
INFO:     127.0.0.1:53306 - "GET /health HTTP/1.1" 200 OK
INFO:     [IP-DISAMARKAN]:52940 - "GET /health HTTP/1.1" 200 OK
INFO:     [IP-DISAMARKAN]:37970 - "GET /metrics HTTP/1.1" 307 Temporary Redirect
INFO:     [IP-DISAMARKAN]:37970 - "GET /metrics/ HTTP/1.1" 200 OK
INFO:     [IP-DISAMARKAN]:47530 - "GET /metrics HTTP/1.1" 307 Temporary Redirect
INFO:     [IP-DISAMARKAN]:47530 - "GET /metrics/ HTTP/1.1" 200 OK
INFO:     127.0.0.1:48788 - "GET /health HTTP/1.1" 200 OK
INFO:     [IP-DISAMARKAN]:41914 - "GET /health HTTP/1.1" 200 OK
INFO:     [IP-DISAMARKAN]:39958 - "GET /metrics HTTP/1.1" 307 Temporary Redirect
INFO:     [IP-DISAMARKAN]:39958 - "GET /metrics/ HTTP/1.1" 200 OK
INFO:     [IP-DISAMARKAN]:47610 - "GET /metrics HTTP/1.1" 307 Temporary Redirect
INFO:     [IP-DISAMARKAN]:47610 - "GET /metrics/ HTTP/1.1" 200 OK
INFO:     127.0.0.1:45864 - "GET /health HTTP/1.1" 200 OK