INFO:     [IP-DISAMARKAN]:60538 - "GET /metrics/ HTTP/1.1" 200 OK
INFO:     [IP-DISAMARKAN]:36904 - "GET /health HTTP/1.1" 200 OK
INFO:     127.0.0.1:54436 - "GET /health HTTP/1.1" 200 OK
INFO:     [IP-DISAMARKAN]:40040 - "GET /metrics HTTP/1.1" 307 Temporary Redirect
INFO:     [IP-DISAMARKAN]:40040 - "GET /metrics/ HTTP/1.1" 200 OK
INFO:     [IP-DISAMARKAN]:37642 - "GET /metrics HTTP/1.1" 307 Temporary Redirect
INFO:     [IP-DISAMARKAN]:37642 - "GET /metrics/ HTTP/1.1" 200 OK
INFO:     127.0.0.1:39860 - "GET /health HTTP/1.1" 200 OK
INFO:     [IP-DISAMARKAN]:47646 - "GET /metrics HTTP/1.1" 307 Temporary Redirect
INFO:     [IP-DISAMARKAN]:47646 - "GET /metrics/ HTTP/1.1" 200 OK
INFO:     [IP-DISAMARKAN]:46606 - "GET /health HTTP/1.1" 200 OK
INFO:     [IP-DISAMARKAN]:38762 - "GET /metrics HTTP/1.1" 307 Temporary Redirect
INFO:     [IP-DISAMARKAN]:38762 - "GET /metrics/ HTTP/1.1" 200 OK
INFO:     127.0.0.1:56624 - "GET /health HTTP/1.1" 200 OK
INFO:     [IP-DISAMARKAN]:58518 - "GET /metrics HTTP/1.1" 307 Temporary Redirect
INFO:     [IP-DISAMARKAN]:58518 - "GET /metrics/ HTTP/1.1" 200 OK
INFO:     [IP-DISAMARKAN]:46246 - "GET /health HTTP/1.1" 200 OK
INFO:     [IP-DISAMARKAN]:54914 - "GET /metrics HTTP/1.1" 307 Temporary Redirect
INFO:     [IP-DISAMARKAN]:54914 - "GET /metrics/ HTTP/1.1" 200 OK
INFO:     127.0.0.1:43392 - "GET /health HTTP/1.1" 200 OK
INFO:     [IP-DISAMARKAN]:55482 - "GET /metrics HTTP/1.1" 307 Temporary Redirect
INFO:     [IP-DISAMARKAN]:55482 - "GET /metrics/ HTTP/1.1" 200 OK
INFO:     [IP-DISAMARKAN]:48350 - "GET /health HTTP/1.1" 200 OK
INFO:     [IP-DISAMARKAN]:41764 - "GET /metrics HTTP/1.1" 307 Temporary Redirect
INFO:     [IP-DISAMARKAN]:41764 - "GET /metrics/ HTTP/1.1" 200 OK
INFO:     [IP-DISAMARKAN]:54118 - "GET /metrics HTTP/1.1" 307 Temporary Redirect
INFO:     [IP-DISAMARKAN]:54118 - "GET /metrics/ HTTP/1.1" 200 OK
INFO:     127.0.0.1:49208 - "GET /health HTTP/1.1" 200 OK
INFO:     [IP-DISAMARKAN]:34744 - "GET /metrics HTTP/1.1" 307 Temporary Redirect
INFO:     [IP-DISAMARKAN]:34744 - "GET /metrics/ HTTP/1.1" 200 OK
INFO:     [IP-DISAMARKAN]:37176 - "GET /health HTTP/1.1" 200 OK
INFO:     [IP-DISAMARKAN]:45446 - "GET /metrics HTTP/1.1" 307 Temporary Redirect
INFO:     [IP-DISAMARKAN]:45446 - "GET /metrics/ HTTP/1.1" 200 OK
INFO:     127.0.0.1:51640 - "GET /health HTTP/1.1" 200 OK
INFO:     [IP-DISAMARKAN]:59678 - "GET /metrics HTTP/1.1" 307 Temporary Redirect
INFO:     [IP-DISAMARKAN]:59678 - "GET /metrics/ HTTP/1.1" 200 OK
INFO:     [IP-DISAMARKAN]:59566 - "GET /health HTTP/1.1" 200 OK
INFO:     [IP-DISAMARKAN]:54994 - "GET /metrics HTTP/1.1" 307 Temporary Redirect
INFO:     [IP-DISAMARKAN]:54994 - "GET /metrics/ HTTP/1.1" 200 OK
INFO:     127.0.0.1:55218 - "GET /health HTTP/1.1" 200 OK
INFO:     [IP-DISAMARKAN]:53656 - "GET /metrics HTTP/1.1" 307 Temporary Redirect
INFO:     [IP-DISAMARKAN]:53656 - "GET /metrics/ HTTP/1.1" 200 OK
INFO:     [IP-DISAMARKAN]:41654 - "GET /health HTTP/1.1" 200 OK
INFO:     [IP-DISAMARKAN]:37702 - "GET /metrics HTTP/1.1" 307 Temporary Redirect
INFO:     [IP-DISAMARKAN]:37702 - "GET /metrics/ HTTP/1.1" 200 OK
INFO:     127.0.0.1:44528 - "GET /health HTTP/1.1" 200 OK
INFO:     [IP-DISAMARKAN]:58078 - "GET /metrics HTTP/1.1" 307 Temporary Redirect
INFO:     [IP-DISAMARKAN]:58078 - "GET /metrics/ HTTP/1.1" 200 OK
INFO:     [IP-DISAMARKAN]:42696 - "GET /health HTTP/1.1" 200 OK
INFO:     [IP-DISAMARKAN]:59570 - "GET /metrics HTTP/1.1" 307 Temporary Redirect
INFO:     [IP-DISAMARKAN]:59570 - "GET /metrics/ HTTP/1.1" 200 OK
INFO:     127.0.0.1:53014 - "GET /health HTTP/1.1" 200 OK
INFO:     [IP-DISAMARKAN]:46762 - "GET /metrics HTTP/1.1" 307 Temporary Redirect
INFO:     [IP-DISAMARKAN]:46762 - "GET /metrics/ HTTP/1.1" 200 OK
INFO:     [IP-DISAMARKAN]:44860 - "GET /health HTTP/1.1" 200 OK
INFO:     [IP-DISAMARKAN]:59956 - "GET /metrics HTTP/1.1" 307 Temporary Redirect
INFO:     [IP-DISAMARKAN]:59956 - "GET /metrics/ HTTP/1.1" 200 OK
INFO:     127.0.0.1:34824 - "GET /health HTTP/1.1" 200 OK
INFO:     [IP-DISAMARKAN]:37854 - "GET /metrics HTTP/1.1" 307 Temporary Redirect
INFO:     [IP-DISAMARKAN]:37854 - "GET /metrics/ HTTP/1.1" 200 OK
INFO:     [IP-DISAMARKAN]:37186 - "GET /health HTTP/1.1" 200 OK
INFO:     [IP-DISAMARKAN]:60276 - "GET /metrics HTTP/1.1" 307 Temporary Redirect
INFO:     [IP-DISAMARKAN]:60276 - "GET /metrics/ HTTP/1.1" 200 OK
INFO:     127.0.0.1:50114 - "GET /health HTTP/1.1" 200 OK
INFO:     [IP-DISAMARKAN]:43970 - "GET /metrics HTTP/1.1" 307 Temporary Redirect
INFO:     [IP-DISAMARKAN]:43970 - "GET /metrics/ HTTP/1.1" 200 OK
INFO:     [IP-DISAMARKAN]:44160 - "GET /health HTTP/1.1" 200 OK
INFO:     [IP-DISAMARKAN]:50518 - "GET /metrics HTTP/1.1" 307 Temporary Redirect
INFO:     [IP-DISAMARKAN]:50518 - "GET /metrics/ HTTP/1.1" 200 OK
INFO:     127.0.0.1:44770 - "GET /health HTTP/1.1" 200 OK
INFO:     [IP-DISAMARKAN]:54554 - "GET /metrics HTTP/1.1" 307 Temporary Redirect
INFO:     [IP-DISAMARKAN]:54554 - "GET /metrics/ HTTP/1.1" 200 OK
INFO:     [IP-DISAMARKAN]:33800 - "GET /health HTTP/1.1" 200 OK
INFO:     [IP-DISAMARKAN]:53842 - "GET /metrics HTTP/1.1" 307 Temporary Redirect
INFO:     [IP-DISAMARKAN]:53842 - "GET /metrics/ HTTP/1.1" 200 OK
INFO:     127.0.0.1:41210 - "GET /health HTTP/1.1" 200 OK
INFO:     [IP-DISAMARKAN]:33492 - "GET /metrics HTTP/1.1" 307 Temporary Redirect
INFO:     [IP-DISAMARKAN]:33492 - "GET /metrics/ HTTP/1.1" 200 OK
INFO:     [IP-DISAMARKAN]:55268 - "GET /health HTTP/1.1" 200 OK
INFO:     [IP-DISAMARKAN]:57712 - "GET /metrics HTTP/1.1" 307 Temporary Redirect
INFO:     [IP-DISAMARKAN]:57712 - "GET /metrics/ HTTP/1.1" 200 OK
INFO:     127.0.0.1:56744 - "GET /health HTTP/1.1" 200 OK
INFO:     [IP-DISAMARKAN]:37954 - "GET /metrics HTTP/1.1" 307 Temporary Redirect
INFO:     [IP-DISAMARKAN]:37954 - "GET /metrics/ HTTP/1.1" 200 OK
INFO:     [IP-DISAMARKAN]:38114 - "GET /health HTTP/1.1" 200 OK
INFO:     [IP-DISAMARKAN]:51536 - "GET /metrics HTTP/1.1" 307 Temporary Redirect
INFO:     [IP-DISAMARKAN]:51536 - "GET /metrics/ HTTP/1.1" 200 OK
INFO:     127.0.0.1:46164 - "GET /health HTTP/1.1" 200 OK
INFO:     [IP-DISAMARKAN]:38220 - "GET /metrics HTTP/1.1" 307 Temporary Redirect
INFO:     [IP-DISAMARKAN]:38220 - "GET /metrics/ HTTP/1.1" 200 OK
INFO:     [IP-DISAMARKAN]:49918 - "GET /health HTTP/1.1" 200 OK
INFO:     [IP-DISAMARKAN]:50728 - "GET /metrics HTTP/1.1" 307 Temporary Redirect
INFO:     [IP-DISAMARKAN]:50728 - "GET /metrics/ HTTP/1.1" 200 OK
INFO:     127.0.0.1:42860 - "GET /health HTTP/1.1" 200 OK
INFO:     [IP-DISAMARKAN]:32980 - "GET /metrics HTTP/1.1" 307 Temporary Redirect
INFO:     [IP-DISAMARKAN]:32980 - "GET /metrics/ HTTP/1.1" 200 OK
INFO:     [IP-DISAMARKAN]:55320 - "GET /health HTTP/1.1" 200 OK
INFO:     [IP-DISAMARKAN]:34778 - "GET /metrics HTTP/1.1" 307 Temporary Redirect
INFO:     [IP-DISAMARKAN]:34778 - "GET /metrics/ HTTP/1.1" 200 OK
INFO:     127.0.0.1:40160 - "GET /health HTTP/1.1" 200 OK
INFO:     [IP-DISAMARKAN]:52024 - "GET /metrics HTTP/1.1" 307 Temporary Redirect
INFO:     [IP-DISAMARKAN]:52024 - "GET /metrics/ HTTP/1.1" 200 OK
INFO:     [IP-DISAMARKAN]:47014 - "GET /health HTTP/1.1" 200 OK
INFO:     [IP-DISAMARKAN]:33318 - "GET /metrics HTTP/1.1" 307 Temporary Redirect
INFO:     [IP-DISAMARKAN]:33318 - "GET /metrics/ HTTP/1.1" 200 OK
INFO:     127.0.0.1:55928 - "GET /health HTTP/1.1" 200 OK
INFO:     [IP-DISAMARKAN]:34048 - "GET /metrics HTTP/1.1" 307 Temporary Redirect
INFO:     [IP-DISAMARKAN]:34048 - "GET /metrics/ HTTP/1.1" 200 OK
INFO:     [IP-DISAMARKAN]:45330 - "GET /health HTTP/1.1" 200 OK
INFO:     [IP-DISAMARKAN]:49508 - "GET /metrics HTTP/1.1" 307 Temporary Redirect
INFO:     [IP-DISAMARKAN]:49508 - "GET /metrics/ HTTP/1.1" 200 OK
INFO:     127.0.0.1:41226 - "GET /health HTTP/1.1" 200 OK
INFO:     [IP-DISAMARKAN]:59464 - "GET /metrics HTTP/1.1" 307 Temporary Redirect
INFO:     [IP-DISAMARKAN]:59464 - "GET /metrics/ HTTP/1.1" 200 OK
INFO:     [IP-DISAMARKAN]:37702 - "GET /health HTTP/1.1" 200 OK
INFO:     [IP-DISAMARKAN]:54050 - "GET /metrics HTTP/1.1" 307 Temporary Redirect
INFO:     [IP-DISAMARKAN]:54050 - "GET /metrics/ HTTP/1.1" 200 OK
INFO:     127.0.0.1:60536 - "GET /health HTTP/1.1" 200 OK
INFO:     [IP-DISAMARKAN]:53396 - "GET /metrics HTTP/1.1" 307 Temporary Redirect
INFO:     [IP-DISAMARKAN]:53396 - "GET /metrics/ HTTP/1.1" 200 OK
INFO:     [IP-DISAMARKAN]:59394 - "GET /health HTTP/1.1" 200 OK
INFO:     [IP-DISAMARKAN]:53230 - "GET /metrics HTTP/1.1" 307 Temporary Redirect
INFO:     [IP-DISAMARKAN]:53230 - "GET /metrics/ HTTP/1.1" 200 OK
INFO:     127.0.0.1:57050 - "GET /health HTTP/1.1" 200 OK
INFO:     [IP-DISAMARKAN]:40712 - "GET /metrics HTTP/1.1" 307 Temporary Redirect
INFO:     [IP-DISAMARKAN]:40712 - "GET /metrics/ HTTP/1.1" 200 OK
INFO:     [IP-DISAMARKAN]:51644 - "GET /health HTTP/1.1" 200 OK
INFO:     [IP-DISAMARKAN]:57104 - "GET /metrics HTTP/1.1" 307 Temporary Redirect
INFO:     [IP-DISAMARKAN]:57104 - "GET /metrics/ HTTP/1.1" 200 OK
INFO:     127.0.0.1:40882 - "GET /health HTTP/1.1" 200 OK
INFO:     [IP-DISAMARKAN]:53888 - "GET /metrics HTTP/1.1" 307 Temporary Redirect
INFO:     [IP-DISAMARKAN]:53888 - "GET /metrics/ HTTP/1.1" 200 OK
INFO:     [IP-DISAMARKAN]:46242 - "GET /health HTTP/1.1" 200 OK
INFO:     [IP-DISAMARKAN]:36626 - "GET /metrics HTTP/1.1" 307 Temporary Redirect
INFO:     [IP-DISAMARKAN]:36626 - "GET /metrics/ HTTP/1.1" 200 OK
INFO:     127.0.0.1:35454 - "GET /health HTTP/1.1" 200 OK
INFO:     [IP-DISAMARKAN]:34250 - "GET /metrics HTTP/1.1" 307 Temporary Redirect
INFO:     [IP-DISAMARKAN]:34250 - "GET /metrics/ HTTP/1.1" 200 OK
INFO:     [IP-DISAMARKAN]:50752 - "GET /health HTTP/1.1" 200 OK
INFO:     [IP-DISAMARKAN]:58462 - "GET /metrics HTTP/1.1" 307 Temporary Redirect
INFO:     [IP-DISAMARKAN]:58462 - "GET /metrics/ HTTP/1.1" 200 OK
INFO:     127.0.0.1:55652 - "GET /health HTTP/1.1" 200 OK
INFO:     [IP-DISAMARKAN]:33920 - "GET /metrics HTTP/1.1" 307 Temporary Redirect
INFO:     [IP-DISAMARKAN]:33920 - "GET /metrics/ HTTP/1.1" 200 OK
INFO:     [IP-DISAMARKAN]:59366 - "GET /health HTTP/1.1" 200 OK
INFO:     [IP-DISAMARKAN]:34224 - "GET /metrics HTTP/1.1" 307 Temporary Redirect
INFO:     [IP-DISAMARKAN]:34224 - "GET /metrics/ HTTP/1.1" 200 OK
INFO:     127.0.0.1:35142 - "GET /health HTTP/1.1" 200 OK
INFO:     [IP-DISAMARKAN]:37842 - "GET /metrics HTTP/1.1" 307 Temporary Redirect
INFO:     [IP-DISAMARKAN]:37842 - "GET /metrics/ HTTP/1.1" 200 OK
INFO:     [IP-DISAMARKAN]:60630 - "GET /health HTTP/1.1" 200 OK
INFO:     [IP-DISAMARKAN]:45692 - "GET /metrics HTTP/1.1" 307 Temporary Redirect
INFO:     [IP-DISAMARKAN]:45692 - "GET /metrics/ HTTP/1.1" 200 OK
INFO:     127.0.0.1:50988 - "GET /health HTTP/1.1" 200 OK
INFO:     [IP-DISAMARKAN]:60714 - "GET /metrics HTTP/1.1" 307 Temporary Redirect
INFO:     [IP-DISAMARKAN]:60714 - "GET /metrics/ HTTP/1.1" 200 OK
INFO:     [IP-DISAMARKAN]:36212 - "GET /metrics HTTP/1.1" 307 Temporary Redirect
INFO:     [IP-DISAMARKAN]:36212 - "GET /metrics/ HTTP/1.1" 200 OK
INFO:     [IP-DISAMARKAN]:48986 - "GET /health HTTP/1.1" 200 OK
INFO:     127.0.0.1:59734 - "GET /health HTTP/1.1" 200 OK
INFO:     [IP-DISAMARKAN]:42468 - "GET /metrics HTTP/1.1" 307 Temporary Redirect
INFO:     [IP-DISAMARKAN]:42468 - "GET /metrics/ HTTP/1.1" 200 OK
INFO:     [IP-DISAMARKAN]:40548 - "GET /metrics HTTP/1.1" 307 Temporary Redirect
INFO:     [IP-DISAMARKAN]:40548 - "GET /metrics/ HTTP/1.1" 200 OK
INFO:     127.0.0.1:49824 - "GET /health HTTP/1.1" 200 OK
INFO:     [IP-DISAMARKAN]:38664 - "GET /health HTTP/1.1" 200 OK
INFO:     [IP-DISAMARKAN]:54520 - "GET /metrics HTTP/1.1" 307 Temporary Redirect
INFO:     [IP-DISAMARKAN]:54520 - "GET /metrics/ HTTP/1.1" 200 OK
INFO:     [IP-DISAMARKAN]:59078 - "GET /metrics HTTP/1.1" 307 Temporary Redirect
INFO:     [IP-DISAMARKAN]:59078 - "GET /metrics/ HTTP/1.1" 200 OK
INFO:     127.0.0.1:56366 - "GET /health HTTP/1.1" 200 OK
INFO:     [IP-DISAMARKAN]:40342 - "GET /health HTTP/1.1" 200 OK
INFO:     [IP-DISAMARKAN]:38142 - "GET /metrics HTTP/1.1" 307 Temporary Redirect
INFO:     [IP-DISAMARKAN]:38142 - "GET /metrics/ HTTP/1.1" 200 OK
INFO:     Shutting down
INFO:     Waiting for application shutdown.
INFO:     Application shutdown complete.
INFO:     Finished server process [1]
INFO:     Started server process [1]
INFO:     Waiting for application startup.
INFO:     Application startup complete.
INFO:     Uvicorn running on http://0.0.0.0:8002 (Press CTRL+C to quit)
INFO:     127.0.0.1:45958 - "GET /health HTTP/1.1" 503 Service Unavailable
{"time": "2026-06-28T05:29:10", "level": "INFO", "name": "app.models.ocr_model", "msg": "PaddleOCR model loaded: lang=id"}
{"time": "2026-06-28T05:29:10", "level": "INFO", "name": "app.models.ocr_model", "msg": "PaddleOCR model warm-up selesai"}
{"time": "2026-06-28T05:29:10", "level": "INFO", "name": "app.grpc_server", "msg": "OCR gRPC server started on port 50052 (insecure)"}
INFO:     127.0.0.1:55044 - "GET /health HTTP/1.1" 200 OK
INFO:     [IP-DISAMARKAN]:58300 - "GET /metrics HTTP/1.1" 307 Temporary Redirect
INFO:     [IP-DISAMARKAN]:58300 - "GET /metrics/ HTTP/1.1" 200 OK
INFO:     [IP-DISAMARKAN]:46106 - "GET /metrics HTTP/1.1" 307 Temporary Redirect
INFO:     [IP-DISAMARKAN]:46106 - "GET /metrics/ HTTP/1.1" 200 OK
INFO:     [IP-DISAMARKAN]:36896 - "GET /health HTTP/1.1" 200 OK
INFO:     127.0.0.1:48870 - "GET /health HTTP/1.1" 200 OK
INFO:     [IP-DISAMARKAN]:53376 - "GET /metrics HTTP/1.1" 307 Temporary Redirect
INFO:     [IP-DISAMARKAN]:53376 - "GET /metrics/ HTTP/1.1" 200 OK
INFO:     [IP-DISAMARKAN]:45116 - "GET /metrics HTTP/1.1" 307 Temporary Redirect
INFO:     [IP-DISAMARKAN]:45116 - "GET /metrics/ HTTP/1.1" 200 OK
INFO:     127.0.0.1:37968 - "GET /health HTTP/1.1" 200 OK
INFO:     [IP-DISAMARKAN]:46022 - "GET /health HTTP/1.1" 200 OK
INFO:     [IP-DISAMARKAN]:42868 - "GET /metrics HTTP/1.1" 307 Temporary Redirect
INFO:     [IP-DISAMARKAN]:42868 - "GET /metrics/ HTTP/1.1" 200 OK
INFO:     [IP-DISAMARKAN]:55566 - "GET /metrics HTTP/1.1" 307 Temporary Redirect
INFO:     [IP-DISAMARKAN]:55566 - "GET /metrics/ HTTP/1.1" 200 OK
INFO:     127.0.0.1:50730 - "GET /health HTTP/1.1" 200 OK
INFO:     [IP-DISAMARKAN]:47180 - "GET /metrics HTTP/1.1" 307 Temporary Redirect
INFO:     [IP-DISAMARKAN]:47180 - "GET /metrics/ HTTP/1.1" 200 OK
INFO:     [IP-DISAMARKAN]:46316 - "GET /health HTTP/1.1" 200 OK
INFO:     [IP-DISAMARKAN]:49450 - "GET /metrics HTTP/1.1" 307 Temporary Redirect
INFO:     [IP-DISAMARKAN]:49450 - "GET /metrics/ HTTP/1.1" 200 OK
INFO:     127.0.0.1:45230 - "GET /health HTTP/1.1" 200 OK
INFO:     [IP-DISAMARKAN]:57552 - "GET /metrics HTTP/1.1" 307 Temporary Redirect
INFO:     [IP-DISAMARKAN]:57552 - "GET /metrics/ HTTP/1.1" 200 OK
INFO:     [IP-DISAMARKAN]:34500 - "GET /health HTTP/1.1" 200 OK
INFO:     [IP-DISAMARKAN]:58692 - "GET /metrics HTTP/1.1" 307 Temporary Redirect
INFO:     [IP-DISAMARKAN]:58692 - "GET /metrics/ HTTP/1.1" 200 OK
INFO:     127.0.0.1:36772 - "GET /health HTTP/1.1" 200 OK
INFO:     [IP-DISAMARKAN]:47022 - "GET /metrics HTTP/1.1" 307 Temporary Redirect
INFO:     [IP-DISAMARKAN]:47022 - "GET /metrics/ HTTP/1.1" 200 OK
INFO:     [IP-DISAMARKAN]:51142 - "GET /metrics HTTP/1.1" 307 Temporary Redirect
INFO:     [IP-DISAMARKAN]:51142 - "GET /metrics/ HTTP/1.1" 200 OK
INFO:     [IP-DISAMARKAN]:35622 - "GET /health HTTP/1.1" 200 OK
INFO:     127.0.0.1:38640 - "GET /health HTTP/1.1" 200 OK
INFO:     [IP-DISAMARKAN]:34320 - "GET /metrics HTTP/1.1" 307 Temporary Redirect
INFO:     [IP-DISAMARKAN]:34320 - "GET /metrics/ HTTP/1.1" 200 OK
INFO:     [IP-DISAMARKAN]:42068 - "GET /metrics HTTP/1.1" 307 Temporary Redirect
INFO:     [IP-DISAMARKAN]:42068 - "GET /metrics/ HTTP/1.1" 200 OK
INFO:     [IP-DISAMARKAN]:41310 - "GET /health HTTP/1.1" 200 OK
INFO:     127.0.0.1:49438 - "GET /health HTTP/1.1" 200 OK
INFO:     [IP-DISAMARKAN]:51298 - "GET /metrics HTTP/1.1" 307 Temporary Redirect
INFO:     [IP-DISAMARKAN]:51298 - "GET /metrics/ HTTP/1.1" 200 OK
INFO:     [IP-DISAMARKAN]:39854 - "GET /metrics HTTP/1.1" 307 Temporary Redirect
INFO:     [IP-DISAMARKAN]:39854 - "GET /metrics/ HTTP/1.1" 200 OK
INFO:     [IP-DISAMARKAN]:42464 - "GET /health HTTP/1.1" 200 OK
INFO:     127.0.0.1:42848 - "GET /health HTTP/1.1" 200 OK
INFO:     [IP-DISAMARKAN]:38460 - "GET /metrics HTTP/1.1" 307 Temporary Redirect
INFO:     [IP-DISAMARKAN]:38460 - "GET /metrics/ HTTP/1.1" 200 OK
INFO:     [IP-DISAMARKAN]:42130 - "GET /metrics HTTP/1.1" 307 Temporary Redirect
INFO:     [IP-DISAMARKAN]:42130 - "GET /metrics/ HTTP/1.1" 200 OK
INFO:     [IP-DISAMARKAN]:53332 - "GET /health HTTP/1.1" 200 OK
INFO:     127.0.0.1:48466 - "GET /health HTTP/1.1" 200 OK
INFO:     [IP-DISAMARKAN]:46574 - "GET /metrics HTTP/1.1" 307 Temporary Redirect
INFO:     [IP-DISAMARKAN]:46574 - "GET /metrics/ HTTP/1.1" 200 OK
INFO:     [IP-DISAMARKAN]:45180 - "GET /metrics HTTP/1.1" 307 Temporary Redirect
INFO:     [IP-DISAMARKAN]:45180 - "GET /metrics/ HTTP/1.1" 200 OK
INFO:     [IP-DISAMARKAN]:54600 - "GET /health HTTP/1.1" 200 OK
INFO:     127.0.0.1:34574 - "GET /health HTTP/1.1" 200 OK
INFO:     [IP-DISAMARKAN]:47760 - "GET /metrics HTTP/1.1" 307 Temporary Redirect
INFO:     [IP-DISAMARKAN]:47760 - "GET /metrics/ HTTP/1.1" 200 OK
INFO:     [IP-DISAMARKAN]:32846 - "GET /metrics HTTP/1.1" 307 Temporary Redirect
INFO:     [IP-DISAMARKAN]:32846 - "GET /metrics/ HTTP/1.1" 200 OK
INFO:     [IP-DISAMARKAN]:55478 - "GET /health HTTP/1.1" 200 OK
INFO:     127.0.0.1:35602 - "GET /health HTTP/1.1" 200 OK
INFO:     [IP-DISAMARKAN]:49560 - "GET /metrics HTTP/1.1" 307 Temporary Redirect
INFO:     [IP-DISAMARKAN]:49560 - "GET /metrics/ HTTP/1.1" 200 OK
INFO:     [IP-DISAMARKAN]:40024 - "GET /metrics HTTP/1.1" 307 Temporary Redirect
INFO:     [IP-DISAMARKAN]:40024 - "GET /metrics/ HTTP/1.1" 200 OK
INFO:     [IP-DISAMARKAN]:55486 - "GET /health HTTP/1.1" 200 OK
INFO:     127.0.0.1:35174 - "GET /health HTTP/1.1" 200 OK
INFO:     [IP-DISAMARKAN]:46420 - "GET /metrics HTTP/1.1" 307 Temporary Redirect
INFO:     [IP-DISAMARKAN]:46420 - "GET /metrics/ HTTP/1.1" 200 OK
INFO:     [IP-DISAMARKAN]:51826 - "GET /metrics HTTP/1.1" 307 Temporary Redirect
INFO:     [IP-DISAMARKAN]:51826 - "GET /metrics/ HTTP/1.1" 200 OK
INFO:     [IP-DISAMARKAN]:41678 - "GET /health HTTP/1.1" 200 OK
INFO:     127.0.0.1:46728 - "GET /health HTTP/1.1" 200 OK
INFO:     [IP-DISAMARKAN]:46080 - "GET /metrics HTTP/1.1" 307 Temporary Redirect
INFO:     [IP-DISAMARKAN]:46080 - "GET /metrics/ HTTP/1.1" 200 OK
INFO:     [IP-DISAMARKAN]:45458 - "GET /metrics HTTP/1.1" 307 Temporary Redirect
INFO:     [IP-DISAMARKAN]:45458 - "GET /metrics/ HTTP/1.1" 200 OK
INFO:     [IP-DISAMARKAN]:50468 - "GET /health HTTP/1.1" 200 OK
INFO:     127.0.0.1:45672 - "GET /health HTTP/1.1" 200 OK
INFO:     [IP-DISAMARKAN]:57596 - "GET /metrics HTTP/1.1" 307 Temporary Redirect
INFO:     [IP-DISAMARKAN]:57596 - "GET /metrics/ HTTP/1.1" 200 OK
INFO:     [IP-DISAMARKAN]:42244 - "GET /metrics HTTP/1.1" 307 Temporary Redirect
INFO:     [IP-DISAMARKAN]:42244 - "GET /metrics/ HTTP/1.1" 200 OK
INFO:     [IP-DISAMARKAN]:54160 - "GET /health HTTP/1.1" 200 OK
INFO:     127.0.0.1:34196 - "GET /health HTTP/1.1" 200 OK
INFO:     [IP-DISAMARKAN]:58206 - "GET /metrics HTTP/1.1" 307 Temporary Redirect
INFO:     [IP-DISAMARKAN]:58206 - "GET /metrics/ HTTP/1.1" 200 OK
INFO:     [IP-DISAMARKAN]:45838 - "GET /metrics HTTP/1.1" 307 Temporary Redirect
INFO:     [IP-DISAMARKAN]:45838 - "GET /metrics/ HTTP/1.1" 200 OK
INFO:     [IP-DISAMARKAN]:47656 - "GET /health HTTP/1.1" 200 OK
INFO:     127.0.0.1:43546 - "GET /health HTTP/1.1" 200 OK
INFO:     [IP-DISAMARKAN]:60516 - "GET /metrics HTTP/1.1" 307 Temporary Redirect
INFO:     [IP-DISAMARKAN]:60516 - "GET /metrics/ HTTP/1.1" 200 OK
INFO:     [IP-DISAMARKAN]:45962 - "GET /metrics HTTP/1.1" 307 Temporary Redirect
INFO:     [IP-DISAMARKAN]:45962 - "GET /metrics/ HTTP/1.1" 200 OK
INFO:     [IP-DISAMARKAN]:34040 - "GET /health HTTP/1.1" 200 OK
INFO:     127.0.0.1:33430 - "GET /health HTTP/1.1" 200 OK
INFO:     [IP-DISAMARKAN]:56490 - "GET /metrics HTTP/1.1" 307 Temporary Redirect
INFO:     [IP-DISAMARKAN]:56490 - "GET /metrics/ HTTP/1.1" 200 OK
INFO:     [IP-DISAMARKAN]:41050 - "GET /metrics HTTP/1.1" 307 Temporary Redirect
INFO:     [IP-DISAMARKAN]:41050 - "GET /metrics/ HTTP/1.1" 200 OK
INFO:     [IP-DISAMARKAN]:47746 - "GET /health HTTP/1.1" 200 OK
INFO:     [IP-DISAMARKAN]:56442 - "GET /metrics HTTP/1.1" 307 Temporary Redirect
INFO:     [IP-DISAMARKAN]:56442 - "GET /metrics/ HTTP/1.1" 200 OK
INFO:     127.0.0.1:34926 - "GET /health HTTP/1.1" 200 OK
INFO:     [IP-DISAMARKAN]:58866 - "GET /metrics HTTP/1.1" 307 Temporary Redirect
INFO:     [IP-DISAMARKAN]:58866 - "GET /metrics/ HTTP/1.1" 200 OK
INFO:     [IP-DISAMARKAN]:53910 - "GET /health HTTP/1.1" 200 OK
INFO:     [IP-DISAMARKAN]:53372 - "GET /metrics HTTP/1.1" 307 Temporary Redirect
INFO:     [IP-DISAMARKAN]:53372 - "GET /metrics/ HTTP/1.1" 200 OK
INFO:     127.0.0.1:59928 - "GET /health HTTP/1.1" 200 OK
INFO:     [IP-DISAMARKAN]:54610 - "GET /metrics HTTP/1.1" 307 Temporary Redirect
INFO:     [IP-DISAMARKAN]:54610 - "GET /metrics/ HTTP/1.1" 200 OK
INFO:     [IP-DISAMARKAN]:45200 - "GET /health HTTP/1.1" 200 OK
INFO:     [IP-DISAMARKAN]:53544 - "GET /metrics HTTP/1.1" 307 Temporary Redirect
INFO:     [IP-DISAMARKAN]:53544 - "GET /metrics/ HTTP/1.1" 200 OK
INFO:     127.0.0.1:34010 - "GET /health HTTP/1.1" 200 OK
INFO:     [IP-DISAMARKAN]:43402 - "GET /metrics HTTP/1.1" 307 Temporary Redirect
INFO:     [IP-DISAMARKAN]:43402 - "GET /metrics/ HTTP/1.1" 200 OK
INFO:     [IP-DISAMARKAN]:55068 - "GET /health HTTP/1.1" 200 OK
INFO:     [IP-DISAMARKAN]:55846 - "GET /metrics HTTP/1.1" 307 Temporary Redirect
INFO:     [IP-DISAMARKAN]:55846 - "GET /metrics/ HTTP/1.1" 200 OK
INFO:     127.0.0.1:48598 - "GET /health HTTP/1.1" 200 OK
INFO:     [IP-DISAMARKAN]:47730 - "GET /metrics HTTP/1.1" 307 Temporary Redirect
INFO:     [IP-DISAMARKAN]:47730 - "GET /metrics/ HTTP/1.1" 200 OK
INFO:     [IP-DISAMARKAN]:47708 - "GET /health HTTP/1.1" 200 OK
INFO:     [IP-DISAMARKAN]:39760 - "GET /metrics HTTP/1.1" 307 Temporary Redirect
INFO:     [IP-DISAMARKAN]:39760 - "GET /metrics/ HTTP/1.1" 200 OK
INFO:     127.0.0.1:37414 - "GET /health HTTP/1.1" 200 OK
INFO:     [IP-DISAMARKAN]:47448 - "GET /metrics HTTP/1.1" 307 Temporary Redirect
INFO:     [IP-DISAMARKAN]:47448 - "GET /metrics/ HTTP/1.1" 200 OK
INFO:     [IP-DISAMARKAN]:33710 - "GET /health HTTP/1.1" 200 OK
INFO:     [IP-DISAMARKAN]:57340 - "GET /metrics HTTP/1.1" 307 Temporary Redirect
INFO:     [IP-DISAMARKAN]:57340 - "GET /metrics/ HTTP/1.1" 200 OK
INFO:     127.0.0.1:37902 - "GET /health HTTP/1.1" 200 OK
INFO:     [IP-DISAMARKAN]:56228 - "GET /metrics HTTP/1.1" 307 Temporary Redirect
INFO:     [IP-DISAMARKAN]:56228 - "GET /metrics/ HTTP/1.1" 200 OK
INFO:     [IP-DISAMARKAN]:42872 - "GET /health HTTP/1.1" 200 OK
INFO:     [IP-DISAMARKAN]:44110 - "GET /metrics HTTP/1.1" 307 Temporary Redirect
INFO:     [IP-DISAMARKAN]:44110 - "GET /metrics/ HTTP/1.1" 200 OK
INFO:     127.0.0.1:57740 - "GET /health HTTP/1.1" 200 OK
INFO:     [IP-DISAMARKAN]:53274 - "GET /metrics HTTP/1.1" 307 Temporary Redirect
INFO:     [IP-DISAMARKAN]:53274 - "GET /metrics/ HTTP/1.1" 200 OK
INFO:     [IP-DISAMARKAN]:41832 - "GET /health HTTP/1.1" 200 OK
INFO:     [IP-DISAMARKAN]:58306 - "GET /metrics HTTP/1.1" 307 Temporary Redirect
INFO:     [IP-DISAMARKAN]:58306 - "GET /metrics/ HTTP/1.1" 200 OK
INFO:     127.0.0.1:41306 - "GET /health HTTP/1.1" 200 OK
INFO:     [IP-DISAMARKAN]:33822 - "GET /metrics HTTP/1.1" 307 Temporary Redirect
INFO:     [IP-DISAMARKAN]:33822 - "GET /metrics/ HTTP/1.1" 200 OK
INFO:     [IP-DISAMARKAN]:60884 - "GET /health HTTP/1.1" 200 OK
INFO:     [IP-DISAMARKAN]:46874 - "GET /metrics HTTP/1.1" 307 Temporary Redirect
INFO:     [IP-DISAMARKAN]:46874 - "GET /metrics/ HTTP/1.1" 200 OK
INFO:     127.0.0.1:33158 - "GET /health HTTP/1.1" 200 OK
INFO:     [IP-DISAMARKAN]:46588 - "GET /metrics HTTP/1.1" 307 Temporary Redirect
INFO:     [IP-DISAMARKAN]:46588 - "GET /metrics/ HTTP/1.1" 200 OK
INFO:     [IP-DISAMARKAN]:51724 - "GET /metrics HTTP/1.1" 307 Temporary Redirect
INFO:     [IP-DISAMARKAN]:51724 - "GET /metrics/ HTTP/1.1" 200 OK
INFO:     127.0.0.1:51922 - "GET /health HTTP/1.1" 200 OK
INFO:     [IP-DISAMARKAN]:46052 - "GET /health HTTP/1.1" 200 OK
INFO:     [IP-DISAMARKAN]:57766 - "GET /metrics HTTP/1.1" 307 Temporary Redirect
INFO:     [IP-DISAMARKAN]:57766 - "GET /metrics/ HTTP/1.1" 200 OK
INFO:     [IP-DISAMARKAN]:49792 - "GET /metrics HTTP/1.1" 307 Temporary Redirect
INFO:     [IP-DISAMARKAN]:49792 - "GET /metrics/ HTTP/1.1" 200 OK
INFO:     127.0.0.1:40458 - "GET /health HTTP/1.1" 200 OK
INFO:     [IP-DISAMARKAN]:56720 - "GET /health HTTP/1.1" 200 OK
INFO:     [IP-DISAMARKAN]:35530 - "GET /metrics HTTP/1.1" 307 Temporary Redirect
INFO:     [IP-DISAMARKAN]:35530 - "GET /metrics/ HTTP/1.1" 200 OK
INFO:     [IP-DISAMARKAN]:60052 - "GET /metrics HTTP/1.1" 307 Temporary Redirect
INFO:     [IP-DISAMARKAN]:60052 - "GET /metrics/ HTTP/1.1" 200 OK
INFO:     127.0.0.1:34040 - "GET /health HTTP/1.1" 200 OK
INFO:     [IP-DISAMARKAN]:54132 - "GET /health HTTP/1.1" 200 OK
INFO:     [IP-DISAMARKAN]:46074 - "GET /metrics HTTP/1.1" 307 Temporary Redirect
INFO:     [IP-DISAMARKAN]:46074 - "GET /metrics/ HTTP/1.1" 200 OK
INFO:     Shutting down
INFO:     Waiting for application shutdown.
INFO:     Application shutdown complete.
INFO:     Finished server process [1]
INFO:     Started server process [1]
INFO:     Waiting for application startup.
INFO:     Application startup complete.
INFO:     Uvicorn running on http://0.0.0.0:8002 (Press CTRL+C to quit)
INFO:     127.0.0.1:54112 - "GET /health HTTP/1.1" 503 Service Unavailable
INFO:     [IP-DISAMARKAN]:48822 - "GET /health HTTP/1.1" 503 Service Unavailable
{"time": "2026-06-28T05:46:54", "level": "INFO", "name": "app.models.ocr_model", "msg": "PaddleOCR model loaded: lang=id"}
{"time": "2026-06-28T05:46:54", "level": "INFO", "name": "app.models.ocr_model", "msg": "PaddleOCR model warm-up selesai"}
{"time": "2026-06-28T05:46:54", "level": "INFO", "name": "app.grpc_server", "msg": "OCR gRPC server started on port 50052 (insecure)"}
INFO:     127.0.0.1:54128 - "GET /health HTTP/1.1" 200 OK
INFO:     [IP-DISAMARKAN]:35918 - "GET /metrics HTTP/1.1" 307 Temporary Redirect
INFO:     [IP-DISAMARKAN]:35918 - "GET /metrics/ HTTP/1.1" 200 OK
INFO:     [IP-DISAMARKAN]:51552 - "GET /metrics HTTP/1.1" 307 Temporary Redirect
INFO:     [IP-DISAMARKAN]:51552 - "GET /metrics/ HTTP/1.1" 200 OK
INFO:     127.0.0.1:45474 - "GET /health HTTP/1.1" 200 OK
INFO:     [IP-DISAMARKAN]:44914 - "GET /health HTTP/1.1" 200 OK
INFO:     [IP-DISAMARKAN]:47442 - "GET /metrics HTTP/1.1" 307 Temporary Redirect
INFO:     [IP-DISAMARKAN]:47442 - "GET /metrics/ HTTP/1.1" 200 OK
INFO:     [IP-DISAMARKAN]:54142 - "GET /metrics HTTP/1.1" 307 Temporary Redirect
INFO:     [IP-DISAMARKAN]:54142 - "GET /metrics/ HTTP/1.1" 200 OK
INFO:     127.0.0.1:60052 - "GET /health HTTP/1.1" 200 OK
INFO:     [IP-DISAMARKAN]:48824 - "GET /metrics HTTP/1.1" 307 Temporary Redirect
INFO:     [IP-DISAMARKAN]:48824 - "GET /metrics/ HTTP/1.1" 200 OK
INFO:     [IP-DISAMARKAN]:57690 - "GET /health HTTP/1.1" 200 OK
INFO:     [IP-DISAMARKAN]:42736 - "GET /metrics HTTP/1.1" 307 Temporary Redirect
INFO:     [IP-DISAMARKAN]:42736 - "GET /metrics/ HTTP/1.1" 200 OK
INFO:     127.0.0.1:36942 - "GET /health HTTP/1.1" 200 OK
INFO:     [IP-DISAMARKAN]:54912 - "GET /metrics HTTP/1.1" 307 Temporary Redirect
INFO:     [IP-DISAMARKAN]:54912 - "GET /metrics/ HTTP/1.1" 200 OK
INFO:     [IP-DISAMARKAN]:50388 - "GET /health HTTP/1.1" 200 OK
INFO:     [IP-DISAMARKAN]:51686 - "GET /metrics HTTP/1.1" 307 Temporary Redirect
INFO:     [IP-DISAMARKAN]:51686 - "GET /metrics/ HTTP/1.1" 200 OK
INFO:     127.0.0.1:38976 - "GET /health HTTP/1.1" 200 OK
INFO:     [IP-DISAMARKAN]:47240 - "GET /metrics HTTP/1.1" 307 Temporary Redirect
INFO:     [IP-DISAMARKAN]:47240 - "GET /metrics/ HTTP/1.1" 200 OK
INFO:     [IP-DISAMARKAN]:43320 - "GET /health HTTP/1.1" 200 OK
INFO:     [IP-DISAMARKAN]:52270 - "GET /metrics HTTP/1.1" 307 Temporary Redirect
INFO:     [IP-DISAMARKAN]:52270 - "GET /metrics/ HTTP/1.1" 200 OK
INFO:     127.0.0.1:50088 - "GET /health HTTP/1.1" 200 OK
INFO:     [IP-DISAMARKAN]:33304 - "GET /metrics HTTP/1.1" 307 Temporary Redirect
INFO:     [IP-DISAMARKAN]:33304 - "GET /metrics/ HTTP/1.1" 200 OK
INFO:     [IP-DISAMARKAN]:36842 - "GET /metrics HTTP/1.1" 307 Temporary Redirect
INFO:     [IP-DISAMARKAN]:36842 - "GET /metrics/ HTTP/1.1" 200 OK
INFO:     [IP-DISAMARKAN]:51818 - "GET /health HTTP/1.1" 200 OK
INFO:     127.0.0.1:52818 - "GET /health HTTP/1.1" 200 OK
INFO:     [IP-DISAMARKAN]:45942 - "GET /metrics HTTP/1.1" 307 Temporary Redirect
INFO:     [IP-DISAMARKAN]:45942 - "GET /metrics/ HTTP/1.1" 200 OK
INFO:     [IP-DISAMARKAN]:46594 - "GET /metrics HTTP/1.1" 307 Temporary Redirect
INFO:     [IP-DISAMARKAN]:46594 - "GET /metrics/ HTTP/1.1" 200 OK
INFO:     [IP-DISAMARKAN]:50436 - "GET /health HTTP/1.1" 200 OK
INFO:     127.0.0.1:59470 - "GET /health HTTP/1.1" 200 OK
INFO:     [IP-DISAMARKAN]:58246 - "GET /metrics HTTP/1.1" 307 Temporary Redirect
INFO:     [IP-DISAMARKAN]:58246 - "GET /metrics/ HTTP/1.1" 200 OK
INFO:     [IP-DISAMARKAN]:40364 - "GET /metrics HTTP/1.1" 307 Temporary Redirect
INFO:     [IP-DISAMARKAN]:40364 - "GET /metrics/ HTTP/1.1" 200 OK
INFO:     [IP-DISAMARKAN]:57694 - "GET /health HTTP/1.1" 200 OK
INFO:     127.0.0.1:48698 - "GET /health HTTP/1.1" 200 OK
INFO:     [IP-DISAMARKAN]:43808 - "GET /metrics HTTP/1.1" 307 Temporary Redirect
INFO:     [IP-DISAMARKAN]:43808 - "GET /metrics/ HTTP/1.1" 200 OK
INFO:     [IP-DISAMARKAN]:60700 - "GET /metrics HTTP/1.1" 307 Temporary Redirect
INFO:     [IP-DISAMARKAN]:60700 - "GET /metrics/ HTTP/1.1" 200 OK
INFO:     [IP-DISAMARKAN]:44830 - "GET /health HTTP/1.1" 200 OK
INFO:     127.0.0.1:41388 - "GET /health HTTP/1.1" 200 OK
INFO:     [IP-DISAMARKAN]:43784 - "GET /metrics HTTP/1.1" 307 Temporary Redirect
INFO:     [IP-DISAMARKAN]:43784 - "GET /metrics/ HTTP/1.1" 200 OK
INFO:     [IP-DISAMARKAN]:33412 - "GET /metrics HTTP/1.1" 307 Temporary Redirect
INFO:     [IP-DISAMARKAN]:33412 - "GET /metrics/ HTTP/1.1" 200 OK
INFO:     [IP-DISAMARKAN]:35208 - "GET /health HTTP/1.1" 200 OK
INFO:     127.0.0.1:60552 - "GET /health HTTP/1.1" 200 OK
INFO:     [IP-DISAMARKAN]:37720 - "GET /metrics HTTP/1.1" 307 Temporary Redirect
INFO:     [IP-DISAMARKAN]:37720 - "GET /metrics/ HTTP/1.1" 200 OK
INFO:     [IP-DISAMARKAN]:41438 - "GET /metrics HTTP/1.1" 307 Temporary Redirect
INFO:     [IP-DISAMARKAN]:41438 - "GET /metrics/ HTTP/1.1" 200 OK
INFO:     [IP-DISAMARKAN]:37730 - "GET /health HTTP/1.1" 200 OK
INFO:     127.0.0.1:39704 - "GET /health HTTP/1.1" 200 OK
INFO:     [IP-DISAMARKAN]:57080 - "GET /metrics HTTP/1.1" 307 Temporary Redirect
INFO:     [IP-DISAMARKAN]:57080 - "GET /metrics/ HTTP/1.1" 200 OK
INFO:     [IP-DISAMARKAN]:52018 - "GET /metrics HTTP/1.1" 307 Temporary Redirect
INFO:     [IP-DISAMARKAN]:52018 - "GET /metrics/ HTTP/1.1" 200 OK
INFO:     [IP-DISAMARKAN]:40526 - "GET /health HTTP/1.1" 200 OK
INFO:     127.0.0.1:54630 - "GET /health HTTP/1.1" 200 OK
INFO:     [IP-DISAMARKAN]:60446 - "GET /metrics HTTP/1.1" 307 Temporary Redirect
INFO:     [IP-DISAMARKAN]:60446 - "GET /metrics/ HTTP/1.1" 200 OK
INFO:     [IP-DISAMARKAN]:55888 - "GET /metrics HTTP/1.1" 307 Temporary Redirect
INFO:     [IP-DISAMARKAN]:55888 - "GET /metrics/ HTTP/1.1" 200 OK
INFO:     [IP-DISAMARKAN]:57372 - "GET /health HTTP/1.1" 200 OK
INFO:     127.0.0.1:58442 - "GET /health HTTP/1.1" 200 OK
INFO:     [IP-DISAMARKAN]:46528 - "GET /metrics HTTP/1.1" 307 Temporary Redirect
INFO:     [IP-DISAMARKAN]:46528 - "GET /metrics/ HTTP/1.1" 200 OK
INFO:     [IP-DISAMARKAN]:34500 - "GET /metrics HTTP/1.1" 307 Temporary Redirect
INFO:     [IP-DISAMARKAN]:34500 - "GET /metrics/ HTTP/1.1" 200 OK
INFO:     [IP-DISAMARKAN]:50156 - "GET /health HTTP/1.1" 200 OK
INFO:     127.0.0.1:34414 - "GET /health HTTP/1.1" 200 OK
INFO:     [IP-DISAMARKAN]:56700 - "GET /metrics HTTP/1.1" 307 Temporary Redirect
INFO:     [IP-DISAMARKAN]:56700 - "GET /metrics/ HTTP/1.1" 200 OK
INFO:     [IP-DISAMARKAN]:33600 - "GET /metrics HTTP/1.1" 307 Temporary Redirect
INFO:     [IP-DISAMARKAN]:33600 - "GET /metrics/ HTTP/1.1" 200 OK
INFO:     [IP-DISAMARKAN]:58350 - "GET /health HTTP/1.1" 200 OK
INFO:     127.0.0.1:37926 - "GET /health HTTP/1.1" 200 OK
INFO:     [IP-DISAMARKAN]:53972 - "GET /metrics HTTP/1.1" 307 Temporary Redirect
INFO:     [IP-DISAMARKAN]:53972 - "GET /metrics/ HTTP/1.1" 200 OK
INFO:     [IP-DISAMARKAN]:54204 - "GET /metrics HTTP/1.1" 307 Temporary Redirect
INFO:     [IP-DISAMARKAN]:54204 - "GET /metrics/ HTTP/1.1" 200 OK
INFO:     [IP-DISAMARKAN]:43466 - "GET /health HTTP/1.1" 200 OK
INFO:     127.0.0.1:33002 - "GET /health HTTP/1.1" 200 OK
INFO:     [IP-DISAMARKAN]:52042 - "GET /metrics HTTP/1.1" 307 Temporary Redirect
INFO:     [IP-DISAMARKAN]:52042 - "GET /metrics/ HTTP/1.1" 200 OK
INFO:     [IP-DISAMARKAN]:33468 - "GET /metrics HTTP/1.1" 307 Temporary Redirect
INFO:     [IP-DISAMARKAN]:33468 - "GET /metrics/ HTTP/1.1" 200 OK
INFO:     [IP-DISAMARKAN]:47818 - "GET /health HTTP/1.1" 200 OK
INFO:     127.0.0.1:40492 - "GET /health HTTP/1.1" 200 OK
INFO:     [IP-DISAMARKAN]:58704 - "GET /metrics HTTP/1.1" 307 Temporary Redirect
INFO:     [IP-DISAMARKAN]:58704 - "GET /metrics/ HTTP/1.1" 200 OK
INFO:     [IP-DISAMARKAN]:49756 - "GET /metrics HTTP/1.1" 307 Temporary Redirect
INFO:     [IP-DISAMARKAN]:49756 - "GET /metrics/ HTTP/1.1" 200 OK
INFO:     [IP-DISAMARKAN]:37110 - "GET /health HTTP/1.1" 200 OK
INFO:     127.0.0.1:51138 - "GET /health HTTP/1.1" 200 OK
INFO:     [IP-DISAMARKAN]:44846 - "GET /metrics HTTP/1.1" 307 Temporary Redirect
INFO:     [IP-DISAMARKAN]:44846 - "GET /metrics/ HTTP/1.1" 200 OK
INFO:     [IP-DISAMARKAN]:48860 - "GET /metrics HTTP/1.1" 307 Temporary Redirect
INFO:     [IP-DISAMARKAN]:48860 - "GET /metrics/ HTTP/1.1" 200 OK
INFO:     [IP-DISAMARKAN]:50732 - "GET /health HTTP/1.1" 200 OK
INFO:     127.0.0.1:55278 - "GET /health HTTP/1.1" 200 OK
INFO:     [IP-DISAMARKAN]:43204 - "GET /metrics HTTP/1.1" 307 Temporary Redirect
INFO:     [IP-DISAMARKAN]:43204 - "GET /metrics/ HTTP/1.1" 200 OK
INFO:     [IP-DISAMARKAN]:46206 - "GET /metrics HTTP/1.1" 307 Temporary Redirect
INFO:     [IP-DISAMARKAN]:46206 - "GET /metrics/ HTTP/1.1" 200 OK
INFO:     [IP-DISAMARKAN]:50178 - "GET /health HTTP/1.1" 200 OK
INFO:     127.0.0.1:46958 - "GET /health HTTP/1.1" 200 OK
INFO:     [IP-DISAMARKAN]:57206 - "GET /metrics HTTP/1.1" 307 Temporary Redirect
INFO:     [IP-DISAMARKAN]:57206 - "GET /metrics/ HTTP/1.1" 200 OK
INFO:     [IP-DISAMARKAN]:57782 - "GET /metrics HTTP/1.1" 307 Temporary Redirect
INFO:     [IP-DISAMARKAN]:57782 - "GET /metrics/ HTTP/1.1" 200 OK
INFO:     [IP-DISAMARKAN]:37168 - "GET /health HTTP/1.1" 200 OK
INFO:     127.0.0.1:52510 - "GET /health HTTP/1.1" 200 OK
INFO:     [IP-DISAMARKAN]:35452 - "GET /metrics HTTP/1.1" 307 Temporary Redirect
INFO:     [IP-DISAMARKAN]:35452 - "GET /metrics/ HTTP/1.1" 200 OK
INFO:     [IP-DISAMARKAN]:48242 - "GET /metrics HTTP/1.1" 307 Temporary Redirect
INFO:     [IP-DISAMARKAN]:48242 - "GET /metrics/ HTTP/1.1" 200 OK
INFO:     [IP-DISAMARKAN]:42364 - "GET /health HTTP/1.1" 200 OK
INFO:     127.0.0.1:47762 - "GET /health HTTP/1.1" 200 OK
INFO:     [IP-DISAMARKAN]:51806 - "GET /metrics HTTP/1.1" 307 Temporary Redirect
INFO:     [IP-DISAMARKAN]:51806 - "GET /metrics/ HTTP/1.1" 200 OK
INFO:     [IP-DISAMARKAN]:50600 - "GET /metrics HTTP/1.1" 307 Temporary Redirect
INFO:     [IP-DISAMARKAN]:50600 - "GET /metrics/ HTTP/1.1" 200 OK
INFO:     [IP-DISAMARKAN]:55042 - "GET /health HTTP/1.1" 200 OK
INFO:     127.0.0.1:56224 - "GET /health HTTP/1.1" 200 OK
INFO:     [IP-DISAMARKAN]:43114 - "GET /metrics HTTP/1.1" 307 Temporary Redirect
INFO:     [IP-DISAMARKAN]:43114 - "GET /metrics/ HTTP/1.1" 200 OK
INFO:     [IP-DISAMARKAN]:54100 - "GET /metrics HTTP/1.1" 307 Temporary Redirect
INFO:     [IP-DISAMARKAN]:54100 - "GET /metrics/ HTTP/1.1" 200 OK
INFO:     [IP-DISAMARKAN]:40272 - "GET /health HTTP/1.1" 200 OK
INFO:     127.0.0.1:32816 - "GET /health HTTP/1.1" 200 OK
INFO:     [IP-DISAMARKAN]:59290 - "GET /metrics HTTP/1.1" 307 Temporary Redirect
INFO:     [IP-DISAMARKAN]:59290 - "GET /metrics/ HTTP/1.1" 200 OK
INFO:     [IP-DISAMARKAN]:40182 - "GET /metrics HTTP/1.1" 307 Temporary Redirect
INFO:     [IP-DISAMARKAN]:40182 - "GET /metrics/ HTTP/1.1" 200 OK
INFO:     [IP-DISAMARKAN]:40114 - "GET /health HTTP/1.1" 200 OK
INFO:     127.0.0.1:32850 - "GET /health HTTP/1.1" 200 OK
INFO:     [IP-DISAMARKAN]:53754 - "GET /metrics HTTP/1.1" 307 Temporary Redirect
INFO:     [IP-DISAMARKAN]:53754 - "GET /metrics/ HTTP/1.1" 200 OK
INFO:     [IP-DISAMARKAN]:56360 - "GET /metrics HTTP/1.1" 307 Temporary Redirect
INFO:     [IP-DISAMARKAN]:56360 - "GET /metrics/ HTTP/1.1" 200 OK
INFO:     [IP-DISAMARKAN]:33254 - "GET /health HTTP/1.1" 200 OK
INFO:     127.0.0.1:50144 - "GET /health HTTP/1.1" 200 OK
INFO:     [IP-DISAMARKAN]:33612 - "GET /metrics HTTP/1.1" 307 Temporary Redirect
INFO:     [IP-DISAMARKAN]:33612 - "GET /metrics/ HTTP/1.1" 200 OK
INFO:     [IP-DISAMARKAN]:50910 - "GET /metrics HTTP/1.1" 307 Temporary Redirect
INFO:     [IP-DISAMARKAN]:50910 - "GET /metrics/ HTTP/1.1" 200 OK
INFO:     127.0.0.1:38784 - "GET /health HTTP/1.1" 200 OK
INFO:     [IP-DISAMARKAN]:56796 - "GET /metrics HTTP/1.1" 307 Temporary Redirect
INFO:     [IP-DISAMARKAN]:56796 - "GET /metrics/ HTTP/1.1" 200 OK
INFO:     [IP-DISAMARKAN]:33716 - "GET /health HTTP/1.1" 200 OK
INFO:     [IP-DISAMARKAN]:58288 - "GET /metrics HTTP/1.1" 307 Temporary Redirect
INFO:     [IP-DISAMARKAN]:58288 - "GET /metrics/ HTTP/1.1" 200 OK
INFO:     127.0.0.1:36784 - "GET /health HTTP/1.1" 200 OK
INFO:     [IP-DISAMARKAN]:35714 - "GET /metrics HTTP/1.1" 307 Temporary Redirect
INFO:     [IP-DISAMARKAN]:35714 - "GET /metrics/ HTTP/1.1" 200 OK
INFO:     [IP-DISAMARKAN]:60946 - "GET /health HTTP/1.1" 200 OK
INFO:     [IP-DISAMARKAN]:44696 - "GET /metrics HTTP/1.1" 307 Temporary Redirect
INFO:     [IP-DISAMARKAN]:44696 - "GET /metrics/ HTTP/1.1" 200 OK
INFO:     127.0.0.1:44492 - "GET /health HTTP/1.1" 200 OK
INFO:     [IP-DISAMARKAN]:55532 - "GET /metrics HTTP/1.1" 307 Temporary Redirect
INFO:     [IP-DISAMARKAN]:55532 - "GET /metrics/ HTTP/1.1" 200 OK
INFO:     [IP-DISAMARKAN]:49926 - "GET /health HTTP/1.1" 200 OK
INFO:     [IP-DISAMARKAN]:40350 - "GET /metrics HTTP/1.1" 307 Temporary Redirect
INFO:     [IP-DISAMARKAN]:40350 - "GET /metrics/ HTTP/1.1" 200 OK
INFO:     Shutting down
INFO:     Waiting for application shutdown.
INFO:     Application shutdown complete.
INFO:     Finished server process [1]
INFO:     Started server process [1]
INFO:     Waiting for application startup.
INFO:     Application startup complete.
INFO:     Uvicorn running on http://0.0.0.0:8002 (Press CTRL+C to quit)
INFO:     127.0.0.1:50992 - "GET /health HTTP/1.1" 503 Service Unavailable
{"time": "2026-06-28T06:04:37", "level": "INFO", "name": "app.models.ocr_model", "msg": "PaddleOCR model loaded: lang=id"}
{"time": "2026-06-28T06:04:37", "level": "INFO", "name": "app.models.ocr_model", "msg": "PaddleOCR model warm-up selesai"}
{"time": "2026-06-28T06:04:37", "level": "INFO", "name": "app.grpc_server", "msg": "OCR gRPC server started on port 50052 (insecure)"}
INFO:     [IP-DISAMARKAN]:58070 - "GET /health HTTP/1.1" 200 OK
INFO:     127.0.0.1:51006 - "GET /health HTTP/1.1" 200 OK
INFO:     [IP-DISAMARKAN]:42354 - "GET /metrics HTTP/1.1" 307 Temporary Redirect
INFO:     [IP-DISAMARKAN]:42354 - "GET /metrics/ HTTP/1.1" 200 OK
INFO:     [IP-DISAMARKAN]:41356 - "GET /metrics HTTP/1.1" 307 Temporary Redirect
INFO:     [IP-DISAMARKAN]:41356 - "GET /metrics/ HTTP/1.1" 200 OK
INFO:     127.0.0.1:45938 - "GET /health HTTP/1.1" 200 OK
INFO:     [IP-DISAMARKAN]:34674 - "GET /health HTTP/1.1" 200 OK
INFO:     [IP-DISAMARKAN]:60676 - "GET /metrics HTTP/1.1" 307 Temporary Redirect
INFO:     [IP-DISAMARKAN]:60676 - "GET /metrics/ HTTP/1.1" 200 OK
INFO:     [IP-DISAMARKAN]:34192 - "GET /metrics HTTP/1.1" 307 Temporary Redirect
INFO:     [IP-DISAMARKAN]:34192 - "GET /metrics/ HTTP/1.1" 200 OK
INFO:     127.0.0.1:49040 - "GET /health HTTP/1.1" 200 OK
INFO:     [IP-DISAMARKAN]:59768 - "GET /metrics HTTP/1.1" 307 Temporary Redirect
INFO:     [IP-DISAMARKAN]:59768 - "GET /metrics/ HTTP/1.1" 200 OK
INFO:     [IP-DISAMARKAN]:46396 - "GET /health HTTP/1.1" 200 OK
INFO:     [IP-DISAMARKAN]:37722 - "GET /metrics HTTP/1.1" 307 Temporary Redirect
INFO:     [IP-DISAMARKAN]:37722 - "GET /metrics/ HTTP/1.1" 200 OK
INFO:     127.0.0.1:33104 - "GET /health HTTP/1.1" 200 OK
INFO:     [IP-DISAMARKAN]:57532 - "GET /metrics HTTP/1.1" 307 Temporary Redirect
INFO:     [IP-DISAMARKAN]:57532 - "GET /metrics/ HTTP/1.1" 200 OK
INFO:     [IP-DISAMARKAN]:43436 - "GET /health HTTP/1.1" 200 OK
INFO:     [IP-DISAMARKAN]:57886 - "GET /metrics HTTP/1.1" 307 Temporary Redirect
INFO:     [IP-DISAMARKAN]:57886 - "GET /metrics/ HTTP/1.1" 200 OK
INFO:     127.0.0.1:38932 - "GET /health HTTP/1.1" 200 OK
INFO:     [IP-DISAMARKAN]:48346 - "GET /metrics HTTP/1.1" 307 Temporary Redirect
INFO:     [IP-DISAMARKAN]:48346 - "GET /metrics/ HTTP/1.1" 200 OK
INFO:     [IP-DISAMARKAN]:57624 - "GET /health HTTP/1.1" 200 OK
INFO:     [IP-DISAMARKAN]:50252 - "GET /metrics HTTP/1.1" 307 Temporary Redirect
INFO:     [IP-DISAMARKAN]:50252 - "GET /metrics/ HTTP/1.1" 200 OK
INFO:     127.0.0.1:33604 - "GET /health HTTP/1.1" 200 OK
INFO:     [IP-DISAMARKAN]:37328 - "GET /metrics HTTP/1.1" 307 Temporary Redirect
INFO:     [IP-DISAMARKAN]:37328 - "GET /metrics/ HTTP/1.1" 200 OK
INFO:     [IP-DISAMARKAN]:42778 - "GET /metrics HTTP/1.1" 307 Temporary Redirect
INFO:     [IP-DISAMARKAN]:42778 - "GET /metrics/ HTTP/1.1" 200 OK
INFO:     [IP-DISAMARKAN]:49604 - "GET /health HTTP/1.1" 200 OK
INFO:     127.0.0.1:33694 - "GET /health HTTP/1.1" 200 OK
INFO:     [IP-DISAMARKAN]:50016 - "GET /metrics HTTP/1.1" 307 Temporary Redirect
INFO:     [IP-DISAMARKAN]:50016 - "GET /metrics/ HTTP/1.1" 200 OK
INFO:     [IP-DISAMARKAN]:37304 - "GET /metrics HTTP/1.1" 307 Temporary Redirect
INFO:     [IP-DISAMARKAN]:37304 - "GET /metrics/ HTTP/1.1" 200 OK
INFO:     [IP-DISAMARKAN]:49320 - "GET /health HTTP/1.1" 200 OK
INFO:     127.0.0.1:37684 - "GET /health HTTP/1.1" 200 OK
INFO:     [IP-DISAMARKAN]:59126 - "GET /metrics HTTP/1.1" 307 Temporary Redirect
INFO:     [IP-DISAMARKAN]:59126 - "GET /metrics/ HTTP/1.1" 200 OK
INFO:     [IP-DISAMARKAN]:46976 - "GET /metrics HTTP/1.1" 307 Temporary Redirect
INFO:     [IP-DISAMARKAN]:46976 - "GET /metrics/ HTTP/1.1" 200 OK
INFO:     [IP-DISAMARKAN]:52194 - "GET /health HTTP/1.1" 200 OK
INFO:     127.0.0.1:35036 - "GET /health HTTP/1.1" 200 OK
INFO:     [IP-DISAMARKAN]:54584 - "GET /metrics HTTP/1.1" 307 Temporary Redirect
INFO:     [IP-DISAMARKAN]:54584 - "GET /metrics/ HTTP/1.1" 200 OK
INFO:     [IP-DISAMARKAN]:58014 - "GET /metrics HTTP/1.1" 307 Temporary Redirect
INFO:     [IP-DISAMARKAN]:58014 - "GET /metrics/ HTTP/1.1" 200 OK
INFO:     [IP-DISAMARKAN]:60558 - "GET /health HTTP/1.1" 200 OK
INFO:     127.0.0.1:36452 - "GET /health HTTP/1.1" 200 OK
INFO:     [IP-DISAMARKAN]:44820 - "GET /metrics HTTP/1.1" 307 Temporary Redirect
INFO:     [IP-DISAMARKAN]:44820 - "GET /metrics/ HTTP/1.1" 200 OK
INFO:     [IP-DISAMARKAN]:50554 - "GET /metrics HTTP/1.1" 307 Temporary Redirect
INFO:     [IP-DISAMARKAN]:50554 - "GET /metrics/ HTTP/1.1" 200 OK
INFO:     [IP-DISAMARKAN]:58850 - "GET /health HTTP/1.1" 200 OK
INFO:     127.0.0.1:44238 - "GET /health HTTP/1.1" 200 OK
INFO:     [IP-DISAMARKAN]:51828 - "GET /metrics HTTP/1.1" 307 Temporary Redirect
INFO:     [IP-DISAMARKAN]:51828 - "GET /metrics/ HTTP/1.1" 200 OK
INFO:     [IP-DISAMARKAN]:52150 - "GET /metrics HTTP/1.1" 307 Temporary Redirect
INFO:     [IP-DISAMARKAN]:52150 - "GET /metrics/ HTTP/1.1" 200 OK
INFO:     [IP-DISAMARKAN]:43616 - "GET /health HTTP/1.1" 200 OK
INFO:     127.0.0.1:37912 - "GET /health HTTP/1.1" 200 OK
INFO:     [IP-DISAMARKAN]:42756 - "GET /metrics HTTP/1.1" 307 Temporary Redirect
INFO:     [IP-DISAMARKAN]:42756 - "GET /metrics/ HTTP/1.1" 200 OK
INFO:     [IP-DISAMARKAN]:34480 - "GET /metrics HTTP/1.1" 307 Temporary Redirect
INFO:     [IP-DISAMARKAN]:34480 - "GET /metrics/ HTTP/1.1" 200 OK
INFO:     [IP-DISAMARKAN]:38678 - "GET /health HTTP/1.1" 200 OK
INFO:     127.0.0.1:35250 - "GET /health HTTP/1.1" 200 OK
INFO:     [IP-DISAMARKAN]:37562 - "GET /metrics HTTP/1.1" 307 Temporary Redirect
INFO:     [IP-DISAMARKAN]:37562 - "GET /metrics/ HTTP/1.1" 200 OK
INFO:     [IP-DISAMARKAN]:45446 - "GET /metrics HTTP/1.1" 307 Temporary Redirect
INFO:     [IP-DISAMARKAN]:45446 - "GET /metrics/ HTTP/1.1" 200 OK
INFO:     [IP-DISAMARKAN]:43850 - "GET /health HTTP/1.1" 200 OK
INFO:     127.0.0.1:52772 - "GET /health HTTP/1.1" 200 OK
INFO:     [IP-DISAMARKAN]:48696 - "GET /metrics HTTP/1.1" 307 Temporary Redirect
INFO:     [IP-DISAMARKAN]:48696 - "GET /metrics/ HTTP/1.1" 200 OK
INFO:     [IP-DISAMARKAN]:46428 - "GET /metrics HTTP/1.1" 307 Temporary Redirect
INFO:     [IP-DISAMARKAN]:46428 - "GET /metrics/ HTTP/1.1" 200 OK
INFO:     [IP-DISAMARKAN]:42004 - "GET /health HTTP/1.1" 200 OK
INFO:     127.0.0.1:43872 - "GET /health HTTP/1.1" 200 OK
INFO:     [IP-DISAMARKAN]:52188 - "GET /metrics HTTP/1.1" 307 Temporary Redirect
INFO:     [IP-DISAMARKAN]:52188 - "GET /metrics/ HTTP/1.1" 200 OK
INFO:     [IP-DISAMARKAN]:50628 - "GET /metrics HTTP/1.1" 307 Temporary Redirect
INFO:     [IP-DISAMARKAN]:50628 - "GET /metrics/ HTTP/1.1" 200 OK
INFO:     [IP-DISAMARKAN]:56688 - "GET /health HTTP/1.1" 200 OK
INFO:     127.0.0.1:47340 - "GET /health HTTP/1.1" 200 OK
INFO:     [IP-DISAMARKAN]:37240 - "GET /metrics HTTP/1.1" 307 Temporary Redirect
INFO:     [IP-DISAMARKAN]:37240 - "GET /metrics/ HTTP/1.1" 200 OK
INFO:     [IP-DISAMARKAN]:41946 - "GET /metrics HTTP/1.1" 307 Temporary Redirect
INFO:     [IP-DISAMARKAN]:41946 - "GET /metrics/ HTTP/1.1" 200 OK
INFO:     [IP-DISAMARKAN]:57066 - "GET /health HTTP/1.1" 200 OK
INFO:     127.0.0.1:34486 - "GET /health HTTP/1.1" 200 OK
INFO:     [IP-DISAMARKAN]:34308 - "GET /metrics HTTP/1.1" 307 Temporary Redirect
INFO:     [IP-DISAMARKAN]:34308 - "GET /metrics/ HTTP/1.1" 200 OK
INFO:     [IP-DISAMARKAN]:49526 - "GET /metrics HTTP/1.1" 307 Temporary Redirect
INFO:     [IP-DISAMARKAN]:49526 - "GET /metrics/ HTTP/1.1" 200 OK
INFO:     [IP-DISAMARKAN]:48194 - "GET /health HTTP/1.1" 200 OK
INFO:     127.0.0.1:34532 - "GET /health HTTP/1.1" 200 OK
INFO:     [IP-DISAMARKAN]:55046 - "GET /metrics HTTP/1.1" 307 Temporary Redirect
INFO:     [IP-DISAMARKAN]:55046 - "GET /metrics/ HTTP/1.1" 200 OK
INFO:     [IP-DISAMARKAN]:39676 - "GET /metrics HTTP/1.1" 307 Temporary Redirect
INFO:     [IP-DISAMARKAN]:39676 - "GET /metrics/ HTTP/1.1" 200 OK
INFO:     [IP-DISAMARKAN]:48200 - "GET /health HTTP/1.1" 200 OK
INFO:     127.0.0.1:48740 - "GET /health HTTP/1.1" 200 OK
INFO:     [IP-DISAMARKAN]:36846 - "GET /metrics HTTP/1.1" 307 Temporary Redirect
INFO:     [IP-DISAMARKAN]:36846 - "GET /metrics/ HTTP/1.1" 200 OK
INFO:     [IP-DISAMARKAN]:37166 - "GET /metrics HTTP/1.1" 307 Temporary Redirect
INFO:     [IP-DISAMARKAN]:37166 - "GET /metrics/ HTTP/1.1" 200 OK
INFO:     [IP-DISAMARKAN]:41794 - "GET /health HTTP/1.1" 200 OK
INFO:     127.0.0.1:55780 - "GET /health HTTP/1.1" 200 OK
INFO:     [IP-DISAMARKAN]:57690 - "GET /metrics HTTP/1.1" 307 Temporary Redirect
INFO:     [IP-DISAMARKAN]:57690 - "GET /metrics/ HTTP/1.1" 200 OK
INFO:     [IP-DISAMARKAN]:45612 - "GET /metrics HTTP/1.1" 307 Temporary Redirect
INFO:     [IP-DISAMARKAN]:45612 - "GET /metrics/ HTTP/1.1" 200 OK
INFO:     [IP-DISAMARKAN]:50768 - "GET /health HTTP/1.1" 200 OK
INFO:     127.0.0.1:54656 - "GET /health HTTP/1.1" 200 OK
INFO:     [IP-DISAMARKAN]:42660 - "GET /metrics HTTP/1.1" 307 Temporary Redirect
INFO:     [IP-DISAMARKAN]:42660 - "GET /metrics/ HTTP/1.1" 200 OK
INFO:     [IP-DISAMARKAN]:32988 - "GET /metrics HTTP/1.1" 307 Temporary Redirect
INFO:     [IP-DISAMARKAN]:32988 - "GET /metrics/ HTTP/1.1" 200 OK
INFO:     [IP-DISAMARKAN]:33294 - "GET /health HTTP/1.1" 200 OK
INFO:     127.0.0.1:48368 - "GET /health HTTP/1.1" 200 OK
INFO:     [IP-DISAMARKAN]:56046 - "GET /metrics HTTP/1.1" 307 Temporary Redirect
INFO:     [IP-DISAMARKAN]:56046 - "GET /metrics/ HTTP/1.1" 200 OK
INFO:     [IP-DISAMARKAN]:38796 - "GET /metrics HTTP/1.1" 307 Temporary Redirect
INFO:     [IP-DISAMARKAN]:38796 - "GET /metrics/ HTTP/1.1" 200 OK
INFO:     [IP-DISAMARKAN]:45584 - "GET /health HTTP/1.1" 200 OK
INFO:     127.0.0.1:50780 - "GET /health HTTP/1.1" 200 OK
INFO:     [IP-DISAMARKAN]:56662 - "GET /metrics HTTP/1.1" 307 Temporary Redirect
INFO:     [IP-DISAMARKAN]:56662 - "GET /metrics/ HTTP/1.1" 200 OK
INFO:     [IP-DISAMARKAN]:58984 - "GET /metrics HTTP/1.1" 307 Temporary Redirect
INFO:     [IP-DISAMARKAN]:58984 - "GET /metrics/ HTTP/1.1" 200 OK
INFO:     [IP-DISAMARKAN]:42054 - "GET /health HTTP/1.1" 200 OK
INFO:     127.0.0.1:59032 - "GET /health HTTP/1.1" 200 OK
INFO:     [IP-DISAMARKAN]:59640 - "GET /metrics HTTP/1.1" 307 Temporary Redirect
INFO:     [IP-DISAMARKAN]:59640 - "GET /metrics/ HTTP/1.1" 200 OK
INFO:     [IP-DISAMARKAN]:51128 - "GET /metrics HTTP/1.1" 307 Temporary Redirect
INFO:     [IP-DISAMARKAN]:51128 - "GET /metrics/ HTTP/1.1" 200 OK
INFO:     [IP-DISAMARKAN]:57074 - "GET /health HTTP/1.1" 200 OK
INFO:     127.0.0.1:59562 - "GET /health HTTP/1.1" 200 OK
INFO:     [IP-DISAMARKAN]:33628 - "GET /metrics HTTP/1.1" 307 Temporary Redirect
INFO:     [IP-DISAMARKAN]:33628 - "GET /metrics/ HTTP/1.1" 200 OK
INFO:     [IP-DISAMARKAN]:44624 - "GET /metrics HTTP/1.1" 307 Temporary Redirect
INFO:     [IP-DISAMARKAN]:44624 - "GET /metrics/ HTTP/1.1" 200 OK
INFO:     [IP-DISAMARKAN]:34164 - "GET /health HTTP/1.1" 200 OK
INFO:     127.0.0.1:53032 - "GET /health HTTP/1.1" 200 OK
INFO:     [IP-DISAMARKAN]:54174 - "GET /metrics HTTP/1.1" 307 Temporary Redirect
INFO:     [IP-DISAMARKAN]:54174 - "GET /metrics/ HTTP/1.1" 200 OK
INFO:     [IP-DISAMARKAN]:55066 - "GET /metrics HTTP/1.1" 307 Temporary Redirect
INFO:     [IP-DISAMARKAN]:55066 - "GET /metrics/ HTTP/1.1" 200 OK
INFO:     127.0.0.1:58950 - "GET /health HTTP/1.1" 200 OK
INFO:     [IP-DISAMARKAN]:57086 - "GET /health HTTP/1.1" 200 OK
INFO:     [IP-DISAMARKAN]:36064 - "GET /metrics HTTP/1.1" 307 Temporary Redirect
INFO:     [IP-DISAMARKAN]:36064 - "GET /metrics/ HTTP/1.1" 200 OK
INFO:     [IP-DISAMARKAN]:56330 - "GET /metrics HTTP/1.1" 307 Temporary Redirect
INFO:     [IP-DISAMARKAN]:56330 - "GET /metrics/ HTTP/1.1" 200 OK
INFO:     127.0.0.1:33704 - "GET /health HTTP/1.1" 200 OK
INFO:     [IP-DISAMARKAN]:45550 - "GET /metrics HTTP/1.1" 307 Temporary Redirect
INFO:     [IP-DISAMARKAN]:45550 - "GET /metrics/ HTTP/1.1" 200 OK
INFO:     [IP-DISAMARKAN]:44214 - "GET /health HTTP/1.1" 200 OK
INFO:     [IP-DISAMARKAN]:37282 - "GET /metrics HTTP/1.1" 307 Temporary Redirect
INFO:     [IP-DISAMARKAN]:37282 - "GET /metrics/ HTTP/1.1" 200 OK
INFO:     127.0.0.1:53172 - "GET /health HTTP/1.1" 200 OK
INFO:     [IP-DISAMARKAN]:53242 - "GET /metrics HTTP/1.1" 307 Temporary Redirect
INFO:     [IP-DISAMARKAN]:53242 - "GET /metrics/ HTTP/1.1" 200 OK
INFO:     [IP-DISAMARKAN]:55934 - "GET /health HTTP/1.1" 200 OK
INFO:     [IP-DISAMARKAN]:42162 - "GET /metrics HTTP/1.1" 307 Temporary Redirect
INFO:     [IP-DISAMARKAN]:42162 - "GET /metrics/ HTTP/1.1" 200 OK
INFO:     127.0.0.1:37510 - "GET /health HTTP/1.1" 200 OK
INFO:     [IP-DISAMARKAN]:53094 - "GET /metrics HTTP/1.1" 307 Temporary Redirect
INFO:     [IP-DISAMARKAN]:53094 - "GET /metrics/ HTTP/1.1" 200 OK
INFO:     [IP-DISAMARKAN]:57088 - "GET /health HTTP/1.1" 200 OK
INFO:     [IP-DISAMARKAN]:60542 - "GET /metrics HTTP/1.1" 307 Temporary Redirect
INFO:     [IP-DISAMARKAN]:60542 - "GET /metrics/ HTTP/1.1" 200 OK
INFO:     Shutting down
INFO:     Waiting for application shutdown.
INFO:     Application shutdown complete.
INFO:     Finished server process [1]
INFO:     Started server process [1]
INFO:     Waiting for application startup.
INFO:     Application startup complete.
INFO:     Uvicorn running on http://0.0.0.0:8002 (Press CTRL+C to quit)
INFO:     127.0.0.1:59152 - "GET /health HTTP/1.1" 503 Service Unavailable
{"time": "2026-06-28T06:22:15", "level": "INFO", "name": "app.models.ocr_model", "msg": "PaddleOCR model loaded: lang=id"}
{"time": "2026-06-28T06:22:15", "level": "INFO", "name": "app.models.ocr_model", "msg": "PaddleOCR model warm-up selesai"}
{"time": "2026-06-28T06:22:15", "level": "INFO", "name": "app.grpc_server", "msg": "OCR gRPC server started on port 50052 (insecure)"}
INFO:     [IP-DISAMARKAN]:48704 - "GET /metrics HTTP/1.1" 307 Temporary Redirect
INFO:     [IP-DISAMARKAN]:48704 - "GET /metrics/ HTTP/1.1" 200 OK
INFO:     127.0.0.1:59168 - "GET /health HTTP/1.1" 200 OK
INFO:     [IP-DISAMARKAN]:49106 - "GET /health HTTP/1.1" 200 OK
INFO:     [IP-DISAMARKAN]:38480 - "GET /metrics HTTP/1.1" 307 Temporary Redirect
INFO:     [IP-DISAMARKAN]:38480 - "GET /metrics/ HTTP/1.1" 200 OK
INFO:     [IP-DISAMARKAN]:36210 - "GET /metrics HTTP/1.1" 307 Temporary Redirect
INFO:     [IP-DISAMARKAN]:36210 - "GET /metrics/ HTTP/1.1" 200 OK
INFO:     127.0.0.1:34846 - "GET /health HTTP/1.1" 200 OK
INFO:     [IP-DISAMARKAN]:37136 - "GET /health HTTP/1.1" 200 OK
INFO:     [IP-DISAMARKAN]:49036 - "GET /metrics HTTP/1.1" 307 Temporary Redirect
INFO:     [IP-DISAMARKAN]:49036 - "GET /metrics/ HTTP/1.1" 200 OK
INFO:     [IP-DISAMARKAN]:48856 - "GET /metrics HTTP/1.1" 307 Temporary Redirect
INFO:     [IP-DISAMARKAN]:48856 - "GET /metrics/ HTTP/1.1" 200 OK
INFO:     127.0.0.1:35422 - "GET /health HTTP/1.1" 200 OK
INFO:     [IP-DISAMARKAN]:35054 - "GET /metrics HTTP/1.1" 307 Temporary Redirect
INFO:     [IP-DISAMARKAN]:35054 - "GET /metrics/ HTTP/1.1" 200 OK
INFO:     [IP-DISAMARKAN]:51938 - "GET /health HTTP/1.1" 200 OK
INFO:     [IP-DISAMARKAN]:39564 - "GET /metrics HTTP/1.1" 307 Temporary Redirect
INFO:     [IP-DISAMARKAN]:39564 - "GET /metrics/ HTTP/1.1" 200 OK
INFO:     127.0.0.1:33158 - "GET /health HTTP/1.1" 200 OK
INFO:     [IP-DISAMARKAN]:42600 - "GET /metrics HTTP/1.1" 307 Temporary Redirect
INFO:     [IP-DISAMARKAN]:42600 - "GET /metrics/ HTTP/1.1" 200 OK
INFO:     [IP-DISAMARKAN]:55860 - "GET /health HTTP/1.1" 200 OK
INFO:     [IP-DISAMARKAN]:37558 - "GET /metrics HTTP/1.1" 307 Temporary Redirect
INFO:     [IP-DISAMARKAN]:37558 - "GET /metrics/ HTTP/1.1" 200 OK
INFO:     127.0.0.1:36438 - "GET /health HTTP/1.1" 200 OK
INFO:     [IP-DISAMARKAN]:39436 - "GET /metrics HTTP/1.1" 307 Temporary Redirect
INFO:     [IP-DISAMARKAN]:39436 - "GET /metrics/ HTTP/1.1" 200 OK
INFO:     [IP-DISAMARKAN]:40080 - "GET /health HTTP/1.1" 200 OK
INFO:     [IP-DISAMARKAN]:38246 - "GET /metrics HTTP/1.1" 307 Temporary Redirect
INFO:     [IP-DISAMARKAN]:38246 - "GET /metrics/ HTTP/1.1" 200 OK
INFO:     127.0.0.1:36322 - "GET /health HTTP/1.1" 200 OK
INFO:     [IP-DISAMARKAN]:41174 - "GET /metrics HTTP/1.1" 307 Temporary Redirect
INFO:     [IP-DISAMARKAN]:41174 - "GET /metrics/ HTTP/1.1" 200 OK
INFO:     [IP-DISAMARKAN]:43442 - "GET /metrics HTTP/1.1" 307 Temporary Redirect
INFO:     [IP-DISAMARKAN]:43442 - "GET /metrics/ HTTP/1.1" 200 OK
INFO:     [IP-DISAMARKAN]:43784 - "GET /health HTTP/1.1" 200 OK
INFO:     127.0.0.1:51090 - "GET /health HTTP/1.1" 200 OK
INFO:     [IP-DISAMARKAN]:51880 - "GET /metrics HTTP/1.1" 307 Temporary Redirect
INFO:     [IP-DISAMARKAN]:51880 - "GET /metrics/ HTTP/1.1" 200 OK
INFO:     [IP-DISAMARKAN]:34654 - "GET /metrics HTTP/1.1" 307 Temporary Redirect
INFO:     [IP-DISAMARKAN]:34654 - "GET /metrics/ HTTP/1.1" 200 OK
INFO:     [IP-DISAMARKAN]:46924 - "GET /health HTTP/1.1" 200 OK
INFO:     127.0.0.1:37950 - "GET /health HTTP/1.1" 200 OK
INFO:     [IP-DISAMARKAN]:40268 - "GET /metrics HTTP/1.1" 307 Temporary Redirect
INFO:     [IP-DISAMARKAN]:40268 - "GET /metrics/ HTTP/1.1" 200 OK
INFO:     [IP-DISAMARKAN]:33010 - "GET /metrics HTTP/1.1" 307 Temporary Redirect
INFO:     [IP-DISAMARKAN]:33010 - "GET /metrics/ HTTP/1.1" 200 OK
INFO:     [IP-DISAMARKAN]:53944 - "GET /health HTTP/1.1" 200 OK
INFO:     127.0.0.1:59098 - "GET /health HTTP/1.1" 200 OK
INFO:     [IP-DISAMARKAN]:42286 - "GET /metrics HTTP/1.1" 307 Temporary Redirect
INFO:     [IP-DISAMARKAN]:42286 - "GET /metrics/ HTTP/1.1" 200 OK
INFO:     [IP-DISAMARKAN]:44304 - "GET /metrics HTTP/1.1" 307 Temporary Redirect
INFO:     [IP-DISAMARKAN]:44304 - "GET /metrics/ HTTP/1.1" 200 OK
INFO:     [IP-DISAMARKAN]:41812 - "GET /health HTTP/1.1" 200 OK
INFO:     127.0.0.1:51582 - "GET /health HTTP/1.1" 200 OK
INFO:     [IP-DISAMARKAN]:57488 - "GET /metrics HTTP/1.1" 307 Temporary Redirect
INFO:     [IP-DISAMARKAN]:57488 - "GET /metrics/ HTTP/1.1" 200 OK
INFO:     [IP-DISAMARKAN]:55060 - "GET /metrics HTTP/1.1" 307 Temporary Redirect
INFO:     [IP-DISAMARKAN]:55060 - "GET /metrics/ HTTP/1.1" 200 OK
INFO:     [IP-DISAMARKAN]:54832 - "GET /health HTTP/1.1" 200 OK
INFO:     127.0.0.1:34988 - "GET /health HTTP/1.1" 200 OK
INFO:     [IP-DISAMARKAN]:48772 - "GET /metrics HTTP/1.1" 307 Temporary Redirect
INFO:     [IP-DISAMARKAN]:48772 - "GET /metrics/ HTTP/1.1" 200 OK
INFO:     [IP-DISAMARKAN]:35724 - "GET /metrics HTTP/1.1" 307 Temporary Redirect
INFO:     [IP-DISAMARKAN]:35724 - "GET /metrics/ HTTP/1.1" 200 OK
INFO:     [IP-DISAMARKAN]:32810 - "GET /health HTTP/1.1" 200 OK
INFO:     127.0.0.1:43866 - "GET /health HTTP/1.1" 200 OK
INFO:     [IP-DISAMARKAN]:48068 - "GET /metrics HTTP/1.1" 307 Temporary Redirect
INFO:     [IP-DISAMARKAN]:48068 - "GET /metrics/ HTTP/1.1" 200 OK
INFO:     [IP-DISAMARKAN]:45972 - "GET /metrics HTTP/1.1" 307 Temporary Redirect
INFO:     [IP-DISAMARKAN]:45972 - "GET /metrics/ HTTP/1.1" 200 OK
INFO:     [IP-DISAMARKAN]:37716 - "GET /health HTTP/1.1" 200 OK
INFO:     127.0.0.1:39628 - "GET /health HTTP/1.1" 200 OK
INFO:     [IP-DISAMARKAN]:48586 - "GET /metrics HTTP/1.1" 307 Temporary Redirect
INFO:     [IP-DISAMARKAN]:48586 - "GET /metrics/ HTTP/1.1" 200 OK
INFO:     [IP-DISAMARKAN]:59258 - "GET /metrics HTTP/1.1" 307 Temporary Redirect
INFO:     [IP-DISAMARKAN]:59258 - "GET /metrics/ HTTP/1.1" 200 OK
INFO:     [IP-DISAMARKAN]:44828 - "GET /health HTTP/1.1" 200 OK
INFO:     127.0.0.1:51326 - "GET /health HTTP/1.1" 200 OK
INFO:     [IP-DISAMARKAN]:52180 - "GET /metrics HTTP/1.1" 307 Temporary Redirect
INFO:     [IP-DISAMARKAN]:52180 - "GET /metrics/ HTTP/1.1" 200 OK
INFO:     [IP-DISAMARKAN]:49176 - "GET /metrics HTTP/1.1" 307 Temporary Redirect
INFO:     [IP-DISAMARKAN]:49176 - "GET /metrics/ HTTP/1.1" 200 OK
INFO:     [IP-DISAMARKAN]:37932 - "GET /health HTTP/1.1" 200 OK
INFO:     127.0.0.1:48002 - "GET /health HTTP/1.1" 200 OK
INFO:     [IP-DISAMARKAN]:60062 - "GET /metrics HTTP/1.1" 307 Temporary Redirect
INFO:     [IP-DISAMARKAN]:60062 - "GET /metrics/ HTTP/1.1" 200 OK
INFO:     [IP-DISAMARKAN]:55850 - "GET /metrics HTTP/1.1" 307 Temporary Redirect
INFO:     [IP-DISAMARKAN]:55850 - "GET /metrics/ HTTP/1.1" 200 OK
INFO:     [IP-DISAMARKAN]:45828 - "GET /health HTTP/1.1" 200 OK
INFO:     127.0.0.1:41234 - "GET /health HTTP/1.1" 200 OK
INFO:     [IP-DISAMARKAN]:53866 - "GET /metrics HTTP/1.1" 307 Temporary Redirect
INFO:     [IP-DISAMARKAN]:53866 - "GET /metrics/ HTTP/1.1" 200 OK
INFO:     [IP-DISAMARKAN]:44082 - "GET /metrics HTTP/1.1" 307 Temporary Redirect
INFO:     [IP-DISAMARKAN]:44082 - "GET /metrics/ HTTP/1.1" 200 OK
INFO:     [IP-DISAMARKAN]:55864 - "GET /health HTTP/1.1" 200 OK
INFO:     127.0.0.1:53356 - "GET /health HTTP/1.1" 200 OK
INFO:     [IP-DISAMARKAN]:43526 - "GET /metrics HTTP/1.1" 307 Temporary Redirect
INFO:     [IP-DISAMARKAN]:43526 - "GET /metrics/ HTTP/1.1" 200 OK
INFO:     [IP-DISAMARKAN]:58212 - "GET /metrics HTTP/1.1" 307 Temporary Redirect
INFO:     [IP-DISAMARKAN]:58212 - "GET /metrics/ HTTP/1.1" 200 OK
INFO:     [IP-DISAMARKAN]:33634 - "GET /health HTTP/1.1" 200 OK
INFO:     127.0.0.1:35936 - "GET /health HTTP/1.1" 200 OK
INFO:     [IP-DISAMARKAN]:37884 - "GET /metrics HTTP/1.1" 307 Temporary Redirect
INFO:     [IP-DISAMARKAN]:37884 - "GET /metrics/ HTTP/1.1" 200 OK
INFO:     [IP-DISAMARKAN]:35712 - "GET /metrics HTTP/1.1" 307 Temporary Redirect
INFO:     [IP-DISAMARKAN]:35712 - "GET /metrics/ HTTP/1.1" 200 OK
INFO:     [IP-DISAMARKAN]:47626 - "GET /health HTTP/1.1" 200 OK
INFO:     127.0.0.1:49252 - "GET /health HTTP/1.1" 200 OK
INFO:     [IP-DISAMARKAN]:35988 - "GET /metrics HTTP/1.1" 307 Temporary Redirect
INFO:     [IP-DISAMARKAN]:35988 - "GET /metrics/ HTTP/1.1" 200 OK
INFO:     [IP-DISAMARKAN]:48550 - "GET /metrics HTTP/1.1" 307 Temporary Redirect
INFO:     [IP-DISAMARKAN]:48550 - "GET /metrics/ HTTP/1.1" 200 OK
INFO:     [IP-DISAMARKAN]:54468 - "GET /health HTTP/1.1" 200 OK
INFO:     127.0.0.1:33722 - "GET /health HTTP/1.1" 200 OK
INFO:     [IP-DISAMARKAN]:38408 - "GET /metrics HTTP/1.1" 307 Temporary Redirect
INFO:     [IP-DISAMARKAN]:38408 - "GET /metrics/ HTTP/1.1" 200 OK
INFO:     [IP-DISAMARKAN]:59516 - "GET /health HTTP/1.1" 200 OK
INFO:     [IP-DISAMARKAN]:39864 - "GET /metrics HTTP/1.1" 307 Temporary Redirect
INFO:     [IP-DISAMARKAN]:39864 - "GET /metrics/ HTTP/1.1" 200 OK
INFO:     127.0.0.1:35040 - "GET /health HTTP/1.1" 200 OK
INFO:     [IP-DISAMARKAN]:46928 - "GET /metrics HTTP/1.1" 307 Temporary Redirect
INFO:     [IP-DISAMARKAN]:46928 - "GET /metrics/ HTTP/1.1" 200 OK
INFO:     [IP-DISAMARKAN]:39972 - "GET /health HTTP/1.1" 200 OK
INFO:     [IP-DISAMARKAN]:42072 - "GET /metrics HTTP/1.1" 307 Temporary Redirect
INFO:     [IP-DISAMARKAN]:42072 - "GET /metrics/ HTTP/1.1" 200 OK
INFO:     127.0.0.1:59110 - "GET /health HTTP/1.1" 200 OK
INFO:     [IP-DISAMARKAN]:36660 - "GET /metrics HTTP/1.1" 307 Temporary Redirect
INFO:     [IP-DISAMARKAN]:36660 - "GET /metrics/ HTTP/1.1" 200 OK
INFO:     [IP-DISAMARKAN]:34462 - "GET /health HTTP/1.1" 200 OK
INFO:     [IP-DISAMARKAN]:58622 - "GET /metrics HTTP/1.1" 307 Temporary Redirect
INFO:     [IP-DISAMARKAN]:58622 - "GET /metrics/ HTTP/1.1" 200 OK
INFO:     127.0.0.1:38770 - "GET /health HTTP/1.1" 200 OK
INFO:     [IP-DISAMARKAN]:42540 - "GET /metrics HTTP/1.1" 307 Temporary Redirect
INFO:     [IP-DISAMARKAN]:42540 - "GET /metrics/ HTTP/1.1" 200 OK
INFO:     [IP-DISAMARKAN]:48838 - "GET /health HTTP/1.1" 200 OK
INFO:     [IP-DISAMARKAN]:52960 - "GET /metrics HTTP/1.1" 307 Temporary Redirect
INFO:     [IP-DISAMARKAN]:52960 - "GET /metrics/ HTTP/1.1" 200 OK
INFO:     127.0.0.1:55790 - "GET /health HTTP/1.1" 200 OK
INFO:     [IP-DISAMARKAN]:51972 - "GET /metrics HTTP/1.1" 307 Temporary Redirect
INFO:     [IP-DISAMARKAN]:51972 - "GET /metrics/ HTTP/1.1" 200 OK
INFO:     [IP-DISAMARKAN]:51554 - "GET /health HTTP/1.1" 200 OK
INFO:     [IP-DISAMARKAN]:43006 - "GET /metrics HTTP/1.1" 307 Temporary Redirect
INFO:     [IP-DISAMARKAN]:43006 - "GET /metrics/ HTTP/1.1" 200 OK
INFO:     127.0.0.1:58282 - "GET /health HTTP/1.1" 200 OK
INFO:     [IP-DISAMARKAN]:59846 - "GET /metrics HTTP/1.1" 307 Temporary Redirect
INFO:     [IP-DISAMARKAN]:59846 - "GET /metrics/ HTTP/1.1" 200 OK
INFO:     [IP-DISAMARKAN]:40026 - "GET /metrics HTTP/1.1" 307 Temporary Redirect
INFO:     [IP-DISAMARKAN]:40026 - "GET /metrics/ HTTP/1.1" 200 OK
INFO:     [IP-DISAMARKAN]:58676 - "GET /health HTTP/1.1" 200 OK
INFO:     127.0.0.1:44906 - "GET /health HTTP/1.1" 200 OK
INFO:     [IP-DISAMARKAN]:57044 - "GET /metrics HTTP/1.1" 307 Temporary Redirect
INFO:     [IP-DISAMARKAN]:57044 - "GET /metrics/ HTTP/1.1" 200 OK
INFO:     [IP-DISAMARKAN]:51078 - "GET /metrics HTTP/1.1" 307 Temporary Redirect
INFO:     [IP-DISAMARKAN]:51078 - "GET /metrics/ HTTP/1.1" 200 OK
INFO:     [IP-DISAMARKAN]:53010 - "GET /health HTTP/1.1" 200 OK
INFO:     127.0.0.1:52388 - "GET /health HTTP/1.1" 200 OK
INFO:     [IP-DISAMARKAN]:50586 - "GET /metrics HTTP/1.1" 307 Temporary Redirect
INFO:     [IP-DISAMARKAN]:50586 - "GET /metrics/ HTTP/1.1" 200 OK
INFO:     [IP-DISAMARKAN]:55520 - "GET /metrics HTTP/1.1" 307 Temporary Redirect
INFO:     [IP-DISAMARKAN]:55520 - "GET /metrics/ HTTP/1.1" 200 OK
INFO:     127.0.0.1:41262 - "GET /health HTTP/1.1" 200 OK
INFO:     [IP-DISAMARKAN]:56082 - "GET /health HTTP/1.1" 200 OK
INFO:     [IP-DISAMARKAN]:60732 - "GET /metrics HTTP/1.1" 307 Temporary Redirect
INFO:     [IP-DISAMARKAN]:60732 - "GET /metrics/ HTTP/1.1" 200 OK
INFO:     [IP-DISAMARKAN]:38966 - "GET /metrics HTTP/1.1" 307 Temporary Redirect
INFO:     [IP-DISAMARKAN]:38966 - "GET /metrics/ HTTP/1.1" 200 OK
INFO:     127.0.0.1:54620 - "GET /health HTTP/1.1" 200 OK
INFO:     [IP-DISAMARKAN]:44802 - "GET /health HTTP/1.1" 200 OK
INFO:     [IP-DISAMARKAN]:53060 - "GET /metrics HTTP/1.1" 307 Temporary Redirect
INFO:     [IP-DISAMARKAN]:53060 - "GET /metrics/ HTTP/1.1" 200 OK
INFO:     [IP-DISAMARKAN]:56804 - "GET /metrics HTTP/1.1" 307 Temporary Redirect
INFO:     [IP-DISAMARKAN]:56804 - "GET /metrics/ HTTP/1.1" 200 OK
INFO:     127.0.0.1:52882 - "GET /health HTTP/1.1" 200 OK
INFO:     [IP-DISAMARKAN]:36944 - "GET /metrics HTTP/1.1" 307 Temporary Redirect
INFO:     [IP-DISAMARKAN]:36944 - "GET /metrics/ HTTP/1.1" 200 OK
INFO:     [IP-DISAMARKAN]:56190 - "GET /health HTTP/1.1" 200 OK
INFO:     Shutting down
INFO:     Waiting for application shutdown.
INFO:     Application shutdown complete.
INFO:     Finished server process [1]
INFO:     Started server process [1]
INFO:     Waiting for application startup.
INFO:     Application startup complete.
INFO:     Uvicorn running on http://0.0.0.0:8002 (Press CTRL+C to quit)
INFO:     127.0.0.1:45916 - "GET /health HTTP/1.1" 503 Service Unavailable
{"time": "2026-06-28T06:39:51", "level": "INFO", "name": "app.models.ocr_model", "msg": "PaddleOCR model loaded: lang=id"}
{"time": "2026-06-28T06:39:51", "level": "INFO", "name": "app.models.ocr_model", "msg": "PaddleOCR model warm-up selesai"}
{"time": "2026-06-28T06:39:51", "level": "INFO", "name": "app.grpc_server", "msg": "OCR gRPC server started on port 50052 (insecure)"}
INFO:     127.0.0.1:33858 - "GET /health HTTP/1.1" 200 OK
INFO:     [IP-DISAMARKAN]:34868 - "GET /health HTTP/1.1" 200 OK
INFO:     [IP-DISAMARKAN]:43730 - "GET /metrics HTTP/1.1" 307 Temporary Redirect
INFO:     [IP-DISAMARKAN]:43730 - "GET /metrics/ HTTP/1.1" 200 OK
INFO:     [IP-DISAMARKAN]:36118 - "GET /metrics HTTP/1.1" 307 Temporary Redirect
INFO:     [IP-DISAMARKAN]:36118 - "GET /metrics/ HTTP/1.1" 200 OK
INFO:     127.0.0.1:53378 - "GET /health HTTP/1.1" 200 OK
INFO:     [IP-DISAMARKAN]:42402 - "GET /metrics HTTP/1.1" 307 Temporary Redirect
INFO:     [IP-DISAMARKAN]:42402 - "GET /metrics/ HTTP/1.1" 200 OK
INFO:     [IP-DISAMARKAN]:37824 - "GET /health HTTP/1.1" 200 OK
INFO:     [IP-DISAMARKAN]:60798 - "GET /metrics HTTP/1.1" 307 Temporary Redirect
INFO:     [IP-DISAMARKAN]:60798 - "GET /metrics/ HTTP/1.1" 200 OK
INFO:     127.0.0.1:49636 - "GET /health HTTP/1.1" 200 OK
INFO:     [IP-DISAMARKAN]:48010 - "GET /metrics HTTP/1.1" 307 Temporary Redirect
INFO:     [IP-DISAMARKAN]:48010 - "GET /metrics/ HTTP/1.1" 200 OK
INFO:     [IP-DISAMARKAN]:36892 - "GET /health HTTP/1.1" 200 OK
INFO:     [IP-DISAMARKAN]:38660 - "GET /metrics HTTP/1.1" 307 Temporary Redirect
INFO:     [IP-DISAMARKAN]:38660 - "GET /metrics/ HTTP/1.1" 200 OK
INFO:     127.0.0.1:49422 - "GET /health HTTP/1.1" 200 OK
INFO:     [IP-DISAMARKAN]:39058 - "GET /metrics HTTP/1.1" 307 Temporary Redirect
INFO:     [IP-DISAMARKAN]:39058 - "GET /metrics/ HTTP/1.1" 200 OK
INFO:     [IP-DISAMARKAN]:40968 - "GET /metrics HTTP/1.1" 307 Temporary Redirect
INFO:     [IP-DISAMARKAN]:40968 - "GET /metrics/ HTTP/1.1" 200 OK
INFO:     [IP-DISAMARKAN]:46610 - "GET /health HTTP/1.1" 200 OK
INFO:     127.0.0.1:57666 - "GET /health HTTP/1.1" 200 OK
INFO:     [IP-DISAMARKAN]:59380 - "GET /metrics HTTP/1.1" 307 Temporary Redirect
INFO:     [IP-DISAMARKAN]:59380 - "GET /metrics/ HTTP/1.1" 200 OK
INFO:     [IP-DISAMARKAN]:39102 - "GET /metrics HTTP/1.1" 307 Temporary Redirect
INFO:     [IP-DISAMARKAN]:39102 - "GET /metrics/ HTTP/1.1" 200 OK
INFO:     [IP-DISAMARKAN]:58746 - "GET /health HTTP/1.1" 200 OK
INFO:     127.0.0.1:52370 - "GET /health HTTP/1.1" 200 OK
INFO:     [IP-DISAMARKAN]:33612 - "GET /metrics HTTP/1.1" 307 Temporary Redirect
INFO:     [IP-DISAMARKAN]:33612 - "GET /metrics/ HTTP/1.1" 200 OK
INFO:     [IP-DISAMARKAN]:48126 - "GET /metrics HTTP/1.1" 307 Temporary Redirect
INFO:     [IP-DISAMARKAN]:48126 - "GET /metrics/ HTTP/1.1" 200 OK
INFO:     [IP-DISAMARKAN]:33188 - "GET /health HTTP/1.1" 200 OK
INFO:     127.0.0.1:59592 - "GET /health HTTP/1.1" 200 OK
INFO:     [IP-DISAMARKAN]:37528 - "GET /metrics HTTP/1.1" 307 Temporary Redirect
INFO:     [IP-DISAMARKAN]:37528 - "GET /metrics/ HTTP/1.1" 200 OK
INFO:     [IP-DISAMARKAN]:59822 - "GET /metrics HTTP/1.1" 307 Temporary Redirect
INFO:     [IP-DISAMARKAN]:59822 - "GET /metrics/ HTTP/1.1" 200 OK
INFO:     [IP-DISAMARKAN]:58066 - "GET /health HTTP/1.1" 200 OK
INFO:     127.0.0.1:56662 - "GET /health HTTP/1.1" 200 OK
INFO:     [IP-DISAMARKAN]:49032 - "GET /metrics HTTP/1.1" 307 Temporary Redirect
INFO:     [IP-DISAMARKAN]:49032 - "GET /metrics/ HTTP/1.1" 200 OK
INFO:     [IP-DISAMARKAN]:52570 - "GET /metrics HTTP/1.1" 307 Temporary Redirect
INFO:     [IP-DISAMARKAN]:52570 - "GET /metrics/ HTTP/1.1" 200 OK
INFO:     [IP-DISAMARKAN]:33950 - "GET /health HTTP/1.1" 200 OK
INFO:     127.0.0.1:51688 - "GET /health HTTP/1.1" 200 OK
INFO:     [IP-DISAMARKAN]:50884 - "GET /metrics HTTP/1.1" 307 Temporary Redirect
INFO:     [IP-DISAMARKAN]:50884 - "GET /metrics/ HTTP/1.1" 200 OK