INFO:     [IP-DISAMARKAN]:47078 - "GET /health HTTP/1.1" 200 OK
INFO:     [IP-DISAMARKAN]:47066 - "GET /metrics HTTP/1.1" 307 Temporary Redirect
INFO:     [IP-DISAMARKAN]:47066 - "GET /metrics/ HTTP/1.1" 200 OK
INFO:     127.0.0.1:56780 - "GET /health HTTP/1.1" 200 OK
INFO:     [IP-DISAMARKAN]:51598 - "GET /metrics HTTP/1.1" 307 Temporary Redirect
INFO:     [IP-DISAMARKAN]:51598 - "GET /metrics/ HTTP/1.1" 200 OK
INFO:     [IP-DISAMARKAN]:32774 - "GET /health HTTP/1.1" 200 OK
INFO:     [IP-DISAMARKAN]:36902 - "GET /metrics HTTP/1.1" 307 Temporary Redirect
INFO:     [IP-DISAMARKAN]:36902 - "GET /metrics/ HTTP/1.1" 200 OK
INFO:     127.0.0.1:52780 - "GET /health HTTP/1.1" 200 OK
INFO:     [IP-DISAMARKAN]:50262 - "GET /metrics HTTP/1.1" 307 Temporary Redirect
INFO:     [IP-DISAMARKAN]:50262 - "GET /metrics/ HTTP/1.1" 200 OK
INFO:     [IP-DISAMARKAN]:46160 - "GET /metrics HTTP/1.1" 307 Temporary Redirect
INFO:     [IP-DISAMARKAN]:46160 - "GET /metrics/ HTTP/1.1" 200 OK
INFO:     [IP-DISAMARKAN]:49200 - "GET /health HTTP/1.1" 200 OK
INFO:     127.0.0.1:48636 - "GET /health HTTP/1.1" 200 OK
INFO:     [IP-DISAMARKAN]:49564 - "GET /metrics HTTP/1.1" 307 Temporary Redirect
INFO:     [IP-DISAMARKAN]:49564 - "GET /metrics/ HTTP/1.1" 200 OK
INFO:     [IP-DISAMARKAN]:56548 - "GET /metrics HTTP/1.1" 307 Temporary Redirect
INFO:     [IP-DISAMARKAN]:56548 - "GET /metrics/ HTTP/1.1" 200 OK
INFO:     [IP-DISAMARKAN]:38574 - "GET /health HTTP/1.1" 200 OK
INFO:     127.0.0.1:44248 - "GET /health HTTP/1.1" 200 OK
INFO:     [IP-DISAMARKAN]:43316 - "GET /metrics HTTP/1.1" 307 Temporary Redirect
INFO:     [IP-DISAMARKAN]:43316 - "GET /metrics/ HTTP/1.1" 200 OK
INFO:     [IP-DISAMARKAN]:34728 - "GET /metrics HTTP/1.1" 307 Temporary Redirect
INFO:     [IP-DISAMARKAN]:34728 - "GET /metrics/ HTTP/1.1" 200 OK
INFO:     [IP-DISAMARKAN]:53212 - "GET /health HTTP/1.1" 200 OK
INFO:     127.0.0.1:55212 - "GET /health HTTP/1.1" 200 OK
INFO:     [IP-DISAMARKAN]:40244 - "GET /metrics HTTP/1.1" 307 Temporary Redirect
INFO:     [IP-DISAMARKAN]:40244 - "GET /metrics/ HTTP/1.1" 200 OK
INFO:     [IP-DISAMARKAN]:44098 - "GET /metrics HTTP/1.1" 307 Temporary Redirect
INFO:     [IP-DISAMARKAN]:44098 - "GET /metrics/ HTTP/1.1" 200 OK
INFO:     127.0.0.1:49676 - "GET /health HTTP/1.1" 200 OK
INFO:     [IP-DISAMARKAN]:55900 - "GET /metrics HTTP/1.1" 307 Temporary Redirect
INFO:     [IP-DISAMARKAN]:55900 - "GET /metrics/ HTTP/1.1" 200 OK
INFO:     [IP-DISAMARKAN]:55136 - "GET /health HTTP/1.1" 200 OK
INFO:     [IP-DISAMARKAN]:39686 - "GET /metrics HTTP/1.1" 307 Temporary Redirect
INFO:     [IP-DISAMARKAN]:39686 - "GET /metrics/ HTTP/1.1" 200 OK
INFO:     127.0.0.1:46026 - "GET /health HTTP/1.1" 200 OK
INFO:     [IP-DISAMARKAN]:58912 - "GET /metrics HTTP/1.1" 307 Temporary Redirect
INFO:     [IP-DISAMARKAN]:58912 - "GET /metrics/ HTTP/1.1" 200 OK
INFO:     [IP-DISAMARKAN]:52436 - "GET /health HTTP/1.1" 200 OK
INFO:     [IP-DISAMARKAN]:46788 - "GET /metrics HTTP/1.1" 307 Temporary Redirect
INFO:     [IP-DISAMARKAN]:46788 - "GET /metrics/ HTTP/1.1" 200 OK
INFO:     127.0.0.1:46828 - "GET /health HTTP/1.1" 200 OK
INFO:     [IP-DISAMARKAN]:55412 - "GET /metrics HTTP/1.1" 307 Temporary Redirect
INFO:     [IP-DISAMARKAN]:55412 - "GET /metrics/ HTTP/1.1" 200 OK
INFO:     [IP-DISAMARKAN]:46774 - "GET /health HTTP/1.1" 200 OK
INFO:     [IP-DISAMARKAN]:43748 - "GET /metrics HTTP/1.1" 307 Temporary Redirect
INFO:     [IP-DISAMARKAN]:43748 - "GET /metrics/ HTTP/1.1" 200 OK
INFO:     127.0.0.1:42722 - "GET /health HTTP/1.1" 200 OK
INFO:     [IP-DISAMARKAN]:50010 - "GET /metrics HTTP/1.1" 307 Temporary Redirect
INFO:     [IP-DISAMARKAN]:50010 - "GET /metrics/ HTTP/1.1" 200 OK
INFO:     [IP-DISAMARKAN]:50070 - "GET /metrics HTTP/1.1" 307 Temporary Redirect
INFO:     [IP-DISAMARKAN]:50070 - "GET /metrics/ HTTP/1.1" 200 OK
INFO:     [IP-DISAMARKAN]:43222 - "GET /health HTTP/1.1" 200 OK
INFO:     127.0.0.1:54942 - "GET /health HTTP/1.1" 200 OK
INFO:     [IP-DISAMARKAN]:33376 - "GET /metrics HTTP/1.1" 307 Temporary Redirect
INFO:     [IP-DISAMARKAN]:33376 - "GET /metrics/ HTTP/1.1" 200 OK
INFO:     [IP-DISAMARKAN]:38672 - "GET /metrics HTTP/1.1" 307 Temporary Redirect
INFO:     [IP-DISAMARKAN]:38672 - "GET /metrics/ HTTP/1.1" 200 OK
INFO:     [IP-DISAMARKAN]:39224 - "GET /health HTTP/1.1" 200 OK
INFO:     [IP-DISAMARKAN]:43606 - "GET /metrics HTTP/1.1" 307 Temporary Redirect
INFO:     [IP-DISAMARKAN]:43606 - "GET /metrics/ HTTP/1.1" 200 OK
INFO:     127.0.0.1:40852 - "GET /health HTTP/1.1" 200 OK
INFO:     [IP-DISAMARKAN]:35678 - "GET /metrics HTTP/1.1" 307 Temporary Redirect
INFO:     [IP-DISAMARKAN]:35678 - "GET /metrics/ HTTP/1.1" 200 OK
INFO:     [IP-DISAMARKAN]:58632 - "GET /health HTTP/1.1" 200 OK
INFO:     [IP-DISAMARKAN]:60960 - "GET /metrics HTTP/1.1" 307 Temporary Redirect
INFO:     [IP-DISAMARKAN]:60960 - "GET /metrics/ HTTP/1.1" 200 OK
INFO:     127.0.0.1:48166 - "GET /health HTTP/1.1" 200 OK
INFO:     [IP-DISAMARKAN]:49162 - "GET /metrics HTTP/1.1" 307 Temporary Redirect
INFO:     [IP-DISAMARKAN]:49162 - "GET /metrics/ HTTP/1.1" 200 OK
INFO:     [IP-DISAMARKAN]:56136 - "GET /metrics HTTP/1.1" 307 Temporary Redirect
INFO:     [IP-DISAMARKAN]:56136 - "GET /metrics/ HTTP/1.1" 200 OK
INFO:     127.0.0.1:38714 - "GET /health HTTP/1.1" 200 OK
INFO:     [IP-DISAMARKAN]:42816 - "GET /health HTTP/1.1" 200 OK
INFO:     [IP-DISAMARKAN]:48850 - "GET /metrics HTTP/1.1" 307 Temporary Redirect
INFO:     [IP-DISAMARKAN]:48850 - "GET /metrics/ HTTP/1.1" 200 OK
INFO:     [IP-DISAMARKAN]:50022 - "GET /metrics HTTP/1.1" 307 Temporary Redirect
INFO:     [IP-DISAMARKAN]:50022 - "GET /metrics/ HTTP/1.1" 200 OK
INFO:     127.0.0.1:53212 - "GET /health HTTP/1.1" 200 OK
INFO:     [IP-DISAMARKAN]:48404 - "GET /health HTTP/1.1" 200 OK
INFO:     [IP-DISAMARKAN]:36050 - "GET /metrics HTTP/1.1" 307 Temporary Redirect
INFO:     [IP-DISAMARKAN]:36050 - "GET /metrics/ HTTP/1.1" 200 OK
INFO:     [IP-DISAMARKAN]:39426 - "GET /metrics HTTP/1.1" 307 Temporary Redirect
INFO:     [IP-DISAMARKAN]:39426 - "GET /metrics/ HTTP/1.1" 200 OK
INFO:     127.0.0.1:37206 - "GET /health HTTP/1.1" 200 OK
INFO:     [IP-DISAMARKAN]:34944 - "GET /health HTTP/1.1" 200 OK
INFO:     [IP-DISAMARKAN]:47546 - "GET /metrics HTTP/1.1" 307 Temporary Redirect
INFO:     [IP-DISAMARKAN]:47546 - "GET /metrics/ HTTP/1.1" 200 OK
INFO:     [IP-DISAMARKAN]:38094 - "GET /metrics HTTP/1.1" 307 Temporary Redirect
INFO:     [IP-DISAMARKAN]:38094 - "GET /metrics/ HTTP/1.1" 200 OK
INFO:     127.0.0.1:58434 - "GET /health HTTP/1.1" 200 OK
INFO:     [IP-DISAMARKAN]:41042 - "GET /metrics HTTP/1.1" 307 Temporary Redirect
INFO:     [IP-DISAMARKAN]:41042 - "GET /metrics/ HTTP/1.1" 200 OK
INFO:     [IP-DISAMARKAN]:52650 - "GET /health HTTP/1.1" 200 OK
INFO:     [IP-DISAMARKAN]:51462 - "GET /metrics HTTP/1.1" 307 Temporary Redirect
INFO:     [IP-DISAMARKAN]:51462 - "GET /metrics/ HTTP/1.1" 200 OK
INFO:     127.0.0.1:34910 - "GET /health HTTP/1.1" 200 OK
INFO:     [IP-DISAMARKAN]:51170 - "GET /metrics HTTP/1.1" 307 Temporary Redirect
INFO:     [IP-DISAMARKAN]:51170 - "GET /metrics/ HTTP/1.1" 200 OK
INFO:     [IP-DISAMARKAN]:52242 - "GET /health HTTP/1.1" 200 OK
INFO:     [IP-DISAMARKAN]:58318 - "GET /metrics HTTP/1.1" 307 Temporary Redirect
INFO:     [IP-DISAMARKAN]:58318 - "GET /metrics/ HTTP/1.1" 200 OK
INFO:     127.0.0.1:56896 - "GET /health HTTP/1.1" 200 OK
INFO:     [IP-DISAMARKAN]:47970 - "GET /metrics HTTP/1.1" 307 Temporary Redirect
INFO:     [IP-DISAMARKAN]:47970 - "GET /metrics/ HTTP/1.1" 200 OK
INFO:     [IP-DISAMARKAN]:45892 - "GET /health HTTP/1.1" 200 OK
INFO:     [IP-DISAMARKAN]:52506 - "GET /metrics HTTP/1.1" 307 Temporary Redirect
INFO:     [IP-DISAMARKAN]:52506 - "GET /metrics/ HTTP/1.1" 200 OK
INFO:     127.0.0.1:34580 - "GET /health HTTP/1.1" 200 OK
INFO:     [IP-DISAMARKAN]:51452 - "GET /metrics HTTP/1.1" 307 Temporary Redirect
INFO:     [IP-DISAMARKAN]:51452 - "GET /metrics/ HTTP/1.1" 200 OK
INFO:     [IP-DISAMARKAN]:35316 - "GET /health HTTP/1.1" 200 OK
INFO:     [IP-DISAMARKAN]:35774 - "GET /metrics HTTP/1.1" 307 Temporary Redirect
INFO:     [IP-DISAMARKAN]:35774 - "GET /metrics/ HTTP/1.1" 200 OK
INFO:     127.0.0.1:57912 - "GET /health HTTP/1.1" 200 OK
INFO:     [IP-DISAMARKAN]:52792 - "GET /metrics HTTP/1.1" 307 Temporary Redirect
INFO:     [IP-DISAMARKAN]:52792 - "GET /metrics/ HTTP/1.1" 200 OK
INFO:     [IP-DISAMARKAN]:38186 - "GET /health HTTP/1.1" 200 OK
INFO:     [IP-DISAMARKAN]:58140 - "GET /metrics HTTP/1.1" 307 Temporary Redirect
INFO:     [IP-DISAMARKAN]:58140 - "GET /metrics/ HTTP/1.1" 200 OK
INFO:     127.0.0.1:45014 - "GET /health HTTP/1.1" 200 OK
INFO:     [IP-DISAMARKAN]:51620 - "GET /metrics HTTP/1.1" 307 Temporary Redirect
INFO:     [IP-DISAMARKAN]:51620 - "GET /metrics/ HTTP/1.1" 200 OK
INFO:     [IP-DISAMARKAN]:40498 - "GET /metrics HTTP/1.1" 307 Temporary Redirect
INFO:     [IP-DISAMARKAN]:40498 - "GET /metrics/ HTTP/1.1" 200 OK
INFO:     127.0.0.1:47672 - "GET /health HTTP/1.1" 200 OK
INFO:     [IP-DISAMARKAN]:56664 - "GET /health HTTP/1.1" 200 OK
INFO:     [IP-DISAMARKAN]:42114 - "GET /metrics HTTP/1.1" 307 Temporary Redirect
INFO:     [IP-DISAMARKAN]:42114 - "GET /metrics/ HTTP/1.1" 200 OK
INFO:     [IP-DISAMARKAN]:38384 - "GET /metrics HTTP/1.1" 307 Temporary Redirect
INFO:     [IP-DISAMARKAN]:38384 - "GET /metrics/ HTTP/1.1" 200 OK
INFO:     127.0.0.1:45586 - "GET /health HTTP/1.1" 200 OK
INFO:     [IP-DISAMARKAN]:57158 - "GET /health HTTP/1.1" 200 OK
INFO:     [IP-DISAMARKAN]:47622 - "GET /metrics HTTP/1.1" 307 Temporary Redirect
INFO:     [IP-DISAMARKAN]:47622 - "GET /metrics/ HTTP/1.1" 200 OK
INFO:     [IP-DISAMARKAN]:48870 - "GET /metrics HTTP/1.1" 307 Temporary Redirect
INFO:     [IP-DISAMARKAN]:48870 - "GET /metrics/ HTTP/1.1" 200 OK
INFO:     127.0.0.1:48014 - "GET /health HTTP/1.1" 200 OK
INFO:     [IP-DISAMARKAN]:55244 - "GET /health HTTP/1.1" 200 OK
INFO:     [IP-DISAMARKAN]:60630 - "GET /metrics HTTP/1.1" 307 Temporary Redirect
INFO:     [IP-DISAMARKAN]:60630 - "GET /metrics/ HTTP/1.1" 200 OK
INFO:     [IP-DISAMARKAN]:56858 - "GET /metrics HTTP/1.1" 307 Temporary Redirect
INFO:     [IP-DISAMARKAN]:56858 - "GET /metrics/ HTTP/1.1" 200 OK
INFO:     127.0.0.1:58742 - "GET /health HTTP/1.1" 200 OK
INFO:     [IP-DISAMARKAN]:59026 - "GET /metrics HTTP/1.1" 307 Temporary Redirect
INFO:     [IP-DISAMARKAN]:59026 - "GET /metrics/ HTTP/1.1" 200 OK
INFO:     [IP-DISAMARKAN]:36456 - "GET /health HTTP/1.1" 200 OK
INFO:     [IP-DISAMARKAN]:34260 - "GET /metrics HTTP/1.1" 307 Temporary Redirect
INFO:     [IP-DISAMARKAN]:34260 - "GET /metrics/ HTTP/1.1" 200 OK
INFO:     127.0.0.1:37264 - "GET /health HTTP/1.1" 200 OK
INFO:     [IP-DISAMARKAN]:38096 - "GET /metrics HTTP/1.1" 307 Temporary Redirect
INFO:     [IP-DISAMARKAN]:38096 - "GET /metrics/ HTTP/1.1" 200 OK
INFO:     [IP-DISAMARKAN]:48488 - "GET /health HTTP/1.1" 200 OK
INFO:     [IP-DISAMARKAN]:39794 - "GET /metrics HTTP/1.1" 307 Temporary Redirect
INFO:     [IP-DISAMARKAN]:39794 - "GET /metrics/ HTTP/1.1" 200 OK
INFO:     127.0.0.1:43750 - "GET /health HTTP/1.1" 200 OK
INFO:     [IP-DISAMARKAN]:44698 - "GET /metrics HTTP/1.1" 307 Temporary Redirect
INFO:     [IP-DISAMARKAN]:44698 - "GET /metrics/ HTTP/1.1" 200 OK
INFO:     [IP-DISAMARKAN]:54276 - "GET /health HTTP/1.1" 200 OK
INFO:     [IP-DISAMARKAN]:33182 - "GET /metrics HTTP/1.1" 307 Temporary Redirect
INFO:     [IP-DISAMARKAN]:33182 - "GET /metrics/ HTTP/1.1" 200 OK
INFO:     127.0.0.1:38404 - "GET /health HTTP/1.1" 200 OK
INFO:     [IP-DISAMARKAN]:51164 - "GET /metrics HTTP/1.1" 307 Temporary Redirect
INFO:     [IP-DISAMARKAN]:51164 - "GET /metrics/ HTTP/1.1" 200 OK
INFO:     [IP-DISAMARKAN]:58398 - "GET /health HTTP/1.1" 200 OK
INFO:     [IP-DISAMARKAN]:43796 - "GET /metrics HTTP/1.1" 307 Temporary Redirect
INFO:     [IP-DISAMARKAN]:43796 - "GET /metrics/ HTTP/1.1" 200 OK
INFO:     127.0.0.1:36058 - "GET /health HTTP/1.1" 200 OK
INFO:     [IP-DISAMARKAN]:56246 - "GET /metrics HTTP/1.1" 307 Temporary Redirect
INFO:     [IP-DISAMARKAN]:56246 - "GET /metrics/ HTTP/1.1" 200 OK
INFO:     [IP-DISAMARKAN]:33998 - "GET /health HTTP/1.1" 200 OK
INFO:     [IP-DISAMARKAN]:36406 - "GET /metrics HTTP/1.1" 307 Temporary Redirect
INFO:     [IP-DISAMARKAN]:36406 - "GET /metrics/ HTTP/1.1" 200 OK
INFO:     127.0.0.1:48980 - "GET /health HTTP/1.1" 200 OK
INFO:     [IP-DISAMARKAN]:34002 - "GET /metrics HTTP/1.1" 307 Temporary Redirect
INFO:     [IP-DISAMARKAN]:34002 - "GET /metrics/ HTTP/1.1" 200 OK
INFO:     [IP-DISAMARKAN]:48932 - "GET /health HTTP/1.1" 200 OK
INFO:     [IP-DISAMARKAN]:54542 - "GET /metrics HTTP/1.1" 307 Temporary Redirect
INFO:     [IP-DISAMARKAN]:54542 - "GET /metrics/ HTTP/1.1" 200 OK
INFO:     127.0.0.1:51868 - "GET /health HTTP/1.1" 200 OK
INFO:     [IP-DISAMARKAN]:35468 - "GET /metrics HTTP/1.1" 307 Temporary Redirect
INFO:     [IP-DISAMARKAN]:35468 - "GET /metrics/ HTTP/1.1" 200 OK
INFO:     [IP-DISAMARKAN]:34244 - "GET /health HTTP/1.1" 200 OK
INFO:     [IP-DISAMARKAN]:40894 - "GET /metrics HTTP/1.1" 307 Temporary Redirect
INFO:     [IP-DISAMARKAN]:40894 - "GET /metrics/ HTTP/1.1" 200 OK
INFO:     127.0.0.1:56296 - "GET /health HTTP/1.1" 200 OK
INFO:     [IP-DISAMARKAN]:39776 - "GET /metrics HTTP/1.1" 307 Temporary Redirect
INFO:     [IP-DISAMARKAN]:39776 - "GET /metrics/ HTTP/1.1" 200 OK
INFO:     [IP-DISAMARKAN]:47780 - "GET /health HTTP/1.1" 200 OK
INFO:     [IP-DISAMARKAN]:38826 - "GET /metrics HTTP/1.1" 307 Temporary Redirect
INFO:     [IP-DISAMARKAN]:38826 - "GET /metrics/ HTTP/1.1" 200 OK
INFO:     127.0.0.1:42718 - "GET /health HTTP/1.1" 200 OK
INFO:     [IP-DISAMARKAN]:51040 - "GET /metrics HTTP/1.1" 307 Temporary Redirect
INFO:     [IP-DISAMARKAN]:51040 - "GET /metrics/ HTTP/1.1" 200 OK
INFO:     [IP-DISAMARKAN]:45770 - "GET /health HTTP/1.1" 200 OK
INFO:     [IP-DISAMARKAN]:43620 - "GET /metrics HTTP/1.1" 307 Temporary Redirect
INFO:     [IP-DISAMARKAN]:43620 - "GET /metrics/ HTTP/1.1" 200 OK
INFO:     127.0.0.1:35486 - "GET /health HTTP/1.1" 200 OK
INFO:     [IP-DISAMARKAN]:55522 - "GET /metrics HTTP/1.1" 307 Temporary Redirect
INFO:     [IP-DISAMARKAN]:55522 - "GET /metrics/ HTTP/1.1" 200 OK
INFO:     [IP-DISAMARKAN]:38546 - "GET /health HTTP/1.1" 200 OK
INFO:     [IP-DISAMARKAN]:55168 - "GET /metrics HTTP/1.1" 307 Temporary Redirect
INFO:     [IP-DISAMARKAN]:55168 - "GET /metrics/ HTTP/1.1" 200 OK
INFO:     127.0.0.1:46518 - "GET /health HTTP/1.1" 200 OK
INFO:     [IP-DISAMARKAN]:58812 - "GET /metrics HTTP/1.1" 307 Temporary Redirect
INFO:     [IP-DISAMARKAN]:58812 - "GET /metrics/ HTTP/1.1" 200 OK
INFO:     [IP-DISAMARKAN]:53048 - "GET /health HTTP/1.1" 200 OK
INFO:     [IP-DISAMARKAN]:46744 - "GET /metrics HTTP/1.1" 307 Temporary Redirect
INFO:     [IP-DISAMARKAN]:46744 - "GET /metrics/ HTTP/1.1" 200 OK
INFO:     127.0.0.1:39326 - "GET /health HTTP/1.1" 200 OK
INFO:     [IP-DISAMARKAN]:38640 - "GET /metrics HTTP/1.1" 307 Temporary Redirect
INFO:     [IP-DISAMARKAN]:38640 - "GET /metrics/ HTTP/1.1" 200 OK
INFO:     [IP-DISAMARKAN]:50466 - "GET /health HTTP/1.1" 200 OK
INFO:     [IP-DISAMARKAN]:48772 - "GET /metrics HTTP/1.1" 307 Temporary Redirect
INFO:     [IP-DISAMARKAN]:48772 - "GET /metrics/ HTTP/1.1" 200 OK
INFO:     127.0.0.1:55392 - "GET /health HTTP/1.1" 200 OK
INFO:     [IP-DISAMARKAN]:48410 - "GET /metrics HTTP/1.1" 307 Temporary Redirect
INFO:     [IP-DISAMARKAN]:48410 - "GET /metrics/ HTTP/1.1" 200 OK
INFO:     [IP-DISAMARKAN]:41138 - "GET /health HTTP/1.1" 200 OK
INFO:     [IP-DISAMARKAN]:50970 - "GET /metrics HTTP/1.1" 307 Temporary Redirect
INFO:     [IP-DISAMARKAN]:50970 - "GET /metrics/ HTTP/1.1" 200 OK
INFO:     127.0.0.1:52742 - "GET /health HTTP/1.1" 200 OK
INFO:     [IP-DISAMARKAN]:45604 - "GET /metrics HTTP/1.1" 307 Temporary Redirect
INFO:     [IP-DISAMARKAN]:45604 - "GET /metrics/ HTTP/1.1" 200 OK
INFO:     [IP-DISAMARKAN]:35184 - "GET /health HTTP/1.1" 200 OK
INFO:     [IP-DISAMARKAN]:60452 - "GET /metrics HTTP/1.1" 307 Temporary Redirect
INFO:     [IP-DISAMARKAN]:60452 - "GET /metrics/ HTTP/1.1" 200 OK
INFO:     127.0.0.1:51832 - "GET /health HTTP/1.1" 200 OK
INFO:     [IP-DISAMARKAN]:51030 - "GET /metrics HTTP/1.1" 307 Temporary Redirect
INFO:     [IP-DISAMARKAN]:51030 - "GET /metrics/ HTTP/1.1" 200 OK
INFO:     [IP-DISAMARKAN]:35974 - "GET /health HTTP/1.1" 200 OK
INFO:     [IP-DISAMARKAN]:47906 - "GET /metrics HTTP/1.1" 307 Temporary Redirect
INFO:     [IP-DISAMARKAN]:47906 - "GET /metrics/ HTTP/1.1" 200 OK
INFO:     127.0.0.1:35818 - "GET /health HTTP/1.1" 200 OK
INFO:     [IP-DISAMARKAN]:53242 - "GET /metrics HTTP/1.1" 307 Temporary Redirect
INFO:     [IP-DISAMARKAN]:53242 - "GET /metrics/ HTTP/1.1" 200 OK
INFO:     [IP-DISAMARKAN]:44890 - "GET /health HTTP/1.1" 200 OK
INFO:     [IP-DISAMARKAN]:42322 - "GET /metrics HTTP/1.1" 307 Temporary Redirect
INFO:     [IP-DISAMARKAN]:42322 - "GET /metrics/ HTTP/1.1" 200 OK
INFO:     127.0.0.1:50886 - "GET /health HTTP/1.1" 200 OK
INFO:     [IP-DISAMARKAN]:42264 - "GET /metrics HTTP/1.1" 307 Temporary Redirect
INFO:     [IP-DISAMARKAN]:42264 - "GET /metrics/ HTTP/1.1" 200 OK
INFO:     [IP-DISAMARKAN]:52874 - "GET /health HTTP/1.1" 200 OK
INFO:     [IP-DISAMARKAN]:34518 - "GET /metrics HTTP/1.1" 307 Temporary Redirect
INFO:     [IP-DISAMARKAN]:34518 - "GET /metrics/ HTTP/1.1" 200 OK
INFO:     127.0.0.1:52712 - "GET /health HTTP/1.1" 200 OK
INFO:     [IP-DISAMARKAN]:45808 - "GET /metrics HTTP/1.1" 307 Temporary Redirect
INFO:     [IP-DISAMARKAN]:45808 - "GET /metrics/ HTTP/1.1" 200 OK
INFO:     [IP-DISAMARKAN]:55668 - "GET /health HTTP/1.1" 200 OK
INFO:     [IP-DISAMARKAN]:46824 - "GET /metrics HTTP/1.1" 307 Temporary Redirect
INFO:     [IP-DISAMARKAN]:46824 - "GET /metrics/ HTTP/1.1" 200 OK
INFO:     127.0.0.1:49568 - "GET /health HTTP/1.1" 200 OK
INFO:     [IP-DISAMARKAN]:59752 - "GET /metrics HTTP/1.1" 307 Temporary Redirect
INFO:     [IP-DISAMARKAN]:59752 - "GET /metrics/ HTTP/1.1" 200 OK
INFO:     [IP-DISAMARKAN]:32878 - "GET /health HTTP/1.1" 200 OK
INFO:     [IP-DISAMARKAN]:55296 - "GET /metrics HTTP/1.1" 307 Temporary Redirect
INFO:     [IP-DISAMARKAN]:55296 - "GET /metrics/ HTTP/1.1" 200 OK
INFO:     127.0.0.1:58276 - "GET /health HTTP/1.1" 200 OK
INFO:     [IP-DISAMARKAN]:37980 - "GET /metrics HTTP/1.1" 307 Temporary Redirect
INFO:     [IP-DISAMARKAN]:37980 - "GET /metrics/ HTTP/1.1" 200 OK
INFO:     [IP-DISAMARKAN]:55386 - "GET /health HTTP/1.1" 200 OK
INFO:     [IP-DISAMARKAN]:37274 - "GET /metrics HTTP/1.1" 307 Temporary Redirect
INFO:     [IP-DISAMARKAN]:37274 - "GET /metrics/ HTTP/1.1" 200 OK
INFO:     127.0.0.1:35710 - "GET /health HTTP/1.1" 200 OK
INFO:     [IP-DISAMARKAN]:58614 - "GET /metrics HTTP/1.1" 307 Temporary Redirect
INFO:     [IP-DISAMARKAN]:58614 - "GET /metrics/ HTTP/1.1" 200 OK
INFO:     [IP-DISAMARKAN]:60334 - "GET /metrics HTTP/1.1" 307 Temporary Redirect
INFO:     [IP-DISAMARKAN]:60334 - "GET /metrics/ HTTP/1.1" 200 OK
INFO:     [IP-DISAMARKAN]:37320 - "GET /health HTTP/1.1" 200 OK
INFO:     127.0.0.1:43460 - "GET /health HTTP/1.1" 200 OK
INFO:     [IP-DISAMARKAN]:55478 - "GET /metrics HTTP/1.1" 307 Temporary Redirect
INFO:     [IP-DISAMARKAN]:55478 - "GET /metrics/ HTTP/1.1" 200 OK
INFO:     [IP-DISAMARKAN]:59706 - "GET /metrics HTTP/1.1" 307 Temporary Redirect
INFO:     [IP-DISAMARKAN]:59706 - "GET /metrics/ HTTP/1.1" 200 OK
INFO:     127.0.0.1:50182 - "GET /health HTTP/1.1" 200 OK
INFO:     [IP-DISAMARKAN]:56772 - "GET /health HTTP/1.1" 200 OK
INFO:     [IP-DISAMARKAN]:44674 - "GET /metrics HTTP/1.1" 307 Temporary Redirect
INFO:     [IP-DISAMARKAN]:44674 - "GET /metrics/ HTTP/1.1" 200 OK
INFO:     [IP-DISAMARKAN]:43586 - "GET /metrics HTTP/1.1" 307 Temporary Redirect
INFO:     [IP-DISAMARKAN]:43586 - "GET /metrics/ HTTP/1.1" 200 OK
INFO:     127.0.0.1:52534 - "GET /health HTTP/1.1" 200 OK
INFO:     [IP-DISAMARKAN]:54560 - "GET /health HTTP/1.1" 200 OK
INFO:     [IP-DISAMARKAN]:53992 - "GET /metrics HTTP/1.1" 307 Temporary Redirect
INFO:     [IP-DISAMARKAN]:53992 - "GET /metrics/ HTTP/1.1" 200 OK
INFO:     [IP-DISAMARKAN]:51230 - "GET /metrics HTTP/1.1" 307 Temporary Redirect
INFO:     [IP-DISAMARKAN]:51230 - "GET /metrics/ HTTP/1.1" 200 OK
INFO:     127.0.0.1:44756 - "GET /health HTTP/1.1" 200 OK
INFO:     [IP-DISAMARKAN]:43434 - "GET /metrics HTTP/1.1" 307 Temporary Redirect
INFO:     [IP-DISAMARKAN]:43434 - "GET /metrics/ HTTP/1.1" 200 OK
INFO:     [IP-DISAMARKAN]:51078 - "GET /health HTTP/1.1" 200 OK
INFO:     [IP-DISAMARKAN]:38800 - "GET /metrics HTTP/1.1" 307 Temporary Redirect
INFO:     [IP-DISAMARKAN]:38800 - "GET /metrics/ HTTP/1.1" 200 OK
INFO:     127.0.0.1:55626 - "GET /health HTTP/1.1" 200 OK
INFO:     [IP-DISAMARKAN]:45548 - "GET /metrics HTTP/1.1" 307 Temporary Redirect
INFO:     [IP-DISAMARKAN]:45548 - "GET /metrics/ HTTP/1.1" 200 OK
INFO:     [IP-DISAMARKAN]:44970 - "GET /health HTTP/1.1" 200 OK
INFO:     [IP-DISAMARKAN]:54486 - "GET /metrics HTTP/1.1" 307 Temporary Redirect
INFO:     [IP-DISAMARKAN]:54486 - "GET /metrics/ HTTP/1.1" 200 OK
INFO:     127.0.0.1:38278 - "GET /health HTTP/1.1" 200 OK
INFO:     [IP-DISAMARKAN]:46572 - "GET /metrics HTTP/1.1" 307 Temporary Redirect
INFO:     [IP-DISAMARKAN]:46572 - "GET /metrics/ HTTP/1.1" 200 OK
INFO:     [IP-DISAMARKAN]:46614 - "GET /health HTTP/1.1" 200 OK
INFO:     [IP-DISAMARKAN]:42074 - "GET /metrics HTTP/1.1" 307 Temporary Redirect
INFO:     [IP-DISAMARKAN]:42074 - "GET /metrics/ HTTP/1.1" 200 OK
INFO:     127.0.0.1:40834 - "GET /health HTTP/1.1" 200 OK
INFO:     [IP-DISAMARKAN]:42980 - "GET /metrics HTTP/1.1" 307 Temporary Redirect
INFO:     [IP-DISAMARKAN]:42980 - "GET /metrics/ HTTP/1.1" 200 OK
INFO:     [IP-DISAMARKAN]:47942 - "GET /metrics HTTP/1.1" 307 Temporary Redirect
INFO:     [IP-DISAMARKAN]:47942 - "GET /metrics/ HTTP/1.1" 200 OK
INFO:     [IP-DISAMARKAN]:58624 - "GET /health HTTP/1.1" 200 OK
INFO:     127.0.0.1:60774 - "GET /health HTTP/1.1" 200 OK
INFO:     [IP-DISAMARKAN]:58904 - "GET /metrics HTTP/1.1" 307 Temporary Redirect
INFO:     [IP-DISAMARKAN]:58904 - "GET /metrics/ HTTP/1.1" 200 OK
INFO:     [IP-DISAMARKAN]:52254 - "GET /metrics HTTP/1.1" 307 Temporary Redirect
INFO:     [IP-DISAMARKAN]:52254 - "GET /metrics/ HTTP/1.1" 200 OK
INFO:     [IP-DISAMARKAN]:47346 - "GET /health HTTP/1.1" 200 OK
INFO:     127.0.0.1:40500 - "GET /health HTTP/1.1" 200 OK
INFO:     [IP-DISAMARKAN]:55816 - "GET /metrics HTTP/1.1" 307 Temporary Redirect
INFO:     [IP-DISAMARKAN]:55816 - "GET /metrics/ HTTP/1.1" 200 OK
INFO:     [IP-DISAMARKAN]:35246 - "GET /metrics HTTP/1.1" 307 Temporary Redirect
INFO:     [IP-DISAMARKAN]:35246 - "GET /metrics/ HTTP/1.1" 200 OK
INFO:     127.0.0.1:46812 - "GET /health HTTP/1.1" 200 OK
INFO:     [IP-DISAMARKAN]:60606 - "GET /health HTTP/1.1" 200 OK
INFO:     [IP-DISAMARKAN]:46510 - "GET /metrics HTTP/1.1" 307 Temporary Redirect
INFO:     [IP-DISAMARKAN]:46510 - "GET /metrics/ HTTP/1.1" 200 OK
INFO:     [IP-DISAMARKAN]:56482 - "GET /metrics HTTP/1.1" 307 Temporary Redirect
INFO:     [IP-DISAMARKAN]:56482 - "GET /metrics/ HTTP/1.1" 200 OK
INFO:     127.0.0.1:41622 - "GET /health HTTP/1.1" 200 OK
INFO:     [IP-DISAMARKAN]:51156 - "GET /metrics HTTP/1.1" 307 Temporary Redirect
INFO:     [IP-DISAMARKAN]:51156 - "GET /metrics/ HTTP/1.1" 200 OK
INFO:     [IP-DISAMARKAN]:59516 - "GET /health HTTP/1.1" 200 OK
INFO:     [IP-DISAMARKAN]:57290 - "GET /metrics HTTP/1.1" 307 Temporary Redirect
INFO:     [IP-DISAMARKAN]:57290 - "GET /metrics/ HTTP/1.1" 200 OK
INFO:     127.0.0.1:47496 - "GET /health HTTP/1.1" 200 OK
INFO:     [IP-DISAMARKAN]:44510 - "GET /metrics HTTP/1.1" 307 Temporary Redirect
INFO:     [IP-DISAMARKAN]:44510 - "GET /metrics/ HTTP/1.1" 200 OK
INFO:     [IP-DISAMARKAN]:46218 - "GET /health HTTP/1.1" 200 OK
INFO:     [IP-DISAMARKAN]:41056 - "GET /metrics HTTP/1.1" 307 Temporary Redirect
INFO:     [IP-DISAMARKAN]:41056 - "GET /metrics/ HTTP/1.1" 200 OK
INFO:     127.0.0.1:44544 - "GET /health HTTP/1.1" 200 OK
INFO:     [IP-DISAMARKAN]:56566 - "GET /metrics HTTP/1.1" 307 Temporary Redirect
INFO:     [IP-DISAMARKAN]:56566 - "GET /metrics/ HTTP/1.1" 200 OK
INFO:     [IP-DISAMARKAN]:49408 - "GET /health HTTP/1.1" 200 OK
INFO:     [IP-DISAMARKAN]:59728 - "GET /metrics HTTP/1.1" 307 Temporary Redirect
INFO:     [IP-DISAMARKAN]:59728 - "GET /metrics/ HTTP/1.1" 200 OK
INFO:     127.0.0.1:58420 - "GET /health HTTP/1.1" 200 OK
INFO:     [IP-DISAMARKAN]:44160 - "GET /metrics HTTP/1.1" 307 Temporary Redirect
INFO:     [IP-DISAMARKAN]:44160 - "GET /metrics/ HTTP/1.1" 200 OK
INFO:     [IP-DISAMARKAN]:42456 - "GET /metrics HTTP/1.1" 307 Temporary Redirect
INFO:     [IP-DISAMARKAN]:42456 - "GET /metrics/ HTTP/1.1" 200 OK
INFO:     [IP-DISAMARKAN]:43652 - "GET /health HTTP/1.1" 200 OK
INFO:     127.0.0.1:47304 - "GET /health HTTP/1.1" 200 OK
INFO:     [IP-DISAMARKAN]:40350 - "GET /metrics HTTP/1.1" 307 Temporary Redirect
INFO:     [IP-DISAMARKAN]:40350 - "GET /metrics/ HTTP/1.1" 200 OK
INFO:     [IP-DISAMARKAN]:54564 - "GET /metrics HTTP/1.1" 307 Temporary Redirect
INFO:     [IP-DISAMARKAN]:54564 - "GET /metrics/ HTTP/1.1" 200 OK
INFO:     [IP-DISAMARKAN]:34314 - "GET /health HTTP/1.1" 200 OK
INFO:     127.0.0.1:56824 - "GET /health HTTP/1.1" 200 OK
INFO:     [IP-DISAMARKAN]:37972 - "GET /metrics HTTP/1.1" 307 Temporary Redirect
INFO:     [IP-DISAMARKAN]:37972 - "GET /metrics/ HTTP/1.1" 200 OK
INFO:     [IP-DISAMARKAN]:54148 - "GET /metrics HTTP/1.1" 307 Temporary Redirect
INFO:     [IP-DISAMARKAN]:54148 - "GET /metrics/ HTTP/1.1" 200 OK
INFO:     127.0.0.1:45190 - "GET /health HTTP/1.1" 200 OK
INFO:     [IP-DISAMARKAN]:51854 - "GET /health HTTP/1.1" 200 OK
INFO:     [IP-DISAMARKAN]:47210 - "GET /metrics HTTP/1.1" 307 Temporary Redirect
INFO:     [IP-DISAMARKAN]:47210 - "GET /metrics/ HTTP/1.1" 200 OK
INFO:     [IP-DISAMARKAN]:40810 - "GET /metrics HTTP/1.1" 307 Temporary Redirect
INFO:     [IP-DISAMARKAN]:40810 - "GET /metrics/ HTTP/1.1" 200 OK
INFO:     127.0.0.1:56064 - "GET /health HTTP/1.1" 200 OK
INFO:     [IP-DISAMARKAN]:41846 - "GET /metrics HTTP/1.1" 307 Temporary Redirect
INFO:     [IP-DISAMARKAN]:41846 - "GET /metrics/ HTTP/1.1" 200 OK
INFO:     [IP-DISAMARKAN]:40442 - "GET /health HTTP/1.1" 200 OK
INFO:     [IP-DISAMARKAN]:48680 - "GET /metrics HTTP/1.1" 307 Temporary Redirect
INFO:     [IP-DISAMARKAN]:48680 - "GET /metrics/ HTTP/1.1" 200 OK
INFO:     127.0.0.1:38678 - "GET /health HTTP/1.1" 200 OK
INFO:     [IP-DISAMARKAN]:56384 - "GET /metrics HTTP/1.1" 307 Temporary Redirect
INFO:     [IP-DISAMARKAN]:56384 - "GET /metrics/ HTTP/1.1" 200 OK
INFO:     [IP-DISAMARKAN]:56878 - "GET /health HTTP/1.1" 200 OK
INFO:     [IP-DISAMARKAN]:36524 - "GET /metrics HTTP/1.1" 307 Temporary Redirect
INFO:     [IP-DISAMARKAN]:36524 - "GET /metrics/ HTTP/1.1" 200 OK
INFO:     127.0.0.1:38866 - "GET /health HTTP/1.1" 200 OK
INFO:     [IP-DISAMARKAN]:38810 - "GET /metrics HTTP/1.1" 307 Temporary Redirect
INFO:     [IP-DISAMARKAN]:38810 - "GET /metrics/ HTTP/1.1" 200 OK
INFO:     [IP-DISAMARKAN]:40700 - "GET /health HTTP/1.1" 200 OK
INFO:     [IP-DISAMARKAN]:56142 - "GET /metrics HTTP/1.1" 307 Temporary Redirect
INFO:     [IP-DISAMARKAN]:56142 - "GET /metrics/ HTTP/1.1" 200 OK
INFO:     127.0.0.1:37614 - "GET /health HTTP/1.1" 200 OK
INFO:     [IP-DISAMARKAN]:33290 - "GET /metrics HTTP/1.1" 307 Temporary Redirect
INFO:     [IP-DISAMARKAN]:33290 - "GET /metrics/ HTTP/1.1" 200 OK
INFO:     [IP-DISAMARKAN]:54994 - "GET /health HTTP/1.1" 200 OK
INFO:     [IP-DISAMARKAN]:53964 - "GET /metrics HTTP/1.1" 307 Temporary Redirect
INFO:     [IP-DISAMARKAN]:53964 - "GET /metrics/ HTTP/1.1" 200 OK
INFO:     127.0.0.1:53580 - "GET /health HTTP/1.1" 200 OK
INFO:     [IP-DISAMARKAN]:48724 - "GET /metrics HTTP/1.1" 307 Temporary Redirect
INFO:     [IP-DISAMARKAN]:48724 - "GET /metrics/ HTTP/1.1" 200 OK
INFO:     [IP-DISAMARKAN]:53792 - "GET /metrics HTTP/1.1" 307 Temporary Redirect
INFO:     [IP-DISAMARKAN]:53792 - "GET /metrics/ HTTP/1.1" 200 OK
INFO:     [IP-DISAMARKAN]:51502 - "GET /health HTTP/1.1" 200 OK
INFO:     127.0.0.1:46560 - "GET /health HTTP/1.1" 200 OK
INFO:     [IP-DISAMARKAN]:44816 - "GET /metrics HTTP/1.1" 307 Temporary Redirect
INFO:     [IP-DISAMARKAN]:44816 - "GET /metrics/ HTTP/1.1" 200 OK
INFO:     [IP-DISAMARKAN]:39972 - "GET /metrics HTTP/1.1" 307 Temporary Redirect
INFO:     [IP-DISAMARKAN]:39972 - "GET /metrics/ HTTP/1.1" 200 OK
INFO:     [IP-DISAMARKAN]:36634 - "GET /health HTTP/1.1" 200 OK
INFO:     127.0.0.1:54156 - "GET /health HTTP/1.1" 200 OK
INFO:     [IP-DISAMARKAN]:35698 - "GET /metrics HTTP/1.1" 307 Temporary Redirect
INFO:     [IP-DISAMARKAN]:35698 - "GET /metrics/ HTTP/1.1" 200 OK
INFO:     [IP-DISAMARKAN]:35536 - "GET /metrics HTTP/1.1" 307 Temporary Redirect
INFO:     [IP-DISAMARKAN]:35536 - "GET /metrics/ HTTP/1.1" 200 OK
INFO:     127.0.0.1:37960 - "GET /health HTTP/1.1" 200 OK
INFO:     [IP-DISAMARKAN]:45524 - "GET /health HTTP/1.1" 200 OK
INFO:     [IP-DISAMARKAN]:53306 - "GET /metrics HTTP/1.1" 307 Temporary Redirect
INFO:     [IP-DISAMARKAN]:53306 - "GET /metrics/ HTTP/1.1" 200 OK
INFO:     [IP-DISAMARKAN]:59582 - "GET /metrics HTTP/1.1" 307 Temporary Redirect
INFO:     [IP-DISAMARKAN]:59582 - "GET /metrics/ HTTP/1.1" 200 OK
INFO:     127.0.0.1:37288 - "GET /health HTTP/1.1" 200 OK
INFO:     [IP-DISAMARKAN]:54760 - "GET /metrics HTTP/1.1" 307 Temporary Redirect
INFO:     [IP-DISAMARKAN]:54760 - "GET /metrics/ HTTP/1.1" 200 OK
INFO:     [IP-DISAMARKAN]:44886 - "GET /health HTTP/1.1" 200 OK
INFO:     [IP-DISAMARKAN]:53658 - "GET /metrics HTTP/1.1" 307 Temporary Redirect
INFO:     [IP-DISAMARKAN]:53658 - "GET /metrics/ HTTP/1.1" 200 OK
INFO:     127.0.0.1:45844 - "GET /health HTTP/1.1" 200 OK
INFO:     [IP-DISAMARKAN]:49130 - "GET /metrics HTTP/1.1" 307 Temporary Redirect
INFO:     [IP-DISAMARKAN]:49130 - "GET /metrics/ HTTP/1.1" 200 OK
INFO:     [IP-DISAMARKAN]:43318 - "GET /health HTTP/1.1" 200 OK
INFO:     [IP-DISAMARKAN]:57490 - "GET /metrics HTTP/1.1" 307 Temporary Redirect
INFO:     [IP-DISAMARKAN]:57490 - "GET /metrics/ HTTP/1.1" 200 OK
INFO:     127.0.0.1:49862 - "GET /health HTTP/1.1" 200 OK
INFO:     [IP-DISAMARKAN]:59462 - "GET /metrics HTTP/1.1" 307 Temporary Redirect
INFO:     [IP-DISAMARKAN]:59462 - "GET /metrics/ HTTP/1.1" 200 OK
INFO:     [IP-DISAMARKAN]:46778 - "GET /health HTTP/1.1" 200 OK
INFO:     [IP-DISAMARKAN]:38152 - "GET /metrics HTTP/1.1" 307 Temporary Redirect
INFO:     [IP-DISAMARKAN]:38152 - "GET /metrics/ HTTP/1.1" 200 OK
INFO:     127.0.0.1:45236 - "GET /health HTTP/1.1" 200 OK
INFO:     [IP-DISAMARKAN]:33110 - "GET /metrics HTTP/1.1" 307 Temporary Redirect
INFO:     [IP-DISAMARKAN]:33110 - "GET /metrics/ HTTP/1.1" 200 OK
INFO:     [IP-DISAMARKAN]:52524 - "GET /health HTTP/1.1" 200 OK
INFO:     [IP-DISAMARKAN]:55832 - "GET /metrics HTTP/1.1" 307 Temporary Redirect
INFO:     [IP-DISAMARKAN]:55832 - "GET /metrics/ HTTP/1.1" 200 OK
INFO:     127.0.0.1:50872 - "GET /health HTTP/1.1" 200 OK
INFO:     [IP-DISAMARKAN]:55336 - "GET /metrics HTTP/1.1" 307 Temporary Redirect
INFO:     [IP-DISAMARKAN]:55336 - "GET /metrics/ HTTP/1.1" 200 OK
INFO:     [IP-DISAMARKAN]:54812 - "GET /health HTTP/1.1" 200 OK
INFO:     [IP-DISAMARKAN]:60072 - "GET /metrics HTTP/1.1" 307 Temporary Redirect
INFO:     [IP-DISAMARKAN]:60072 - "GET /metrics/ HTTP/1.1" 200 OK
INFO:     127.0.0.1:59210 - "GET /health HTTP/1.1" 200 OK
INFO:     [IP-DISAMARKAN]:42966 - "GET /metrics HTTP/1.1" 307 Temporary Redirect
INFO:     [IP-DISAMARKAN]:42966 - "GET /metrics/ HTTP/1.1" 200 OK
INFO:     [IP-DISAMARKAN]:36980 - "GET /health HTTP/1.1" 200 OK
INFO:     [IP-DISAMARKAN]:60758 - "GET /metrics HTTP/1.1" 307 Temporary Redirect
INFO:     [IP-DISAMARKAN]:60758 - "GET /metrics/ HTTP/1.1" 200 OK
INFO:     127.0.0.1:59206 - "GET /health HTTP/1.1" 200 OK
INFO:     [IP-DISAMARKAN]:36944 - "GET /metrics HTTP/1.1" 307 Temporary Redirect
INFO:     [IP-DISAMARKAN]:36944 - "GET /metrics/ HTTP/1.1" 200 OK
INFO:     [IP-DISAMARKAN]:39974 - "GET /health HTTP/1.1" 200 OK
INFO:     [IP-DISAMARKAN]:34300 - "GET /metrics HTTP/1.1" 307 Temporary Redirect
INFO:     [IP-DISAMARKAN]:34300 - "GET /metrics/ HTTP/1.1" 200 OK
INFO:     127.0.0.1:45824 - "GET /health HTTP/1.1" 200 OK
INFO:     [IP-DISAMARKAN]:56654 - "GET /metrics HTTP/1.1" 307 Temporary Redirect
INFO:     [IP-DISAMARKAN]:56654 - "GET /metrics/ HTTP/1.1" 200 OK
INFO:     [IP-DISAMARKAN]:55462 - "GET /health HTTP/1.1" 200 OK
INFO:     [IP-DISAMARKAN]:47252 - "GET /metrics HTTP/1.1" 307 Temporary Redirect
INFO:     [IP-DISAMARKAN]:47252 - "GET /metrics/ HTTP/1.1" 200 OK
INFO:     127.0.0.1:57954 - "GET /health HTTP/1.1" 200 OK
INFO:     [IP-DISAMARKAN]:55470 - "GET /metrics HTTP/1.1" 307 Temporary Redirect
INFO:     [IP-DISAMARKAN]:55470 - "GET /metrics/ HTTP/1.1" 200 OK
INFO:     [IP-DISAMARKAN]:49802 - "GET /health HTTP/1.1" 200 OK
INFO:     [IP-DISAMARKAN]:42796 - "GET /metrics HTTP/1.1" 307 Temporary Redirect
INFO:     [IP-DISAMARKAN]:42796 - "GET /metrics/ HTTP/1.1" 200 OK
INFO:     127.0.0.1:32956 - "GET /health HTTP/1.1" 200 OK
INFO:     [IP-DISAMARKAN]:47922 - "GET /metrics HTTP/1.1" 307 Temporary Redirect
INFO:     [IP-DISAMARKAN]:47922 - "GET /metrics/ HTTP/1.1" 200 OK
INFO:     [IP-DISAMARKAN]:57216 - "GET /health HTTP/1.1" 200 OK
INFO:     [IP-DISAMARKAN]:51628 - "GET /metrics HTTP/1.1" 307 Temporary Redirect
INFO:     [IP-DISAMARKAN]:51628 - "GET /metrics/ HTTP/1.1" 200 OK
INFO:     127.0.0.1:52810 - "GET /health HTTP/1.1" 200 OK
INFO:     [IP-DISAMARKAN]:34836 - "GET /metrics HTTP/1.1" 307 Temporary Redirect
INFO:     [IP-DISAMARKAN]:34836 - "GET /metrics/ HTTP/1.1" 200 OK
INFO:     [IP-DISAMARKAN]:37220 - "GET /health HTTP/1.1" 200 OK
INFO:     [IP-DISAMARKAN]:60172 - "GET /metrics HTTP/1.1" 307 Temporary Redirect
INFO:     [IP-DISAMARKAN]:60172 - "GET /metrics/ HTTP/1.1" 200 OK
INFO:     127.0.0.1:36848 - "GET /health HTTP/1.1" 200 OK
INFO:     [IP-DISAMARKAN]:35882 - "GET /metrics HTTP/1.1" 307 Temporary Redirect
INFO:     [IP-DISAMARKAN]:35882 - "GET /metrics/ HTTP/1.1" 200 OK
INFO:     [IP-DISAMARKAN]:52778 - "GET /health HTTP/1.1" 200 OK
INFO:     [IP-DISAMARKAN]:39348 - "GET /metrics HTTP/1.1" 307 Temporary Redirect
INFO:     [IP-DISAMARKAN]:39348 - "GET /metrics/ HTTP/1.1" 200 OK
INFO:     127.0.0.1:46588 - "GET /health HTTP/1.1" 200 OK
INFO:     [IP-DISAMARKAN]:36556 - "GET /metrics HTTP/1.1" 307 Temporary Redirect
INFO:     [IP-DISAMARKAN]:36556 - "GET /metrics/ HTTP/1.1" 200 OK
INFO:     [IP-DISAMARKAN]:50000 - "GET /health HTTP/1.1" 200 OK
INFO:     [IP-DISAMARKAN]:37806 - "GET /metrics HTTP/1.1" 307 Temporary Redirect
INFO:     [IP-DISAMARKAN]:37806 - "GET /metrics/ HTTP/1.1" 200 OK
INFO:     127.0.0.1:50748 - "GET /health HTTP/1.1" 200 OK
INFO:     [IP-DISAMARKAN]:53036 - "GET /metrics HTTP/1.1" 307 Temporary Redirect
INFO:     [IP-DISAMARKAN]:53036 - "GET /metrics/ HTTP/1.1" 200 OK
INFO:     [IP-DISAMARKAN]:38258 - "GET /health HTTP/1.1" 200 OK
INFO:     [IP-DISAMARKAN]:57564 - "GET /metrics HTTP/1.1" 307 Temporary Redirect
INFO:     [IP-DISAMARKAN]:57564 - "GET /metrics/ HTTP/1.1" 200 OK
INFO:     127.0.0.1:54402 - "GET /health HTTP/1.1" 200 OK
INFO:     [IP-DISAMARKAN]:60566 - "GET /metrics HTTP/1.1" 307 Temporary Redirect
INFO:     [IP-DISAMARKAN]:60566 - "GET /metrics/ HTTP/1.1" 200 OK
INFO:     [IP-DISAMARKAN]:43718 - "GET /health HTTP/1.1" 200 OK
INFO:     [IP-DISAMARKAN]:55456 - "GET /metrics HTTP/1.1" 307 Temporary Redirect
INFO:     [IP-DISAMARKAN]:55456 - "GET /metrics/ HTTP/1.1" 200 OK
INFO:     127.0.0.1:55040 - "GET /health HTTP/1.1" 200 OK
INFO:     [IP-DISAMARKAN]:40458 - "GET /metrics HTTP/1.1" 307 Temporary Redirect
INFO:     [IP-DISAMARKAN]:40458 - "GET /metrics/ HTTP/1.1" 200 OK
INFO:     [IP-DISAMARKAN]:39080 - "GET /health HTTP/1.1" 200 OK
INFO:     [IP-DISAMARKAN]:40534 - "GET /metrics HTTP/1.1" 307 Temporary Redirect
INFO:     [IP-DISAMARKAN]:40534 - "GET /metrics/ HTTP/1.1" 200 OK
INFO:     127.0.0.1:39606 - "GET /health HTTP/1.1" 200 OK
INFO:     [IP-DISAMARKAN]:48204 - "GET /metrics HTTP/1.1" 307 Temporary Redirect
INFO:     [IP-DISAMARKAN]:48204 - "GET /metrics/ HTTP/1.1" 200 OK
INFO:     [IP-DISAMARKAN]:43580 - "GET /health HTTP/1.1" 200 OK
INFO:     [IP-DISAMARKAN]:35442 - "GET /metrics HTTP/1.1" 307 Temporary Redirect
INFO:     [IP-DISAMARKAN]:35442 - "GET /metrics/ HTTP/1.1" 200 OK
INFO:     127.0.0.1:60058 - "GET /health HTTP/1.1" 200 OK
INFO:     [IP-DISAMARKAN]:59598 - "GET /metrics HTTP/1.1" 307 Temporary Redirect
INFO:     [IP-DISAMARKAN]:59598 - "GET /metrics/ HTTP/1.1" 200 OK
INFO:     [IP-DISAMARKAN]:60138 - "GET /health HTTP/1.1" 200 OK
INFO:     [IP-DISAMARKAN]:44354 - "GET /metrics HTTP/1.1" 307 Temporary Redirect
INFO:     [IP-DISAMARKAN]:44354 - "GET /metrics/ HTTP/1.1" 200 OK
INFO:     127.0.0.1:48840 - "GET /health HTTP/1.1" 200 OK
INFO:     [IP-DISAMARKAN]:43126 - "GET /metrics HTTP/1.1" 307 Temporary Redirect
INFO:     [IP-DISAMARKAN]:43126 - "GET /metrics/ HTTP/1.1" 200 OK
INFO:     [IP-DISAMARKAN]:52552 - "GET /health HTTP/1.1" 200 OK
INFO:     [IP-DISAMARKAN]:51104 - "GET /metrics HTTP/1.1" 307 Temporary Redirect
INFO:     [IP-DISAMARKAN]:51104 - "GET /metrics/ HTTP/1.1" 200 OK
INFO:     127.0.0.1:39302 - "GET /health HTTP/1.1" 200 OK
INFO:     [IP-DISAMARKAN]:60818 - "GET /metrics HTTP/1.1" 307 Temporary Redirect
INFO:     [IP-DISAMARKAN]:60818 - "GET /metrics/ HTTP/1.1" 200 OK
INFO:     [IP-DISAMARKAN]:60218 - "GET /health HTTP/1.1" 200 OK
INFO:     [IP-DISAMARKAN]:45386 - "GET /metrics HTTP/1.1" 307 Temporary Redirect
INFO:     [IP-DISAMARKAN]:45386 - "GET /metrics/ HTTP/1.1" 200 OK
INFO:     127.0.0.1:40022 - "GET /health HTTP/1.1" 200 OK
INFO:     [IP-DISAMARKAN]:56046 - "GET /metrics HTTP/1.1" 307 Temporary Redirect
INFO:     [IP-DISAMARKAN]:56046 - "GET /metrics/ HTTP/1.1" 200 OK
INFO:     [IP-DISAMARKAN]:34062 - "GET /health HTTP/1.1" 200 OK
INFO:     [IP-DISAMARKAN]:52876 - "GET /metrics HTTP/1.1" 307 Temporary Redirect
INFO:     [IP-DISAMARKAN]:52876 - "GET /metrics/ HTTP/1.1" 200 OK
INFO:     127.0.0.1:53446 - "GET /health HTTP/1.1" 200 OK
INFO:     [IP-DISAMARKAN]:45782 - "GET /metrics HTTP/1.1" 307 Temporary Redirect
INFO:     [IP-DISAMARKAN]:45782 - "GET /metrics/ HTTP/1.1" 200 OK
INFO:     [IP-DISAMARKAN]:47700 - "GET /metrics HTTP/1.1" 307 Temporary Redirect
INFO:     [IP-DISAMARKAN]:47700 - "GET /metrics/ HTTP/1.1" 200 OK
INFO:     [IP-DISAMARKAN]:43874 - "GET /health HTTP/1.1" 200 OK
INFO:     127.0.0.1:50258 - "GET /health HTTP/1.1" 200 OK
INFO:     [IP-DISAMARKAN]:33478 - "GET /metrics HTTP/1.1" 307 Temporary Redirect
INFO:     [IP-DISAMARKAN]:33478 - "GET /metrics/ HTTP/1.1" 200 OK
INFO:     [IP-DISAMARKAN]:35084 - "GET /metrics HTTP/1.1" 307 Temporary Redirect
INFO:     [IP-DISAMARKAN]:35084 - "GET /metrics/ HTTP/1.1" 200 OK
INFO:     [IP-DISAMARKAN]:48616 - "GET /health HTTP/1.1" 200 OK
INFO:     127.0.0.1:42788 - "GET /health HTTP/1.1" 200 OK
INFO:     [IP-DISAMARKAN]:57914 - "GET /metrics HTTP/1.1" 307 Temporary Redirect
INFO:     [IP-DISAMARKAN]:57914 - "GET /metrics/ HTTP/1.1" 200 OK
INFO:     [IP-DISAMARKAN]:34522 - "GET /metrics HTTP/1.1" 307 Temporary Redirect
INFO:     [IP-DISAMARKAN]:34522 - "GET /metrics/ HTTP/1.1" 200 OK
INFO:     127.0.0.1:39042 - "GET /health HTTP/1.1" 200 OK
INFO:     [IP-DISAMARKAN]:51444 - "GET /health HTTP/1.1" 200 OK
INFO:     [IP-DISAMARKAN]:35068 - "GET /metrics HTTP/1.1" 307 Temporary Redirect
INFO:     [IP-DISAMARKAN]:35068 - "GET /metrics/ HTTP/1.1" 200 OK
INFO:     [IP-DISAMARKAN]:46404 - "GET /metrics HTTP/1.1" 307 Temporary Redirect
INFO:     [IP-DISAMARKAN]:46404 - "GET /metrics/ HTTP/1.1" 200 OK
INFO:     127.0.0.1:49672 - "GET /health HTTP/1.1" 200 OK
INFO:     [IP-DISAMARKAN]:41128 - "GET /metrics HTTP/1.1" 307 Temporary Redirect
INFO:     [IP-DISAMARKAN]:41128 - "GET /metrics/ HTTP/1.1" 200 OK
INFO:     [IP-DISAMARKAN]:43854 - "GET /health HTTP/1.1" 200 OK
INFO:     [IP-DISAMARKAN]:47838 - "GET /metrics HTTP/1.1" 307 Temporary Redirect
INFO:     [IP-DISAMARKAN]:47838 - "GET /metrics/ HTTP/1.1" 200 OK
INFO:     127.0.0.1:39810 - "GET /health HTTP/1.1" 200 OK
INFO:     [IP-DISAMARKAN]:54368 - "GET /metrics HTTP/1.1" 307 Temporary Redirect
INFO:     [IP-DISAMARKAN]:54368 - "GET /metrics/ HTTP/1.1" 200 OK
INFO:     [IP-DISAMARKAN]:58728 - "GET /health HTTP/1.1" 200 OK
INFO:     [IP-DISAMARKAN]:46334 - "GET /metrics HTTP/1.1" 307 Temporary Redirect
INFO:     [IP-DISAMARKAN]:46334 - "GET /metrics/ HTTP/1.1" 200 OK
INFO:     127.0.0.1:38120 - "GET /health HTTP/1.1" 200 OK
INFO:     [IP-DISAMARKAN]:45800 - "GET /metrics HTTP/1.1" 307 Temporary Redirect
INFO:     [IP-DISAMARKAN]:45800 - "GET /metrics/ HTTP/1.1" 200 OK
INFO:     [IP-DISAMARKAN]:56114 - "GET /health HTTP/1.1" 200 OK
INFO:     [IP-DISAMARKAN]:60892 - "GET /metrics HTTP/1.1" 307 Temporary Redirect
INFO:     [IP-DISAMARKAN]:60892 - "GET /metrics/ HTTP/1.1" 200 OK
INFO:     127.0.0.1:56946 - "GET /health HTTP/1.1" 200 OK
INFO:     [IP-DISAMARKAN]:58566 - "GET /metrics HTTP/1.1" 307 Temporary Redirect
INFO:     [IP-DISAMARKAN]:58566 - "GET /metrics/ HTTP/1.1" 200 OK
INFO:     [IP-DISAMARKAN]:51312 - "GET /metrics HTTP/1.1" 307 Temporary Redirect
INFO:     [IP-DISAMARKAN]:51312 - "GET /metrics/ HTTP/1.1" 200 OK
INFO:     [IP-DISAMARKAN]:35160 - "GET /health HTTP/1.1" 200 OK
INFO:     127.0.0.1:46332 - "GET /health HTTP/1.1" 200 OK
INFO:     [IP-DISAMARKAN]:47756 - "GET /metrics HTTP/1.1" 307 Temporary Redirect
INFO:     [IP-DISAMARKAN]:47756 - "GET /metrics/ HTTP/1.1" 200 OK
INFO:     [IP-DISAMARKAN]:50594 - "GET /metrics HTTP/1.1" 307 Temporary Redirect
INFO:     [IP-DISAMARKAN]:50594 - "GET /metrics/ HTTP/1.1" 200 OK
INFO:     [IP-DISAMARKAN]:36018 - "GET /health HTTP/1.1" 200 OK
INFO:     127.0.0.1:34086 - "GET /health HTTP/1.1" 200 OK
INFO:     [IP-DISAMARKAN]:38270 - "GET /metrics HTTP/1.1" 307 Temporary Redirect
INFO:     [IP-DISAMARKAN]:38270 - "GET /metrics/ HTTP/1.1" 200 OK
INFO:     [IP-DISAMARKAN]:33376 - "GET /metrics HTTP/1.1" 307 Temporary Redirect
INFO:     [IP-DISAMARKAN]:33376 - "GET /metrics/ HTTP/1.1" 200 OK
INFO:     127.0.0.1:41812 - "GET /health HTTP/1.1" 200 OK
INFO:     [IP-DISAMARKAN]:57890 - "GET /health HTTP/1.1" 200 OK
INFO:     [IP-DISAMARKAN]:45692 - "GET /metrics HTTP/1.1" 307 Temporary Redirect
INFO:     [IP-DISAMARKAN]:45692 - "GET /metrics/ HTTP/1.1" 200 OK
INFO:     [IP-DISAMARKAN]:48380 - "GET /metrics HTTP/1.1" 307 Temporary Redirect
INFO:     [IP-DISAMARKAN]:48380 - "GET /metrics/ HTTP/1.1" 200 OK
INFO:     127.0.0.1:37682 - "GET /health HTTP/1.1" 200 OK
INFO:     [IP-DISAMARKAN]:43908 - "GET /metrics HTTP/1.1" 307 Temporary Redirect
INFO:     [IP-DISAMARKAN]:43908 - "GET /metrics/ HTTP/1.1" 200 OK
INFO:     [IP-DISAMARKAN]:54822 - "GET /health HTTP/1.1" 200 OK
INFO:     [IP-DISAMARKAN]:42416 - "GET /metrics HTTP/1.1" 307 Temporary Redirect
INFO:     [IP-DISAMARKAN]:42416 - "GET /metrics/ HTTP/1.1" 200 OK
INFO:     127.0.0.1:35832 - "GET /health HTTP/1.1" 200 OK
INFO:     [IP-DISAMARKAN]:40718 - "GET /metrics HTTP/1.1" 307 Temporary Redirect
INFO:     [IP-DISAMARKAN]:40718 - "GET /metrics/ HTTP/1.1" 200 OK
INFO:     [IP-DISAMARKAN]:49574 - "GET /health HTTP/1.1" 200 OK
INFO:     [IP-DISAMARKAN]:35142 - "GET /metrics HTTP/1.1" 307 Temporary Redirect
INFO:     [IP-DISAMARKAN]:35142 - "GET /metrics/ HTTP/1.1" 200 OK
INFO:     127.0.0.1:51804 - "GET /health HTTP/1.1" 200 OK
INFO:     [IP-DISAMARKAN]:33014 - "GET /metrics HTTP/1.1" 307 Temporary Redirect
INFO:     [IP-DISAMARKAN]:33014 - "GET /metrics/ HTTP/1.1" 200 OK
INFO:     [IP-DISAMARKAN]:45442 - "GET /health HTTP/1.1" 200 OK
INFO:     [IP-DISAMARKAN]:42346 - "GET /metrics HTTP/1.1" 307 Temporary Redirect
INFO:     [IP-DISAMARKAN]:42346 - "GET /metrics/ HTTP/1.1" 200 OK
INFO:     127.0.0.1:57914 - "GET /health HTTP/1.1" 200 OK
INFO:     [IP-DISAMARKAN]:46404 - "GET /metrics HTTP/1.1" 307 Temporary Redirect
INFO:     [IP-DISAMARKAN]:46404 - "GET /metrics/ HTTP/1.1" 200 OK
INFO:     [IP-DISAMARKAN]:48430 - "GET /metrics HTTP/1.1" 307 Temporary Redirect
INFO:     [IP-DISAMARKAN]:48430 - "GET /metrics/ HTTP/1.1" 200 OK
INFO:     [IP-DISAMARKAN]:51444 - "GET /health HTTP/1.1" 200 OK
INFO:     127.0.0.1:58876 - "GET /health HTTP/1.1" 200 OK
INFO:     [IP-DISAMARKAN]:55156 - "GET /metrics HTTP/1.1" 307 Temporary Redirect
INFO:     [IP-DISAMARKAN]:55156 - "GET /metrics/ HTTP/1.1" 200 OK
INFO:     [IP-DISAMARKAN]:47386 - "GET /metrics HTTP/1.1" 307 Temporary Redirect
INFO:     [IP-DISAMARKAN]:47386 - "GET /metrics/ HTTP/1.1" 200 OK
INFO:     [IP-DISAMARKAN]:50508 - "GET /health HTTP/1.1" 200 OK
INFO:     127.0.0.1:51134 - "GET /health HTTP/1.1" 200 OK
INFO:     [IP-DISAMARKAN]:57682 - "GET /metrics HTTP/1.1" 307 Temporary Redirect
INFO:     [IP-DISAMARKAN]:57682 - "GET /metrics/ HTTP/1.1" 200 OK
INFO:     [IP-DISAMARKAN]:48160 - "GET /metrics HTTP/1.1" 307 Temporary Redirect
INFO:     [IP-DISAMARKAN]:48160 - "GET /metrics/ HTTP/1.1" 200 OK
INFO:     127.0.0.1:50402 - "GET /health HTTP/1.1" 200 OK
INFO:     [IP-DISAMARKAN]:57944 - "GET /health HTTP/1.1" 200 OK
INFO:     [IP-DISAMARKAN]:39424 - "GET /metrics HTTP/1.1" 307 Temporary Redirect
INFO:     [IP-DISAMARKAN]:39424 - "GET /metrics/ HTTP/1.1" 200 OK
INFO:     [IP-DISAMARKAN]:37118 - "GET /metrics HTTP/1.1" 307 Temporary Redirect
INFO:     [IP-DISAMARKAN]:37118 - "GET /metrics/ HTTP/1.1" 200 OK
INFO:     127.0.0.1:44388 - "GET /health HTTP/1.1" 200 OK
INFO:     [IP-DISAMARKAN]:47594 - "GET /metrics HTTP/1.1" 307 Temporary Redirect
INFO:     [IP-DISAMARKAN]:47594 - "GET /metrics/ HTTP/1.1" 200 OK
INFO:     [IP-DISAMARKAN]:54256 - "GET /health HTTP/1.1" 200 OK
INFO:     [IP-DISAMARKAN]:46804 - "GET /metrics HTTP/1.1" 307 Temporary Redirect
INFO:     [IP-DISAMARKAN]:46804 - "GET /metrics/ HTTP/1.1" 200 OK
INFO:     127.0.0.1:40310 - "GET /health HTTP/1.1" 200 OK
INFO:     [IP-DISAMARKAN]:56912 - "GET /metrics HTTP/1.1" 307 Temporary Redirect
INFO:     [IP-DISAMARKAN]:56912 - "GET /metrics/ HTTP/1.1" 200 OK
INFO:     [IP-DISAMARKAN]:46014 - "GET /health HTTP/1.1" 200 OK
INFO:     [IP-DISAMARKAN]:56092 - "GET /metrics HTTP/1.1" 307 Temporary Redirect
INFO:     [IP-DISAMARKAN]:56092 - "GET /metrics/ HTTP/1.1" 200 OK
INFO:     127.0.0.1:33408 - "GET /health HTTP/1.1" 200 OK
INFO:     [IP-DISAMARKAN]:57142 - "GET /metrics HTTP/1.1" 307 Temporary Redirect
INFO:     [IP-DISAMARKAN]:57142 - "GET /metrics/ HTTP/1.1" 200 OK
INFO:     [IP-DISAMARKAN]:60978 - "GET /health HTTP/1.1" 200 OK
INFO:     [IP-DISAMARKAN]:58512 - "GET /metrics HTTP/1.1" 307 Temporary Redirect
INFO:     [IP-DISAMARKAN]:58512 - "GET /metrics/ HTTP/1.1" 200 OK
INFO:     127.0.0.1:39300 - "GET /health HTTP/1.1" 200 OK
INFO:     [IP-DISAMARKAN]:38816 - "GET /metrics HTTP/1.1" 307 Temporary Redirect
INFO:     [IP-DISAMARKAN]:38816 - "GET /metrics/ HTTP/1.1" 200 OK
INFO:     [IP-DISAMARKAN]:33990 - "GET /health HTTP/1.1" 200 OK
INFO:     [IP-DISAMARKAN]:44986 - "GET /metrics HTTP/1.1" 307 Temporary Redirect
INFO:     [IP-DISAMARKAN]:44986 - "GET /metrics/ HTTP/1.1" 200 OK
INFO:     127.0.0.1:49598 - "GET /health HTTP/1.1" 200 OK
INFO:     [IP-DISAMARKAN]:60110 - "GET /metrics HTTP/1.1" 307 Temporary Redirect
INFO:     [IP-DISAMARKAN]:60110 - "GET /metrics/ HTTP/1.1" 200 OK
INFO:     [IP-DISAMARKAN]:39276 - "GET /metrics HTTP/1.1" 307 Temporary Redirect
INFO:     [IP-DISAMARKAN]:39276 - "GET /metrics/ HTTP/1.1" 200 OK
INFO:     [IP-DISAMARKAN]:53694 - "GET /health HTTP/1.1" 200 OK
INFO:     127.0.0.1:38906 - "GET /health HTTP/1.1" 200 OK
INFO:     [IP-DISAMARKAN]:35892 - "GET /metrics HTTP/1.1" 307 Temporary Redirect
INFO:     [IP-DISAMARKAN]:35892 - "GET /metrics/ HTTP/1.1" 200 OK
INFO:     [IP-DISAMARKAN]:38216 - "GET /metrics HTTP/1.1" 307 Temporary Redirect
INFO:     [IP-DISAMARKAN]:38216 - "GET /metrics/ HTTP/1.1" 200 OK
INFO:     [IP-DISAMARKAN]:48928 - "GET /health HTTP/1.1" 200 OK
INFO:     127.0.0.1:42866 - "GET /health HTTP/1.1" 200 OK
INFO:     [IP-DISAMARKAN]:36908 - "GET /metrics HTTP/1.1" 307 Temporary Redirect
INFO:     [IP-DISAMARKAN]:36908 - "GET /metrics/ HTTP/1.1" 200 OK
INFO:     [IP-DISAMARKAN]:51778 - "GET /metrics HTTP/1.1" 307 Temporary Redirect
INFO:     [IP-DISAMARKAN]:51778 - "GET /metrics/ HTTP/1.1" 200 OK
INFO:     [IP-DISAMARKAN]:45848 - "GET /health HTTP/1.1" 200 OK
INFO:     127.0.0.1:51084 - "GET /health HTTP/1.1" 200 OK
INFO:     [IP-DISAMARKAN]:38638 - "GET /metrics HTTP/1.1" 307 Temporary Redirect
INFO:     [IP-DISAMARKAN]:38638 - "GET /metrics/ HTTP/1.1" 200 OK
INFO:     [IP-DISAMARKAN]:37562 - "GET /metrics HTTP/1.1" 307 Temporary Redirect
INFO:     [IP-DISAMARKAN]:37562 - "GET /metrics/ HTTP/1.1" 200 OK
INFO:     127.0.0.1:46478 - "GET /health HTTP/1.1" 200 OK
INFO:     [IP-DISAMARKAN]:49728 - "GET /metrics HTTP/1.1" 307 Temporary Redirect
INFO:     [IP-DISAMARKAN]:49728 - "GET /metrics/ HTTP/1.1" 200 OK
INFO:     [IP-DISAMARKAN]:37192 - "GET /health HTTP/1.1" 200 OK
INFO:     [IP-DISAMARKAN]:50552 - "GET /metrics HTTP/1.1" 307 Temporary Redirect
INFO:     [IP-DISAMARKAN]:50552 - "GET /metrics/ HTTP/1.1" 200 OK
INFO:     127.0.0.1:42976 - "GET /health HTTP/1.1" 200 OK
INFO:     [IP-DISAMARKAN]:42954 - "GET /metrics HTTP/1.1" 307 Temporary Redirect
INFO:     [IP-DISAMARKAN]:42954 - "GET /metrics/ HTTP/1.1" 200 OK
INFO:     [IP-DISAMARKAN]:47592 - "GET /health HTTP/1.1" 200 OK
INFO:     [IP-DISAMARKAN]:56510 - "GET /metrics HTTP/1.1" 307 Temporary Redirect
INFO:     [IP-DISAMARKAN]:56510 - "GET /metrics/ HTTP/1.1" 200 OK
INFO:     [IP-DISAMARKAN]:47612 - "GET /metrics HTTP/1.1" 307 Temporary Redirect
INFO:     [IP-DISAMARKAN]:47612 - "GET /metrics/ HTTP/1.1" 200 OK
INFO:     127.0.0.1:52114 - "GET /health HTTP/1.1" 200 OK
INFO:     [IP-DISAMARKAN]:38142 - "GET /health HTTP/1.1" 200 OK
INFO:     [IP-DISAMARKAN]:50700 - "GET /metrics HTTP/1.1" 307 Temporary Redirect
INFO:     [IP-DISAMARKAN]:50700 - "GET /metrics/ HTTP/1.1" 200 OK
INFO:     [IP-DISAMARKAN]:41464 - "GET /metrics HTTP/1.1" 307 Temporary Redirect
INFO:     [IP-DISAMARKAN]:41464 - "GET /metrics/ HTTP/1.1" 200 OK
INFO:     127.0.0.1:37628 - "GET /health HTTP/1.1" 200 OK
INFO:     [IP-DISAMARKAN]:55610 - "GET /health HTTP/1.1" 200 OK
INFO:     [IP-DISAMARKAN]:49788 - "GET /metrics HTTP/1.1" 307 Temporary Redirect
INFO:     [IP-DISAMARKAN]:49788 - "GET /metrics/ HTTP/1.1" 200 OK
INFO:     [IP-DISAMARKAN]:33124 - "GET /metrics HTTP/1.1" 307 Temporary Redirect
INFO:     [IP-DISAMARKAN]:33124 - "GET /metrics/ HTTP/1.1" 200 OK
INFO:     127.0.0.1:36582 - "GET /health HTTP/1.1" 200 OK
INFO:     [IP-DISAMARKAN]:58180 - "GET /health HTTP/1.1" 200 OK
INFO:     [IP-DISAMARKAN]:34156 - "GET /metrics HTTP/1.1" 307 Temporary Redirect
INFO:     [IP-DISAMARKAN]:34156 - "GET /metrics/ HTTP/1.1" 200 OK
INFO:     [IP-DISAMARKAN]:49454 - "GET /metrics HTTP/1.1" 307 Temporary Redirect
INFO:     [IP-DISAMARKAN]:49454 - "GET /metrics/ HTTP/1.1" 200 OK
INFO:     127.0.0.1:47316 - "GET /health HTTP/1.1" 200 OK
INFO:     [IP-DISAMARKAN]:44998 - "GET /health HTTP/1.1" 200 OK
INFO:     [IP-DISAMARKAN]:55352 - "GET /metrics HTTP/1.1" 307 Temporary Redirect
INFO:     [IP-DISAMARKAN]:55352 - "GET /metrics/ HTTP/1.1" 200 OK
INFO:     [IP-DISAMARKAN]:42554 - "GET /metrics HTTP/1.1" 307 Temporary Redirect
INFO:     [IP-DISAMARKAN]:42554 - "GET /metrics/ HTTP/1.1" 200 OK
INFO:     127.0.0.1:49404 - "GET /health HTTP/1.1" 200 OK
INFO:     [IP-DISAMARKAN]:46450 - "GET /health HTTP/1.1" 200 OK
INFO:     [IP-DISAMARKAN]:41774 - "GET /metrics HTTP/1.1" 307 Temporary Redirect
INFO:     [IP-DISAMARKAN]:41774 - "GET /metrics/ HTTP/1.1" 200 OK
INFO:     [IP-DISAMARKAN]:49048 - "GET /metrics HTTP/1.1" 307 Temporary Redirect
INFO:     [IP-DISAMARKAN]:49048 - "GET /metrics/ HTTP/1.1" 200 OK
INFO:     127.0.0.1:37982 - "GET /health HTTP/1.1" 200 OK
INFO:     [IP-DISAMARKAN]:53710 - "GET /health HTTP/1.1" 200 OK
INFO:     [IP-DISAMARKAN]:35996 - "GET /metrics HTTP/1.1" 307 Temporary Redirect
INFO:     [IP-DISAMARKAN]:35996 - "GET /metrics/ HTTP/1.1" 200 OK
INFO:     [IP-DISAMARKAN]:37810 - "GET /metrics HTTP/1.1" 307 Temporary Redirect
INFO:     [IP-DISAMARKAN]:37810 - "GET /metrics/ HTTP/1.1" 200 OK
INFO:     127.0.0.1:53248 - "GET /health HTTP/1.1" 200 OK
INFO:     [IP-DISAMARKAN]:54720 - "GET /health HTTP/1.1" 200 OK
INFO:     [IP-DISAMARKAN]:41360 - "GET /metrics HTTP/1.1" 307 Temporary Redirect
INFO:     [IP-DISAMARKAN]:41360 - "GET /metrics/ HTTP/1.1" 200 OK
INFO:     [IP-DISAMARKAN]:42952 - "GET /metrics HTTP/1.1" 307 Temporary Redirect
INFO:     [IP-DISAMARKAN]:42952 - "GET /metrics/ HTTP/1.1" 200 OK
INFO:     127.0.0.1:51186 - "GET /health HTTP/1.1" 200 OK
INFO:     [IP-DISAMARKAN]:55756 - "GET /health HTTP/1.1" 200 OK
INFO:     [IP-DISAMARKAN]:41636 - "GET /metrics HTTP/1.1" 307 Temporary Redirect
INFO:     [IP-DISAMARKAN]:41636 - "GET /metrics/ HTTP/1.1" 200 OK
INFO:     [IP-DISAMARKAN]:55902 - "GET /metrics HTTP/1.1" 307 Temporary Redirect
INFO:     [IP-DISAMARKAN]:55902 - "GET /metrics/ HTTP/1.1" 200 OK
INFO:     127.0.0.1:53956 - "GET /health HTTP/1.1" 200 OK
INFO:     [IP-DISAMARKAN]:51974 - "GET /health HTTP/1.1" 200 OK
INFO:     [IP-DISAMARKAN]:48186 - "GET /metrics HTTP/1.1" 307 Temporary Redirect
INFO:     [IP-DISAMARKAN]:48186 - "GET /metrics/ HTTP/1.1" 200 OK
INFO:     [IP-DISAMARKAN]:47080 - "GET /metrics HTTP/1.1" 307 Temporary Redirect
INFO:     [IP-DISAMARKAN]:47080 - "GET /metrics/ HTTP/1.1" 200 OK
INFO:     127.0.0.1:48742 - "GET /health HTTP/1.1" 200 OK
INFO:     [IP-DISAMARKAN]:48720 - "GET /health HTTP/1.1" 200 OK
INFO:     [IP-DISAMARKAN]:60368 - "GET /metrics HTTP/1.1" 307 Temporary Redirect
INFO:     [IP-DISAMARKAN]:60368 - "GET /metrics/ HTTP/1.1" 200 OK
INFO:     [IP-DISAMARKAN]:42908 - "GET /metrics HTTP/1.1" 307 Temporary Redirect
INFO:     [IP-DISAMARKAN]:42908 - "GET /metrics/ HTTP/1.1" 200 OK
INFO:     127.0.0.1:44250 - "GET /health HTTP/1.1" 200 OK
INFO:     [IP-DISAMARKAN]:45604 - "GET /health HTTP/1.1" 200 OK
INFO:     [IP-DISAMARKAN]:49938 - "GET /metrics HTTP/1.1" 307 Temporary Redirect
INFO:     [IP-DISAMARKAN]:49938 - "GET /metrics/ HTTP/1.1" 200 OK
INFO:     [IP-DISAMARKAN]:43210 - "GET /metrics HTTP/1.1" 307 Temporary Redirect
INFO:     [IP-DISAMARKAN]:43210 - "GET /metrics/ HTTP/1.1" 200 OK
INFO:     127.0.0.1:60354 - "GET /health HTTP/1.1" 200 OK
INFO:     [IP-DISAMARKAN]:47284 - "GET /health HTTP/1.1" 200 OK
INFO:     [IP-DISAMARKAN]:56196 - "GET /metrics HTTP/1.1" 307 Temporary Redirect
INFO:     [IP-DISAMARKAN]:56196 - "GET /metrics/ HTTP/1.1" 200 OK
INFO:     [IP-DISAMARKAN]:54574 - "GET /metrics HTTP/1.1" 307 Temporary Redirect
INFO:     [IP-DISAMARKAN]:54574 - "GET /metrics/ HTTP/1.1" 200 OK
INFO:     127.0.0.1:33976 - "GET /health HTTP/1.1" 200 OK
INFO:     [IP-DISAMARKAN]:43804 - "GET /health HTTP/1.1" 200 OK
INFO:     [IP-DISAMARKAN]:33480 - "GET /metrics HTTP/1.1" 307 Temporary Redirect
INFO:     [IP-DISAMARKAN]:33480 - "GET /metrics/ HTTP/1.1" 200 OK
INFO:     [IP-DISAMARKAN]:45798 - "GET /metrics HTTP/1.1" 307 Temporary Redirect
INFO:     [IP-DISAMARKAN]:45798 - "GET /metrics/ HTTP/1.1" 200 OK
INFO:     127.0.0.1:47066 - "GET /health HTTP/1.1" 200 OK
INFO:     [IP-DISAMARKAN]:41604 - "GET /health HTTP/1.1" 200 OK
INFO:     [IP-DISAMARKAN]:58198 - "GET /metrics HTTP/1.1" 307 Temporary Redirect
INFO:     [IP-DISAMARKAN]:58198 - "GET /metrics/ HTTP/1.1" 200 OK
INFO:     [IP-DISAMARKAN]:33276 - "GET /metrics HTTP/1.1" 307 Temporary Redirect
INFO:     [IP-DISAMARKAN]:33276 - "GET /metrics/ HTTP/1.1" 200 OK
INFO:     127.0.0.1:45628 - "GET /health HTTP/1.1" 200 OK
INFO:     [IP-DISAMARKAN]:45604 - "GET /health HTTP/1.1" 200 OK
INFO:     [IP-DISAMARKAN]:55064 - "GET /metrics HTTP/1.1" 307 Temporary Redirect
INFO:     [IP-DISAMARKAN]:55064 - "GET /metrics/ HTTP/1.1" 200 OK
INFO:     [IP-DISAMARKAN]:46320 - "GET /metrics HTTP/1.1" 307 Temporary Redirect
INFO:     [IP-DISAMARKAN]:46320 - "GET /metrics/ HTTP/1.1" 200 OK
INFO:     127.0.0.1:60932 - "GET /health HTTP/1.1" 200 OK
INFO:     [IP-DISAMARKAN]:59306 - "GET /health HTTP/1.1" 200 OK
INFO:     [IP-DISAMARKAN]:53632 - "GET /metrics HTTP/1.1" 307 Temporary Redirect
INFO:     [IP-DISAMARKAN]:53632 - "GET /metrics/ HTTP/1.1" 200 OK
INFO:     [IP-DISAMARKAN]:37170 - "GET /metrics HTTP/1.1" 307 Temporary Redirect
INFO:     [IP-DISAMARKAN]:37170 - "GET /metrics/ HTTP/1.1" 200 OK
INFO:     127.0.0.1:57220 - "GET /health HTTP/1.1" 200 OK
INFO:     [IP-DISAMARKAN]:46906 - "GET /health HTTP/1.1" 200 OK
INFO:     [IP-DISAMARKAN]:40852 - "GET /metrics HTTP/1.1" 307 Temporary Redirect
INFO:     [IP-DISAMARKAN]:40852 - "GET /metrics/ HTTP/1.1" 200 OK
INFO:     [IP-DISAMARKAN]:58640 - "GET /metrics HTTP/1.1" 307 Temporary Redirect
INFO:     [IP-DISAMARKAN]:58640 - "GET /metrics/ HTTP/1.1" 200 OK
INFO:     127.0.0.1:59206 - "GET /health HTTP/1.1" 200 OK
INFO:     [IP-DISAMARKAN]:51246 - "GET /health HTTP/1.1" 200 OK
INFO:     [IP-DISAMARKAN]:33636 - "GET /metrics HTTP/1.1" 307 Temporary Redirect
INFO:     [IP-DISAMARKAN]:33636 - "GET /metrics/ HTTP/1.1" 200 OK
INFO:     [IP-DISAMARKAN]:32914 - "GET /metrics HTTP/1.1" 307 Temporary Redirect
INFO:     [IP-DISAMARKAN]:32914 - "GET /metrics/ HTTP/1.1" 200 OK
INFO:     127.0.0.1:42130 - "GET /health HTTP/1.1" 200 OK
INFO:     [IP-DISAMARKAN]:44058 - "GET /metrics HTTP/1.1" 307 Temporary Redirect
INFO:     [IP-DISAMARKAN]:44058 - "GET /metrics/ HTTP/1.1" 200 OK
INFO:     [IP-DISAMARKAN]:53450 - "GET /health HTTP/1.1" 200 OK
INFO:     [IP-DISAMARKAN]:43836 - "GET /metrics HTTP/1.1" 307 Temporary Redirect
INFO:     [IP-DISAMARKAN]:43836 - "GET /metrics/ HTTP/1.1" 200 OK
INFO:     127.0.0.1:49566 - "GET /health HTTP/1.1" 200 OK
INFO:     [IP-DISAMARKAN]:50418 - "GET /metrics HTTP/1.1" 307 Temporary Redirect
INFO:     [IP-DISAMARKAN]:50418 - "GET /metrics/ HTTP/1.1" 200 OK
INFO:     [IP-DISAMARKAN]:51116 - "GET /health HTTP/1.1" 200 OK
INFO:     [IP-DISAMARKAN]:35454 - "GET /metrics HTTP/1.1" 307 Temporary Redirect
INFO:     [IP-DISAMARKAN]:35454 - "GET /metrics/ HTTP/1.1" 200 OK
INFO:     127.0.0.1:55256 - "GET /health HTTP/1.1" 200 OK
INFO:     [IP-DISAMARKAN]:57976 - "GET /metrics HTTP/1.1" 307 Temporary Redirect
INFO:     [IP-DISAMARKAN]:57976 - "GET /metrics/ HTTP/1.1" 200 OK
INFO:     [IP-DISAMARKAN]:59728 - "GET /health HTTP/1.1" 200 OK
INFO:     [IP-DISAMARKAN]:49664 - "GET /metrics HTTP/1.1" 307 Temporary Redirect
INFO:     [IP-DISAMARKAN]:49664 - "GET /metrics/ HTTP/1.1" 200 OK
INFO:     127.0.0.1:33406 - "GET /health HTTP/1.1" 200 OK
INFO:     [IP-DISAMARKAN]:45994 - "GET /metrics HTTP/1.1" 307 Temporary Redirect
INFO:     [IP-DISAMARKAN]:45994 - "GET /metrics/ HTTP/1.1" 200 OK
INFO:     [IP-DISAMARKAN]:43880 - "GET /metrics HTTP/1.1" 307 Temporary Redirect
INFO:     [IP-DISAMARKAN]:43880 - "GET /metrics/ HTTP/1.1" 200 OK
INFO:     127.0.0.1:58706 - "GET /health HTTP/1.1" 200 OK
INFO:     [IP-DISAMARKAN]:35184 - "GET /health HTTP/1.1" 200 OK
INFO:     [IP-DISAMARKAN]:44392 - "GET /metrics HTTP/1.1" 307 Temporary Redirect
INFO:     [IP-DISAMARKAN]:44392 - "GET /metrics/ HTTP/1.1" 200 OK
INFO:     [IP-DISAMARKAN]:37836 - "GET /metrics HTTP/1.1" 307 Temporary Redirect
INFO:     [IP-DISAMARKAN]:37836 - "GET /metrics/ HTTP/1.1" 200 OK
INFO:     127.0.0.1:50038 - "GET /health HTTP/1.1" 200 OK
INFO:     [IP-DISAMARKAN]:55732 - "GET /health HTTP/1.1" 200 OK
INFO:     [IP-DISAMARKAN]:37626 - "GET /metrics HTTP/1.1" 307 Temporary Redirect
INFO:     [IP-DISAMARKAN]:37626 - "GET /metrics/ HTTP/1.1" 200 OK
INFO:     [IP-DISAMARKAN]:56096 - "GET /metrics HTTP/1.1" 307 Temporary Redirect
INFO:     [IP-DISAMARKAN]:56096 - "GET /metrics/ HTTP/1.1" 200 OK
INFO:     127.0.0.1:60072 - "GET /health HTTP/1.1" 200 OK
INFO:     [IP-DISAMARKAN]:33514 - "GET /health HTTP/1.1" 200 OK
INFO:     [IP-DISAMARKAN]:52254 - "GET /metrics HTTP/1.1" 307 Temporary Redirect
INFO:     [IP-DISAMARKAN]:52254 - "GET /metrics/ HTTP/1.1" 200 OK
INFO:     [IP-DISAMARKAN]:57656 - "GET /metrics HTTP/1.1" 307 Temporary Redirect
INFO:     [IP-DISAMARKAN]:57656 - "GET /metrics/ HTTP/1.1" 200 OK
INFO:     127.0.0.1:41332 - "GET /health HTTP/1.1" 200 OK
INFO:     [IP-DISAMARKAN]:35154 - "GET /metrics HTTP/1.1" 307 Temporary Redirect
INFO:     [IP-DISAMARKAN]:35154 - "GET /metrics/ HTTP/1.1" 200 OK
INFO:     [IP-DISAMARKAN]:55620 - "GET /health HTTP/1.1" 200 OK
INFO:     [IP-DISAMARKAN]:38414 - "GET /metrics HTTP/1.1" 307 Temporary Redirect
INFO:     [IP-DISAMARKAN]:38414 - "GET /metrics/ HTTP/1.1" 200 OK
INFO:     127.0.0.1:51824 - "GET /health HTTP/1.1" 200 OK
INFO:     [IP-DISAMARKAN]:44710 - "GET /metrics HTTP/1.1" 307 Temporary Redirect
INFO:     [IP-DISAMARKAN]:44710 - "GET /metrics/ HTTP/1.1" 200 OK
INFO:     [IP-DISAMARKAN]:51672 - "GET /health HTTP/1.1" 200 OK
INFO:     [IP-DISAMARKAN]:37664 - "GET /metrics HTTP/1.1" 307 Temporary Redirect
INFO:     [IP-DISAMARKAN]:37664 - "GET /metrics/ HTTP/1.1" 200 OK
INFO:     127.0.0.1:45202 - "GET /health HTTP/1.1" 200 OK
INFO:     [IP-DISAMARKAN]:60882 - "GET /metrics HTTP/1.1" 307 Temporary Redirect
INFO:     [IP-DISAMARKAN]:60882 - "GET /metrics/ HTTP/1.1" 200 OK
INFO:     [IP-DISAMARKAN]:57792 - "GET /health HTTP/1.1" 200 OK
INFO:     [IP-DISAMARKAN]:60820 - "GET /metrics HTTP/1.1" 307 Temporary Redirect
INFO:     [IP-DISAMARKAN]:60820 - "GET /metrics/ HTTP/1.1" 200 OK
INFO:     127.0.0.1:45232 - "GET /health HTTP/1.1" 200 OK
INFO:     [IP-DISAMARKAN]:40420 - "GET /metrics HTTP/1.1" 307 Temporary Redirect
INFO:     [IP-DISAMARKAN]:40420 - "GET /metrics/ HTTP/1.1" 200 OK
INFO:     [IP-DISAMARKAN]:56530 - "GET /metrics HTTP/1.1" 307 Temporary Redirect
INFO:     [IP-DISAMARKAN]:56530 - "GET /metrics/ HTTP/1.1" 200 OK
INFO:     127.0.0.1:47690 - "GET /health HTTP/1.1" 200 OK
INFO:     [IP-DISAMARKAN]:46520 - "GET /health HTTP/1.1" 200 OK
INFO:     [IP-DISAMARKAN]:52206 - "GET /metrics HTTP/1.1" 307 Temporary Redirect
INFO:     [IP-DISAMARKAN]:52206 - "GET /metrics/ HTTP/1.1" 200 OK
INFO:     [IP-DISAMARKAN]:39940 - "GET /metrics HTTP/1.1" 307 Temporary Redirect
INFO:     [IP-DISAMARKAN]:39940 - "GET /metrics/ HTTP/1.1" 200 OK
INFO:     127.0.0.1:34864 - "GET /health HTTP/1.1" 200 OK
INFO:     [IP-DISAMARKAN]:58324 - "GET /health HTTP/1.1" 200 OK
INFO:     [IP-DISAMARKAN]:33892 - "GET /metrics HTTP/1.1" 307 Temporary Redirect
INFO:     [IP-DISAMARKAN]:33892 - "GET /metrics/ HTTP/1.1" 200 OK
INFO:     [IP-DISAMARKAN]:40624 - "GET /metrics HTTP/1.1" 307 Temporary Redirect
INFO:     [IP-DISAMARKAN]:40624 - "GET /metrics/ HTTP/1.1" 200 OK
INFO:     127.0.0.1:38830 - "GET /health HTTP/1.1" 200 OK
INFO:     [IP-DISAMARKAN]:55554 - "GET /health HTTP/1.1" 200 OK
INFO:     [IP-DISAMARKAN]:51234 - "GET /metrics HTTP/1.1" 307 Temporary Redirect
INFO:     [IP-DISAMARKAN]:51234 - "GET /metrics/ HTTP/1.1" 200 OK
INFO:     [IP-DISAMARKAN]:44094 - "GET /metrics HTTP/1.1" 307 Temporary Redirect
INFO:     [IP-DISAMARKAN]:44094 - "GET /metrics/ HTTP/1.1" 200 OK
INFO:     127.0.0.1:41872 - "GET /health HTTP/1.1" 200 OK
INFO:     [IP-DISAMARKAN]:54156 - "GET /metrics HTTP/1.1" 307 Temporary Redirect
INFO:     [IP-DISAMARKAN]:54156 - "GET /metrics/ HTTP/1.1" 200 OK
INFO:     [IP-DISAMARKAN]:37358 - "GET /health HTTP/1.1" 200 OK
INFO:     [IP-DISAMARKAN]:55606 - "GET /metrics HTTP/1.1" 307 Temporary Redirect
INFO:     [IP-DISAMARKAN]:55606 - "GET /metrics/ HTTP/1.1" 200 OK
INFO:     127.0.0.1:42338 - "GET /health HTTP/1.1" 200 OK
INFO:     [IP-DISAMARKAN]:45246 - "GET /metrics HTTP/1.1" 307 Temporary Redirect
INFO:     [IP-DISAMARKAN]:45246 - "GET /metrics/ HTTP/1.1" 200 OK
INFO:     [IP-DISAMARKAN]:40596 - "GET /health HTTP/1.1" 200 OK
INFO:     [IP-DISAMARKAN]:33738 - "GET /metrics HTTP/1.1" 307 Temporary Redirect
INFO:     [IP-DISAMARKAN]:33738 - "GET /metrics/ HTTP/1.1" 200 OK
INFO:     127.0.0.1:41790 - "GET /health HTTP/1.1" 200 OK
INFO:     [IP-DISAMARKAN]:37490 - "GET /metrics HTTP/1.1" 307 Temporary Redirect
INFO:     [IP-DISAMARKAN]:37490 - "GET /metrics/ HTTP/1.1" 200 OK
INFO:     [IP-DISAMARKAN]:38648 - "GET /health HTTP/1.1" 200 OK
INFO:     [IP-DISAMARKAN]:59100 - "GET /metrics HTTP/1.1" 307 Temporary Redirect
INFO:     [IP-DISAMARKAN]:59100 - "GET /metrics/ HTTP/1.1" 200 OK
INFO:     127.0.0.1:39700 - "GET /health HTTP/1.1" 200 OK
INFO:     [IP-DISAMARKAN]:44316 - "GET /metrics HTTP/1.1" 307 Temporary Redirect
INFO:     [IP-DISAMARKAN]:44316 - "GET /metrics/ HTTP/1.1" 200 OK
INFO:     [IP-DISAMARKAN]:43852 - "GET /metrics HTTP/1.1" 307 Temporary Redirect
INFO:     [IP-DISAMARKAN]:43852 - "GET /metrics/ HTTP/1.1" 200 OK
INFO:     [IP-DISAMARKAN]:38788 - "GET /health HTTP/1.1" 200 OK
INFO:     127.0.0.1:44246 - "GET /health HTTP/1.1" 200 OK
INFO:     [IP-DISAMARKAN]:50868 - "GET /metrics HTTP/1.1" 307 Temporary Redirect
INFO:     [IP-DISAMARKAN]:50868 - "GET /metrics/ HTTP/1.1" 200 OK
INFO:     [IP-DISAMARKAN]:47628 - "GET /metrics HTTP/1.1" 307 Temporary Redirect
INFO:     [IP-DISAMARKAN]:47628 - "GET /metrics/ HTTP/1.1" 200 OK
INFO:     127.0.0.1:33450 - "GET /health HTTP/1.1" 200 OK
INFO:     [IP-DISAMARKAN]:38844 - "GET /health HTTP/1.1" 200 OK
INFO:     [IP-DISAMARKAN]:44700 - "GET /metrics HTTP/1.1" 307 Temporary Redirect
INFO:     [IP-DISAMARKAN]:44700 - "GET /metrics/ HTTP/1.1" 200 OK
INFO:     [IP-DISAMARKAN]:49244 - "GET /metrics HTTP/1.1" 307 Temporary Redirect
INFO:     [IP-DISAMARKAN]:49244 - "GET /metrics/ HTTP/1.1" 200 OK
INFO:     127.0.0.1:56938 - "GET /health HTTP/1.1" 200 OK
INFO:     [IP-DISAMARKAN]:51830 - "GET /health HTTP/1.1" 200 OK
INFO:     [IP-DISAMARKAN]:56734 - "GET /metrics HTTP/1.1" 307 Temporary Redirect
INFO:     [IP-DISAMARKAN]:56734 - "GET /metrics/ HTTP/1.1" 200 OK
INFO:     [IP-DISAMARKAN]:34446 - "GET /metrics HTTP/1.1" 307 Temporary Redirect
INFO:     [IP-DISAMARKAN]:34446 - "GET /metrics/ HTTP/1.1" 200 OK
INFO:     127.0.0.1:44180 - "GET /health HTTP/1.1" 200 OK
INFO:     [IP-DISAMARKAN]:51320 - "GET /metrics HTTP/1.1" 307 Temporary Redirect
INFO:     [IP-DISAMARKAN]:51320 - "GET /metrics/ HTTP/1.1" 200 OK
INFO:     [IP-DISAMARKAN]:44176 - "GET /health HTTP/1.1" 200 OK
INFO:     [IP-DISAMARKAN]:58070 - "GET /metrics HTTP/1.1" 307 Temporary Redirect
INFO:     [IP-DISAMARKAN]:58070 - "GET /metrics/ HTTP/1.1" 200 OK
INFO:     127.0.0.1:41798 - "GET /health HTTP/1.1" 200 OK
INFO:     [IP-DISAMARKAN]:43798 - "GET /metrics HTTP/1.1" 307 Temporary Redirect
INFO:     [IP-DISAMARKAN]:43798 - "GET /metrics/ HTTP/1.1" 200 OK
INFO:     [IP-DISAMARKAN]:43708 - "GET /health HTTP/1.1" 200 OK
INFO:     [IP-DISAMARKAN]:56988 - "GET /metrics HTTP/1.1" 307 Temporary Redirect
INFO:     [IP-DISAMARKAN]:56988 - "GET /metrics/ HTTP/1.1" 200 OK
INFO:     127.0.0.1:34700 - "GET /health HTTP/1.1" 200 OK
INFO:     [IP-DISAMARKAN]:44842 - "GET /metrics HTTP/1.1" 307 Temporary Redirect
INFO:     [IP-DISAMARKAN]:44842 - "GET /metrics/ HTTP/1.1" 200 OK
INFO:     [IP-DISAMARKAN]:54374 - "GET /health HTTP/1.1" 200 OK
INFO:     [IP-DISAMARKAN]:45592 - "GET /metrics HTTP/1.1" 307 Temporary Redirect
INFO:     [IP-DISAMARKAN]:45592 - "GET /metrics/ HTTP/1.1" 200 OK
INFO:     127.0.0.1:48670 - "GET /health HTTP/1.1" 200 OK
INFO:     [IP-DISAMARKAN]:53716 - "GET /metrics HTTP/1.1" 307 Temporary Redirect
INFO:     [IP-DISAMARKAN]:53716 - "GET /metrics/ HTTP/1.1" 200 OK
INFO:     [IP-DISAMARKAN]:55638 - "GET /health HTTP/1.1" 200 OK
INFO:     [IP-DISAMARKAN]:43458 - "GET /metrics HTTP/1.1" 307 Temporary Redirect
INFO:     [IP-DISAMARKAN]:43458 - "GET /metrics/ HTTP/1.1" 200 OK
INFO:     127.0.0.1:41100 - "GET /health HTTP/1.1" 200 OK
INFO:     [IP-DISAMARKAN]:53496 - "GET /metrics HTTP/1.1" 307 Temporary Redirect
INFO:     [IP-DISAMARKAN]:53496 - "GET /metrics/ HTTP/1.1" 200 OK
INFO:     [IP-DISAMARKAN]:55958 - "GET /metrics HTTP/1.1" 307 Temporary Redirect
INFO:     [IP-DISAMARKAN]:55958 - "GET /metrics/ HTTP/1.1" 200 OK
INFO:     [IP-DISAMARKAN]:33072 - "GET /health HTTP/1.1" 200 OK
INFO:     127.0.0.1:55676 - "GET /health HTTP/1.1" 200 OK
INFO:     [IP-DISAMARKAN]:54232 - "GET /metrics HTTP/1.1" 307 Temporary Redirect
INFO:     [IP-DISAMARKAN]:54232 - "GET /metrics/ HTTP/1.1" 200 OK
INFO:     [IP-DISAMARKAN]:50256 - "GET /metrics HTTP/1.1" 307 Temporary Redirect
INFO:     [IP-DISAMARKAN]:50256 - "GET /metrics/ HTTP/1.1" 200 OK
INFO:     127.0.0.1:43484 - "GET /health HTTP/1.1" 200 OK
INFO:     [IP-DISAMARKAN]:59334 - "GET /health HTTP/1.1" 200 OK
INFO:     [IP-DISAMARKAN]:55528 - "GET /metrics HTTP/1.1" 307 Temporary Redirect
INFO:     [IP-DISAMARKAN]:55528 - "GET /metrics/ HTTP/1.1" 200 OK
INFO:     [IP-DISAMARKAN]:43642 - "GET /metrics HTTP/1.1" 307 Temporary Redirect
INFO:     [IP-DISAMARKAN]:43642 - "GET /metrics/ HTTP/1.1" 200 OK
INFO:     127.0.0.1:41774 - "GET /health HTTP/1.1" 200 OK
INFO:     [IP-DISAMARKAN]:49292 - "GET /health HTTP/1.1" 200 OK
INFO:     [IP-DISAMARKAN]:55368 - "GET /metrics HTTP/1.1" 307 Temporary Redirect
INFO:     [IP-DISAMARKAN]:55368 - "GET /metrics/ HTTP/1.1" 200 OK
INFO:     [IP-DISAMARKAN]:52706 - "GET /metrics HTTP/1.1" 307 Temporary Redirect
INFO:     [IP-DISAMARKAN]:52706 - "GET /metrics/ HTTP/1.1" 200 OK
INFO:     127.0.0.1:35330 - "GET /health HTTP/1.1" 200 OK
INFO:     [IP-DISAMARKAN]:59782 - "GET /health HTTP/1.1" 200 OK
INFO:     [IP-DISAMARKAN]:58562 - "GET /metrics HTTP/1.1" 307 Temporary Redirect
INFO:     [IP-DISAMARKAN]:58562 - "GET /metrics/ HTTP/1.1" 200 OK
INFO:     [IP-DISAMARKAN]:51874 - "GET /metrics HTTP/1.1" 307 Temporary Redirect
INFO:     [IP-DISAMARKAN]:51874 - "GET /metrics/ HTTP/1.1" 200 OK
INFO:     127.0.0.1:45018 - "GET /health HTTP/1.1" 200 OK
INFO:     [IP-DISAMARKAN]:60118 - "GET /health HTTP/1.1" 200 OK
INFO:     [IP-DISAMARKAN]:55828 - "GET /metrics HTTP/1.1" 307 Temporary Redirect
INFO:     [IP-DISAMARKAN]:55828 - "GET /metrics/ HTTP/1.1" 200 OK
INFO:     [IP-DISAMARKAN]:53930 - "GET /metrics HTTP/1.1" 307 Temporary Redirect
INFO:     [IP-DISAMARKAN]:53930 - "GET /metrics/ HTTP/1.1" 200 OK