{"time": "2026-06-26T19:20:42", "level": "INFO", "name": "faster_whisper", "msg": "Detected language 'en' with probability 0.52"}
{"time": "2026-06-26T19:20:43", "level": "INFO", "name": "faster_whisper", "msg": "Processing audio with duration 00:03.000"}
{"time": "2026-06-26T19:20:47", "level": "INFO", "name": "faster_whisper", "msg": "Detected language 'en' with probability 0.52"}
{"time": "2026-06-26T19:20:48", "level": "INFO", "name": "faster_whisper", "msg": "Processing audio with duration 00:03.000"}
INFO:     [IP-DISAMARKAN]:44944 - "GET /metrics HTTP/1.1" 307 Temporary Redirect
INFO:     [IP-DISAMARKAN]:44944 - "GET /metrics/ HTTP/1.1" 200 OK
{"time": "2026-06-26T19:20:53", "level": "INFO", "name": "faster_whisper", "msg": "Detected language 'en' with probability 0.52"}
{"time": "2026-06-26T19:20:53", "level": "INFO", "name": "faster_whisper", "msg": "Processing audio with duration 00:03.000"}
{"time": "2026-06-26T19:20:58", "level": "INFO", "name": "faster_whisper", "msg": "Detected language 'en' with probability 0.52"}
INFO:     [IP-DISAMARKAN]:53892 - "GET /health HTTP/1.1" 200 OK
INFO:     [IP-DISAMARKAN]:44304 - "GET /metrics HTTP/1.1" 307 Temporary Redirect
INFO:     [IP-DISAMARKAN]:44304 - "GET /metrics/ HTTP/1.1" 200 OK
INFO:     127.0.0.1:54728 - "GET /health HTTP/1.1" 200 OK
INFO:     [IP-DISAMARKAN]:54390 - "GET /metrics HTTP/1.1" 307 Temporary Redirect
INFO:     [IP-DISAMARKAN]:54390 - "GET /metrics/ HTTP/1.1" 200 OK
INFO:     [IP-DISAMARKAN]:47460 - "GET /health HTTP/1.1" 200 OK
INFO:     [IP-DISAMARKAN]:41606 - "GET /metrics HTTP/1.1" 307 Temporary Redirect
INFO:     [IP-DISAMARKAN]:41606 - "GET /metrics/ HTTP/1.1" 200 OK
INFO:     127.0.0.1:57396 - "GET /health HTTP/1.1" 200 OK
INFO:     [IP-DISAMARKAN]:44858 - "GET /metrics HTTP/1.1" 307 Temporary Redirect
INFO:     [IP-DISAMARKAN]:44858 - "GET /metrics/ HTTP/1.1" 200 OK
INFO:     [IP-DISAMARKAN]:37362 - "GET /health HTTP/1.1" 200 OK
INFO:     [IP-DISAMARKAN]:59178 - "GET /metrics HTTP/1.1" 307 Temporary Redirect
INFO:     [IP-DISAMARKAN]:59178 - "GET /metrics/ HTTP/1.1" 200 OK
INFO:     127.0.0.1:59888 - "GET /health HTTP/1.1" 200 OK
INFO:     [IP-DISAMARKAN]:48972 - "GET /metrics HTTP/1.1" 307 Temporary Redirect
INFO:     [IP-DISAMARKAN]:48972 - "GET /metrics/ HTTP/1.1" 200 OK
INFO:     [IP-DISAMARKAN]:58806 - "GET /health HTTP/1.1" 200 OK
INFO:     [IP-DISAMARKAN]:38674 - "GET /metrics HTTP/1.1" 307 Temporary Redirect
INFO:     [IP-DISAMARKAN]:38674 - "GET /metrics/ HTTP/1.1" 200 OK
INFO:     127.0.0.1:40822 - "GET /health HTTP/1.1" 200 OK
INFO:     [IP-DISAMARKAN]:40022 - "GET /metrics HTTP/1.1" 307 Temporary Redirect
INFO:     [IP-DISAMARKAN]:40022 - "GET /metrics/ HTTP/1.1" 200 OK
INFO:     [IP-DISAMARKAN]:51950 - "GET /health HTTP/1.1" 200 OK
INFO:     [IP-DISAMARKAN]:58402 - "GET /metrics HTTP/1.1" 307 Temporary Redirect
INFO:     [IP-DISAMARKAN]:58402 - "GET /metrics/ HTTP/1.1" 200 OK
INFO:     127.0.0.1:56506 - "GET /health HTTP/1.1" 200 OK
INFO:     [IP-DISAMARKAN]:36686 - "GET /metrics HTTP/1.1" 307 Temporary Redirect
INFO:     [IP-DISAMARKAN]:36686 - "GET /metrics/ HTTP/1.1" 200 OK
INFO:     [IP-DISAMARKAN]:34650 - "GET /health HTTP/1.1" 200 OK
INFO:     [IP-DISAMARKAN]:48066 - "GET /metrics HTTP/1.1" 307 Temporary Redirect
INFO:     [IP-DISAMARKAN]:48066 - "GET /metrics/ HTTP/1.1" 200 OK
INFO:     127.0.0.1:58732 - "GET /health HTTP/1.1" 200 OK
INFO:     [IP-DISAMARKAN]:55316 - "GET /metrics HTTP/1.1" 307 Temporary Redirect
INFO:     [IP-DISAMARKAN]:55316 - "GET /metrics/ HTTP/1.1" 200 OK
INFO:     [IP-DISAMARKAN]:33000 - "GET /health HTTP/1.1" 200 OK
INFO:     [IP-DISAMARKAN]:60630 - "GET /metrics HTTP/1.1" 307 Temporary Redirect
INFO:     [IP-DISAMARKAN]:60630 - "GET /metrics/ HTTP/1.1" 200 OK
INFO:     127.0.0.1:58336 - "GET /health HTTP/1.1" 200 OK
INFO:     [IP-DISAMARKAN]:38656 - "GET /metrics HTTP/1.1" 307 Temporary Redirect
INFO:     [IP-DISAMARKAN]:38656 - "GET /metrics/ HTTP/1.1" 200 OK
INFO:     [IP-DISAMARKAN]:35206 - "GET /health HTTP/1.1" 200 OK
INFO:     [IP-DISAMARKAN]:48896 - "GET /metrics HTTP/1.1" 307 Temporary Redirect
INFO:     [IP-DISAMARKAN]:48896 - "GET /metrics/ HTTP/1.1" 200 OK
INFO:     127.0.0.1:60242 - "GET /health HTTP/1.1" 200 OK
INFO:     [IP-DISAMARKAN]:45844 - "GET /metrics HTTP/1.1" 307 Temporary Redirect
INFO:     [IP-DISAMARKAN]:45844 - "GET /metrics/ HTTP/1.1" 200 OK
INFO:     [IP-DISAMARKAN]:42764 - "GET /health HTTP/1.1" 200 OK
INFO:     [IP-DISAMARKAN]:52626 - "GET /metrics HTTP/1.1" 307 Temporary Redirect
INFO:     [IP-DISAMARKAN]:52626 - "GET /metrics/ HTTP/1.1" 200 OK
INFO:     127.0.0.1:50874 - "GET /health HTTP/1.1" 200 OK
INFO:     [IP-DISAMARKAN]:54628 - "GET /metrics HTTP/1.1" 307 Temporary Redirect
INFO:     [IP-DISAMARKAN]:54628 - "GET /metrics/ HTTP/1.1" 200 OK
INFO:     [IP-DISAMARKAN]:37284 - "GET /health HTTP/1.1" 200 OK
INFO:     [IP-DISAMARKAN]:53934 - "GET /metrics HTTP/1.1" 307 Temporary Redirect
INFO:     [IP-DISAMARKAN]:53934 - "GET /metrics/ HTTP/1.1" 200 OK
INFO:     127.0.0.1:33470 - "GET /health HTTP/1.1" 200 OK
INFO:     [IP-DISAMARKAN]:52232 - "GET /metrics HTTP/1.1" 307 Temporary Redirect
INFO:     [IP-DISAMARKAN]:52232 - "GET /metrics/ HTTP/1.1" 200 OK
INFO:     [IP-DISAMARKAN]:34972 - "GET /health HTTP/1.1" 200 OK
INFO:     [IP-DISAMARKAN]:38746 - "GET /metrics HTTP/1.1" 307 Temporary Redirect
INFO:     [IP-DISAMARKAN]:38746 - "GET /metrics/ HTTP/1.1" 200 OK
INFO:     127.0.0.1:36158 - "GET /health HTTP/1.1" 200 OK
INFO:     [IP-DISAMARKAN]:59680 - "GET /metrics HTTP/1.1" 307 Temporary Redirect
INFO:     [IP-DISAMARKAN]:59680 - "GET /metrics/ HTTP/1.1" 200 OK
INFO:     [IP-DISAMARKAN]:43018 - "GET /health HTTP/1.1" 200 OK
INFO:     [IP-DISAMARKAN]:42398 - "GET /metrics HTTP/1.1" 307 Temporary Redirect
INFO:     [IP-DISAMARKAN]:42398 - "GET /metrics/ HTTP/1.1" 200 OK
INFO:     127.0.0.1:55764 - "GET /health HTTP/1.1" 200 OK
INFO:     [IP-DISAMARKAN]:40312 - "GET /metrics HTTP/1.1" 307 Temporary Redirect
INFO:     [IP-DISAMARKAN]:40312 - "GET /metrics/ HTTP/1.1" 200 OK
INFO:     [IP-DISAMARKAN]:40104 - "GET /health HTTP/1.1" 200 OK
INFO:     [IP-DISAMARKAN]:48082 - "GET /metrics HTTP/1.1" 307 Temporary Redirect
INFO:     [IP-DISAMARKAN]:48082 - "GET /metrics/ HTTP/1.1" 200 OK
INFO:     127.0.0.1:42044 - "GET /health HTTP/1.1" 200 OK
INFO:     [IP-DISAMARKAN]:57596 - "GET /metrics HTTP/1.1" 307 Temporary Redirect
INFO:     [IP-DISAMARKAN]:57596 - "GET /metrics/ HTTP/1.1" 200 OK
INFO:     [IP-DISAMARKAN]:60990 - "GET /health HTTP/1.1" 200 OK
{"time": "2026-06-26T19:27:30", "level": "INFO", "name": "faster_whisper", "msg": "Processing audio with duration 00:03.000"}
{"time": "2026-06-26T19:27:34", "level": "INFO", "name": "faster_whisper", "msg": "Detected language 'en' with probability 0.52"}
INFO:     [IP-DISAMARKAN]:57408 - "GET /metrics HTTP/1.1" 307 Temporary Redirect
INFO:     [IP-DISAMARKAN]:57408 - "GET /metrics/ HTTP/1.1" 200 OK
{"time": "2026-06-26T19:27:36", "level": "INFO", "name": "faster_whisper", "msg": "Processing audio with duration 00:03.000"}
{"time": "2026-06-26T19:27:40", "level": "INFO", "name": "faster_whisper", "msg": "Detected language 'en' with probability 0.52"}
INFO:     127.0.0.1:35774 - "GET /health HTTP/1.1" 200 OK
{"time": "2026-06-26T19:27:42", "level": "INFO", "name": "faster_whisper", "msg": "Processing audio with duration 00:03.000"}
{"time": "2026-06-26T19:27:46", "level": "INFO", "name": "faster_whisper", "msg": "Detected language 'en' with probability 0.52"}
{"time": "2026-06-26T19:27:47", "level": "INFO", "name": "faster_whisper", "msg": "Processing audio with duration 00:03.000"}
INFO:     [IP-DISAMARKAN]:40092 - "GET /metrics HTTP/1.1" 307 Temporary Redirect
INFO:     [IP-DISAMARKAN]:40092 - "GET /metrics/ HTTP/1.1" 200 OK
{"time": "2026-06-26T19:27:51", "level": "INFO", "name": "faster_whisper", "msg": "Detected language 'en' with probability 0.52"}
{"time": "2026-06-26T19:27:52", "level": "INFO", "name": "faster_whisper", "msg": "Processing audio with duration 00:03.000"}
{"time": "2026-06-26T19:27:56", "level": "INFO", "name": "faster_whisper", "msg": "Detected language 'en' with probability 0.52"}
{"time": "2026-06-26T19:27:57", "level": "INFO", "name": "faster_whisper", "msg": "Processing audio with duration 00:03.000"}
INFO:     [IP-DISAMARKAN]:45978 - "GET /health HTTP/1.1" 200 OK
{"time": "2026-06-26T19:28:01", "level": "INFO", "name": "faster_whisper", "msg": "Detected language 'en' with probability 0.52"}
{"time": "2026-06-26T19:28:02", "level": "INFO", "name": "faster_whisper", "msg": "Processing audio with duration 00:03.000"}
INFO:     [IP-DISAMARKAN]:41438 - "GET /metrics HTTP/1.1" 307 Temporary Redirect
INFO:     [IP-DISAMARKAN]:41438 - "GET /metrics/ HTTP/1.1" 200 OK
{"time": "2026-06-26T19:28:07", "level": "INFO", "name": "faster_whisper", "msg": "Detected language 'en' with probability 0.52"}
{"time": "2026-06-26T19:28:07", "level": "INFO", "name": "faster_whisper", "msg": "Processing audio with duration 00:03.000"}
INFO:     127.0.0.1:60576 - "GET /health HTTP/1.1" 200 OK
{"time": "2026-06-26T19:28:12", "level": "INFO", "name": "faster_whisper", "msg": "Detected language 'en' with probability 0.52"}
{"time": "2026-06-26T19:28:13", "level": "INFO", "name": "faster_whisper", "msg": "Processing audio with duration 00:03.000"}
{"time": "2026-06-26T19:28:17", "level": "INFO", "name": "faster_whisper", "msg": "Detected language 'en' with probability 0.52"}
{"time": "2026-06-26T19:28:18", "level": "INFO", "name": "faster_whisper", "msg": "Processing audio with duration 00:03.000"}
INFO:     [IP-DISAMARKAN]:53202 - "GET /metrics HTTP/1.1" 307 Temporary Redirect
INFO:     [IP-DISAMARKAN]:53202 - "GET /metrics/ HTTP/1.1" 200 OK
{"time": "2026-06-26T19:28:22", "level": "INFO", "name": "faster_whisper", "msg": "Detected language 'en' with probability 0.52"}
{"time": "2026-06-26T19:28:23", "level": "INFO", "name": "faster_whisper", "msg": "Processing audio with duration 00:03.000"}
{"time": "2026-06-26T19:28:27", "level": "INFO", "name": "faster_whisper", "msg": "Detected language 'en' with probability 0.52"}
{"time": "2026-06-26T19:28:28", "level": "INFO", "name": "faster_whisper", "msg": "Processing audio with duration 00:03.000"}
INFO:     [IP-DISAMARKAN]:51786 - "GET /health HTTP/1.1" 200 OK
{"time": "2026-06-26T19:28:32", "level": "INFO", "name": "faster_whisper", "msg": "Detected language 'en' with probability 0.52"}
{"time": "2026-06-26T19:28:33", "level": "INFO", "name": "faster_whisper", "msg": "Processing audio with duration 00:03.000"}
INFO:     [IP-DISAMARKAN]:51626 - "GET /metrics HTTP/1.1" 307 Temporary Redirect
INFO:     [IP-DISAMARKAN]:51626 - "GET /metrics/ HTTP/1.1" 200 OK
{"time": "2026-06-26T19:28:38", "level": "INFO", "name": "faster_whisper", "msg": "Detected language 'en' with probability 0.52"}
{"time": "2026-06-26T19:28:38", "level": "INFO", "name": "faster_whisper", "msg": "Processing audio with duration 00:03.000"}
INFO:     127.0.0.1:36884 - "GET /health HTTP/1.1" 200 OK
{"time": "2026-06-26T19:28:43", "level": "INFO", "name": "faster_whisper", "msg": "Detected language 'en' with probability 0.52"}
{"time": "2026-06-26T19:28:44", "level": "INFO", "name": "faster_whisper", "msg": "Processing audio with duration 00:03.000"}
{"time": "2026-06-26T19:28:48", "level": "INFO", "name": "faster_whisper", "msg": "Detected language 'en' with probability 0.52"}
{"time": "2026-06-26T19:28:49", "level": "INFO", "name": "faster_whisper", "msg": "Processing audio with duration 00:03.000"}
INFO:     [IP-DISAMARKAN]:57352 - "GET /metrics HTTP/1.1" 307 Temporary Redirect
INFO:     [IP-DISAMARKAN]:57352 - "GET /metrics/ HTTP/1.1" 200 OK
{"time": "2026-06-26T19:28:53", "level": "INFO", "name": "faster_whisper", "msg": "Detected language 'en' with probability 0.52"}
{"time": "2026-06-26T19:28:54", "level": "INFO", "name": "faster_whisper", "msg": "Processing audio with duration 00:03.000"}
{"time": "2026-06-26T19:28:58", "level": "INFO", "name": "faster_whisper", "msg": "Detected language 'en' with probability 0.52"}
{"time": "2026-06-26T19:28:59", "level": "INFO", "name": "faster_whisper", "msg": "Processing audio with duration 00:03.000"}
{"time": "2026-06-26T19:29:03", "level": "INFO", "name": "faster_whisper", "msg": "Detected language 'en' with probability 0.52"}
{"time": "2026-06-26T19:29:04", "level": "INFO", "name": "faster_whisper", "msg": "Processing audio with duration 00:03.000"}
INFO:     [IP-DISAMARKAN]:38258 - "GET /metrics HTTP/1.1" 307 Temporary Redirect
INFO:     [IP-DISAMARKAN]:38258 - "GET /metrics/ HTTP/1.1" 200 OK
INFO:     [IP-DISAMARKAN]:60260 - "GET /health HTTP/1.1" 200 OK
{"time": "2026-06-26T19:29:08", "level": "INFO", "name": "faster_whisper", "msg": "Detected language 'en' with probability 0.52"}
{"time": "2026-06-26T19:29:09", "level": "INFO", "name": "faster_whisper", "msg": "Processing audio with duration 00:03.000"}
INFO:     127.0.0.1:50456 - "GET /health HTTP/1.1" 200 OK
{"time": "2026-06-26T19:29:14", "level": "INFO", "name": "faster_whisper", "msg": "Detected language 'en' with probability 0.52"}
{"time": "2026-06-26T19:29:14", "level": "INFO", "name": "faster_whisper", "msg": "Processing audio with duration 00:03.000"}
{"time": "2026-06-26T19:29:19", "level": "INFO", "name": "faster_whisper", "msg": "Detected language 'en' with probability 0.52"}
INFO:     [IP-DISAMARKAN]:54828 - "GET /metrics HTTP/1.1" 307 Temporary Redirect
INFO:     [IP-DISAMARKAN]:54828 - "GET /metrics/ HTTP/1.1" 200 OK
{"time": "2026-06-26T19:29:20", "level": "INFO", "name": "faster_whisper", "msg": "Processing audio with duration 00:03.000"}
{"time": "2026-06-26T19:29:24", "level": "INFO", "name": "faster_whisper", "msg": "Detected language 'en' with probability 0.52"}
{"time": "2026-06-26T19:29:25", "level": "INFO", "name": "faster_whisper", "msg": "Processing audio with duration 00:03.000"}
{"time": "2026-06-26T19:29:29", "level": "INFO", "name": "faster_whisper", "msg": "Detected language 'en' with probability 0.52"}
{"time": "2026-06-26T19:29:30", "level": "INFO", "name": "faster_whisper", "msg": "Processing audio with duration 00:03.000"}
{"time": "2026-06-26T19:29:34", "level": "INFO", "name": "faster_whisper", "msg": "Detected language 'en' with probability 0.52"}
INFO:     [IP-DISAMARKAN]:53084 - "GET /metrics HTTP/1.1" 307 Temporary Redirect
INFO:     [IP-DISAMARKAN]:53084 - "GET /metrics/ HTTP/1.1" 200 OK
{"time": "2026-06-26T19:29:35", "level": "INFO", "name": "faster_whisper", "msg": "Processing audio with duration 00:03.000"}
INFO:     [IP-DISAMARKAN]:49234 - "GET /health HTTP/1.1" 200 OK
{"time": "2026-06-26T19:29:39", "level": "INFO", "name": "faster_whisper", "msg": "Detected language 'en' with probability 0.52"}
{"time": "2026-06-26T19:29:40", "level": "INFO", "name": "faster_whisper", "msg": "Processing audio with duration 00:03.000"}
INFO:     127.0.0.1:51892 - "GET /health HTTP/1.1" 200 OK
{"time": "2026-06-26T19:29:45", "level": "INFO", "name": "faster_whisper", "msg": "Detected language 'en' with probability 0.52"}
{"time": "2026-06-26T19:29:46", "level": "INFO", "name": "faster_whisper", "msg": "Processing audio with duration 00:03.000"}
INFO:     [IP-DISAMARKAN]:50228 - "GET /metrics HTTP/1.1" 307 Temporary Redirect
INFO:     [IP-DISAMARKAN]:50228 - "GET /metrics/ HTTP/1.1" 200 OK
{"time": "2026-06-26T19:29:50", "level": "INFO", "name": "faster_whisper", "msg": "Detected language 'en' with probability 0.52"}
{"time": "2026-06-26T19:29:51", "level": "INFO", "name": "faster_whisper", "msg": "Processing audio with duration 00:03.000"}
{"time": "2026-06-26T19:29:55", "level": "INFO", "name": "faster_whisper", "msg": "Detected language 'en' with probability 0.52"}
{"time": "2026-06-26T19:29:56", "level": "INFO", "name": "faster_whisper", "msg": "Processing audio with duration 00:03.000"}
{"time": "2026-06-26T19:30:00", "level": "INFO", "name": "faster_whisper", "msg": "Detected language 'en' with probability 0.52"}
{"time": "2026-06-26T19:30:01", "level": "INFO", "name": "faster_whisper", "msg": "Processing audio with duration 00:03.000"}
INFO:     [IP-DISAMARKAN]:54068 - "GET /metrics HTTP/1.1" 307 Temporary Redirect
INFO:     [IP-DISAMARKAN]:54068 - "GET /metrics/ HTTP/1.1" 200 OK
{"time": "2026-06-26T19:30:05", "level": "INFO", "name": "faster_whisper", "msg": "Detected language 'en' with probability 0.52"}
{"time": "2026-06-26T19:30:06", "level": "INFO", "name": "faster_whisper", "msg": "Processing audio with duration 00:03.000"}
{"time": "2026-06-26T19:30:11", "level": "INFO", "name": "faster_whisper", "msg": "Detected language 'en' with probability 0.52"}
{"time": "2026-06-26T19:30:11", "level": "INFO", "name": "faster_whisper", "msg": "Processing audio with duration 00:03.000"}
INFO:     127.0.0.1:57988 - "GET /health HTTP/1.1" 200 OK
INFO:     [IP-DISAMARKAN]:40186 - "GET /health HTTP/1.1" 200 OK
{"time": "2026-06-26T19:30:16", "level": "INFO", "name": "faster_whisper", "msg": "Detected language 'en' with probability 0.52"}
{"time": "2026-06-26T19:30:17", "level": "INFO", "name": "faster_whisper", "msg": "Processing audio with duration 00:03.000"}
INFO:     [IP-DISAMARKAN]:34258 - "GET /metrics HTTP/1.1" 307 Temporary Redirect
INFO:     [IP-DISAMARKAN]:34258 - "GET /metrics/ HTTP/1.1" 200 OK
{"time": "2026-06-26T19:30:21", "level": "INFO", "name": "faster_whisper", "msg": "Detected language 'en' with probability 0.52"}
{"time": "2026-06-26T19:30:22", "level": "INFO", "name": "faster_whisper", "msg": "Processing audio with duration 00:03.000"}
{"time": "2026-06-26T19:30:26", "level": "INFO", "name": "faster_whisper", "msg": "Detected language 'en' with probability 0.52"}
{"time": "2026-06-26T19:30:27", "level": "INFO", "name": "faster_whisper", "msg": "Processing audio with duration 00:03.000"}
{"time": "2026-06-26T19:30:31", "level": "INFO", "name": "faster_whisper", "msg": "Detected language 'en' with probability 0.52"}
{"time": "2026-06-26T19:30:32", "level": "INFO", "name": "faster_whisper", "msg": "Processing audio with duration 00:03.000"}
INFO:     [IP-DISAMARKAN]:51280 - "GET /metrics HTTP/1.1" 307 Temporary Redirect
INFO:     [IP-DISAMARKAN]:51280 - "GET /metrics/ HTTP/1.1" 200 OK
{"time": "2026-06-26T19:30:37", "level": "INFO", "name": "faster_whisper", "msg": "Detected language 'en' with probability 0.52"}
{"time": "2026-06-26T19:30:37", "level": "INFO", "name": "faster_whisper", "msg": "Processing audio with duration 00:03.000"}
{"time": "2026-06-26T19:30:42", "level": "INFO", "name": "faster_whisper", "msg": "Detected language 'en' with probability 0.52"}
{"time": "2026-06-26T19:30:43", "level": "INFO", "name": "faster_whisper", "msg": "Processing audio with duration 00:03.000"}
INFO:     127.0.0.1:42064 - "GET /health HTTP/1.1" 200 OK
{"time": "2026-06-26T19:30:47", "level": "INFO", "name": "faster_whisper", "msg": "Detected language 'en' with probability 0.52"}
{"time": "2026-06-26T19:30:48", "level": "INFO", "name": "faster_whisper", "msg": "Processing audio with duration 00:03.000"}
INFO:     [IP-DISAMARKAN]:48522 - "GET /health HTTP/1.1" 200 OK
INFO:     [IP-DISAMARKAN]:48540 - "GET /metrics HTTP/1.1" 307 Temporary Redirect
INFO:     [IP-DISAMARKAN]:48540 - "GET /metrics/ HTTP/1.1" 200 OK
{"time": "2026-06-26T19:30:52", "level": "INFO", "name": "faster_whisper", "msg": "Detected language 'en' with probability 0.52"}
{"time": "2026-06-26T19:30:53", "level": "INFO", "name": "faster_whisper", "msg": "Processing audio with duration 00:03.000"}
{"time": "2026-06-26T19:30:57", "level": "INFO", "name": "faster_whisper", "msg": "Detected language 'en' with probability 0.52"}
{"time": "2026-06-26T19:30:58", "level": "INFO", "name": "faster_whisper", "msg": "Processing audio with duration 00:03.000"}
{"time": "2026-06-26T19:31:03", "level": "INFO", "name": "faster_whisper", "msg": "Detected language 'en' with probability 0.52"}
{"time": "2026-06-26T19:31:03", "level": "INFO", "name": "faster_whisper", "msg": "Processing audio with duration 00:03.000"}
INFO:     [IP-DISAMARKAN]:38492 - "GET /metrics HTTP/1.1" 307 Temporary Redirect
INFO:     [IP-DISAMARKAN]:38492 - "GET /metrics/ HTTP/1.1" 200 OK
{"time": "2026-06-26T19:31:08", "level": "INFO", "name": "faster_whisper", "msg": "Detected language 'en' with probability 0.52"}
{"time": "2026-06-26T19:31:08", "level": "INFO", "name": "faster_whisper", "msg": "Processing audio with duration 00:03.000"}
{"time": "2026-06-26T19:31:13", "level": "INFO", "name": "faster_whisper", "msg": "Detected language 'en' with probability 0.52"}
{"time": "2026-06-26T19:31:14", "level": "INFO", "name": "faster_whisper", "msg": "Processing audio with duration 00:03.000"}
INFO:     127.0.0.1:41024 - "GET /health HTTP/1.1" 200 OK
{"time": "2026-06-26T19:31:18", "level": "INFO", "name": "faster_whisper", "msg": "Detected language 'en' with probability 0.52"}
{"time": "2026-06-26T19:31:19", "level": "INFO", "name": "faster_whisper", "msg": "Processing audio with duration 00:03.000"}
INFO:     [IP-DISAMARKAN]:37414 - "GET /metrics HTTP/1.1" 307 Temporary Redirect
INFO:     [IP-DISAMARKAN]:37414 - "GET /metrics/ HTTP/1.1" 200 OK
{"time": "2026-06-26T19:31:23", "level": "INFO", "name": "faster_whisper", "msg": "Detected language 'en' with probability 0.52"}
{"time": "2026-06-26T19:31:24", "level": "INFO", "name": "faster_whisper", "msg": "Processing audio with duration 00:03.000"}
INFO:     [IP-DISAMARKAN]:40126 - "GET /health HTTP/1.1" 200 OK
{"time": "2026-06-26T19:31:29", "level": "INFO", "name": "faster_whisper", "msg": "Detected language 'en' with probability 0.52"}
{"time": "2026-06-26T19:31:29", "level": "INFO", "name": "faster_whisper", "msg": "Processing audio with duration 00:03.000"}
{"time": "2026-06-26T19:31:34", "level": "INFO", "name": "faster_whisper", "msg": "Detected language 'en' with probability 0.52"}
INFO:     [IP-DISAMARKAN]:56672 - "GET /metrics HTTP/1.1" 307 Temporary Redirect
INFO:     [IP-DISAMARKAN]:56672 - "GET /metrics/ HTTP/1.1" 200 OK
{"time": "2026-06-26T19:31:35", "level": "INFO", "name": "faster_whisper", "msg": "Processing audio with duration 00:03.000"}
{"time": "2026-06-26T19:31:39", "level": "INFO", "name": "faster_whisper", "msg": "Detected language 'en' with probability 0.52"}
{"time": "2026-06-26T19:31:40", "level": "INFO", "name": "faster_whisper", "msg": "Processing audio with duration 00:03.000"}
{"time": "2026-06-26T19:31:44", "level": "INFO", "name": "faster_whisper", "msg": "Detected language 'en' with probability 0.52"}
{"time": "2026-06-26T19:31:45", "level": "INFO", "name": "faster_whisper", "msg": "Processing audio with duration 00:03.000"}
INFO:     127.0.0.1:46464 - "GET /health HTTP/1.1" 200 OK
{"time": "2026-06-26T19:31:49", "level": "INFO", "name": "faster_whisper", "msg": "Detected language 'en' with probability 0.52"}
INFO:     [IP-DISAMARKAN]:37234 - "GET /metrics HTTP/1.1" 307 Temporary Redirect
INFO:     [IP-DISAMARKAN]:37234 - "GET /metrics/ HTTP/1.1" 200 OK
{"time": "2026-06-26T19:31:50", "level": "INFO", "name": "faster_whisper", "msg": "Processing audio with duration 00:03.000"}
{"time": "2026-06-26T19:31:55", "level": "INFO", "name": "faster_whisper", "msg": "Detected language 'en' with probability 0.52"}
{"time": "2026-06-26T19:31:55", "level": "INFO", "name": "faster_whisper", "msg": "Processing audio with duration 00:03.000"}
INFO:     [IP-DISAMARKAN]:58978 - "GET /health HTTP/1.1" 200 OK
{"time": "2026-06-26T19:32:00", "level": "INFO", "name": "faster_whisper", "msg": "Detected language 'en' with probability 0.52"}
{"time": "2026-06-26T19:32:00", "level": "INFO", "name": "faster_whisper", "msg": "Processing audio with duration 00:03.000"}
INFO:     [IP-DISAMARKAN]:58938 - "GET /metrics HTTP/1.1" 307 Temporary Redirect
INFO:     [IP-DISAMARKAN]:58938 - "GET /metrics/ HTTP/1.1" 200 OK
{"time": "2026-06-26T19:32:05", "level": "INFO", "name": "faster_whisper", "msg": "Detected language 'en' with probability 0.52"}
{"time": "2026-06-26T19:32:06", "level": "INFO", "name": "faster_whisper", "msg": "Processing audio with duration 00:03.000"}
{"time": "2026-06-26T19:32:10", "level": "INFO", "name": "faster_whisper", "msg": "Detected language 'en' with probability 0.52"}
{"time": "2026-06-26T19:32:11", "level": "INFO", "name": "faster_whisper", "msg": "Processing audio with duration 00:03.000"}
{"time": "2026-06-26T19:32:15", "level": "INFO", "name": "faster_whisper", "msg": "Detected language 'en' with probability 0.52"}
{"time": "2026-06-26T19:32:16", "level": "INFO", "name": "faster_whisper", "msg": "Processing audio with duration 00:03.000"}
INFO:     127.0.0.1:51990 - "GET /health HTTP/1.1" 200 OK
INFO:     [IP-DISAMARKAN]:54050 - "GET /metrics HTTP/1.1" 307 Temporary Redirect
INFO:     [IP-DISAMARKAN]:54050 - "GET /metrics/ HTTP/1.1" 200 OK
{"time": "2026-06-26T19:32:20", "level": "INFO", "name": "faster_whisper", "msg": "Detected language 'en' with probability 0.52"}
{"time": "2026-06-26T19:32:21", "level": "INFO", "name": "faster_whisper", "msg": "Processing audio with duration 00:03.000"}
{"time": "2026-06-26T19:32:26", "level": "INFO", "name": "faster_whisper", "msg": "Detected language 'en' with probability 0.52"}
{"time": "2026-06-26T19:32:26", "level": "INFO", "name": "faster_whisper", "msg": "Processing audio with duration 00:03.000"}
{"time": "2026-06-26T19:32:31", "level": "INFO", "name": "faster_whisper", "msg": "Detected language 'en' with probability 0.52"}
{"time": "2026-06-26T19:32:32", "level": "INFO", "name": "faster_whisper", "msg": "Processing audio with duration 00:03.000"}
INFO:     [IP-DISAMARKAN]:58718 - "GET /health HTTP/1.1" 200 OK
INFO:     [IP-DISAMARKAN]:37808 - "GET /metrics HTTP/1.1" 307 Temporary Redirect
INFO:     [IP-DISAMARKAN]:37808 - "GET /metrics/ HTTP/1.1" 200 OK
{"time": "2026-06-26T19:32:36", "level": "INFO", "name": "faster_whisper", "msg": "Detected language 'en' with probability 0.52"}
{"time": "2026-06-26T19:32:37", "level": "INFO", "name": "faster_whisper", "msg": "Processing audio with duration 00:03.000"}
{"time": "2026-06-26T19:32:41", "level": "INFO", "name": "faster_whisper", "msg": "Detected language 'en' with probability 0.52"}
{"time": "2026-06-26T19:32:42", "level": "INFO", "name": "faster_whisper", "msg": "Processing audio with duration 00:03.000"}
{"time": "2026-06-26T19:32:46", "level": "INFO", "name": "faster_whisper", "msg": "Detected language 'en' with probability 0.52"}
{"time": "2026-06-26T19:32:47", "level": "INFO", "name": "faster_whisper", "msg": "Processing audio with duration 00:03.000"}
INFO:     127.0.0.1:42850 - "GET /health HTTP/1.1" 200 OK
INFO:     [IP-DISAMARKAN]:46944 - "GET /metrics HTTP/1.1" 307 Temporary Redirect
INFO:     [IP-DISAMARKAN]:46944 - "GET /metrics/ HTTP/1.1" 200 OK
{"time": "2026-06-26T19:32:52", "level": "INFO", "name": "faster_whisper", "msg": "Detected language 'en' with probability 0.52"}
{"time": "2026-06-26T19:32:52", "level": "INFO", "name": "faster_whisper", "msg": "Processing audio with duration 00:03.000"}
{"time": "2026-06-26T19:32:57", "level": "INFO", "name": "faster_whisper", "msg": "Detected language 'en' with probability 0.52"}
{"time": "2026-06-26T19:32:57", "level": "INFO", "name": "faster_whisper", "msg": "Processing audio with duration 00:03.000"}
{"time": "2026-06-26T19:33:02", "level": "INFO", "name": "faster_whisper", "msg": "Detected language 'en' with probability 0.52"}
{"time": "2026-06-26T19:33:03", "level": "INFO", "name": "faster_whisper", "msg": "Processing audio with duration 00:03.000"}
INFO:     [IP-DISAMARKAN]:37026 - "GET /metrics HTTP/1.1" 307 Temporary Redirect
INFO:     [IP-DISAMARKAN]:37026 - "GET /metrics/ HTTP/1.1" 200 OK
{"time": "2026-06-26T19:33:07", "level": "INFO", "name": "faster_whisper", "msg": "Detected language 'en' with probability 0.52"}
{"time": "2026-06-26T19:33:08", "level": "INFO", "name": "faster_whisper", "msg": "Processing audio with duration 00:03.000"}
INFO:     [IP-DISAMARKAN]:45862 - "GET /health HTTP/1.1" 200 OK
{"time": "2026-06-26T19:33:12", "level": "INFO", "name": "faster_whisper", "msg": "Detected language 'en' with probability 0.52"}
{"time": "2026-06-26T19:33:13", "level": "INFO", "name": "faster_whisper", "msg": "Processing audio with duration 00:03.000"}
{"time": "2026-06-26T19:33:17", "level": "INFO", "name": "faster_whisper", "msg": "Detected language 'en' with probability 0.52"}
INFO:     127.0.0.1:43550 - "GET /health HTTP/1.1" 200 OK
{"time": "2026-06-26T19:33:18", "level": "INFO", "name": "faster_whisper", "msg": "Processing audio with duration 00:03.000"}
INFO:     [IP-DISAMARKAN]:49270 - "GET /metrics HTTP/1.1" 307 Temporary Redirect
INFO:     [IP-DISAMARKAN]:49270 - "GET /metrics/ HTTP/1.1" 200 OK
{"time": "2026-06-26T19:33:23", "level": "INFO", "name": "faster_whisper", "msg": "Detected language 'en' with probability 0.52"}
{"time": "2026-06-26T19:33:23", "level": "INFO", "name": "faster_whisper", "msg": "Processing audio with duration 00:03.000"}
{"time": "2026-06-26T19:33:28", "level": "INFO", "name": "faster_whisper", "msg": "Detected language 'en' with probability 0.52"}
{"time": "2026-06-26T19:33:28", "level": "INFO", "name": "faster_whisper", "msg": "Processing audio with duration 00:03.000"}
{"time": "2026-06-26T19:33:33", "level": "INFO", "name": "faster_whisper", "msg": "Detected language 'en' with probability 0.52"}
{"time": "2026-06-26T19:33:33", "level": "INFO", "name": "faster_whisper", "msg": "Processing audio with duration 00:03.000"}
INFO:     [IP-DISAMARKAN]:35284 - "GET /metrics HTTP/1.1" 307 Temporary Redirect
INFO:     [IP-DISAMARKAN]:35284 - "GET /metrics/ HTTP/1.1" 200 OK
{"time": "2026-06-26T19:33:38", "level": "INFO", "name": "faster_whisper", "msg": "Detected language 'en' with probability 0.52"}
{"time": "2026-06-26T19:33:39", "level": "INFO", "name": "faster_whisper", "msg": "Processing audio with duration 00:03.000"}
{"time": "2026-06-26T19:33:43", "level": "INFO", "name": "faster_whisper", "msg": "Detected language 'en' with probability 0.52"}
{"time": "2026-06-26T19:33:44", "level": "INFO", "name": "faster_whisper", "msg": "Processing audio with duration 00:03.000"}
INFO:     [IP-DISAMARKAN]:37488 - "GET /health HTTP/1.1" 200 OK
{"time": "2026-06-26T19:33:48", "level": "INFO", "name": "faster_whisper", "msg": "Detected language 'en' with probability 0.52"}
INFO:     127.0.0.1:57964 - "GET /health HTTP/1.1" 200 OK
{"time": "2026-06-26T19:33:49", "level": "INFO", "name": "faster_whisper", "msg": "Processing audio with duration 00:03.000"}
INFO:     [IP-DISAMARKAN]:56264 - "GET /metrics HTTP/1.1" 307 Temporary Redirect
INFO:     [IP-DISAMARKAN]:56264 - "GET /metrics/ HTTP/1.1" 200 OK
{"time": "2026-06-26T19:33:53", "level": "INFO", "name": "faster_whisper", "msg": "Detected language 'en' with probability 0.52"}
{"time": "2026-06-26T19:33:54", "level": "INFO", "name": "faster_whisper", "msg": "Processing audio with duration 00:03.000"}
{"time": "2026-06-26T19:33:58", "level": "INFO", "name": "faster_whisper", "msg": "Detected language 'en' with probability 0.52"}
{"time": "2026-06-26T19:33:59", "level": "INFO", "name": "faster_whisper", "msg": "Processing audio with duration 00:03.000"}
{"time": "2026-06-26T19:34:04", "level": "INFO", "name": "faster_whisper", "msg": "Detected language 'en' with probability 0.52"}
{"time": "2026-06-26T19:34:04", "level": "INFO", "name": "faster_whisper", "msg": "Processing audio with duration 00:03.000"}
INFO:     [IP-DISAMARKAN]:57394 - "GET /metrics HTTP/1.1" 307 Temporary Redirect
INFO:     [IP-DISAMARKAN]:57394 - "GET /metrics/ HTTP/1.1" 200 OK
{"time": "2026-06-26T19:34:09", "level": "INFO", "name": "faster_whisper", "msg": "Detected language 'en' with probability 0.52"}
{"time": "2026-06-26T19:34:09", "level": "INFO", "name": "faster_whisper", "msg": "Processing audio with duration 00:03.000"}
{"time": "2026-06-26T19:34:14", "level": "INFO", "name": "faster_whisper", "msg": "Detected language 'en' with probability 0.52"}
{"time": "2026-06-26T19:34:15", "level": "INFO", "name": "faster_whisper", "msg": "Processing audio with duration 00:03.000"}
INFO:     127.0.0.1:53154 - "GET /health HTTP/1.1" 200 OK
INFO:     [IP-DISAMARKAN]:42798 - "GET /health HTTP/1.1" 200 OK
{"time": "2026-06-26T19:34:19", "level": "INFO", "name": "faster_whisper", "msg": "Detected language 'en' with probability 0.52"}
INFO:     [IP-DISAMARKAN]:38884 - "GET /metrics HTTP/1.1" 307 Temporary Redirect
INFO:     [IP-DISAMARKAN]:38884 - "GET /metrics/ HTTP/1.1" 200 OK
{"time": "2026-06-26T19:34:20", "level": "INFO", "name": "faster_whisper", "msg": "Processing audio with duration 00:03.000"}
{"time": "2026-06-26T19:34:24", "level": "INFO", "name": "faster_whisper", "msg": "Detected language 'en' with probability 0.52"}
{"time": "2026-06-26T19:34:25", "level": "INFO", "name": "faster_whisper", "msg": "Processing audio with duration 00:03.000"}
{"time": "2026-06-26T19:34:30", "level": "INFO", "name": "faster_whisper", "msg": "Detected language 'en' with probability 0.52"}
{"time": "2026-06-26T19:34:30", "level": "INFO", "name": "faster_whisper", "msg": "Processing audio with duration 00:03.000"}
INFO:     [IP-DISAMARKAN]:41422 - "GET /metrics HTTP/1.1" 307 Temporary Redirect
INFO:     [IP-DISAMARKAN]:41422 - "GET /metrics/ HTTP/1.1" 200 OK
{"time": "2026-06-26T19:34:35", "level": "INFO", "name": "faster_whisper", "msg": "Detected language 'en' with probability 0.52"}
INFO:     [IP-DISAMARKAN]:48858 - "GET /health HTTP/1.1" 200 OK
INFO:     127.0.0.1:37612 - "GET /health HTTP/1.1" 200 OK
INFO:     [IP-DISAMARKAN]:52352 - "GET /metrics HTTP/1.1" 307 Temporary Redirect
INFO:     [IP-DISAMARKAN]:52352 - "GET /metrics/ HTTP/1.1" 200 OK
INFO:     [IP-DISAMARKAN]:47336 - "GET /metrics HTTP/1.1" 307 Temporary Redirect
INFO:     [IP-DISAMARKAN]:47336 - "GET /metrics/ HTTP/1.1" 200 OK
INFO:     [IP-DISAMARKAN]:58456 - "GET /health HTTP/1.1" 200 OK
INFO:     127.0.0.1:60136 - "GET /health HTTP/1.1" 200 OK
INFO:     [IP-DISAMARKAN]:59036 - "GET /metrics HTTP/1.1" 307 Temporary Redirect
INFO:     [IP-DISAMARKAN]:59036 - "GET /metrics/ HTTP/1.1" 200 OK
INFO:     [IP-DISAMARKAN]:57420 - "GET /metrics HTTP/1.1" 307 Temporary Redirect
INFO:     [IP-DISAMARKAN]:57420 - "GET /metrics/ HTTP/1.1" 200 OK
INFO:     [IP-DISAMARKAN]:45800 - "GET /health HTTP/1.1" 200 OK
INFO:     127.0.0.1:48264 - "GET /health HTTP/1.1" 200 OK
INFO:     [IP-DISAMARKAN]:55936 - "GET /metrics HTTP/1.1" 307 Temporary Redirect
INFO:     [IP-DISAMARKAN]:55936 - "GET /metrics/ HTTP/1.1" 200 OK
INFO:     [IP-DISAMARKAN]:57194 - "GET /metrics HTTP/1.1" 307 Temporary Redirect
INFO:     [IP-DISAMARKAN]:57194 - "GET /metrics/ HTTP/1.1" 200 OK
INFO:     [IP-DISAMARKAN]:38684 - "GET /health HTTP/1.1" 200 OK
INFO:     127.0.0.1:49522 - "GET /health HTTP/1.1" 200 OK
INFO:     [IP-DISAMARKAN]:43864 - "GET /metrics HTTP/1.1" 307 Temporary Redirect
INFO:     [IP-DISAMARKAN]:43864 - "GET /metrics/ HTTP/1.1" 200 OK
INFO:     [IP-DISAMARKAN]:47014 - "GET /metrics HTTP/1.1" 307 Temporary Redirect
INFO:     [IP-DISAMARKAN]:47014 - "GET /metrics/ HTTP/1.1" 200 OK
INFO:     [IP-DISAMARKAN]:53626 - "GET /health HTTP/1.1" 200 OK
INFO:     [IP-DISAMARKAN]:47152 - "GET /metrics HTTP/1.1" 307 Temporary Redirect
INFO:     [IP-DISAMARKAN]:47152 - "GET /metrics/ HTTP/1.1" 200 OK
INFO:     127.0.0.1:39588 - "GET /health HTTP/1.1" 200 OK
INFO:     [IP-DISAMARKAN]:43414 - "GET /metrics HTTP/1.1" 307 Temporary Redirect
INFO:     [IP-DISAMARKAN]:43414 - "GET /metrics/ HTTP/1.1" 200 OK
INFO:     [IP-DISAMARKAN]:51294 - "GET /health HTTP/1.1" 200 OK
INFO:     [IP-DISAMARKAN]:59810 - "GET /metrics HTTP/1.1" 307 Temporary Redirect
INFO:     [IP-DISAMARKAN]:59810 - "GET /metrics/ HTTP/1.1" 200 OK
INFO:     127.0.0.1:46894 - "GET /health HTTP/1.1" 200 OK
INFO:     [IP-DISAMARKAN]:56814 - "GET /metrics HTTP/1.1" 307 Temporary Redirect
INFO:     [IP-DISAMARKAN]:56814 - "GET /metrics/ HTTP/1.1" 200 OK
INFO:     [IP-DISAMARKAN]:47140 - "GET /health HTTP/1.1" 200 OK
INFO:     [IP-DISAMARKAN]:41532 - "GET /metrics HTTP/1.1" 307 Temporary Redirect
INFO:     [IP-DISAMARKAN]:41532 - "GET /metrics/ HTTP/1.1" 200 OK
INFO:     127.0.0.1:59862 - "GET /health HTTP/1.1" 200 OK
INFO:     [IP-DISAMARKAN]:33286 - "GET /metrics HTTP/1.1" 307 Temporary Redirect
INFO:     [IP-DISAMARKAN]:33286 - "GET /metrics/ HTTP/1.1" 200 OK
INFO:     [IP-DISAMARKAN]:33876 - "GET /health HTTP/1.1" 200 OK
INFO:     [IP-DISAMARKAN]:53968 - "GET /metrics HTTP/1.1" 307 Temporary Redirect
INFO:     [IP-DISAMARKAN]:53968 - "GET /metrics/ HTTP/1.1" 200 OK
INFO:     127.0.0.1:52682 - "GET /health HTTP/1.1" 200 OK
INFO:     [IP-DISAMARKAN]:47924 - "GET /metrics HTTP/1.1" 307 Temporary Redirect
INFO:     [IP-DISAMARKAN]:47924 - "GET /metrics/ HTTP/1.1" 200 OK
INFO:     [IP-DISAMARKAN]:48696 - "GET /metrics HTTP/1.1" 307 Temporary Redirect
INFO:     [IP-DISAMARKAN]:48696 - "GET /metrics/ HTTP/1.1" 200 OK
INFO:     [IP-DISAMARKAN]:46452 - "GET /health HTTP/1.1" 200 OK
INFO:     127.0.0.1:47188 - "GET /health HTTP/1.1" 200 OK
INFO:     [IP-DISAMARKAN]:58406 - "GET /metrics HTTP/1.1" 307 Temporary Redirect
INFO:     [IP-DISAMARKAN]:58406 - "GET /metrics/ HTTP/1.1" 200 OK
INFO:     [IP-DISAMARKAN]:34068 - "GET /metrics HTTP/1.1" 307 Temporary Redirect
INFO:     [IP-DISAMARKAN]:34068 - "GET /metrics/ HTTP/1.1" 200 OK
INFO:     [IP-DISAMARKAN]:53644 - "GET /health HTTP/1.1" 200 OK
INFO:     127.0.0.1:55750 - "GET /health HTTP/1.1" 200 OK
INFO:     [IP-DISAMARKAN]:45800 - "GET /metrics HTTP/1.1" 307 Temporary Redirect
INFO:     [IP-DISAMARKAN]:45800 - "GET /metrics/ HTTP/1.1" 200 OK
INFO:     [IP-DISAMARKAN]:52920 - "GET /metrics HTTP/1.1" 307 Temporary Redirect
INFO:     [IP-DISAMARKAN]:52920 - "GET /metrics/ HTTP/1.1" 200 OK
INFO:     [IP-DISAMARKAN]:34210 - "GET /health HTTP/1.1" 200 OK
INFO:     127.0.0.1:48084 - "GET /health HTTP/1.1" 200 OK
INFO:     [IP-DISAMARKAN]:50184 - "GET /metrics HTTP/1.1" 307 Temporary Redirect
INFO:     [IP-DISAMARKAN]:50184 - "GET /metrics/ HTTP/1.1" 200 OK
INFO:     [IP-DISAMARKAN]:36122 - "GET /metrics HTTP/1.1" 307 Temporary Redirect
INFO:     [IP-DISAMARKAN]:36122 - "GET /metrics/ HTTP/1.1" 200 OK
INFO:     [IP-DISAMARKAN]:50214 - "GET /health HTTP/1.1" 200 OK
INFO:     127.0.0.1:35646 - "GET /health HTTP/1.1" 200 OK
INFO:     [IP-DISAMARKAN]:40220 - "GET /metrics HTTP/1.1" 307 Temporary Redirect
INFO:     [IP-DISAMARKAN]:40220 - "GET /metrics/ HTTP/1.1" 200 OK
INFO:     [IP-DISAMARKAN]:57774 - "GET /metrics HTTP/1.1" 307 Temporary Redirect
INFO:     [IP-DISAMARKAN]:57774 - "GET /metrics/ HTTP/1.1" 200 OK
INFO:     [IP-DISAMARKAN]:55848 - "GET /health HTTP/1.1" 200 OK
INFO:     127.0.0.1:51050 - "GET /health HTTP/1.1" 200 OK
INFO:     [IP-DISAMARKAN]:44230 - "GET /metrics HTTP/1.1" 307 Temporary Redirect
INFO:     [IP-DISAMARKAN]:44230 - "GET /metrics/ HTTP/1.1" 200 OK
{"time": "2026-06-26T19:41:07", "level": "INFO", "name": "faster_whisper", "msg": "Processing audio with duration 00:03.000"}
{"time": "2026-06-26T19:41:11", "level": "INFO", "name": "faster_whisper", "msg": "Detected language 'en' with probability 0.52"}
{"time": "2026-06-26T19:41:13", "level": "INFO", "name": "faster_whisper", "msg": "Processing audio with duration 00:03.000"}
{"time": "2026-06-26T19:41:17", "level": "INFO", "name": "faster_whisper", "msg": "Detected language 'en' with probability 0.52"}
{"time": "2026-06-26T19:41:19", "level": "INFO", "name": "faster_whisper", "msg": "Processing audio with duration 00:03.000"}
INFO:     [IP-DISAMARKAN]:33256 - "GET /metrics HTTP/1.1" 307 Temporary Redirect
INFO:     [IP-DISAMARKAN]:33256 - "GET /metrics/ HTTP/1.1" 200 OK
INFO:     [IP-DISAMARKAN]:42264 - "GET /health HTTP/1.1" 200 OK
INFO:     127.0.0.1:33042 - "GET /health HTTP/1.1" 200 OK
{"time": "2026-06-26T19:41:23", "level": "INFO", "name": "faster_whisper", "msg": "Detected language 'en' with probability 0.52"}
{"time": "2026-06-26T19:41:24", "level": "INFO", "name": "faster_whisper", "msg": "Processing audio with duration 00:03.000"}
{"time": "2026-06-26T19:41:29", "level": "INFO", "name": "faster_whisper", "msg": "Detected language 'en' with probability 0.52"}
{"time": "2026-06-26T19:41:29", "level": "INFO", "name": "faster_whisper", "msg": "Processing audio with duration 00:03.000"}
{"time": "2026-06-26T19:41:34", "level": "INFO", "name": "faster_whisper", "msg": "Detected language 'en' with probability 0.52"}
{"time": "2026-06-26T19:41:34", "level": "INFO", "name": "faster_whisper", "msg": "Processing audio with duration 00:03.000"}
INFO:     [IP-DISAMARKAN]:57706 - "GET /metrics HTTP/1.1" 307 Temporary Redirect
INFO:     [IP-DISAMARKAN]:57706 - "GET /metrics/ HTTP/1.1" 200 OK
{"time": "2026-06-26T19:41:39", "level": "INFO", "name": "faster_whisper", "msg": "Detected language 'en' with probability 0.52"}
{"time": "2026-06-26T19:41:39", "level": "INFO", "name": "faster_whisper", "msg": "Processing audio with duration 00:03.000"}
{"time": "2026-06-26T19:41:44", "level": "INFO", "name": "faster_whisper", "msg": "Detected language 'en' with probability 0.52"}
{"time": "2026-06-26T19:41:45", "level": "INFO", "name": "faster_whisper", "msg": "Processing audio with duration 00:03.000"}
{"time": "2026-06-26T19:41:49", "level": "INFO", "name": "faster_whisper", "msg": "Detected language 'en' with probability 0.52"}
INFO:     [IP-DISAMARKAN]:38554 - "GET /metrics HTTP/1.1" 307 Temporary Redirect
INFO:     [IP-DISAMARKAN]:38554 - "GET /metrics/ HTTP/1.1" 200 OK
{"time": "2026-06-26T19:41:50", "level": "INFO", "name": "faster_whisper", "msg": "Processing audio with duration 00:03.000"}
INFO:     [IP-DISAMARKAN]:48070 - "GET /health HTTP/1.1" 200 OK
INFO:     127.0.0.1:50954 - "GET /health HTTP/1.1" 200 OK
{"time": "2026-06-26T19:41:54", "level": "INFO", "name": "faster_whisper", "msg": "Detected language 'en' with probability 0.52"}
{"time": "2026-06-26T19:41:55", "level": "INFO", "name": "faster_whisper", "msg": "Processing audio with duration 00:03.000"}
{"time": "2026-06-26T19:41:59", "level": "INFO", "name": "faster_whisper", "msg": "Detected language 'en' with probability 0.52"}
{"time": "2026-06-26T19:42:00", "level": "INFO", "name": "faster_whisper", "msg": "Processing audio with duration 00:03.000"}
{"time": "2026-06-26T19:42:04", "level": "INFO", "name": "faster_whisper", "msg": "Detected language 'en' with probability 0.52"}
INFO:     [IP-DISAMARKAN]:56846 - "GET /metrics HTTP/1.1" 307 Temporary Redirect
INFO:     [IP-DISAMARKAN]:56846 - "GET /metrics/ HTTP/1.1" 200 OK
{"time": "2026-06-26T19:42:05", "level": "INFO", "name": "faster_whisper", "msg": "Processing audio with duration 00:03.000"}
{"time": "2026-06-26T19:42:10", "level": "INFO", "name": "faster_whisper", "msg": "Detected language 'en' with probability 0.52"}
{"time": "2026-06-26T19:42:10", "level": "INFO", "name": "faster_whisper", "msg": "Processing audio with duration 00:03.000"}
{"time": "2026-06-26T19:42:15", "level": "INFO", "name": "faster_whisper", "msg": "Detected language 'en' with probability 0.52"}
{"time": "2026-06-26T19:42:15", "level": "INFO", "name": "faster_whisper", "msg": "Processing audio with duration 00:03.000"}
INFO:     [IP-DISAMARKAN]:57978 - "GET /metrics HTTP/1.1" 307 Temporary Redirect
INFO:     [IP-DISAMARKAN]:57978 - "GET /metrics/ HTTP/1.1" 200 OK
{"time": "2026-06-26T19:42:20", "level": "INFO", "name": "faster_whisper", "msg": "Detected language 'en' with probability 0.52"}
INFO:     [IP-DISAMARKAN]:50208 - "GET /health HTTP/1.1" 200 OK
{"time": "2026-06-26T19:42:21", "level": "INFO", "name": "faster_whisper", "msg": "Processing audio with duration 00:03.000"}
INFO:     127.0.0.1:54358 - "GET /health HTTP/1.1" 200 OK
{"time": "2026-06-26T19:42:25", "level": "INFO", "name": "faster_whisper", "msg": "Detected language 'en' with probability 0.52"}
{"time": "2026-06-26T19:42:26", "level": "INFO", "name": "faster_whisper", "msg": "Processing audio with duration 00:03.000"}
{"time": "2026-06-26T19:42:30", "level": "INFO", "name": "faster_whisper", "msg": "Detected language 'en' with probability 0.52"}
{"time": "2026-06-26T19:42:31", "level": "INFO", "name": "faster_whisper", "msg": "Processing audio with duration 00:03.000"}
INFO:     [IP-DISAMARKAN]:50974 - "GET /metrics HTTP/1.1" 307 Temporary Redirect
INFO:     [IP-DISAMARKAN]:50974 - "GET /metrics/ HTTP/1.1" 200 OK
{"time": "2026-06-26T19:42:35", "level": "INFO", "name": "faster_whisper", "msg": "Detected language 'en' with probability 0.52"}
{"time": "2026-06-26T19:42:36", "level": "INFO", "name": "faster_whisper", "msg": "Processing audio with duration 00:03.000"}
{"time": "2026-06-26T19:42:40", "level": "INFO", "name": "faster_whisper", "msg": "Detected language 'en' with probability 0.52"}
{"time": "2026-06-26T19:42:41", "level": "INFO", "name": "faster_whisper", "msg": "Processing audio with duration 00:03.000"}
{"time": "2026-06-26T19:42:46", "level": "INFO", "name": "faster_whisper", "msg": "Detected language 'en' with probability 0.52"}
{"time": "2026-06-26T19:42:46", "level": "INFO", "name": "faster_whisper", "msg": "Processing audio with duration 00:03.000"}
INFO:     [IP-DISAMARKAN]:45156 - "GET /metrics HTTP/1.1" 307 Temporary Redirect
INFO:     [IP-DISAMARKAN]:45156 - "GET /metrics/ HTTP/1.1" 200 OK
{"time": "2026-06-26T19:42:51", "level": "INFO", "name": "faster_whisper", "msg": "Detected language 'en' with probability 0.52"}
{"time": "2026-06-26T19:42:51", "level": "INFO", "name": "faster_whisper", "msg": "Processing audio with duration 00:03.000"}
INFO:     127.0.0.1:34254 - "GET /health HTTP/1.1" 200 OK
INFO:     [IP-DISAMARKAN]:47600 - "GET /health HTTP/1.1" 200 OK
{"time": "2026-06-26T19:42:56", "level": "INFO", "name": "faster_whisper", "msg": "Detected language 'en' with probability 0.52"}
{"time": "2026-06-26T19:42:57", "level": "INFO", "name": "faster_whisper", "msg": "Processing audio with duration 00:03.000"}
{"time": "2026-06-26T19:43:01", "level": "INFO", "name": "faster_whisper", "msg": "Detected language 'en' with probability 0.52"}
{"time": "2026-06-26T19:43:02", "level": "INFO", "name": "faster_whisper", "msg": "Processing audio with duration 00:03.000"}
INFO:     [IP-DISAMARKAN]:58762 - "GET /metrics HTTP/1.1" 307 Temporary Redirect
INFO:     [IP-DISAMARKAN]:58762 - "GET /metrics/ HTTP/1.1" 200 OK
{"time": "2026-06-26T19:43:06", "level": "INFO", "name": "faster_whisper", "msg": "Detected language 'en' with probability 0.52"}
{"time": "2026-06-26T19:43:07", "level": "INFO", "name": "faster_whisper", "msg": "Processing audio with duration 00:03.000"}
{"time": "2026-06-26T19:43:11", "level": "INFO", "name": "faster_whisper", "msg": "Detected language 'en' with probability 0.52"}
{"time": "2026-06-26T19:43:12", "level": "INFO", "name": "faster_whisper", "msg": "Processing audio with duration 00:03.000"}
{"time": "2026-06-26T19:43:16", "level": "INFO", "name": "faster_whisper", "msg": "Detected language 'en' with probability 0.52"}
{"time": "2026-06-26T19:43:17", "level": "INFO", "name": "faster_whisper", "msg": "Processing audio with duration 00:03.000"}
INFO:     [IP-DISAMARKAN]:59718 - "GET /metrics HTTP/1.1" 307 Temporary Redirect
INFO:     [IP-DISAMARKAN]:59718 - "GET /metrics/ HTTP/1.1" 200 OK
{"time": "2026-06-26T19:43:22", "level": "INFO", "name": "faster_whisper", "msg": "Detected language 'en' with probability 0.52"}
{"time": "2026-06-26T19:43:22", "level": "INFO", "name": "faster_whisper", "msg": "Processing audio with duration 00:03.000"}
INFO:     127.0.0.1:47850 - "GET /health HTTP/1.1" 200 OK
{"time": "2026-06-26T19:43:27", "level": "INFO", "name": "faster_whisper", "msg": "Detected language 'en' with probability 0.52"}
{"time": "2026-06-26T19:43:28", "level": "INFO", "name": "faster_whisper", "msg": "Processing audio with duration 00:03.000"}
INFO:     [IP-DISAMARKAN]:59574 - "GET /health HTTP/1.1" 200 OK
{"time": "2026-06-26T19:43:32", "level": "INFO", "name": "faster_whisper", "msg": "Detected language 'en' with probability 0.52"}
{"time": "2026-06-26T19:43:33", "level": "INFO", "name": "faster_whisper", "msg": "Processing audio with duration 00:03.000"}
INFO:     [IP-DISAMARKAN]:33456 - "GET /metrics HTTP/1.1" 307 Temporary Redirect
INFO:     [IP-DISAMARKAN]:33456 - "GET /metrics/ HTTP/1.1" 200 OK
{"time": "2026-06-26T19:43:37", "level": "INFO", "name": "faster_whisper", "msg": "Detected language 'en' with probability 0.52"}
{"time": "2026-06-26T19:43:38", "level": "INFO", "name": "faster_whisper", "msg": "Processing audio with duration 00:03.000"}
{"time": "2026-06-26T19:43:42", "level": "INFO", "name": "faster_whisper", "msg": "Detected language 'en' with probability 0.52"}
{"time": "2026-06-26T19:43:43", "level": "INFO", "name": "faster_whisper", "msg": "Processing audio with duration 00:03.000"}
{"time": "2026-06-26T19:43:47", "level": "INFO", "name": "faster_whisper", "msg": "Detected language 'en' with probability 0.52"}
{"time": "2026-06-26T19:43:48", "level": "INFO", "name": "faster_whisper", "msg": "Processing audio with duration 00:03.000"}
INFO:     [IP-DISAMARKAN]:41756 - "GET /metrics HTTP/1.1" 307 Temporary Redirect
INFO:     [IP-DISAMARKAN]:41756 - "GET /metrics/ HTTP/1.1" 200 OK
{"time": "2026-06-26T19:43:52", "level": "INFO", "name": "faster_whisper", "msg": "Detected language 'en' with probability 0.52"}
{"time": "2026-06-26T19:43:53", "level": "INFO", "name": "faster_whisper", "msg": "Processing audio with duration 00:03.000"}
INFO:     127.0.0.1:39998 - "GET /health HTTP/1.1" 200 OK
{"time": "2026-06-26T19:43:58", "level": "INFO", "name": "faster_whisper", "msg": "Detected language 'en' with probability 0.52"}
{"time": "2026-06-26T19:43:59", "level": "INFO", "name": "faster_whisper", "msg": "Processing audio with duration 00:03.000"}
{"time": "2026-06-26T19:44:03", "level": "INFO", "name": "faster_whisper", "msg": "Detected language 'en' with probability 0.52"}
{"time": "2026-06-26T19:44:04", "level": "INFO", "name": "faster_whisper", "msg": "Processing audio with duration 00:03.000"}
INFO:     [IP-DISAMARKAN]:60438 - "GET /metrics HTTP/1.1" 307 Temporary Redirect
INFO:     [IP-DISAMARKAN]:60438 - "GET /metrics/ HTTP/1.1" 200 OK
INFO:     [IP-DISAMARKAN]:49910 - "GET /health HTTP/1.1" 200 OK
{"time": "2026-06-26T19:44:08", "level": "INFO", "name": "faster_whisper", "msg": "Detected language 'en' with probability 0.52"}
{"time": "2026-06-26T19:44:09", "level": "INFO", "name": "faster_whisper", "msg": "Processing audio with duration 00:03.000"}
{"time": "2026-06-26T19:44:13", "level": "INFO", "name": "faster_whisper", "msg": "Detected language 'en' with probability 0.52"}
{"time": "2026-06-26T19:44:14", "level": "INFO", "name": "faster_whisper", "msg": "Processing audio with duration 00:03.000"}
{"time": "2026-06-26T19:44:18", "level": "INFO", "name": "faster_whisper", "msg": "Detected language 'en' with probability 0.52"}
{"time": "2026-06-26T19:44:19", "level": "INFO", "name": "faster_whisper", "msg": "Processing audio with duration 00:03.000"}
INFO:     [IP-DISAMARKAN]:59798 - "GET /metrics HTTP/1.1" 307 Temporary Redirect
INFO:     [IP-DISAMARKAN]:59798 - "GET /metrics/ HTTP/1.1" 200 OK
{"time": "2026-06-26T19:44:24", "level": "INFO", "name": "faster_whisper", "msg": "Detected language 'en' with probability 0.52"}
{"time": "2026-06-26T19:44:25", "level": "INFO", "name": "faster_whisper", "msg": "Processing audio with duration 00:03.000"}
INFO:     127.0.0.1:57534 - "GET /health HTTP/1.1" 200 OK
{"time": "2026-06-26T19:44:29", "level": "INFO", "name": "faster_whisper", "msg": "Detected language 'en' with probability 0.52"}
{"time": "2026-06-26T19:44:30", "level": "INFO", "name": "faster_whisper", "msg": "Processing audio with duration 00:03.000"}
{"time": "2026-06-26T19:44:34", "level": "INFO", "name": "faster_whisper", "msg": "Detected language 'en' with probability 0.52"}
INFO:     [IP-DISAMARKAN]:44286 - "GET /metrics HTTP/1.1" 307 Temporary Redirect
INFO:     [IP-DISAMARKAN]:44286 - "GET /metrics/ HTTP/1.1" 200 OK
{"time": "2026-06-26T19:44:35", "level": "INFO", "name": "faster_whisper", "msg": "Processing audio with duration 00:03.000"}
{"time": "2026-06-26T19:44:39", "level": "INFO", "name": "faster_whisper", "msg": "Detected language 'en' with probability 0.52"}
{"time": "2026-06-26T19:44:40", "level": "INFO", "name": "faster_whisper", "msg": "Processing audio with duration 00:03.000"}
INFO:     [IP-DISAMARKAN]:49462 - "GET /health HTTP/1.1" 200 OK
{"time": "2026-06-26T19:44:44", "level": "INFO", "name": "faster_whisper", "msg": "Detected language 'en' with probability 0.52"}
{"time": "2026-06-26T19:44:45", "level": "INFO", "name": "faster_whisper", "msg": "Processing audio with duration 00:03.000"}
{"time": "2026-06-26T19:44:49", "level": "INFO", "name": "faster_whisper", "msg": "Detected language 'en' with probability 0.52"}
INFO:     [IP-DISAMARKAN]:50986 - "GET /metrics HTTP/1.1" 307 Temporary Redirect
INFO:     [IP-DISAMARKAN]:50986 - "GET /metrics/ HTTP/1.1" 200 OK
{"time": "2026-06-26T19:44:50", "level": "INFO", "name": "faster_whisper", "msg": "Processing audio with duration 00:03.000"}
{"time": "2026-06-26T19:44:54", "level": "INFO", "name": "faster_whisper", "msg": "Detected language 'en' with probability 0.52"}
INFO:     127.0.0.1:33520 - "GET /health HTTP/1.1" 200 OK
{"time": "2026-06-26T19:44:56", "level": "INFO", "name": "faster_whisper", "msg": "Processing audio with duration 00:03.000"}
{"time": "2026-06-26T19:45:00", "level": "INFO", "name": "faster_whisper", "msg": "Detected language 'en' with probability 0.52"}
{"time": "2026-06-26T19:45:01", "level": "INFO", "name": "faster_whisper", "msg": "Processing audio with duration 00:03.000"}
INFO:     [IP-DISAMARKAN]:44626 - "GET /metrics HTTP/1.1" 307 Temporary Redirect
INFO:     [IP-DISAMARKAN]:44626 - "GET /metrics/ HTTP/1.1" 200 OK
{"time": "2026-06-26T19:45:05", "level": "INFO", "name": "faster_whisper", "msg": "Detected language 'en' with probability 0.52"}
{"time": "2026-06-26T19:45:06", "level": "INFO", "name": "faster_whisper", "msg": "Processing audio with duration 00:03.000"}
{"time": "2026-06-26T19:45:10", "level": "INFO", "name": "faster_whisper", "msg": "Detected language 'en' with probability 0.52"}
{"time": "2026-06-26T19:45:11", "level": "INFO", "name": "faster_whisper", "msg": "Processing audio with duration 00:03.000"}
INFO:     [IP-DISAMARKAN]:55860 - "GET /health HTTP/1.1" 200 OK
{"time": "2026-06-26T19:45:15", "level": "INFO", "name": "faster_whisper", "msg": "Detected language 'en' with probability 0.52"}
{"time": "2026-06-26T19:45:16", "level": "INFO", "name": "faster_whisper", "msg": "Processing audio with duration 00:03.000"}
INFO:     [IP-DISAMARKAN]:54396 - "GET /metrics HTTP/1.1" 307 Temporary Redirect
INFO:     [IP-DISAMARKAN]:54396 - "GET /metrics/ HTTP/1.1" 200 OK
{"time": "2026-06-26T19:45:20", "level": "INFO", "name": "faster_whisper", "msg": "Detected language 'en' with probability 0.52"}
{"time": "2026-06-26T19:45:21", "level": "INFO", "name": "faster_whisper", "msg": "Processing audio with duration 00:03.000"}
INFO:     127.0.0.1:33902 - "GET /health HTTP/1.1" 200 OK
{"time": "2026-06-26T19:45:26", "level": "INFO", "name": "faster_whisper", "msg": "Detected language 'en' with probability 0.52"}
{"time": "2026-06-26T19:45:27", "level": "INFO", "name": "faster_whisper", "msg": "Processing audio with duration 00:03.000"}
{"time": "2026-06-26T19:45:31", "level": "INFO", "name": "faster_whisper", "msg": "Detected language 'en' with probability 0.52"}
{"time": "2026-06-26T19:45:32", "level": "INFO", "name": "faster_whisper", "msg": "Processing audio with duration 00:03.000"}
INFO:     [IP-DISAMARKAN]:46778 - "GET /metrics HTTP/1.1" 307 Temporary Redirect
INFO:     [IP-DISAMARKAN]:46778 - "GET /metrics/ HTTP/1.1" 200 OK
{"time": "2026-06-26T19:45:36", "level": "INFO", "name": "faster_whisper", "msg": "Detected language 'en' with probability 0.52"}
{"time": "2026-06-26T19:45:37", "level": "INFO", "name": "faster_whisper", "msg": "Processing audio with duration 00:03.000"}
{"time": "2026-06-26T19:45:41", "level": "INFO", "name": "faster_whisper", "msg": "Detected language 'en' with probability 0.52"}
{"time": "2026-06-26T19:45:42", "level": "INFO", "name": "faster_whisper", "msg": "Processing audio with duration 00:03.000"}
{"time": "2026-06-26T19:45:46", "level": "INFO", "name": "faster_whisper", "msg": "Detected language 'en' with probability 0.52"}
{"time": "2026-06-26T19:45:47", "level": "INFO", "name": "faster_whisper", "msg": "Processing audio with duration 00:03.000"}
INFO:     [IP-DISAMARKAN]:46500 - "GET /metrics HTTP/1.1" 307 Temporary Redirect
INFO:     [IP-DISAMARKAN]:46500 - "GET /metrics/ HTTP/1.1" 200 OK
INFO:     [IP-DISAMARKAN]:38758 - "GET /health HTTP/1.1" 200 OK
{"time": "2026-06-26T19:45:51", "level": "INFO", "name": "faster_whisper", "msg": "Detected language 'en' with probability 0.52"}
{"time": "2026-06-26T19:45:52", "level": "INFO", "name": "faster_whisper", "msg": "Processing audio with duration 00:03.000"}
INFO:     127.0.0.1:38230 - "GET /health HTTP/1.1" 200 OK
{"time": "2026-06-26T19:45:57", "level": "INFO", "name": "faster_whisper", "msg": "Detected language 'en' with probability 0.52"}
{"time": "2026-06-26T19:45:57", "level": "INFO", "name": "faster_whisper", "msg": "Processing audio with duration 00:03.000"}
{"time": "2026-06-26T19:46:02", "level": "INFO", "name": "faster_whisper", "msg": "Detected language 'en' with probability 0.52"}
{"time": "2026-06-26T19:46:03", "level": "INFO", "name": "faster_whisper", "msg": "Processing audio with duration 00:03.000"}
INFO:     [IP-DISAMARKAN]:42702 - "GET /metrics HTTP/1.1" 307 Temporary Redirect
INFO:     [IP-DISAMARKAN]:42702 - "GET /metrics/ HTTP/1.1" 200 OK
{"time": "2026-06-26T19:46:07", "level": "INFO", "name": "faster_whisper", "msg": "Detected language 'en' with probability 0.52"}
{"time": "2026-06-26T19:46:08", "level": "INFO", "name": "faster_whisper", "msg": "Processing audio with duration 00:03.000"}
{"time": "2026-06-26T19:46:12", "level": "INFO", "name": "faster_whisper", "msg": "Detected language 'en' with probability 0.52"}
{"time": "2026-06-26T19:46:13", "level": "INFO", "name": "faster_whisper", "msg": "Processing audio with duration 00:03.000"}
{"time": "2026-06-26T19:46:17", "level": "INFO", "name": "faster_whisper", "msg": "Detected language 'en' with probability 0.52"}
{"time": "2026-06-26T19:46:18", "level": "INFO", "name": "faster_whisper", "msg": "Processing audio with duration 00:03.000"}
INFO:     [IP-DISAMARKAN]:48938 - "GET /metrics HTTP/1.1" 307 Temporary Redirect
INFO:     [IP-DISAMARKAN]:48938 - "GET /metrics/ HTTP/1.1" 200 OK
{"time": "2026-06-26T19:46:22", "level": "INFO", "name": "faster_whisper", "msg": "Detected language 'en' with probability 0.52"}
{"time": "2026-06-26T19:46:23", "level": "INFO", "name": "faster_whisper", "msg": "Processing audio with duration 00:03.000"}
INFO:     [IP-DISAMARKAN]:51620 - "GET /health HTTP/1.1" 200 OK
INFO:     127.0.0.1:44438 - "GET /health HTTP/1.1" 200 OK
{"time": "2026-06-26T19:46:28", "level": "INFO", "name": "faster_whisper", "msg": "Detected language 'en' with probability 0.52"}
{"time": "2026-06-26T19:46:28", "level": "INFO", "name": "faster_whisper", "msg": "Processing audio with duration 00:03.000"}
{"time": "2026-06-26T19:46:33", "level": "INFO", "name": "faster_whisper", "msg": "Detected language 'en' with probability 0.52"}
{"time": "2026-06-26T19:46:33", "level": "INFO", "name": "faster_whisper", "msg": "Processing audio with duration 00:03.000"}
INFO:     [IP-DISAMARKAN]:59564 - "GET /metrics HTTP/1.1" 307 Temporary Redirect
INFO:     [IP-DISAMARKAN]:59564 - "GET /metrics/ HTTP/1.1" 200 OK
{"time": "2026-06-26T19:46:38", "level": "INFO", "name": "faster_whisper", "msg": "Detected language 'en' with probability 0.52"}
{"time": "2026-06-26T19:46:39", "level": "INFO", "name": "faster_whisper", "msg": "Processing audio with duration 00:03.000"}
{"time": "2026-06-26T19:46:43", "level": "INFO", "name": "faster_whisper", "msg": "Detected language 'en' with probability 0.52"}
{"time": "2026-06-26T19:46:44", "level": "INFO", "name": "faster_whisper", "msg": "Processing audio with duration 00:03.000"}
{"time": "2026-06-26T19:46:48", "level": "INFO", "name": "faster_whisper", "msg": "Detected language 'en' with probability 0.52"}
{"time": "2026-06-26T19:46:49", "level": "INFO", "name": "faster_whisper", "msg": "Processing audio with duration 00:03.000"}
INFO:     [IP-DISAMARKAN]:38120 - "GET /metrics HTTP/1.1" 307 Temporary Redirect
INFO:     [IP-DISAMARKAN]:38120 - "GET /metrics/ HTTP/1.1" 200 OK
{"time": "2026-06-26T19:46:53", "level": "INFO", "name": "faster_whisper", "msg": "Detected language 'en' with probability 0.52"}
{"time": "2026-06-26T19:46:54", "level": "INFO", "name": "faster_whisper", "msg": "Processing audio with duration 00:03.000"}
INFO:     127.0.0.1:36666 - "GET /health HTTP/1.1" 200 OK
{"time": "2026-06-26T19:46:59", "level": "INFO", "name": "faster_whisper", "msg": "Detected language 'en' with probability 0.52"}
{"time": "2026-06-26T19:47:00", "level": "INFO", "name": "faster_whisper", "msg": "Processing audio with duration 00:03.000"}
INFO:     [IP-DISAMARKAN]:44046 - "GET /health HTTP/1.1" 200 OK
{"time": "2026-06-26T19:47:04", "level": "INFO", "name": "faster_whisper", "msg": "Detected language 'en' with probability 0.52"}
INFO:     [IP-DISAMARKAN]:55414 - "GET /metrics HTTP/1.1" 307 Temporary Redirect
INFO:     [IP-DISAMARKAN]:55414 - "GET /metrics/ HTTP/1.1" 200 OK
{"time": "2026-06-26T19:47:05", "level": "INFO", "name": "faster_whisper", "msg": "Processing audio with duration 00:03.000"}
{"time": "2026-06-26T19:47:09", "level": "INFO", "name": "faster_whisper", "msg": "Detected language 'en' with probability 0.52"}
{"time": "2026-06-26T19:47:10", "level": "INFO", "name": "faster_whisper", "msg": "Processing audio with duration 00:03.000"}
{"time": "2026-06-26T19:47:14", "level": "INFO", "name": "faster_whisper", "msg": "Detected language 'en' with probability 0.52"}
{"time": "2026-06-26T19:47:15", "level": "INFO", "name": "faster_whisper", "msg": "Processing audio with duration 00:03.000"}
{"time": "2026-06-26T19:47:19", "level": "INFO", "name": "faster_whisper", "msg": "Detected language 'en' with probability 0.52"}
INFO:     [IP-DISAMARKAN]:41462 - "GET /metrics HTTP/1.1" 307 Temporary Redirect
INFO:     [IP-DISAMARKAN]:41462 - "GET /metrics/ HTTP/1.1" 200 OK
{"time": "2026-06-26T19:47:20", "level": "INFO", "name": "faster_whisper", "msg": "Processing audio with duration 00:03.000"}
{"time": "2026-06-26T19:47:25", "level": "INFO", "name": "faster_whisper", "msg": "Detected language 'en' with probability 0.52"}
{"time": "2026-06-26T19:47:25", "level": "INFO", "name": "faster_whisper", "msg": "Processing audio with duration 00:03.000"}
INFO:     127.0.0.1:54550 - "GET /health HTTP/1.1" 200 OK
{"time": "2026-06-26T19:47:30", "level": "INFO", "name": "faster_whisper", "msg": "Detected language 'en' with probability 0.52"}
{"time": "2026-06-26T19:47:31", "level": "INFO", "name": "faster_whisper", "msg": "Processing audio with duration 00:03.000"}
INFO:     [IP-DISAMARKAN]:49072 - "GET /metrics HTTP/1.1" 307 Temporary Redirect
INFO:     [IP-DISAMARKAN]:49072 - "GET /metrics/ HTTP/1.1" 200 OK
INFO:     [IP-DISAMARKAN]:57742 - "GET /health HTTP/1.1" 200 OK
{"time": "2026-06-26T19:47:35", "level": "INFO", "name": "faster_whisper", "msg": "Detected language 'en' with probability 0.52"}
{"time": "2026-06-26T19:47:36", "level": "INFO", "name": "faster_whisper", "msg": "Processing audio with duration 00:03.000"}
{"time": "2026-06-26T19:47:40", "level": "INFO", "name": "faster_whisper", "msg": "Detected language 'en' with probability 0.52"}
{"time": "2026-06-26T19:47:41", "level": "INFO", "name": "faster_whisper", "msg": "Processing audio with duration 00:03.000"}
{"time": "2026-06-26T19:47:45", "level": "INFO", "name": "faster_whisper", "msg": "Detected language 'en' with probability 0.52"}
{"time": "2026-06-26T19:47:46", "level": "INFO", "name": "faster_whisper", "msg": "Processing audio with duration 00:03.000"}
INFO:     [IP-DISAMARKAN]:41154 - "GET /metrics HTTP/1.1" 307 Temporary Redirect
INFO:     [IP-DISAMARKAN]:41154 - "GET /metrics/ HTTP/1.1" 200 OK
{"time": "2026-06-26T19:47:51", "level": "INFO", "name": "faster_whisper", "msg": "Detected language 'en' with probability 0.52"}
{"time": "2026-06-26T19:47:51", "level": "INFO", "name": "faster_whisper", "msg": "Processing audio with duration 00:03.000"}
{"time": "2026-06-26T19:47:56", "level": "INFO", "name": "faster_whisper", "msg": "Detected language 'en' with probability 0.52"}
{"time": "2026-06-26T19:47:57", "level": "INFO", "name": "faster_whisper", "msg": "Processing audio with duration 00:03.000"}
INFO:     127.0.0.1:43484 - "GET /health HTTP/1.1" 200 OK
{"time": "2026-06-26T19:48:01", "level": "INFO", "name": "faster_whisper", "msg": "Detected language 'en' with probability 0.52"}
{"time": "2026-06-26T19:48:02", "level": "INFO", "name": "faster_whisper", "msg": "Processing audio with duration 00:03.000"}
INFO:     [IP-DISAMARKAN]:35320 - "GET /metrics HTTP/1.1" 307 Temporary Redirect
INFO:     [IP-DISAMARKAN]:35320 - "GET /metrics/ HTTP/1.1" 200 OK
{"time": "2026-06-26T19:48:06", "level": "INFO", "name": "faster_whisper", "msg": "Detected language 'en' with probability 0.52"}
{"time": "2026-06-26T19:48:07", "level": "INFO", "name": "faster_whisper", "msg": "Processing audio with duration 00:03.000"}
INFO:     [IP-DISAMARKAN]:58470 - "GET /health HTTP/1.1" 200 OK
{"time": "2026-06-26T19:48:11", "level": "INFO", "name": "faster_whisper", "msg": "Detected language 'en' with probability 0.52"}
INFO:     [IP-DISAMARKAN]:51232 - "GET /metrics HTTP/1.1" 307 Temporary Redirect
INFO:     [IP-DISAMARKAN]:51232 - "GET /metrics/ HTTP/1.1" 200 OK
INFO:     127.0.0.1:33932 - "GET /health HTTP/1.1" 200 OK
INFO:     [IP-DISAMARKAN]:50644 - "GET /metrics HTTP/1.1" 307 Temporary Redirect
INFO:     [IP-DISAMARKAN]:50644 - "GET /metrics/ HTTP/1.1" 200 OK
INFO:     [IP-DISAMARKAN]:33928 - "GET /health HTTP/1.1" 200 OK
INFO:     [IP-DISAMARKAN]:55112 - "GET /metrics HTTP/1.1" 307 Temporary Redirect
INFO:     [IP-DISAMARKAN]:55112 - "GET /metrics/ HTTP/1.1" 200 OK
INFO:     127.0.0.1:54920 - "GET /health HTTP/1.1" 200 OK
INFO:     [IP-DISAMARKAN]:59188 - "GET /metrics HTTP/1.1" 307 Temporary Redirect
INFO:     [IP-DISAMARKAN]:59188 - "GET /metrics/ HTTP/1.1" 200 OK
INFO:     [IP-DISAMARKAN]:50568 - "GET /health HTTP/1.1" 200 OK
INFO:     [IP-DISAMARKAN]:59628 - "GET /metrics HTTP/1.1" 307 Temporary Redirect
INFO:     [IP-DISAMARKAN]:59628 - "GET /metrics/ HTTP/1.1" 200 OK
INFO:     127.0.0.1:57566 - "GET /health HTTP/1.1" 200 OK
INFO:     [IP-DISAMARKAN]:45046 - "GET /metrics HTTP/1.1" 307 Temporary Redirect
INFO:     [IP-DISAMARKAN]:45046 - "GET /metrics/ HTTP/1.1" 200 OK
INFO:     [IP-DISAMARKAN]:52180 - "GET /health HTTP/1.1" 200 OK
INFO:     [IP-DISAMARKAN]:46878 - "GET /metrics HTTP/1.1" 307 Temporary Redirect
INFO:     [IP-DISAMARKAN]:46878 - "GET /metrics/ HTTP/1.1" 200 OK
INFO:     127.0.0.1:33900 - "GET /health HTTP/1.1" 200 OK
INFO:     [IP-DISAMARKAN]:41112 - "GET /metrics HTTP/1.1" 307 Temporary Redirect
INFO:     [IP-DISAMARKAN]:41112 - "GET /metrics/ HTTP/1.1" 200 OK
INFO:     [IP-DISAMARKAN]:40372 - "GET /health HTTP/1.1" 200 OK
INFO:     [IP-DISAMARKAN]:48030 - "GET /metrics HTTP/1.1" 307 Temporary Redirect
INFO:     [IP-DISAMARKAN]:48030 - "GET /metrics/ HTTP/1.1" 200 OK
INFO:     127.0.0.1:42642 - "GET /health HTTP/1.1" 200 OK
INFO:     [IP-DISAMARKAN]:40688 - "GET /metrics HTTP/1.1" 307 Temporary Redirect
INFO:     [IP-DISAMARKAN]:40688 - "GET /metrics/ HTTP/1.1" 200 OK
INFO:     [IP-DISAMARKAN]:55062 - "GET /health HTTP/1.1" 200 OK
INFO:     [IP-DISAMARKAN]:56280 - "GET /metrics HTTP/1.1" 307 Temporary Redirect
INFO:     [IP-DISAMARKAN]:56280 - "GET /metrics/ HTTP/1.1" 200 OK
INFO:     127.0.0.1:37158 - "GET /health HTTP/1.1" 200 OK
INFO:     [IP-DISAMARKAN]:46404 - "GET /metrics HTTP/1.1" 307 Temporary Redirect
INFO:     [IP-DISAMARKAN]:46404 - "GET /metrics/ HTTP/1.1" 200 OK
INFO:     [IP-DISAMARKAN]:35982 - "GET /health HTTP/1.1" 200 OK
INFO:     [IP-DISAMARKAN]:49618 - "GET /metrics HTTP/1.1" 307 Temporary Redirect
INFO:     [IP-DISAMARKAN]:49618 - "GET /metrics/ HTTP/1.1" 200 OK
INFO:     127.0.0.1:34682 - "GET /health HTTP/1.1" 200 OK
INFO:     [IP-DISAMARKAN]:58292 - "GET /metrics HTTP/1.1" 307 Temporary Redirect
INFO:     [IP-DISAMARKAN]:58292 - "GET /metrics/ HTTP/1.1" 200 OK
INFO:     [IP-DISAMARKAN]:55014 - "GET /health HTTP/1.1" 200 OK
INFO:     [IP-DISAMARKAN]:51878 - "GET /metrics HTTP/1.1" 307 Temporary Redirect
INFO:     [IP-DISAMARKAN]:51878 - "GET /metrics/ HTTP/1.1" 200 OK
INFO:     127.0.0.1:51502 - "GET /health HTTP/1.1" 200 OK
INFO:     [IP-DISAMARKAN]:60044 - "GET /metrics HTTP/1.1" 307 Temporary Redirect
INFO:     [IP-DISAMARKAN]:60044 - "GET /metrics/ HTTP/1.1" 200 OK
INFO:     [IP-DISAMARKAN]:49126 - "GET /health HTTP/1.1" 200 OK
INFO:     [IP-DISAMARKAN]:36914 - "GET /metrics HTTP/1.1" 307 Temporary Redirect
INFO:     [IP-DISAMARKAN]:36914 - "GET /metrics/ HTTP/1.1" 200 OK
INFO:     127.0.0.1:60452 - "GET /health HTTP/1.1" 200 OK
INFO:     [IP-DISAMARKAN]:33494 - "GET /metrics HTTP/1.1" 307 Temporary Redirect
INFO:     [IP-DISAMARKAN]:33494 - "GET /metrics/ HTTP/1.1" 200 OK
INFO:     [IP-DISAMARKAN]:38310 - "GET /health HTTP/1.1" 200 OK
INFO:     [IP-DISAMARKAN]:42512 - "GET /metrics HTTP/1.1" 307 Temporary Redirect
INFO:     [IP-DISAMARKAN]:42512 - "GET /metrics/ HTTP/1.1" 200 OK
INFO:     127.0.0.1:47228 - "GET /health HTTP/1.1" 200 OK
INFO:     [IP-DISAMARKAN]:35994 - "GET /metrics HTTP/1.1" 307 Temporary Redirect
INFO:     [IP-DISAMARKAN]:35994 - "GET /metrics/ HTTP/1.1" 200 OK
INFO:     [IP-DISAMARKAN]:51118 - "GET /health HTTP/1.1" 200 OK
INFO:     [IP-DISAMARKAN]:52584 - "GET /metrics HTTP/1.1" 307 Temporary Redirect
INFO:     [IP-DISAMARKAN]:52584 - "GET /metrics/ HTTP/1.1" 200 OK
INFO:     127.0.0.1:50124 - "GET /health HTTP/1.1" 200 OK
INFO:     [IP-DISAMARKAN]:46426 - "GET /metrics HTTP/1.1" 307 Temporary Redirect
INFO:     [IP-DISAMARKAN]:46426 - "GET /metrics/ HTTP/1.1" 200 OK
INFO:     [IP-DISAMARKAN]:33892 - "GET /health HTTP/1.1" 200 OK
INFO:     [IP-DISAMARKAN]:53088 - "GET /metrics HTTP/1.1" 307 Temporary Redirect
INFO:     [IP-DISAMARKAN]:53088 - "GET /metrics/ HTTP/1.1" 200 OK
INFO:     127.0.0.1:47318 - "GET /health HTTP/1.1" 200 OK
INFO:     [IP-DISAMARKAN]:48068 - "GET /metrics HTTP/1.1" 307 Temporary Redirect
INFO:     [IP-DISAMARKAN]:48068 - "GET /metrics/ HTTP/1.1" 200 OK
INFO:     [IP-DISAMARKAN]:37906 - "GET /health HTTP/1.1" 200 OK
INFO:     [IP-DISAMARKAN]:46498 - "GET /metrics HTTP/1.1" 307 Temporary Redirect
INFO:     [IP-DISAMARKAN]:46498 - "GET /metrics/ HTTP/1.1" 200 OK
INFO:     127.0.0.1:44994 - "GET /health HTTP/1.1" 200 OK
INFO:     [IP-DISAMARKAN]:57118 - "GET /metrics HTTP/1.1" 307 Temporary Redirect
INFO:     [IP-DISAMARKAN]:57118 - "GET /metrics/ HTTP/1.1" 200 OK
INFO:     [IP-DISAMARKAN]:42836 - "GET /health HTTP/1.1" 200 OK
{"time": "2026-06-26T19:54:44", "level": "INFO", "name": "faster_whisper", "msg": "Processing audio with duration 00:03.000"}
INFO:     [IP-DISAMARKAN]:37534 - "GET /health HTTP/1.1" 200 OK
{"time": "2026-06-26T19:54:48", "level": "INFO", "name": "faster_whisper", "msg": "Detected language 'en' with probability 0.52"}
INFO:     [IP-DISAMARKAN]:51436 - "GET /metrics HTTP/1.1" 307 Temporary Redirect
INFO:     [IP-DISAMARKAN]:51436 - "GET /metrics/ HTTP/1.1" 200 OK
{"time": "2026-06-26T19:54:50", "level": "INFO", "name": "faster_whisper", "msg": "Processing audio with duration 00:03.000"}
{"time": "2026-06-26T19:54:54", "level": "INFO", "name": "faster_whisper", "msg": "Detected language 'en' with probability 0.52"}
{"time": "2026-06-26T19:54:56", "level": "INFO", "name": "faster_whisper", "msg": "Processing audio with duration 00:03.000"}
{"time": "2026-06-26T19:55:00", "level": "INFO", "name": "faster_whisper", "msg": "Detected language 'en' with probability 0.52"}
INFO:     127.0.0.1:60976 - "GET /health HTTP/1.1" 200 OK
{"time": "2026-06-26T19:55:01", "level": "INFO", "name": "faster_whisper", "msg": "Processing audio with duration 00:03.000"}
INFO:     [IP-DISAMARKAN]:44772 - "GET /metrics HTTP/1.1" 307 Temporary Redirect
INFO:     [IP-DISAMARKAN]:44772 - "GET /metrics/ HTTP/1.1" 200 OK
{"time": "2026-06-26T19:55:06", "level": "INFO", "name": "faster_whisper", "msg": "Detected language 'en' with probability 0.52"}
{"time": "2026-06-26T19:55:07", "level": "INFO", "name": "faster_whisper", "msg": "Processing audio with duration 00:03.000"}
{"time": "2026-06-26T19:55:11", "level": "INFO", "name": "faster_whisper", "msg": "Detected language 'en' with probability 0.52"}
{"time": "2026-06-26T19:55:12", "level": "INFO", "name": "faster_whisper", "msg": "Processing audio with duration 00:03.000"}
{"time": "2026-06-26T19:55:16", "level": "INFO", "name": "faster_whisper", "msg": "Detected language 'en' with probability 0.52"}
{"time": "2026-06-26T19:55:17", "level": "INFO", "name": "faster_whisper", "msg": "Processing audio with duration 00:03.000"}
INFO:     [IP-DISAMARKAN]:46218 - "GET /health HTTP/1.1" 200 OK
INFO:     [IP-DISAMARKAN]:51958 - "GET /metrics HTTP/1.1" 307 Temporary Redirect
INFO:     [IP-DISAMARKAN]:51958 - "GET /metrics/ HTTP/1.1" 200 OK
{"time": "2026-06-26T19:55:21", "level": "INFO", "name": "faster_whisper", "msg": "Detected language 'en' with probability 0.52"}
{"time": "2026-06-26T19:55:22", "level": "INFO", "name": "faster_whisper", "msg": "Processing audio with duration 00:03.000"}
{"time": "2026-06-26T19:55:26", "level": "INFO", "name": "faster_whisper", "msg": "Detected language 'en' with probability 0.52"}
{"time": "2026-06-26T19:55:27", "level": "INFO", "name": "faster_whisper", "msg": "Processing audio with duration 00:03.000"}
{"time": "2026-06-26T19:55:31", "level": "INFO", "name": "faster_whisper", "msg": "Detected language 'en' with probability 0.52"}
INFO:     127.0.0.1:53742 - "GET /health HTTP/1.1" 200 OK
{"time": "2026-06-26T19:55:32", "level": "INFO", "name": "faster_whisper", "msg": "Processing audio with duration 00:03.000"}
INFO:     [IP-DISAMARKAN]:57138 - "GET /metrics HTTP/1.1" 307 Temporary Redirect
INFO:     [IP-DISAMARKAN]:57138 - "GET /metrics/ HTTP/1.1" 200 OK
{"time": "2026-06-26T19:55:37", "level": "INFO", "name": "faster_whisper", "msg": "Detected language 'en' with probability 0.52"}
{"time": "2026-06-26T19:55:37", "level": "INFO", "name": "faster_whisper", "msg": "Processing audio with duration 00:03.000"}
{"time": "2026-06-26T19:55:42", "level": "INFO", "name": "faster_whisper", "msg": "Detected language 'en' with probability 0.52"}
{"time": "2026-06-26T19:55:43", "level": "INFO", "name": "faster_whisper", "msg": "Processing audio with duration 00:03.000"}
{"time": "2026-06-26T19:55:47", "level": "INFO", "name": "faster_whisper", "msg": "Detected language 'en' with probability 0.52"}
INFO:     [IP-DISAMARKAN]:49424 - "GET /health HTTP/1.1" 200 OK
{"time": "2026-06-26T19:55:48", "level": "INFO", "name": "faster_whisper", "msg": "Processing audio with duration 00:03.000"}
INFO:     [IP-DISAMARKAN]:48902 - "GET /metrics HTTP/1.1" 307 Temporary Redirect
INFO:     [IP-DISAMARKAN]:48902 - "GET /metrics/ HTTP/1.1" 200 OK
{"time": "2026-06-26T19:55:52", "level": "INFO", "name": "faster_whisper", "msg": "Detected language 'en' with probability 0.52"}
{"time": "2026-06-26T19:55:53", "level": "INFO", "name": "faster_whisper", "msg": "Processing audio with duration 00:03.000"}
{"time": "2026-06-26T19:55:57", "level": "INFO", "name": "faster_whisper", "msg": "Detected language 'en' with probability 0.52"}
{"time": "2026-06-26T19:55:58", "level": "INFO", "name": "faster_whisper", "msg": "Processing audio with duration 00:03.000"}
INFO:     127.0.0.1:42780 - "GET /health HTTP/1.1" 200 OK
{"time": "2026-06-26T19:56:02", "level": "INFO", "name": "faster_whisper", "msg": "Detected language 'en' with probability 0.52"}
{"time": "2026-06-26T19:56:03", "level": "INFO", "name": "faster_whisper", "msg": "Processing audio with duration 00:03.000"}
INFO:     [IP-DISAMARKAN]:42850 - "GET /metrics HTTP/1.1" 307 Temporary Redirect
INFO:     [IP-DISAMARKAN]:42850 - "GET /metrics/ HTTP/1.1" 200 OK
{"time": "2026-06-26T19:56:07", "level": "INFO", "name": "faster_whisper", "msg": "Detected language 'en' with probability 0.52"}
{"time": "2026-06-26T19:56:08", "level": "INFO", "name": "faster_whisper", "msg": "Processing audio with duration 00:03.000"}
{"time": "2026-06-26T19:56:13", "level": "INFO", "name": "faster_whisper", "msg": "Detected language 'en' with probability 0.52"}
{"time": "2026-06-26T19:56:13", "level": "INFO", "name": "faster_whisper", "msg": "Processing audio with duration 00:03.000"}
{"time": "2026-06-26T19:56:18", "level": "INFO", "name": "faster_whisper", "msg": "Detected language 'en' with probability 0.52"}
{"time": "2026-06-26T19:56:18", "level": "INFO", "name": "faster_whisper", "msg": "Processing audio with duration 00:03.000"}
INFO:     [IP-DISAMARKAN]:51286 - "GET /metrics HTTP/1.1" 307 Temporary Redirect
INFO:     [IP-DISAMARKAN]:51286 - "GET /metrics/ HTTP/1.1" 200 OK
INFO:     [IP-DISAMARKAN]:44894 - "GET /health HTTP/1.1" 200 OK
{"time": "2026-06-26T19:56:23", "level": "INFO", "name": "faster_whisper", "msg": "Detected language 'en' with probability 0.52"}
{"time": "2026-06-26T19:56:24", "level": "INFO", "name": "faster_whisper", "msg": "Processing audio with duration 00:03.000"}
{"time": "2026-06-26T19:56:28", "level": "INFO", "name": "faster_whisper", "msg": "Detected language 'en' with probability 0.52"}
{"time": "2026-06-26T19:56:29", "level": "INFO", "name": "faster_whisper", "msg": "Processing audio with duration 00:03.000"}
INFO:     127.0.0.1:47068 - "GET /health HTTP/1.1" 200 OK
{"time": "2026-06-26T19:56:33", "level": "INFO", "name": "faster_whisper", "msg": "Detected language 'en' with probability 0.52"}
{"time": "2026-06-26T19:56:34", "level": "INFO", "name": "faster_whisper", "msg": "Processing audio with duration 00:03.000"}
INFO:     [IP-DISAMARKAN]:44292 - "GET /metrics HTTP/1.1" 307 Temporary Redirect
INFO:     [IP-DISAMARKAN]:44292 - "GET /metrics/ HTTP/1.1" 200 OK
{"time": "2026-06-26T19:56:38", "level": "INFO", "name": "faster_whisper", "msg": "Detected language 'en' with probability 0.52"}
{"time": "2026-06-26T19:56:39", "level": "INFO", "name": "faster_whisper", "msg": "Processing audio with duration 00:03.000"}
{"time": "2026-06-26T19:56:44", "level": "INFO", "name": "faster_whisper", "msg": "Detected language 'en' with probability 0.52"}
{"time": "2026-06-26T19:56:44", "level": "INFO", "name": "faster_whisper", "msg": "Processing audio with duration 00:03.000"}
{"time": "2026-06-26T19:56:49", "level": "INFO", "name": "faster_whisper", "msg": "Detected language 'en' with probability 0.52"}
INFO:     [IP-DISAMARKAN]:58872 - "GET /metrics HTTP/1.1" 307 Temporary Redirect
{"time": "2026-06-26T19:56:49", "level": "INFO", "name": "faster_whisper", "msg": "Processing audio with duration 00:03.000"}
INFO:     [IP-DISAMARKAN]:58872 - "GET /metrics/ HTTP/1.1" 200 OK
{"time": "2026-06-26T19:56:54", "level": "INFO", "name": "faster_whisper", "msg": "Detected language 'en' with probability 0.52"}
{"time": "2026-06-26T19:56:55", "level": "INFO", "name": "faster_whisper", "msg": "Processing audio with duration 00:03.000"}
INFO:     [IP-DISAMARKAN]:46688 - "GET /health HTTP/1.1" 200 OK
{"time": "2026-06-26T19:56:59", "level": "INFO", "name": "faster_whisper", "msg": "Detected language 'en' with probability 0.52"}
{"time": "2026-06-26T19:57:00", "level": "INFO", "name": "faster_whisper", "msg": "Processing audio with duration 00:03.000"}
INFO:     127.0.0.1:37324 - "GET /health HTTP/1.1" 200 OK
{"time": "2026-06-26T19:57:04", "level": "INFO", "name": "faster_whisper", "msg": "Detected language 'en' with probability 0.52"}
INFO:     [IP-DISAMARKAN]:58482 - "GET /metrics HTTP/1.1" 307 Temporary Redirect
INFO:     [IP-DISAMARKAN]:58482 - "GET /metrics/ HTTP/1.1" 200 OK
{"time": "2026-06-26T19:57:05", "level": "INFO", "name": "faster_whisper", "msg": "Processing audio with duration 00:03.000"}
{"time": "2026-06-26T19:57:09", "level": "INFO", "name": "faster_whisper", "msg": "Detected language 'en' with probability 0.52"}
{"time": "2026-06-26T19:57:10", "level": "INFO", "name": "faster_whisper", "msg": "Processing audio with duration 00:03.000"}
{"time": "2026-06-26T19:57:15", "level": "INFO", "name": "faster_whisper", "msg": "Detected language 'en' with probability 0.52"}
{"time": "2026-06-26T19:57:15", "level": "INFO", "name": "faster_whisper", "msg": "Processing audio with duration 00:03.000"}
INFO:     [IP-DISAMARKAN]:56622 - "GET /metrics HTTP/1.1" 307 Temporary Redirect
INFO:     [IP-DISAMARKAN]:56622 - "GET /metrics/ HTTP/1.1" 200 OK
{"time": "2026-06-26T19:57:20", "level": "INFO", "name": "faster_whisper", "msg": "Detected language 'en' with probability 0.52"}
{"time": "2026-06-26T19:57:21", "level": "INFO", "name": "faster_whisper", "msg": "Processing audio with duration 00:03.000"}
{"time": "2026-06-26T19:57:25", "level": "INFO", "name": "faster_whisper", "msg": "Detected language 'en' with probability 0.52"}
{"time": "2026-06-26T19:57:26", "level": "INFO", "name": "faster_whisper", "msg": "Processing audio with duration 00:03.000"}
{"time": "2026-06-26T19:57:30", "level": "INFO", "name": "faster_whisper", "msg": "Detected language 'en' with probability 0.52"}
{"time": "2026-06-26T19:57:31", "level": "INFO", "name": "faster_whisper", "msg": "Processing audio with duration 00:03.000"}
INFO:     [IP-DISAMARKAN]:54206 - "GET /health HTTP/1.1" 200 OK
INFO:     127.0.0.1:58078 - "GET /health HTTP/1.1" 200 OK
INFO:     [IP-DISAMARKAN]:42472 - "GET /metrics HTTP/1.1" 307 Temporary Redirect
INFO:     [IP-DISAMARKAN]:42472 - "GET /metrics/ HTTP/1.1" 200 OK
{"time": "2026-06-26T19:57:35", "level": "INFO", "name": "faster_whisper", "msg": "Detected language 'en' with probability 0.52"}
{"time": "2026-06-26T19:57:36", "level": "INFO", "name": "faster_whisper", "msg": "Processing audio with duration 00:03.000"}
{"time": "2026-06-26T19:57:40", "level": "INFO", "name": "faster_whisper", "msg": "Detected language 'en' with probability 0.52"}
{"time": "2026-06-26T19:57:41", "level": "INFO", "name": "faster_whisper", "msg": "Processing audio with duration 00:03.000"}
{"time": "2026-06-26T19:57:45", "level": "INFO", "name": "faster_whisper", "msg": "Detected language 'en' with probability 0.52"}
{"time": "2026-06-26T19:57:46", "level": "INFO", "name": "faster_whisper", "msg": "Processing audio with duration 00:03.000"}
INFO:     [IP-DISAMARKAN]:39518 - "GET /metrics HTTP/1.1" 307 Temporary Redirect
INFO:     [IP-DISAMARKAN]:39518 - "GET /metrics/ HTTP/1.1" 200 OK
{"time": "2026-06-26T19:57:51", "level": "INFO", "name": "faster_whisper", "msg": "Detected language 'en' with probability 0.52"}
{"time": "2026-06-26T19:57:51", "level": "INFO", "name": "faster_whisper", "msg": "Processing audio with duration 00:03.000"}
{"time": "2026-06-26T19:57:56", "level": "INFO", "name": "faster_whisper", "msg": "Detected language 'en' with probability 0.52"}
{"time": "2026-06-26T19:57:57", "level": "INFO", "name": "faster_whisper", "msg": "Processing audio with duration 00:03.000"}
{"time": "2026-06-26T19:58:01", "level": "INFO", "name": "faster_whisper", "msg": "Detected language 'en' with probability 0.52"}
{"time": "2026-06-26T19:58:02", "level": "INFO", "name": "faster_whisper", "msg": "Processing audio with duration 00:03.000"}
INFO:     [IP-DISAMARKAN]:41588 - "GET /metrics HTTP/1.1" 307 Temporary Redirect
INFO:     [IP-DISAMARKAN]:41588 - "GET /metrics/ HTTP/1.1" 200 OK
INFO:     127.0.0.1:52804 - "GET /health HTTP/1.1" 200 OK
{"time": "2026-06-26T19:58:06", "level": "INFO", "name": "faster_whisper", "msg": "Detected language 'en' with probability 0.52"}
{"time": "2026-06-26T19:58:07", "level": "INFO", "name": "faster_whisper", "msg": "Processing audio with duration 00:03.000"}
INFO:     [IP-DISAMARKAN]:38044 - "GET /health HTTP/1.1" 200 OK
{"time": "2026-06-26T19:58:11", "level": "INFO", "name": "faster_whisper", "msg": "Detected language 'en' with probability 0.52"}
{"time": "2026-06-26T19:58:12", "level": "INFO", "name": "faster_whisper", "msg": "Processing audio with duration 00:03.000"}
{"time": "2026-06-26T19:58:17", "level": "INFO", "name": "faster_whisper", "msg": "Detected language 'en' with probability 0.52"}
{"time": "2026-06-26T19:58:17", "level": "INFO", "name": "faster_whisper", "msg": "Processing audio with duration 00:03.000"}
INFO:     [IP-DISAMARKAN]:35118 - "GET /metrics HTTP/1.1" 307 Temporary Redirect
INFO:     [IP-DISAMARKAN]:35118 - "GET /metrics/ HTTP/1.1" 200 OK
{"time": "2026-06-26T19:58:22", "level": "INFO", "name": "faster_whisper", "msg": "Detected language 'en' with probability 0.52"}
{"time": "2026-06-26T19:58:23", "level": "INFO", "name": "faster_whisper", "msg": "Processing audio with duration 00:03.000"}
{"time": "2026-06-26T19:58:27", "level": "INFO", "name": "faster_whisper", "msg": "Detected language 'en' with probability 0.52"}
{"time": "2026-06-26T19:58:28", "level": "INFO", "name": "faster_whisper", "msg": "Processing audio with duration 00:03.000"}
{"time": "2026-06-26T19:58:32", "level": "INFO", "name": "faster_whisper", "msg": "Detected language 'en' with probability 0.52"}
{"time": "2026-06-26T19:58:33", "level": "INFO", "name": "faster_whisper", "msg": "Processing audio with duration 00:03.000"}
INFO:     [IP-DISAMARKAN]:55230 - "GET /metrics HTTP/1.1" 307 Temporary Redirect
INFO:     [IP-DISAMARKAN]:55230 - "GET /metrics/ HTTP/1.1" 200 OK
INFO:     127.0.0.1:50850 - "GET /health HTTP/1.1" 200 OK
{"time": "2026-06-26T19:58:37", "level": "INFO", "name": "faster_whisper", "msg": "Detected language 'en' with probability 0.52"}
{"time": "2026-06-26T19:58:38", "level": "INFO", "name": "faster_whisper", "msg": "Processing audio with duration 00:03.000"}
INFO:     [IP-DISAMARKAN]:38464 - "GET /health HTTP/1.1" 200 OK
{"time": "2026-06-26T19:58:43", "level": "INFO", "name": "faster_whisper", "msg": "Detected language 'en' with probability 0.52"}
{"time": "2026-06-26T19:58:43", "level": "INFO", "name": "faster_whisper", "msg": "Processing audio with duration 00:03.000"}
{"time": "2026-06-26T19:58:48", "level": "INFO", "name": "faster_whisper", "msg": "Detected language 'en' with probability 0.52"}
{"time": "2026-06-26T19:58:49", "level": "INFO", "name": "faster_whisper", "msg": "Processing audio with duration 00:03.000"}
INFO:     [IP-DISAMARKAN]:41326 - "GET /metrics HTTP/1.1" 307 Temporary Redirect
INFO:     [IP-DISAMARKAN]:41326 - "GET /metrics/ HTTP/1.1" 200 OK
{"time": "2026-06-26T19:58:53", "level": "INFO", "name": "faster_whisper", "msg": "Detected language 'en' with probability 0.52"}
{"time": "2026-06-26T19:58:54", "level": "INFO", "name": "faster_whisper", "msg": "Processing audio with duration 00:03.000"}
{"time": "2026-06-26T19:58:58", "level": "INFO", "name": "faster_whisper", "msg": "Detected language 'en' with probability 0.52"}
{"time": "2026-06-26T19:58:59", "level": "INFO", "name": "faster_whisper", "msg": "Processing audio with duration 00:03.000"}
{"time": "2026-06-26T19:59:03", "level": "INFO", "name": "faster_whisper", "msg": "Detected language 'en' with probability 0.52"}
{"time": "2026-06-26T19:59:04", "level": "INFO", "name": "faster_whisper", "msg": "Processing audio with duration 00:03.000"}
INFO:     [IP-DISAMARKAN]:56292 - "GET /metrics HTTP/1.1" 307 Temporary Redirect
INFO:     [IP-DISAMARKAN]:56292 - "GET /metrics/ HTTP/1.1" 200 OK
INFO:     127.0.0.1:58346 - "GET /health HTTP/1.1" 200 OK
{"time": "2026-06-26T19:59:09", "level": "INFO", "name": "faster_whisper", "msg": "Detected language 'en' with probability 0.52"}
{"time": "2026-06-26T19:59:09", "level": "INFO", "name": "faster_whisper", "msg": "Processing audio with duration 00:03.000"}
{"time": "2026-06-26T19:59:14", "level": "INFO", "name": "faster_whisper", "msg": "Detected language 'en' with probability 0.52"}
{"time": "2026-06-26T19:59:15", "level": "INFO", "name": "faster_whisper", "msg": "Processing audio with duration 00:03.000"}
INFO:     [IP-DISAMARKAN]:34110 - "GET /health HTTP/1.1" 200 OK
{"time": "2026-06-26T19:59:19", "level": "INFO", "name": "faster_whisper", "msg": "Detected language 'en' with probability 0.52"}
INFO:     [IP-DISAMARKAN]:35482 - "GET /metrics HTTP/1.1" 307 Temporary Redirect
INFO:     [IP-DISAMARKAN]:35482 - "GET /metrics/ HTTP/1.1" 200 OK
{"time": "2026-06-26T19:59:20", "level": "INFO", "name": "faster_whisper", "msg": "Processing audio with duration 00:03.000"}
{"time": "2026-06-26T19:59:24", "level": "INFO", "name": "faster_whisper", "msg": "Detected language 'en' with probability 0.52"}
{"time": "2026-06-26T19:59:25", "level": "INFO", "name": "faster_whisper", "msg": "Processing audio with duration 00:03.000"}
{"time": "2026-06-26T19:59:29", "level": "INFO", "name": "faster_whisper", "msg": "Detected language 'en' with probability 0.52"}
{"time": "2026-06-26T19:59:30", "level": "INFO", "name": "faster_whisper", "msg": "Processing audio with duration 00:03.000"}
INFO:     [IP-DISAMARKAN]:54008 - "GET /metrics HTTP/1.1" 307 Temporary Redirect
INFO:     [IP-DISAMARKAN]:54008 - "GET /metrics/ HTTP/1.1" 200 OK
{"time": "2026-06-26T19:59:35", "level": "INFO", "name": "faster_whisper", "msg": "Detected language 'en' with probability 0.52"}
{"time": "2026-06-26T19:59:35", "level": "INFO", "name": "faster_whisper", "msg": "Processing audio with duration 00:03.000"}
INFO:     127.0.0.1:58726 - "GET /health HTTP/1.1" 200 OK
{"time": "2026-06-26T19:59:40", "level": "INFO", "name": "faster_whisper", "msg": "Detected language 'en' with probability 0.52"}
{"time": "2026-06-26T19:59:41", "level": "INFO", "name": "faster_whisper", "msg": "Processing audio with duration 00:03.000"}
{"time": "2026-06-26T19:59:45", "level": "INFO", "name": "faster_whisper", "msg": "Detected language 'en' with probability 0.52"}
{"time": "2026-06-26T19:59:46", "level": "INFO", "name": "faster_whisper", "msg": "Processing audio with duration 00:03.000"}
INFO:     [IP-DISAMARKAN]:36382 - "GET /metrics HTTP/1.1" 307 Temporary Redirect
INFO:     [IP-DISAMARKAN]:36382 - "GET /metrics/ HTTP/1.1" 200 OK
{"time": "2026-06-26T19:59:50", "level": "INFO", "name": "faster_whisper", "msg": "Detected language 'en' with probability 0.52"}
{"time": "2026-06-26T19:59:51", "level": "INFO", "name": "faster_whisper", "msg": "Processing audio with duration 00:03.000"}
INFO:     [IP-DISAMARKAN]:49080 - "GET /health HTTP/1.1" 200 OK
{"time": "2026-06-26T19:59:55", "level": "INFO", "name": "faster_whisper", "msg": "Detected language 'en' with probability 0.52"}
{"time": "2026-06-26T19:59:56", "level": "INFO", "name": "faster_whisper", "msg": "Processing audio with duration 00:03.000"}
{"time": "2026-06-26T20:00:01", "level": "INFO", "name": "faster_whisper", "msg": "Detected language 'en' with probability 0.52"}
{"time": "2026-06-26T20:00:01", "level": "INFO", "name": "faster_whisper", "msg": "Processing audio with duration 00:03.000"}
INFO:     [IP-DISAMARKAN]:52956 - "GET /metrics HTTP/1.1" 307 Temporary Redirect
INFO:     [IP-DISAMARKAN]:52956 - "GET /metrics/ HTTP/1.1" 200 OK
{"time": "2026-06-26T20:00:06", "level": "INFO", "name": "faster_whisper", "msg": "Detected language 'en' with probability 0.52"}
{"time": "2026-06-26T20:00:07", "level": "INFO", "name": "faster_whisper", "msg": "Processing audio with duration 00:03.000"}
INFO:     127.0.0.1:43996 - "GET /health HTTP/1.1" 200 OK
{"time": "2026-06-26T20:00:11", "level": "INFO", "name": "faster_whisper", "msg": "Detected language 'en' with probability 0.52"}
{"time": "2026-06-26T20:00:12", "level": "INFO", "name": "faster_whisper", "msg": "Processing audio with duration 00:03.000"}
{"time": "2026-06-26T20:00:16", "level": "INFO", "name": "faster_whisper", "msg": "Detected language 'en' with probability 0.52"}
{"time": "2026-06-26T20:00:17", "level": "INFO", "name": "faster_whisper", "msg": "Processing audio with duration 00:03.000"}
INFO:     [IP-DISAMARKAN]:50994 - "GET /metrics HTTP/1.1" 307 Temporary Redirect
INFO:     [IP-DISAMARKAN]:50994 - "GET /metrics/ HTTP/1.1" 200 OK
{"time": "2026-06-26T20:00:21", "level": "INFO", "name": "faster_whisper", "msg": "Detected language 'en' with probability 0.52"}
{"time": "2026-06-26T20:00:22", "level": "INFO", "name": "faster_whisper", "msg": "Processing audio with duration 00:03.000"}
{"time": "2026-06-26T20:00:27", "level": "INFO", "name": "faster_whisper", "msg": "Detected language 'en' with probability 0.52"}
INFO:     [IP-DISAMARKAN]:36920 - "GET /health HTTP/1.1" 200 OK
{"time": "2026-06-26T20:00:27", "level": "INFO", "name": "faster_whisper", "msg": "Processing audio with duration 00:03.000"}
{"time": "2026-06-26T20:00:32", "level": "INFO", "name": "faster_whisper", "msg": "Detected language 'en' with probability 0.52"}
{"time": "2026-06-26T20:00:33", "level": "INFO", "name": "faster_whisper", "msg": "Processing audio with duration 00:03.000"}
INFO:     [IP-DISAMARKAN]:55918 - "GET /metrics HTTP/1.1" 307 Temporary Redirect
INFO:     [IP-DISAMARKAN]:55918 - "GET /metrics/ HTTP/1.1" 200 OK
{"time": "2026-06-26T20:00:37", "level": "INFO", "name": "faster_whisper", "msg": "Detected language 'en' with probability 0.52"}
INFO:     127.0.0.1:55222 - "GET /health HTTP/1.1" 200 OK
{"time": "2026-06-26T20:00:38", "level": "INFO", "name": "faster_whisper", "msg": "Processing audio with duration 00:03.000"}
{"time": "2026-06-26T20:00:42", "level": "INFO", "name": "faster_whisper", "msg": "Detected language 'en' with probability 0.52"}
{"time": "2026-06-26T20:00:43", "level": "INFO", "name": "faster_whisper", "msg": "Processing audio with duration 00:03.000"}
{"time": "2026-06-26T20:00:48", "level": "INFO", "name": "faster_whisper", "msg": "Detected language 'en' with probability 0.52"}
{"time": "2026-06-26T20:00:48", "level": "INFO", "name": "faster_whisper", "msg": "Processing audio with duration 00:03.000"}
INFO:     [IP-DISAMARKAN]:47108 - "GET /metrics HTTP/1.1" 307 Temporary Redirect
INFO:     [IP-DISAMARKAN]:47108 - "GET /metrics/ HTTP/1.1" 200 OK
{"time": "2026-06-26T20:00:53", "level": "INFO", "name": "faster_whisper", "msg": "Detected language 'en' with probability 0.52"}
{"time": "2026-06-26T20:00:54", "level": "INFO", "name": "faster_whisper", "msg": "Processing audio with duration 00:03.000"}
{"time": "2026-06-26T20:00:58", "level": "INFO", "name": "faster_whisper", "msg": "Detected language 'en' with probability 0.52"}
{"time": "2026-06-26T20:00:59", "level": "INFO", "name": "faster_whisper", "msg": "Processing audio with duration 00:03.000"}
INFO:     [IP-DISAMARKAN]:59990 - "GET /health HTTP/1.1" 200 OK
{"time": "2026-06-26T20:01:03", "level": "INFO", "name": "faster_whisper", "msg": "Detected language 'en' with probability 0.52"}
{"time": "2026-06-26T20:01:04", "level": "INFO", "name": "faster_whisper", "msg": "Processing audio with duration 00:03.000"}
INFO:     [IP-DISAMARKAN]:44316 - "GET /metrics HTTP/1.1" 307 Temporary Redirect
INFO:     [IP-DISAMARKAN]:44316 - "GET /metrics/ HTTP/1.1" 200 OK
INFO:     127.0.0.1:60918 - "GET /health HTTP/1.1" 200 OK
{"time": "2026-06-26T20:01:09", "level": "INFO", "name": "faster_whisper", "msg": "Detected language 'en' with probability 0.52"}
{"time": "2026-06-26T20:01:09", "level": "INFO", "name": "faster_whisper", "msg": "Processing audio with duration 00:03.000"}
{"time": "2026-06-26T20:01:14", "level": "INFO", "name": "faster_whisper", "msg": "Detected language 'en' with probability 0.52"}
{"time": "2026-06-26T20:01:14", "level": "INFO", "name": "faster_whisper", "msg": "Processing audio with duration 00:03.000"}
{"time": "2026-06-26T20:01:19", "level": "INFO", "name": "faster_whisper", "msg": "Detected language 'en' with probability 0.52"}
INFO:     [IP-DISAMARKAN]:54008 - "GET /metrics HTTP/1.1" 307 Temporary Redirect
INFO:     [IP-DISAMARKAN]:54008 - "GET /metrics/ HTTP/1.1" 200 OK
{"time": "2026-06-26T20:01:20", "level": "INFO", "name": "faster_whisper", "msg": "Processing audio with duration 00:03.000"}
{"time": "2026-06-26T20:01:24", "level": "INFO", "name": "faster_whisper", "msg": "Detected language 'en' with probability 0.52"}
{"time": "2026-06-26T20:01:25", "level": "INFO", "name": "faster_whisper", "msg": "Processing audio with duration 00:03.000"}
{"time": "2026-06-26T20:01:29", "level": "INFO", "name": "faster_whisper", "msg": "Detected language 'en' with probability 0.52"}
{"time": "2026-06-26T20:01:30", "level": "INFO", "name": "faster_whisper", "msg": "Processing audio with duration 00:03.000"}
{"time": "2026-06-26T20:01:34", "level": "INFO", "name": "faster_whisper", "msg": "Detected language 'en' with probability 0.52"}
INFO:     [IP-DISAMARKAN]:39484 - "GET /metrics HTTP/1.1" 307 Temporary Redirect
INFO:     [IP-DISAMARKAN]:39484 - "GET /metrics/ HTTP/1.1" 200 OK
{"time": "2026-06-26T20:01:35", "level": "INFO", "name": "faster_whisper", "msg": "Processing audio with duration 00:03.000"}
INFO:     [IP-DISAMARKAN]:34308 - "GET /health HTTP/1.1" 200 OK
INFO:     127.0.0.1:49856 - "GET /health HTTP/1.1" 200 OK
{"time": "2026-06-26T20:01:40", "level": "INFO", "name": "faster_whisper", "msg": "Detected language 'en' with probability 0.52"}
{"time": "2026-06-26T20:01:40", "level": "INFO", "name": "faster_whisper", "msg": "Processing audio with duration 00:03.000"}
{"time": "2026-06-26T20:01:45", "level": "INFO", "name": "faster_whisper", "msg": "Detected language 'en' with probability 0.52"}
{"time": "2026-06-26T20:01:46", "level": "INFO", "name": "faster_whisper", "msg": "Processing audio with duration 00:03.000"}
INFO:     [IP-DISAMARKAN]:54226 - "GET /metrics HTTP/1.1" 307 Temporary Redirect
INFO:     [IP-DISAMARKAN]:54226 - "GET /metrics/ HTTP/1.1" 200 OK
{"time": "2026-06-26T20:01:50", "level": "INFO", "name": "faster_whisper", "msg": "Detected language 'en' with probability 0.52"}
INFO:     [IP-DISAMARKAN]:59542 - "GET /metrics HTTP/1.1" 307 Temporary Redirect
INFO:     [IP-DISAMARKAN]:59542 - "GET /metrics/ HTTP/1.1" 200 OK
INFO:     [IP-DISAMARKAN]:40536 - "GET /health HTTP/1.1" 200 OK
INFO:     127.0.0.1:36146 - "GET /health HTTP/1.1" 200 OK
INFO:     [IP-DISAMARKAN]:38862 - "GET /metrics HTTP/1.1" 307 Temporary Redirect
INFO:     [IP-DISAMARKAN]:38862 - "GET /metrics/ HTTP/1.1" 200 OK
INFO:     [IP-DISAMARKAN]:51358 - "GET /metrics HTTP/1.1" 307 Temporary Redirect
INFO:     [IP-DISAMARKAN]:51358 - "GET /metrics/ HTTP/1.1" 200 OK
INFO:     [IP-DISAMARKAN]:57844 - "GET /health HTTP/1.1" 200 OK
INFO:     127.0.0.1:54054 - "GET /health HTTP/1.1" 200 OK
INFO:     [IP-DISAMARKAN]:48448 - "GET /metrics HTTP/1.1" 307 Temporary Redirect
INFO:     [IP-DISAMARKAN]:48448 - "GET /metrics/ HTTP/1.1" 200 OK