INFO:     [IP-DISAMARKAN]:53132 - "GET /metrics HTTP/1.1" 307 Temporary Redirect
INFO:     [IP-DISAMARKAN]:53132 - "GET /metrics/ HTTP/1.1" 200 OK
INFO:     127.0.0.1:41774 - "GET /health HTTP/1.1" 200 OK
INFO:     [IP-DISAMARKAN]:51988 - "GET /metrics HTTP/1.1" 307 Temporary Redirect
INFO:     [IP-DISAMARKAN]:51988 - "GET /metrics/ HTTP/1.1" 200 OK
INFO:     [IP-DISAMARKAN]:36636 - "GET /metrics HTTP/1.1" 307 Temporary Redirect
INFO:     [IP-DISAMARKAN]:36636 - "GET /metrics/ HTTP/1.1" 200 OK
INFO:     [IP-DISAMARKAN]:54054 - "GET /health HTTP/1.1" 200 OK
INFO:     127.0.0.1:49028 - "GET /health HTTP/1.1" 200 OK
INFO:     [IP-DISAMARKAN]:53040 - "GET /metrics HTTP/1.1" 307 Temporary Redirect
INFO:     [IP-DISAMARKAN]:53040 - "GET /metrics/ HTTP/1.1" 200 OK
INFO:     [IP-DISAMARKAN]:34040 - "GET /metrics HTTP/1.1" 307 Temporary Redirect
INFO:     [IP-DISAMARKAN]:34040 - "GET /metrics/ HTTP/1.1" 200 OK
INFO:     [IP-DISAMARKAN]:41476 - "GET /health HTTP/1.1" 200 OK
INFO:     127.0.0.1:46974 - "GET /health HTTP/1.1" 200 OK
INFO:     [IP-DISAMARKAN]:34798 - "GET /metrics HTTP/1.1" 307 Temporary Redirect
INFO:     [IP-DISAMARKAN]:34798 - "GET /metrics/ HTTP/1.1" 200 OK
INFO:     [IP-DISAMARKAN]:54266 - "GET /metrics HTTP/1.1" 307 Temporary Redirect
INFO:     [IP-DISAMARKAN]:54266 - "GET /metrics/ HTTP/1.1" 200 OK
INFO:     [IP-DISAMARKAN]:41156 - "GET /health HTTP/1.1" 200 OK
INFO:     127.0.0.1:50990 - "GET /health HTTP/1.1" 200 OK
INFO:     [IP-DISAMARKAN]:57402 - "GET /metrics HTTP/1.1" 307 Temporary Redirect
INFO:     [IP-DISAMARKAN]:57402 - "GET /metrics/ HTTP/1.1" 200 OK
INFO:     [IP-DISAMARKAN]:59350 - "GET /metrics HTTP/1.1" 307 Temporary Redirect
INFO:     [IP-DISAMARKAN]:59350 - "GET /metrics/ HTTP/1.1" 200 OK
INFO:     [IP-DISAMARKAN]:35098 - "GET /health HTTP/1.1" 200 OK
INFO:     127.0.0.1:40776 - "GET /health HTTP/1.1" 200 OK
INFO:     [IP-DISAMARKAN]:49244 - "GET /metrics HTTP/1.1" 307 Temporary Redirect
INFO:     [IP-DISAMARKAN]:49244 - "GET /metrics/ HTTP/1.1" 200 OK
INFO:     [IP-DISAMARKAN]:35178 - "GET /metrics HTTP/1.1" 307 Temporary Redirect
INFO:     [IP-DISAMARKAN]:35178 - "GET /metrics/ HTTP/1.1" 200 OK
INFO:     [IP-DISAMARKAN]:42638 - "GET /health HTTP/1.1" 200 OK
INFO:     127.0.0.1:51198 - "GET /health HTTP/1.1" 200 OK
INFO:     [IP-DISAMARKAN]:60518 - "GET /metrics HTTP/1.1" 307 Temporary Redirect
INFO:     [IP-DISAMARKAN]:60518 - "GET /metrics/ HTTP/1.1" 200 OK
INFO:     [IP-DISAMARKAN]:51130 - "GET /metrics HTTP/1.1" 307 Temporary Redirect
INFO:     [IP-DISAMARKAN]:51130 - "GET /metrics/ HTTP/1.1" 200 OK
INFO:     [IP-DISAMARKAN]:43790 - "GET /health HTTP/1.1" 200 OK
INFO:     127.0.0.1:35086 - "GET /health HTTP/1.1" 200 OK
INFO:     [IP-DISAMARKAN]:51084 - "GET /metrics HTTP/1.1" 307 Temporary Redirect
INFO:     [IP-DISAMARKAN]:51084 - "GET /metrics/ HTTP/1.1" 200 OK
INFO:     [IP-DISAMARKAN]:56392 - "GET /metrics HTTP/1.1" 307 Temporary Redirect
INFO:     [IP-DISAMARKAN]:56392 - "GET /metrics/ HTTP/1.1" 200 OK
INFO:     [IP-DISAMARKAN]:40918 - "GET /health HTTP/1.1" 200 OK
INFO:     127.0.0.1:53212 - "GET /health HTTP/1.1" 200 OK
INFO:     [IP-DISAMARKAN]:59458 - "GET /metrics HTTP/1.1" 307 Temporary Redirect
INFO:     [IP-DISAMARKAN]:59458 - "GET /metrics/ HTTP/1.1" 200 OK
INFO:     [IP-DISAMARKAN]:57944 - "GET /metrics HTTP/1.1" 307 Temporary Redirect
INFO:     [IP-DISAMARKAN]:57944 - "GET /metrics/ HTTP/1.1" 200 OK
INFO:     [IP-DISAMARKAN]:33588 - "GET /health HTTP/1.1" 200 OK
INFO:     127.0.0.1:59424 - "GET /health HTTP/1.1" 200 OK
INFO:     [IP-DISAMARKAN]:44056 - "GET /metrics HTTP/1.1" 307 Temporary Redirect
INFO:     [IP-DISAMARKAN]:44056 - "GET /metrics/ HTTP/1.1" 200 OK
INFO:     [IP-DISAMARKAN]:52392 - "GET /metrics HTTP/1.1" 307 Temporary Redirect
INFO:     [IP-DISAMARKAN]:52392 - "GET /metrics/ HTTP/1.1" 200 OK
INFO:     [IP-DISAMARKAN]:47016 - "GET /health HTTP/1.1" 200 OK
INFO:     127.0.0.1:38022 - "GET /health HTTP/1.1" 200 OK
INFO:     [IP-DISAMARKAN]:33032 - "GET /metrics HTTP/1.1" 307 Temporary Redirect
INFO:     [IP-DISAMARKAN]:33032 - "GET /metrics/ HTTP/1.1" 200 OK
INFO:     [IP-DISAMARKAN]:52384 - "GET /metrics HTTP/1.1" 307 Temporary Redirect
INFO:     [IP-DISAMARKAN]:52384 - "GET /metrics/ HTTP/1.1" 200 OK
INFO:     [IP-DISAMARKAN]:47928 - "GET /health HTTP/1.1" 200 OK
INFO:     127.0.0.1:49086 - "GET /health HTTP/1.1" 200 OK
INFO:     [IP-DISAMARKAN]:48716 - "GET /metrics HTTP/1.1" 307 Temporary Redirect
INFO:     [IP-DISAMARKAN]:48716 - "GET /metrics/ HTTP/1.1" 200 OK
INFO:     [IP-DISAMARKAN]:34680 - "GET /metrics HTTP/1.1" 307 Temporary Redirect
INFO:     [IP-DISAMARKAN]:34680 - "GET /metrics/ HTTP/1.1" 200 OK
INFO:     [IP-DISAMARKAN]:47254 - "GET /health HTTP/1.1" 200 OK
INFO:     127.0.0.1:43504 - "GET /health HTTP/1.1" 200 OK
INFO:     [IP-DISAMARKAN]:58528 - "GET /metrics HTTP/1.1" 307 Temporary Redirect
INFO:     [IP-DISAMARKAN]:58528 - "GET /metrics/ HTTP/1.1" 200 OK
INFO:     [IP-DISAMARKAN]:36304 - "GET /metrics HTTP/1.1" 307 Temporary Redirect
INFO:     [IP-DISAMARKAN]:36304 - "GET /metrics/ HTTP/1.1" 200 OK
INFO:     [IP-DISAMARKAN]:43836 - "GET /health HTTP/1.1" 200 OK
INFO:     127.0.0.1:46864 - "GET /health HTTP/1.1" 200 OK
INFO:     [IP-DISAMARKAN]:49010 - "GET /metrics HTTP/1.1" 307 Temporary Redirect
INFO:     [IP-DISAMARKAN]:49010 - "GET /metrics/ HTTP/1.1" 200 OK
INFO:     [IP-DISAMARKAN]:56828 - "GET /metrics HTTP/1.1" 307 Temporary Redirect
INFO:     [IP-DISAMARKAN]:56828 - "GET /metrics/ HTTP/1.1" 200 OK
INFO:     [IP-DISAMARKAN]:51220 - "GET /health HTTP/1.1" 200 OK
INFO:     127.0.0.1:39724 - "GET /health HTTP/1.1" 200 OK
INFO:     [IP-DISAMARKAN]:58900 - "GET /metrics HTTP/1.1" 307 Temporary Redirect
INFO:     [IP-DISAMARKAN]:58900 - "GET /metrics/ HTTP/1.1" 200 OK
INFO:     [IP-DISAMARKAN]:48308 - "GET /metrics HTTP/1.1" 307 Temporary Redirect
INFO:     [IP-DISAMARKAN]:48308 - "GET /metrics/ HTTP/1.1" 200 OK
INFO:     [IP-DISAMARKAN]:48584 - "GET /health HTTP/1.1" 200 OK
INFO:     127.0.0.1:37932 - "GET /health HTTP/1.1" 200 OK
INFO:     [IP-DISAMARKAN]:47500 - "GET /metrics HTTP/1.1" 307 Temporary Redirect
INFO:     [IP-DISAMARKAN]:47500 - "GET /metrics/ HTTP/1.1" 200 OK
INFO:     [IP-DISAMARKAN]:58834 - "GET /metrics HTTP/1.1" 307 Temporary Redirect
INFO:     [IP-DISAMARKAN]:58834 - "GET /metrics/ HTTP/1.1" 200 OK
INFO:     [IP-DISAMARKAN]:49344 - "GET /health HTTP/1.1" 200 OK
INFO:     127.0.0.1:50652 - "GET /health HTTP/1.1" 200 OK
INFO:     [IP-DISAMARKAN]:47018 - "GET /metrics HTTP/1.1" 307 Temporary Redirect
INFO:     [IP-DISAMARKAN]:47018 - "GET /metrics/ HTTP/1.1" 200 OK
INFO:     [IP-DISAMARKAN]:34034 - "GET /metrics HTTP/1.1" 307 Temporary Redirect
INFO:     [IP-DISAMARKAN]:34034 - "GET /metrics/ HTTP/1.1" 200 OK
INFO:     [IP-DISAMARKAN]:60100 - "GET /health HTTP/1.1" 200 OK
INFO:     127.0.0.1:51712 - "GET /health HTTP/1.1" 200 OK
INFO:     [IP-DISAMARKAN]:47070 - "GET /metrics HTTP/1.1" 307 Temporary Redirect
INFO:     [IP-DISAMARKAN]:47070 - "GET /metrics/ HTTP/1.1" 200 OK
INFO:     [IP-DISAMARKAN]:56422 - "GET /metrics HTTP/1.1" 307 Temporary Redirect
INFO:     [IP-DISAMARKAN]:56422 - "GET /metrics/ HTTP/1.1" 200 OK
INFO:     [IP-DISAMARKAN]:54048 - "GET /health HTTP/1.1" 200 OK
INFO:     127.0.0.1:51036 - "GET /health HTTP/1.1" 200 OK
INFO:     [IP-DISAMARKAN]:53044 - "GET /metrics HTTP/1.1" 307 Temporary Redirect
INFO:     [IP-DISAMARKAN]:53044 - "GET /metrics/ HTTP/1.1" 200 OK
INFO:     [IP-DISAMARKAN]:45128 - "GET /metrics HTTP/1.1" 307 Temporary Redirect
INFO:     [IP-DISAMARKAN]:45128 - "GET /metrics/ HTTP/1.1" 200 OK
INFO:     [IP-DISAMARKAN]:52206 - "GET /health HTTP/1.1" 200 OK
INFO:     127.0.0.1:50896 - "GET /health HTTP/1.1" 200 OK
INFO:     [IP-DISAMARKAN]:58184 - "GET /metrics HTTP/1.1" 307 Temporary Redirect
INFO:     [IP-DISAMARKAN]:58184 - "GET /metrics/ HTTP/1.1" 200 OK
INFO:     [IP-DISAMARKAN]:36994 - "GET /metrics HTTP/1.1" 307 Temporary Redirect
INFO:     [IP-DISAMARKAN]:36994 - "GET /metrics/ HTTP/1.1" 200 OK
INFO:     127.0.0.1:33072 - "GET /health HTTP/1.1" 200 OK
INFO:     [IP-DISAMARKAN]:35730 - "GET /health HTTP/1.1" 200 OK
INFO:     [IP-DISAMARKAN]:53628 - "GET /metrics HTTP/1.1" 307 Temporary Redirect
INFO:     [IP-DISAMARKAN]:53628 - "GET /metrics/ HTTP/1.1" 200 OK
INFO:     [IP-DISAMARKAN]:44284 - "GET /metrics HTTP/1.1" 307 Temporary Redirect
INFO:     [IP-DISAMARKAN]:44284 - "GET /metrics/ HTTP/1.1" 200 OK
INFO:     127.0.0.1:56998 - "GET /health HTTP/1.1" 200 OK
INFO:     [IP-DISAMARKAN]:53878 - "GET /metrics HTTP/1.1" 307 Temporary Redirect
INFO:     [IP-DISAMARKAN]:53878 - "GET /metrics/ HTTP/1.1" 200 OK
INFO:     [IP-DISAMARKAN]:38168 - "GET /health HTTP/1.1" 200 OK
INFO:     [IP-DISAMARKAN]:51876 - "GET /metrics HTTP/1.1" 307 Temporary Redirect
INFO:     [IP-DISAMARKAN]:51876 - "GET /metrics/ HTTP/1.1" 200 OK
INFO:     127.0.0.1:41462 - "GET /health HTTP/1.1" 200 OK
INFO:     [IP-DISAMARKAN]:49966 - "GET /metrics HTTP/1.1" 307 Temporary Redirect
INFO:     [IP-DISAMARKAN]:49966 - "GET /metrics/ HTTP/1.1" 200 OK
INFO:     [IP-DISAMARKAN]:59356 - "GET /health HTTP/1.1" 200 OK
INFO:     [IP-DISAMARKAN]:55276 - "GET /metrics HTTP/1.1" 307 Temporary Redirect
INFO:     [IP-DISAMARKAN]:55276 - "GET /metrics/ HTTP/1.1" 200 OK
INFO:     127.0.0.1:35104 - "GET /health HTTP/1.1" 200 OK
INFO:     [IP-DISAMARKAN]:59808 - "GET /metrics HTTP/1.1" 307 Temporary Redirect
INFO:     [IP-DISAMARKAN]:59808 - "GET /metrics/ HTTP/1.1" 200 OK
INFO:     [IP-DISAMARKAN]:53464 - "GET /health HTTP/1.1" 200 OK
INFO:     [IP-DISAMARKAN]:36768 - "GET /metrics HTTP/1.1" 307 Temporary Redirect
INFO:     [IP-DISAMARKAN]:36768 - "GET /metrics/ HTTP/1.1" 200 OK
INFO:     127.0.0.1:51240 - "GET /health HTTP/1.1" 200 OK
INFO:     [IP-DISAMARKAN]:60362 - "GET /metrics HTTP/1.1" 307 Temporary Redirect
INFO:     [IP-DISAMARKAN]:60362 - "GET /metrics/ HTTP/1.1" 200 OK
INFO:     [IP-DISAMARKAN]:32952 - "GET /metrics HTTP/1.1" 307 Temporary Redirect
INFO:     [IP-DISAMARKAN]:32952 - "GET /metrics/ HTTP/1.1" 200 OK
INFO:     [IP-DISAMARKAN]:59220 - "GET /health HTTP/1.1" 200 OK
INFO:     127.0.0.1:53914 - "GET /health HTTP/1.1" 200 OK
INFO:     [IP-DISAMARKAN]:59352 - "GET /metrics HTTP/1.1" 307 Temporary Redirect
INFO:     [IP-DISAMARKAN]:59352 - "GET /metrics/ HTTP/1.1" 200 OK
INFO:     [IP-DISAMARKAN]:58064 - "GET /metrics HTTP/1.1" 307 Temporary Redirect
INFO:     [IP-DISAMARKAN]:58064 - "GET /metrics/ HTTP/1.1" 200 OK
INFO:     [IP-DISAMARKAN]:48934 - "GET /health HTTP/1.1" 200 OK
INFO:     127.0.0.1:47592 - "GET /health HTTP/1.1" 200 OK
INFO:     [IP-DISAMARKAN]:56290 - "GET /metrics HTTP/1.1" 307 Temporary Redirect
INFO:     [IP-DISAMARKAN]:56290 - "GET /metrics/ HTTP/1.1" 200 OK
INFO:     [IP-DISAMARKAN]:36920 - "GET /metrics HTTP/1.1" 307 Temporary Redirect
INFO:     [IP-DISAMARKAN]:36920 - "GET /metrics/ HTTP/1.1" 200 OK
INFO:     127.0.0.1:59646 - "GET /health HTTP/1.1" 200 OK
INFO:     [IP-DISAMARKAN]:37036 - "GET /health HTTP/1.1" 200 OK
INFO:     [IP-DISAMARKAN]:38472 - "GET /metrics HTTP/1.1" 307 Temporary Redirect
INFO:     [IP-DISAMARKAN]:38472 - "GET /metrics/ HTTP/1.1" 200 OK
INFO:     [IP-DISAMARKAN]:44406 - "GET /metrics HTTP/1.1" 307 Temporary Redirect
INFO:     [IP-DISAMARKAN]:44406 - "GET /metrics/ HTTP/1.1" 200 OK
INFO:     127.0.0.1:52484 - "GET /health HTTP/1.1" 200 OK
INFO:     [IP-DISAMARKAN]:34296 - "GET /metrics HTTP/1.1" 307 Temporary Redirect
INFO:     [IP-DISAMARKAN]:34296 - "GET /metrics/ HTTP/1.1" 200 OK
INFO:     [IP-DISAMARKAN]:48662 - "GET /health HTTP/1.1" 200 OK
INFO:     [IP-DISAMARKAN]:43278 - "GET /metrics HTTP/1.1" 307 Temporary Redirect
INFO:     [IP-DISAMARKAN]:43278 - "GET /metrics/ HTTP/1.1" 200 OK
INFO:     127.0.0.1:51000 - "GET /health HTTP/1.1" 200 OK
INFO:     [IP-DISAMARKAN]:38016 - "GET /metrics HTTP/1.1" 307 Temporary Redirect
INFO:     [IP-DISAMARKAN]:38016 - "GET /metrics/ HTTP/1.1" 200 OK
INFO:     [IP-DISAMARKAN]:35246 - "GET /health HTTP/1.1" 200 OK
INFO:     [IP-DISAMARKAN]:44444 - "GET /metrics HTTP/1.1" 307 Temporary Redirect
INFO:     [IP-DISAMARKAN]:44444 - "GET /metrics/ HTTP/1.1" 200 OK
INFO:     127.0.0.1:48358 - "GET /health HTTP/1.1" 200 OK
INFO:     [IP-DISAMARKAN]:52038 - "GET /metrics HTTP/1.1" 307 Temporary Redirect
INFO:     [IP-DISAMARKAN]:52038 - "GET /metrics/ HTTP/1.1" 200 OK
INFO:     [IP-DISAMARKAN]:57196 - "GET /health HTTP/1.1" 200 OK
INFO:     [IP-DISAMARKAN]:54212 - "GET /metrics HTTP/1.1" 307 Temporary Redirect
INFO:     [IP-DISAMARKAN]:54212 - "GET /metrics/ HTTP/1.1" 200 OK
INFO:     127.0.0.1:54170 - "GET /health HTTP/1.1" 200 OK
INFO:     [IP-DISAMARKAN]:45612 - "GET /metrics HTTP/1.1" 307 Temporary Redirect
INFO:     [IP-DISAMARKAN]:45612 - "GET /metrics/ HTTP/1.1" 200 OK
INFO:     [IP-DISAMARKAN]:46820 - "GET /health HTTP/1.1" 200 OK
INFO:     [IP-DISAMARKAN]:50608 - "GET /metrics HTTP/1.1" 307 Temporary Redirect
INFO:     [IP-DISAMARKAN]:50608 - "GET /metrics/ HTTP/1.1" 200 OK
INFO:     127.0.0.1:34380 - "GET /health HTTP/1.1" 200 OK
INFO:     [IP-DISAMARKAN]:33144 - "GET /metrics HTTP/1.1" 307 Temporary Redirect
INFO:     [IP-DISAMARKAN]:33144 - "GET /metrics/ HTTP/1.1" 200 OK
INFO:     [IP-DISAMARKAN]:37694 - "GET /health HTTP/1.1" 200 OK
INFO:     [IP-DISAMARKAN]:51426 - "GET /metrics HTTP/1.1" 307 Temporary Redirect
INFO:     [IP-DISAMARKAN]:51426 - "GET /metrics/ HTTP/1.1" 200 OK
INFO:     127.0.0.1:52974 - "GET /health HTTP/1.1" 200 OK
INFO:     [IP-DISAMARKAN]:45064 - "GET /metrics HTTP/1.1" 307 Temporary Redirect
INFO:     [IP-DISAMARKAN]:45064 - "GET /metrics/ HTTP/1.1" 200 OK
INFO:     [IP-DISAMARKAN]:56398 - "GET /health HTTP/1.1" 200 OK
INFO:     [IP-DISAMARKAN]:43810 - "GET /metrics HTTP/1.1" 307 Temporary Redirect
INFO:     [IP-DISAMARKAN]:43810 - "GET /metrics/ HTTP/1.1" 200 OK
INFO:     127.0.0.1:49166 - "GET /health HTTP/1.1" 200 OK
INFO:     [IP-DISAMARKAN]:41266 - "GET /metrics HTTP/1.1" 307 Temporary Redirect
INFO:     [IP-DISAMARKAN]:41266 - "GET /metrics/ HTTP/1.1" 200 OK
INFO:     [IP-DISAMARKAN]:41134 - "GET /health HTTP/1.1" 200 OK
INFO:     [IP-DISAMARKAN]:58498 - "GET /metrics HTTP/1.1" 307 Temporary Redirect
INFO:     [IP-DISAMARKAN]:58498 - "GET /metrics/ HTTP/1.1" 200 OK
INFO:     127.0.0.1:40378 - "GET /health HTTP/1.1" 200 OK
INFO:     [IP-DISAMARKAN]:46804 - "GET /metrics HTTP/1.1" 307 Temporary Redirect
INFO:     [IP-DISAMARKAN]:46804 - "GET /metrics/ HTTP/1.1" 200 OK
INFO:     [IP-DISAMARKAN]:56668 - "GET /health HTTP/1.1" 200 OK
INFO:     [IP-DISAMARKAN]:53716 - "GET /metrics HTTP/1.1" 307 Temporary Redirect
INFO:     [IP-DISAMARKAN]:53716 - "GET /metrics/ HTTP/1.1" 200 OK
INFO:     127.0.0.1:46034 - "GET /health HTTP/1.1" 200 OK
INFO:     [IP-DISAMARKAN]:41672 - "GET /metrics HTTP/1.1" 307 Temporary Redirect
INFO:     [IP-DISAMARKAN]:41672 - "GET /metrics/ HTTP/1.1" 200 OK
INFO:     [IP-DISAMARKAN]:44422 - "GET /health HTTP/1.1" 200 OK
INFO:     [IP-DISAMARKAN]:53598 - "GET /metrics HTTP/1.1" 307 Temporary Redirect
INFO:     [IP-DISAMARKAN]:53598 - "GET /metrics/ HTTP/1.1" 200 OK
INFO:     127.0.0.1:54494 - "GET /health HTTP/1.1" 200 OK
INFO:     [IP-DISAMARKAN]:49574 - "GET /metrics HTTP/1.1" 307 Temporary Redirect
INFO:     [IP-DISAMARKAN]:49574 - "GET /metrics/ HTTP/1.1" 200 OK
INFO:     [IP-DISAMARKAN]:54472 - "GET /health HTTP/1.1" 200 OK
INFO:     [IP-DISAMARKAN]:60996 - "GET /metrics HTTP/1.1" 307 Temporary Redirect
INFO:     [IP-DISAMARKAN]:60996 - "GET /metrics/ HTTP/1.1" 200 OK
INFO:     127.0.0.1:49430 - "GET /health HTTP/1.1" 200 OK
INFO:     [IP-DISAMARKAN]:59534 - "GET /metrics HTTP/1.1" 307 Temporary Redirect
INFO:     [IP-DISAMARKAN]:59534 - "GET /metrics/ HTTP/1.1" 200 OK
INFO:     [IP-DISAMARKAN]:42520 - "GET /health HTTP/1.1" 200 OK
INFO:     [IP-DISAMARKAN]:40730 - "GET /metrics HTTP/1.1" 307 Temporary Redirect
INFO:     [IP-DISAMARKAN]:40730 - "GET /metrics/ HTTP/1.1" 200 OK
INFO:     127.0.0.1:42004 - "GET /health HTTP/1.1" 200 OK
INFO:     [IP-DISAMARKAN]:48978 - "GET /metrics HTTP/1.1" 307 Temporary Redirect
INFO:     [IP-DISAMARKAN]:48978 - "GET /metrics/ HTTP/1.1" 200 OK
INFO:     [IP-DISAMARKAN]:58978 - "GET /health HTTP/1.1" 200 OK
INFO:     [IP-DISAMARKAN]:49124 - "GET /metrics HTTP/1.1" 307 Temporary Redirect
INFO:     [IP-DISAMARKAN]:49124 - "GET /metrics/ HTTP/1.1" 200 OK
INFO:     127.0.0.1:60838 - "GET /health HTTP/1.1" 200 OK
INFO:     [IP-DISAMARKAN]:56342 - "GET /metrics HTTP/1.1" 307 Temporary Redirect
INFO:     [IP-DISAMARKAN]:56342 - "GET /metrics/ HTTP/1.1" 200 OK
INFO:     [IP-DISAMARKAN]:46522 - "GET /health HTTP/1.1" 200 OK
INFO:     [IP-DISAMARKAN]:41188 - "GET /metrics HTTP/1.1" 307 Temporary Redirect
INFO:     [IP-DISAMARKAN]:41188 - "GET /metrics/ HTTP/1.1" 200 OK
INFO:     127.0.0.1:52868 - "GET /health HTTP/1.1" 200 OK
INFO:     [IP-DISAMARKAN]:46388 - "GET /metrics HTTP/1.1" 307 Temporary Redirect
INFO:     [IP-DISAMARKAN]:46388 - "GET /metrics/ HTTP/1.1" 200 OK
INFO:     [IP-DISAMARKAN]:50256 - "GET /health HTTP/1.1" 200 OK
INFO:     [IP-DISAMARKAN]:34142 - "GET /metrics HTTP/1.1" 307 Temporary Redirect
INFO:     [IP-DISAMARKAN]:34142 - "GET /metrics/ HTTP/1.1" 200 OK
INFO:     127.0.0.1:56318 - "GET /health HTTP/1.1" 200 OK
INFO:     [IP-DISAMARKAN]:54134 - "GET /metrics HTTP/1.1" 307 Temporary Redirect
INFO:     [IP-DISAMARKAN]:54134 - "GET /metrics/ HTTP/1.1" 200 OK
INFO:     [IP-DISAMARKAN]:55630 - "GET /health HTTP/1.1" 200 OK
INFO:     [IP-DISAMARKAN]:48830 - "GET /metrics HTTP/1.1" 307 Temporary Redirect
INFO:     [IP-DISAMARKAN]:48830 - "GET /metrics/ HTTP/1.1" 200 OK
INFO:     127.0.0.1:40080 - "GET /health HTTP/1.1" 200 OK
INFO:     [IP-DISAMARKAN]:48544 - "GET /metrics HTTP/1.1" 307 Temporary Redirect
INFO:     [IP-DISAMARKAN]:48544 - "GET /metrics/ HTTP/1.1" 200 OK
INFO:     [IP-DISAMARKAN]:38816 - "GET /health HTTP/1.1" 200 OK
INFO:     [IP-DISAMARKAN]:44454 - "GET /metrics HTTP/1.1" 307 Temporary Redirect
INFO:     [IP-DISAMARKAN]:44454 - "GET /metrics/ HTTP/1.1" 200 OK
INFO:     127.0.0.1:35098 - "GET /health HTTP/1.1" 200 OK
INFO:     [IP-DISAMARKAN]:50548 - "GET /metrics HTTP/1.1" 307 Temporary Redirect
INFO:     [IP-DISAMARKAN]:50548 - "GET /metrics/ HTTP/1.1" 200 OK
INFO:     [IP-DISAMARKAN]:42452 - "GET /health HTTP/1.1" 200 OK
INFO:     [IP-DISAMARKAN]:42130 - "GET /metrics HTTP/1.1" 307 Temporary Redirect
INFO:     [IP-DISAMARKAN]:42130 - "GET /metrics/ HTTP/1.1" 200 OK
INFO:     127.0.0.1:60284 - "GET /health HTTP/1.1" 200 OK
INFO:     [IP-DISAMARKAN]:50076 - "GET /metrics HTTP/1.1" 307 Temporary Redirect
INFO:     [IP-DISAMARKAN]:50076 - "GET /metrics/ HTTP/1.1" 200 OK
INFO:     [IP-DISAMARKAN]:37642 - "GET /health HTTP/1.1" 200 OK
INFO:     [IP-DISAMARKAN]:43580 - "GET /metrics HTTP/1.1" 307 Temporary Redirect
INFO:     [IP-DISAMARKAN]:43580 - "GET /metrics/ HTTP/1.1" 200 OK
INFO:     127.0.0.1:42824 - "GET /health HTTP/1.1" 200 OK
INFO:     [IP-DISAMARKAN]:57134 - "GET /metrics HTTP/1.1" 307 Temporary Redirect
INFO:     [IP-DISAMARKAN]:57134 - "GET /metrics/ HTTP/1.1" 200 OK
INFO:     [IP-DISAMARKAN]:56428 - "GET /metrics HTTP/1.1" 307 Temporary Redirect
INFO:     [IP-DISAMARKAN]:56428 - "GET /metrics/ HTTP/1.1" 200 OK
INFO:     [IP-DISAMARKAN]:33320 - "GET /health HTTP/1.1" 200 OK
INFO:     127.0.0.1:49664 - "GET /health HTTP/1.1" 200 OK
INFO:     [IP-DISAMARKAN]:53116 - "GET /metrics HTTP/1.1" 307 Temporary Redirect
INFO:     [IP-DISAMARKAN]:53116 - "GET /metrics/ HTTP/1.1" 200 OK
INFO:     [IP-DISAMARKAN]:45042 - "GET /metrics HTTP/1.1" 307 Temporary Redirect
INFO:     [IP-DISAMARKAN]:45042 - "GET /metrics/ HTTP/1.1" 200 OK
INFO:     [IP-DISAMARKAN]:34042 - "GET /health HTTP/1.1" 200 OK
INFO:     127.0.0.1:44774 - "GET /health HTTP/1.1" 200 OK
INFO:     [IP-DISAMARKAN]:60988 - "GET /metrics HTTP/1.1" 307 Temporary Redirect
INFO:     [IP-DISAMARKAN]:60988 - "GET /metrics/ HTTP/1.1" 200 OK
INFO:     [IP-DISAMARKAN]:40108 - "GET /metrics HTTP/1.1" 307 Temporary Redirect
INFO:     [IP-DISAMARKAN]:40108 - "GET /metrics/ HTTP/1.1" 200 OK
INFO:     [IP-DISAMARKAN]:59560 - "GET /health HTTP/1.1" 200 OK
INFO:     127.0.0.1:36342 - "GET /health HTTP/1.1" 200 OK
INFO:     [IP-DISAMARKAN]:51764 - "GET /metrics HTTP/1.1" 307 Temporary Redirect
INFO:     [IP-DISAMARKAN]:51764 - "GET /metrics/ HTTP/1.1" 200 OK
INFO:     [IP-DISAMARKAN]:50640 - "GET /metrics HTTP/1.1" 307 Temporary Redirect
INFO:     [IP-DISAMARKAN]:50640 - "GET /metrics/ HTTP/1.1" 200 OK
INFO:     127.0.0.1:50994 - "GET /health HTTP/1.1" 200 OK
INFO:     [IP-DISAMARKAN]:35826 - "GET /metrics HTTP/1.1" 307 Temporary Redirect
INFO:     [IP-DISAMARKAN]:35826 - "GET /metrics/ HTTP/1.1" 200 OK
INFO:     [IP-DISAMARKAN]:43152 - "GET /health HTTP/1.1" 200 OK
INFO:     [IP-DISAMARKAN]:56142 - "GET /metrics HTTP/1.1" 307 Temporary Redirect
INFO:     [IP-DISAMARKAN]:56142 - "GET /metrics/ HTTP/1.1" 200 OK
INFO:     127.0.0.1:51118 - "GET /health HTTP/1.1" 200 OK
INFO:     [IP-DISAMARKAN]:51994 - "GET /metrics HTTP/1.1" 307 Temporary Redirect
INFO:     [IP-DISAMARKAN]:51994 - "GET /metrics/ HTTP/1.1" 200 OK
INFO:     [IP-DISAMARKAN]:43312 - "GET /health HTTP/1.1" 200 OK
INFO:     [IP-DISAMARKAN]:41076 - "GET /metrics HTTP/1.1" 307 Temporary Redirect
INFO:     [IP-DISAMARKAN]:41076 - "GET /metrics/ HTTP/1.1" 200 OK
INFO:     127.0.0.1:34484 - "GET /health HTTP/1.1" 200 OK
INFO:     [IP-DISAMARKAN]:51542 - "GET /metrics HTTP/1.1" 307 Temporary Redirect
INFO:     [IP-DISAMARKAN]:51542 - "GET /metrics/ HTTP/1.1" 200 OK
INFO:     [IP-DISAMARKAN]:44532 - "GET /health HTTP/1.1" 200 OK
INFO:     [IP-DISAMARKAN]:58388 - "GET /metrics HTTP/1.1" 307 Temporary Redirect
INFO:     [IP-DISAMARKAN]:58388 - "GET /metrics/ HTTP/1.1" 200 OK
INFO:     127.0.0.1:33948 - "GET /health HTTP/1.1" 200 OK
INFO:     [IP-DISAMARKAN]:37470 - "GET /metrics HTTP/1.1" 307 Temporary Redirect
INFO:     [IP-DISAMARKAN]:37470 - "GET /metrics/ HTTP/1.1" 200 OK
INFO:     [IP-DISAMARKAN]:55202 - "GET /metrics HTTP/1.1" 307 Temporary Redirect
INFO:     [IP-DISAMARKAN]:55202 - "GET /metrics/ HTTP/1.1" 200 OK
INFO:     [IP-DISAMARKAN]:59260 - "GET /health HTTP/1.1" 200 OK
INFO:     127.0.0.1:60786 - "GET /health HTTP/1.1" 200 OK
INFO:     [IP-DISAMARKAN]:55238 - "GET /metrics HTTP/1.1" 307 Temporary Redirect
INFO:     [IP-DISAMARKAN]:55238 - "GET /metrics/ HTTP/1.1" 200 OK
INFO:     [IP-DISAMARKAN]:56110 - "GET /metrics HTTP/1.1" 307 Temporary Redirect
INFO:     [IP-DISAMARKAN]:56110 - "GET /metrics/ HTTP/1.1" 200 OK
INFO:     [IP-DISAMARKAN]:38026 - "GET /health HTTP/1.1" 200 OK
INFO:     127.0.0.1:43994 - "GET /health HTTP/1.1" 200 OK
INFO:     [IP-DISAMARKAN]:45750 - "GET /metrics HTTP/1.1" 307 Temporary Redirect
INFO:     [IP-DISAMARKAN]:45750 - "GET /metrics/ HTTP/1.1" 200 OK
INFO:     [IP-DISAMARKAN]:57986 - "GET /metrics HTTP/1.1" 307 Temporary Redirect
INFO:     [IP-DISAMARKAN]:57986 - "GET /metrics/ HTTP/1.1" 200 OK
INFO:     [IP-DISAMARKAN]:41366 - "GET /health HTTP/1.1" 200 OK
INFO:     127.0.0.1:54014 - "GET /health HTTP/1.1" 200 OK
INFO:     [IP-DISAMARKAN]:39146 - "GET /metrics HTTP/1.1" 307 Temporary Redirect
INFO:     [IP-DISAMARKAN]:39146 - "GET /metrics/ HTTP/1.1" 200 OK
INFO:     [IP-DISAMARKAN]:49688 - "GET /metrics HTTP/1.1" 307 Temporary Redirect
INFO:     [IP-DISAMARKAN]:49688 - "GET /metrics/ HTTP/1.1" 200 OK
INFO:     [IP-DISAMARKAN]:49966 - "GET /metrics HTTP/1.1" 307 Temporary Redirect
INFO:     [IP-DISAMARKAN]:49966 - "GET /metrics/ HTTP/1.1" 200 OK
INFO:     127.0.0.1:49108 - "GET /health HTTP/1.1" 200 OK
INFO:     [IP-DISAMARKAN]:40164 - "GET /health HTTP/1.1" 200 OK
INFO:     [IP-DISAMARKAN]:51416 - "GET /metrics HTTP/1.1" 307 Temporary Redirect
INFO:     [IP-DISAMARKAN]:51416 - "GET /metrics/ HTTP/1.1" 200 OK
INFO:     [IP-DISAMARKAN]:50864 - "GET /metrics HTTP/1.1" 307 Temporary Redirect
INFO:     [IP-DISAMARKAN]:50864 - "GET /metrics/ HTTP/1.1" 200 OK
INFO:     127.0.0.1:49632 - "GET /health HTTP/1.1" 200 OK
INFO:     [IP-DISAMARKAN]:54548 - "GET /health HTTP/1.1" 200 OK
INFO:     [IP-DISAMARKAN]:43518 - "GET /metrics HTTP/1.1" 307 Temporary Redirect
INFO:     [IP-DISAMARKAN]:43518 - "GET /metrics/ HTTP/1.1" 200 OK
INFO:     [IP-DISAMARKAN]:37818 - "GET /metrics HTTP/1.1" 307 Temporary Redirect
INFO:     [IP-DISAMARKAN]:37818 - "GET /metrics/ HTTP/1.1" 200 OK
INFO:     127.0.0.1:49928 - "GET /health HTTP/1.1" 200 OK
INFO:     [IP-DISAMARKAN]:59264 - "GET /health HTTP/1.1" 200 OK
INFO:     [IP-DISAMARKAN]:44940 - "GET /metrics HTTP/1.1" 307 Temporary Redirect
INFO:     [IP-DISAMARKAN]:44940 - "GET /metrics/ HTTP/1.1" 200 OK
INFO:     [IP-DISAMARKAN]:36824 - "GET /metrics HTTP/1.1" 307 Temporary Redirect
INFO:     [IP-DISAMARKAN]:36824 - "GET /metrics/ HTTP/1.1" 200 OK
INFO:     127.0.0.1:42232 - "GET /health HTTP/1.1" 200 OK
INFO:     [IP-DISAMARKAN]:34594 - "GET /health HTTP/1.1" 200 OK
INFO:     [IP-DISAMARKAN]:60210 - "GET /metrics HTTP/1.1" 307 Temporary Redirect
INFO:     [IP-DISAMARKAN]:60210 - "GET /metrics/ HTTP/1.1" 200 OK
INFO:     [IP-DISAMARKAN]:59156 - "GET /metrics HTTP/1.1" 307 Temporary Redirect
INFO:     [IP-DISAMARKAN]:59156 - "GET /metrics/ HTTP/1.1" 200 OK
INFO:     127.0.0.1:36182 - "GET /health HTTP/1.1" 200 OK
INFO:     [IP-DISAMARKAN]:52282 - "GET /health HTTP/1.1" 200 OK
INFO:     [IP-DISAMARKAN]:35012 - "GET /metrics HTTP/1.1" 307 Temporary Redirect
INFO:     [IP-DISAMARKAN]:35012 - "GET /metrics/ HTTP/1.1" 200 OK
INFO:     [IP-DISAMARKAN]:36250 - "GET /metrics HTTP/1.1" 307 Temporary Redirect
INFO:     [IP-DISAMARKAN]:36250 - "GET /metrics/ HTTP/1.1" 200 OK
INFO:     127.0.0.1:50980 - "GET /health HTTP/1.1" 200 OK
INFO:     [IP-DISAMARKAN]:42502 - "GET /health HTTP/1.1" 200 OK
INFO:     [IP-DISAMARKAN]:54970 - "GET /metrics HTTP/1.1" 307 Temporary Redirect
INFO:     [IP-DISAMARKAN]:54970 - "GET /metrics/ HTTP/1.1" 200 OK
INFO:     [IP-DISAMARKAN]:33666 - "GET /metrics HTTP/1.1" 307 Temporary Redirect
INFO:     [IP-DISAMARKAN]:33666 - "GET /metrics/ HTTP/1.1" 200 OK
INFO:     127.0.0.1:60800 - "GET /health HTTP/1.1" 200 OK
INFO:     [IP-DISAMARKAN]:36406 - "GET /health HTTP/1.1" 200 OK
INFO:     [IP-DISAMARKAN]:46182 - "GET /metrics HTTP/1.1" 307 Temporary Redirect
INFO:     [IP-DISAMARKAN]:46182 - "GET /metrics/ HTTP/1.1" 200 OK
INFO:     [IP-DISAMARKAN]:57826 - "GET /metrics HTTP/1.1" 307 Temporary Redirect
INFO:     [IP-DISAMARKAN]:57826 - "GET /metrics/ HTTP/1.1" 200 OK
INFO:     127.0.0.1:35990 - "GET /health HTTP/1.1" 200 OK
INFO:     [IP-DISAMARKAN]:37976 - "GET /health HTTP/1.1" 200 OK
INFO:     [IP-DISAMARKAN]:35724 - "GET /metrics HTTP/1.1" 307 Temporary Redirect
INFO:     [IP-DISAMARKAN]:35724 - "GET /metrics/ HTTP/1.1" 200 OK
INFO:     [IP-DISAMARKAN]:59116 - "GET /metrics HTTP/1.1" 307 Temporary Redirect
INFO:     [IP-DISAMARKAN]:59116 - "GET /metrics/ HTTP/1.1" 200 OK
INFO:     127.0.0.1:33942 - "GET /health HTTP/1.1" 200 OK
INFO:     [IP-DISAMARKAN]:42294 - "GET /health HTTP/1.1" 200 OK
INFO:     [IP-DISAMARKAN]:34768 - "GET /metrics HTTP/1.1" 307 Temporary Redirect
INFO:     [IP-DISAMARKAN]:34768 - "GET /metrics/ HTTP/1.1" 200 OK
INFO:     [IP-DISAMARKAN]:33176 - "GET /metrics HTTP/1.1" 307 Temporary Redirect
INFO:     [IP-DISAMARKAN]:33176 - "GET /metrics/ HTTP/1.1" 200 OK
INFO:     127.0.0.1:47338 - "GET /health HTTP/1.1" 200 OK
INFO:     [IP-DISAMARKAN]:36214 - "GET /health HTTP/1.1" 200 OK
INFO:     [IP-DISAMARKAN]:59602 - "GET /metrics HTTP/1.1" 307 Temporary Redirect
INFO:     [IP-DISAMARKAN]:59602 - "GET /metrics/ HTTP/1.1" 200 OK
INFO:     [IP-DISAMARKAN]:36952 - "GET /metrics HTTP/1.1" 307 Temporary Redirect
INFO:     [IP-DISAMARKAN]:36952 - "GET /metrics/ HTTP/1.1" 200 OK
INFO:     127.0.0.1:47086 - "GET /health HTTP/1.1" 200 OK
INFO:     [IP-DISAMARKAN]:57500 - "GET /health HTTP/1.1" 200 OK
INFO:     [IP-DISAMARKAN]:48482 - "GET /metrics HTTP/1.1" 307 Temporary Redirect
INFO:     [IP-DISAMARKAN]:48482 - "GET /metrics/ HTTP/1.1" 200 OK
INFO:     [IP-DISAMARKAN]:40370 - "GET /metrics HTTP/1.1" 307 Temporary Redirect
INFO:     [IP-DISAMARKAN]:40370 - "GET /metrics/ HTTP/1.1" 200 OK
INFO:     127.0.0.1:43166 - "GET /health HTTP/1.1" 200 OK
INFO:     [IP-DISAMARKAN]:50264 - "GET /health HTTP/1.1" 200 OK
INFO:     [IP-DISAMARKAN]:50298 - "GET /metrics HTTP/1.1" 307 Temporary Redirect
INFO:     [IP-DISAMARKAN]:50298 - "GET /metrics/ HTTP/1.1" 200 OK
INFO:     [IP-DISAMARKAN]:45670 - "GET /metrics HTTP/1.1" 307 Temporary Redirect
INFO:     [IP-DISAMARKAN]:45670 - "GET /metrics/ HTTP/1.1" 200 OK
INFO:     127.0.0.1:59706 - "GET /health HTTP/1.1" 200 OK
INFO:     [IP-DISAMARKAN]:51470 - "GET /health HTTP/1.1" 200 OK
INFO:     [IP-DISAMARKAN]:48784 - "GET /metrics HTTP/1.1" 307 Temporary Redirect
INFO:     [IP-DISAMARKAN]:48784 - "GET /metrics/ HTTP/1.1" 200 OK
INFO:     [IP-DISAMARKAN]:38710 - "GET /metrics HTTP/1.1" 307 Temporary Redirect
INFO:     [IP-DISAMARKAN]:38710 - "GET /metrics/ HTTP/1.1" 200 OK
INFO:     127.0.0.1:55296 - "GET /health HTTP/1.1" 200 OK
INFO:     [IP-DISAMARKAN]:60184 - "GET /health HTTP/1.1" 200 OK
INFO:     [IP-DISAMARKAN]:54106 - "GET /metrics HTTP/1.1" 307 Temporary Redirect
INFO:     [IP-DISAMARKAN]:54106 - "GET /metrics/ HTTP/1.1" 200 OK
INFO:     [IP-DISAMARKAN]:37958 - "GET /metrics HTTP/1.1" 307 Temporary Redirect
INFO:     [IP-DISAMARKAN]:37958 - "GET /metrics/ HTTP/1.1" 200 OK
INFO:     127.0.0.1:44156 - "GET /health HTTP/1.1" 200 OK
INFO:     [IP-DISAMARKAN]:43976 - "GET /health HTTP/1.1" 200 OK
INFO:     [IP-DISAMARKAN]:39314 - "GET /metrics HTTP/1.1" 307 Temporary Redirect
INFO:     [IP-DISAMARKAN]:39314 - "GET /metrics/ HTTP/1.1" 200 OK
INFO:     [IP-DISAMARKAN]:50358 - "GET /metrics HTTP/1.1" 307 Temporary Redirect
INFO:     [IP-DISAMARKAN]:50358 - "GET /metrics/ HTTP/1.1" 200 OK
INFO:     127.0.0.1:48136 - "GET /health HTTP/1.1" 200 OK
INFO:     [IP-DISAMARKAN]:50386 - "GET /health HTTP/1.1" 200 OK
INFO:     [IP-DISAMARKAN]:59190 - "GET /metrics HTTP/1.1" 307 Temporary Redirect
INFO:     [IP-DISAMARKAN]:59190 - "GET /metrics/ HTTP/1.1" 200 OK
INFO:     [IP-DISAMARKAN]:39938 - "GET /metrics HTTP/1.1" 307 Temporary Redirect
INFO:     [IP-DISAMARKAN]:39938 - "GET /metrics/ HTTP/1.1" 200 OK
INFO:     127.0.0.1:55030 - "GET /health HTTP/1.1" 200 OK
INFO:     [IP-DISAMARKAN]:40432 - "GET /health HTTP/1.1" 200 OK
INFO:     [IP-DISAMARKAN]:38978 - "GET /metrics HTTP/1.1" 307 Temporary Redirect
INFO:     [IP-DISAMARKAN]:38978 - "GET /metrics/ HTTP/1.1" 200 OK
INFO:     [IP-DISAMARKAN]:41362 - "GET /metrics HTTP/1.1" 307 Temporary Redirect
INFO:     [IP-DISAMARKAN]:41362 - "GET /metrics/ HTTP/1.1" 200 OK
INFO:     127.0.0.1:51782 - "GET /health HTTP/1.1" 200 OK
INFO:     [IP-DISAMARKAN]:42634 - "GET /health HTTP/1.1" 200 OK
INFO:     [IP-DISAMARKAN]:42612 - "GET /metrics HTTP/1.1" 307 Temporary Redirect
INFO:     [IP-DISAMARKAN]:42612 - "GET /metrics/ HTTP/1.1" 200 OK
INFO:     [IP-DISAMARKAN]:54674 - "GET /metrics HTTP/1.1" 307 Temporary Redirect
INFO:     [IP-DISAMARKAN]:54674 - "GET /metrics/ HTTP/1.1" 200 OK
INFO:     127.0.0.1:37680 - "GET /health HTTP/1.1" 200 OK
INFO:     [IP-DISAMARKAN]:38720 - "GET /health HTTP/1.1" 200 OK
INFO:     [IP-DISAMARKAN]:37370 - "GET /metrics HTTP/1.1" 307 Temporary Redirect
INFO:     [IP-DISAMARKAN]:37370 - "GET /metrics/ HTTP/1.1" 200 OK
INFO:     [IP-DISAMARKAN]:44612 - "GET /metrics HTTP/1.1" 307 Temporary Redirect
INFO:     [IP-DISAMARKAN]:44612 - "GET /metrics/ HTTP/1.1" 200 OK
INFO:     127.0.0.1:32922 - "GET /health HTTP/1.1" 200 OK
INFO:     [IP-DISAMARKAN]:41490 - "GET /metrics HTTP/1.1" 307 Temporary Redirect
INFO:     [IP-DISAMARKAN]:41490 - "GET /metrics/ HTTP/1.1" 200 OK
INFO:     [IP-DISAMARKAN]:39982 - "GET /health HTTP/1.1" 200 OK
INFO:     [IP-DISAMARKAN]:57634 - "GET /metrics HTTP/1.1" 307 Temporary Redirect
INFO:     [IP-DISAMARKAN]:57634 - "GET /metrics/ HTTP/1.1" 200 OK
INFO:     127.0.0.1:57996 - "GET /health HTTP/1.1" 200 OK
INFO:     [IP-DISAMARKAN]:47242 - "GET /metrics HTTP/1.1" 307 Temporary Redirect
INFO:     [IP-DISAMARKAN]:47242 - "GET /metrics/ HTTP/1.1" 200 OK
INFO:     [IP-DISAMARKAN]:51682 - "GET /health HTTP/1.1" 200 OK
INFO:     [IP-DISAMARKAN]:46560 - "GET /metrics HTTP/1.1" 307 Temporary Redirect
INFO:     [IP-DISAMARKAN]:46560 - "GET /metrics/ HTTP/1.1" 200 OK
INFO:     127.0.0.1:35786 - "GET /health HTTP/1.1" 200 OK
INFO:     [IP-DISAMARKAN]:48254 - "GET /metrics HTTP/1.1" 307 Temporary Redirect
INFO:     [IP-DISAMARKAN]:48254 - "GET /metrics/ HTTP/1.1" 200 OK
INFO:     [IP-DISAMARKAN]:39994 - "GET /health HTTP/1.1" 200 OK
INFO:     [IP-DISAMARKAN]:41414 - "GET /metrics HTTP/1.1" 307 Temporary Redirect
INFO:     [IP-DISAMARKAN]:41414 - "GET /metrics/ HTTP/1.1" 200 OK
INFO:     127.0.0.1:57524 - "GET /health HTTP/1.1" 200 OK
INFO:     [IP-DISAMARKAN]:55242 - "GET /metrics HTTP/1.1" 307 Temporary Redirect
INFO:     [IP-DISAMARKAN]:55242 - "GET /metrics/ HTTP/1.1" 200 OK
INFO:     [IP-DISAMARKAN]:59972 - "GET /metrics HTTP/1.1" 307 Temporary Redirect
INFO:     [IP-DISAMARKAN]:59972 - "GET /metrics/ HTTP/1.1" 200 OK
INFO:     127.0.0.1:60554 - "GET /health HTTP/1.1" 200 OK
INFO:     [IP-DISAMARKAN]:52262 - "GET /health HTTP/1.1" 200 OK
INFO:     [IP-DISAMARKAN]:54068 - "GET /metrics HTTP/1.1" 307 Temporary Redirect
INFO:     [IP-DISAMARKAN]:54068 - "GET /metrics/ HTTP/1.1" 200 OK
INFO:     [IP-DISAMARKAN]:54976 - "GET /metrics HTTP/1.1" 307 Temporary Redirect
INFO:     [IP-DISAMARKAN]:54976 - "GET /metrics/ HTTP/1.1" 200 OK
INFO:     127.0.0.1:60174 - "GET /health HTTP/1.1" 200 OK
INFO:     [IP-DISAMARKAN]:42060 - "GET /health HTTP/1.1" 200 OK
INFO:     [IP-DISAMARKAN]:35792 - "GET /metrics HTTP/1.1" 307 Temporary Redirect
INFO:     [IP-DISAMARKAN]:35792 - "GET /metrics/ HTTP/1.1" 200 OK
INFO:     [IP-DISAMARKAN]:39134 - "GET /metrics HTTP/1.1" 307 Temporary Redirect
INFO:     [IP-DISAMARKAN]:39134 - "GET /metrics/ HTTP/1.1" 200 OK
INFO:     127.0.0.1:58040 - "GET /health HTTP/1.1" 200 OK
INFO:     [IP-DISAMARKAN]:44894 - "GET /health HTTP/1.1" 200 OK
INFO:     [IP-DISAMARKAN]:56870 - "GET /metrics HTTP/1.1" 307 Temporary Redirect
INFO:     [IP-DISAMARKAN]:56870 - "GET /metrics/ HTTP/1.1" 200 OK
INFO:     [IP-DISAMARKAN]:47162 - "GET /metrics HTTP/1.1" 307 Temporary Redirect
INFO:     [IP-DISAMARKAN]:47162 - "GET /metrics/ HTTP/1.1" 200 OK
INFO:     127.0.0.1:58562 - "GET /health HTTP/1.1" 200 OK
INFO:     [IP-DISAMARKAN]:34830 - "GET /metrics HTTP/1.1" 307 Temporary Redirect
INFO:     [IP-DISAMARKAN]:34830 - "GET /metrics/ HTTP/1.1" 200 OK
INFO:     [IP-DISAMARKAN]:51628 - "GET /health HTTP/1.1" 200 OK
INFO:     [IP-DISAMARKAN]:50114 - "GET /metrics HTTP/1.1" 307 Temporary Redirect
INFO:     [IP-DISAMARKAN]:50114 - "GET /metrics/ HTTP/1.1" 200 OK
INFO:     127.0.0.1:37188 - "GET /health HTTP/1.1" 200 OK
INFO:     [IP-DISAMARKAN]:45906 - "GET /metrics HTTP/1.1" 307 Temporary Redirect
INFO:     [IP-DISAMARKAN]:45906 - "GET /metrics/ HTTP/1.1" 200 OK
INFO:     [IP-DISAMARKAN]:34826 - "GET /health HTTP/1.1" 200 OK
INFO:     [IP-DISAMARKAN]:44584 - "GET /metrics HTTP/1.1" 307 Temporary Redirect
INFO:     [IP-DISAMARKAN]:44584 - "GET /metrics/ HTTP/1.1" 200 OK
INFO:     127.0.0.1:36846 - "GET /health HTTP/1.1" 200 OK
INFO:     [IP-DISAMARKAN]:44408 - "GET /metrics HTTP/1.1" 307 Temporary Redirect
INFO:     [IP-DISAMARKAN]:44408 - "GET /metrics/ HTTP/1.1" 200 OK
INFO:     [IP-DISAMARKAN]:57406 - "GET /health HTTP/1.1" 200 OK
INFO:     [IP-DISAMARKAN]:52628 - "GET /metrics HTTP/1.1" 307 Temporary Redirect
INFO:     [IP-DISAMARKAN]:52628 - "GET /metrics/ HTTP/1.1" 200 OK
INFO:     127.0.0.1:34708 - "GET /health HTTP/1.1" 200 OK
INFO:     [IP-DISAMARKAN]:55346 - "GET /metrics HTTP/1.1" 307 Temporary Redirect
INFO:     [IP-DISAMARKAN]:55346 - "GET /metrics/ HTTP/1.1" 200 OK
INFO:     [IP-DISAMARKAN]:37526 - "GET /health HTTP/1.1" 200 OK
INFO:     [IP-DISAMARKAN]:58830 - "GET /metrics HTTP/1.1" 307 Temporary Redirect
INFO:     [IP-DISAMARKAN]:58830 - "GET /metrics/ HTTP/1.1" 200 OK
INFO:     127.0.0.1:38164 - "GET /health HTTP/1.1" 200 OK
INFO:     [IP-DISAMARKAN]:57428 - "GET /metrics HTTP/1.1" 307 Temporary Redirect
INFO:     [IP-DISAMARKAN]:57428 - "GET /metrics/ HTTP/1.1" 200 OK
INFO:     [IP-DISAMARKAN]:42800 - "GET /health HTTP/1.1" 200 OK
INFO:     [IP-DISAMARKAN]:60526 - "GET /metrics HTTP/1.1" 307 Temporary Redirect
INFO:     [IP-DISAMARKAN]:60526 - "GET /metrics/ HTTP/1.1" 200 OK
INFO:     127.0.0.1:59226 - "GET /health HTTP/1.1" 200 OK
INFO:     [IP-DISAMARKAN]:44952 - "GET /metrics HTTP/1.1" 307 Temporary Redirect
INFO:     [IP-DISAMARKAN]:44952 - "GET /metrics/ HTTP/1.1" 200 OK
INFO:     [IP-DISAMARKAN]:48744 - "GET /health HTTP/1.1" 200 OK
INFO:     [IP-DISAMARKAN]:38522 - "GET /metrics HTTP/1.1" 307 Temporary Redirect
INFO:     [IP-DISAMARKAN]:38522 - "GET /metrics/ HTTP/1.1" 200 OK
INFO:     127.0.0.1:48010 - "GET /health HTTP/1.1" 200 OK
INFO:     [IP-DISAMARKAN]:54152 - "GET /metrics HTTP/1.1" 307 Temporary Redirect
INFO:     [IP-DISAMARKAN]:54152 - "GET /metrics/ HTTP/1.1" 200 OK
INFO:     [IP-DISAMARKAN]:36548 - "GET /health HTTP/1.1" 200 OK
INFO:     [IP-DISAMARKAN]:36260 - "GET /metrics HTTP/1.1" 307 Temporary Redirect
INFO:     [IP-DISAMARKAN]:36260 - "GET /metrics/ HTTP/1.1" 200 OK
INFO:     127.0.0.1:53806 - "GET /health HTTP/1.1" 200 OK
INFO:     [IP-DISAMARKAN]:34180 - "GET /metrics HTTP/1.1" 307 Temporary Redirect
INFO:     [IP-DISAMARKAN]:34180 - "GET /metrics/ HTTP/1.1" 200 OK
INFO:     [IP-DISAMARKAN]:38348 - "GET /health HTTP/1.1" 200 OK
INFO:     [IP-DISAMARKAN]:47724 - "GET /metrics HTTP/1.1" 307 Temporary Redirect
INFO:     [IP-DISAMARKAN]:47724 - "GET /metrics/ HTTP/1.1" 200 OK
INFO:     127.0.0.1:48212 - "GET /health HTTP/1.1" 200 OK
INFO:     [IP-DISAMARKAN]:56946 - "GET /metrics HTTP/1.1" 307 Temporary Redirect
INFO:     [IP-DISAMARKAN]:56946 - "GET /metrics/ HTTP/1.1" 200 OK
INFO:     [IP-DISAMARKAN]:44688 - "GET /health HTTP/1.1" 200 OK
INFO:     [IP-DISAMARKAN]:50068 - "GET /metrics HTTP/1.1" 307 Temporary Redirect
INFO:     [IP-DISAMARKAN]:50068 - "GET /metrics/ HTTP/1.1" 200 OK
INFO:     127.0.0.1:51902 - "GET /health HTTP/1.1" 200 OK
INFO:     [IP-DISAMARKAN]:42046 - "GET /metrics HTTP/1.1" 307 Temporary Redirect
INFO:     [IP-DISAMARKAN]:42046 - "GET /metrics/ HTTP/1.1" 200 OK
INFO:     [IP-DISAMARKAN]:47806 - "GET /health HTTP/1.1" 200 OK
INFO:     [IP-DISAMARKAN]:40556 - "GET /metrics HTTP/1.1" 307 Temporary Redirect
INFO:     [IP-DISAMARKAN]:40556 - "GET /metrics/ HTTP/1.1" 200 OK
INFO:     127.0.0.1:41536 - "GET /health HTTP/1.1" 200 OK
INFO:     [IP-DISAMARKAN]:51446 - "GET /metrics HTTP/1.1" 307 Temporary Redirect
INFO:     [IP-DISAMARKAN]:51446 - "GET /metrics/ HTTP/1.1" 200 OK
INFO:     [IP-DISAMARKAN]:39528 - "GET /health HTTP/1.1" 200 OK
INFO:     [IP-DISAMARKAN]:35452 - "GET /metrics HTTP/1.1" 307 Temporary Redirect
INFO:     [IP-DISAMARKAN]:35452 - "GET /metrics/ HTTP/1.1" 200 OK
INFO:     127.0.0.1:44802 - "GET /health HTTP/1.1" 200 OK
INFO:     [IP-DISAMARKAN]:40192 - "GET /metrics HTTP/1.1" 307 Temporary Redirect
INFO:     [IP-DISAMARKAN]:40192 - "GET /metrics/ HTTP/1.1" 200 OK
INFO:     [IP-DISAMARKAN]:33506 - "GET /health HTTP/1.1" 200 OK
INFO:     [IP-DISAMARKAN]:34386 - "GET /metrics HTTP/1.1" 307 Temporary Redirect
INFO:     [IP-DISAMARKAN]:34386 - "GET /metrics/ HTTP/1.1" 200 OK
INFO:     127.0.0.1:52496 - "GET /health HTTP/1.1" 200 OK
INFO:     [IP-DISAMARKAN]:59458 - "GET /metrics HTTP/1.1" 307 Temporary Redirect
INFO:     [IP-DISAMARKAN]:59458 - "GET /metrics/ HTTP/1.1" 200 OK
INFO:     [IP-DISAMARKAN]:59568 - "GET /health HTTP/1.1" 200 OK
INFO:     [IP-DISAMARKAN]:56732 - "GET /metrics HTTP/1.1" 307 Temporary Redirect
INFO:     [IP-DISAMARKAN]:56732 - "GET /metrics/ HTTP/1.1" 200 OK
INFO:     127.0.0.1:51690 - "GET /health HTTP/1.1" 200 OK
INFO:     [IP-DISAMARKAN]:49294 - "GET /metrics HTTP/1.1" 307 Temporary Redirect
INFO:     [IP-DISAMARKAN]:49294 - "GET /metrics/ HTTP/1.1" 200 OK
INFO:     [IP-DISAMARKAN]:46544 - "GET /health HTTP/1.1" 200 OK
INFO:     [IP-DISAMARKAN]:42354 - "GET /metrics HTTP/1.1" 307 Temporary Redirect
INFO:     [IP-DISAMARKAN]:42354 - "GET /metrics/ HTTP/1.1" 200 OK
INFO:     127.0.0.1:35920 - "GET /health HTTP/1.1" 200 OK
INFO:     [IP-DISAMARKAN]:43358 - "GET /metrics HTTP/1.1" 307 Temporary Redirect
INFO:     [IP-DISAMARKAN]:43358 - "GET /metrics/ HTTP/1.1" 200 OK
INFO:     [IP-DISAMARKAN]:34624 - "GET /health HTTP/1.1" 200 OK
INFO:     [IP-DISAMARKAN]:54708 - "GET /metrics HTTP/1.1" 307 Temporary Redirect
INFO:     [IP-DISAMARKAN]:54708 - "GET /metrics/ HTTP/1.1" 200 OK
INFO:     127.0.0.1:48234 - "GET /health HTTP/1.1" 200 OK
INFO:     [IP-DISAMARKAN]:51718 - "GET /metrics HTTP/1.1" 307 Temporary Redirect
INFO:     [IP-DISAMARKAN]:51718 - "GET /metrics/ HTTP/1.1" 200 OK
INFO:     [IP-DISAMARKAN]:48676 - "GET /health HTTP/1.1" 200 OK
INFO:     [IP-DISAMARKAN]:58622 - "GET /metrics HTTP/1.1" 307 Temporary Redirect
INFO:     [IP-DISAMARKAN]:58622 - "GET /metrics/ HTTP/1.1" 200 OK
INFO:     127.0.0.1:47940 - "GET /health HTTP/1.1" 200 OK
INFO:     [IP-DISAMARKAN]:35306 - "GET /metrics HTTP/1.1" 307 Temporary Redirect
INFO:     [IP-DISAMARKAN]:35306 - "GET /metrics/ HTTP/1.1" 200 OK
INFO:     [IP-DISAMARKAN]:49058 - "GET /health HTTP/1.1" 200 OK
INFO:     [IP-DISAMARKAN]:50734 - "GET /metrics HTTP/1.1" 307 Temporary Redirect
INFO:     [IP-DISAMARKAN]:50734 - "GET /metrics/ HTTP/1.1" 200 OK
INFO:     127.0.0.1:41196 - "GET /health HTTP/1.1" 200 OK
INFO:     [IP-DISAMARKAN]:50538 - "GET /metrics HTTP/1.1" 307 Temporary Redirect
INFO:     [IP-DISAMARKAN]:50538 - "GET /metrics/ HTTP/1.1" 200 OK
INFO:     [IP-DISAMARKAN]:45762 - "GET /health HTTP/1.1" 200 OK
INFO:     [IP-DISAMARKAN]:41742 - "GET /metrics HTTP/1.1" 307 Temporary Redirect
INFO:     [IP-DISAMARKAN]:41742 - "GET /metrics/ HTTP/1.1" 200 OK
INFO:     127.0.0.1:57752 - "GET /health HTTP/1.1" 200 OK
INFO:     [IP-DISAMARKAN]:52586 - "GET /metrics HTTP/1.1" 307 Temporary Redirect
INFO:     [IP-DISAMARKAN]:52586 - "GET /metrics/ HTTP/1.1" 200 OK
INFO:     [IP-DISAMARKAN]:36480 - "GET /metrics HTTP/1.1" 307 Temporary Redirect
INFO:     [IP-DISAMARKAN]:36480 - "GET /metrics/ HTTP/1.1" 200 OK
INFO:     [IP-DISAMARKAN]:55846 - "GET /health HTTP/1.1" 200 OK
INFO:     127.0.0.1:45332 - "GET /health HTTP/1.1" 200 OK
INFO:     [IP-DISAMARKAN]:49994 - "GET /metrics HTTP/1.1" 307 Temporary Redirect
INFO:     [IP-DISAMARKAN]:49994 - "GET /metrics/ HTTP/1.1" 200 OK
INFO:     [IP-DISAMARKAN]:42056 - "GET /metrics HTTP/1.1" 307 Temporary Redirect
INFO:     [IP-DISAMARKAN]:42056 - "GET /metrics/ HTTP/1.1" 200 OK
INFO:     127.0.0.1:49286 - "GET /health HTTP/1.1" 200 OK
INFO:     [IP-DISAMARKAN]:38868 - "GET /health HTTP/1.1" 200 OK
INFO:     [IP-DISAMARKAN]:53404 - "GET /metrics HTTP/1.1" 307 Temporary Redirect
INFO:     [IP-DISAMARKAN]:53404 - "GET /metrics/ HTTP/1.1" 200 OK
INFO:     [IP-DISAMARKAN]:41764 - "GET /metrics HTTP/1.1" 307 Temporary Redirect
INFO:     [IP-DISAMARKAN]:41764 - "GET /metrics/ HTTP/1.1" 200 OK
INFO:     127.0.0.1:37416 - "GET /health HTTP/1.1" 200 OK
INFO:     [IP-DISAMARKAN]:36910 - "GET /health HTTP/1.1" 200 OK
INFO:     [IP-DISAMARKAN]:39432 - "GET /metrics HTTP/1.1" 307 Temporary Redirect
INFO:     [IP-DISAMARKAN]:39432 - "GET /metrics/ HTTP/1.1" 200 OK
INFO:     [IP-DISAMARKAN]:36448 - "GET /metrics HTTP/1.1" 307 Temporary Redirect
INFO:     [IP-DISAMARKAN]:36448 - "GET /metrics/ HTTP/1.1" 200 OK
INFO:     127.0.0.1:57910 - "GET /health HTTP/1.1" 200 OK
INFO:     [IP-DISAMARKAN]:58604 - "GET /metrics HTTP/1.1" 307 Temporary Redirect
INFO:     [IP-DISAMARKAN]:58604 - "GET /metrics/ HTTP/1.1" 200 OK
INFO:     [IP-DISAMARKAN]:60206 - "GET /health HTTP/1.1" 200 OK
INFO:     [IP-DISAMARKAN]:49702 - "GET /metrics HTTP/1.1" 307 Temporary Redirect
INFO:     [IP-DISAMARKAN]:49702 - "GET /metrics/ HTTP/1.1" 200 OK
INFO:     127.0.0.1:46948 - "GET /health HTTP/1.1" 200 OK
INFO:     [IP-DISAMARKAN]:44656 - "GET /metrics HTTP/1.1" 307 Temporary Redirect
INFO:     [IP-DISAMARKAN]:44656 - "GET /metrics/ HTTP/1.1" 200 OK
INFO:     [IP-DISAMARKAN]:38720 - "GET /health HTTP/1.1" 200 OK
INFO:     [IP-DISAMARKAN]:53386 - "GET /metrics HTTP/1.1" 307 Temporary Redirect
INFO:     [IP-DISAMARKAN]:53386 - "GET /metrics/ HTTP/1.1" 200 OK
INFO:     127.0.0.1:36898 - "GET /health HTTP/1.1" 200 OK
INFO:     [IP-DISAMARKAN]:53770 - "GET /metrics HTTP/1.1" 307 Temporary Redirect
INFO:     [IP-DISAMARKAN]:53770 - "GET /metrics/ HTTP/1.1" 200 OK
INFO:     [IP-DISAMARKAN]:43048 - "GET /health HTTP/1.1" 200 OK
INFO:     [IP-DISAMARKAN]:60278 - "GET /metrics HTTP/1.1" 307 Temporary Redirect
INFO:     [IP-DISAMARKAN]:60278 - "GET /metrics/ HTTP/1.1" 200 OK
INFO:     127.0.0.1:52224 - "GET /health HTTP/1.1" 200 OK
INFO:     [IP-DISAMARKAN]:51314 - "GET /metrics HTTP/1.1" 307 Temporary Redirect
INFO:     [IP-DISAMARKAN]:51314 - "GET /metrics/ HTTP/1.1" 200 OK
INFO:     [IP-DISAMARKAN]:45688 - "GET /metrics HTTP/1.1" 307 Temporary Redirect
INFO:     [IP-DISAMARKAN]:45688 - "GET /metrics/ HTTP/1.1" 200 OK
INFO:     [IP-DISAMARKAN]:40062 - "GET /health HTTP/1.1" 200 OK
INFO:     127.0.0.1:54812 - "GET /health HTTP/1.1" 200 OK
INFO:     [IP-DISAMARKAN]:46294 - "GET /metrics HTTP/1.1" 307 Temporary Redirect
INFO:     [IP-DISAMARKAN]:46294 - "GET /metrics/ HTTP/1.1" 200 OK
INFO:     [IP-DISAMARKAN]:41104 - "GET /metrics HTTP/1.1" 307 Temporary Redirect
INFO:     [IP-DISAMARKAN]:41104 - "GET /metrics/ HTTP/1.1" 200 OK
INFO:     127.0.0.1:48382 - "GET /health HTTP/1.1" 200 OK
INFO:     [IP-DISAMARKAN]:38104 - "GET /health HTTP/1.1" 200 OK
INFO:     [IP-DISAMARKAN]:36376 - "GET /metrics HTTP/1.1" 307 Temporary Redirect
INFO:     [IP-DISAMARKAN]:36376 - "GET /metrics/ HTTP/1.1" 200 OK
INFO:     [IP-DISAMARKAN]:55186 - "GET /metrics HTTP/1.1" 307 Temporary Redirect
INFO:     [IP-DISAMARKAN]:55186 - "GET /metrics/ HTTP/1.1" 200 OK
INFO:     127.0.0.1:41938 - "GET /health HTTP/1.1" 200 OK
INFO:     [IP-DISAMARKAN]:49060 - "GET /health HTTP/1.1" 200 OK
INFO:     [IP-DISAMARKAN]:42380 - "GET /metrics HTTP/1.1" 307 Temporary Redirect
INFO:     [IP-DISAMARKAN]:42380 - "GET /metrics/ HTTP/1.1" 200 OK
INFO:     [IP-DISAMARKAN]:55668 - "GET /metrics HTTP/1.1" 307 Temporary Redirect
INFO:     [IP-DISAMARKAN]:55668 - "GET /metrics/ HTTP/1.1" 200 OK
INFO:     127.0.0.1:51220 - "GET /health HTTP/1.1" 200 OK
INFO:     [IP-DISAMARKAN]:60450 - "GET /health HTTP/1.1" 200 OK
INFO:     [IP-DISAMARKAN]:45664 - "GET /metrics HTTP/1.1" 307 Temporary Redirect
INFO:     [IP-DISAMARKAN]:45664 - "GET /metrics/ HTTP/1.1" 200 OK
INFO:     [IP-DISAMARKAN]:33866 - "GET /metrics HTTP/1.1" 307 Temporary Redirect
INFO:     [IP-DISAMARKAN]:33866 - "GET /metrics/ HTTP/1.1" 200 OK
INFO:     127.0.0.1:35090 - "GET /health HTTP/1.1" 200 OK
INFO:     [IP-DISAMARKAN]:39294 - "GET /health HTTP/1.1" 200 OK
INFO:     [IP-DISAMARKAN]:53514 - "GET /metrics HTTP/1.1" 307 Temporary Redirect
INFO:     [IP-DISAMARKAN]:53514 - "GET /metrics/ HTTP/1.1" 200 OK
INFO:     [IP-DISAMARKAN]:54700 - "GET /metrics HTTP/1.1" 307 Temporary Redirect
INFO:     [IP-DISAMARKAN]:54700 - "GET /metrics/ HTTP/1.1" 200 OK
INFO:     127.0.0.1:59810 - "GET /health HTTP/1.1" 200 OK
INFO:     [IP-DISAMARKAN]:43200 - "GET /health HTTP/1.1" 200 OK
INFO:     [IP-DISAMARKAN]:33812 - "GET /metrics HTTP/1.1" 307 Temporary Redirect
INFO:     [IP-DISAMARKAN]:33812 - "GET /metrics/ HTTP/1.1" 200 OK
INFO:     [IP-DISAMARKAN]:56342 - "GET /metrics HTTP/1.1" 307 Temporary Redirect
INFO:     [IP-DISAMARKAN]:56342 - "GET /metrics/ HTTP/1.1" 200 OK
INFO:     127.0.0.1:44858 - "GET /health HTTP/1.1" 200 OK
INFO:     [IP-DISAMARKAN]:55524 - "GET /health HTTP/1.1" 200 OK
INFO:     [IP-DISAMARKAN]:56664 - "GET /metrics HTTP/1.1" 307 Temporary Redirect
INFO:     [IP-DISAMARKAN]:56664 - "GET /metrics/ HTTP/1.1" 200 OK
INFO:     [IP-DISAMARKAN]:56870 - "GET /metrics HTTP/1.1" 307 Temporary Redirect
INFO:     [IP-DISAMARKAN]:56870 - "GET /metrics/ HTTP/1.1" 200 OK
INFO:     127.0.0.1:43364 - "GET /health HTTP/1.1" 200 OK
INFO:     [IP-DISAMARKAN]:47284 - "GET /health HTTP/1.1" 200 OK
INFO:     [IP-DISAMARKAN]:50658 - "GET /metrics HTTP/1.1" 307 Temporary Redirect
INFO:     [IP-DISAMARKAN]:50658 - "GET /metrics/ HTTP/1.1" 200 OK
INFO:     [IP-DISAMARKAN]:43744 - "GET /metrics HTTP/1.1" 307 Temporary Redirect
INFO:     [IP-DISAMARKAN]:43744 - "GET /metrics/ HTTP/1.1" 200 OK
INFO:     127.0.0.1:36090 - "GET /health HTTP/1.1" 200 OK
INFO:     [IP-DISAMARKAN]:50684 - "GET /health HTTP/1.1" 200 OK
INFO:     [IP-DISAMARKAN]:56856 - "GET /metrics HTTP/1.1" 307 Temporary Redirect
INFO:     [IP-DISAMARKAN]:56856 - "GET /metrics/ HTTP/1.1" 200 OK
INFO:     [IP-DISAMARKAN]:38804 - "GET /metrics HTTP/1.1" 307 Temporary Redirect
INFO:     [IP-DISAMARKAN]:38804 - "GET /metrics/ HTTP/1.1" 200 OK
INFO:     127.0.0.1:60952 - "GET /health HTTP/1.1" 200 OK
INFO:     [IP-DISAMARKAN]:60340 - "GET /health HTTP/1.1" 200 OK
INFO:     [IP-DISAMARKAN]:47674 - "GET /metrics HTTP/1.1" 307 Temporary Redirect
INFO:     [IP-DISAMARKAN]:47674 - "GET /metrics/ HTTP/1.1" 200 OK
INFO:     [IP-DISAMARKAN]:33746 - "GET /metrics HTTP/1.1" 307 Temporary Redirect
INFO:     [IP-DISAMARKAN]:33746 - "GET /metrics/ HTTP/1.1" 200 OK
INFO:     127.0.0.1:56288 - "GET /health HTTP/1.1" 200 OK
INFO:     [IP-DISAMARKAN]:42334 - "GET /health HTTP/1.1" 200 OK
INFO:     [IP-DISAMARKAN]:35042 - "GET /metrics HTTP/1.1" 307 Temporary Redirect
INFO:     [IP-DISAMARKAN]:35042 - "GET /metrics/ HTTP/1.1" 200 OK
INFO:     [IP-DISAMARKAN]:51246 - "GET /metrics HTTP/1.1" 307 Temporary Redirect
INFO:     [IP-DISAMARKAN]:51246 - "GET /metrics/ HTTP/1.1" 200 OK
INFO:     127.0.0.1:39640 - "GET /health HTTP/1.1" 200 OK
INFO:     [IP-DISAMARKAN]:36350 - "GET /health HTTP/1.1" 200 OK
INFO:     [IP-DISAMARKAN]:51648 - "GET /metrics HTTP/1.1" 307 Temporary Redirect
INFO:     [IP-DISAMARKAN]:51648 - "GET /metrics/ HTTP/1.1" 200 OK
INFO:     [IP-DISAMARKAN]:33872 - "GET /metrics HTTP/1.1" 307 Temporary Redirect
INFO:     [IP-DISAMARKAN]:33872 - "GET /metrics/ HTTP/1.1" 200 OK
INFO:     127.0.0.1:36488 - "GET /health HTTP/1.1" 200 OK
INFO:     [IP-DISAMARKAN]:48802 - "GET /health HTTP/1.1" 200 OK
INFO:     [IP-DISAMARKAN]:47816 - "GET /metrics HTTP/1.1" 307 Temporary Redirect
INFO:     [IP-DISAMARKAN]:47816 - "GET /metrics/ HTTP/1.1" 200 OK
INFO:     [IP-DISAMARKAN]:55604 - "GET /metrics HTTP/1.1" 307 Temporary Redirect
INFO:     [IP-DISAMARKAN]:55604 - "GET /metrics/ HTTP/1.1" 200 OK
INFO:     127.0.0.1:35600 - "GET /health HTTP/1.1" 200 OK
INFO:     [IP-DISAMARKAN]:42436 - "GET /health HTTP/1.1" 200 OK
INFO:     [IP-DISAMARKAN]:53264 - "GET /metrics HTTP/1.1" 307 Temporary Redirect
INFO:     [IP-DISAMARKAN]:53264 - "GET /metrics/ HTTP/1.1" 200 OK
INFO:     [IP-DISAMARKAN]:47578 - "GET /metrics HTTP/1.1" 307 Temporary Redirect
INFO:     [IP-DISAMARKAN]:47578 - "GET /metrics/ HTTP/1.1" 200 OK
INFO:     127.0.0.1:35150 - "GET /health HTTP/1.1" 200 OK
INFO:     [IP-DISAMARKAN]:50826 - "GET /health HTTP/1.1" 200 OK
INFO:     [IP-DISAMARKAN]:49814 - "GET /metrics HTTP/1.1" 307 Temporary Redirect
INFO:     [IP-DISAMARKAN]:49814 - "GET /metrics/ HTTP/1.1" 200 OK
INFO:     [IP-DISAMARKAN]:38216 - "GET /metrics HTTP/1.1" 307 Temporary Redirect
INFO:     [IP-DISAMARKAN]:38216 - "GET /metrics/ HTTP/1.1" 200 OK
INFO:     127.0.0.1:36370 - "GET /health HTTP/1.1" 200 OK
INFO:     [IP-DISAMARKAN]:41458 - "GET /health HTTP/1.1" 200 OK
INFO:     [IP-DISAMARKAN]:32970 - "GET /metrics HTTP/1.1" 307 Temporary Redirect
INFO:     [IP-DISAMARKAN]:32970 - "GET /metrics/ HTTP/1.1" 200 OK
INFO:     [IP-DISAMARKAN]:42800 - "GET /metrics HTTP/1.1" 307 Temporary Redirect
INFO:     [IP-DISAMARKAN]:42800 - "GET /metrics/ HTTP/1.1" 200 OK
INFO:     127.0.0.1:44982 - "GET /health HTTP/1.1" 200 OK
INFO:     [IP-DISAMARKAN]:45878 - "GET /health HTTP/1.1" 200 OK
INFO:     [IP-DISAMARKAN]:50920 - "GET /metrics HTTP/1.1" 307 Temporary Redirect
INFO:     [IP-DISAMARKAN]:50920 - "GET /metrics/ HTTP/1.1" 200 OK
INFO:     [IP-DISAMARKAN]:53754 - "GET /metrics HTTP/1.1" 307 Temporary Redirect
INFO:     [IP-DISAMARKAN]:53754 - "GET /metrics/ HTTP/1.1" 200 OK
INFO:     127.0.0.1:55894 - "GET /health HTTP/1.1" 200 OK
INFO:     [IP-DISAMARKAN]:43646 - "GET /metrics HTTP/1.1" 307 Temporary Redirect
INFO:     [IP-DISAMARKAN]:43646 - "GET /metrics/ HTTP/1.1" 200 OK
INFO:     [IP-DISAMARKAN]:48700 - "GET /health HTTP/1.1" 200 OK
INFO:     [IP-DISAMARKAN]:41708 - "GET /metrics HTTP/1.1" 307 Temporary Redirect
INFO:     [IP-DISAMARKAN]:41708 - "GET /metrics/ HTTP/1.1" 200 OK
INFO:     127.0.0.1:43604 - "GET /health HTTP/1.1" 200 OK
INFO:     [IP-DISAMARKAN]:35742 - "GET /metrics HTTP/1.1" 307 Temporary Redirect
INFO:     [IP-DISAMARKAN]:35742 - "GET /metrics/ HTTP/1.1" 200 OK
INFO:     [IP-DISAMARKAN]:37540 - "GET /health HTTP/1.1" 200 OK
INFO:     [IP-DISAMARKAN]:42834 - "GET /metrics HTTP/1.1" 307 Temporary Redirect
INFO:     [IP-DISAMARKAN]:42834 - "GET /metrics/ HTTP/1.1" 200 OK
INFO:     127.0.0.1:54632 - "GET /health HTTP/1.1" 200 OK
INFO:     [IP-DISAMARKAN]:38074 - "GET /metrics HTTP/1.1" 307 Temporary Redirect
INFO:     [IP-DISAMARKAN]:38074 - "GET /metrics/ HTTP/1.1" 200 OK
INFO:     [IP-DISAMARKAN]:60304 - "GET /health HTTP/1.1" 200 OK
INFO:     [IP-DISAMARKAN]:42908 - "GET /metrics HTTP/1.1" 307 Temporary Redirect
INFO:     [IP-DISAMARKAN]:42908 - "GET /metrics/ HTTP/1.1" 200 OK
INFO:     127.0.0.1:45182 - "GET /health HTTP/1.1" 200 OK
INFO:     [IP-DISAMARKAN]:41310 - "GET /metrics HTTP/1.1" 307 Temporary Redirect
INFO:     [IP-DISAMARKAN]:41310 - "GET /metrics/ HTTP/1.1" 200 OK
INFO:     [IP-DISAMARKAN]:41686 - "GET /health HTTP/1.1" 200 OK
INFO:     [IP-DISAMARKAN]:47940 - "GET /metrics HTTP/1.1" 307 Temporary Redirect
INFO:     [IP-DISAMARKAN]:47940 - "GET /metrics/ HTTP/1.1" 200 OK
INFO:     127.0.0.1:59196 - "GET /health HTTP/1.1" 200 OK
INFO:     [IP-DISAMARKAN]:36576 - "GET /metrics HTTP/1.1" 307 Temporary Redirect
INFO:     [IP-DISAMARKAN]:36576 - "GET /metrics/ HTTP/1.1" 200 OK
INFO:     [IP-DISAMARKAN]:36462 - "GET /metrics HTTP/1.1" 307 Temporary Redirect
INFO:     [IP-DISAMARKAN]:36462 - "GET /metrics/ HTTP/1.1" 200 OK
INFO:     [IP-DISAMARKAN]:42192 - "GET /health HTTP/1.1" 200 OK
INFO:     127.0.0.1:44404 - "GET /health HTTP/1.1" 200 OK
INFO:     [IP-DISAMARKAN]:43520 - "GET /metrics HTTP/1.1" 307 Temporary Redirect
INFO:     [IP-DISAMARKAN]:43520 - "GET /metrics/ HTTP/1.1" 200 OK
INFO:     [IP-DISAMARKAN]:33864 - "GET /metrics HTTP/1.1" 307 Temporary Redirect
INFO:     [IP-DISAMARKAN]:33864 - "GET /metrics/ HTTP/1.1" 200 OK
INFO:     [IP-DISAMARKAN]:60458 - "GET /health HTTP/1.1" 200 OK
INFO:     127.0.0.1:48836 - "GET /health HTTP/1.1" 200 OK
INFO:     [IP-DISAMARKAN]:36068 - "GET /metrics HTTP/1.1" 307 Temporary Redirect
INFO:     [IP-DISAMARKAN]:36068 - "GET /metrics/ HTTP/1.1" 200 OK
INFO:     [IP-DISAMARKAN]:36992 - "GET /metrics HTTP/1.1" 307 Temporary Redirect
INFO:     [IP-DISAMARKAN]:36992 - "GET /metrics/ HTTP/1.1" 200 OK
INFO:     127.0.0.1:48602 - "GET /health HTTP/1.1" 200 OK
INFO:     [IP-DISAMARKAN]:60422 - "GET /health HTTP/1.1" 200 OK
INFO:     [IP-DISAMARKAN]:60932 - "GET /metrics HTTP/1.1" 307 Temporary Redirect
INFO:     [IP-DISAMARKAN]:60932 - "GET /metrics/ HTTP/1.1" 200 OK
INFO:     [IP-DISAMARKAN]:35364 - "GET /metrics HTTP/1.1" 307 Temporary Redirect
INFO:     [IP-DISAMARKAN]:35364 - "GET /metrics/ HTTP/1.1" 200 OK
INFO:     127.0.0.1:49320 - "GET /health HTTP/1.1" 200 OK
INFO:     [IP-DISAMARKAN]:34400 - "GET /metrics HTTP/1.1" 307 Temporary Redirect
INFO:     [IP-DISAMARKAN]:34400 - "GET /metrics/ HTTP/1.1" 200 OK
INFO:     [IP-DISAMARKAN]:59598 - "GET /health HTTP/1.1" 200 OK
INFO:     [IP-DISAMARKAN]:55402 - "GET /metrics HTTP/1.1" 307 Temporary Redirect
INFO:     [IP-DISAMARKAN]:55402 - "GET /metrics/ HTTP/1.1" 200 OK
INFO:     127.0.0.1:58210 - "GET /health HTTP/1.1" 200 OK
INFO:     [IP-DISAMARKAN]:52886 - "GET /metrics HTTP/1.1" 307 Temporary Redirect
INFO:     [IP-DISAMARKAN]:52886 - "GET /metrics/ HTTP/1.1" 200 OK
INFO:     [IP-DISAMARKAN]:37866 - "GET /health HTTP/1.1" 200 OK
INFO:     [IP-DISAMARKAN]:34444 - "GET /metrics HTTP/1.1" 307 Temporary Redirect
INFO:     [IP-DISAMARKAN]:34444 - "GET /metrics/ HTTP/1.1" 200 OK
INFO:     127.0.0.1:40990 - "GET /health HTTP/1.1" 200 OK
INFO:     [IP-DISAMARKAN]:40912 - "GET /metrics HTTP/1.1" 307 Temporary Redirect
INFO:     [IP-DISAMARKAN]:40912 - "GET /metrics/ HTTP/1.1" 200 OK
INFO:     [IP-DISAMARKAN]:44782 - "GET /health HTTP/1.1" 200 OK
INFO:     [IP-DISAMARKAN]:33762 - "GET /metrics HTTP/1.1" 307 Temporary Redirect
INFO:     [IP-DISAMARKAN]:33762 - "GET /metrics/ HTTP/1.1" 200 OK
INFO:     127.0.0.1:35628 - "GET /health HTTP/1.1" 200 OK
INFO:     [IP-DISAMARKAN]:53514 - "GET /metrics HTTP/1.1" 307 Temporary Redirect
INFO:     [IP-DISAMARKAN]:53514 - "GET /metrics/ HTTP/1.1" 200 OK
INFO:     [IP-DISAMARKAN]:49922 - "GET /health HTTP/1.1" 200 OK
INFO:     [IP-DISAMARKAN]:55518 - "GET /metrics HTTP/1.1" 307 Temporary Redirect
INFO:     [IP-DISAMARKAN]:55518 - "GET /metrics/ HTTP/1.1" 200 OK
INFO:     127.0.0.1:36612 - "GET /health HTTP/1.1" 200 OK
INFO:     [IP-DISAMARKAN]:55210 - "GET /metrics HTTP/1.1" 307 Temporary Redirect
INFO:     [IP-DISAMARKAN]:55210 - "GET /metrics/ HTTP/1.1" 200 OK
INFO:     [IP-DISAMARKAN]:38970 - "GET /metrics HTTP/1.1" 307 Temporary Redirect
INFO:     [IP-DISAMARKAN]:38970 - "GET /metrics/ HTTP/1.1" 200 OK
INFO:     [IP-DISAMARKAN]:59970 - "GET /health HTTP/1.1" 200 OK
INFO:     127.0.0.1:44106 - "GET /health HTTP/1.1" 200 OK
INFO:     [IP-DISAMARKAN]:34286 - "GET /metrics HTTP/1.1" 307 Temporary Redirect
INFO:     [IP-DISAMARKAN]:34286 - "GET /metrics/ HTTP/1.1" 200 OK
INFO:     [IP-DISAMARKAN]:43978 - "GET /metrics HTTP/1.1" 307 Temporary Redirect
INFO:     [IP-DISAMARKAN]:43978 - "GET /metrics/ HTTP/1.1" 200 OK
INFO:     [IP-DISAMARKAN]:37078 - "GET /health HTTP/1.1" 200 OK
INFO:     127.0.0.1:47532 - "GET /health HTTP/1.1" 200 OK
INFO:     [IP-DISAMARKAN]:46998 - "GET /metrics HTTP/1.1" 307 Temporary Redirect
INFO:     [IP-DISAMARKAN]:46998 - "GET /metrics/ HTTP/1.1" 200 OK
INFO:     [IP-DISAMARKAN]:55886 - "GET /metrics HTTP/1.1" 307 Temporary Redirect
INFO:     [IP-DISAMARKAN]:55886 - "GET /metrics/ HTTP/1.1" 200 OK
INFO:     [IP-DISAMARKAN]:41878 - "GET /health HTTP/1.1" 200 OK
INFO:     127.0.0.1:56270 - "GET /health HTTP/1.1" 200 OK
INFO:     [IP-DISAMARKAN]:46816 - "GET /metrics HTTP/1.1" 307 Temporary Redirect
INFO:     [IP-DISAMARKAN]:46816 - "GET /metrics/ HTTP/1.1" 200 OK
INFO:     [IP-DISAMARKAN]:59792 - "GET /metrics HTTP/1.1" 307 Temporary Redirect
INFO:     [IP-DISAMARKAN]:59792 - "GET /metrics/ HTTP/1.1" 200 OK
INFO:     [IP-DISAMARKAN]:42034 - "GET /health HTTP/1.1" 200 OK
INFO:     127.0.0.1:37110 - "GET /health HTTP/1.1" 200 OK
INFO:     [IP-DISAMARKAN]:42728 - "GET /metrics HTTP/1.1" 307 Temporary Redirect
INFO:     [IP-DISAMARKAN]:42728 - "GET /metrics/ HTTP/1.1" 200 OK
INFO:     [IP-DISAMARKAN]:40062 - "GET /metrics HTTP/1.1" 307 Temporary Redirect
INFO:     [IP-DISAMARKAN]:40062 - "GET /metrics/ HTTP/1.1" 200 OK
INFO:     [IP-DISAMARKAN]:37244 - "GET /health HTTP/1.1" 200 OK
INFO:     127.0.0.1:49146 - "GET /health HTTP/1.1" 200 OK
INFO:     [IP-DISAMARKAN]:42488 - "GET /metrics HTTP/1.1" 307 Temporary Redirect
INFO:     [IP-DISAMARKAN]:42488 - "GET /metrics/ HTTP/1.1" 200 OK
INFO:     [IP-DISAMARKAN]:42164 - "GET /metrics HTTP/1.1" 307 Temporary Redirect
INFO:     [IP-DISAMARKAN]:42164 - "GET /metrics/ HTTP/1.1" 200 OK
INFO:     [IP-DISAMARKAN]:36028 - "GET /health HTTP/1.1" 200 OK
INFO:     127.0.0.1:56362 - "GET /health HTTP/1.1" 200 OK
INFO:     [IP-DISAMARKAN]:51562 - "GET /metrics HTTP/1.1" 307 Temporary Redirect
INFO:     [IP-DISAMARKAN]:51562 - "GET /metrics/ HTTP/1.1" 200 OK
INFO:     [IP-DISAMARKAN]:50670 - "GET /metrics HTTP/1.1" 307 Temporary Redirect
INFO:     [IP-DISAMARKAN]:50670 - "GET /metrics/ HTTP/1.1" 200 OK
INFO:     [IP-DISAMARKAN]:49980 - "GET /health HTTP/1.1" 200 OK
INFO:     127.0.0.1:44454 - "GET /health HTTP/1.1" 200 OK
INFO:     [IP-DISAMARKAN]:48394 - "GET /metrics HTTP/1.1" 307 Temporary Redirect
INFO:     [IP-DISAMARKAN]:48394 - "GET /metrics/ HTTP/1.1" 200 OK
INFO:     [IP-DISAMARKAN]:35678 - "GET /metrics HTTP/1.1" 307 Temporary Redirect
INFO:     [IP-DISAMARKAN]:35678 - "GET /metrics/ HTTP/1.1" 200 OK
INFO:     [IP-DISAMARKAN]:46070 - "GET /health HTTP/1.1" 200 OK
INFO:     127.0.0.1:38818 - "GET /health HTTP/1.1" 200 OK
INFO:     [IP-DISAMARKAN]:50846 - "GET /metrics HTTP/1.1" 307 Temporary Redirect
INFO:     [IP-DISAMARKAN]:50846 - "GET /metrics/ HTTP/1.1" 200 OK
INFO:     [IP-DISAMARKAN]:43698 - "GET /metrics HTTP/1.1" 307 Temporary Redirect
INFO:     [IP-DISAMARKAN]:43698 - "GET /metrics/ HTTP/1.1" 200 OK
INFO:     [IP-DISAMARKAN]:41636 - "GET /health HTTP/1.1" 200 OK
INFO:     127.0.0.1:38650 - "GET /health HTTP/1.1" 200 OK
INFO:     [IP-DISAMARKAN]:42532 - "GET /metrics HTTP/1.1" 307 Temporary Redirect
INFO:     [IP-DISAMARKAN]:42532 - "GET /metrics/ HTTP/1.1" 200 OK
INFO:     [IP-DISAMARKAN]:49450 - "GET /metrics HTTP/1.1" 307 Temporary Redirect
INFO:     [IP-DISAMARKAN]:49450 - "GET /metrics/ HTTP/1.1" 200 OK
INFO:     [IP-DISAMARKAN]:51536 - "GET /health HTTP/1.1" 200 OK
INFO:     127.0.0.1:47922 - "GET /health HTTP/1.1" 200 OK
INFO:     [IP-DISAMARKAN]:49632 - "GET /metrics HTTP/1.1" 307 Temporary Redirect
INFO:     [IP-DISAMARKAN]:49632 - "GET /metrics/ HTTP/1.1" 200 OK
INFO:     [IP-DISAMARKAN]:56954 - "GET /metrics HTTP/1.1" 307 Temporary Redirect
INFO:     [IP-DISAMARKAN]:56954 - "GET /metrics/ HTTP/1.1" 200 OK
INFO:     [IP-DISAMARKAN]:54412 - "GET /health HTTP/1.1" 200 OK
INFO:     127.0.0.1:52896 - "GET /health HTTP/1.1" 200 OK
INFO:     [IP-DISAMARKAN]:57686 - "GET /metrics HTTP/1.1" 307 Temporary Redirect
INFO:     [IP-DISAMARKAN]:57686 - "GET /metrics/ HTTP/1.1" 200 OK
INFO:     [IP-DISAMARKAN]:34478 - "GET /metrics HTTP/1.1" 307 Temporary Redirect
INFO:     [IP-DISAMARKAN]:34478 - "GET /metrics/ HTTP/1.1" 200 OK
INFO:     [IP-DISAMARKAN]:49218 - "GET /health HTTP/1.1" 200 OK
INFO:     127.0.0.1:51066 - "GET /health HTTP/1.1" 200 OK
INFO:     [IP-DISAMARKAN]:47270 - "GET /metrics HTTP/1.1" 307 Temporary Redirect
INFO:     [IP-DISAMARKAN]:47270 - "GET /metrics/ HTTP/1.1" 200 OK
INFO:     [IP-DISAMARKAN]:56918 - "GET /metrics HTTP/1.1" 307 Temporary Redirect
INFO:     [IP-DISAMARKAN]:56918 - "GET /metrics/ HTTP/1.1" 200 OK
INFO:     [IP-DISAMARKAN]:33742 - "GET /health HTTP/1.1" 200 OK
INFO:     127.0.0.1:52184 - "GET /health HTTP/1.1" 200 OK
INFO:     [IP-DISAMARKAN]:51914 - "GET /metrics HTTP/1.1" 307 Temporary Redirect
INFO:     [IP-DISAMARKAN]:51914 - "GET /metrics/ HTTP/1.1" 200 OK
INFO:     [IP-DISAMARKAN]:40432 - "GET /metrics HTTP/1.1" 307 Temporary Redirect
INFO:     [IP-DISAMARKAN]:40432 - "GET /metrics/ HTTP/1.1" 200 OK
INFO:     [IP-DISAMARKAN]:60106 - "GET /health HTTP/1.1" 200 OK
INFO:     127.0.0.1:54254 - "GET /health HTTP/1.1" 200 OK
INFO:     [IP-DISAMARKAN]:43724 - "GET /health HTTP/1.1" 200 OK
INFO:     [IP-DISAMARKAN]:47736 - "GET /metrics HTTP/1.1" 307 Temporary Redirect
INFO:     [IP-DISAMARKAN]:47736 - "GET /metrics/ HTTP/1.1" 200 OK
INFO:     [IP-DISAMARKAN]:49144 - "GET /metrics HTTP/1.1" 307 Temporary Redirect
INFO:     [IP-DISAMARKAN]:49144 - "GET /metrics/ HTTP/1.1" 200 OK
INFO:     127.0.0.1:52600 - "GET /health HTTP/1.1" 200 OK
INFO:     [IP-DISAMARKAN]:55730 - "GET /health HTTP/1.1" 200 OK
INFO:     [IP-DISAMARKAN]:58064 - "GET /metrics HTTP/1.1" 307 Temporary Redirect
INFO:     [IP-DISAMARKAN]:58064 - "GET /metrics/ HTTP/1.1" 200 OK
INFO:     [IP-DISAMARKAN]:57776 - "GET /metrics HTTP/1.1" 307 Temporary Redirect
INFO:     [IP-DISAMARKAN]:57776 - "GET /metrics/ HTTP/1.1" 200 OK
INFO:     127.0.0.1:39294 - "GET /health HTTP/1.1" 200 OK
INFO:     [IP-DISAMARKAN]:35844 - "GET /health HTTP/1.1" 200 OK
INFO:     [IP-DISAMARKAN]:60508 - "GET /metrics HTTP/1.1" 307 Temporary Redirect
INFO:     [IP-DISAMARKAN]:60508 - "GET /metrics/ HTTP/1.1" 200 OK
INFO:     [IP-DISAMARKAN]:46356 - "GET /metrics HTTP/1.1" 307 Temporary Redirect
INFO:     [IP-DISAMARKAN]:46356 - "GET /metrics/ HTTP/1.1" 200 OK
INFO:     127.0.0.1:48686 - "GET /health HTTP/1.1" 200 OK
INFO:     [IP-DISAMARKAN]:46116 - "GET /metrics HTTP/1.1" 307 Temporary Redirect
INFO:     [IP-DISAMARKAN]:46116 - "GET /metrics/ HTTP/1.1" 200 OK
INFO:     [IP-DISAMARKAN]:55644 - "GET /health HTTP/1.1" 200 OK
INFO:     [IP-DISAMARKAN]:42840 - "GET /metrics HTTP/1.1" 307 Temporary Redirect
INFO:     [IP-DISAMARKAN]:42840 - "GET /metrics/ HTTP/1.1" 200 OK
INFO:     127.0.0.1:37584 - "GET /health HTTP/1.1" 200 OK
INFO:     [IP-DISAMARKAN]:52992 - "GET /metrics HTTP/1.1" 307 Temporary Redirect
INFO:     [IP-DISAMARKAN]:52992 - "GET /metrics/ HTTP/1.1" 200 OK
INFO:     [IP-DISAMARKAN]:34588 - "GET /health HTTP/1.1" 200 OK
INFO:     [IP-DISAMARKAN]:57448 - "GET /metrics HTTP/1.1" 307 Temporary Redirect
INFO:     [IP-DISAMARKAN]:57448 - "GET /metrics/ HTTP/1.1" 200 OK
INFO:     127.0.0.1:60900 - "GET /health HTTP/1.1" 200 OK
INFO:     [IP-DISAMARKAN]:33436 - "GET /metrics HTTP/1.1" 307 Temporary Redirect
INFO:     [IP-DISAMARKAN]:33436 - "GET /metrics/ HTTP/1.1" 200 OK
INFO:     [IP-DISAMARKAN]:41230 - "GET /health HTTP/1.1" 200 OK
INFO:     [IP-DISAMARKAN]:59648 - "GET /metrics HTTP/1.1" 307 Temporary Redirect
INFO:     [IP-DISAMARKAN]:59648 - "GET /metrics/ HTTP/1.1" 200 OK
INFO:     127.0.0.1:60320 - "GET /health HTTP/1.1" 200 OK
INFO:     [IP-DISAMARKAN]:44974 - "GET /metrics HTTP/1.1" 307 Temporary Redirect
INFO:     [IP-DISAMARKAN]:44974 - "GET /metrics/ HTTP/1.1" 200 OK
INFO:     [IP-DISAMARKAN]:55364 - "GET /metrics HTTP/1.1" 307 Temporary Redirect
INFO:     [IP-DISAMARKAN]:55364 - "GET /metrics/ HTTP/1.1" 200 OK
INFO:     [IP-DISAMARKAN]:50844 - "GET /health HTTP/1.1" 200 OK
INFO:     127.0.0.1:34962 - "GET /health HTTP/1.1" 200 OK
INFO:     [IP-DISAMARKAN]:36890 - "GET /metrics HTTP/1.1" 307 Temporary Redirect
INFO:     [IP-DISAMARKAN]:36890 - "GET /metrics/ HTTP/1.1" 200 OK
INFO:     [IP-DISAMARKAN]:55784 - "GET /metrics HTTP/1.1" 307 Temporary Redirect
INFO:     [IP-DISAMARKAN]:55784 - "GET /metrics/ HTTP/1.1" 200 OK
INFO:     [IP-DISAMARKAN]:46202 - "GET /health HTTP/1.1" 200 OK
INFO:     127.0.0.1:57662 - "GET /health HTTP/1.1" 200 OK
INFO:     [IP-DISAMARKAN]:38446 - "GET /metrics HTTP/1.1" 307 Temporary Redirect
INFO:     [IP-DISAMARKAN]:38446 - "GET /metrics/ HTTP/1.1" 200 OK
INFO:     [IP-DISAMARKAN]:36472 - "GET /metrics HTTP/1.1" 307 Temporary Redirect
INFO:     [IP-DISAMARKAN]:36472 - "GET /metrics/ HTTP/1.1" 200 OK
INFO:     127.0.0.1:40388 - "GET /health HTTP/1.1" 200 OK
INFO:     [IP-DISAMARKAN]:38924 - "GET /health HTTP/1.1" 200 OK
INFO:     [IP-DISAMARKAN]:51744 - "GET /metrics HTTP/1.1" 307 Temporary Redirect
INFO:     [IP-DISAMARKAN]:51744 - "GET /metrics/ HTTP/1.1" 200 OK
INFO:     [IP-DISAMARKAN]:59216 - "GET /metrics HTTP/1.1" 307 Temporary Redirect
INFO:     [IP-DISAMARKAN]:59216 - "GET /metrics/ HTTP/1.1" 200 OK
INFO:     127.0.0.1:44126 - "GET /health HTTP/1.1" 200 OK
INFO:     [IP-DISAMARKAN]:33064 - "GET /metrics HTTP/1.1" 307 Temporary Redirect
INFO:     [IP-DISAMARKAN]:33064 - "GET /metrics/ HTTP/1.1" 200 OK
INFO:     [IP-DISAMARKAN]:56682 - "GET /health HTTP/1.1" 200 OK
INFO:     [IP-DISAMARKAN]:47396 - "GET /metrics HTTP/1.1" 307 Temporary Redirect
INFO:     [IP-DISAMARKAN]:47396 - "GET /metrics/ HTTP/1.1" 200 OK
INFO:     127.0.0.1:44268 - "GET /health HTTP/1.1" 200 OK
INFO:     [IP-DISAMARKAN]:49822 - "GET /metrics HTTP/1.1" 307 Temporary Redirect
INFO:     [IP-DISAMARKAN]:49822 - "GET /metrics/ HTTP/1.1" 200 OK
INFO:     [IP-DISAMARKAN]:54300 - "GET /health HTTP/1.1" 200 OK
INFO:     [IP-DISAMARKAN]:36308 - "GET /metrics HTTP/1.1" 307 Temporary Redirect
INFO:     [IP-DISAMARKAN]:36308 - "GET /metrics/ HTTP/1.1" 200 OK
INFO:     127.0.0.1:44584 - "GET /health HTTP/1.1" 200 OK
INFO:     [IP-DISAMARKAN]:60712 - "GET /metrics HTTP/1.1" 307 Temporary Redirect
INFO:     [IP-DISAMARKAN]:60712 - "GET /metrics/ HTTP/1.1" 200 OK
INFO:     [IP-DISAMARKAN]:47668 - "GET /health HTTP/1.1" 200 OK
INFO:     [IP-DISAMARKAN]:55908 - "GET /metrics HTTP/1.1" 307 Temporary Redirect
INFO:     [IP-DISAMARKAN]:55908 - "GET /metrics/ HTTP/1.1" 200 OK
INFO:     127.0.0.1:39812 - "GET /health HTTP/1.1" 200 OK
INFO:     [IP-DISAMARKAN]:50336 - "GET /metrics HTTP/1.1" 307 Temporary Redirect
INFO:     [IP-DISAMARKAN]:50336 - "GET /metrics/ HTTP/1.1" 200 OK
INFO:     [IP-DISAMARKAN]:46382 - "GET /metrics HTTP/1.1" 307 Temporary Redirect
INFO:     [IP-DISAMARKAN]:46382 - "GET /metrics/ HTTP/1.1" 200 OK
INFO:     [IP-DISAMARKAN]:50542 - "GET /health HTTP/1.1" 200 OK
INFO:     127.0.0.1:35156 - "GET /health HTTP/1.1" 200 OK
INFO:     [IP-DISAMARKAN]:44856 - "GET /metrics HTTP/1.1" 307 Temporary Redirect
INFO:     [IP-DISAMARKAN]:44856 - "GET /metrics/ HTTP/1.1" 200 OK
INFO:     [IP-DISAMARKAN]:46490 - "GET /metrics HTTP/1.1" 307 Temporary Redirect
INFO:     [IP-DISAMARKAN]:46490 - "GET /metrics/ HTTP/1.1" 200 OK
INFO:     [IP-DISAMARKAN]:40638 - "GET /health HTTP/1.1" 200 OK
INFO:     127.0.0.1:53362 - "GET /health HTTP/1.1" 200 OK
INFO:     [IP-DISAMARKAN]:44288 - "GET /metrics HTTP/1.1" 307 Temporary Redirect
INFO:     [IP-DISAMARKAN]:44288 - "GET /metrics/ HTTP/1.1" 200 OK
INFO:     [IP-DISAMARKAN]:38506 - "GET /metrics HTTP/1.1" 307 Temporary Redirect
INFO:     [IP-DISAMARKAN]:38506 - "GET /metrics/ HTTP/1.1" 200 OK
INFO:     [IP-DISAMARKAN]:52042 - "GET /health HTTP/1.1" 200 OK
INFO:     127.0.0.1:38586 - "GET /health HTTP/1.1" 200 OK
INFO:     [IP-DISAMARKAN]:37904 - "GET /metrics HTTP/1.1" 307 Temporary Redirect
INFO:     [IP-DISAMARKAN]:37904 - "GET /metrics/ HTTP/1.1" 200 OK