INFO:     [IP-DISAMARKAN]:36490 - "GET /metrics HTTP/1.1" 307 Temporary Redirect
INFO:     [IP-DISAMARKAN]:36490 - "GET /metrics/ HTTP/1.1" 200 OK
INFO:     [IP-DISAMARKAN]:44388 - "GET /health HTTP/1.1" 200 OK
INFO:     [IP-DISAMARKAN]:47790 - "GET /metrics HTTP/1.1" 307 Temporary Redirect
INFO:     [IP-DISAMARKAN]:47790 - "GET /metrics/ HTTP/1.1" 200 OK
INFO:     127.0.0.1:58068 - "GET /health HTTP/1.1" 200 OK
INFO:     [IP-DISAMARKAN]:43072 - "GET /metrics HTTP/1.1" 307 Temporary Redirect
INFO:     [IP-DISAMARKAN]:43072 - "GET /metrics/ HTTP/1.1" 200 OK
INFO:     [IP-DISAMARKAN]:46520 - "GET /health HTTP/1.1" 200 OK
INFO:     [IP-DISAMARKAN]:50050 - "GET /metrics HTTP/1.1" 307 Temporary Redirect
INFO:     [IP-DISAMARKAN]:50050 - "GET /metrics/ HTTP/1.1" 200 OK
INFO:     127.0.0.1:56046 - "GET /health HTTP/1.1" 200 OK
INFO:     [IP-DISAMARKAN]:46514 - "GET /metrics HTTP/1.1" 307 Temporary Redirect
INFO:     [IP-DISAMARKAN]:46514 - "GET /metrics/ HTTP/1.1" 200 OK
INFO:     [IP-DISAMARKAN]:55220 - "GET /health HTTP/1.1" 200 OK
INFO:     [IP-DISAMARKAN]:56304 - "GET /metrics HTTP/1.1" 307 Temporary Redirect
INFO:     [IP-DISAMARKAN]:56304 - "GET /metrics/ HTTP/1.1" 200 OK
INFO:     127.0.0.1:58664 - "GET /health HTTP/1.1" 200 OK
INFO:     [IP-DISAMARKAN]:36414 - "GET /metrics HTTP/1.1" 307 Temporary Redirect
INFO:     [IP-DISAMARKAN]:36414 - "GET /metrics/ HTTP/1.1" 200 OK
INFO:     [IP-DISAMARKAN]:49934 - "GET /health HTTP/1.1" 200 OK
INFO:     [IP-DISAMARKAN]:47058 - "GET /metrics HTTP/1.1" 307 Temporary Redirect
INFO:     [IP-DISAMARKAN]:47058 - "GET /metrics/ HTTP/1.1" 200 OK
INFO:     127.0.0.1:43552 - "GET /health HTTP/1.1" 200 OK
INFO:     [IP-DISAMARKAN]:59072 - "GET /metrics HTTP/1.1" 307 Temporary Redirect
INFO:     [IP-DISAMARKAN]:59072 - "GET /metrics/ HTTP/1.1" 200 OK
INFO:     [IP-DISAMARKAN]:53808 - "GET /health HTTP/1.1" 200 OK
INFO:     [IP-DISAMARKAN]:57820 - "GET /metrics HTTP/1.1" 307 Temporary Redirect
INFO:     [IP-DISAMARKAN]:57820 - "GET /metrics/ HTTP/1.1" 200 OK
INFO:     127.0.0.1:52488 - "GET /health HTTP/1.1" 200 OK
INFO:     [IP-DISAMARKAN]:59310 - "GET /metrics HTTP/1.1" 307 Temporary Redirect
INFO:     [IP-DISAMARKAN]:59310 - "GET /metrics/ HTTP/1.1" 200 OK
INFO:     [IP-DISAMARKAN]:56384 - "GET /health HTTP/1.1" 200 OK
INFO:     [IP-DISAMARKAN]:48782 - "GET /metrics HTTP/1.1" 307 Temporary Redirect
INFO:     [IP-DISAMARKAN]:48782 - "GET /metrics/ HTTP/1.1" 200 OK
INFO:     127.0.0.1:35116 - "GET /health HTTP/1.1" 200 OK
INFO:     [IP-DISAMARKAN]:45896 - "GET /metrics HTTP/1.1" 307 Temporary Redirect
INFO:     [IP-DISAMARKAN]:45896 - "GET /metrics/ HTTP/1.1" 200 OK
INFO:     [IP-DISAMARKAN]:44974 - "GET /health HTTP/1.1" 200 OK
INFO:     [IP-DISAMARKAN]:56362 - "GET /metrics HTTP/1.1" 307 Temporary Redirect
INFO:     [IP-DISAMARKAN]:56362 - "GET /metrics/ HTTP/1.1" 200 OK
INFO:     127.0.0.1:52972 - "GET /health HTTP/1.1" 200 OK
INFO:     [IP-DISAMARKAN]:52926 - "GET /metrics HTTP/1.1" 307 Temporary Redirect
INFO:     [IP-DISAMARKAN]:52926 - "GET /metrics/ HTTP/1.1" 200 OK
INFO:     [IP-DISAMARKAN]:48750 - "GET /health HTTP/1.1" 200 OK
INFO:     [IP-DISAMARKAN]:33010 - "GET /metrics HTTP/1.1" 307 Temporary Redirect
INFO:     [IP-DISAMARKAN]:33010 - "GET /metrics/ HTTP/1.1" 200 OK
INFO:     127.0.0.1:44568 - "GET /health HTTP/1.1" 200 OK
INFO:     [IP-DISAMARKAN]:42938 - "GET /metrics HTTP/1.1" 307 Temporary Redirect
INFO:     [IP-DISAMARKAN]:42938 - "GET /metrics/ HTTP/1.1" 200 OK
INFO:     [IP-DISAMARKAN]:56278 - "GET /health HTTP/1.1" 200 OK
INFO:     [IP-DISAMARKAN]:48758 - "GET /metrics HTTP/1.1" 307 Temporary Redirect
INFO:     [IP-DISAMARKAN]:48758 - "GET /metrics/ HTTP/1.1" 200 OK
INFO:     [IP-DISAMARKAN]:45810 - "GET /metrics HTTP/1.1" 307 Temporary Redirect
INFO:     [IP-DISAMARKAN]:45810 - "GET /metrics/ HTTP/1.1" 200 OK
INFO:     127.0.0.1:49334 - "GET /health HTTP/1.1" 200 OK
INFO:     [IP-DISAMARKAN]:43236 - "GET /health HTTP/1.1" 200 OK
INFO:     [IP-DISAMARKAN]:52770 - "GET /metrics HTTP/1.1" 307 Temporary Redirect
INFO:     [IP-DISAMARKAN]:52770 - "GET /metrics/ HTTP/1.1" 200 OK
INFO:     [IP-DISAMARKAN]:49184 - "GET /metrics HTTP/1.1" 307 Temporary Redirect
INFO:     [IP-DISAMARKAN]:49184 - "GET /metrics/ HTTP/1.1" 200 OK
INFO:     127.0.0.1:57310 - "GET /health HTTP/1.1" 200 OK
INFO:     [IP-DISAMARKAN]:47952 - "GET /health HTTP/1.1" 200 OK
INFO:     [IP-DISAMARKAN]:36636 - "GET /metrics HTTP/1.1" 307 Temporary Redirect
INFO:     [IP-DISAMARKAN]:36636 - "GET /metrics/ HTTP/1.1" 200 OK
INFO:     [IP-DISAMARKAN]:32778 - "GET /metrics HTTP/1.1" 307 Temporary Redirect
INFO:     [IP-DISAMARKAN]:32778 - "GET /metrics/ HTTP/1.1" 200 OK
INFO:     127.0.0.1:55300 - "GET /health HTTP/1.1" 200 OK
INFO:     [IP-DISAMARKAN]:34532 - "GET /health HTTP/1.1" 200 OK
INFO:     [IP-DISAMARKAN]:42860 - "GET /metrics HTTP/1.1" 307 Temporary Redirect
INFO:     [IP-DISAMARKAN]:42860 - "GET /metrics/ HTTP/1.1" 200 OK
INFO:     [IP-DISAMARKAN]:50440 - "GET /metrics HTTP/1.1" 307 Temporary Redirect
INFO:     [IP-DISAMARKAN]:50440 - "GET /metrics/ HTTP/1.1" 200 OK
INFO:     127.0.0.1:38096 - "GET /health HTTP/1.1" 200 OK
INFO:     [IP-DISAMARKAN]:47106 - "GET /health HTTP/1.1" 200 OK
INFO:     [IP-DISAMARKAN]:57908 - "GET /metrics HTTP/1.1" 307 Temporary Redirect
INFO:     [IP-DISAMARKAN]:57908 - "GET /metrics/ HTTP/1.1" 200 OK
INFO:     [IP-DISAMARKAN]:59226 - "GET /metrics HTTP/1.1" 307 Temporary Redirect
INFO:     [IP-DISAMARKAN]:59226 - "GET /metrics/ HTTP/1.1" 200 OK
INFO:     127.0.0.1:39540 - "GET /health HTTP/1.1" 200 OK
INFO:     [IP-DISAMARKAN]:56028 - "GET /health HTTP/1.1" 200 OK
INFO:     [IP-DISAMARKAN]:42210 - "GET /metrics HTTP/1.1" 307 Temporary Redirect
INFO:     [IP-DISAMARKAN]:42210 - "GET /metrics/ HTTP/1.1" 200 OK
INFO:     [IP-DISAMARKAN]:50680 - "GET /metrics HTTP/1.1" 307 Temporary Redirect
INFO:     [IP-DISAMARKAN]:50680 - "GET /metrics/ HTTP/1.1" 200 OK
INFO:     127.0.0.1:33128 - "GET /health HTTP/1.1" 200 OK
INFO:     [IP-DISAMARKAN]:36784 - "GET /health HTTP/1.1" 200 OK
INFO:     [IP-DISAMARKAN]:58702 - "GET /metrics HTTP/1.1" 307 Temporary Redirect
INFO:     [IP-DISAMARKAN]:58702 - "GET /metrics/ HTTP/1.1" 200 OK
INFO:     [IP-DISAMARKAN]:39144 - "GET /metrics HTTP/1.1" 307 Temporary Redirect
INFO:     [IP-DISAMARKAN]:39144 - "GET /metrics/ HTTP/1.1" 200 OK
INFO:     127.0.0.1:32896 - "GET /health HTTP/1.1" 200 OK
INFO:     [IP-DISAMARKAN]:43344 - "GET /metrics HTTP/1.1" 307 Temporary Redirect
INFO:     [IP-DISAMARKAN]:43344 - "GET /metrics/ HTTP/1.1" 200 OK
INFO:     [IP-DISAMARKAN]:44804 - "GET /health HTTP/1.1" 200 OK
INFO:     [IP-DISAMARKAN]:38694 - "GET /metrics HTTP/1.1" 307 Temporary Redirect
INFO:     [IP-DISAMARKAN]:38694 - "GET /metrics/ HTTP/1.1" 200 OK
INFO:     127.0.0.1:45388 - "GET /health HTTP/1.1" 200 OK
INFO:     [IP-DISAMARKAN]:51612 - "GET /metrics HTTP/1.1" 307 Temporary Redirect
INFO:     [IP-DISAMARKAN]:51612 - "GET /metrics/ HTTP/1.1" 200 OK
INFO:     [IP-DISAMARKAN]:43080 - "GET /health HTTP/1.1" 200 OK
INFO:     [IP-DISAMARKAN]:47906 - "GET /metrics HTTP/1.1" 307 Temporary Redirect
INFO:     [IP-DISAMARKAN]:47906 - "GET /metrics/ HTTP/1.1" 200 OK
INFO:     127.0.0.1:59216 - "GET /health HTTP/1.1" 200 OK
INFO:     [IP-DISAMARKAN]:53542 - "GET /metrics HTTP/1.1" 307 Temporary Redirect
INFO:     [IP-DISAMARKAN]:53542 - "GET /metrics/ HTTP/1.1" 200 OK
INFO:     [IP-DISAMARKAN]:47962 - "GET /health HTTP/1.1" 200 OK
INFO:     [IP-DISAMARKAN]:58098 - "GET /metrics HTTP/1.1" 307 Temporary Redirect
INFO:     [IP-DISAMARKAN]:58098 - "GET /metrics/ HTTP/1.1" 200 OK
INFO:     127.0.0.1:36404 - "GET /health HTTP/1.1" 200 OK
INFO:     [IP-DISAMARKAN]:34594 - "GET /metrics HTTP/1.1" 307 Temporary Redirect
INFO:     [IP-DISAMARKAN]:34594 - "GET /metrics/ HTTP/1.1" 200 OK
INFO:     [IP-DISAMARKAN]:36308 - "GET /metrics HTTP/1.1" 307 Temporary Redirect
INFO:     [IP-DISAMARKAN]:36308 - "GET /metrics/ HTTP/1.1" 200 OK
INFO:     127.0.0.1:56586 - "GET /health HTTP/1.1" 200 OK
INFO:     [IP-DISAMARKAN]:42706 - "GET /health HTTP/1.1" 200 OK
INFO:     [IP-DISAMARKAN]:52430 - "GET /metrics HTTP/1.1" 307 Temporary Redirect
INFO:     [IP-DISAMARKAN]:52430 - "GET /metrics/ HTTP/1.1" 200 OK
INFO:     [IP-DISAMARKAN]:59950 - "GET /metrics HTTP/1.1" 307 Temporary Redirect
INFO:     [IP-DISAMARKAN]:59950 - "GET /metrics/ HTTP/1.1" 200 OK
INFO:     127.0.0.1:34586 - "GET /health HTTP/1.1" 200 OK
INFO:     [IP-DISAMARKAN]:33396 - "GET /health HTTP/1.1" 200 OK
INFO:     [IP-DISAMARKAN]:40328 - "GET /metrics HTTP/1.1" 307 Temporary Redirect
INFO:     [IP-DISAMARKAN]:40328 - "GET /metrics/ HTTP/1.1" 200 OK
INFO:     [IP-DISAMARKAN]:41898 - "GET /metrics HTTP/1.1" 307 Temporary Redirect
INFO:     [IP-DISAMARKAN]:41898 - "GET /metrics/ HTTP/1.1" 200 OK
INFO:     127.0.0.1:54962 - "GET /health HTTP/1.1" 200 OK
INFO:     [IP-DISAMARKAN]:35364 - "GET /health HTTP/1.1" 200 OK
INFO:     [IP-DISAMARKAN]:37480 - "GET /metrics HTTP/1.1" 307 Temporary Redirect
INFO:     [IP-DISAMARKAN]:37480 - "GET /metrics/ HTTP/1.1" 200 OK
INFO:     [IP-DISAMARKAN]:45226 - "GET /metrics HTTP/1.1" 307 Temporary Redirect
INFO:     [IP-DISAMARKAN]:45226 - "GET /metrics/ HTTP/1.1" 200 OK
INFO:     127.0.0.1:57726 - "GET /health HTTP/1.1" 200 OK
INFO:     [IP-DISAMARKAN]:53354 - "GET /metrics HTTP/1.1" 307 Temporary Redirect
INFO:     [IP-DISAMARKAN]:53354 - "GET /metrics/ HTTP/1.1" 200 OK
INFO:     [IP-DISAMARKAN]:33200 - "GET /health HTTP/1.1" 200 OK
INFO:     [IP-DISAMARKAN]:44936 - "GET /metrics HTTP/1.1" 307 Temporary Redirect
INFO:     [IP-DISAMARKAN]:44936 - "GET /metrics/ HTTP/1.1" 200 OK
INFO:     127.0.0.1:37154 - "GET /health HTTP/1.1" 200 OK
INFO:     [IP-DISAMARKAN]:33940 - "GET /metrics HTTP/1.1" 307 Temporary Redirect
INFO:     [IP-DISAMARKAN]:33940 - "GET /metrics/ HTTP/1.1" 200 OK
INFO:     [IP-DISAMARKAN]:58870 - "GET /health HTTP/1.1" 200 OK
INFO:     [IP-DISAMARKAN]:41240 - "GET /metrics HTTP/1.1" 307 Temporary Redirect
INFO:     [IP-DISAMARKAN]:41240 - "GET /metrics/ HTTP/1.1" 200 OK
INFO:     127.0.0.1:60818 - "GET /health HTTP/1.1" 200 OK
INFO:     [IP-DISAMARKAN]:43248 - "GET /metrics HTTP/1.1" 307 Temporary Redirect
INFO:     [IP-DISAMARKAN]:43248 - "GET /metrics/ HTTP/1.1" 200 OK
INFO:     [IP-DISAMARKAN]:54716 - "GET /health HTTP/1.1" 200 OK
INFO:     [IP-DISAMARKAN]:45366 - "GET /metrics HTTP/1.1" 307 Temporary Redirect
INFO:     [IP-DISAMARKAN]:45366 - "GET /metrics/ HTTP/1.1" 200 OK
INFO:     127.0.0.1:52746 - "GET /health HTTP/1.1" 200 OK
INFO:     [IP-DISAMARKAN]:38294 - "GET /metrics HTTP/1.1" 307 Temporary Redirect
INFO:     [IP-DISAMARKAN]:38294 - "GET /metrics/ HTTP/1.1" 200 OK
INFO:     [IP-DISAMARKAN]:51812 - "GET /health HTTP/1.1" 200 OK
INFO:     [IP-DISAMARKAN]:35610 - "GET /metrics HTTP/1.1" 307 Temporary Redirect
INFO:     [IP-DISAMARKAN]:35610 - "GET /metrics/ HTTP/1.1" 200 OK
INFO:     127.0.0.1:55348 - "GET /health HTTP/1.1" 200 OK
INFO:     [IP-DISAMARKAN]:33994 - "GET /metrics HTTP/1.1" 307 Temporary Redirect
INFO:     [IP-DISAMARKAN]:33994 - "GET /metrics/ HTTP/1.1" 200 OK
INFO:     [IP-DISAMARKAN]:52442 - "GET /health HTTP/1.1" 200 OK
INFO:     [IP-DISAMARKAN]:38260 - "GET /metrics HTTP/1.1" 307 Temporary Redirect
INFO:     [IP-DISAMARKAN]:38260 - "GET /metrics/ HTTP/1.1" 200 OK
INFO:     127.0.0.1:40044 - "GET /health HTTP/1.1" 200 OK
INFO:     [IP-DISAMARKAN]:57888 - "GET /metrics HTTP/1.1" 307 Temporary Redirect
INFO:     [IP-DISAMARKAN]:57888 - "GET /metrics/ HTTP/1.1" 200 OK
INFO:     [IP-DISAMARKAN]:37194 - "GET /health HTTP/1.1" 200 OK
INFO:     [IP-DISAMARKAN]:60148 - "GET /metrics HTTP/1.1" 307 Temporary Redirect
INFO:     [IP-DISAMARKAN]:60148 - "GET /metrics/ HTTP/1.1" 200 OK
INFO:     127.0.0.1:50850 - "GET /health HTTP/1.1" 200 OK
INFO:     [IP-DISAMARKAN]:48512 - "GET /metrics HTTP/1.1" 307 Temporary Redirect
INFO:     [IP-DISAMARKAN]:48512 - "GET /metrics/ HTTP/1.1" 200 OK
INFO:     [IP-DISAMARKAN]:54372 - "GET /health HTTP/1.1" 200 OK
INFO:     [IP-DISAMARKAN]:47032 - "GET /metrics HTTP/1.1" 307 Temporary Redirect
INFO:     [IP-DISAMARKAN]:47032 - "GET /metrics/ HTTP/1.1" 200 OK
INFO:     127.0.0.1:51800 - "GET /health HTTP/1.1" 200 OK
INFO:     [IP-DISAMARKAN]:48216 - "GET /metrics HTTP/1.1" 307 Temporary Redirect
INFO:     [IP-DISAMARKAN]:48216 - "GET /metrics/ HTTP/1.1" 200 OK
INFO:     [IP-DISAMARKAN]:53844 - "GET /health HTTP/1.1" 200 OK
INFO:     [IP-DISAMARKAN]:42952 - "GET /metrics HTTP/1.1" 307 Temporary Redirect
INFO:     [IP-DISAMARKAN]:42952 - "GET /metrics/ HTTP/1.1" 200 OK
INFO:     127.0.0.1:58386 - "GET /health HTTP/1.1" 200 OK
INFO:     [IP-DISAMARKAN]:45398 - "GET /metrics HTTP/1.1" 307 Temporary Redirect
INFO:     [IP-DISAMARKAN]:45398 - "GET /metrics/ HTTP/1.1" 200 OK
INFO:     [IP-DISAMARKAN]:51178 - "GET /health HTTP/1.1" 200 OK
INFO:     [IP-DISAMARKAN]:56128 - "GET /metrics HTTP/1.1" 307 Temporary Redirect
INFO:     [IP-DISAMARKAN]:56128 - "GET /metrics/ HTTP/1.1" 200 OK
INFO:     127.0.0.1:56644 - "GET /health HTTP/1.1" 200 OK
INFO:     [IP-DISAMARKAN]:49642 - "GET /metrics HTTP/1.1" 307 Temporary Redirect
INFO:     [IP-DISAMARKAN]:49642 - "GET /metrics/ HTTP/1.1" 200 OK
INFO:     [IP-DISAMARKAN]:53044 - "GET /health HTTP/1.1" 200 OK
INFO:     [IP-DISAMARKAN]:45552 - "GET /metrics HTTP/1.1" 307 Temporary Redirect
INFO:     [IP-DISAMARKAN]:45552 - "GET /metrics/ HTTP/1.1" 200 OK
INFO:     127.0.0.1:44806 - "GET /health HTTP/1.1" 200 OK
INFO:     [IP-DISAMARKAN]:44740 - "GET /metrics HTTP/1.1" 307 Temporary Redirect
INFO:     [IP-DISAMARKAN]:44740 - "GET /metrics/ HTTP/1.1" 200 OK
INFO:     [IP-DISAMARKAN]:50416 - "GET /health HTTP/1.1" 200 OK
INFO:     [IP-DISAMARKAN]:40138 - "GET /metrics HTTP/1.1" 307 Temporary Redirect
INFO:     [IP-DISAMARKAN]:40138 - "GET /metrics/ HTTP/1.1" 200 OK
INFO:     127.0.0.1:55970 - "GET /health HTTP/1.1" 200 OK
INFO:     [IP-DISAMARKAN]:49090 - "GET /metrics HTTP/1.1" 307 Temporary Redirect
INFO:     [IP-DISAMARKAN]:49090 - "GET /metrics/ HTTP/1.1" 200 OK
INFO:     [IP-DISAMARKAN]:45208 - "GET /health HTTP/1.1" 200 OK
INFO:     [IP-DISAMARKAN]:53642 - "GET /metrics HTTP/1.1" 307 Temporary Redirect
INFO:     [IP-DISAMARKAN]:53642 - "GET /metrics/ HTTP/1.1" 200 OK
INFO:     127.0.0.1:39078 - "GET /health HTTP/1.1" 200 OK
INFO:     [IP-DISAMARKAN]:45570 - "GET /metrics HTTP/1.1" 307 Temporary Redirect
INFO:     [IP-DISAMARKAN]:45570 - "GET /metrics/ HTTP/1.1" 200 OK
INFO:     [IP-DISAMARKAN]:36086 - "GET /health HTTP/1.1" 200 OK
INFO:     [IP-DISAMARKAN]:56452 - "GET /metrics HTTP/1.1" 307 Temporary Redirect
INFO:     [IP-DISAMARKAN]:56452 - "GET /metrics/ HTTP/1.1" 200 OK
INFO:     127.0.0.1:45370 - "GET /health HTTP/1.1" 200 OK
INFO:     [IP-DISAMARKAN]:36386 - "GET /metrics HTTP/1.1" 307 Temporary Redirect
INFO:     [IP-DISAMARKAN]:36386 - "GET /metrics/ HTTP/1.1" 200 OK
INFO:     [IP-DISAMARKAN]:53270 - "GET /health HTTP/1.1" 200 OK
INFO:     [IP-DISAMARKAN]:44156 - "GET /metrics HTTP/1.1" 307 Temporary Redirect
INFO:     [IP-DISAMARKAN]:44156 - "GET /metrics/ HTTP/1.1" 200 OK
INFO:     127.0.0.1:45690 - "GET /health HTTP/1.1" 200 OK
INFO:     [IP-DISAMARKAN]:54498 - "GET /metrics HTTP/1.1" 307 Temporary Redirect
INFO:     [IP-DISAMARKAN]:54498 - "GET /metrics/ HTTP/1.1" 200 OK
INFO:     [IP-DISAMARKAN]:58616 - "GET /health HTTP/1.1" 200 OK
INFO:     [IP-DISAMARKAN]:45940 - "GET /metrics HTTP/1.1" 307 Temporary Redirect
INFO:     [IP-DISAMARKAN]:45940 - "GET /metrics/ HTTP/1.1" 200 OK
INFO:     127.0.0.1:52612 - "GET /health HTTP/1.1" 200 OK
INFO:     [IP-DISAMARKAN]:54946 - "GET /metrics HTTP/1.1" 307 Temporary Redirect
INFO:     [IP-DISAMARKAN]:54946 - "GET /metrics/ HTTP/1.1" 200 OK
INFO:     [IP-DISAMARKAN]:36716 - "GET /health HTTP/1.1" 200 OK
INFO:     [IP-DISAMARKAN]:40026 - "GET /metrics HTTP/1.1" 307 Temporary Redirect
INFO:     [IP-DISAMARKAN]:40026 - "GET /metrics/ HTTP/1.1" 200 OK
INFO:     127.0.0.1:57762 - "GET /health HTTP/1.1" 200 OK
INFO:     [IP-DISAMARKAN]:40608 - "GET /metrics HTTP/1.1" 307 Temporary Redirect
INFO:     [IP-DISAMARKAN]:40608 - "GET /metrics/ HTTP/1.1" 200 OK
INFO:     [IP-DISAMARKAN]:34354 - "GET /health HTTP/1.1" 200 OK
INFO:     [IP-DISAMARKAN]:60108 - "GET /metrics HTTP/1.1" 307 Temporary Redirect
INFO:     [IP-DISAMARKAN]:60108 - "GET /metrics/ HTTP/1.1" 200 OK
INFO:     127.0.0.1:47876 - "GET /health HTTP/1.1" 200 OK
INFO:     [IP-DISAMARKAN]:40416 - "GET /metrics HTTP/1.1" 307 Temporary Redirect
INFO:     [IP-DISAMARKAN]:40416 - "GET /metrics/ HTTP/1.1" 200 OK
INFO:     [IP-DISAMARKAN]:36916 - "GET /metrics HTTP/1.1" 307 Temporary Redirect
INFO:     [IP-DISAMARKAN]:36916 - "GET /metrics/ HTTP/1.1" 200 OK
INFO:     [IP-DISAMARKAN]:55618 - "GET /health HTTP/1.1" 200 OK
INFO:     127.0.0.1:44596 - "GET /health HTTP/1.1" 200 OK
INFO:     [IP-DISAMARKAN]:45508 - "GET /metrics HTTP/1.1" 307 Temporary Redirect
INFO:     [IP-DISAMARKAN]:45508 - "GET /metrics/ HTTP/1.1" 200 OK
INFO:     [IP-DISAMARKAN]:54154 - "GET /metrics HTTP/1.1" 307 Temporary Redirect
INFO:     [IP-DISAMARKAN]:54154 - "GET /metrics/ HTTP/1.1" 200 OK
INFO:     [IP-DISAMARKAN]:36896 - "GET /health HTTP/1.1" 200 OK
INFO:     127.0.0.1:41728 - "GET /health HTTP/1.1" 200 OK
INFO:     [IP-DISAMARKAN]:48920 - "GET /metrics HTTP/1.1" 307 Temporary Redirect
INFO:     [IP-DISAMARKAN]:48920 - "GET /metrics/ HTTP/1.1" 200 OK
INFO:     [IP-DISAMARKAN]:49504 - "GET /metrics HTTP/1.1" 307 Temporary Redirect
INFO:     [IP-DISAMARKAN]:49504 - "GET /metrics/ HTTP/1.1" 200 OK
INFO:     [IP-DISAMARKAN]:47172 - "GET /health HTTP/1.1" 200 OK
INFO:     127.0.0.1:54686 - "GET /health HTTP/1.1" 200 OK
INFO:     [IP-DISAMARKAN]:43858 - "GET /metrics HTTP/1.1" 307 Temporary Redirect
INFO:     [IP-DISAMARKAN]:43858 - "GET /metrics/ HTTP/1.1" 200 OK
INFO:     [IP-DISAMARKAN]:37410 - "GET /metrics HTTP/1.1" 307 Temporary Redirect
INFO:     [IP-DISAMARKAN]:37410 - "GET /metrics/ HTTP/1.1" 200 OK
INFO:     127.0.0.1:53208 - "GET /health HTTP/1.1" 200 OK
INFO:     [IP-DISAMARKAN]:32830 - "GET /health HTTP/1.1" 200 OK
INFO:     [IP-DISAMARKAN]:56078 - "GET /metrics HTTP/1.1" 307 Temporary Redirect
INFO:     [IP-DISAMARKAN]:56078 - "GET /metrics/ HTTP/1.1" 200 OK
INFO:     [IP-DISAMARKAN]:35450 - "GET /metrics HTTP/1.1" 307 Temporary Redirect
INFO:     [IP-DISAMARKAN]:35450 - "GET /metrics/ HTTP/1.1" 200 OK
INFO:     127.0.0.1:50808 - "GET /health HTTP/1.1" 200 OK
INFO:     [IP-DISAMARKAN]:55268 - "GET /health HTTP/1.1" 200 OK
INFO:     [IP-DISAMARKAN]:60932 - "GET /metrics HTTP/1.1" 307 Temporary Redirect
INFO:     [IP-DISAMARKAN]:60932 - "GET /metrics/ HTTP/1.1" 200 OK
INFO:     [IP-DISAMARKAN]:57938 - "GET /metrics HTTP/1.1" 307 Temporary Redirect
INFO:     [IP-DISAMARKAN]:57938 - "GET /metrics/ HTTP/1.1" 200 OK
INFO:     127.0.0.1:34256 - "GET /health HTTP/1.1" 200 OK
INFO:     [IP-DISAMARKAN]:48340 - "GET /metrics HTTP/1.1" 307 Temporary Redirect
INFO:     [IP-DISAMARKAN]:48340 - "GET /metrics/ HTTP/1.1" 200 OK
INFO:     [IP-DISAMARKAN]:42366 - "GET /health HTTP/1.1" 200 OK
INFO:     [IP-DISAMARKAN]:48104 - "GET /metrics HTTP/1.1" 307 Temporary Redirect
INFO:     [IP-DISAMARKAN]:48104 - "GET /metrics/ HTTP/1.1" 200 OK
INFO:     127.0.0.1:60906 - "GET /health HTTP/1.1" 200 OK
INFO:     [IP-DISAMARKAN]:44116 - "GET /metrics HTTP/1.1" 307 Temporary Redirect
INFO:     [IP-DISAMARKAN]:44116 - "GET /metrics/ HTTP/1.1" 200 OK
INFO:     [IP-DISAMARKAN]:54260 - "GET /health HTTP/1.1" 200 OK
INFO:     [IP-DISAMARKAN]:38404 - "GET /metrics HTTP/1.1" 307 Temporary Redirect
INFO:     [IP-DISAMARKAN]:38404 - "GET /metrics/ HTTP/1.1" 200 OK
INFO:     127.0.0.1:48488 - "GET /health HTTP/1.1" 200 OK
INFO:     [IP-DISAMARKAN]:54764 - "GET /metrics HTTP/1.1" 307 Temporary Redirect
INFO:     [IP-DISAMARKAN]:54764 - "GET /metrics/ HTTP/1.1" 200 OK
INFO:     [IP-DISAMARKAN]:33610 - "GET /health HTTP/1.1" 200 OK
INFO:     [IP-DISAMARKAN]:58242 - "GET /metrics HTTP/1.1" 307 Temporary Redirect
INFO:     [IP-DISAMARKAN]:58242 - "GET /metrics/ HTTP/1.1" 200 OK
INFO:     127.0.0.1:51298 - "GET /health HTTP/1.1" 200 OK
INFO:     [IP-DISAMARKAN]:41710 - "GET /metrics HTTP/1.1" 307 Temporary Redirect
INFO:     [IP-DISAMARKAN]:41710 - "GET /metrics/ HTTP/1.1" 200 OK
INFO:     [IP-DISAMARKAN]:41612 - "GET /metrics HTTP/1.1" 307 Temporary Redirect
INFO:     [IP-DISAMARKAN]:41612 - "GET /metrics/ HTTP/1.1" 200 OK
INFO:     [IP-DISAMARKAN]:55100 - "GET /health HTTP/1.1" 200 OK
INFO:     127.0.0.1:54476 - "GET /health HTTP/1.1" 200 OK
INFO:     [IP-DISAMARKAN]:38112 - "GET /metrics HTTP/1.1" 307 Temporary Redirect
INFO:     [IP-DISAMARKAN]:38112 - "GET /metrics/ HTTP/1.1" 200 OK
INFO:     [IP-DISAMARKAN]:46888 - "GET /metrics HTTP/1.1" 307 Temporary Redirect
INFO:     [IP-DISAMARKAN]:46888 - "GET /metrics/ HTTP/1.1" 200 OK
INFO:     [IP-DISAMARKAN]:39650 - "GET /health HTTP/1.1" 200 OK
INFO:     127.0.0.1:35920 - "GET /health HTTP/1.1" 200 OK
INFO:     [IP-DISAMARKAN]:48680 - "GET /metrics HTTP/1.1" 307 Temporary Redirect
INFO:     [IP-DISAMARKAN]:48680 - "GET /metrics/ HTTP/1.1" 200 OK
INFO:     [IP-DISAMARKAN]:52144 - "GET /metrics HTTP/1.1" 307 Temporary Redirect
INFO:     [IP-DISAMARKAN]:52144 - "GET /metrics/ HTTP/1.1" 200 OK
INFO:     [IP-DISAMARKAN]:50054 - "GET /health HTTP/1.1" 200 OK
INFO:     127.0.0.1:48470 - "GET /health HTTP/1.1" 200 OK
INFO:     [IP-DISAMARKAN]:60780 - "GET /metrics HTTP/1.1" 307 Temporary Redirect
INFO:     [IP-DISAMARKAN]:60780 - "GET /metrics/ HTTP/1.1" 200 OK
INFO:     [IP-DISAMARKAN]:51710 - "GET /metrics HTTP/1.1" 307 Temporary Redirect
INFO:     [IP-DISAMARKAN]:51710 - "GET /metrics/ HTTP/1.1" 200 OK
INFO:     [IP-DISAMARKAN]:58774 - "GET /health HTTP/1.1" 200 OK
INFO:     127.0.0.1:48408 - "GET /health HTTP/1.1" 200 OK
INFO:     [IP-DISAMARKAN]:58032 - "GET /metrics HTTP/1.1" 307 Temporary Redirect
INFO:     [IP-DISAMARKAN]:58032 - "GET /metrics/ HTTP/1.1" 200 OK
INFO:     [IP-DISAMARKAN]:55760 - "GET /metrics HTTP/1.1" 307 Temporary Redirect
INFO:     [IP-DISAMARKAN]:55760 - "GET /metrics/ HTTP/1.1" 200 OK
INFO:     [IP-DISAMARKAN]:42748 - "GET /health HTTP/1.1" 200 OK
INFO:     127.0.0.1:35230 - "GET /health HTTP/1.1" 200 OK
INFO:     [IP-DISAMARKAN]:36436 - "GET /metrics HTTP/1.1" 307 Temporary Redirect
INFO:     [IP-DISAMARKAN]:36436 - "GET /metrics/ HTTP/1.1" 200 OK
INFO:     [IP-DISAMARKAN]:57404 - "GET /metrics HTTP/1.1" 307 Temporary Redirect
INFO:     [IP-DISAMARKAN]:57404 - "GET /metrics/ HTTP/1.1" 200 OK
INFO:     [IP-DISAMARKAN]:41690 - "GET /health HTTP/1.1" 200 OK
INFO:     127.0.0.1:60490 - "GET /health HTTP/1.1" 200 OK
INFO:     [IP-DISAMARKAN]:52324 - "GET /metrics HTTP/1.1" 307 Temporary Redirect
INFO:     [IP-DISAMARKAN]:52324 - "GET /metrics/ HTTP/1.1" 200 OK
INFO:     [IP-DISAMARKAN]:42494 - "GET /metrics HTTP/1.1" 307 Temporary Redirect
INFO:     [IP-DISAMARKAN]:42494 - "GET /metrics/ HTTP/1.1" 200 OK
INFO:     [IP-DISAMARKAN]:56122 - "GET /health HTTP/1.1" 200 OK
INFO:     127.0.0.1:38058 - "GET /health HTTP/1.1" 200 OK
INFO:     [IP-DISAMARKAN]:48882 - "GET /metrics HTTP/1.1" 307 Temporary Redirect
INFO:     [IP-DISAMARKAN]:48882 - "GET /metrics/ HTTP/1.1" 200 OK
INFO:     [IP-DISAMARKAN]:37486 - "GET /metrics HTTP/1.1" 307 Temporary Redirect
INFO:     [IP-DISAMARKAN]:37486 - "GET /metrics/ HTTP/1.1" 200 OK
INFO:     [IP-DISAMARKAN]:51470 - "GET /health HTTP/1.1" 200 OK
INFO:     127.0.0.1:37854 - "GET /health HTTP/1.1" 200 OK
INFO:     [IP-DISAMARKAN]:40962 - "GET /metrics HTTP/1.1" 307 Temporary Redirect
INFO:     [IP-DISAMARKAN]:40962 - "GET /metrics/ HTTP/1.1" 200 OK
INFO:     [IP-DISAMARKAN]:55310 - "GET /metrics HTTP/1.1" 307 Temporary Redirect
INFO:     [IP-DISAMARKAN]:55310 - "GET /metrics/ HTTP/1.1" 200 OK
INFO:     [IP-DISAMARKAN]:43456 - "GET /health HTTP/1.1" 200 OK
INFO:     127.0.0.1:55340 - "GET /health HTTP/1.1" 200 OK
INFO:     [IP-DISAMARKAN]:47678 - "GET /metrics HTTP/1.1" 307 Temporary Redirect
INFO:     [IP-DISAMARKAN]:47678 - "GET /metrics/ HTTP/1.1" 200 OK
INFO:     [IP-DISAMARKAN]:39070 - "GET /metrics HTTP/1.1" 307 Temporary Redirect
INFO:     [IP-DISAMARKAN]:39070 - "GET /metrics/ HTTP/1.1" 200 OK
INFO:     [IP-DISAMARKAN]:47152 - "GET /health HTTP/1.1" 200 OK
INFO:     127.0.0.1:41894 - "GET /health HTTP/1.1" 200 OK
INFO:     [IP-DISAMARKAN]:53206 - "GET /metrics HTTP/1.1" 307 Temporary Redirect
INFO:     [IP-DISAMARKAN]:53206 - "GET /metrics/ HTTP/1.1" 200 OK
INFO:     [IP-DISAMARKAN]:52040 - "GET /metrics HTTP/1.1" 307 Temporary Redirect
INFO:     [IP-DISAMARKAN]:52040 - "GET /metrics/ HTTP/1.1" 200 OK
INFO:     [IP-DISAMARKAN]:47696 - "GET /health HTTP/1.1" 200 OK
INFO:     127.0.0.1:57212 - "GET /health HTTP/1.1" 200 OK
INFO:     [IP-DISAMARKAN]:36120 - "GET /metrics HTTP/1.1" 307 Temporary Redirect
INFO:     [IP-DISAMARKAN]:36120 - "GET /metrics/ HTTP/1.1" 200 OK
INFO:     [IP-DISAMARKAN]:49504 - "GET /metrics HTTP/1.1" 307 Temporary Redirect
INFO:     [IP-DISAMARKAN]:49504 - "GET /metrics/ HTTP/1.1" 200 OK
INFO:     [IP-DISAMARKAN]:34388 - "GET /health HTTP/1.1" 200 OK
INFO:     127.0.0.1:55646 - "GET /health HTTP/1.1" 200 OK
INFO:     [IP-DISAMARKAN]:56128 - "GET /metrics HTTP/1.1" 307 Temporary Redirect
INFO:     [IP-DISAMARKAN]:56128 - "GET /metrics/ HTTP/1.1" 200 OK
INFO:     [IP-DISAMARKAN]:43808 - "GET /metrics HTTP/1.1" 307 Temporary Redirect
INFO:     [IP-DISAMARKAN]:43808 - "GET /metrics/ HTTP/1.1" 200 OK
INFO:     [IP-DISAMARKAN]:53812 - "GET /health HTTP/1.1" 200 OK
INFO:     127.0.0.1:43396 - "GET /health HTTP/1.1" 200 OK
INFO:     [IP-DISAMARKAN]:57718 - "GET /metrics HTTP/1.1" 307 Temporary Redirect
INFO:     [IP-DISAMARKAN]:57718 - "GET /metrics/ HTTP/1.1" 200 OK
INFO:     [IP-DISAMARKAN]:56038 - "GET /metrics HTTP/1.1" 307 Temporary Redirect
INFO:     [IP-DISAMARKAN]:56038 - "GET /metrics/ HTTP/1.1" 200 OK
INFO:     127.0.0.1:53890 - "GET /health HTTP/1.1" 200 OK
INFO:     [IP-DISAMARKAN]:40460 - "GET /health HTTP/1.1" 200 OK
INFO:     [IP-DISAMARKAN]:43428 - "GET /metrics HTTP/1.1" 307 Temporary Redirect
INFO:     [IP-DISAMARKAN]:43428 - "GET /metrics/ HTTP/1.1" 200 OK
INFO:     [IP-DISAMARKAN]:36002 - "GET /metrics HTTP/1.1" 307 Temporary Redirect
INFO:     [IP-DISAMARKAN]:36002 - "GET /metrics/ HTTP/1.1" 200 OK
INFO:     127.0.0.1:37076 - "GET /health HTTP/1.1" 200 OK
INFO:     [IP-DISAMARKAN]:45738 - "GET /metrics HTTP/1.1" 307 Temporary Redirect
INFO:     [IP-DISAMARKAN]:45738 - "GET /metrics/ HTTP/1.1" 200 OK
INFO:     [IP-DISAMARKAN]:48740 - "GET /health HTTP/1.1" 200 OK
INFO:     [IP-DISAMARKAN]:52278 - "GET /metrics HTTP/1.1" 307 Temporary Redirect
INFO:     [IP-DISAMARKAN]:52278 - "GET /metrics/ HTTP/1.1" 200 OK
INFO:     127.0.0.1:47794 - "GET /health HTTP/1.1" 200 OK
INFO:     [IP-DISAMARKAN]:39570 - "GET /metrics HTTP/1.1" 307 Temporary Redirect
INFO:     [IP-DISAMARKAN]:39570 - "GET /metrics/ HTTP/1.1" 200 OK
INFO:     [IP-DISAMARKAN]:41136 - "GET /health HTTP/1.1" 200 OK
INFO:     [IP-DISAMARKAN]:56994 - "GET /metrics HTTP/1.1" 307 Temporary Redirect
INFO:     [IP-DISAMARKAN]:56994 - "GET /metrics/ HTTP/1.1" 200 OK
INFO:     127.0.0.1:50646 - "GET /health HTTP/1.1" 200 OK
INFO:     [IP-DISAMARKAN]:39086 - "GET /metrics HTTP/1.1" 307 Temporary Redirect
INFO:     [IP-DISAMARKAN]:39086 - "GET /metrics/ HTTP/1.1" 200 OK
INFO:     [IP-DISAMARKAN]:58590 - "GET /health HTTP/1.1" 200 OK
INFO:     [IP-DISAMARKAN]:35262 - "GET /metrics HTTP/1.1" 307 Temporary Redirect
INFO:     [IP-DISAMARKAN]:35262 - "GET /metrics/ HTTP/1.1" 200 OK
INFO:     127.0.0.1:50886 - "GET /health HTTP/1.1" 200 OK
INFO:     [IP-DISAMARKAN]:47932 - "GET /metrics HTTP/1.1" 307 Temporary Redirect
INFO:     [IP-DISAMARKAN]:47932 - "GET /metrics/ HTTP/1.1" 200 OK
INFO:     [IP-DISAMARKAN]:35358 - "GET /metrics HTTP/1.1" 307 Temporary Redirect
INFO:     [IP-DISAMARKAN]:35358 - "GET /metrics/ HTTP/1.1" 200 OK
INFO:     [IP-DISAMARKAN]:60456 - "GET /health HTTP/1.1" 200 OK
INFO:     127.0.0.1:51214 - "GET /health HTTP/1.1" 200 OK
INFO:     [IP-DISAMARKAN]:40816 - "GET /metrics HTTP/1.1" 307 Temporary Redirect
INFO:     [IP-DISAMARKAN]:40816 - "GET /metrics/ HTTP/1.1" 200 OK
INFO:     [IP-DISAMARKAN]:37120 - "GET /metrics HTTP/1.1" 307 Temporary Redirect
INFO:     [IP-DISAMARKAN]:37120 - "GET /metrics/ HTTP/1.1" 200 OK
INFO:     [IP-DISAMARKAN]:57292 - "GET /health HTTP/1.1" 200 OK
INFO:     127.0.0.1:53166 - "GET /health HTTP/1.1" 200 OK
INFO:     [IP-DISAMARKAN]:54412 - "GET /metrics HTTP/1.1" 307 Temporary Redirect
INFO:     [IP-DISAMARKAN]:54412 - "GET /metrics/ HTTP/1.1" 200 OK
INFO:     [IP-DISAMARKAN]:60252 - "GET /metrics HTTP/1.1" 307 Temporary Redirect
INFO:     [IP-DISAMARKAN]:60252 - "GET /metrics/ HTTP/1.1" 200 OK
INFO:     [IP-DISAMARKAN]:39984 - "GET /health HTTP/1.1" 200 OK
INFO:     127.0.0.1:48052 - "GET /health HTTP/1.1" 200 OK
INFO:     [IP-DISAMARKAN]:58524 - "GET /metrics HTTP/1.1" 307 Temporary Redirect
INFO:     [IP-DISAMARKAN]:58524 - "GET /metrics/ HTTP/1.1" 200 OK
INFO:     [IP-DISAMARKAN]:40098 - "GET /metrics HTTP/1.1" 307 Temporary Redirect
INFO:     [IP-DISAMARKAN]:40098 - "GET /metrics/ HTTP/1.1" 200 OK
INFO:     127.0.0.1:41430 - "GET /health HTTP/1.1" 200 OK
INFO:     [IP-DISAMARKAN]:57834 - "GET /metrics HTTP/1.1" 307 Temporary Redirect
INFO:     [IP-DISAMARKAN]:57834 - "GET /metrics/ HTTP/1.1" 200 OK
INFO:     [IP-DISAMARKAN]:45002 - "GET /health HTTP/1.1" 200 OK
INFO:     [IP-DISAMARKAN]:54462 - "GET /metrics HTTP/1.1" 307 Temporary Redirect
INFO:     [IP-DISAMARKAN]:54462 - "GET /metrics/ HTTP/1.1" 200 OK
INFO:     127.0.0.1:60874 - "GET /health HTTP/1.1" 200 OK
INFO:     [IP-DISAMARKAN]:45576 - "GET /metrics HTTP/1.1" 307 Temporary Redirect
INFO:     [IP-DISAMARKAN]:45576 - "GET /metrics/ HTTP/1.1" 200 OK
INFO:     [IP-DISAMARKAN]:50292 - "GET /health HTTP/1.1" 200 OK
INFO:     [IP-DISAMARKAN]:39412 - "GET /metrics HTTP/1.1" 307 Temporary Redirect
INFO:     [IP-DISAMARKAN]:39412 - "GET /metrics/ HTTP/1.1" 200 OK
INFO:     127.0.0.1:39166 - "GET /health HTTP/1.1" 200 OK
INFO:     [IP-DISAMARKAN]:39508 - "GET /metrics HTTP/1.1" 307 Temporary Redirect
INFO:     [IP-DISAMARKAN]:39508 - "GET /metrics/ HTTP/1.1" 200 OK
INFO:     [IP-DISAMARKAN]:58724 - "GET /health HTTP/1.1" 200 OK
INFO:     [IP-DISAMARKAN]:49662 - "GET /metrics HTTP/1.1" 307 Temporary Redirect
INFO:     [IP-DISAMARKAN]:49662 - "GET /metrics/ HTTP/1.1" 200 OK
INFO:     127.0.0.1:56650 - "GET /health HTTP/1.1" 200 OK
INFO:     [IP-DISAMARKAN]:45258 - "GET /metrics HTTP/1.1" 307 Temporary Redirect
INFO:     [IP-DISAMARKAN]:45258 - "GET /metrics/ HTTP/1.1" 200 OK
INFO:     [IP-DISAMARKAN]:35904 - "GET /health HTTP/1.1" 200 OK
INFO:     [IP-DISAMARKAN]:32862 - "GET /metrics HTTP/1.1" 307 Temporary Redirect
INFO:     [IP-DISAMARKAN]:32862 - "GET /metrics/ HTTP/1.1" 200 OK
INFO:     127.0.0.1:56664 - "GET /health HTTP/1.1" 200 OK
INFO:     [IP-DISAMARKAN]:56444 - "GET /metrics HTTP/1.1" 307 Temporary Redirect
INFO:     [IP-DISAMARKAN]:56444 - "GET /metrics/ HTTP/1.1" 200 OK
INFO:     [IP-DISAMARKAN]:50344 - "GET /health HTTP/1.1" 200 OK
INFO:     [IP-DISAMARKAN]:47890 - "GET /metrics HTTP/1.1" 307 Temporary Redirect
INFO:     [IP-DISAMARKAN]:47890 - "GET /metrics/ HTTP/1.1" 200 OK
INFO:     127.0.0.1:48064 - "GET /health HTTP/1.1" 200 OK
INFO:     [IP-DISAMARKAN]:55370 - "GET /metrics HTTP/1.1" 307 Temporary Redirect
INFO:     [IP-DISAMARKAN]:55370 - "GET /metrics/ HTTP/1.1" 200 OK
INFO:     [IP-DISAMARKAN]:51964 - "GET /health HTTP/1.1" 200 OK
INFO:     [IP-DISAMARKAN]:45778 - "GET /metrics HTTP/1.1" 307 Temporary Redirect
INFO:     [IP-DISAMARKAN]:45778 - "GET /metrics/ HTTP/1.1" 200 OK
INFO:     127.0.0.1:57366 - "GET /health HTTP/1.1" 200 OK
INFO:     [IP-DISAMARKAN]:44578 - "GET /metrics HTTP/1.1" 307 Temporary Redirect
INFO:     [IP-DISAMARKAN]:44578 - "GET /metrics/ HTTP/1.1" 200 OK
INFO:     [IP-DISAMARKAN]:37684 - "GET /health HTTP/1.1" 200 OK
INFO:     [IP-DISAMARKAN]:41866 - "GET /metrics HTTP/1.1" 307 Temporary Redirect
INFO:     [IP-DISAMARKAN]:41866 - "GET /metrics/ HTTP/1.1" 200 OK
INFO:     127.0.0.1:35696 - "GET /health HTTP/1.1" 200 OK
INFO:     [IP-DISAMARKAN]:40232 - "GET /metrics HTTP/1.1" 307 Temporary Redirect
INFO:     [IP-DISAMARKAN]:40232 - "GET /metrics/ HTTP/1.1" 200 OK
INFO:     [IP-DISAMARKAN]:60182 - "GET /health HTTP/1.1" 200 OK
INFO:     [IP-DISAMARKAN]:44914 - "GET /metrics HTTP/1.1" 307 Temporary Redirect
INFO:     [IP-DISAMARKAN]:44914 - "GET /metrics/ HTTP/1.1" 200 OK
INFO:     127.0.0.1:50896 - "GET /health HTTP/1.1" 200 OK
INFO:     [IP-DISAMARKAN]:57164 - "GET /metrics HTTP/1.1" 307 Temporary Redirect
INFO:     [IP-DISAMARKAN]:57164 - "GET /metrics/ HTTP/1.1" 200 OK
INFO:     [IP-DISAMARKAN]:50794 - "GET /health HTTP/1.1" 200 OK
INFO:     [IP-DISAMARKAN]:49606 - "GET /metrics HTTP/1.1" 307 Temporary Redirect
INFO:     [IP-DISAMARKAN]:49606 - "GET /metrics/ HTTP/1.1" 200 OK
INFO:     127.0.0.1:45268 - "GET /health HTTP/1.1" 200 OK
INFO:     [IP-DISAMARKAN]:52884 - "GET /metrics HTTP/1.1" 307 Temporary Redirect
INFO:     [IP-DISAMARKAN]:52884 - "GET /metrics/ HTTP/1.1" 200 OK
INFO:     [IP-DISAMARKAN]:50394 - "GET /health HTTP/1.1" 200 OK
INFO:     [IP-DISAMARKAN]:52860 - "GET /metrics HTTP/1.1" 307 Temporary Redirect
INFO:     [IP-DISAMARKAN]:52860 - "GET /metrics/ HTTP/1.1" 200 OK
INFO:     127.0.0.1:36284 - "GET /health HTTP/1.1" 200 OK
INFO:     [IP-DISAMARKAN]:49826 - "GET /metrics HTTP/1.1" 307 Temporary Redirect
INFO:     [IP-DISAMARKAN]:49826 - "GET /metrics/ HTTP/1.1" 200 OK
INFO:     [IP-DISAMARKAN]:54236 - "GET /health HTTP/1.1" 200 OK
INFO:     [IP-DISAMARKAN]:50456 - "GET /metrics HTTP/1.1" 307 Temporary Redirect
INFO:     [IP-DISAMARKAN]:50456 - "GET /metrics/ HTTP/1.1" 200 OK
INFO:     127.0.0.1:39760 - "GET /health HTTP/1.1" 200 OK
INFO:     [IP-DISAMARKAN]:40124 - "GET /metrics HTTP/1.1" 307 Temporary Redirect
INFO:     [IP-DISAMARKAN]:40124 - "GET /metrics/ HTTP/1.1" 200 OK
INFO:     [IP-DISAMARKAN]:57654 - "GET /health HTTP/1.1" 200 OK
INFO:     [IP-DISAMARKAN]:52488 - "GET /metrics HTTP/1.1" 307 Temporary Redirect
INFO:     [IP-DISAMARKAN]:52488 - "GET /metrics/ HTTP/1.1" 200 OK
INFO:     127.0.0.1:49840 - "GET /health HTTP/1.1" 200 OK
INFO:     [IP-DISAMARKAN]:40734 - "GET /metrics HTTP/1.1" 307 Temporary Redirect
INFO:     [IP-DISAMARKAN]:40734 - "GET /metrics/ HTTP/1.1" 200 OK
INFO:     [IP-DISAMARKAN]:58740 - "GET /health HTTP/1.1" 200 OK
INFO:     [IP-DISAMARKAN]:35066 - "GET /metrics HTTP/1.1" 307 Temporary Redirect
INFO:     [IP-DISAMARKAN]:35066 - "GET /metrics/ HTTP/1.1" 200 OK
INFO:     127.0.0.1:41158 - "GET /health HTTP/1.1" 200 OK
INFO:     [IP-DISAMARKAN]:39120 - "GET /metrics HTTP/1.1" 307 Temporary Redirect
INFO:     [IP-DISAMARKAN]:39120 - "GET /metrics/ HTTP/1.1" 200 OK
INFO:     [IP-DISAMARKAN]:55232 - "GET /health HTTP/1.1" 200 OK
INFO:     [IP-DISAMARKAN]:50622 - "GET /metrics HTTP/1.1" 307 Temporary Redirect
INFO:     [IP-DISAMARKAN]:50622 - "GET /metrics/ HTTP/1.1" 200 OK
INFO:     127.0.0.1:59904 - "GET /health HTTP/1.1" 200 OK
INFO:     [IP-DISAMARKAN]:44916 - "GET /metrics HTTP/1.1" 307 Temporary Redirect
INFO:     [IP-DISAMARKAN]:44916 - "GET /metrics/ HTTP/1.1" 200 OK
INFO:     [IP-DISAMARKAN]:47774 - "GET /health HTTP/1.1" 200 OK
INFO:     [IP-DISAMARKAN]:44012 - "GET /metrics HTTP/1.1" 307 Temporary Redirect
INFO:     [IP-DISAMARKAN]:44012 - "GET /metrics/ HTTP/1.1" 200 OK
INFO:     127.0.0.1:38892 - "GET /health HTTP/1.1" 200 OK
INFO:     [IP-DISAMARKAN]:58324 - "GET /metrics HTTP/1.1" 307 Temporary Redirect
INFO:     [IP-DISAMARKAN]:58324 - "GET /metrics/ HTTP/1.1" 200 OK
INFO:     [IP-DISAMARKAN]:37824 - "GET /health HTTP/1.1" 200 OK
INFO:     [IP-DISAMARKAN]:37976 - "GET /metrics HTTP/1.1" 307 Temporary Redirect
INFO:     [IP-DISAMARKAN]:37976 - "GET /metrics/ HTTP/1.1" 200 OK
INFO:     127.0.0.1:53232 - "GET /health HTTP/1.1" 200 OK
INFO:     [IP-DISAMARKAN]:45900 - "GET /metrics HTTP/1.1" 307 Temporary Redirect
INFO:     [IP-DISAMARKAN]:45900 - "GET /metrics/ HTTP/1.1" 200 OK
INFO:     [IP-DISAMARKAN]:40462 - "GET /health HTTP/1.1" 200 OK
INFO:     [IP-DISAMARKAN]:48194 - "GET /metrics HTTP/1.1" 307 Temporary Redirect
INFO:     [IP-DISAMARKAN]:48194 - "GET /metrics/ HTTP/1.1" 200 OK
INFO:     127.0.0.1:51608 - "GET /health HTTP/1.1" 200 OK
INFO:     [IP-DISAMARKAN]:35388 - "GET /metrics HTTP/1.1" 307 Temporary Redirect
INFO:     [IP-DISAMARKAN]:35388 - "GET /metrics/ HTTP/1.1" 200 OK
INFO:     [IP-DISAMARKAN]:54684 - "GET /health HTTP/1.1" 200 OK
INFO:     [IP-DISAMARKAN]:39078 - "GET /metrics HTTP/1.1" 307 Temporary Redirect
INFO:     [IP-DISAMARKAN]:39078 - "GET /metrics/ HTTP/1.1" 200 OK
INFO:     127.0.0.1:35140 - "GET /health HTTP/1.1" 200 OK
INFO:     [IP-DISAMARKAN]:33728 - "GET /metrics HTTP/1.1" 307 Temporary Redirect
INFO:     [IP-DISAMARKAN]:33728 - "GET /metrics/ HTTP/1.1" 200 OK
INFO:     [IP-DISAMARKAN]:55632 - "GET /health HTTP/1.1" 200 OK
INFO:     [IP-DISAMARKAN]:46956 - "GET /metrics HTTP/1.1" 307 Temporary Redirect
INFO:     [IP-DISAMARKAN]:46956 - "GET /metrics/ HTTP/1.1" 200 OK
INFO:     127.0.0.1:46516 - "GET /health HTTP/1.1" 200 OK
INFO:     [IP-DISAMARKAN]:50752 - "GET /metrics HTTP/1.1" 307 Temporary Redirect
INFO:     [IP-DISAMARKAN]:50752 - "GET /metrics/ HTTP/1.1" 200 OK
INFO:     [IP-DISAMARKAN]:44068 - "GET /health HTTP/1.1" 200 OK
INFO:     [IP-DISAMARKAN]:46526 - "GET /metrics HTTP/1.1" 307 Temporary Redirect
INFO:     [IP-DISAMARKAN]:46526 - "GET /metrics/ HTTP/1.1" 200 OK
INFO:     127.0.0.1:45956 - "GET /health HTTP/1.1" 200 OK
INFO:     [IP-DISAMARKAN]:41370 - "GET /metrics HTTP/1.1" 307 Temporary Redirect
INFO:     [IP-DISAMARKAN]:41370 - "GET /metrics/ HTTP/1.1" 200 OK
INFO:     [IP-DISAMARKAN]:40138 - "GET /health HTTP/1.1" 200 OK
INFO:     [IP-DISAMARKAN]:56764 - "GET /metrics HTTP/1.1" 307 Temporary Redirect
INFO:     [IP-DISAMARKAN]:56764 - "GET /metrics/ HTTP/1.1" 200 OK
INFO:     127.0.0.1:49772 - "GET /health HTTP/1.1" 200 OK
INFO:     [IP-DISAMARKAN]:32882 - "GET /metrics HTTP/1.1" 307 Temporary Redirect
INFO:     [IP-DISAMARKAN]:32882 - "GET /metrics/ HTTP/1.1" 200 OK
INFO:     [IP-DISAMARKAN]:50364 - "GET /metrics HTTP/1.1" 307 Temporary Redirect
INFO:     [IP-DISAMARKAN]:50364 - "GET /metrics/ HTTP/1.1" 200 OK
INFO:     [IP-DISAMARKAN]:60860 - "GET /health HTTP/1.1" 200 OK
INFO:     127.0.0.1:58556 - "GET /health HTTP/1.1" 200 OK
INFO:     [IP-DISAMARKAN]:39818 - "GET /metrics HTTP/1.1" 307 Temporary Redirect
INFO:     [IP-DISAMARKAN]:39818 - "GET /metrics/ HTTP/1.1" 200 OK
INFO:     [IP-DISAMARKAN]:36870 - "GET /metrics HTTP/1.1" 307 Temporary Redirect
INFO:     [IP-DISAMARKAN]:36870 - "GET /metrics/ HTTP/1.1" 200 OK
INFO:     [IP-DISAMARKAN]:37532 - "GET /health HTTP/1.1" 200 OK
INFO:     [IP-DISAMARKAN]:37196 - "GET /metrics HTTP/1.1" 307 Temporary Redirect
INFO:     [IP-DISAMARKAN]:37196 - "GET /metrics/ HTTP/1.1" 200 OK
INFO:     127.0.0.1:46876 - "GET /health HTTP/1.1" 200 OK
INFO:     [IP-DISAMARKAN]:58136 - "GET /metrics HTTP/1.1" 307 Temporary Redirect
INFO:     [IP-DISAMARKAN]:58136 - "GET /metrics/ HTTP/1.1" 200 OK
INFO:     [IP-DISAMARKAN]:44702 - "GET /health HTTP/1.1" 200 OK
INFO:     [IP-DISAMARKAN]:50622 - "GET /metrics HTTP/1.1" 307 Temporary Redirect
INFO:     [IP-DISAMARKAN]:50622 - "GET /metrics/ HTTP/1.1" 200 OK
INFO:     127.0.0.1:45290 - "GET /health HTTP/1.1" 200 OK
INFO:     [IP-DISAMARKAN]:49846 - "GET /metrics HTTP/1.1" 307 Temporary Redirect
INFO:     [IP-DISAMARKAN]:49846 - "GET /metrics/ HTTP/1.1" 200 OK
INFO:     [IP-DISAMARKAN]:51320 - "GET /metrics HTTP/1.1" 307 Temporary Redirect
INFO:     [IP-DISAMARKAN]:51320 - "GET /metrics/ HTTP/1.1" 200 OK
INFO:     127.0.0.1:52446 - "GET /health HTTP/1.1" 200 OK
INFO:     [IP-DISAMARKAN]:52986 - "GET /health HTTP/1.1" 200 OK
INFO:     [IP-DISAMARKAN]:58148 - "GET /metrics HTTP/1.1" 307 Temporary Redirect
INFO:     [IP-DISAMARKAN]:58148 - "GET /metrics/ HTTP/1.1" 200 OK
INFO:     [IP-DISAMARKAN]:46686 - "GET /metrics HTTP/1.1" 307 Temporary Redirect
INFO:     [IP-DISAMARKAN]:46686 - "GET /metrics/ HTTP/1.1" 200 OK
INFO:     127.0.0.1:56082 - "GET /health HTTP/1.1" 200 OK
INFO:     [IP-DISAMARKAN]:59320 - "GET /health HTTP/1.1" 200 OK
INFO:     [IP-DISAMARKAN]:50964 - "GET /metrics HTTP/1.1" 307 Temporary Redirect
INFO:     [IP-DISAMARKAN]:50964 - "GET /metrics/ HTTP/1.1" 200 OK
INFO:     [IP-DISAMARKAN]:47478 - "GET /metrics HTTP/1.1" 307 Temporary Redirect
INFO:     [IP-DISAMARKAN]:47478 - "GET /metrics/ HTTP/1.1" 200 OK
INFO:     127.0.0.1:51930 - "GET /health HTTP/1.1" 200 OK
INFO:     [IP-DISAMARKAN]:54746 - "GET /health HTTP/1.1" 200 OK
INFO:     [IP-DISAMARKAN]:35508 - "GET /metrics HTTP/1.1" 307 Temporary Redirect
INFO:     [IP-DISAMARKAN]:35508 - "GET /metrics/ HTTP/1.1" 200 OK
INFO:     [IP-DISAMARKAN]:55380 - "GET /metrics HTTP/1.1" 307 Temporary Redirect
INFO:     [IP-DISAMARKAN]:55380 - "GET /metrics/ HTTP/1.1" 200 OK
INFO:     127.0.0.1:41922 - "GET /health HTTP/1.1" 200 OK
INFO:     [IP-DISAMARKAN]:57170 - "GET /health HTTP/1.1" 200 OK
INFO:     [IP-DISAMARKAN]:52414 - "GET /metrics HTTP/1.1" 307 Temporary Redirect
INFO:     [IP-DISAMARKAN]:52414 - "GET /metrics/ HTTP/1.1" 200 OK
INFO:     [IP-DISAMARKAN]:58808 - "GET /metrics HTTP/1.1" 307 Temporary Redirect
INFO:     [IP-DISAMARKAN]:58808 - "GET /metrics/ HTTP/1.1" 200 OK
INFO:     127.0.0.1:34576 - "GET /health HTTP/1.1" 200 OK
INFO:     [IP-DISAMARKAN]:35854 - "GET /health HTTP/1.1" 200 OK
INFO:     [IP-DISAMARKAN]:34124 - "GET /metrics HTTP/1.1" 307 Temporary Redirect
INFO:     [IP-DISAMARKAN]:34124 - "GET /metrics/ HTTP/1.1" 200 OK
INFO:     [IP-DISAMARKAN]:52030 - "GET /metrics HTTP/1.1" 307 Temporary Redirect
INFO:     [IP-DISAMARKAN]:52030 - "GET /metrics/ HTTP/1.1" 200 OK
INFO:     127.0.0.1:36448 - "GET /health HTTP/1.1" 200 OK
INFO:     [IP-DISAMARKAN]:53318 - "GET /health HTTP/1.1" 200 OK
INFO:     [IP-DISAMARKAN]:60206 - "GET /metrics HTTP/1.1" 307 Temporary Redirect
INFO:     [IP-DISAMARKAN]:60206 - "GET /metrics/ HTTP/1.1" 200 OK
INFO:     [IP-DISAMARKAN]:39698 - "GET /metrics HTTP/1.1" 307 Temporary Redirect
INFO:     [IP-DISAMARKAN]:39698 - "GET /metrics/ HTTP/1.1" 200 OK
INFO:     127.0.0.1:41974 - "GET /health HTTP/1.1" 200 OK
INFO:     [IP-DISAMARKAN]:53324 - "GET /health HTTP/1.1" 200 OK
INFO:     [IP-DISAMARKAN]:57432 - "GET /metrics HTTP/1.1" 307 Temporary Redirect
INFO:     [IP-DISAMARKAN]:57432 - "GET /metrics/ HTTP/1.1" 200 OK
INFO:     [IP-DISAMARKAN]:59980 - "GET /metrics HTTP/1.1" 307 Temporary Redirect
INFO:     [IP-DISAMARKAN]:59980 - "GET /metrics/ HTTP/1.1" 200 OK
INFO:     127.0.0.1:51416 - "GET /health HTTP/1.1" 200 OK
INFO:     [IP-DISAMARKAN]:38462 - "GET /health HTTP/1.1" 200 OK
INFO:     [IP-DISAMARKAN]:57004 - "GET /metrics HTTP/1.1" 307 Temporary Redirect
INFO:     [IP-DISAMARKAN]:57004 - "GET /metrics/ HTTP/1.1" 200 OK
INFO:     [IP-DISAMARKAN]:43856 - "GET /metrics HTTP/1.1" 307 Temporary Redirect
INFO:     [IP-DISAMARKAN]:43856 - "GET /metrics/ HTTP/1.1" 200 OK
INFO:     127.0.0.1:53518 - "GET /health HTTP/1.1" 200 OK
INFO:     [IP-DISAMARKAN]:43722 - "GET /health HTTP/1.1" 200 OK
INFO:     [IP-DISAMARKAN]:37472 - "GET /metrics HTTP/1.1" 307 Temporary Redirect
INFO:     [IP-DISAMARKAN]:37472 - "GET /metrics/ HTTP/1.1" 200 OK
INFO:     [IP-DISAMARKAN]:35812 - "GET /metrics HTTP/1.1" 307 Temporary Redirect
INFO:     [IP-DISAMARKAN]:35812 - "GET /metrics/ HTTP/1.1" 200 OK
INFO:     127.0.0.1:44664 - "GET /health HTTP/1.1" 200 OK
INFO:     [IP-DISAMARKAN]:50376 - "GET /health HTTP/1.1" 200 OK
INFO:     [IP-DISAMARKAN]:43390 - "GET /metrics HTTP/1.1" 307 Temporary Redirect
INFO:     [IP-DISAMARKAN]:43390 - "GET /metrics/ HTTP/1.1" 200 OK
INFO:     [IP-DISAMARKAN]:55792 - "GET /metrics HTTP/1.1" 307 Temporary Redirect
INFO:     [IP-DISAMARKAN]:55792 - "GET /metrics/ HTTP/1.1" 200 OK
INFO:     127.0.0.1:42238 - "GET /health HTTP/1.1" 200 OK
INFO:     [IP-DISAMARKAN]:37886 - "GET /health HTTP/1.1" 200 OK
INFO:     [IP-DISAMARKAN]:57522 - "GET /metrics HTTP/1.1" 307 Temporary Redirect
INFO:     [IP-DISAMARKAN]:57522 - "GET /metrics/ HTTP/1.1" 200 OK
INFO:     [IP-DISAMARKAN]:36174 - "GET /metrics HTTP/1.1" 307 Temporary Redirect
INFO:     [IP-DISAMARKAN]:36174 - "GET /metrics/ HTTP/1.1" 200 OK
INFO:     127.0.0.1:46808 - "GET /health HTTP/1.1" 200 OK
INFO:     [IP-DISAMARKAN]:46938 - "GET /health HTTP/1.1" 200 OK
INFO:     [IP-DISAMARKAN]:36060 - "GET /metrics HTTP/1.1" 307 Temporary Redirect
INFO:     [IP-DISAMARKAN]:36060 - "GET /metrics/ HTTP/1.1" 200 OK
INFO:     [IP-DISAMARKAN]:47246 - "GET /metrics HTTP/1.1" 307 Temporary Redirect
INFO:     [IP-DISAMARKAN]:47246 - "GET /metrics/ HTTP/1.1" 200 OK
INFO:     127.0.0.1:56630 - "GET /health HTTP/1.1" 200 OK
INFO:     [IP-DISAMARKAN]:42802 - "GET /health HTTP/1.1" 200 OK
INFO:     [IP-DISAMARKAN]:33432 - "GET /metrics HTTP/1.1" 307 Temporary Redirect
INFO:     [IP-DISAMARKAN]:33432 - "GET /metrics/ HTTP/1.1" 200 OK
INFO:     [IP-DISAMARKAN]:37834 - "GET /metrics HTTP/1.1" 307 Temporary Redirect
INFO:     [IP-DISAMARKAN]:37834 - "GET /metrics/ HTTP/1.1" 200 OK
INFO:     127.0.0.1:34678 - "GET /health HTTP/1.1" 200 OK
INFO:     [IP-DISAMARKAN]:38624 - "GET /health HTTP/1.1" 200 OK
INFO:     [IP-DISAMARKAN]:60528 - "GET /metrics HTTP/1.1" 307 Temporary Redirect
INFO:     [IP-DISAMARKAN]:60528 - "GET /metrics/ HTTP/1.1" 200 OK
INFO:     [IP-DISAMARKAN]:48312 - "GET /metrics HTTP/1.1" 307 Temporary Redirect
INFO:     [IP-DISAMARKAN]:48312 - "GET /metrics/ HTTP/1.1" 200 OK
INFO:     127.0.0.1:40402 - "GET /health HTTP/1.1" 200 OK
INFO:     [IP-DISAMARKAN]:42678 - "GET /metrics HTTP/1.1" 307 Temporary Redirect
INFO:     [IP-DISAMARKAN]:42678 - "GET /metrics/ HTTP/1.1" 200 OK
INFO:     [IP-DISAMARKAN]:58512 - "GET /health HTTP/1.1" 200 OK
INFO:     [IP-DISAMARKAN]:58718 - "GET /metrics HTTP/1.1" 307 Temporary Redirect
INFO:     [IP-DISAMARKAN]:58718 - "GET /metrics/ HTTP/1.1" 200 OK
INFO:     127.0.0.1:52170 - "GET /health HTTP/1.1" 200 OK
INFO:     [IP-DISAMARKAN]:55602 - "GET /metrics HTTP/1.1" 307 Temporary Redirect
INFO:     [IP-DISAMARKAN]:55602 - "GET /metrics/ HTTP/1.1" 200 OK
INFO:     [IP-DISAMARKAN]:51164 - "GET /health HTTP/1.1" 200 OK
INFO:     [IP-DISAMARKAN]:56182 - "GET /metrics HTTP/1.1" 307 Temporary Redirect
INFO:     [IP-DISAMARKAN]:56182 - "GET /metrics/ HTTP/1.1" 200 OK
INFO:     127.0.0.1:53612 - "GET /health HTTP/1.1" 200 OK
INFO:     [IP-DISAMARKAN]:57948 - "GET /metrics HTTP/1.1" 307 Temporary Redirect
INFO:     [IP-DISAMARKAN]:57948 - "GET /metrics/ HTTP/1.1" 200 OK
INFO:     [IP-DISAMARKAN]:34006 - "GET /health HTTP/1.1" 200 OK
INFO:     [IP-DISAMARKAN]:34588 - "GET /metrics HTTP/1.1" 307 Temporary Redirect
INFO:     [IP-DISAMARKAN]:34588 - "GET /metrics/ HTTP/1.1" 200 OK
INFO:     127.0.0.1:57802 - "GET /health HTTP/1.1" 200 OK
INFO:     [IP-DISAMARKAN]:41754 - "GET /metrics HTTP/1.1" 307 Temporary Redirect
INFO:     [IP-DISAMARKAN]:41754 - "GET /metrics/ HTTP/1.1" 200 OK
INFO:     [IP-DISAMARKAN]:43438 - "GET /metrics HTTP/1.1" 307 Temporary Redirect
INFO:     [IP-DISAMARKAN]:43438 - "GET /metrics/ HTTP/1.1" 200 OK
INFO:     [IP-DISAMARKAN]:54994 - "GET /health HTTP/1.1" 200 OK
INFO:     127.0.0.1:37000 - "GET /health HTTP/1.1" 200 OK
INFO:     [IP-DISAMARKAN]:36664 - "GET /metrics HTTP/1.1" 307 Temporary Redirect
INFO:     [IP-DISAMARKAN]:36664 - "GET /metrics/ HTTP/1.1" 200 OK
INFO:     [IP-DISAMARKAN]:33944 - "GET /metrics HTTP/1.1" 307 Temporary Redirect
INFO:     [IP-DISAMARKAN]:33944 - "GET /metrics/ HTTP/1.1" 200 OK
INFO:     127.0.0.1:35744 - "GET /health HTTP/1.1" 200 OK
INFO:     [IP-DISAMARKAN]:37478 - "GET /health HTTP/1.1" 200 OK
INFO:     [IP-DISAMARKAN]:44364 - "GET /metrics HTTP/1.1" 307 Temporary Redirect
INFO:     [IP-DISAMARKAN]:44364 - "GET /metrics/ HTTP/1.1" 200 OK
INFO:     [IP-DISAMARKAN]:59352 - "GET /metrics HTTP/1.1" 307 Temporary Redirect
INFO:     [IP-DISAMARKAN]:59352 - "GET /metrics/ HTTP/1.1" 200 OK
INFO:     127.0.0.1:56648 - "GET /health HTTP/1.1" 200 OK
INFO:     [IP-DISAMARKAN]:40548 - "GET /health HTTP/1.1" 200 OK
INFO:     [IP-DISAMARKAN]:53528 - "GET /metrics HTTP/1.1" 307 Temporary Redirect
INFO:     [IP-DISAMARKAN]:53528 - "GET /metrics/ HTTP/1.1" 200 OK
INFO:     [IP-DISAMARKAN]:60774 - "GET /metrics HTTP/1.1" 307 Temporary Redirect
INFO:     [IP-DISAMARKAN]:60774 - "GET /metrics/ HTTP/1.1" 200 OK
INFO:     127.0.0.1:44550 - "GET /health HTTP/1.1" 200 OK
INFO:     [IP-DISAMARKAN]:58434 - "GET /metrics HTTP/1.1" 307 Temporary Redirect
INFO:     [IP-DISAMARKAN]:58434 - "GET /metrics/ HTTP/1.1" 200 OK
INFO:     [IP-DISAMARKAN]:54534 - "GET /health HTTP/1.1" 200 OK
INFO:     [IP-DISAMARKAN]:42420 - "GET /metrics HTTP/1.1" 307 Temporary Redirect
INFO:     [IP-DISAMARKAN]:42420 - "GET /metrics/ HTTP/1.1" 200 OK
INFO:     127.0.0.1:47640 - "GET /health HTTP/1.1" 200 OK
INFO:     [IP-DISAMARKAN]:42256 - "GET /metrics HTTP/1.1" 307 Temporary Redirect
INFO:     [IP-DISAMARKAN]:42256 - "GET /metrics/ HTTP/1.1" 200 OK
INFO:     [IP-DISAMARKAN]:35124 - "GET /health HTTP/1.1" 200 OK
INFO:     [IP-DISAMARKAN]:39928 - "GET /metrics HTTP/1.1" 307 Temporary Redirect
INFO:     [IP-DISAMARKAN]:39928 - "GET /metrics/ HTTP/1.1" 200 OK
INFO:     127.0.0.1:34370 - "GET /health HTTP/1.1" 200 OK
INFO:     [IP-DISAMARKAN]:60320 - "GET /metrics HTTP/1.1" 307 Temporary Redirect
INFO:     [IP-DISAMARKAN]:60320 - "GET /metrics/ HTTP/1.1" 200 OK
INFO:     [IP-DISAMARKAN]:47236 - "GET /health HTTP/1.1" 200 OK
INFO:     [IP-DISAMARKAN]:50370 - "GET /metrics HTTP/1.1" 307 Temporary Redirect
INFO:     [IP-DISAMARKAN]:50370 - "GET /metrics/ HTTP/1.1" 200 OK
INFO:     127.0.0.1:38502 - "GET /health HTTP/1.1" 200 OK
INFO:     [IP-DISAMARKAN]:35206 - "GET /metrics HTTP/1.1" 307 Temporary Redirect
INFO:     [IP-DISAMARKAN]:35206 - "GET /metrics/ HTTP/1.1" 200 OK
INFO:     [IP-DISAMARKAN]:40666 - "GET /health HTTP/1.1" 200 OK
INFO:     [IP-DISAMARKAN]:52606 - "GET /metrics HTTP/1.1" 307 Temporary Redirect
INFO:     [IP-DISAMARKAN]:52606 - "GET /metrics/ HTTP/1.1" 200 OK
INFO:     127.0.0.1:41240 - "GET /health HTTP/1.1" 200 OK
INFO:     [IP-DISAMARKAN]:49256 - "GET /metrics HTTP/1.1" 307 Temporary Redirect
INFO:     [IP-DISAMARKAN]:49256 - "GET /metrics/ HTTP/1.1" 200 OK
INFO:     [IP-DISAMARKAN]:49182 - "GET /health HTTP/1.1" 200 OK
INFO:     [IP-DISAMARKAN]:34586 - "GET /metrics HTTP/1.1" 307 Temporary Redirect
INFO:     [IP-DISAMARKAN]:34586 - "GET /metrics/ HTTP/1.1" 200 OK
INFO:     127.0.0.1:52088 - "GET /health HTTP/1.1" 200 OK
INFO:     [IP-DISAMARKAN]:34268 - "GET /metrics HTTP/1.1" 307 Temporary Redirect
INFO:     [IP-DISAMARKAN]:34268 - "GET /metrics/ HTTP/1.1" 200 OK
INFO:     [IP-DISAMARKAN]:60006 - "GET /health HTTP/1.1" 200 OK
INFO:     [IP-DISAMARKAN]:42670 - "GET /metrics HTTP/1.1" 307 Temporary Redirect
INFO:     [IP-DISAMARKAN]:42670 - "GET /metrics/ HTTP/1.1" 200 OK
INFO:     127.0.0.1:36072 - "GET /health HTTP/1.1" 200 OK
INFO:     [IP-DISAMARKAN]:34604 - "GET /metrics HTTP/1.1" 307 Temporary Redirect
INFO:     [IP-DISAMARKAN]:34604 - "GET /metrics/ HTTP/1.1" 200 OK
INFO:     [IP-DISAMARKAN]:33130 - "GET /health HTTP/1.1" 200 OK
INFO:     [IP-DISAMARKAN]:49492 - "GET /metrics HTTP/1.1" 307 Temporary Redirect
INFO:     [IP-DISAMARKAN]:49492 - "GET /metrics/ HTTP/1.1" 200 OK
INFO:     127.0.0.1:57618 - "GET /health HTTP/1.1" 200 OK
INFO:     [IP-DISAMARKAN]:53864 - "GET /metrics HTTP/1.1" 307 Temporary Redirect
INFO:     [IP-DISAMARKAN]:53864 - "GET /metrics/ HTTP/1.1" 200 OK
INFO:     [IP-DISAMARKAN]:52086 - "GET /health HTTP/1.1" 200 OK
INFO:     [IP-DISAMARKAN]:38422 - "GET /metrics HTTP/1.1" 307 Temporary Redirect
INFO:     [IP-DISAMARKAN]:38422 - "GET /metrics/ HTTP/1.1" 200 OK
INFO:     127.0.0.1:36210 - "GET /health HTTP/1.1" 200 OK
INFO:     [IP-DISAMARKAN]:57260 - "GET /metrics HTTP/1.1" 307 Temporary Redirect
INFO:     [IP-DISAMARKAN]:57260 - "GET /metrics/ HTTP/1.1" 200 OK
INFO:     [IP-DISAMARKAN]:53862 - "GET /health HTTP/1.1" 200 OK
INFO:     [IP-DISAMARKAN]:54408 - "GET /metrics HTTP/1.1" 307 Temporary Redirect
INFO:     [IP-DISAMARKAN]:54408 - "GET /metrics/ HTTP/1.1" 200 OK
INFO:     127.0.0.1:55482 - "GET /health HTTP/1.1" 200 OK
INFO:     [IP-DISAMARKAN]:46544 - "GET /metrics HTTP/1.1" 307 Temporary Redirect
INFO:     [IP-DISAMARKAN]:46544 - "GET /metrics/ HTTP/1.1" 200 OK
INFO:     [IP-DISAMARKAN]:33038 - "GET /health HTTP/1.1" 200 OK
INFO:     [IP-DISAMARKAN]:58690 - "GET /metrics HTTP/1.1" 307 Temporary Redirect
INFO:     [IP-DISAMARKAN]:58690 - "GET /metrics/ HTTP/1.1" 200 OK
INFO:     127.0.0.1:56938 - "GET /health HTTP/1.1" 200 OK
INFO:     [IP-DISAMARKAN]:49422 - "GET /metrics HTTP/1.1" 307 Temporary Redirect
INFO:     [IP-DISAMARKAN]:49422 - "GET /metrics/ HTTP/1.1" 200 OK
INFO:     [IP-DISAMARKAN]:48252 - "GET /health HTTP/1.1" 200 OK
INFO:     [IP-DISAMARKAN]:34142 - "GET /metrics HTTP/1.1" 307 Temporary Redirect
INFO:     [IP-DISAMARKAN]:34142 - "GET /metrics/ HTTP/1.1" 200 OK
INFO:     127.0.0.1:44318 - "GET /health HTTP/1.1" 200 OK
INFO:     [IP-DISAMARKAN]:59242 - "GET /metrics HTTP/1.1" 307 Temporary Redirect
INFO:     [IP-DISAMARKAN]:59242 - "GET /metrics/ HTTP/1.1" 200 OK
INFO:     [IP-DISAMARKAN]:50104 - "GET /health HTTP/1.1" 200 OK
INFO:     [IP-DISAMARKAN]:51754 - "GET /metrics HTTP/1.1" 307 Temporary Redirect
INFO:     [IP-DISAMARKAN]:51754 - "GET /metrics/ HTTP/1.1" 200 OK
INFO:     127.0.0.1:58350 - "GET /health HTTP/1.1" 200 OK
INFO:     [IP-DISAMARKAN]:39290 - "GET /metrics HTTP/1.1" 307 Temporary Redirect
INFO:     [IP-DISAMARKAN]:39290 - "GET /metrics/ HTTP/1.1" 200 OK
INFO:     [IP-DISAMARKAN]:53532 - "GET /health HTTP/1.1" 200 OK
INFO:     [IP-DISAMARKAN]:59756 - "GET /metrics HTTP/1.1" 307 Temporary Redirect
INFO:     [IP-DISAMARKAN]:59756 - "GET /metrics/ HTTP/1.1" 200 OK
INFO:     127.0.0.1:53010 - "GET /health HTTP/1.1" 200 OK
INFO:     [IP-DISAMARKAN]:36404 - "GET /metrics HTTP/1.1" 307 Temporary Redirect
INFO:     [IP-DISAMARKAN]:36404 - "GET /metrics/ HTTP/1.1" 200 OK
INFO:     [IP-DISAMARKAN]:41844 - "GET /health HTTP/1.1" 200 OK
INFO:     [IP-DISAMARKAN]:43908 - "GET /metrics HTTP/1.1" 307 Temporary Redirect
INFO:     [IP-DISAMARKAN]:43908 - "GET /metrics/ HTTP/1.1" 200 OK
INFO:     127.0.0.1:58202 - "GET /health HTTP/1.1" 200 OK
INFO:     [IP-DISAMARKAN]:35594 - "GET /metrics HTTP/1.1" 307 Temporary Redirect
INFO:     [IP-DISAMARKAN]:35594 - "GET /metrics/ HTTP/1.1" 200 OK
INFO:     [IP-DISAMARKAN]:60032 - "GET /health HTTP/1.1" 200 OK
INFO:     [IP-DISAMARKAN]:44492 - "GET /metrics HTTP/1.1" 307 Temporary Redirect
INFO:     [IP-DISAMARKAN]:44492 - "GET /metrics/ HTTP/1.1" 200 OK
INFO:     127.0.0.1:55350 - "GET /health HTTP/1.1" 200 OK
INFO:     [IP-DISAMARKAN]:49848 - "GET /health HTTP/1.1" 200 OK
INFO:     [IP-DISAMARKAN]:51454 - "GET /metrics HTTP/1.1" 307 Temporary Redirect
INFO:     [IP-DISAMARKAN]:51454 - "GET /metrics/ HTTP/1.1" 200 OK
INFO:     [IP-DISAMARKAN]:42204 - "GET /metrics HTTP/1.1" 307 Temporary Redirect
INFO:     [IP-DISAMARKAN]:42204 - "GET /metrics/ HTTP/1.1" 200 OK
INFO:     127.0.0.1:39690 - "GET /health HTTP/1.1" 200 OK
INFO:     [IP-DISAMARKAN]:42276 - "GET /health HTTP/1.1" 200 OK
INFO:     [IP-DISAMARKAN]:37168 - "GET /metrics HTTP/1.1" 307 Temporary Redirect
INFO:     [IP-DISAMARKAN]:37168 - "GET /metrics/ HTTP/1.1" 200 OK
INFO:     [IP-DISAMARKAN]:43084 - "GET /metrics HTTP/1.1" 307 Temporary Redirect
INFO:     [IP-DISAMARKAN]:43084 - "GET /metrics/ HTTP/1.1" 200 OK
INFO:     127.0.0.1:43332 - "GET /health HTTP/1.1" 200 OK
INFO:     [IP-DISAMARKAN]:47138 - "GET /health HTTP/1.1" 200 OK
INFO:     [IP-DISAMARKAN]:55064 - "GET /metrics HTTP/1.1" 307 Temporary Redirect
INFO:     [IP-DISAMARKAN]:55064 - "GET /metrics/ HTTP/1.1" 200 OK
INFO:     [IP-DISAMARKAN]:38598 - "GET /metrics HTTP/1.1" 307 Temporary Redirect
INFO:     [IP-DISAMARKAN]:38598 - "GET /metrics/ HTTP/1.1" 200 OK
INFO:     127.0.0.1:43476 - "GET /health HTTP/1.1" 200 OK
INFO:     [IP-DISAMARKAN]:51716 - "GET /health HTTP/1.1" 200 OK
INFO:     [IP-DISAMARKAN]:33324 - "GET /metrics HTTP/1.1" 307 Temporary Redirect
INFO:     [IP-DISAMARKAN]:33324 - "GET /metrics/ HTTP/1.1" 200 OK
INFO:     [IP-DISAMARKAN]:40358 - "GET /metrics HTTP/1.1" 307 Temporary Redirect
INFO:     [IP-DISAMARKAN]:40358 - "GET /metrics/ HTTP/1.1" 200 OK
INFO:     127.0.0.1:52586 - "GET /health HTTP/1.1" 200 OK
INFO:     [IP-DISAMARKAN]:46236 - "GET /health HTTP/1.1" 200 OK
INFO:     [IP-DISAMARKAN]:47148 - "GET /metrics HTTP/1.1" 307 Temporary Redirect
INFO:     [IP-DISAMARKAN]:47148 - "GET /metrics/ HTTP/1.1" 200 OK
INFO:     [IP-DISAMARKAN]:56950 - "GET /metrics HTTP/1.1" 307 Temporary Redirect
INFO:     [IP-DISAMARKAN]:56950 - "GET /metrics/ HTTP/1.1" 200 OK
INFO:     127.0.0.1:60320 - "GET /health HTTP/1.1" 200 OK
INFO:     [IP-DISAMARKAN]:58250 - "GET /metrics HTTP/1.1" 307 Temporary Redirect
INFO:     [IP-DISAMARKAN]:58250 - "GET /metrics/ HTTP/1.1" 200 OK
INFO:     [IP-DISAMARKAN]:52440 - "GET /health HTTP/1.1" 200 OK
INFO:     [IP-DISAMARKAN]:55056 - "GET /metrics HTTP/1.1" 307 Temporary Redirect
INFO:     [IP-DISAMARKAN]:55056 - "GET /metrics/ HTTP/1.1" 200 OK
INFO:     127.0.0.1:55326 - "GET /health HTTP/1.1" 200 OK
INFO:     [IP-DISAMARKAN]:39440 - "GET /metrics HTTP/1.1" 307 Temporary Redirect
INFO:     [IP-DISAMARKAN]:39440 - "GET /metrics/ HTTP/1.1" 200 OK
INFO:     [IP-DISAMARKAN]:42728 - "GET /health HTTP/1.1" 200 OK
INFO:     [IP-DISAMARKAN]:38390 - "GET /metrics HTTP/1.1" 307 Temporary Redirect
INFO:     [IP-DISAMARKAN]:38390 - "GET /metrics/ HTTP/1.1" 200 OK
INFO:     127.0.0.1:39486 - "GET /health HTTP/1.1" 200 OK
INFO:     [IP-DISAMARKAN]:59492 - "GET /metrics HTTP/1.1" 307 Temporary Redirect
INFO:     [IP-DISAMARKAN]:59492 - "GET /metrics/ HTTP/1.1" 200 OK
INFO:     [IP-DISAMARKAN]:48024 - "GET /health HTTP/1.1" 200 OK
INFO:     [IP-DISAMARKAN]:36184 - "GET /metrics HTTP/1.1" 307 Temporary Redirect
INFO:     [IP-DISAMARKAN]:36184 - "GET /metrics/ HTTP/1.1" 200 OK
INFO:     127.0.0.1:36022 - "GET /health HTTP/1.1" 200 OK
INFO:     [IP-DISAMARKAN]:39166 - "GET /metrics HTTP/1.1" 307 Temporary Redirect
INFO:     [IP-DISAMARKAN]:39166 - "GET /metrics/ HTTP/1.1" 200 OK
INFO:     [IP-DISAMARKAN]:49414 - "GET /metrics HTTP/1.1" 307 Temporary Redirect
INFO:     [IP-DISAMARKAN]:49414 - "GET /metrics/ HTTP/1.1" 200 OK
INFO:     [IP-DISAMARKAN]:56074 - "GET /health HTTP/1.1" 200 OK
INFO:     127.0.0.1:49354 - "GET /health HTTP/1.1" 200 OK
INFO:     [IP-DISAMARKAN]:38568 - "GET /metrics HTTP/1.1" 307 Temporary Redirect
INFO:     [IP-DISAMARKAN]:38568 - "GET /metrics/ HTTP/1.1" 200 OK
INFO:     [IP-DISAMARKAN]:50770 - "GET /metrics HTTP/1.1" 307 Temporary Redirect
INFO:     [IP-DISAMARKAN]:50770 - "GET /metrics/ HTTP/1.1" 200 OK
INFO:     [IP-DISAMARKAN]:59848 - "GET /health HTTP/1.1" 200 OK
INFO:     127.0.0.1:59084 - "GET /health HTTP/1.1" 200 OK
INFO:     [IP-DISAMARKAN]:43804 - "GET /metrics HTTP/1.1" 307 Temporary Redirect
INFO:     [IP-DISAMARKAN]:43804 - "GET /metrics/ HTTP/1.1" 200 OK
INFO:     [IP-DISAMARKAN]:54320 - "GET /metrics HTTP/1.1" 307 Temporary Redirect
INFO:     [IP-DISAMARKAN]:54320 - "GET /metrics/ HTTP/1.1" 200 OK
INFO:     127.0.0.1:59920 - "GET /health HTTP/1.1" 200 OK
INFO:     [IP-DISAMARKAN]:47968 - "GET /health HTTP/1.1" 200 OK
INFO:     [IP-DISAMARKAN]:35032 - "GET /metrics HTTP/1.1" 307 Temporary Redirect
INFO:     [IP-DISAMARKAN]:35032 - "GET /metrics/ HTTP/1.1" 200 OK
INFO:     [IP-DISAMARKAN]:44062 - "GET /metrics HTTP/1.1" 307 Temporary Redirect
INFO:     [IP-DISAMARKAN]:44062 - "GET /metrics/ HTTP/1.1" 200 OK
INFO:     127.0.0.1:42364 - "GET /health HTTP/1.1" 200 OK
INFO:     [IP-DISAMARKAN]:49906 - "GET /health HTTP/1.1" 200 OK
INFO:     [IP-DISAMARKAN]:49050 - "GET /metrics HTTP/1.1" 307 Temporary Redirect
INFO:     [IP-DISAMARKAN]:49050 - "GET /metrics/ HTTP/1.1" 200 OK
INFO:     [IP-DISAMARKAN]:37620 - "GET /metrics HTTP/1.1" 307 Temporary Redirect
INFO:     [IP-DISAMARKAN]:37620 - "GET /metrics/ HTTP/1.1" 200 OK
INFO:     127.0.0.1:55094 - "GET /health HTTP/1.1" 200 OK
INFO:     [IP-DISAMARKAN]:43774 - "GET /health HTTP/1.1" 200 OK
INFO:     [IP-DISAMARKAN]:42086 - "GET /metrics HTTP/1.1" 307 Temporary Redirect
INFO:     [IP-DISAMARKAN]:42086 - "GET /metrics/ HTTP/1.1" 200 OK
INFO:     [IP-DISAMARKAN]:47896 - "GET /metrics HTTP/1.1" 307 Temporary Redirect
INFO:     [IP-DISAMARKAN]:47896 - "GET /metrics/ HTTP/1.1" 200 OK
INFO:     127.0.0.1:46860 - "GET /health HTTP/1.1" 200 OK
INFO:     [IP-DISAMARKAN]:37852 - "GET /health HTTP/1.1" 200 OK
INFO:     [IP-DISAMARKAN]:60368 - "GET /metrics HTTP/1.1" 307 Temporary Redirect
INFO:     [IP-DISAMARKAN]:60368 - "GET /metrics/ HTTP/1.1" 200 OK
INFO:     [IP-DISAMARKAN]:54214 - "GET /metrics HTTP/1.1" 307 Temporary Redirect
INFO:     [IP-DISAMARKAN]:54214 - "GET /metrics/ HTTP/1.1" 200 OK
INFO:     127.0.0.1:46228 - "GET /health HTTP/1.1" 200 OK
INFO:     [IP-DISAMARKAN]:47978 - "GET /health HTTP/1.1" 200 OK
INFO:     [IP-DISAMARKAN]:48468 - "GET /metrics HTTP/1.1" 307 Temporary Redirect
INFO:     [IP-DISAMARKAN]:48468 - "GET /metrics/ HTTP/1.1" 200 OK
INFO:     [IP-DISAMARKAN]:50866 - "GET /metrics HTTP/1.1" 307 Temporary Redirect
INFO:     [IP-DISAMARKAN]:50866 - "GET /metrics/ HTTP/1.1" 200 OK
INFO:     127.0.0.1:43722 - "GET /health HTTP/1.1" 200 OK
INFO:     [IP-DISAMARKAN]:37934 - "GET /metrics HTTP/1.1" 307 Temporary Redirect
INFO:     [IP-DISAMARKAN]:37934 - "GET /metrics/ HTTP/1.1" 200 OK
INFO:     [IP-DISAMARKAN]:55376 - "GET /health HTTP/1.1" 200 OK
INFO:     [IP-DISAMARKAN]:53998 - "GET /metrics HTTP/1.1" 307 Temporary Redirect
INFO:     [IP-DISAMARKAN]:53998 - "GET /metrics/ HTTP/1.1" 200 OK
INFO:     127.0.0.1:45414 - "GET /health HTTP/1.1" 200 OK
INFO:     [IP-DISAMARKAN]:44732 - "GET /metrics HTTP/1.1" 307 Temporary Redirect
INFO:     [IP-DISAMARKAN]:44732 - "GET /metrics/ HTTP/1.1" 200 OK
INFO:     [IP-DISAMARKAN]:48344 - "GET /health HTTP/1.1" 200 OK
INFO:     [IP-DISAMARKAN]:53654 - "GET /metrics HTTP/1.1" 307 Temporary Redirect
INFO:     [IP-DISAMARKAN]:53654 - "GET /metrics/ HTTP/1.1" 200 OK
INFO:     127.0.0.1:60026 - "GET /health HTTP/1.1" 200 OK
INFO:     [IP-DISAMARKAN]:35450 - "GET /metrics HTTP/1.1" 307 Temporary Redirect
INFO:     [IP-DISAMARKAN]:35450 - "GET /metrics/ HTTP/1.1" 200 OK
INFO:     [IP-DISAMARKAN]:40398 - "GET /health HTTP/1.1" 200 OK
INFO:     [IP-DISAMARKAN]:53082 - "GET /metrics HTTP/1.1" 307 Temporary Redirect
INFO:     [IP-DISAMARKAN]:53082 - "GET /metrics/ HTTP/1.1" 200 OK
INFO:     127.0.0.1:34744 - "GET /health HTTP/1.1" 200 OK
INFO:     [IP-DISAMARKAN]:53520 - "GET /metrics HTTP/1.1" 307 Temporary Redirect
INFO:     [IP-DISAMARKAN]:53520 - "GET /metrics/ HTTP/1.1" 200 OK
INFO:     [IP-DISAMARKAN]:60892 - "GET /health HTTP/1.1" 200 OK
INFO:     [IP-DISAMARKAN]:37012 - "GET /metrics HTTP/1.1" 307 Temporary Redirect
INFO:     [IP-DISAMARKAN]:37012 - "GET /metrics/ HTTP/1.1" 200 OK
INFO:     127.0.0.1:44706 - "GET /health HTTP/1.1" 200 OK
INFO:     [IP-DISAMARKAN]:33194 - "GET /metrics HTTP/1.1" 307 Temporary Redirect
INFO:     [IP-DISAMARKAN]:33194 - "GET /metrics/ HTTP/1.1" 200 OK
INFO:     [IP-DISAMARKAN]:54362 - "GET /health HTTP/1.1" 200 OK
INFO:     [IP-DISAMARKAN]:59466 - "GET /metrics HTTP/1.1" 307 Temporary Redirect
INFO:     [IP-DISAMARKAN]:59466 - "GET /metrics/ HTTP/1.1" 200 OK
INFO:     127.0.0.1:47740 - "GET /health HTTP/1.1" 200 OK
INFO:     [IP-DISAMARKAN]:51066 - "GET /metrics HTTP/1.1" 307 Temporary Redirect
INFO:     [IP-DISAMARKAN]:51066 - "GET /metrics/ HTTP/1.1" 200 OK
INFO:     [IP-DISAMARKAN]:35316 - "GET /health HTTP/1.1" 200 OK
INFO:     [IP-DISAMARKAN]:49890 - "GET /metrics HTTP/1.1" 307 Temporary Redirect
INFO:     [IP-DISAMARKAN]:49890 - "GET /metrics/ HTTP/1.1" 200 OK
INFO:     127.0.0.1:36640 - "GET /health HTTP/1.1" 200 OK
INFO:     [IP-DISAMARKAN]:48758 - "GET /metrics HTTP/1.1" 307 Temporary Redirect
INFO:     [IP-DISAMARKAN]:48758 - "GET /metrics/ HTTP/1.1" 200 OK
INFO:     [IP-DISAMARKAN]:50722 - "GET /health HTTP/1.1" 200 OK
INFO:     [IP-DISAMARKAN]:36938 - "GET /metrics HTTP/1.1" 307 Temporary Redirect
INFO:     [IP-DISAMARKAN]:36938 - "GET /metrics/ HTTP/1.1" 200 OK
INFO:     127.0.0.1:55638 - "GET /health HTTP/1.1" 200 OK
INFO:     [IP-DISAMARKAN]:41200 - "GET /metrics HTTP/1.1" 307 Temporary Redirect
INFO:     [IP-DISAMARKAN]:41200 - "GET /metrics/ HTTP/1.1" 200 OK
INFO:     [IP-DISAMARKAN]:45724 - "GET /health HTTP/1.1" 200 OK
INFO:     [IP-DISAMARKAN]:53150 - "GET /metrics HTTP/1.1" 307 Temporary Redirect
INFO:     [IP-DISAMARKAN]:53150 - "GET /metrics/ HTTP/1.1" 200 OK
INFO:     127.0.0.1:45258 - "GET /health HTTP/1.1" 200 OK
INFO:     [IP-DISAMARKAN]:46186 - "GET /metrics HTTP/1.1" 307 Temporary Redirect
INFO:     [IP-DISAMARKAN]:46186 - "GET /metrics/ HTTP/1.1" 200 OK
INFO:     [IP-DISAMARKAN]:53658 - "GET /health HTTP/1.1" 200 OK
INFO:     [IP-DISAMARKAN]:57078 - "GET /metrics HTTP/1.1" 307 Temporary Redirect
INFO:     [IP-DISAMARKAN]:57078 - "GET /metrics/ HTTP/1.1" 200 OK
INFO:     127.0.0.1:50426 - "GET /health HTTP/1.1" 200 OK
INFO:     [IP-DISAMARKAN]:37246 - "GET /metrics HTTP/1.1" 307 Temporary Redirect
INFO:     [IP-DISAMARKAN]:37246 - "GET /metrics/ HTTP/1.1" 200 OK
INFO:     [IP-DISAMARKAN]:50654 - "GET /metrics HTTP/1.1" 307 Temporary Redirect
INFO:     [IP-DISAMARKAN]:50654 - "GET /metrics/ HTTP/1.1" 200 OK
INFO:     [IP-DISAMARKAN]:57560 - "GET /health HTTP/1.1" 200 OK
INFO:     127.0.0.1:41142 - "GET /health HTTP/1.1" 200 OK
INFO:     [IP-DISAMARKAN]:39120 - "GET /metrics HTTP/1.1" 307 Temporary Redirect
INFO:     [IP-DISAMARKAN]:39120 - "GET /metrics/ HTTP/1.1" 200 OK
INFO:     [IP-DISAMARKAN]:33810 - "GET /metrics HTTP/1.1" 307 Temporary Redirect
INFO:     [IP-DISAMARKAN]:33810 - "GET /metrics/ HTTP/1.1" 200 OK
INFO:     [IP-DISAMARKAN]:34154 - "GET /health HTTP/1.1" 200 OK
INFO:     127.0.0.1:50634 - "GET /health HTTP/1.1" 200 OK
INFO:     [IP-DISAMARKAN]:32948 - "GET /metrics HTTP/1.1" 307 Temporary Redirect
INFO:     [IP-DISAMARKAN]:32948 - "GET /metrics/ HTTP/1.1" 200 OK
INFO:     [IP-DISAMARKAN]:59294 - "GET /metrics HTTP/1.1" 307 Temporary Redirect
INFO:     [IP-DISAMARKAN]:59294 - "GET /metrics/ HTTP/1.1" 200 OK
INFO:     [IP-DISAMARKAN]:34496 - "GET /health HTTP/1.1" 200 OK
INFO:     127.0.0.1:56264 - "GET /health HTTP/1.1" 200 OK
INFO:     [IP-DISAMARKAN]:58502 - "GET /metrics HTTP/1.1" 307 Temporary Redirect
INFO:     [IP-DISAMARKAN]:58502 - "GET /metrics/ HTTP/1.1" 200 OK
INFO:     [IP-DISAMARKAN]:34694 - "GET /metrics HTTP/1.1" 307 Temporary Redirect
INFO:     [IP-DISAMARKAN]:34694 - "GET /metrics/ HTTP/1.1" 200 OK
INFO:     127.0.0.1:47638 - "GET /health HTTP/1.1" 200 OK
INFO:     [IP-DISAMARKAN]:49538 - "GET /metrics HTTP/1.1" 307 Temporary Redirect
INFO:     [IP-DISAMARKAN]:49538 - "GET /metrics/ HTTP/1.1" 200 OK
INFO:     [IP-DISAMARKAN]:38254 - "GET /health HTTP/1.1" 200 OK
INFO:     [IP-DISAMARKAN]:41980 - "GET /metrics HTTP/1.1" 307 Temporary Redirect
INFO:     [IP-DISAMARKAN]:41980 - "GET /metrics/ HTTP/1.1" 200 OK
INFO:     [IP-DISAMARKAN]:38852 - "GET /metrics HTTP/1.1" 307 Temporary Redirect
INFO:     [IP-DISAMARKAN]:38852 - "GET /metrics/ HTTP/1.1" 200 OK
INFO:     127.0.0.1:44868 - "GET /health HTTP/1.1" 200 OK
INFO:     [IP-DISAMARKAN]:38128 - "GET /health HTTP/1.1" 200 OK
INFO:     [IP-DISAMARKAN]:56880 - "GET /metrics HTTP/1.1" 307 Temporary Redirect
INFO:     [IP-DISAMARKAN]:56880 - "GET /metrics/ HTTP/1.1" 200 OK
INFO:     [IP-DISAMARKAN]:57904 - "GET /metrics HTTP/1.1" 307 Temporary Redirect
INFO:     [IP-DISAMARKAN]:57904 - "GET /metrics/ HTTP/1.1" 200 OK
INFO:     127.0.0.1:45740 - "GET /health HTTP/1.1" 200 OK
INFO:     [IP-DISAMARKAN]:36358 - "GET /health HTTP/1.1" 200 OK
INFO:     [IP-DISAMARKAN]:37906 - "GET /metrics HTTP/1.1" 307 Temporary Redirect
INFO:     [IP-DISAMARKAN]:37906 - "GET /metrics/ HTTP/1.1" 200 OK
INFO:     [IP-DISAMARKAN]:40116 - "GET /metrics HTTP/1.1" 307 Temporary Redirect
INFO:     [IP-DISAMARKAN]:40116 - "GET /metrics/ HTTP/1.1" 200 OK
INFO:     127.0.0.1:45392 - "GET /health HTTP/1.1" 200 OK
INFO:     [IP-DISAMARKAN]:40200 - "GET /metrics HTTP/1.1" 307 Temporary Redirect
INFO:     [IP-DISAMARKAN]:40200 - "GET /metrics/ HTTP/1.1" 200 OK
INFO:     [IP-DISAMARKAN]:55416 - "GET /health HTTP/1.1" 200 OK
INFO:     [IP-DISAMARKAN]:54930 - "GET /metrics HTTP/1.1" 307 Temporary Redirect
INFO:     [IP-DISAMARKAN]:54930 - "GET /metrics/ HTTP/1.1" 200 OK
INFO:     127.0.0.1:52002 - "GET /health HTTP/1.1" 200 OK
INFO:     [IP-DISAMARKAN]:50072 - "GET /metrics HTTP/1.1" 307 Temporary Redirect
INFO:     [IP-DISAMARKAN]:50072 - "GET /metrics/ HTTP/1.1" 200 OK
INFO:     [IP-DISAMARKAN]:58680 - "GET /health HTTP/1.1" 200 OK
INFO:     [IP-DISAMARKAN]:57266 - "GET /metrics HTTP/1.1" 307 Temporary Redirect
INFO:     [IP-DISAMARKAN]:57266 - "GET /metrics/ HTTP/1.1" 200 OK
INFO:     127.0.0.1:48758 - "GET /health HTTP/1.1" 200 OK
INFO:     [IP-DISAMARKAN]:43362 - "GET /metrics HTTP/1.1" 307 Temporary Redirect
INFO:     [IP-DISAMARKAN]:43362 - "GET /metrics/ HTTP/1.1" 200 OK
INFO:     [IP-DISAMARKAN]:49716 - "GET /health HTTP/1.1" 200 OK
INFO:     [IP-DISAMARKAN]:39612 - "GET /metrics HTTP/1.1" 307 Temporary Redirect
INFO:     [IP-DISAMARKAN]:39612 - "GET /metrics/ HTTP/1.1" 200 OK
INFO:     127.0.0.1:42408 - "GET /health HTTP/1.1" 200 OK
INFO:     [IP-DISAMARKAN]:36088 - "GET /metrics HTTP/1.1" 307 Temporary Redirect
INFO:     [IP-DISAMARKAN]:36088 - "GET /metrics/ HTTP/1.1" 200 OK
INFO:     [IP-DISAMARKAN]:54638 - "GET /health HTTP/1.1" 200 OK
INFO:     [IP-DISAMARKAN]:36354 - "GET /metrics HTTP/1.1" 307 Temporary Redirect
INFO:     [IP-DISAMARKAN]:36354 - "GET /metrics/ HTTP/1.1" 200 OK
INFO:     127.0.0.1:51762 - "GET /health HTTP/1.1" 200 OK