
         /\      Grafana   /‾‾/  
    /\  /  \     |\  __   /  /   
   /  \/    \    | |/ /  /   ‾‾\ 
  /          \   |   (  |  (‾)  |
 / __________ \  |_|\_\  \_____/ 


     execution: local
        script: experiments/k6/class-b.js
        output: -

     scenarios: (100.00%) 1 scenario, 5 max VUs, 11m30s max duration (incl. graceful stop):
              * default: Up to 5 looping VUs for 11m0s over 5 stages (gracefulRampDown: 30s, gracefulStop: 30s)


running (00m01.0s), 1/5 VUs, 0 complete and 0 interrupted iterations
default   [   0% ] 1/5 VUs  00m01.0s/11m00.0s

running (00m02.0s), 1/5 VUs, 0 complete and 0 interrupted iterations
default   [   0% ] 1/5 VUs  00m02.0s/11m00.0s

running (00m03.0s), 1/5 VUs, 0 complete and 0 interrupted iterations
default   [   0% ] 1/5 VUs  00m03.0s/11m00.0s

running (00m04.0s), 1/5 VUs, 0 complete and 0 interrupted iterations
default   [   1% ] 1/5 VUs  00m04.0s/11m00.0s

running (00m05.0s), 1/5 VUs, 0 complete and 0 interrupted iterations
default   [   1% ] 1/5 VUs  00m05.0s/11m00.0s

running (00m06.0s), 1/5 VUs, 0 complete and 0 interrupted iterations
default   [   1% ] 1/5 VUs  00m06.0s/11m00.0s

running (00m07.0s), 1/5 VUs, 1 complete and 0 interrupted iterations
default   [   1% ] 1/5 VUs  00m07.0s/11m00.0s

running (00m08.0s), 1/5 VUs, 1 complete and 0 interrupted iterations
default   [   1% ] 1/5 VUs  00m08.0s/11m00.0s

running (00m09.0s), 1/5 VUs, 1 complete and 0 interrupted iterations
default   [   1% ] 1/5 VUs  00m09.0s/11m00.0s

running (00m10.0s), 1/5 VUs, 1 complete and 0 interrupted iterations
default   [   2% ] 1/5 VUs  00m10.0s/11m00.0s

running (00m11.0s), 1/5 VUs, 1 complete and 0 interrupted iterations
default   [   2% ] 1/5 VUs  00m11.0s/11m00.0s

running (00m12.0s), 1/5 VUs, 1 complete and 0 interrupted iterations
default   [   2% ] 1/5 VUs  00m12.0s/11m00.0s

running (00m13.0s), 1/5 VUs, 2 complete and 0 interrupted iterations
default   [   2% ] 1/5 VUs  00m13.0s/11m00.0s

running (00m14.0s), 1/5 VUs, 2 complete and 0 interrupted iterations
default   [   2% ] 1/5 VUs  00m14.0s/11m00.0s

running (00m15.0s), 1/5 VUs, 2 complete and 0 interrupted iterations
default   [   2% ] 1/5 VUs  00m15.0s/11m00.0s

running (00m16.0s), 1/5 VUs, 2 complete and 0 interrupted iterations
default   [   2% ] 1/5 VUs  00m16.0s/11m00.0s

running (00m17.0s), 1/5 VUs, 2 complete and 0 interrupted iterations
default   [   3% ] 1/5 VUs  00m17.0s/11m00.0s

running (00m18.0s), 1/5 VUs, 2 complete and 0 interrupted iterations
default   [   3% ] 1/5 VUs  00m18.0s/11m00.0s

running (00m19.0s), 1/5 VUs, 3 complete and 0 interrupted iterations
default   [   3% ] 1/5 VUs  00m19.0s/11m00.0s

running (00m20.0s), 1/5 VUs, 3 complete and 0 interrupted iterations
default   [   3% ] 1/5 VUs  00m20.0s/11m00.0s

running (00m21.0s), 1/5 VUs, 3 complete and 0 interrupted iterations
default   [   3% ] 1/5 VUs  00m21.0s/11m00.0s

running (00m22.0s), 1/5 VUs, 3 complete and 0 interrupted iterations
default   [   3% ] 1/5 VUs  00m22.0s/11m00.0s

running (00m23.0s), 1/5 VUs, 3 complete and 0 interrupted iterations
default   [   3% ] 1/5 VUs  00m23.0s/11m00.0s

running (00m24.0s), 1/5 VUs, 3 complete and 0 interrupted iterations
default   [   4% ] 1/5 VUs  00m24.0s/11m00.0s

running (00m25.0s), 1/5 VUs, 4 complete and 0 interrupted iterations
default   [   4% ] 1/5 VUs  00m25.0s/11m00.0s

running (00m26.0s), 1/5 VUs, 4 complete and 0 interrupted iterations
default   [   4% ] 1/5 VUs  00m26.0s/11m00.0s

running (00m27.0s), 1/5 VUs, 4 complete and 0 interrupted iterations
default   [   4% ] 1/5 VUs  00m27.0s/11m00.0s

running (00m28.0s), 1/5 VUs, 4 complete and 0 interrupted iterations
default   [   4% ] 1/5 VUs  00m28.0s/11m00.0s

running (00m29.0s), 1/5 VUs, 4 complete and 0 interrupted iterations
default   [   4% ] 1/5 VUs  00m29.0s/11m00.0s

running (00m30.0s), 2/5 VUs, 4 complete and 0 interrupted iterations
default   [   5% ] 2/5 VUs  00m30.0s/11m00.0s

running (00m31.0s), 2/5 VUs, 5 complete and 0 interrupted iterations
default   [   5% ] 2/5 VUs  00m31.0s/11m00.0s

running (00m32.0s), 2/5 VUs, 5 complete and 0 interrupted iterations
default   [   5% ] 2/5 VUs  00m32.0s/11m00.0s

running (00m33.0s), 2/5 VUs, 5 complete and 0 interrupted iterations
default   [   5% ] 2/5 VUs  00m33.0s/11m00.0s

running (00m34.0s), 2/5 VUs, 5 complete and 0 interrupted iterations
default   [   5% ] 2/5 VUs  00m34.0s/11m00.0s

running (00m35.0s), 2/5 VUs, 5 complete and 0 interrupted iterations
default   [   5% ] 2/5 VUs  00m35.0s/11m00.0s

running (00m36.0s), 2/5 VUs, 6 complete and 0 interrupted iterations
default   [   5% ] 2/5 VUs  00m36.0s/11m00.0s

running (00m37.0s), 2/5 VUs, 6 complete and 0 interrupted iterations
default   [   6% ] 2/5 VUs  00m37.0s/11m00.0s

running (00m38.0s), 2/5 VUs, 6 complete and 0 interrupted iterations
default   [   6% ] 2/5 VUs  00m38.0s/11m00.0s

running (00m39.0s), 2/5 VUs, 6 complete and 0 interrupted iterations
default   [   6% ] 2/5 VUs  00m39.0s/11m00.0s

running (00m40.0s), 2/5 VUs, 6 complete and 0 interrupted iterations
default   [   6% ] 2/5 VUs  00m40.0s/11m00.0s

running (00m41.0s), 2/5 VUs, 6 complete and 0 interrupted iterations
default   [   6% ] 2/5 VUs  00m41.0s/11m00.0s

running (00m42.0s), 2/5 VUs, 7 complete and 0 interrupted iterations
default   [   6% ] 2/5 VUs  00m42.0s/11m00.0s

running (00m43.0s), 2/5 VUs, 7 complete and 0 interrupted iterations
default   [   7% ] 2/5 VUs  00m43.0s/11m00.0s

running (00m44.0s), 2/5 VUs, 7 complete and 0 interrupted iterations
default   [   7% ] 2/5 VUs  00m44.0s/11m00.0s

running (00m45.0s), 2/5 VUs, 7 complete and 0 interrupted iterations
default   [   7% ] 2/5 VUs  00m45.0s/11m00.0s

running (00m46.0s), 2/5 VUs, 7 complete and 0 interrupted iterations
default   [   7% ] 2/5 VUs  00m46.0s/11m00.0s

running (00m47.0s), 2/5 VUs, 8 complete and 0 interrupted iterations
default   [   7% ] 2/5 VUs  00m47.0s/11m00.0s

running (00m48.0s), 2/5 VUs, 8 complete and 0 interrupted iterations
default   [   7% ] 2/5 VUs  00m48.0s/11m00.0s

running (00m49.0s), 2/5 VUs, 8 complete and 0 interrupted iterations
default   [   7% ] 2/5 VUs  00m49.0s/11m00.0s

running (00m50.0s), 2/5 VUs, 8 complete and 0 interrupted iterations
default   [   8% ] 2/5 VUs  00m50.0s/11m00.0s

running (00m51.0s), 2/5 VUs, 8 complete and 0 interrupted iterations
default   [   8% ] 2/5 VUs  00m51.0s/11m00.0s

running (00m52.0s), 2/5 VUs, 9 complete and 0 interrupted iterations
default   [   8% ] 2/5 VUs  00m52.0s/11m00.0s

running (00m53.0s), 2/5 VUs, 9 complete and 0 interrupted iterations
default   [   8% ] 2/5 VUs  00m53.0s/11m00.0s

running (00m54.0s), 2/5 VUs, 9 complete and 0 interrupted iterations
default   [   8% ] 2/5 VUs  00m54.0s/11m00.0s

running (00m55.0s), 2/5 VUs, 9 complete and 0 interrupted iterations
default   [   8% ] 2/5 VUs  00m55.0s/11m00.0s

running (00m56.0s), 2/5 VUs, 9 complete and 0 interrupted iterations
default   [   8% ] 2/5 VUs  00m56.0s/11m00.0s

running (00m57.0s), 2/5 VUs, 10 complete and 0 interrupted iterations
default   [   9% ] 2/5 VUs  00m57.0s/11m00.0s

running (00m58.0s), 2/5 VUs, 10 complete and 0 interrupted iterations
default   [   9% ] 2/5 VUs  00m58.0s/11m00.0s

running (00m59.0s), 2/5 VUs, 10 complete and 0 interrupted iterations
default   [   9% ] 2/5 VUs  00m59.0s/11m00.0s

running (01m00.0s), 3/5 VUs, 10 complete and 0 interrupted iterations
default   [   9% ] 3/5 VUs  01m00.0s/11m00.0s

running (01m01.0s), 3/5 VUs, 10 complete and 0 interrupted iterations
default   [   9% ] 3/5 VUs  01m01.0s/11m00.0s

running (01m02.0s), 3/5 VUs, 11 complete and 0 interrupted iterations
default   [   9% ] 3/5 VUs  01m02.0s/11m00.0s

running (01m03.0s), 3/5 VUs, 11 complete and 0 interrupted iterations
default   [  10% ] 3/5 VUs  01m03.0s/11m00.0s

running (01m04.0s), 3/5 VUs, 11 complete and 0 interrupted iterations
default   [  10% ] 3/5 VUs  01m04.0s/11m00.0s

running (01m05.0s), 3/5 VUs, 11 complete and 0 interrupted iterations
default   [  10% ] 3/5 VUs  01m05.0s/11m00.0s

running (01m06.0s), 3/5 VUs, 11 complete and 0 interrupted iterations
default   [  10% ] 3/5 VUs  01m06.0s/11m00.0s

running (01m07.0s), 3/5 VUs, 11 complete and 0 interrupted iterations
default   [  10% ] 3/5 VUs  01m07.0s/11m00.0s

running (01m08.0s), 3/5 VUs, 12 complete and 0 interrupted iterations
default   [  10% ] 3/5 VUs  01m08.0s/11m00.0s

running (01m09.0s), 3/5 VUs, 12 complete and 0 interrupted iterations
default   [  10% ] 3/5 VUs  01m09.0s/11m00.0s

running (01m10.0s), 3/5 VUs, 12 complete and 0 interrupted iterations
default   [  11% ] 3/5 VUs  01m10.0s/11m00.0s

running (01m11.0s), 3/5 VUs, 12 complete and 0 interrupted iterations
default   [  11% ] 3/5 VUs  01m11.0s/11m00.0s

running (01m12.0s), 3/5 VUs, 12 complete and 0 interrupted iterations
default   [  11% ] 3/5 VUs  01m12.0s/11m00.0s

running (01m13.0s), 3/5 VUs, 13 complete and 0 interrupted iterations
default   [  11% ] 3/5 VUs  01m13.0s/11m00.0s

running (01m14.0s), 3/5 VUs, 13 complete and 0 interrupted iterations
default   [  11% ] 3/5 VUs  01m14.0s/11m00.0s

running (01m15.0s), 3/5 VUs, 13 complete and 0 interrupted iterations
default   [  11% ] 3/5 VUs  01m15.0s/11m00.0s

running (01m16.0s), 3/5 VUs, 13 complete and 0 interrupted iterations
default   [  12% ] 3/5 VUs  01m16.0s/11m00.0s

running (01m17.0s), 3/5 VUs, 13 complete and 0 interrupted iterations
default   [  12% ] 3/5 VUs  01m17.0s/11m00.0s

running (01m18.0s), 3/5 VUs, 14 complete and 0 interrupted iterations
default   [  12% ] 3/5 VUs  01m18.0s/11m00.0s

running (01m19.0s), 3/5 VUs, 14 complete and 0 interrupted iterations
default   [  12% ] 3/5 VUs  01m19.0s/11m00.0s

running (01m20.0s), 3/5 VUs, 14 complete and 0 interrupted iterations
default   [  12% ] 3/5 VUs  01m20.0s/11m00.0s

running (01m21.0s), 3/5 VUs, 14 complete and 0 interrupted iterations
default   [  12% ] 3/5 VUs  01m21.0s/11m00.0s

running (01m22.0s), 3/5 VUs, 14 complete and 0 interrupted iterations
default   [  12% ] 3/5 VUs  01m22.0s/11m00.0s

running (01m23.0s), 3/5 VUs, 15 complete and 0 interrupted iterations
default   [  13% ] 3/5 VUs  01m23.0s/11m00.0s

running (01m24.0s), 3/5 VUs, 15 complete and 0 interrupted iterations
default   [  13% ] 3/5 VUs  01m24.0s/11m00.0s

running (01m25.0s), 3/5 VUs, 15 complete and 0 interrupted iterations
default   [  13% ] 3/5 VUs  01m25.0s/11m00.0s

running (01m26.0s), 3/5 VUs, 15 complete and 0 interrupted iterations
default   [  13% ] 3/5 VUs  01m26.0s/11m00.0s

running (01m27.0s), 3/5 VUs, 15 complete and 0 interrupted iterations
default   [  13% ] 3/5 VUs  01m27.0s/11m00.0s

running (01m28.0s), 3/5 VUs, 16 complete and 0 interrupted iterations
default   [  13% ] 3/5 VUs  01m28.0s/11m00.0s

running (01m29.0s), 3/5 VUs, 16 complete and 0 interrupted iterations
default   [  13% ] 3/5 VUs  01m29.0s/11m00.0s

running (01m30.0s), 4/5 VUs, 16 complete and 0 interrupted iterations
default   [  14% ] 4/5 VUs  01m30.0s/11m00.0s

running (01m31.0s), 4/5 VUs, 16 complete and 0 interrupted iterations
default   [  14% ] 4/5 VUs  01m31.0s/11m00.0s

running (01m32.0s), 4/5 VUs, 16 complete and 0 interrupted iterations
default   [  14% ] 4/5 VUs  01m32.0s/11m00.0s

running (01m33.0s), 4/5 VUs, 17 complete and 0 interrupted iterations
default   [  14% ] 4/5 VUs  01m33.0s/11m00.0s

running (01m34.0s), 4/5 VUs, 17 complete and 0 interrupted iterations
default   [  14% ] 4/5 VUs  01m34.0s/11m00.0s

running (01m35.0s), 4/5 VUs, 17 complete and 0 interrupted iterations
default   [  14% ] 4/5 VUs  01m35.0s/11m00.0s

running (01m36.0s), 4/5 VUs, 17 complete and 0 interrupted iterations
default   [  15% ] 4/5 VUs  01m36.0s/11m00.0s

running (01m37.0s), 4/5 VUs, 17 complete and 0 interrupted iterations
default   [  15% ] 4/5 VUs  01m37.0s/11m00.0s

running (01m38.0s), 4/5 VUs, 17 complete and 0 interrupted iterations
default   [  15% ] 4/5 VUs  01m38.0s/11m00.0s

running (01m39.0s), 4/5 VUs, 18 complete and 0 interrupted iterations
default   [  15% ] 4/5 VUs  01m39.0s/11m00.0s

running (01m40.0s), 4/5 VUs, 18 complete and 0 interrupted iterations
default   [  15% ] 4/5 VUs  01m40.0s/11m00.0s

running (01m41.0s), 4/5 VUs, 18 complete and 0 interrupted iterations
default   [  15% ] 4/5 VUs  01m41.0s/11m00.0s

running (01m42.0s), 4/5 VUs, 18 complete and 0 interrupted iterations
default   [  15% ] 4/5 VUs  01m42.0s/11m00.0s

running (01m43.0s), 4/5 VUs, 18 complete and 0 interrupted iterations
default   [  16% ] 4/5 VUs  01m43.0s/11m00.0s

running (01m44.0s), 4/5 VUs, 19 complete and 0 interrupted iterations
default   [  16% ] 4/5 VUs  01m44.0s/11m00.0s

running (01m45.0s), 4/5 VUs, 19 complete and 0 interrupted iterations
default   [  16% ] 4/5 VUs  01m45.0s/11m00.0s

running (01m46.0s), 4/5 VUs, 19 complete and 0 interrupted iterations
default   [  16% ] 4/5 VUs  01m46.0s/11m00.0s

running (01m47.0s), 4/5 VUs, 19 complete and 0 interrupted iterations
default   [  16% ] 4/5 VUs  01m47.0s/11m00.0s

running (01m48.0s), 4/5 VUs, 19 complete and 0 interrupted iterations
default   [  16% ] 4/5 VUs  01m48.0s/11m00.0s

running (01m49.0s), 4/5 VUs, 20 complete and 0 interrupted iterations
default   [  17% ] 4/5 VUs  01m49.0s/11m00.0s

running (01m50.0s), 4/5 VUs, 20 complete and 0 interrupted iterations
default   [  17% ] 4/5 VUs  01m50.0s/11m00.0s

running (01m51.0s), 4/5 VUs, 20 complete and 0 interrupted iterations
default   [  17% ] 4/5 VUs  01m51.0s/11m00.0s

running (01m52.0s), 4/5 VUs, 20 complete and 0 interrupted iterations
default   [  17% ] 4/5 VUs  01m52.0s/11m00.0s

running (01m53.0s), 4/5 VUs, 20 complete and 0 interrupted iterations
default   [  17% ] 4/5 VUs  01m53.0s/11m00.0s

running (01m54.0s), 4/5 VUs, 21 complete and 0 interrupted iterations
default   [  17% ] 4/5 VUs  01m54.0s/11m00.0s

running (01m55.0s), 4/5 VUs, 21 complete and 0 interrupted iterations
default   [  17% ] 4/5 VUs  01m55.0s/11m00.0s

running (01m56.0s), 4/5 VUs, 21 complete and 0 interrupted iterations
default   [  18% ] 4/5 VUs  01m56.0s/11m00.0s

running (01m57.0s), 4/5 VUs, 21 complete and 0 interrupted iterations
default   [  18% ] 4/5 VUs  01m57.0s/11m00.0s

running (01m58.0s), 4/5 VUs, 21 complete and 0 interrupted iterations
default   [  18% ] 4/5 VUs  01m58.0s/11m00.0s

running (01m59.0s), 4/5 VUs, 22 complete and 0 interrupted iterations
default   [  18% ] 4/5 VUs  01m59.0s/11m00.0s

running (02m00.0s), 5/5 VUs, 22 complete and 0 interrupted iterations
default   [  18% ] 5/5 VUs  02m00.0s/11m00.0s

running (02m01.0s), 5/5 VUs, 22 complete and 0 interrupted iterations
default   [  18% ] 5/5 VUs  02m01.0s/11m00.0s

running (02m02.0s), 5/5 VUs, 22 complete and 0 interrupted iterations
default   [  18% ] 5/5 VUs  02m02.0s/11m00.0s

running (02m03.0s), 5/5 VUs, 22 complete and 0 interrupted iterations
default   [  19% ] 5/5 VUs  02m03.0s/11m00.0s

running (02m04.0s), 5/5 VUs, 22 complete and 0 interrupted iterations
default   [  19% ] 5/5 VUs  02m04.0s/11m00.0s

running (02m05.0s), 5/5 VUs, 23 complete and 0 interrupted iterations
default   [  19% ] 5/5 VUs  02m05.0s/11m00.0s

running (02m06.0s), 5/5 VUs, 23 complete and 0 interrupted iterations
default   [  19% ] 5/5 VUs  02m06.0s/11m00.0s

running (02m07.0s), 5/5 VUs, 23 complete and 0 interrupted iterations
default   [  19% ] 5/5 VUs  02m07.0s/11m00.0s

running (02m08.0s), 5/5 VUs, 23 complete and 0 interrupted iterations
default   [  19% ] 5/5 VUs  02m08.0s/11m00.0s

running (02m09.0s), 5/5 VUs, 23 complete and 0 interrupted iterations
default   [  20% ] 5/5 VUs  02m09.0s/11m00.0s

running (02m10.0s), 5/5 VUs, 24 complete and 0 interrupted iterations
default   [  20% ] 5/5 VUs  02m10.0s/11m00.0s

running (02m11.0s), 5/5 VUs, 24 complete and 0 interrupted iterations
default   [  20% ] 5/5 VUs  02m11.0s/11m00.0s

running (02m12.0s), 5/5 VUs, 24 complete and 0 interrupted iterations
default   [  20% ] 5/5 VUs  02m12.0s/11m00.0s

running (02m13.0s), 5/5 VUs, 24 complete and 0 interrupted iterations
default   [  20% ] 5/5 VUs  02m13.0s/11m00.0s

running (02m14.0s), 5/5 VUs, 24 complete and 0 interrupted iterations
default   [  20% ] 5/5 VUs  02m14.0s/11m00.0s

running (02m15.0s), 5/5 VUs, 25 complete and 0 interrupted iterations
default   [  20% ] 5/5 VUs  02m15.0s/11m00.0s

running (02m16.0s), 5/5 VUs, 25 complete and 0 interrupted iterations
default   [  21% ] 5/5 VUs  02m16.0s/11m00.0s

running (02m17.0s), 5/5 VUs, 25 complete and 0 interrupted iterations
default   [  21% ] 5/5 VUs  02m17.0s/11m00.0s

running (02m18.0s), 5/5 VUs, 25 complete and 0 interrupted iterations
default   [  21% ] 5/5 VUs  02m18.0s/11m00.0s

running (02m19.0s), 5/5 VUs, 25 complete and 0 interrupted iterations
default   [  21% ] 5/5 VUs  02m19.0s/11m00.0s

running (02m20.0s), 5/5 VUs, 26 complete and 0 interrupted iterations
default   [  21% ] 5/5 VUs  02m20.0s/11m00.0s

running (02m21.0s), 5/5 VUs, 26 complete and 0 interrupted iterations
default   [  21% ] 5/5 VUs  02m21.0s/11m00.0s

running (02m22.0s), 5/5 VUs, 26 complete and 0 interrupted iterations
default   [  22% ] 5/5 VUs  02m22.0s/11m00.0s

running (02m23.0s), 5/5 VUs, 26 complete and 0 interrupted iterations
default   [  22% ] 5/5 VUs  02m23.0s/11m00.0s

running (02m24.0s), 5/5 VUs, 26 complete and 0 interrupted iterations
default   [  22% ] 5/5 VUs  02m24.0s/11m00.0s

running (02m25.0s), 5/5 VUs, 27 complete and 0 interrupted iterations
default   [  22% ] 5/5 VUs  02m25.0s/11m00.0s

running (02m26.0s), 5/5 VUs, 27 complete and 0 interrupted iterations
default   [  22% ] 5/5 VUs  02m26.0s/11m00.0s

running (02m27.0s), 5/5 VUs, 27 complete and 0 interrupted iterations
default   [  22% ] 5/5 VUs  02m27.0s/11m00.0s

running (02m28.0s), 5/5 VUs, 27 complete and 0 interrupted iterations
default   [  22% ] 5/5 VUs  02m28.0s/11m00.0s

running (02m29.0s), 5/5 VUs, 27 complete and 0 interrupted iterations
default   [  23% ] 5/5 VUs  02m29.0s/11m00.0s

running (02m30.0s), 5/5 VUs, 27 complete and 0 interrupted iterations
default   [  23% ] 5/5 VUs  02m30.0s/11m00.0s

running (02m31.0s), 5/5 VUs, 28 complete and 0 interrupted iterations
default   [  23% ] 5/5 VUs  02m31.0s/11m00.0s

running (02m32.0s), 5/5 VUs, 28 complete and 0 interrupted iterations
default   [  23% ] 5/5 VUs  02m32.0s/11m00.0s

running (02m33.0s), 5/5 VUs, 28 complete and 0 interrupted iterations
default   [  23% ] 5/5 VUs  02m33.0s/11m00.0s

running (02m34.0s), 5/5 VUs, 28 complete and 0 interrupted iterations
default   [  23% ] 5/5 VUs  02m34.0s/11m00.0s

running (02m35.0s), 5/5 VUs, 28 complete and 0 interrupted iterations
default   [  23% ] 5/5 VUs  02m35.0s/11m00.0s

running (02m36.0s), 5/5 VUs, 29 complete and 0 interrupted iterations
default   [  24% ] 5/5 VUs  02m36.0s/11m00.0s

running (02m37.0s), 5/5 VUs, 29 complete and 0 interrupted iterations
default   [  24% ] 5/5 VUs  02m37.0s/11m00.0s

running (02m38.0s), 5/5 VUs, 29 complete and 0 interrupted iterations
default   [  24% ] 5/5 VUs  02m38.0s/11m00.0s

running (02m39.0s), 5/5 VUs, 29 complete and 0 interrupted iterations
default   [  24% ] 5/5 VUs  02m39.0s/11m00.0s

running (02m40.0s), 5/5 VUs, 29 complete and 0 interrupted iterations
default   [  24% ] 5/5 VUs  02m40.0s/11m00.0s

running (02m41.0s), 5/5 VUs, 30 complete and 0 interrupted iterations
default   [  24% ] 5/5 VUs  02m41.0s/11m00.0s

running (02m42.0s), 5/5 VUs, 30 complete and 0 interrupted iterations
default   [  25% ] 5/5 VUs  02m42.0s/11m00.0s

running (02m43.0s), 5/5 VUs, 30 complete and 0 interrupted iterations
default   [  25% ] 5/5 VUs  02m43.0s/11m00.0s

running (02m44.0s), 5/5 VUs, 30 complete and 0 interrupted iterations
default   [  25% ] 5/5 VUs  02m44.0s/11m00.0s

running (02m45.0s), 5/5 VUs, 30 complete and 0 interrupted iterations
default   [  25% ] 5/5 VUs  02m45.0s/11m00.0s

running (02m46.0s), 5/5 VUs, 31 complete and 0 interrupted iterations
default   [  25% ] 5/5 VUs  02m46.0s/11m00.0s

running (02m47.0s), 5/5 VUs, 31 complete and 0 interrupted iterations
default   [  25% ] 5/5 VUs  02m47.0s/11m00.0s

running (02m48.0s), 5/5 VUs, 31 complete and 0 interrupted iterations
default   [  25% ] 5/5 VUs  02m48.0s/11m00.0s

running (02m49.0s), 5/5 VUs, 31 complete and 0 interrupted iterations
default   [  26% ] 5/5 VUs  02m49.0s/11m00.0s

running (02m50.0s), 5/5 VUs, 31 complete and 0 interrupted iterations
default   [  26% ] 5/5 VUs  02m50.0s/11m00.0s

running (02m51.0s), 5/5 VUs, 32 complete and 0 interrupted iterations
default   [  26% ] 5/5 VUs  02m51.0s/11m00.0s

running (02m52.0s), 5/5 VUs, 32 complete and 0 interrupted iterations
default   [  26% ] 5/5 VUs  02m52.0s/11m00.0s

running (02m53.0s), 5/5 VUs, 32 complete and 0 interrupted iterations
default   [  26% ] 5/5 VUs  02m53.0s/11m00.0s

running (02m54.0s), 5/5 VUs, 32 complete and 0 interrupted iterations
default   [  26% ] 5/5 VUs  02m54.0s/11m00.0s

running (02m55.0s), 5/5 VUs, 32 complete and 0 interrupted iterations
default   [  27% ] 5/5 VUs  02m55.0s/11m00.0s

running (02m56.0s), 5/5 VUs, 32 complete and 0 interrupted iterations
default   [  27% ] 5/5 VUs  02m56.0s/11m00.0s

running (02m57.0s), 5/5 VUs, 33 complete and 0 interrupted iterations
default   [  27% ] 5/5 VUs  02m57.0s/11m00.0s

running (02m58.0s), 5/5 VUs, 33 complete and 0 interrupted iterations
default   [  27% ] 5/5 VUs  02m58.0s/11m00.0s

running (02m59.0s), 5/5 VUs, 33 complete and 0 interrupted iterations
default   [  27% ] 5/5 VUs  02m59.0s/11m00.0s

running (03m00.0s), 5/5 VUs, 33 complete and 0 interrupted iterations
default   [  27% ] 5/5 VUs  03m00.0s/11m00.0s

running (03m01.0s), 5/5 VUs, 33 complete and 0 interrupted iterations
default   [  27% ] 5/5 VUs  03m01.0s/11m00.0s

running (03m02.0s), 5/5 VUs, 34 complete and 0 interrupted iterations
default   [  28% ] 5/5 VUs  03m02.0s/11m00.0s

running (03m03.0s), 5/5 VUs, 34 complete and 0 interrupted iterations
default   [  28% ] 5/5 VUs  03m03.0s/11m00.0s

running (03m04.0s), 5/5 VUs, 34 complete and 0 interrupted iterations
default   [  28% ] 5/5 VUs  03m04.0s/11m00.0s

running (03m05.0s), 5/5 VUs, 34 complete and 0 interrupted iterations
default   [  28% ] 5/5 VUs  03m05.0s/11m00.0s

running (03m06.0s), 5/5 VUs, 34 complete and 0 interrupted iterations
default   [  28% ] 5/5 VUs  03m06.0s/11m00.0s

running (03m07.0s), 5/5 VUs, 35 complete and 0 interrupted iterations
default   [  28% ] 5/5 VUs  03m07.0s/11m00.0s

running (03m08.0s), 5/5 VUs, 35 complete and 0 interrupted iterations
default   [  28% ] 5/5 VUs  03m08.0s/11m00.0s

running (03m09.0s), 5/5 VUs, 35 complete and 0 interrupted iterations
default   [  29% ] 5/5 VUs  03m09.0s/11m00.0s

running (03m10.0s), 5/5 VUs, 35 complete and 0 interrupted iterations
default   [  29% ] 5/5 VUs  03m10.0s/11m00.0s

running (03m11.0s), 5/5 VUs, 35 complete and 0 interrupted iterations
default   [  29% ] 5/5 VUs  03m11.0s/11m00.0s

running (03m12.0s), 5/5 VUs, 36 complete and 0 interrupted iterations
default   [  29% ] 5/5 VUs  03m12.0s/11m00.0s

running (03m13.0s), 5/5 VUs, 36 complete and 0 interrupted iterations
default   [  29% ] 5/5 VUs  03m13.0s/11m00.0s

running (03m14.0s), 5/5 VUs, 36 complete and 0 interrupted iterations
default   [  29% ] 5/5 VUs  03m14.0s/11m00.0s

running (03m15.0s), 5/5 VUs, 36 complete and 0 interrupted iterations
default   [  30% ] 5/5 VUs  03m15.0s/11m00.0s

running (03m16.0s), 5/5 VUs, 36 complete and 0 interrupted iterations
default   [  30% ] 5/5 VUs  03m16.0s/11m00.0s

running (03m17.0s), 5/5 VUs, 37 complete and 0 interrupted iterations
default   [  30% ] 5/5 VUs  03m17.0s/11m00.0s

running (03m18.0s), 5/5 VUs, 37 complete and 0 interrupted iterations
default   [  30% ] 5/5 VUs  03m18.0s/11m00.0s

running (03m19.0s), 5/5 VUs, 37 complete and 0 interrupted iterations
default   [  30% ] 5/5 VUs  03m19.0s/11m00.0s

running (03m20.0s), 5/5 VUs, 37 complete and 0 interrupted iterations
default   [  30% ] 5/5 VUs  03m20.0s/11m00.0s

running (03m21.0s), 5/5 VUs, 37 complete and 0 interrupted iterations
default   [  30% ] 5/5 VUs  03m21.0s/11m00.0s

running (03m22.0s), 5/5 VUs, 37 complete and 0 interrupted iterations
default   [  31% ] 5/5 VUs  03m22.0s/11m00.0s

running (03m23.0s), 5/5 VUs, 38 complete and 0 interrupted iterations
default   [  31% ] 5/5 VUs  03m23.0s/11m00.0s

running (03m24.0s), 5/5 VUs, 38 complete and 0 interrupted iterations
default   [  31% ] 5/5 VUs  03m24.0s/11m00.0s

running (03m25.0s), 5/5 VUs, 38 complete and 0 interrupted iterations
default   [  31% ] 5/5 VUs  03m25.0s/11m00.0s

running (03m26.0s), 5/5 VUs, 38 complete and 0 interrupted iterations
default   [  31% ] 5/5 VUs  03m26.0s/11m00.0s

running (03m27.0s), 5/5 VUs, 38 complete and 0 interrupted iterations
default   [  31% ] 5/5 VUs  03m27.0s/11m00.0s

running (03m28.0s), 5/5 VUs, 39 complete and 0 interrupted iterations
default   [  32% ] 5/5 VUs  03m28.0s/11m00.0s

running (03m29.0s), 5/5 VUs, 39 complete and 0 interrupted iterations
default   [  32% ] 5/5 VUs  03m29.0s/11m00.0s

running (03m30.0s), 5/5 VUs, 39 complete and 0 interrupted iterations
default   [  32% ] 5/5 VUs  03m30.0s/11m00.0s

running (03m31.0s), 5/5 VUs, 39 complete and 0 interrupted iterations
default   [  32% ] 5/5 VUs  03m31.0s/11m00.0s

running (03m32.0s), 5/5 VUs, 39 complete and 0 interrupted iterations
default   [  32% ] 5/5 VUs  03m32.0s/11m00.0s

running (03m33.0s), 5/5 VUs, 40 complete and 0 interrupted iterations
default   [  32% ] 5/5 VUs  03m33.0s/11m00.0s

running (03m34.0s), 5/5 VUs, 40 complete and 0 interrupted iterations
default   [  32% ] 5/5 VUs  03m34.0s/11m00.0s

running (03m35.0s), 5/5 VUs, 40 complete and 0 interrupted iterations
default   [  33% ] 5/5 VUs  03m35.0s/11m00.0s

running (03m36.0s), 5/5 VUs, 40 complete and 0 interrupted iterations
default   [  33% ] 5/5 VUs  03m36.0s/11m00.0s

running (03m37.0s), 5/5 VUs, 40 complete and 0 interrupted iterations
default   [  33% ] 5/5 VUs  03m37.0s/11m00.0s

running (03m38.0s), 5/5 VUs, 41 complete and 0 interrupted iterations
default   [  33% ] 5/5 VUs  03m38.0s/11m00.0s

running (03m39.0s), 5/5 VUs, 41 complete and 0 interrupted iterations
default   [  33% ] 5/5 VUs  03m39.0s/11m00.0s

running (03m40.0s), 5/5 VUs, 41 complete and 0 interrupted iterations
default   [  33% ] 5/5 VUs  03m40.0s/11m00.0s

running (03m41.0s), 5/5 VUs, 41 complete and 0 interrupted iterations
default   [  33% ] 5/5 VUs  03m41.0s/11m00.0s

running (03m42.0s), 5/5 VUs, 41 complete and 0 interrupted iterations
default   [  34% ] 5/5 VUs  03m42.0s/11m00.0s

running (03m43.0s), 5/5 VUs, 42 complete and 0 interrupted iterations
default   [  34% ] 5/5 VUs  03m43.0s/11m00.0s

running (03m44.0s), 5/5 VUs, 42 complete and 0 interrupted iterations
default   [  34% ] 5/5 VUs  03m44.0s/11m00.0s

running (03m45.0s), 5/5 VUs, 42 complete and 0 interrupted iterations
default   [  34% ] 5/5 VUs  03m45.0s/11m00.0s

running (03m46.0s), 5/5 VUs, 42 complete and 0 interrupted iterations
default   [  34% ] 5/5 VUs  03m46.0s/11m00.0s

running (03m47.0s), 5/5 VUs, 42 complete and 0 interrupted iterations
default   [  34% ] 5/5 VUs  03m47.0s/11m00.0s

running (03m48.0s), 5/5 VUs, 43 complete and 0 interrupted iterations
default   [  35% ] 5/5 VUs  03m48.0s/11m00.0s

running (03m49.0s), 5/5 VUs, 43 complete and 0 interrupted iterations
default   [  35% ] 5/5 VUs  03m49.0s/11m00.0s

running (03m50.0s), 5/5 VUs, 43 complete and 0 interrupted iterations
default   [  35% ] 5/5 VUs  03m50.0s/11m00.0s

running (03m51.0s), 5/5 VUs, 43 complete and 0 interrupted iterations
default   [  35% ] 5/5 VUs  03m51.0s/11m00.0s

running (03m52.0s), 5/5 VUs, 43 complete and 0 interrupted iterations
default   [  35% ] 5/5 VUs  03m52.0s/11m00.0s

running (03m53.0s), 5/5 VUs, 43 complete and 0 interrupted iterations
default   [  35% ] 5/5 VUs  03m53.0s/11m00.0s

running (03m54.0s), 5/5 VUs, 44 complete and 0 interrupted iterations
default   [  35% ] 5/5 VUs  03m54.0s/11m00.0s

running (03m55.0s), 5/5 VUs, 44 complete and 0 interrupted iterations
default   [  36% ] 5/5 VUs  03m55.0s/11m00.0s

running (03m56.0s), 5/5 VUs, 44 complete and 0 interrupted iterations
default   [  36% ] 5/5 VUs  03m56.0s/11m00.0s

running (03m57.0s), 5/5 VUs, 44 complete and 0 interrupted iterations
default   [  36% ] 5/5 VUs  03m57.0s/11m00.0s

running (03m58.0s), 5/5 VUs, 44 complete and 0 interrupted iterations
default   [  36% ] 5/5 VUs  03m58.0s/11m00.0s

running (03m59.0s), 5/5 VUs, 45 complete and 0 interrupted iterations
default   [  36% ] 5/5 VUs  03m59.0s/11m00.0s

running (04m00.0s), 5/5 VUs, 45 complete and 0 interrupted iterations
default   [  36% ] 5/5 VUs  04m00.0s/11m00.0s

running (04m01.0s), 5/5 VUs, 45 complete and 0 interrupted iterations
default   [  37% ] 5/5 VUs  04m01.0s/11m00.0s

running (04m02.0s), 5/5 VUs, 45 complete and 0 interrupted iterations
default   [  37% ] 5/5 VUs  04m02.0s/11m00.0s

running (04m03.0s), 5/5 VUs, 45 complete and 0 interrupted iterations
default   [  37% ] 5/5 VUs  04m03.0s/11m00.0s

running (04m04.0s), 5/5 VUs, 46 complete and 0 interrupted iterations
default   [  37% ] 5/5 VUs  04m04.0s/11m00.0s

running (04m05.0s), 5/5 VUs, 46 complete and 0 interrupted iterations
default   [  37% ] 5/5 VUs  04m05.0s/11m00.0s

running (04m06.0s), 5/5 VUs, 46 complete and 0 interrupted iterations
default   [  37% ] 5/5 VUs  04m06.0s/11m00.0s

running (04m07.0s), 5/5 VUs, 46 complete and 0 interrupted iterations
default   [  37% ] 5/5 VUs  04m07.0s/11m00.0s

running (04m08.0s), 5/5 VUs, 46 complete and 0 interrupted iterations
default   [  38% ] 5/5 VUs  04m08.0s/11m00.0s

running (04m09.0s), 5/5 VUs, 47 complete and 0 interrupted iterations
default   [  38% ] 5/5 VUs  04m09.0s/11m00.0s

running (04m10.0s), 5/5 VUs, 47 complete and 0 interrupted iterations
default   [  38% ] 5/5 VUs  04m10.0s/11m00.0s

running (04m11.0s), 5/5 VUs, 47 complete and 0 interrupted iterations
default   [  38% ] 5/5 VUs  04m11.0s/11m00.0s

running (04m12.0s), 5/5 VUs, 47 complete and 0 interrupted iterations
default   [  38% ] 5/5 VUs  04m12.0s/11m00.0s

running (04m13.0s), 5/5 VUs, 47 complete and 0 interrupted iterations
default   [  38% ] 5/5 VUs  04m13.0s/11m00.0s

running (04m14.0s), 5/5 VUs, 48 complete and 0 interrupted iterations
default   [  38% ] 5/5 VUs  04m14.0s/11m00.0s

running (04m15.0s), 5/5 VUs, 48 complete and 0 interrupted iterations
default   [  39% ] 5/5 VUs  04m15.0s/11m00.0s

running (04m16.0s), 5/5 VUs, 48 complete and 0 interrupted iterations
default   [  39% ] 5/5 VUs  04m16.0s/11m00.0s

running (04m17.0s), 5/5 VUs, 48 complete and 0 interrupted iterations
default   [  39% ] 5/5 VUs  04m17.0s/11m00.0s

running (04m18.0s), 5/5 VUs, 48 complete and 0 interrupted iterations
default   [  39% ] 5/5 VUs  04m18.0s/11m00.0s

running (04m19.0s), 5/5 VUs, 48 complete and 0 interrupted iterations
default   [  39% ] 5/5 VUs  04m19.0s/11m00.0s

running (04m20.0s), 5/5 VUs, 49 complete and 0 interrupted iterations
default   [  39% ] 5/5 VUs  04m20.0s/11m00.0s

running (04m21.0s), 5/5 VUs, 49 complete and 0 interrupted iterations
default   [  40% ] 5/5 VUs  04m21.0s/11m00.0s

running (04m22.0s), 5/5 VUs, 49 complete and 0 interrupted iterations
default   [  40% ] 5/5 VUs  04m22.0s/11m00.0s

running (04m23.0s), 5/5 VUs, 49 complete and 0 interrupted iterations
default   [  40% ] 5/5 VUs  04m23.0s/11m00.0s

running (04m24.0s), 5/5 VUs, 49 complete and 0 interrupted iterations
default   [  40% ] 5/5 VUs  04m24.0s/11m00.0s

running (04m25.0s), 5/5 VUs, 50 complete and 0 interrupted iterations
default   [  40% ] 5/5 VUs  04m25.0s/11m00.0s

running (04m26.0s), 5/5 VUs, 50 complete and 0 interrupted iterations
default   [  40% ] 5/5 VUs  04m26.0s/11m00.0s

running (04m27.0s), 5/5 VUs, 50 complete and 0 interrupted iterations
default   [  40% ] 5/5 VUs  04m27.0s/11m00.0s

running (04m28.0s), 5/5 VUs, 50 complete and 0 interrupted iterations
default   [  41% ] 5/5 VUs  04m28.0s/11m00.0s

running (04m29.0s), 5/5 VUs, 50 complete and 0 interrupted iterations
default   [  41% ] 5/5 VUs  04m29.0s/11m00.0s

running (04m30.0s), 5/5 VUs, 51 complete and 0 interrupted iterations
default   [  41% ] 5/5 VUs  04m30.0s/11m00.0s

running (04m31.0s), 5/5 VUs, 51 complete and 0 interrupted iterations
default   [  41% ] 5/5 VUs  04m31.0s/11m00.0s

running (04m32.0s), 5/5 VUs, 51 complete and 0 interrupted iterations
default   [  41% ] 5/5 VUs  04m32.0s/11m00.0s

running (04m33.0s), 5/5 VUs, 51 complete and 0 interrupted iterations
default   [  41% ] 5/5 VUs  04m33.0s/11m00.0s

running (04m34.0s), 5/5 VUs, 51 complete and 0 interrupted iterations
default   [  42% ] 5/5 VUs  04m34.0s/11m00.0s

running (04m35.0s), 5/5 VUs, 52 complete and 0 interrupted iterations
default   [  42% ] 5/5 VUs  04m35.0s/11m00.0s

running (04m36.0s), 5/5 VUs, 52 complete and 0 interrupted iterations
default   [  42% ] 5/5 VUs  04m36.0s/11m00.0s

running (04m37.0s), 5/5 VUs, 52 complete and 0 interrupted iterations
default   [  42% ] 5/5 VUs  04m37.0s/11m00.0s

running (04m38.0s), 5/5 VUs, 52 complete and 0 interrupted iterations
default   [  42% ] 5/5 VUs  04m38.0s/11m00.0s

running (04m39.0s), 5/5 VUs, 52 complete and 0 interrupted iterations
default   [  42% ] 5/5 VUs  04m39.0s/11m00.0s

running (04m40.0s), 5/5 VUs, 53 complete and 0 interrupted iterations
default   [  42% ] 5/5 VUs  04m40.0s/11m00.0s

running (04m41.0s), 5/5 VUs, 53 complete and 0 interrupted iterations
default   [  43% ] 5/5 VUs  04m41.0s/11m00.0s

running (04m42.0s), 5/5 VUs, 53 complete and 0 interrupted iterations
default   [  43% ] 5/5 VUs  04m42.0s/11m00.0s

running (04m43.0s), 5/5 VUs, 53 complete and 0 interrupted iterations
default   [  43% ] 5/5 VUs  04m43.0s/11m00.0s

running (04m44.0s), 5/5 VUs, 53 complete and 0 interrupted iterations
default   [  43% ] 5/5 VUs  04m44.0s/11m00.0s

running (04m45.0s), 5/5 VUs, 53 complete and 0 interrupted iterations
default   [  43% ] 5/5 VUs  04m45.0s/11m00.0s

running (04m46.0s), 5/5 VUs, 54 complete and 0 interrupted iterations
default   [  43% ] 5/5 VUs  04m46.0s/11m00.0s

running (04m47.0s), 5/5 VUs, 54 complete and 0 interrupted iterations
default   [  43% ] 5/5 VUs  04m47.0s/11m00.0s

running (04m48.0s), 5/5 VUs, 54 complete and 0 interrupted iterations
default   [  44% ] 5/5 VUs  04m48.0s/11m00.0s

running (04m49.0s), 5/5 VUs, 54 complete and 0 interrupted iterations
default   [  44% ] 5/5 VUs  04m49.0s/11m00.0s

running (04m50.0s), 5/5 VUs, 54 complete and 0 interrupted iterations
default   [  44% ] 5/5 VUs  04m50.0s/11m00.0s

running (04m51.0s), 5/5 VUs, 55 complete and 0 interrupted iterations
default   [  44% ] 5/5 VUs  04m51.0s/11m00.0s

running (04m52.0s), 5/5 VUs, 55 complete and 0 interrupted iterations
default   [  44% ] 5/5 VUs  04m52.0s/11m00.0s

running (04m53.0s), 5/5 VUs, 55 complete and 0 interrupted iterations
default   [  44% ] 5/5 VUs  04m53.0s/11m00.0s

running (04m54.0s), 5/5 VUs, 55 complete and 0 interrupted iterations
default   [  45% ] 5/5 VUs  04m54.0s/11m00.0s

running (04m55.0s), 5/5 VUs, 55 complete and 0 interrupted iterations
default   [  45% ] 5/5 VUs  04m55.0s/11m00.0s

running (04m56.0s), 5/5 VUs, 56 complete and 0 interrupted iterations
default   [  45% ] 5/5 VUs  04m56.0s/11m00.0s

running (04m57.0s), 5/5 VUs, 56 complete and 0 interrupted iterations
default   [  45% ] 5/5 VUs  04m57.0s/11m00.0s

running (04m58.0s), 5/5 VUs, 56 complete and 0 interrupted iterations
default   [  45% ] 5/5 VUs  04m58.0s/11m00.0s

running (04m59.0s), 5/5 VUs, 56 complete and 0 interrupted iterations
default   [  45% ] 5/5 VUs  04m59.0s/11m00.0s

running (05m00.0s), 5/5 VUs, 56 complete and 0 interrupted iterations
default   [  45% ] 5/5 VUs  05m00.0s/11m00.0s

running (05m01.0s), 5/5 VUs, 57 complete and 0 interrupted iterations
default   [  46% ] 5/5 VUs  05m01.0s/11m00.0s

running (05m02.0s), 5/5 VUs, 57 complete and 0 interrupted iterations
default   [  46% ] 5/5 VUs  05m02.0s/11m00.0s

running (05m03.0s), 5/5 VUs, 57 complete and 0 interrupted iterations
default   [  46% ] 5/5 VUs  05m03.0s/11m00.0s

running (05m04.0s), 5/5 VUs, 57 complete and 0 interrupted iterations
default   [  46% ] 5/5 VUs  05m04.0s/11m00.0s

running (05m05.0s), 5/5 VUs, 57 complete and 0 interrupted iterations
default   [  46% ] 5/5 VUs  05m05.0s/11m00.0s

running (05m06.0s), 5/5 VUs, 58 complete and 0 interrupted iterations
default   [  46% ] 5/5 VUs  05m06.0s/11m00.0s

running (05m07.0s), 5/5 VUs, 58 complete and 0 interrupted iterations
default   [  47% ] 5/5 VUs  05m07.0s/11m00.0s

running (05m08.0s), 5/5 VUs, 59 complete and 0 interrupted iterations
default   [  47% ] 5/5 VUs  05m08.0s/11m00.0s

running (05m09.0s), 5/5 VUs, 60 complete and 0 interrupted iterations
default   [  47% ] 5/5 VUs  05m09.0s/11m00.0s

running (05m10.0s), 5/5 VUs, 60 complete and 0 interrupted iterations
default   [  47% ] 5/5 VUs  05m10.0s/11m00.0s

running (05m11.0s), 5/5 VUs, 62 complete and 0 interrupted iterations
default   [  47% ] 5/5 VUs  05m11.0s/11m00.0s

running (05m12.0s), 5/5 VUs, 63 complete and 0 interrupted iterations
default   [  47% ] 5/5 VUs  05m12.0s/11m00.0s

running (05m13.0s), 5/5 VUs, 64 complete and 0 interrupted iterations
default   [  47% ] 5/5 VUs  05m13.0s/11m00.0s

running (05m14.0s), 5/5 VUs, 66 complete and 0 interrupted iterations
default   [  48% ] 5/5 VUs  05m14.0s/11m00.0s

running (05m15.0s), 5/5 VUs, 67 complete and 0 interrupted iterations
default   [  48% ] 5/5 VUs  05m15.0s/11m00.0s

running (05m16.0s), 5/5 VUs, 69 complete and 0 interrupted iterations
default   [  48% ] 5/5 VUs  05m16.0s/11m00.0s

running (05m17.0s), 5/5 VUs, 71 complete and 0 interrupted iterations
default   [  48% ] 5/5 VUs  05m17.0s/11m00.0s

running (05m18.0s), 5/5 VUs, 73 complete and 0 interrupted iterations
default   [  48% ] 5/5 VUs  05m18.0s/11m00.0s

running (05m19.0s), 5/5 VUs, 75 complete and 0 interrupted iterations
default   [  48% ] 5/5 VUs  05m19.0s/11m00.0s

running (05m20.0s), 5/5 VUs, 77 complete and 0 interrupted iterations
default   [  48% ] 5/5 VUs  05m20.0s/11m00.0s

running (05m21.0s), 5/5 VUs, 80 complete and 0 interrupted iterations
default   [  49% ] 5/5 VUs  05m21.0s/11m00.0s

running (05m22.0s), 5/5 VUs, 82 complete and 0 interrupted iterations
default   [  49% ] 5/5 VUs  05m22.0s/11m00.0s

running (05m23.0s), 5/5 VUs, 85 complete and 0 interrupted iterations
default   [  49% ] 5/5 VUs  05m23.0s/11m00.0s

running (05m24.0s), 5/5 VUs, 87 complete and 0 interrupted iterations
default   [  49% ] 5/5 VUs  05m24.0s/11m00.0s

running (05m25.0s), 5/5 VUs, 90 complete and 0 interrupted iterations
default   [  49% ] 5/5 VUs  05m25.0s/11m00.0s

running (05m26.0s), 5/5 VUs, 94 complete and 0 interrupted iterations
default   [  49% ] 5/5 VUs  05m26.0s/11m00.0s

running (05m27.0s), 5/5 VUs, 96 complete and 0 interrupted iterations
default   [  50% ] 5/5 VUs  05m27.0s/11m00.0s

running (05m28.0s), 5/5 VUs, 99 complete and 0 interrupted iterations
default   [  50% ] 5/5 VUs  05m28.0s/11m00.0s

running (05m29.0s), 5/5 VUs, 101 complete and 0 interrupted iterations
default   [  50% ] 5/5 VUs  05m29.0s/11m00.0s

running (05m30.0s), 5/5 VUs, 104 complete and 0 interrupted iterations
default   [  50% ] 5/5 VUs  05m30.0s/11m00.0s

running (05m31.0s), 5/5 VUs, 107 complete and 0 interrupted iterations
default   [  50% ] 5/5 VUs  05m31.0s/11m00.0s

running (05m32.0s), 5/5 VUs, 110 complete and 0 interrupted iterations
default   [  50% ] 5/5 VUs  05m32.0s/11m00.0s

running (05m33.0s), 5/5 VUs, 112 complete and 0 interrupted iterations
default   [  50% ] 5/5 VUs  05m33.0s/11m00.0s

running (05m34.0s), 5/5 VUs, 115 complete and 0 interrupted iterations
default   [  51% ] 5/5 VUs  05m34.0s/11m00.0s

running (05m35.0s), 5/5 VUs, 118 complete and 0 interrupted iterations
default   [  51% ] 5/5 VUs  05m35.0s/11m00.0s

running (05m36.0s), 5/5 VUs, 120 complete and 0 interrupted iterations
default   [  51% ] 5/5 VUs  05m36.0s/11m00.0s

running (05m37.0s), 5/5 VUs, 123 complete and 0 interrupted iterations
default   [  51% ] 5/5 VUs  05m37.0s/11m00.0s

running (05m38.0s), 5/5 VUs, 126 complete and 0 interrupted iterations
default   [  51% ] 5/5 VUs  05m38.0s/11m00.0s

running (05m39.0s), 5/5 VUs, 128 complete and 0 interrupted iterations
default   [  51% ] 5/5 VUs  05m39.0s/11m00.0s

running (05m40.0s), 5/5 VUs, 131 complete and 0 interrupted iterations
default   [  52% ] 5/5 VUs  05m40.0s/11m00.0s

running (05m41.0s), 5/5 VUs, 134 complete and 0 interrupted iterations
default   [  52% ] 5/5 VUs  05m41.0s/11m00.0s

running (05m42.0s), 5/5 VUs, 136 complete and 0 interrupted iterations
default   [  52% ] 5/5 VUs  05m42.0s/11m00.0s

running (05m43.0s), 5/5 VUs, 139 complete and 0 interrupted iterations
default   [  52% ] 5/5 VUs  05m43.0s/11m00.0s

running (05m44.0s), 5/5 VUs, 142 complete and 0 interrupted iterations
default   [  52% ] 5/5 VUs  05m44.0s/11m00.0s

running (05m45.0s), 5/5 VUs, 144 complete and 0 interrupted iterations
default   [  52% ] 5/5 VUs  05m45.0s/11m00.0s

running (05m46.0s), 5/5 VUs, 147 complete and 0 interrupted iterations
default   [  52% ] 5/5 VUs  05m46.0s/11m00.0s

running (05m47.0s), 5/5 VUs, 150 complete and 0 interrupted iterations
default   [  53% ] 5/5 VUs  05m47.0s/11m00.0s

running (05m48.0s), 5/5 VUs, 152 complete and 0 interrupted iterations
default   [  53% ] 5/5 VUs  05m48.0s/11m00.0s

running (05m49.0s), 5/5 VUs, 155 complete and 0 interrupted iterations
default   [  53% ] 5/5 VUs  05m49.0s/11m00.0s

running (05m50.0s), 5/5 VUs, 158 complete and 0 interrupted iterations
default   [  53% ] 5/5 VUs  05m50.0s/11m00.0s

running (05m51.0s), 5/5 VUs, 161 complete and 0 interrupted iterations
default   [  53% ] 5/5 VUs  05m51.0s/11m00.0s

running (05m52.0s), 5/5 VUs, 163 complete and 0 interrupted iterations
default   [  53% ] 5/5 VUs  05m52.0s/11m00.0s

running (05m53.0s), 5/5 VUs, 166 complete and 0 interrupted iterations
default   [  53% ] 5/5 VUs  05m53.0s/11m00.0s

running (05m54.0s), 5/5 VUs, 169 complete and 0 interrupted iterations
default   [  54% ] 5/5 VUs  05m54.0s/11m00.0s

running (05m55.0s), 5/5 VUs, 171 complete and 0 interrupted iterations
default   [  54% ] 5/5 VUs  05m55.0s/11m00.0s

running (05m56.0s), 5/5 VUs, 174 complete and 0 interrupted iterations
default   [  54% ] 5/5 VUs  05m56.0s/11m00.0s

running (05m57.0s), 5/5 VUs, 177 complete and 0 interrupted iterations
default   [  54% ] 5/5 VUs  05m57.0s/11m00.0s

running (05m58.0s), 5/5 VUs, 179 complete and 0 interrupted iterations
default   [  54% ] 5/5 VUs  05m58.0s/11m00.0s

running (05m59.0s), 5/5 VUs, 182 complete and 0 interrupted iterations
default   [  54% ] 5/5 VUs  05m59.0s/11m00.0s

running (06m00.0s), 5/5 VUs, 185 complete and 0 interrupted iterations
default   [  55% ] 5/5 VUs  06m00.0s/11m00.0s

running (06m01.0s), 5/5 VUs, 187 complete and 0 interrupted iterations
default   [  55% ] 5/5 VUs  06m01.0s/11m00.0s

running (06m02.0s), 5/5 VUs, 190 complete and 0 interrupted iterations
default   [  55% ] 5/5 VUs  06m02.0s/11m00.0s

running (06m03.0s), 5/5 VUs, 193 complete and 0 interrupted iterations
default   [  55% ] 5/5 VUs  06m03.0s/11m00.0s

running (06m04.0s), 5/5 VUs, 195 complete and 0 interrupted iterations
default   [  55% ] 5/5 VUs  06m04.0s/11m00.0s

running (06m05.0s), 5/5 VUs, 199 complete and 0 interrupted iterations
default   [  55% ] 5/5 VUs  06m05.0s/11m00.0s

running (06m06.0s), 5/5 VUs, 201 complete and 0 interrupted iterations
default   [  55% ] 5/5 VUs  06m06.0s/11m00.0s

running (06m07.0s), 5/5 VUs, 204 complete and 0 interrupted iterations
default   [  56% ] 5/5 VUs  06m07.0s/11m00.0s

running (06m08.0s), 5/5 VUs, 207 complete and 0 interrupted iterations
default   [  56% ] 5/5 VUs  06m08.0s/11m00.0s

running (06m09.0s), 5/5 VUs, 209 complete and 0 interrupted iterations
default   [  56% ] 5/5 VUs  06m09.0s/11m00.0s

running (06m10.0s), 5/5 VUs, 212 complete and 0 interrupted iterations
default   [  56% ] 5/5 VUs  06m10.0s/11m00.0s

running (06m11.0s), 5/5 VUs, 215 complete and 0 interrupted iterations
default   [  56% ] 5/5 VUs  06m11.0s/11m00.0s

running (06m12.0s), 5/5 VUs, 217 complete and 0 interrupted iterations
default   [  56% ] 5/5 VUs  06m12.0s/11m00.0s

running (06m13.0s), 5/5 VUs, 220 complete and 0 interrupted iterations
default   [  57% ] 5/5 VUs  06m13.0s/11m00.0s

running (06m14.0s), 5/5 VUs, 223 complete and 0 interrupted iterations
default   [  57% ] 5/5 VUs  06m14.0s/11m00.0s

running (06m15.0s), 5/5 VUs, 225 complete and 0 interrupted iterations
default   [  57% ] 5/5 VUs  06m15.0s/11m00.0s

running (06m16.0s), 5/5 VUs, 228 complete and 0 interrupted iterations
default   [  57% ] 5/5 VUs  06m16.0s/11m00.0s

running (06m17.0s), 5/5 VUs, 231 complete and 0 interrupted iterations
default   [  57% ] 5/5 VUs  06m17.0s/11m00.0s

running (06m18.0s), 5/5 VUs, 234 complete and 0 interrupted iterations
default   [  57% ] 5/5 VUs  06m18.0s/11m00.0s

running (06m19.0s), 5/5 VUs, 236 complete and 0 interrupted iterations
default   [  57% ] 5/5 VUs  06m19.0s/11m00.0s

running (06m20.0s), 5/5 VUs, 239 complete and 0 interrupted iterations
default   [  58% ] 5/5 VUs  06m20.0s/11m00.0s

running (06m21.0s), 5/5 VUs, 242 complete and 0 interrupted iterations
default   [  58% ] 5/5 VUs  06m21.0s/11m00.0s

running (06m22.0s), 5/5 VUs, 245 complete and 0 interrupted iterations
default   [  58% ] 5/5 VUs  06m22.0s/11m00.0s

running (06m23.0s), 5/5 VUs, 247 complete and 0 interrupted iterations
default   [  58% ] 5/5 VUs  06m23.0s/11m00.0s

running (06m24.0s), 5/5 VUs, 250 complete and 0 interrupted iterations
default   [  58% ] 5/5 VUs  06m24.0s/11m00.0s

running (06m25.0s), 5/5 VUs, 253 complete and 0 interrupted iterations
default   [  58% ] 5/5 VUs  06m25.0s/11m00.0s

running (06m26.0s), 5/5 VUs, 255 complete and 0 interrupted iterations
default   [  58% ] 5/5 VUs  06m26.0s/11m00.0s

running (06m27.0s), 5/5 VUs, 258 complete and 0 interrupted iterations
default   [  59% ] 5/5 VUs  06m27.0s/11m00.0s

running (06m28.0s), 5/5 VUs, 261 complete and 0 interrupted iterations
default   [  59% ] 5/5 VUs  06m28.0s/11m00.0s

running (06m29.0s), 5/5 VUs, 264 complete and 0 interrupted iterations
default   [  59% ] 5/5 VUs  06m29.0s/11m00.0s

running (06m30.0s), 5/5 VUs, 266 complete and 0 interrupted iterations
default   [  59% ] 5/5 VUs  06m30.0s/11m00.0s

running (06m31.0s), 5/5 VUs, 269 complete and 0 interrupted iterations
default   [  59% ] 5/5 VUs  06m31.0s/11m00.0s

running (06m32.0s), 5/5 VUs, 272 complete and 0 interrupted iterations
default   [  59% ] 5/5 VUs  06m32.0s/11m00.0s

running (06m33.0s), 5/5 VUs, 274 complete and 0 interrupted iterations
default   [  60% ] 5/5 VUs  06m33.0s/11m00.0s

running (06m34.0s), 5/5 VUs, 277 complete and 0 interrupted iterations
default   [  60% ] 5/5 VUs  06m34.0s/11m00.0s

running (06m35.0s), 5/5 VUs, 279 complete and 0 interrupted iterations
default   [  60% ] 5/5 VUs  06m35.0s/11m00.0s

running (06m36.0s), 5/5 VUs, 282 complete and 0 interrupted iterations
default   [  60% ] 5/5 VUs  06m36.0s/11m00.0s

running (06m37.0s), 5/5 VUs, 285 complete and 0 interrupted iterations
default   [  60% ] 5/5 VUs  06m37.0s/11m00.0s

running (06m38.0s), 5/5 VUs, 288 complete and 0 interrupted iterations
default   [  60% ] 5/5 VUs  06m38.0s/11m00.0s

running (06m39.0s), 5/5 VUs, 290 complete and 0 interrupted iterations
default   [  60% ] 5/5 VUs  06m39.0s/11m00.0s

running (06m40.0s), 5/5 VUs, 293 complete and 0 interrupted iterations
default   [  61% ] 5/5 VUs  06m40.0s/11m00.0s

running (06m41.0s), 5/5 VUs, 296 complete and 0 interrupted iterations
default   [  61% ] 5/5 VUs  06m41.0s/11m00.0s

running (06m42.0s), 5/5 VUs, 298 complete and 0 interrupted iterations
default   [  61% ] 5/5 VUs  06m42.0s/11m00.0s

running (06m43.0s), 5/5 VUs, 301 complete and 0 interrupted iterations
default   [  61% ] 5/5 VUs  06m43.0s/11m00.0s

running (06m44.0s), 5/5 VUs, 303 complete and 0 interrupted iterations
default   [  61% ] 5/5 VUs  06m44.0s/11m00.0s

running (06m45.0s), 5/5 VUs, 306 complete and 0 interrupted iterations
default   [  61% ] 5/5 VUs  06m45.0s/11m00.0s

running (06m46.0s), 5/5 VUs, 309 complete and 0 interrupted iterations
default   [  62% ] 5/5 VUs  06m46.0s/11m00.0s

running (06m47.0s), 5/5 VUs, 311 complete and 0 interrupted iterations
default   [  62% ] 5/5 VUs  06m47.0s/11m00.0s

running (06m48.0s), 5/5 VUs, 314 complete and 0 interrupted iterations
default   [  62% ] 5/5 VUs  06m48.0s/11m00.0s

running (06m49.0s), 5/5 VUs, 317 complete and 0 interrupted iterations
default   [  62% ] 5/5 VUs  06m49.0s/11m00.0s

running (06m50.0s), 5/5 VUs, 319 complete and 0 interrupted iterations
default   [  62% ] 5/5 VUs  06m50.0s/11m00.0s

running (06m51.0s), 5/5 VUs, 322 complete and 0 interrupted iterations
default   [  62% ] 5/5 VUs  06m51.0s/11m00.0s

running (06m52.0s), 5/5 VUs, 325 complete and 0 interrupted iterations
default   [  62% ] 5/5 VUs  06m52.0s/11m00.0s

running (06m53.0s), 5/5 VUs, 328 complete and 0 interrupted iterations
default   [  63% ] 5/5 VUs  06m53.0s/11m00.0s

running (06m54.0s), 5/5 VUs, 330 complete and 0 interrupted iterations
default   [  63% ] 5/5 VUs  06m54.0s/11m00.0s

running (06m55.0s), 5/5 VUs, 333 complete and 0 interrupted iterations
default   [  63% ] 5/5 VUs  06m55.0s/11m00.0s

running (06m56.0s), 5/5 VUs, 336 complete and 0 interrupted iterations
default   [  63% ] 5/5 VUs  06m56.0s/11m00.0s

running (06m57.0s), 5/5 VUs, 339 complete and 0 interrupted iterations
default   [  63% ] 5/5 VUs  06m57.0s/11m00.0s

running (06m58.0s), 5/5 VUs, 341 complete and 0 interrupted iterations
default   [  63% ] 5/5 VUs  06m58.0s/11m00.0s

running (06m59.0s), 5/5 VUs, 344 complete and 0 interrupted iterations
default   [  63% ] 5/5 VUs  06m59.0s/11m00.0s

running (07m00.0s), 5/5 VUs, 347 complete and 0 interrupted iterations
default   [  64% ] 5/5 VUs  07m00.0s/11m00.0s

running (07m01.0s), 5/5 VUs, 349 complete and 0 interrupted iterations
default   [  64% ] 5/5 VUs  07m01.0s/11m00.0s

running (07m02.0s), 5/5 VUs, 352 complete and 0 interrupted iterations
default   [  64% ] 5/5 VUs  07m02.0s/11m00.0s

running (07m03.0s), 5/5 VUs, 355 complete and 0 interrupted iterations
default   [  64% ] 5/5 VUs  07m03.0s/11m00.0s

running (07m04.0s), 5/5 VUs, 357 complete and 0 interrupted iterations
default   [  64% ] 5/5 VUs  07m04.0s/11m00.0s

running (07m05.0s), 5/5 VUs, 360 complete and 0 interrupted iterations
default   [  64% ] 5/5 VUs  07m05.0s/11m00.0s

running (07m06.0s), 5/5 VUs, 363 complete and 0 interrupted iterations
default   [  65% ] 5/5 VUs  07m06.0s/11m00.0s

running (07m07.0s), 5/5 VUs, 365 complete and 0 interrupted iterations
default   [  65% ] 5/5 VUs  07m07.0s/11m00.0s

running (07m08.0s), 5/5 VUs, 368 complete and 0 interrupted iterations
default   [  65% ] 5/5 VUs  07m08.0s/11m00.0s

running (07m09.0s), 5/5 VUs, 371 complete and 0 interrupted iterations
default   [  65% ] 5/5 VUs  07m09.0s/11m00.0s

running (07m10.0s), 5/5 VUs, 374 complete and 0 interrupted iterations
default   [  65% ] 5/5 VUs  07m10.0s/11m00.0s

running (07m11.0s), 5/5 VUs, 376 complete and 0 interrupted iterations
default   [  65% ] 5/5 VUs  07m11.0s/11m00.0s

running (07m12.0s), 5/5 VUs, 379 complete and 0 interrupted iterations
default   [  65% ] 5/5 VUs  07m12.0s/11m00.0s

running (07m13.0s), 5/5 VUs, 381 complete and 0 interrupted iterations
default   [  66% ] 5/5 VUs  07m13.0s/11m00.0s

running (07m14.0s), 5/5 VUs, 384 complete and 0 interrupted iterations
default   [  66% ] 5/5 VUs  07m14.0s/11m00.0s

running (07m15.0s), 5/5 VUs, 387 complete and 0 interrupted iterations
default   [  66% ] 5/5 VUs  07m15.0s/11m00.0s

running (07m16.0s), 5/5 VUs, 390 complete and 0 interrupted iterations
default   [  66% ] 5/5 VUs  07m16.0s/11m00.0s

running (07m17.0s), 5/5 VUs, 392 complete and 0 interrupted iterations
default   [  66% ] 5/5 VUs  07m17.0s/11m00.0s

running (07m18.0s), 5/5 VUs, 395 complete and 0 interrupted iterations
default   [  66% ] 5/5 VUs  07m18.0s/11m00.0s

running (07m19.0s), 5/5 VUs, 398 complete and 0 interrupted iterations
default   [  67% ] 5/5 VUs  07m19.0s/11m00.0s

running (07m20.0s), 5/5 VUs, 400 complete and 0 interrupted iterations
default   [  67% ] 5/5 VUs  07m20.0s/11m00.0s

running (07m21.0s), 5/5 VUs, 403 complete and 0 interrupted iterations
default   [  67% ] 5/5 VUs  07m21.0s/11m00.0s

running (07m22.0s), 5/5 VUs, 406 complete and 0 interrupted iterations
default   [  67% ] 5/5 VUs  07m22.0s/11m00.0s

running (07m23.0s), 5/5 VUs, 408 complete and 0 interrupted iterations
default   [  67% ] 5/5 VUs  07m23.0s/11m00.0s

running (07m24.0s), 5/5 VUs, 411 complete and 0 interrupted iterations
default   [  67% ] 5/5 VUs  07m24.0s/11m00.0s

running (07m25.0s), 5/5 VUs, 414 complete and 0 interrupted iterations
default   [  67% ] 5/5 VUs  07m25.0s/11m00.0s

running (07m26.0s), 5/5 VUs, 416 complete and 0 interrupted iterations
default   [  68% ] 5/5 VUs  07m26.0s/11m00.0s

running (07m27.0s), 5/5 VUs, 419 complete and 0 interrupted iterations
default   [  68% ] 5/5 VUs  07m27.0s/11m00.0s

running (07m28.0s), 5/5 VUs, 422 complete and 0 interrupted iterations
default   [  68% ] 5/5 VUs  07m28.0s/11m00.0s

running (07m29.0s), 5/5 VUs, 425 complete and 0 interrupted iterations
default   [  68% ] 5/5 VUs  07m29.0s/11m00.0s

running (07m30.0s), 5/5 VUs, 427 complete and 0 interrupted iterations
default   [  68% ] 5/5 VUs  07m30.0s/11m00.0s

running (07m31.0s), 5/5 VUs, 430 complete and 0 interrupted iterations
default   [  68% ] 5/5 VUs  07m31.0s/11m00.0s

running (07m32.0s), 5/5 VUs, 432 complete and 0 interrupted iterations
default   [  68% ] 5/5 VUs  07m32.0s/11m00.0s

running (07m33.0s), 5/5 VUs, 435 complete and 0 interrupted iterations
default   [  69% ] 5/5 VUs  07m33.0s/11m00.0s

running (07m34.0s), 5/5 VUs, 438 complete and 0 interrupted iterations
default   [  69% ] 5/5 VUs  07m34.0s/11m00.0s

running (07m35.0s), 5/5 VUs, 440 complete and 0 interrupted iterations
default   [  69% ] 5/5 VUs  07m35.0s/11m00.0s

running (07m36.0s), 5/5 VUs, 443 complete and 0 interrupted iterations
default   [  69% ] 5/5 VUs  07m36.0s/11m00.0s

running (07m37.0s), 5/5 VUs, 446 complete and 0 interrupted iterations
default   [  69% ] 5/5 VUs  07m37.0s/11m00.0s

running (07m38.0s), 5/5 VUs, 448 complete and 0 interrupted iterations
default   [  69% ] 5/5 VUs  07m38.0s/11m00.0s

running (07m39.0s), 5/5 VUs, 451 complete and 0 interrupted iterations
default   [  70% ] 5/5 VUs  07m39.0s/11m00.0s

running (07m40.0s), 5/5 VUs, 454 complete and 0 interrupted iterations
default   [  70% ] 5/5 VUs  07m40.0s/11m00.0s

running (07m41.0s), 5/5 VUs, 456 complete and 0 interrupted iterations
default   [  70% ] 5/5 VUs  07m41.0s/11m00.0s

running (07m42.0s), 5/5 VUs, 459 complete and 0 interrupted iterations
default   [  70% ] 5/5 VUs  07m42.0s/11m00.0s

running (07m43.0s), 5/5 VUs, 462 complete and 0 interrupted iterations
default   [  70% ] 5/5 VUs  07m43.0s/11m00.0s

running (07m44.0s), 5/5 VUs, 464 complete and 0 interrupted iterations
default   [  70% ] 5/5 VUs  07m44.0s/11m00.0s

running (07m45.0s), 5/5 VUs, 466 complete and 0 interrupted iterations
default   [  70% ] 5/5 VUs  07m45.0s/11m00.0s

running (07m46.0s), 5/5 VUs, 469 complete and 0 interrupted iterations
default   [  71% ] 5/5 VUs  07m46.0s/11m00.0s

running (07m47.0s), 5/5 VUs, 472 complete and 0 interrupted iterations
default   [  71% ] 5/5 VUs  07m47.0s/11m00.0s

running (07m48.0s), 5/5 VUs, 475 complete and 0 interrupted iterations
default   [  71% ] 5/5 VUs  07m48.0s/11m00.0s

running (07m49.0s), 5/5 VUs, 477 complete and 0 interrupted iterations
default   [  71% ] 5/5 VUs  07m49.0s/11m00.0s

running (07m50.0s), 5/5 VUs, 480 complete and 0 interrupted iterations
default   [  71% ] 5/5 VUs  07m50.0s/11m00.0s

running (07m51.0s), 5/5 VUs, 483 complete and 0 interrupted iterations
default   [  71% ] 5/5 VUs  07m51.0s/11m00.0s

running (07m52.0s), 5/5 VUs, 485 complete and 0 interrupted iterations
default   [  72% ] 5/5 VUs  07m52.0s/11m00.0s

running (07m53.0s), 5/5 VUs, 488 complete and 0 interrupted iterations
default   [  72% ] 5/5 VUs  07m53.0s/11m00.0s

running (07m54.0s), 5/5 VUs, 491 complete and 0 interrupted iterations
default   [  72% ] 5/5 VUs  07m54.0s/11m00.0s

running (07m55.0s), 5/5 VUs, 494 complete and 0 interrupted iterations
default   [  72% ] 5/5 VUs  07m55.0s/11m00.0s

running (07m56.0s), 5/5 VUs, 496 complete and 0 interrupted iterations
default   [  72% ] 5/5 VUs  07m56.0s/11m00.0s

running (07m57.0s), 5/5 VUs, 499 complete and 0 interrupted iterations
default   [  72% ] 5/5 VUs  07m57.0s/11m00.0s

running (07m58.0s), 5/5 VUs, 502 complete and 0 interrupted iterations
default   [  72% ] 5/5 VUs  07m58.0s/11m00.0s

running (07m59.0s), 5/5 VUs, 504 complete and 0 interrupted iterations
default   [  73% ] 5/5 VUs  07m59.0s/11m00.0s

running (08m00.0s), 5/5 VUs, 507 complete and 0 interrupted iterations
default   [  73% ] 5/5 VUs  08m00.0s/11m00.0s

running (08m01.0s), 5/5 VUs, 510 complete and 0 interrupted iterations
default   [  73% ] 5/5 VUs  08m01.0s/11m00.0s

running (08m02.0s), 5/5 VUs, 512 complete and 0 interrupted iterations
default   [  73% ] 5/5 VUs  08m02.0s/11m00.0s

running (08m03.0s), 5/5 VUs, 515 complete and 0 interrupted iterations
default   [  73% ] 5/5 VUs  08m03.0s/11m00.0s

running (08m04.0s), 5/5 VUs, 517 complete and 0 interrupted iterations
default   [  73% ] 5/5 VUs  08m04.0s/11m00.0s

running (08m05.0s), 5/5 VUs, 520 complete and 0 interrupted iterations
default   [  73% ] 5/5 VUs  08m05.0s/11m00.0s

running (08m06.0s), 5/5 VUs, 523 complete and 0 interrupted iterations
default   [  74% ] 5/5 VUs  08m06.0s/11m00.0s

running (08m07.0s), 5/5 VUs, 525 complete and 0 interrupted iterations
default   [  74% ] 5/5 VUs  08m07.0s/11m00.0s

running (08m08.0s), 5/5 VUs, 528 complete and 0 interrupted iterations
default   [  74% ] 5/5 VUs  08m08.0s/11m00.0s

running (08m09.0s), 5/5 VUs, 531 complete and 0 interrupted iterations
default   [  74% ] 5/5 VUs  08m09.0s/11m00.0s

running (08m10.0s), 5/5 VUs, 533 complete and 0 interrupted iterations
default   [  74% ] 5/5 VUs  08m10.0s/11m00.0s

running (08m11.0s), 5/5 VUs, 536 complete and 0 interrupted iterations
default   [  74% ] 5/5 VUs  08m11.0s/11m00.0s

running (08m12.0s), 5/5 VUs, 539 complete and 0 interrupted iterations
default   [  75% ] 5/5 VUs  08m12.0s/11m00.0s

running (08m13.0s), 5/5 VUs, 542 complete and 0 interrupted iterations
default   [  75% ] 5/5 VUs  08m13.0s/11m00.0s

running (08m14.0s), 5/5 VUs, 544 complete and 0 interrupted iterations
default   [  75% ] 5/5 VUs  08m14.0s/11m00.0s

running (08m15.0s), 5/5 VUs, 547 complete and 0 interrupted iterations
default   [  75% ] 5/5 VUs  08m15.0s/11m00.0s

running (08m16.0s), 5/5 VUs, 549 complete and 0 interrupted iterations
default   [  75% ] 5/5 VUs  08m16.0s/11m00.0s

running (08m17.0s), 5/5 VUs, 552 complete and 0 interrupted iterations
default   [  75% ] 5/5 VUs  08m17.0s/11m00.0s

running (08m18.0s), 5/5 VUs, 555 complete and 0 interrupted iterations
default   [  75% ] 5/5 VUs  08m18.0s/11m00.0s

running (08m19.0s), 5/5 VUs, 557 complete and 0 interrupted iterations
default   [  76% ] 5/5 VUs  08m19.0s/11m00.0s

running (08m20.0s), 5/5 VUs, 560 complete and 0 interrupted iterations
default   [  76% ] 5/5 VUs  08m20.0s/11m00.0s

running (08m21.0s), 5/5 VUs, 563 complete and 0 interrupted iterations
default   [  76% ] 5/5 VUs  08m21.0s/11m00.0s

running (08m22.0s), 5/5 VUs, 565 complete and 0 interrupted iterations
default   [  76% ] 5/5 VUs  08m22.0s/11m00.0s

running (08m23.0s), 5/5 VUs, 568 complete and 0 interrupted iterations
default   [  76% ] 5/5 VUs  08m23.0s/11m00.0s

running (08m24.0s), 5/5 VUs, 571 complete and 0 interrupted iterations
default   [  76% ] 5/5 VUs  08m24.0s/11m00.0s

running (08m25.0s), 5/5 VUs, 573 complete and 0 interrupted iterations
default   [  77% ] 5/5 VUs  08m25.0s/11m00.0s

running (08m26.0s), 5/5 VUs, 576 complete and 0 interrupted iterations
default   [  77% ] 5/5 VUs  08m26.0s/11m00.0s

running (08m27.0s), 5/5 VUs, 579 complete and 0 interrupted iterations
default   [  77% ] 5/5 VUs  08m27.0s/11m00.0s

running (08m28.0s), 5/5 VUs, 581 complete and 0 interrupted iterations
default   [  77% ] 5/5 VUs  08m28.0s/11m00.0s

running (08m29.0s), 5/5 VUs, 584 complete and 0 interrupted iterations
default   [  77% ] 5/5 VUs  08m29.0s/11m00.0s

running (08m30.0s), 5/5 VUs, 587 complete and 0 interrupted iterations
default   [  77% ] 5/5 VUs  08m30.0s/11m00.0s

running (08m31.0s), 5/5 VUs, 590 complete and 0 interrupted iterations
default   [  77% ] 5/5 VUs  08m31.0s/11m00.0s

running (08m32.0s), 5/5 VUs, 592 complete and 0 interrupted iterations
default   [  78% ] 5/5 VUs  08m32.0s/11m00.0s

running (08m33.0s), 5/5 VUs, 595 complete and 0 interrupted iterations
default   [  78% ] 5/5 VUs  08m33.0s/11m00.0s

running (08m34.0s), 5/5 VUs, 598 complete and 0 interrupted iterations
default   [  78% ] 5/5 VUs  08m34.0s/11m00.0s

running (08m35.0s), 5/5 VUs, 600 complete and 0 interrupted iterations
default   [  78% ] 5/5 VUs  08m35.0s/11m00.0s

running (08m36.0s), 5/5 VUs, 603 complete and 0 interrupted iterations
default   [  78% ] 5/5 VUs  08m36.0s/11m00.0s

running (08m37.0s), 5/5 VUs, 606 complete and 0 interrupted iterations
default   [  78% ] 5/5 VUs  08m37.0s/11m00.0s

running (08m38.0s), 5/5 VUs, 608 complete and 0 interrupted iterations
default   [  78% ] 5/5 VUs  08m38.0s/11m00.0s

running (08m39.0s), 5/5 VUs, 611 complete and 0 interrupted iterations
default   [  79% ] 5/5 VUs  08m39.0s/11m00.0s

running (08m40.0s), 5/5 VUs, 614 complete and 0 interrupted iterations
default   [  79% ] 5/5 VUs  08m40.0s/11m00.0s

running (08m41.0s), 5/5 VUs, 616 complete and 0 interrupted iterations
default   [  79% ] 5/5 VUs  08m41.0s/11m00.0s

running (08m42.0s), 5/5 VUs, 619 complete and 0 interrupted iterations
default   [  79% ] 5/5 VUs  08m42.0s/11m00.0s

running (08m43.0s), 5/5 VUs, 622 complete and 0 interrupted iterations
default   [  79% ] 5/5 VUs  08m43.0s/11m00.0s

running (08m44.0s), 5/5 VUs, 624 complete and 0 interrupted iterations
default   [  79% ] 5/5 VUs  08m44.0s/11m00.0s

running (08m45.0s), 5/5 VUs, 627 complete and 0 interrupted iterations
default   [  80% ] 5/5 VUs  08m45.0s/11m00.0s

running (08m46.0s), 5/5 VUs, 629 complete and 0 interrupted iterations
default   [  80% ] 5/5 VUs  08m46.0s/11m00.0s

running (08m47.0s), 5/5 VUs, 632 complete and 0 interrupted iterations
default   [  80% ] 5/5 VUs  08m47.0s/11m00.0s

running (08m48.0s), 5/5 VUs, 635 complete and 0 interrupted iterations
default   [  80% ] 5/5 VUs  08m48.0s/11m00.0s

running (08m49.0s), 5/5 VUs, 637 complete and 0 interrupted iterations
default   [  80% ] 5/5 VUs  08m49.0s/11m00.0s

running (08m50.0s), 5/5 VUs, 640 complete and 0 interrupted iterations
default   [  80% ] 5/5 VUs  08m50.0s/11m00.0s

running (08m51.0s), 5/5 VUs, 643 complete and 0 interrupted iterations
default   [  80% ] 5/5 VUs  08m51.0s/11m00.0s

running (08m52.0s), 5/5 VUs, 645 complete and 0 interrupted iterations
default   [  81% ] 5/5 VUs  08m52.0s/11m00.0s

running (08m53.0s), 5/5 VUs, 648 complete and 0 interrupted iterations
default   [  81% ] 5/5 VUs  08m53.0s/11m00.0s

running (08m54.0s), 5/5 VUs, 651 complete and 0 interrupted iterations
default   [  81% ] 5/5 VUs  08m54.0s/11m00.0s

running (08m55.0s), 5/5 VUs, 654 complete and 0 interrupted iterations
default   [  81% ] 5/5 VUs  08m55.0s/11m00.0s

running (08m56.0s), 5/5 VUs, 656 complete and 0 interrupted iterations
default   [  81% ] 5/5 VUs  08m56.0s/11m00.0s

running (08m57.0s), 5/5 VUs, 659 complete and 0 interrupted iterations
default   [  81% ] 5/5 VUs  08m57.0s/11m00.0s

running (08m58.0s), 5/5 VUs, 662 complete and 0 interrupted iterations
default   [  82% ] 5/5 VUs  08m58.0s/11m00.0s

running (08m59.0s), 5/5 VUs, 664 complete and 0 interrupted iterations
default   [  82% ] 5/5 VUs  08m59.0s/11m00.0s

running (09m00.0s), 5/5 VUs, 666 complete and 0 interrupted iterations
default   [  82% ] 5/5 VUs  09m00.0s/11m00.0s

running (09m01.0s), 5/5 VUs, 666 complete and 0 interrupted iterations
default   [  82% ] 5/5 VUs  09m01.0s/11m00.0s

running (09m02.0s), 5/5 VUs, 667 complete and 0 interrupted iterations
default   [  82% ] 5/5 VUs  09m02.0s/11m00.0s

running (09m03.0s), 5/5 VUs, 668 complete and 0 interrupted iterations
default   [  82% ] 5/5 VUs  09m03.0s/11m00.0s

running (09m04.0s), 5/5 VUs, 668 complete and 0 interrupted iterations
default   [  82% ] 5/5 VUs  09m04.0s/11m00.0s

running (09m05.0s), 5/5 VUs, 670 complete and 0 interrupted iterations
default   [  83% ] 5/5 VUs  09m05.0s/11m00.0s

running (09m06.0s), 5/5 VUs, 670 complete and 0 interrupted iterations
default   [  83% ] 5/5 VUs  09m06.0s/11m00.0s

running (09m07.0s), 5/5 VUs, 670 complete and 0 interrupted iterations
default   [  83% ] 5/5 VUs  09m07.0s/11m00.0s

running (09m08.0s), 5/5 VUs, 670 complete and 0 interrupted iterations
default   [  83% ] 5/5 VUs  09m08.0s/11m00.0s

running (09m09.0s), 5/5 VUs, 670 complete and 0 interrupted iterations
default   [  83% ] 5/5 VUs  09m09.0s/11m00.0s

running (09m10.0s), 5/5 VUs, 671 complete and 0 interrupted iterations
default   [  83% ] 5/5 VUs  09m10.0s/11m00.0s

running (09m11.0s), 5/5 VUs, 671 complete and 0 interrupted iterations
default   [  83% ] 5/5 VUs  09m11.0s/11m00.0s

running (09m12.0s), 5/5 VUs, 671 complete and 0 interrupted iterations
default   [  84% ] 5/5 VUs  09m12.0s/11m00.0s

running (09m13.0s), 5/5 VUs, 671 complete and 0 interrupted iterations
default   [  84% ] 5/5 VUs  09m13.0s/11m00.0s

running (09m14.0s), 5/5 VUs, 671 complete and 0 interrupted iterations
default   [  84% ] 5/5 VUs  09m14.0s/11m00.0s

running (09m15.0s), 5/5 VUs, 672 complete and 0 interrupted iterations
default   [  84% ] 5/5 VUs  09m15.0s/11m00.0s

running (09m16.0s), 5/5 VUs, 672 complete and 0 interrupted iterations
default   [  84% ] 5/5 VUs  09m16.0s/11m00.0s

running (09m17.0s), 5/5 VUs, 672 complete and 0 interrupted iterations
default   [  84% ] 5/5 VUs  09m17.0s/11m00.0s

running (09m18.0s), 5/5 VUs, 672 complete and 0 interrupted iterations
default   [  85% ] 5/5 VUs  09m18.0s/11m00.0s

running (09m19.0s), 5/5 VUs, 672 complete and 0 interrupted iterations
default   [  85% ] 5/5 VUs  09m19.0s/11m00.0s

running (09m20.0s), 5/5 VUs, 673 complete and 0 interrupted iterations
default   [  85% ] 5/5 VUs  09m20.0s/11m00.0s

running (09m21.0s), 5/5 VUs, 673 complete and 0 interrupted iterations
default   [  85% ] 5/5 VUs  09m21.0s/11m00.0s

running (09m22.0s), 5/5 VUs, 673 complete and 0 interrupted iterations
default   [  85% ] 5/5 VUs  09m22.0s/11m00.0s

running (09m23.0s), 5/5 VUs, 673 complete and 0 interrupted iterations
default   [  85% ] 5/5 VUs  09m23.0s/11m00.0s

running (09m24.0s), 5/5 VUs, 673 complete and 0 interrupted iterations
default   [  85% ] 5/5 VUs  09m24.0s/11m00.0s

running (09m25.0s), 5/5 VUs, 674 complete and 0 interrupted iterations
default   [  86% ] 5/5 VUs  09m25.0s/11m00.0s

running (09m26.0s), 5/5 VUs, 674 complete and 0 interrupted iterations
default   [  86% ] 5/5 VUs  09m26.0s/11m00.0s

running (09m27.0s), 5/5 VUs, 674 complete and 0 interrupted iterations
default   [  86% ] 5/5 VUs  09m27.0s/11m00.0s

running (09m28.0s), 5/5 VUs, 674 complete and 0 interrupted iterations
default   [  86% ] 5/5 VUs  09m28.0s/11m00.0s

running (09m29.0s), 5/5 VUs, 674 complete and 0 interrupted iterations
default   [  86% ] 5/5 VUs  09m29.0s/11m00.0s

running (09m30.0s), 5/5 VUs, 675 complete and 0 interrupted iterations
default   [  86% ] 5/5 VUs  09m30.0s/11m00.0s

running (09m31.0s), 5/5 VUs, 675 complete and 0 interrupted iterations
default   [  87% ] 5/5 VUs  09m31.0s/11m00.0s

running (09m32.0s), 5/5 VUs, 675 complete and 0 interrupted iterations
default   [  87% ] 5/5 VUs  09m32.0s/11m00.0s

running (09m33.0s), 5/5 VUs, 675 complete and 0 interrupted iterations
default   [  87% ] 5/5 VUs  09m33.0s/11m00.0s

running (09m34.0s), 5/5 VUs, 675 complete and 0 interrupted iterations
default   [  87% ] 5/5 VUs  09m34.0s/11m00.0s

running (09m35.0s), 5/5 VUs, 676 complete and 0 interrupted iterations
default   [  87% ] 5/5 VUs  09m35.0s/11m00.0s

running (09m36.0s), 5/5 VUs, 676 complete and 0 interrupted iterations
default   [  87% ] 5/5 VUs  09m36.0s/11m00.0s

running (09m37.0s), 5/5 VUs, 676 complete and 0 interrupted iterations
default   [  87% ] 5/5 VUs  09m37.0s/11m00.0s

running (09m38.0s), 5/5 VUs, 676 complete and 0 interrupted iterations
default   [  88% ] 5/5 VUs  09m38.0s/11m00.0s

running (09m39.0s), 5/5 VUs, 676 complete and 0 interrupted iterations
default   [  88% ] 5/5 VUs  09m39.0s/11m00.0s

running (09m40.0s), 5/5 VUs, 676 complete and 0 interrupted iterations
default   [  88% ] 5/5 VUs  09m40.0s/11m00.0s

running (09m41.0s), 5/5 VUs, 677 complete and 0 interrupted iterations
default   [  88% ] 5/5 VUs  09m41.0s/11m00.0s

running (09m42.0s), 5/5 VUs, 677 complete and 0 interrupted iterations
default   [  88% ] 5/5 VUs  09m42.0s/11m00.0s

running (09m43.0s), 5/5 VUs, 677 complete and 0 interrupted iterations
default   [  88% ] 5/5 VUs  09m43.0s/11m00.0s

running (09m44.0s), 5/5 VUs, 677 complete and 0 interrupted iterations
default   [  88% ] 5/5 VUs  09m44.0s/11m00.0s

running (09m45.0s), 5/5 VUs, 677 complete and 0 interrupted iterations
default   [  89% ] 5/5 VUs  09m45.0s/11m00.0s

running (09m46.0s), 5/5 VUs, 678 complete and 0 interrupted iterations
default   [  89% ] 5/5 VUs  09m46.0s/11m00.0s

running (09m47.0s), 5/5 VUs, 678 complete and 0 interrupted iterations
default   [  89% ] 5/5 VUs  09m47.0s/11m00.0s

running (09m48.0s), 5/5 VUs, 678 complete and 0 interrupted iterations
default   [  89% ] 5/5 VUs  09m48.0s/11m00.0s

running (09m49.0s), 5/5 VUs, 678 complete and 0 interrupted iterations
default   [  89% ] 5/5 VUs  09m49.0s/11m00.0s

running (09m50.0s), 5/5 VUs, 678 complete and 0 interrupted iterations
default   [  89% ] 5/5 VUs  09m50.0s/11m00.0s

running (09m51.0s), 5/5 VUs, 679 complete and 0 interrupted iterations
default   [  90% ] 5/5 VUs  09m51.0s/11m00.0s

running (09m52.0s), 5/5 VUs, 679 complete and 0 interrupted iterations
default   [  90% ] 5/5 VUs  09m52.0s/11m00.0s

running (09m53.0s), 5/5 VUs, 679 complete and 0 interrupted iterations
default   [  90% ] 5/5 VUs  09m53.0s/11m00.0s

running (09m54.0s), 5/5 VUs, 679 complete and 0 interrupted iterations
default   [  90% ] 5/5 VUs  09m54.0s/11m00.0s

running (09m55.0s), 5/5 VUs, 679 complete and 0 interrupted iterations
default   [  90% ] 5/5 VUs  09m55.0s/11m00.0s

running (09m56.0s), 5/5 VUs, 680 complete and 0 interrupted iterations
default   [  90% ] 5/5 VUs  09m56.0s/11m00.0s

running (09m57.0s), 5/5 VUs, 680 complete and 0 interrupted iterations
default   [  90% ] 5/5 VUs  09m57.0s/11m00.0s

running (09m58.0s), 5/5 VUs, 680 complete and 0 interrupted iterations
default   [  91% ] 5/5 VUs  09m58.0s/11m00.0s

running (09m59.0s), 5/5 VUs, 680 complete and 0 interrupted iterations
default   [  91% ] 5/5 VUs  09m59.0s/11m00.0s

running (10m00.0s), 5/5 VUs, 680 complete and 0 interrupted iterations
default   [  91% ] 5/5 VUs  10m00.0s/11m00.0s

running (10m01.0s), 5/5 VUs, 681 complete and 0 interrupted iterations
default   [  91% ] 5/5 VUs  10m01.0s/11m00.0s

running (10m02.0s), 5/5 VUs, 681 complete and 0 interrupted iterations
default   [  91% ] 5/5 VUs  10m02.0s/11m00.0s

running (10m03.0s), 5/5 VUs, 681 complete and 0 interrupted iterations
default   [  91% ] 5/5 VUs  10m03.0s/11m00.0s

running (10m04.0s), 5/5 VUs, 681 complete and 0 interrupted iterations
default   [  92% ] 5/5 VUs  10m04.0s/11m00.0s

running (10m05.0s), 5/5 VUs, 681 complete and 0 interrupted iterations
default   [  92% ] 5/5 VUs  10m05.0s/11m00.0s

running (10m06.0s), 5/5 VUs, 681 complete and 0 interrupted iterations
default   [  92% ] 5/5 VUs  10m06.0s/11m00.0s

running (10m07.0s), 5/5 VUs, 682 complete and 0 interrupted iterations
default   [  92% ] 5/5 VUs  10m07.0s/11m00.0s

running (10m08.0s), 5/5 VUs, 682 complete and 0 interrupted iterations
default   [  92% ] 5/5 VUs  10m08.0s/11m00.0s

running (10m09.0s), 5/5 VUs, 682 complete and 0 interrupted iterations
default   [  92% ] 5/5 VUs  10m09.0s/11m00.0s

running (10m10.0s), 5/5 VUs, 682 complete and 0 interrupted iterations
default   [  92% ] 5/5 VUs  10m10.0s/11m00.0s

running (10m11.0s), 5/5 VUs, 682 complete and 0 interrupted iterations
default   [  93% ] 5/5 VUs  10m11.0s/11m00.0s

running (10m12.0s), 5/5 VUs, 683 complete and 0 interrupted iterations
default   [  93% ] 5/5 VUs  10m12.0s/11m00.0s

running (10m13.0s), 5/5 VUs, 683 complete and 0 interrupted iterations
default   [  93% ] 5/5 VUs  10m13.0s/11m00.0s

running (10m14.0s), 5/5 VUs, 683 complete and 0 interrupted iterations
default   [  93% ] 5/5 VUs  10m14.0s/11m00.0s

running (10m15.0s), 5/5 VUs, 683 complete and 0 interrupted iterations
default   [  93% ] 5/5 VUs  10m15.0s/11m00.0s

running (10m16.0s), 5/5 VUs, 683 complete and 0 interrupted iterations
default   [  93% ] 5/5 VUs  10m16.0s/11m00.0s

running (10m17.0s), 5/5 VUs, 684 complete and 0 interrupted iterations
default   [  93% ] 5/5 VUs  10m17.0s/11m00.0s

running (10m18.0s), 5/5 VUs, 684 complete and 0 interrupted iterations
default   [  94% ] 5/5 VUs  10m18.0s/11m00.0s

running (10m19.0s), 5/5 VUs, 684 complete and 0 interrupted iterations
default   [  94% ] 5/5 VUs  10m19.0s/11m00.0s

running (10m20.0s), 5/5 VUs, 684 complete and 0 interrupted iterations
default   [  94% ] 5/5 VUs  10m20.0s/11m00.0s

running (10m21.0s), 5/5 VUs, 684 complete and 0 interrupted iterations
default   [  94% ] 5/5 VUs  10m21.0s/11m00.0s

running (10m22.0s), 5/5 VUs, 685 complete and 0 interrupted iterations
default   [  94% ] 5/5 VUs  10m22.0s/11m00.0s

running (10m23.0s), 5/5 VUs, 685 complete and 0 interrupted iterations
default   [  94% ] 5/5 VUs  10m23.0s/11m00.0s

running (10m24.0s), 5/5 VUs, 685 complete and 0 interrupted iterations
default   [  95% ] 5/5 VUs  10m24.0s/11m00.0s

running (10m25.0s), 5/5 VUs, 685 complete and 0 interrupted iterations
default   [  95% ] 5/5 VUs  10m25.0s/11m00.0s

running (10m26.0s), 5/5 VUs, 685 complete and 0 interrupted iterations
default   [  95% ] 5/5 VUs  10m26.0s/11m00.0s

running (10m27.0s), 4/5 VUs, 686 complete and 0 interrupted iterations
default   [  95% ] 4/5 VUs  10m27.0s/11m00.0s

running (10m28.0s), 4/5 VUs, 686 complete and 0 interrupted iterations
default   [  95% ] 4/5 VUs  10m28.0s/11m00.0s

running (10m29.0s), 4/5 VUs, 686 complete and 0 interrupted iterations
default   [  95% ] 4/5 VUs  10m29.0s/11m00.0s

running (10m30.0s), 4/5 VUs, 686 complete and 0 interrupted iterations
default   [  95% ] 4/5 VUs  10m30.0s/11m00.0s

running (10m31.0s), 4/5 VUs, 686 complete and 0 interrupted iterations
default   [  96% ] 4/5 VUs  10m31.0s/11m00.0s

running (10m32.0s), 3/5 VUs, 687 complete and 0 interrupted iterations
default   [  96% ] 3/5 VUs  10m32.0s/11m00.0s

running (10m33.0s), 3/5 VUs, 687 complete and 0 interrupted iterations
default   [  96% ] 3/5 VUs  10m33.0s/11m00.0s

running (10m34.0s), 3/5 VUs, 687 complete and 0 interrupted iterations
default   [  96% ] 3/5 VUs  10m34.0s/11m00.0s

running (10m35.0s), 3/5 VUs, 687 complete and 0 interrupted iterations
default   [  96% ] 3/5 VUs  10m35.0s/11m00.0s

running (10m36.0s), 3/5 VUs, 687 complete and 0 interrupted iterations
default   [  96% ] 3/5 VUs  10m36.0s/11m00.0s

running (10m37.0s), 2/5 VUs, 688 complete and 0 interrupted iterations
default   [  97% ] 2/5 VUs  10m37.0s/11m00.0s

running (10m38.0s), 2/5 VUs, 688 complete and 0 interrupted iterations
default   [  97% ] 2/5 VUs  10m38.0s/11m00.0s

running (10m39.0s), 2/5 VUs, 688 complete and 0 interrupted iterations
default   [  97% ] 2/5 VUs  10m39.0s/11m00.0s

running (10m40.0s), 2/5 VUs, 688 complete and 0 interrupted iterations
default   [  97% ] 2/5 VUs  10m40.0s/11m00.0s

running (10m41.0s), 2/5 VUs, 688 complete and 0 interrupted iterations
default   [  97% ] 2/5 VUs  10m41.0s/11m00.0s

running (10m42.0s), 2/5 VUs, 689 complete and 0 interrupted iterations
default   [  97% ] 2/5 VUs  10m42.0s/11m00.0s

running (10m43.0s), 2/5 VUs, 689 complete and 0 interrupted iterations
default   [  97% ] 2/5 VUs  10m43.0s/11m00.0s

running (10m44.0s), 2/5 VUs, 689 complete and 0 interrupted iterations
default   [  98% ] 2/5 VUs  10m44.0s/11m00.0s

running (10m45.0s), 2/5 VUs, 689 complete and 0 interrupted iterations
default   [  98% ] 2/5 VUs  10m45.0s/11m00.0s

running (10m46.0s), 2/5 VUs, 689 complete and 0 interrupted iterations
default   [  98% ] 2/5 VUs  10m46.0s/11m00.0s

running (10m47.0s), 2/5 VUs, 689 complete and 0 interrupted iterations
default   [  98% ] 2/5 VUs  10m47.0s/11m00.0s

running (10m48.0s), 2/5 VUs, 690 complete and 0 interrupted iterations
default   [  98% ] 2/5 VUs  10m48.0s/11m00.0s

running (10m49.0s), 2/5 VUs, 690 complete and 0 interrupted iterations
default   [  98% ] 2/5 VUs  10m49.0s/11m00.0s

running (10m50.0s), 2/5 VUs, 690 complete and 0 interrupted iterations
default   [  98% ] 2/5 VUs  10m50.0s/11m00.0s

running (10m51.0s), 2/5 VUs, 690 complete and 0 interrupted iterations
default   [  99% ] 2/5 VUs  10m51.0s/11m00.0s

running (10m52.0s), 2/5 VUs, 690 complete and 0 interrupted iterations
default   [  99% ] 2/5 VUs  10m52.0s/11m00.0s

running (10m53.0s), 1/5 VUs, 691 complete and 0 interrupted iterations
default   [  99% ] 1/5 VUs  10m53.0s/11m00.0s

running (10m54.0s), 1/5 VUs, 691 complete and 0 interrupted iterations
default   [  99% ] 1/5 VUs  10m54.0s/11m00.0s

running (10m55.0s), 1/5 VUs, 691 complete and 0 interrupted iterations
default   [  99% ] 1/5 VUs  10m55.0s/11m00.0s

running (10m56.0s), 1/5 VUs, 691 complete and 0 interrupted iterations
default   [  99% ] 1/5 VUs  10m56.0s/11m00.0s

running (10m57.0s), 1/5 VUs, 691 complete and 0 interrupted iterations
default   [ 100% ] 1/5 VUs  10m57.0s/11m00.0s

running (10m58.0s), 1/5 VUs, 692 complete and 0 interrupted iterations
default   [ 100% ] 1/5 VUs  10m58.0s/11m00.0s

running (10m59.0s), 1/5 VUs, 692 complete and 0 interrupted iterations
default   [ 100% ] 1/5 VUs  10m59.0s/11m00.0s

running (11m00.0s), 1/5 VUs, 692 complete and 0 interrupted iterations
default ↓ [ 100% ] 1/5 VUs  11m0s

running (11m01.0s), 1/5 VUs, 692 complete and 0 interrupted iterations
default ↓ [ 100% ] 1/5 VUs  11m0s

running (11m02.0s), 1/5 VUs, 692 complete and 0 interrupted iterations
default ↓ [ 100% ] 1/5 VUs  11m0s

running (11m03.0s), 1/5 VUs, 692 complete and 0 interrupted iterations
default ↓ [ 100% ] 1/5 VUs  11m0s


  █ THRESHOLDS 

    http_req_duration
    ✓ 'p(95)<60000' p(95)=24.79s

    http_req_failed
    ✗ 'rate<0.60' rate=87.59%


  █ TOTAL RESULTS 

    checks_total.......: 2079    3.132298/s
    checks_succeeded...: 100.00% 2079 out of 2079
    checks_failed......: 0.00%   0 out of 2079

    ✓ status valid (200/502/504)
    ✓ has response_category
    ✓ has request_id

    HTTP
    http_req_duration..............: avg=3.19s  min=360.67ms med=876.47ms max=25.19s p(90)=9.79s  p(95)=24.79s
      { expected_response:true }...: avg=19.83s min=4.99s    med=24.62s   max=25.19s p(90)=24.99s p(95)=25.09s
    http_req_failed................: 87.59% 607 out of 693
    http_reqs......................: 693    1.044099/s

    EXECUTION
    iteration_duration.............: avg=4.2s   min=1.36s    med=1.87s    max=26.2s  p(90)=10.79s p(95)=25.79s
    iterations.....................: 693    1.044099/s
    vus............................: 1      min=1          max=5
    vus_max........................: 5      min=5          max=5

    NETWORK
    data_received..................: 976 kB 1.5 kB/s
    data_sent......................: 90 MB  136 kB/s




running (11m03.7s), 0/5 VUs, 693 complete and 0 interrupted iterations
default ✓ [ 100% ] 0/5 VUs  11m0s
