INFO:     [IP-DISAMARKAN]:53572 - "GET /metrics/ HTTP/1.1" 200 OK
INFO:     127.0.0.1:46878 - "GET /health HTTP/1.1" 200 OK
INFO:     [IP-DISAMARKAN]:46354 - "GET /metrics HTTP/1.1" 307 Temporary Redirect
INFO:     [IP-DISAMARKAN]:46354 - "GET /metrics/ HTTP/1.1" 200 OK
INFO:     [IP-DISAMARKAN]:57060 - "GET /health HTTP/1.1" 200 OK
INFO:     [IP-DISAMARKAN]:34908 - "GET /metrics HTTP/1.1" 307 Temporary Redirect
INFO:     [IP-DISAMARKAN]:34908 - "GET /metrics/ HTTP/1.1" 200 OK
INFO:     127.0.0.1:47216 - "GET /health HTTP/1.1" 200 OK
INFO:     [IP-DISAMARKAN]:35436 - "GET /metrics HTTP/1.1" 307 Temporary Redirect
INFO:     [IP-DISAMARKAN]:35436 - "GET /metrics/ HTTP/1.1" 200 OK
INFO:     [IP-DISAMARKAN]:47900 - "GET /health HTTP/1.1" 200 OK
INFO:     [IP-DISAMARKAN]:37482 - "GET /metrics HTTP/1.1" 307 Temporary Redirect
INFO:     [IP-DISAMARKAN]:37482 - "GET /metrics/ HTTP/1.1" 200 OK
INFO:     127.0.0.1:46414 - "GET /health HTTP/1.1" 200 OK
INFO:     [IP-DISAMARKAN]:58412 - "GET /metrics HTTP/1.1" 307 Temporary Redirect
INFO:     [IP-DISAMARKAN]:58412 - "GET /metrics/ HTTP/1.1" 200 OK
INFO:     [IP-DISAMARKAN]:55130 - "GET /health HTTP/1.1" 200 OK
INFO:     [IP-DISAMARKAN]:43846 - "GET /metrics HTTP/1.1" 307 Temporary Redirect
INFO:     [IP-DISAMARKAN]:43846 - "GET /metrics/ HTTP/1.1" 200 OK
INFO:     127.0.0.1:55350 - "GET /health HTTP/1.1" 200 OK
INFO:     [IP-DISAMARKAN]:36632 - "GET /metrics HTTP/1.1" 307 Temporary Redirect
INFO:     [IP-DISAMARKAN]:36632 - "GET /metrics/ HTTP/1.1" 200 OK
INFO:     [IP-DISAMARKAN]:48640 - "GET /health HTTP/1.1" 200 OK
INFO:     [IP-DISAMARKAN]:51490 - "GET /metrics HTTP/1.1" 307 Temporary Redirect
INFO:     [IP-DISAMARKAN]:51490 - "GET /metrics/ HTTP/1.1" 200 OK
INFO:     127.0.0.1:42080 - "GET /health HTTP/1.1" 200 OK
INFO:     [IP-DISAMARKAN]:52026 - "GET /metrics HTTP/1.1" 307 Temporary Redirect
INFO:     [IP-DISAMARKAN]:52026 - "GET /metrics/ HTTP/1.1" 200 OK
INFO:     [IP-DISAMARKAN]:52402 - "GET /health HTTP/1.1" 200 OK
INFO:     [IP-DISAMARKAN]:58066 - "GET /metrics HTTP/1.1" 307 Temporary Redirect
INFO:     [IP-DISAMARKAN]:58066 - "GET /metrics/ HTTP/1.1" 200 OK
INFO:     127.0.0.1:53920 - "GET /health HTTP/1.1" 200 OK
INFO:     [IP-DISAMARKAN]:38818 - "GET /metrics HTTP/1.1" 307 Temporary Redirect
INFO:     [IP-DISAMARKAN]:38818 - "GET /metrics/ HTTP/1.1" 200 OK
INFO:     [IP-DISAMARKAN]:33898 - "GET /health HTTP/1.1" 200 OK
INFO:     [IP-DISAMARKAN]:41742 - "GET /metrics HTTP/1.1" 307 Temporary Redirect
INFO:     [IP-DISAMARKAN]:41742 - "GET /metrics/ HTTP/1.1" 200 OK
INFO:     127.0.0.1:57658 - "GET /health HTTP/1.1" 200 OK
INFO:     [IP-DISAMARKAN]:32992 - "GET /metrics HTTP/1.1" 307 Temporary Redirect
INFO:     [IP-DISAMARKAN]:32992 - "GET /metrics/ HTTP/1.1" 200 OK
INFO:     [IP-DISAMARKAN]:54442 - "GET /health HTTP/1.1" 200 OK
INFO:     [IP-DISAMARKAN]:54916 - "GET /metrics HTTP/1.1" 307 Temporary Redirect
INFO:     [IP-DISAMARKAN]:54916 - "GET /metrics/ HTTP/1.1" 200 OK
INFO:     127.0.0.1:52464 - "GET /health HTTP/1.1" 200 OK
INFO:     [IP-DISAMARKAN]:36044 - "GET /metrics HTTP/1.1" 307 Temporary Redirect
INFO:     [IP-DISAMARKAN]:36044 - "GET /metrics/ HTTP/1.1" 200 OK
INFO:     [IP-DISAMARKAN]:39454 - "GET /health HTTP/1.1" 200 OK
INFO:     [IP-DISAMARKAN]:53440 - "GET /metrics HTTP/1.1" 307 Temporary Redirect
INFO:     [IP-DISAMARKAN]:53440 - "GET /metrics/ HTTP/1.1" 200 OK
INFO:     127.0.0.1:40148 - "GET /health HTTP/1.1" 200 OK
INFO:     [IP-DISAMARKAN]:55094 - "GET /metrics HTTP/1.1" 307 Temporary Redirect
INFO:     [IP-DISAMARKAN]:55094 - "GET /metrics/ HTTP/1.1" 200 OK
INFO:     [IP-DISAMARKAN]:44328 - "GET /metrics HTTP/1.1" 307 Temporary Redirect
INFO:     [IP-DISAMARKAN]:44328 - "GET /metrics/ HTTP/1.1" 200 OK
INFO:     127.0.0.1:59572 - "GET /health HTTP/1.1" 200 OK
INFO:     [IP-DISAMARKAN]:56432 - "GET /health HTTP/1.1" 200 OK
INFO:     [IP-DISAMARKAN]:52856 - "GET /metrics HTTP/1.1" 307 Temporary Redirect
INFO:     [IP-DISAMARKAN]:52856 - "GET /metrics/ HTTP/1.1" 200 OK
INFO:     [IP-DISAMARKAN]:46744 - "GET /metrics HTTP/1.1" 307 Temporary Redirect
INFO:     [IP-DISAMARKAN]:46744 - "GET /metrics/ HTTP/1.1" 200 OK
INFO:     127.0.0.1:54552 - "GET /health HTTP/1.1" 200 OK
INFO:     [IP-DISAMARKAN]:58656 - "GET /health HTTP/1.1" 200 OK
INFO:     [IP-DISAMARKAN]:47874 - "GET /metrics HTTP/1.1" 307 Temporary Redirect
INFO:     [IP-DISAMARKAN]:47874 - "GET /metrics/ HTTP/1.1" 200 OK
INFO:     [IP-DISAMARKAN]:39076 - "GET /metrics HTTP/1.1" 307 Temporary Redirect
INFO:     [IP-DISAMARKAN]:39076 - "GET /metrics/ HTTP/1.1" 200 OK
INFO:     127.0.0.1:49536 - "GET /health HTTP/1.1" 200 OK
INFO:     [IP-DISAMARKAN]:57036 - "GET /health HTTP/1.1" 200 OK
INFO:     [IP-DISAMARKAN]:36178 - "GET /metrics HTTP/1.1" 307 Temporary Redirect
INFO:     [IP-DISAMARKAN]:36178 - "GET /metrics/ HTTP/1.1" 200 OK
INFO:     [IP-DISAMARKAN]:59832 - "GET /metrics HTTP/1.1" 307 Temporary Redirect
INFO:     [IP-DISAMARKAN]:59832 - "GET /metrics/ HTTP/1.1" 200 OK
INFO:     127.0.0.1:44688 - "GET /health HTTP/1.1" 200 OK
INFO:     [IP-DISAMARKAN]:45562 - "GET /metrics HTTP/1.1" 307 Temporary Redirect
INFO:     [IP-DISAMARKAN]:45562 - "GET /metrics/ HTTP/1.1" 200 OK
INFO:     [IP-DISAMARKAN]:54682 - "GET /health HTTP/1.1" 200 OK
INFO:     [IP-DISAMARKAN]:53840 - "GET /metrics HTTP/1.1" 307 Temporary Redirect
INFO:     [IP-DISAMARKAN]:53840 - "GET /metrics/ HTTP/1.1" 200 OK
INFO:     127.0.0.1:57450 - "GET /health HTTP/1.1" 200 OK
INFO:     [IP-DISAMARKAN]:59438 - "GET /metrics HTTP/1.1" 307 Temporary Redirect
INFO:     [IP-DISAMARKAN]:59438 - "GET /metrics/ HTTP/1.1" 200 OK
INFO:     [IP-DISAMARKAN]:46576 - "GET /health HTTP/1.1" 200 OK
INFO:     [IP-DISAMARKAN]:35210 - "GET /metrics HTTP/1.1" 307 Temporary Redirect
INFO:     [IP-DISAMARKAN]:35210 - "GET /metrics/ HTTP/1.1" 200 OK
INFO:     127.0.0.1:43496 - "GET /health HTTP/1.1" 200 OK
INFO:     [IP-DISAMARKAN]:46572 - "GET /metrics HTTP/1.1" 307 Temporary Redirect
INFO:     [IP-DISAMARKAN]:46572 - "GET /metrics/ HTTP/1.1" 200 OK
INFO:     [IP-DISAMARKAN]:60580 - "GET /health HTTP/1.1" 200 OK
INFO:     [IP-DISAMARKAN]:51520 - "GET /metrics HTTP/1.1" 307 Temporary Redirect
INFO:     [IP-DISAMARKAN]:51520 - "GET /metrics/ HTTP/1.1" 200 OK
INFO:     127.0.0.1:51376 - "GET /health HTTP/1.1" 200 OK
INFO:     [IP-DISAMARKAN]:45554 - "GET /metrics HTTP/1.1" 307 Temporary Redirect
INFO:     [IP-DISAMARKAN]:45554 - "GET /metrics/ HTTP/1.1" 200 OK
INFO:     [IP-DISAMARKAN]:32898 - "GET /metrics HTTP/1.1" 307 Temporary Redirect
INFO:     [IP-DISAMARKAN]:32898 - "GET /metrics/ HTTP/1.1" 200 OK
INFO:     [IP-DISAMARKAN]:58160 - "GET /health HTTP/1.1" 200 OK
INFO:     127.0.0.1:52066 - "GET /health HTTP/1.1" 200 OK
INFO:     [IP-DISAMARKAN]:53882 - "GET /metrics HTTP/1.1" 307 Temporary Redirect
INFO:     [IP-DISAMARKAN]:53882 - "GET /metrics/ HTTP/1.1" 200 OK
INFO:     [IP-DISAMARKAN]:53288 - "GET /metrics HTTP/1.1" 307 Temporary Redirect
INFO:     [IP-DISAMARKAN]:53288 - "GET /metrics/ HTTP/1.1" 200 OK
INFO:     127.0.0.1:34374 - "GET /health HTTP/1.1" 200 OK
INFO:     [IP-DISAMARKAN]:41156 - "GET /health HTTP/1.1" 200 OK
INFO:     [IP-DISAMARKAN]:50198 - "GET /metrics HTTP/1.1" 307 Temporary Redirect
INFO:     [IP-DISAMARKAN]:50198 - "GET /metrics/ HTTP/1.1" 200 OK
INFO:     [IP-DISAMARKAN]:48994 - "GET /metrics HTTP/1.1" 307 Temporary Redirect
INFO:     [IP-DISAMARKAN]:48994 - "GET /metrics/ HTTP/1.1" 200 OK
INFO:     127.0.0.1:37870 - "GET /health HTTP/1.1" 200 OK
INFO:     [IP-DISAMARKAN]:52776 - "GET /health HTTP/1.1" 200 OK
INFO:     [IP-DISAMARKAN]:49042 - "GET /metrics HTTP/1.1" 307 Temporary Redirect
INFO:     [IP-DISAMARKAN]:49042 - "GET /metrics/ HTTP/1.1" 200 OK
INFO:     [IP-DISAMARKAN]:35126 - "GET /metrics HTTP/1.1" 307 Temporary Redirect
INFO:     [IP-DISAMARKAN]:35126 - "GET /metrics/ HTTP/1.1" 200 OK
INFO:     127.0.0.1:33330 - "GET /health HTTP/1.1" 200 OK
INFO:     [IP-DISAMARKAN]:52788 - "GET /metrics HTTP/1.1" 307 Temporary Redirect
INFO:     [IP-DISAMARKAN]:52788 - "GET /metrics/ HTTP/1.1" 200 OK
INFO:     [IP-DISAMARKAN]:59768 - "GET /health HTTP/1.1" 200 OK
INFO:     [IP-DISAMARKAN]:38846 - "GET /metrics HTTP/1.1" 307 Temporary Redirect
INFO:     [IP-DISAMARKAN]:38846 - "GET /metrics/ HTTP/1.1" 200 OK
INFO:     127.0.0.1:60988 - "GET /health HTTP/1.1" 200 OK
INFO:     [IP-DISAMARKAN]:43554 - "GET /metrics HTTP/1.1" 307 Temporary Redirect
INFO:     [IP-DISAMARKAN]:43554 - "GET /metrics/ HTTP/1.1" 200 OK
INFO:     [IP-DISAMARKAN]:49330 - "GET /health HTTP/1.1" 200 OK
INFO:     [IP-DISAMARKAN]:35542 - "GET /metrics HTTP/1.1" 307 Temporary Redirect
INFO:     [IP-DISAMARKAN]:35542 - "GET /metrics/ HTTP/1.1" 200 OK
INFO:     127.0.0.1:39880 - "GET /health HTTP/1.1" 200 OK
INFO:     [IP-DISAMARKAN]:34224 - "GET /metrics HTTP/1.1" 307 Temporary Redirect
INFO:     [IP-DISAMARKAN]:34224 - "GET /metrics/ HTTP/1.1" 200 OK
INFO:     [IP-DISAMARKAN]:48276 - "GET /health HTTP/1.1" 200 OK
INFO:     [IP-DISAMARKAN]:49994 - "GET /metrics HTTP/1.1" 307 Temporary Redirect
INFO:     [IP-DISAMARKAN]:49994 - "GET /metrics/ HTTP/1.1" 200 OK
INFO:     127.0.0.1:37242 - "GET /health HTTP/1.1" 200 OK
INFO:     [IP-DISAMARKAN]:47078 - "GET /metrics HTTP/1.1" 307 Temporary Redirect
INFO:     [IP-DISAMARKAN]:47078 - "GET /metrics/ HTTP/1.1" 200 OK
INFO:     [IP-DISAMARKAN]:33956 - "GET /metrics HTTP/1.1" 307 Temporary Redirect
INFO:     [IP-DISAMARKAN]:33956 - "GET /metrics/ HTTP/1.1" 200 OK
INFO:     [IP-DISAMARKAN]:60778 - "GET /health HTTP/1.1" 200 OK
INFO:     127.0.0.1:39042 - "GET /health HTTP/1.1" 200 OK
INFO:     [IP-DISAMARKAN]:54064 - "GET /metrics HTTP/1.1" 307 Temporary Redirect
INFO:     [IP-DISAMARKAN]:54064 - "GET /metrics/ HTTP/1.1" 200 OK
INFO:     [IP-DISAMARKAN]:53772 - "GET /metrics HTTP/1.1" 307 Temporary Redirect
INFO:     [IP-DISAMARKAN]:53772 - "GET /metrics/ HTTP/1.1" 200 OK
INFO:     127.0.0.1:55158 - "GET /health HTTP/1.1" 200 OK
INFO:     [IP-DISAMARKAN]:51682 - "GET /health HTTP/1.1" 200 OK
INFO:     [IP-DISAMARKAN]:35078 - "GET /metrics HTTP/1.1" 307 Temporary Redirect
INFO:     [IP-DISAMARKAN]:35078 - "GET /metrics/ HTTP/1.1" 200 OK
INFO:     [IP-DISAMARKAN]:48884 - "GET /metrics HTTP/1.1" 307 Temporary Redirect
INFO:     [IP-DISAMARKAN]:48884 - "GET /metrics/ HTTP/1.1" 200 OK
INFO:     127.0.0.1:39706 - "GET /health HTTP/1.1" 200 OK
INFO:     [IP-DISAMARKAN]:51110 - "GET /health HTTP/1.1" 200 OK
INFO:     [IP-DISAMARKAN]:34250 - "GET /metrics HTTP/1.1" 307 Temporary Redirect
INFO:     [IP-DISAMARKAN]:34250 - "GET /metrics/ HTTP/1.1" 200 OK
INFO:     [IP-DISAMARKAN]:60824 - "GET /metrics HTTP/1.1" 307 Temporary Redirect
INFO:     [IP-DISAMARKAN]:60824 - "GET /metrics/ HTTP/1.1" 200 OK
INFO:     127.0.0.1:41276 - "GET /health HTTP/1.1" 200 OK
INFO:     [IP-DISAMARKAN]:44012 - "GET /health HTTP/1.1" 200 OK
INFO:     [IP-DISAMARKAN]:41336 - "GET /metrics HTTP/1.1" 307 Temporary Redirect
INFO:     [IP-DISAMARKAN]:41336 - "GET /metrics/ HTTP/1.1" 200 OK
INFO:     [IP-DISAMARKAN]:51158 - "GET /metrics HTTP/1.1" 307 Temporary Redirect
INFO:     [IP-DISAMARKAN]:51158 - "GET /metrics/ HTTP/1.1" 200 OK
INFO:     127.0.0.1:36658 - "GET /health HTTP/1.1" 200 OK
INFO:     [IP-DISAMARKAN]:43618 - "GET /health HTTP/1.1" 200 OK
INFO:     [IP-DISAMARKAN]:38604 - "GET /metrics HTTP/1.1" 307 Temporary Redirect
INFO:     [IP-DISAMARKAN]:38604 - "GET /metrics/ HTTP/1.1" 200 OK
INFO:     [IP-DISAMARKAN]:40498 - "GET /metrics HTTP/1.1" 307 Temporary Redirect
INFO:     [IP-DISAMARKAN]:40498 - "GET /metrics/ HTTP/1.1" 200 OK
INFO:     127.0.0.1:37756 - "GET /health HTTP/1.1" 200 OK
INFO:     [IP-DISAMARKAN]:53488 - "GET /health HTTP/1.1" 200 OK
INFO:     [IP-DISAMARKAN]:59354 - "GET /metrics HTTP/1.1" 307 Temporary Redirect
INFO:     [IP-DISAMARKAN]:59354 - "GET /metrics/ HTTP/1.1" 200 OK
INFO:     [IP-DISAMARKAN]:41726 - "GET /metrics HTTP/1.1" 307 Temporary Redirect
INFO:     [IP-DISAMARKAN]:41726 - "GET /metrics/ HTTP/1.1" 200 OK
INFO:     127.0.0.1:38844 - "GET /health HTTP/1.1" 200 OK
INFO:     [IP-DISAMARKAN]:35160 - "GET /health HTTP/1.1" 200 OK
INFO:     [IP-DISAMARKAN]:39978 - "GET /metrics HTTP/1.1" 307 Temporary Redirect
INFO:     [IP-DISAMARKAN]:39978 - "GET /metrics/ HTTP/1.1" 200 OK
INFO:     [IP-DISAMARKAN]:40386 - "GET /metrics HTTP/1.1" 307 Temporary Redirect
INFO:     [IP-DISAMARKAN]:40386 - "GET /metrics/ HTTP/1.1" 200 OK
INFO:     127.0.0.1:53296 - "GET /health HTTP/1.1" 200 OK
INFO:     [IP-DISAMARKAN]:60640 - "GET /health HTTP/1.1" 200 OK
INFO:     [IP-DISAMARKAN]:49386 - "GET /metrics HTTP/1.1" 307 Temporary Redirect
INFO:     [IP-DISAMARKAN]:49386 - "GET /metrics/ HTTP/1.1" 200 OK
INFO:     [IP-DISAMARKAN]:35400 - "GET /metrics HTTP/1.1" 307 Temporary Redirect
INFO:     [IP-DISAMARKAN]:35400 - "GET /metrics/ HTTP/1.1" 200 OK
INFO:     127.0.0.1:44556 - "GET /health HTTP/1.1" 200 OK
INFO:     [IP-DISAMARKAN]:36984 - "GET /health HTTP/1.1" 200 OK
INFO:     [IP-DISAMARKAN]:34196 - "GET /metrics HTTP/1.1" 307 Temporary Redirect
INFO:     [IP-DISAMARKAN]:34196 - "GET /metrics/ HTTP/1.1" 200 OK
INFO:     [IP-DISAMARKAN]:50884 - "GET /metrics HTTP/1.1" 307 Temporary Redirect
INFO:     [IP-DISAMARKAN]:50884 - "GET /metrics/ HTTP/1.1" 200 OK
INFO:     127.0.0.1:54798 - "GET /health HTTP/1.1" 200 OK
INFO:     [IP-DISAMARKAN]:37080 - "GET /health HTTP/1.1" 200 OK
INFO:     [IP-DISAMARKAN]:39132 - "GET /metrics HTTP/1.1" 307 Temporary Redirect
INFO:     [IP-DISAMARKAN]:39132 - "GET /metrics/ HTTP/1.1" 200 OK
INFO:     [IP-DISAMARKAN]:55418 - "GET /metrics HTTP/1.1" 307 Temporary Redirect
INFO:     [IP-DISAMARKAN]:55418 - "GET /metrics/ HTTP/1.1" 200 OK
INFO:     127.0.0.1:47892 - "GET /health HTTP/1.1" 200 OK
INFO:     [IP-DISAMARKAN]:50638 - "GET /health HTTP/1.1" 200 OK
INFO:     [IP-DISAMARKAN]:56926 - "GET /metrics HTTP/1.1" 307 Temporary Redirect
INFO:     [IP-DISAMARKAN]:56926 - "GET /metrics/ HTTP/1.1" 200 OK
INFO:     [IP-DISAMARKAN]:38994 - "GET /metrics HTTP/1.1" 307 Temporary Redirect
INFO:     [IP-DISAMARKAN]:38994 - "GET /metrics/ HTTP/1.1" 200 OK
INFO:     127.0.0.1:46780 - "GET /health HTTP/1.1" 200 OK
INFO:     [IP-DISAMARKAN]:52386 - "GET /health HTTP/1.1" 200 OK
INFO:     [IP-DISAMARKAN]:57212 - "GET /metrics HTTP/1.1" 307 Temporary Redirect
INFO:     [IP-DISAMARKAN]:57212 - "GET /metrics/ HTTP/1.1" 200 OK
INFO:     [IP-DISAMARKAN]:47008 - "GET /metrics HTTP/1.1" 307 Temporary Redirect
INFO:     [IP-DISAMARKAN]:47008 - "GET /metrics/ HTTP/1.1" 200 OK
INFO:     127.0.0.1:50478 - "GET /health HTTP/1.1" 200 OK
INFO:     [IP-DISAMARKAN]:56950 - "GET /health HTTP/1.1" 200 OK
INFO:     [IP-DISAMARKAN]:57016 - "GET /metrics HTTP/1.1" 307 Temporary Redirect
INFO:     [IP-DISAMARKAN]:57016 - "GET /metrics/ HTTP/1.1" 200 OK
INFO:     [IP-DISAMARKAN]:52318 - "GET /metrics HTTP/1.1" 307 Temporary Redirect
INFO:     [IP-DISAMARKAN]:52318 - "GET /metrics/ HTTP/1.1" 200 OK
INFO:     127.0.0.1:45260 - "GET /health HTTP/1.1" 200 OK
INFO:     [IP-DISAMARKAN]:53576 - "GET /health HTTP/1.1" 200 OK
INFO:     [IP-DISAMARKAN]:51082 - "GET /metrics HTTP/1.1" 307 Temporary Redirect
INFO:     [IP-DISAMARKAN]:51082 - "GET /metrics/ HTTP/1.1" 200 OK
INFO:     [IP-DISAMARKAN]:42254 - "GET /metrics HTTP/1.1" 307 Temporary Redirect
INFO:     [IP-DISAMARKAN]:42254 - "GET /metrics/ HTTP/1.1" 200 OK
INFO:     127.0.0.1:38896 - "GET /health HTTP/1.1" 200 OK
INFO:     [IP-DISAMARKAN]:54978 - "GET /health HTTP/1.1" 200 OK
INFO:     [IP-DISAMARKAN]:51482 - "GET /metrics HTTP/1.1" 307 Temporary Redirect
INFO:     [IP-DISAMARKAN]:51482 - "GET /metrics/ HTTP/1.1" 200 OK
INFO:     [IP-DISAMARKAN]:37742 - "GET /metrics HTTP/1.1" 307 Temporary Redirect
INFO:     [IP-DISAMARKAN]:37742 - "GET /metrics/ HTTP/1.1" 200 OK
INFO:     127.0.0.1:42916 - "GET /health HTTP/1.1" 200 OK
INFO:     [IP-DISAMARKAN]:33210 - "GET /health HTTP/1.1" 200 OK
INFO:     [IP-DISAMARKAN]:40464 - "GET /metrics HTTP/1.1" 307 Temporary Redirect
INFO:     [IP-DISAMARKAN]:40464 - "GET /metrics/ HTTP/1.1" 200 OK
INFO:     [IP-DISAMARKAN]:40420 - "GET /metrics HTTP/1.1" 307 Temporary Redirect
INFO:     [IP-DISAMARKAN]:40420 - "GET /metrics/ HTTP/1.1" 200 OK
INFO:     127.0.0.1:38286 - "GET /health HTTP/1.1" 200 OK
INFO:     [IP-DISAMARKAN]:48624 - "GET /health HTTP/1.1" 200 OK
INFO:     [IP-DISAMARKAN]:58646 - "GET /metrics HTTP/1.1" 307 Temporary Redirect
INFO:     [IP-DISAMARKAN]:58646 - "GET /metrics/ HTTP/1.1" 200 OK
INFO:     [IP-DISAMARKAN]:40334 - "GET /metrics HTTP/1.1" 307 Temporary Redirect
INFO:     [IP-DISAMARKAN]:40334 - "GET /metrics/ HTTP/1.1" 200 OK
INFO:     127.0.0.1:47366 - "GET /health HTTP/1.1" 200 OK
INFO:     [IP-DISAMARKAN]:44838 - "GET /health HTTP/1.1" 200 OK
INFO:     [IP-DISAMARKAN]:33970 - "GET /metrics HTTP/1.1" 307 Temporary Redirect
INFO:     [IP-DISAMARKAN]:33970 - "GET /metrics/ HTTP/1.1" 200 OK
INFO:     [IP-DISAMARKAN]:32852 - "GET /metrics HTTP/1.1" 307 Temporary Redirect
INFO:     [IP-DISAMARKAN]:32852 - "GET /metrics/ HTTP/1.1" 200 OK
INFO:     127.0.0.1:54024 - "GET /health HTTP/1.1" 200 OK
INFO:     [IP-DISAMARKAN]:47416 - "GET /health HTTP/1.1" 200 OK
INFO:     [IP-DISAMARKAN]:42626 - "GET /metrics HTTP/1.1" 307 Temporary Redirect
INFO:     [IP-DISAMARKAN]:42626 - "GET /metrics/ HTTP/1.1" 200 OK
INFO:     [IP-DISAMARKAN]:46660 - "GET /metrics HTTP/1.1" 307 Temporary Redirect
INFO:     [IP-DISAMARKAN]:46660 - "GET /metrics/ HTTP/1.1" 200 OK
INFO:     127.0.0.1:48962 - "GET /health HTTP/1.1" 200 OK
INFO:     [IP-DISAMARKAN]:41112 - "GET /health HTTP/1.1" 200 OK
INFO:     [IP-DISAMARKAN]:52974 - "GET /metrics HTTP/1.1" 307 Temporary Redirect
INFO:     [IP-DISAMARKAN]:52974 - "GET /metrics/ HTTP/1.1" 200 OK
INFO:     [IP-DISAMARKAN]:53732 - "GET /metrics HTTP/1.1" 307 Temporary Redirect
INFO:     [IP-DISAMARKAN]:53732 - "GET /metrics/ HTTP/1.1" 200 OK
INFO:     127.0.0.1:36028 - "GET /health HTTP/1.1" 200 OK
INFO:     [IP-DISAMARKAN]:57192 - "GET /metrics HTTP/1.1" 307 Temporary Redirect
INFO:     [IP-DISAMARKAN]:57192 - "GET /metrics/ HTTP/1.1" 200 OK
INFO:     [IP-DISAMARKAN]:51648 - "GET /health HTTP/1.1" 200 OK
INFO:     [IP-DISAMARKAN]:37638 - "GET /metrics HTTP/1.1" 307 Temporary Redirect
INFO:     [IP-DISAMARKAN]:37638 - "GET /metrics/ HTTP/1.1" 200 OK
INFO:     127.0.0.1:38006 - "GET /health HTTP/1.1" 200 OK
INFO:     [IP-DISAMARKAN]:54568 - "GET /metrics HTTP/1.1" 307 Temporary Redirect
INFO:     [IP-DISAMARKAN]:54568 - "GET /metrics/ HTTP/1.1" 200 OK
INFO:     [IP-DISAMARKAN]:51634 - "GET /health HTTP/1.1" 200 OK
INFO:     [IP-DISAMARKAN]:60014 - "GET /metrics HTTP/1.1" 307 Temporary Redirect
INFO:     [IP-DISAMARKAN]:60014 - "GET /metrics/ HTTP/1.1" 200 OK
INFO:     127.0.0.1:56836 - "GET /health HTTP/1.1" 200 OK
INFO:     [IP-DISAMARKAN]:53184 - "GET /metrics HTTP/1.1" 307 Temporary Redirect
INFO:     [IP-DISAMARKAN]:53184 - "GET /metrics/ HTTP/1.1" 200 OK
INFO:     [IP-DISAMARKAN]:32850 - "GET /health HTTP/1.1" 200 OK
INFO:     [IP-DISAMARKAN]:51462 - "GET /metrics HTTP/1.1" 307 Temporary Redirect
INFO:     [IP-DISAMARKAN]:51462 - "GET /metrics/ HTTP/1.1" 200 OK
INFO:     127.0.0.1:49036 - "GET /health HTTP/1.1" 200 OK
INFO:     [IP-DISAMARKAN]:46880 - "GET /metrics HTTP/1.1" 307 Temporary Redirect
INFO:     [IP-DISAMARKAN]:46880 - "GET /metrics/ HTTP/1.1" 200 OK
INFO:     [IP-DISAMARKAN]:58540 - "GET /metrics HTTP/1.1" 307 Temporary Redirect
INFO:     [IP-DISAMARKAN]:58540 - "GET /metrics/ HTTP/1.1" 200 OK
INFO:     [IP-DISAMARKAN]:54582 - "GET /health HTTP/1.1" 200 OK
INFO:     127.0.0.1:56080 - "GET /health HTTP/1.1" 200 OK
INFO:     [IP-DISAMARKAN]:48716 - "GET /metrics HTTP/1.1" 307 Temporary Redirect
INFO:     [IP-DISAMARKAN]:48716 - "GET /metrics/ HTTP/1.1" 200 OK
INFO:     [IP-DISAMARKAN]:60378 - "GET /metrics HTTP/1.1" 307 Temporary Redirect
INFO:     [IP-DISAMARKAN]:60378 - "GET /metrics/ HTTP/1.1" 200 OK
INFO:     [IP-DISAMARKAN]:47692 - "GET /health HTTP/1.1" 200 OK
INFO:     127.0.0.1:41706 - "GET /health HTTP/1.1" 200 OK
INFO:     [IP-DISAMARKAN]:58642 - "GET /metrics HTTP/1.1" 307 Temporary Redirect
INFO:     [IP-DISAMARKAN]:58642 - "GET /metrics/ HTTP/1.1" 200 OK
INFO:     [IP-DISAMARKAN]:36576 - "GET /metrics HTTP/1.1" 307 Temporary Redirect
INFO:     [IP-DISAMARKAN]:36576 - "GET /metrics/ HTTP/1.1" 200 OK
INFO:     127.0.0.1:55580 - "GET /health HTTP/1.1" 200 OK
INFO:     [IP-DISAMARKAN]:40858 - "GET /health HTTP/1.1" 200 OK
INFO:     [IP-DISAMARKAN]:39514 - "GET /metrics HTTP/1.1" 307 Temporary Redirect
INFO:     [IP-DISAMARKAN]:39514 - "GET /metrics/ HTTP/1.1" 200 OK
INFO:     [IP-DISAMARKAN]:59842 - "GET /metrics HTTP/1.1" 307 Temporary Redirect
INFO:     [IP-DISAMARKAN]:59842 - "GET /metrics/ HTTP/1.1" 200 OK
INFO:     127.0.0.1:51338 - "GET /health HTTP/1.1" 200 OK
INFO:     [IP-DISAMARKAN]:42334 - "GET /metrics HTTP/1.1" 307 Temporary Redirect
INFO:     [IP-DISAMARKAN]:42334 - "GET /metrics/ HTTP/1.1" 200 OK
INFO:     [IP-DISAMARKAN]:60616 - "GET /health HTTP/1.1" 200 OK
INFO:     [IP-DISAMARKAN]:49340 - "GET /metrics HTTP/1.1" 307 Temporary Redirect
INFO:     [IP-DISAMARKAN]:49340 - "GET /metrics/ HTTP/1.1" 200 OK
INFO:     127.0.0.1:45868 - "GET /health HTTP/1.1" 200 OK
INFO:     [IP-DISAMARKAN]:57556 - "GET /metrics HTTP/1.1" 307 Temporary Redirect
INFO:     [IP-DISAMARKAN]:57556 - "GET /metrics/ HTTP/1.1" 200 OK
INFO:     [IP-DISAMARKAN]:35738 - "GET /health HTTP/1.1" 200 OK
INFO:     [IP-DISAMARKAN]:51788 - "GET /metrics HTTP/1.1" 307 Temporary Redirect
INFO:     [IP-DISAMARKAN]:51788 - "GET /metrics/ HTTP/1.1" 200 OK
INFO:     127.0.0.1:41680 - "GET /health HTTP/1.1" 200 OK
INFO:     [IP-DISAMARKAN]:49584 - "GET /metrics HTTP/1.1" 307 Temporary Redirect
INFO:     [IP-DISAMARKAN]:49584 - "GET /metrics/ HTTP/1.1" 200 OK
INFO:     [IP-DISAMARKAN]:50344 - "GET /health HTTP/1.1" 200 OK
INFO:     [IP-DISAMARKAN]:32864 - "GET /metrics HTTP/1.1" 307 Temporary Redirect
INFO:     [IP-DISAMARKAN]:32864 - "GET /metrics/ HTTP/1.1" 200 OK
INFO:     127.0.0.1:35234 - "GET /health HTTP/1.1" 200 OK
INFO:     [IP-DISAMARKAN]:40628 - "GET /metrics HTTP/1.1" 307 Temporary Redirect
INFO:     [IP-DISAMARKAN]:40628 - "GET /metrics/ HTTP/1.1" 200 OK
INFO:     [IP-DISAMARKAN]:35774 - "GET /metrics HTTP/1.1" 307 Temporary Redirect
INFO:     [IP-DISAMARKAN]:35774 - "GET /metrics/ HTTP/1.1" 200 OK
INFO:     [IP-DISAMARKAN]:48218 - "GET /health HTTP/1.1" 200 OK
INFO:     127.0.0.1:51070 - "GET /health HTTP/1.1" 200 OK
INFO:     [IP-DISAMARKAN]:55090 - "GET /metrics HTTP/1.1" 307 Temporary Redirect
INFO:     [IP-DISAMARKAN]:55090 - "GET /metrics/ HTTP/1.1" 200 OK
INFO:     [IP-DISAMARKAN]:41416 - "GET /metrics HTTP/1.1" 307 Temporary Redirect
INFO:     [IP-DISAMARKAN]:41416 - "GET /metrics/ HTTP/1.1" 200 OK
INFO:     [IP-DISAMARKAN]:59204 - "GET /health HTTP/1.1" 200 OK
INFO:     127.0.0.1:47932 - "GET /health HTTP/1.1" 200 OK
INFO:     [IP-DISAMARKAN]:48892 - "GET /metrics HTTP/1.1" 307 Temporary Redirect
INFO:     [IP-DISAMARKAN]:48892 - "GET /metrics/ HTTP/1.1" 200 OK
INFO:     [IP-DISAMARKAN]:39726 - "GET /metrics HTTP/1.1" 307 Temporary Redirect
INFO:     [IP-DISAMARKAN]:39726 - "GET /metrics/ HTTP/1.1" 200 OK
INFO:     127.0.0.1:52732 - "GET /health HTTP/1.1" 200 OK
INFO:     [IP-DISAMARKAN]:43020 - "GET /health HTTP/1.1" 200 OK
INFO:     [IP-DISAMARKAN]:38040 - "GET /metrics HTTP/1.1" 307 Temporary Redirect
INFO:     [IP-DISAMARKAN]:38040 - "GET /metrics/ HTTP/1.1" 200 OK
INFO:     [IP-DISAMARKAN]:42270 - "GET /metrics HTTP/1.1" 307 Temporary Redirect
INFO:     [IP-DISAMARKAN]:42270 - "GET /metrics/ HTTP/1.1" 200 OK
INFO:     127.0.0.1:40682 - "GET /health HTTP/1.1" 200 OK
INFO:     [IP-DISAMARKAN]:52120 - "GET /metrics HTTP/1.1" 307 Temporary Redirect
INFO:     [IP-DISAMARKAN]:52120 - "GET /metrics/ HTTP/1.1" 200 OK
INFO:     [IP-DISAMARKAN]:52750 - "GET /health HTTP/1.1" 200 OK
INFO:     [IP-DISAMARKAN]:59560 - "GET /metrics HTTP/1.1" 307 Temporary Redirect
INFO:     [IP-DISAMARKAN]:59560 - "GET /metrics/ HTTP/1.1" 200 OK
INFO:     127.0.0.1:52554 - "GET /health HTTP/1.1" 200 OK
INFO:     [IP-DISAMARKAN]:35842 - "GET /metrics HTTP/1.1" 307 Temporary Redirect
INFO:     [IP-DISAMARKAN]:35842 - "GET /metrics/ HTTP/1.1" 200 OK
INFO:     [IP-DISAMARKAN]:34414 - "GET /health HTTP/1.1" 200 OK
INFO:     [IP-DISAMARKAN]:45598 - "GET /metrics HTTP/1.1" 307 Temporary Redirect
INFO:     [IP-DISAMARKAN]:45598 - "GET /metrics/ HTTP/1.1" 200 OK
INFO:     127.0.0.1:50684 - "GET /health HTTP/1.1" 200 OK
INFO:     [IP-DISAMARKAN]:38708 - "GET /metrics HTTP/1.1" 307 Temporary Redirect
INFO:     [IP-DISAMARKAN]:38708 - "GET /metrics/ HTTP/1.1" 200 OK
INFO:     [IP-DISAMARKAN]:58998 - "GET /health HTTP/1.1" 200 OK
INFO:     [IP-DISAMARKAN]:35884 - "GET /metrics HTTP/1.1" 307 Temporary Redirect
INFO:     [IP-DISAMARKAN]:35884 - "GET /metrics/ HTTP/1.1" 200 OK
INFO:     127.0.0.1:56894 - "GET /health HTTP/1.1" 200 OK
INFO:     [IP-DISAMARKAN]:45136 - "GET /metrics HTTP/1.1" 307 Temporary Redirect
INFO:     [IP-DISAMARKAN]:45136 - "GET /metrics/ HTTP/1.1" 200 OK
INFO:     [IP-DISAMARKAN]:50374 - "GET /metrics HTTP/1.1" 307 Temporary Redirect
INFO:     [IP-DISAMARKAN]:50374 - "GET /metrics/ HTTP/1.1" 200 OK
INFO:     [IP-DISAMARKAN]:47270 - "GET /health HTTP/1.1" 200 OK
INFO:     127.0.0.1:35356 - "GET /health HTTP/1.1" 200 OK
INFO:     [IP-DISAMARKAN]:45886 - "GET /metrics HTTP/1.1" 307 Temporary Redirect
INFO:     [IP-DISAMARKAN]:45886 - "GET /metrics/ HTTP/1.1" 200 OK
INFO:     [IP-DISAMARKAN]:59820 - "GET /metrics HTTP/1.1" 307 Temporary Redirect
INFO:     [IP-DISAMARKAN]:59820 - "GET /metrics/ HTTP/1.1" 200 OK
INFO:     [IP-DISAMARKAN]:36592 - "GET /health HTTP/1.1" 200 OK
INFO:     127.0.0.1:36848 - "GET /health HTTP/1.1" 200 OK
INFO:     [IP-DISAMARKAN]:38512 - "GET /metrics HTTP/1.1" 307 Temporary Redirect
INFO:     [IP-DISAMARKAN]:38512 - "GET /metrics/ HTTP/1.1" 200 OK
INFO:     [IP-DISAMARKAN]:40486 - "GET /metrics HTTP/1.1" 307 Temporary Redirect
INFO:     [IP-DISAMARKAN]:40486 - "GET /metrics/ HTTP/1.1" 200 OK
INFO:     [IP-DISAMARKAN]:40480 - "GET /health HTTP/1.1" 200 OK
INFO:     127.0.0.1:50998 - "GET /health HTTP/1.1" 200 OK
INFO:     [IP-DISAMARKAN]:55970 - "GET /metrics HTTP/1.1" 307 Temporary Redirect
INFO:     [IP-DISAMARKAN]:55970 - "GET /metrics/ HTTP/1.1" 200 OK
INFO:     [IP-DISAMARKAN]:38752 - "GET /metrics HTTP/1.1" 307 Temporary Redirect
INFO:     [IP-DISAMARKAN]:38752 - "GET /metrics/ HTTP/1.1" 200 OK
INFO:     [IP-DISAMARKAN]:36434 - "GET /health HTTP/1.1" 200 OK
INFO:     127.0.0.1:57622 - "GET /health HTTP/1.1" 200 OK
INFO:     [IP-DISAMARKAN]:40484 - "GET /metrics HTTP/1.1" 307 Temporary Redirect
INFO:     [IP-DISAMARKAN]:40484 - "GET /metrics/ HTTP/1.1" 200 OK
INFO:     [IP-DISAMARKAN]:51792 - "GET /metrics HTTP/1.1" 307 Temporary Redirect
INFO:     [IP-DISAMARKAN]:51792 - "GET /metrics/ HTTP/1.1" 200 OK
INFO:     [IP-DISAMARKAN]:35284 - "GET /health HTTP/1.1" 200 OK
INFO:     127.0.0.1:59030 - "GET /health HTTP/1.1" 200 OK
INFO:     [IP-DISAMARKAN]:59208 - "GET /metrics HTTP/1.1" 307 Temporary Redirect
INFO:     [IP-DISAMARKAN]:59208 - "GET /metrics/ HTTP/1.1" 200 OK
INFO:     [IP-DISAMARKAN]:48704 - "GET /metrics HTTP/1.1" 307 Temporary Redirect
INFO:     [IP-DISAMARKAN]:48704 - "GET /metrics/ HTTP/1.1" 200 OK
INFO:     [IP-DISAMARKAN]:48574 - "GET /health HTTP/1.1" 200 OK
INFO:     127.0.0.1:42362 - "GET /health HTTP/1.1" 200 OK
INFO:     [IP-DISAMARKAN]:42304 - "GET /metrics HTTP/1.1" 307 Temporary Redirect
INFO:     [IP-DISAMARKAN]:42304 - "GET /metrics/ HTTP/1.1" 200 OK
INFO:     [IP-DISAMARKAN]:47160 - "GET /metrics HTTP/1.1" 307 Temporary Redirect
INFO:     [IP-DISAMARKAN]:47160 - "GET /metrics/ HTTP/1.1" 200 OK
INFO:     [IP-DISAMARKAN]:51858 - "GET /health HTTP/1.1" 200 OK
INFO:     127.0.0.1:55586 - "GET /health HTTP/1.1" 200 OK
INFO:     [IP-DISAMARKAN]:46202 - "GET /metrics HTTP/1.1" 307 Temporary Redirect
INFO:     [IP-DISAMARKAN]:46202 - "GET /metrics/ HTTP/1.1" 200 OK
INFO:     [IP-DISAMARKAN]:49716 - "GET /metrics HTTP/1.1" 307 Temporary Redirect
INFO:     [IP-DISAMARKAN]:49716 - "GET /metrics/ HTTP/1.1" 200 OK
INFO:     [IP-DISAMARKAN]:43570 - "GET /health HTTP/1.1" 200 OK
INFO:     127.0.0.1:41778 - "GET /health HTTP/1.1" 200 OK
INFO:     [IP-DISAMARKAN]:35894 - "GET /metrics HTTP/1.1" 307 Temporary Redirect
INFO:     [IP-DISAMARKAN]:35894 - "GET /metrics/ HTTP/1.1" 200 OK
INFO:     [IP-DISAMARKAN]:46362 - "GET /metrics HTTP/1.1" 307 Temporary Redirect
INFO:     [IP-DISAMARKAN]:46362 - "GET /metrics/ HTTP/1.1" 200 OK
INFO:     [IP-DISAMARKAN]:54732 - "GET /health HTTP/1.1" 200 OK
INFO:     127.0.0.1:43692 - "GET /health HTTP/1.1" 200 OK
INFO:     [IP-DISAMARKAN]:60424 - "GET /metrics HTTP/1.1" 307 Temporary Redirect
INFO:     [IP-DISAMARKAN]:60424 - "GET /metrics/ HTTP/1.1" 200 OK
INFO:     [IP-DISAMARKAN]:44842 - "GET /metrics HTTP/1.1" 307 Temporary Redirect
INFO:     [IP-DISAMARKAN]:44842 - "GET /metrics/ HTTP/1.1" 200 OK
INFO:     [IP-DISAMARKAN]:34380 - "GET /health HTTP/1.1" 200 OK
INFO:     127.0.0.1:49504 - "GET /health HTTP/1.1" 200 OK
INFO:     [IP-DISAMARKAN]:42444 - "GET /metrics HTTP/1.1" 307 Temporary Redirect
INFO:     [IP-DISAMARKAN]:42444 - "GET /metrics/ HTTP/1.1" 200 OK
INFO:     [IP-DISAMARKAN]:60966 - "GET /metrics HTTP/1.1" 307 Temporary Redirect
INFO:     [IP-DISAMARKAN]:60966 - "GET /metrics/ HTTP/1.1" 200 OK
INFO:     [IP-DISAMARKAN]:44644 - "GET /health HTTP/1.1" 200 OK
INFO:     127.0.0.1:38288 - "GET /health HTTP/1.1" 200 OK
INFO:     [IP-DISAMARKAN]:47548 - "GET /metrics HTTP/1.1" 307 Temporary Redirect
INFO:     [IP-DISAMARKAN]:47548 - "GET /metrics/ HTTP/1.1" 200 OK
INFO:     [IP-DISAMARKAN]:56244 - "GET /metrics HTTP/1.1" 307 Temporary Redirect
INFO:     [IP-DISAMARKAN]:56244 - "GET /metrics/ HTTP/1.1" 200 OK
INFO:     [IP-DISAMARKAN]:34962 - "GET /health HTTP/1.1" 200 OK
INFO:     127.0.0.1:45468 - "GET /health HTTP/1.1" 200 OK
INFO:     [IP-DISAMARKAN]:50108 - "GET /metrics HTTP/1.1" 307 Temporary Redirect
INFO:     [IP-DISAMARKAN]:50108 - "GET /metrics/ HTTP/1.1" 200 OK
INFO:     [IP-DISAMARKAN]:43604 - "GET /metrics HTTP/1.1" 307 Temporary Redirect
INFO:     [IP-DISAMARKAN]:43604 - "GET /metrics/ HTTP/1.1" 200 OK
INFO:     [IP-DISAMARKAN]:49976 - "GET /health HTTP/1.1" 200 OK
INFO:     127.0.0.1:50800 - "GET /health HTTP/1.1" 200 OK
INFO:     [IP-DISAMARKAN]:41476 - "GET /metrics HTTP/1.1" 307 Temporary Redirect
INFO:     [IP-DISAMARKAN]:41476 - "GET /metrics/ HTTP/1.1" 200 OK
INFO:     [IP-DISAMARKAN]:44634 - "GET /metrics HTTP/1.1" 307 Temporary Redirect
INFO:     [IP-DISAMARKAN]:44634 - "GET /metrics/ HTTP/1.1" 200 OK
INFO:     [IP-DISAMARKAN]:37850 - "GET /health HTTP/1.1" 200 OK
INFO:     127.0.0.1:43774 - "GET /health HTTP/1.1" 200 OK
INFO:     [IP-DISAMARKAN]:45434 - "GET /metrics HTTP/1.1" 307 Temporary Redirect
INFO:     [IP-DISAMARKAN]:45434 - "GET /metrics/ HTTP/1.1" 200 OK
INFO:     [IP-DISAMARKAN]:39880 - "GET /metrics HTTP/1.1" 307 Temporary Redirect
INFO:     [IP-DISAMARKAN]:39880 - "GET /metrics/ HTTP/1.1" 200 OK
INFO:     [IP-DISAMARKAN]:54742 - "GET /health HTTP/1.1" 200 OK
INFO:     127.0.0.1:47980 - "GET /health HTTP/1.1" 200 OK
INFO:     [IP-DISAMARKAN]:40348 - "GET /metrics HTTP/1.1" 307 Temporary Redirect
INFO:     [IP-DISAMARKAN]:40348 - "GET /metrics/ HTTP/1.1" 200 OK
INFO:     [IP-DISAMARKAN]:34880 - "GET /metrics HTTP/1.1" 307 Temporary Redirect
INFO:     [IP-DISAMARKAN]:34880 - "GET /metrics/ HTTP/1.1" 200 OK
INFO:     [IP-DISAMARKAN]:60930 - "GET /health HTTP/1.1" 200 OK
INFO:     127.0.0.1:40062 - "GET /health HTTP/1.1" 200 OK
INFO:     [IP-DISAMARKAN]:38878 - "GET /metrics HTTP/1.1" 307 Temporary Redirect
INFO:     [IP-DISAMARKAN]:38878 - "GET /metrics/ HTTP/1.1" 200 OK
INFO:     [IP-DISAMARKAN]:48778 - "GET /metrics HTTP/1.1" 307 Temporary Redirect
INFO:     [IP-DISAMARKAN]:48778 - "GET /metrics/ HTTP/1.1" 200 OK
INFO:     [IP-DISAMARKAN]:39404 - "GET /health HTTP/1.1" 200 OK
INFO:     127.0.0.1:50238 - "GET /health HTTP/1.1" 200 OK
INFO:     [IP-DISAMARKAN]:46966 - "GET /metrics HTTP/1.1" 307 Temporary Redirect
INFO:     [IP-DISAMARKAN]:46966 - "GET /metrics/ HTTP/1.1" 200 OK
INFO:     [IP-DISAMARKAN]:37092 - "GET /metrics HTTP/1.1" 307 Temporary Redirect
INFO:     [IP-DISAMARKAN]:37092 - "GET /metrics/ HTTP/1.1" 200 OK
INFO:     [IP-DISAMARKAN]:54824 - "GET /health HTTP/1.1" 200 OK
INFO:     127.0.0.1:60140 - "GET /health HTTP/1.1" 200 OK
INFO:     [IP-DISAMARKAN]:43570 - "GET /metrics HTTP/1.1" 307 Temporary Redirect
INFO:     [IP-DISAMARKAN]:43570 - "GET /metrics/ HTTP/1.1" 200 OK
INFO:     [IP-DISAMARKAN]:60126 - "GET /metrics HTTP/1.1" 307 Temporary Redirect
INFO:     [IP-DISAMARKAN]:60126 - "GET /metrics/ HTTP/1.1" 200 OK
INFO:     [IP-DISAMARKAN]:38004 - "GET /health HTTP/1.1" 200 OK
INFO:     127.0.0.1:51334 - "GET /health HTTP/1.1" 200 OK
INFO:     [IP-DISAMARKAN]:51006 - "GET /metrics HTTP/1.1" 307 Temporary Redirect
INFO:     [IP-DISAMARKAN]:51006 - "GET /metrics/ HTTP/1.1" 200 OK
INFO:     [IP-DISAMARKAN]:50592 - "GET /metrics HTTP/1.1" 307 Temporary Redirect
INFO:     [IP-DISAMARKAN]:50592 - "GET /metrics/ HTTP/1.1" 200 OK
INFO:     [IP-DISAMARKAN]:44374 - "GET /health HTTP/1.1" 200 OK
INFO:     127.0.0.1:41908 - "GET /health HTTP/1.1" 200 OK
INFO:     [IP-DISAMARKAN]:55406 - "GET /metrics HTTP/1.1" 307 Temporary Redirect
INFO:     [IP-DISAMARKAN]:55406 - "GET /metrics/ HTTP/1.1" 200 OK
INFO:     [IP-DISAMARKAN]:46490 - "GET /metrics HTTP/1.1" 307 Temporary Redirect
INFO:     [IP-DISAMARKAN]:46490 - "GET /metrics/ HTTP/1.1" 200 OK
INFO:     127.0.0.1:40880 - "GET /health HTTP/1.1" 200 OK
INFO:     [IP-DISAMARKAN]:53808 - "GET /health HTTP/1.1" 200 OK
INFO:     [IP-DISAMARKAN]:58778 - "GET /metrics HTTP/1.1" 307 Temporary Redirect
INFO:     [IP-DISAMARKAN]:58778 - "GET /metrics/ HTTP/1.1" 200 OK
INFO:     [IP-DISAMARKAN]:59622 - "GET /metrics HTTP/1.1" 307 Temporary Redirect
INFO:     [IP-DISAMARKAN]:59622 - "GET /metrics/ HTTP/1.1" 200 OK
INFO:     127.0.0.1:37706 - "GET /health HTTP/1.1" 200 OK
INFO:     [IP-DISAMARKAN]:37646 - "GET /metrics HTTP/1.1" 307 Temporary Redirect
INFO:     [IP-DISAMARKAN]:37646 - "GET /metrics/ HTTP/1.1" 200 OK
INFO:     [IP-DISAMARKAN]:42958 - "GET /health HTTP/1.1" 200 OK
INFO:     [IP-DISAMARKAN]:42276 - "GET /metrics HTTP/1.1" 307 Temporary Redirect
INFO:     [IP-DISAMARKAN]:42276 - "GET /metrics/ HTTP/1.1" 200 OK
INFO:     127.0.0.1:54096 - "GET /health HTTP/1.1" 200 OK
INFO:     [IP-DISAMARKAN]:59152 - "GET /metrics HTTP/1.1" 307 Temporary Redirect
INFO:     [IP-DISAMARKAN]:59152 - "GET /metrics/ HTTP/1.1" 200 OK
INFO:     [IP-DISAMARKAN]:34994 - "GET /health HTTP/1.1" 200 OK
INFO:     [IP-DISAMARKAN]:52386 - "GET /metrics HTTP/1.1" 307 Temporary Redirect
INFO:     [IP-DISAMARKAN]:52386 - "GET /metrics/ HTTP/1.1" 200 OK
INFO:     127.0.0.1:41780 - "GET /health HTTP/1.1" 200 OK
INFO:     [IP-DISAMARKAN]:59574 - "GET /metrics HTTP/1.1" 307 Temporary Redirect
INFO:     [IP-DISAMARKAN]:59574 - "GET /metrics/ HTTP/1.1" 200 OK
INFO:     [IP-DISAMARKAN]:43112 - "GET /health HTTP/1.1" 200 OK
INFO:     [IP-DISAMARKAN]:39962 - "GET /metrics HTTP/1.1" 307 Temporary Redirect
INFO:     [IP-DISAMARKAN]:39962 - "GET /metrics/ HTTP/1.1" 200 OK
INFO:     127.0.0.1:58110 - "GET /health HTTP/1.1" 200 OK
INFO:     [IP-DISAMARKAN]:35244 - "GET /metrics HTTP/1.1" 307 Temporary Redirect
INFO:     [IP-DISAMARKAN]:35244 - "GET /metrics/ HTTP/1.1" 200 OK
INFO:     [IP-DISAMARKAN]:57834 - "GET /metrics HTTP/1.1" 307 Temporary Redirect
INFO:     [IP-DISAMARKAN]:57834 - "GET /metrics/ HTTP/1.1" 200 OK
INFO:     [IP-DISAMARKAN]:37412 - "GET /health HTTP/1.1" 200 OK
INFO:     127.0.0.1:52366 - "GET /health HTTP/1.1" 200 OK
INFO:     [IP-DISAMARKAN]:56458 - "GET /metrics HTTP/1.1" 307 Temporary Redirect
INFO:     [IP-DISAMARKAN]:56458 - "GET /metrics/ HTTP/1.1" 200 OK
INFO:     [IP-DISAMARKAN]:40584 - "GET /metrics HTTP/1.1" 307 Temporary Redirect
INFO:     [IP-DISAMARKAN]:40584 - "GET /metrics/ HTTP/1.1" 200 OK
INFO:     [IP-DISAMARKAN]:60244 - "GET /health HTTP/1.1" 200 OK
INFO:     127.0.0.1:60104 - "GET /health HTTP/1.1" 200 OK
INFO:     [IP-DISAMARKAN]:37170 - "GET /metrics HTTP/1.1" 307 Temporary Redirect
INFO:     [IP-DISAMARKAN]:37170 - "GET /metrics/ HTTP/1.1" 200 OK
INFO:     [IP-DISAMARKAN]:38768 - "GET /metrics HTTP/1.1" 307 Temporary Redirect
INFO:     [IP-DISAMARKAN]:38768 - "GET /metrics/ HTTP/1.1" 200 OK
INFO:     127.0.0.1:53786 - "GET /health HTTP/1.1" 200 OK
INFO:     [IP-DISAMARKAN]:43938 - "GET /health HTTP/1.1" 200 OK
INFO:     [IP-DISAMARKAN]:58330 - "GET /metrics HTTP/1.1" 307 Temporary Redirect
INFO:     [IP-DISAMARKAN]:58330 - "GET /metrics/ HTTP/1.1" 200 OK
INFO:     [IP-DISAMARKAN]:34978 - "GET /metrics HTTP/1.1" 307 Temporary Redirect
INFO:     [IP-DISAMARKAN]:34978 - "GET /metrics/ HTTP/1.1" 200 OK
INFO:     127.0.0.1:41580 - "GET /health HTTP/1.1" 200 OK
INFO:     [IP-DISAMARKAN]:34694 - "GET /metrics HTTP/1.1" 307 Temporary Redirect
INFO:     [IP-DISAMARKAN]:34694 - "GET /metrics/ HTTP/1.1" 200 OK
INFO:     [IP-DISAMARKAN]:59070 - "GET /health HTTP/1.1" 200 OK
INFO:     [IP-DISAMARKAN]:57462 - "GET /metrics HTTP/1.1" 307 Temporary Redirect
INFO:     [IP-DISAMARKAN]:57462 - "GET /metrics/ HTTP/1.1" 200 OK
INFO:     127.0.0.1:56286 - "GET /health HTTP/1.1" 200 OK
INFO:     [IP-DISAMARKAN]:33136 - "GET /metrics HTTP/1.1" 307 Temporary Redirect
INFO:     [IP-DISAMARKAN]:33136 - "GET /metrics/ HTTP/1.1" 200 OK
INFO:     [IP-DISAMARKAN]:48468 - "GET /health HTTP/1.1" 200 OK
INFO:     [IP-DISAMARKAN]:55928 - "GET /metrics HTTP/1.1" 307 Temporary Redirect
INFO:     [IP-DISAMARKAN]:55928 - "GET /metrics/ HTTP/1.1" 200 OK
INFO:     127.0.0.1:45812 - "GET /health HTTP/1.1" 200 OK
INFO:     [IP-DISAMARKAN]:41464 - "GET /metrics HTTP/1.1" 307 Temporary Redirect
INFO:     [IP-DISAMARKAN]:41464 - "GET /metrics/ HTTP/1.1" 200 OK
INFO:     [IP-DISAMARKAN]:53614 - "GET /health HTTP/1.1" 200 OK
INFO:     [IP-DISAMARKAN]:32900 - "GET /metrics HTTP/1.1" 307 Temporary Redirect
INFO:     [IP-DISAMARKAN]:32900 - "GET /metrics/ HTTP/1.1" 200 OK
INFO:     127.0.0.1:49212 - "GET /health HTTP/1.1" 200 OK
INFO:     [IP-DISAMARKAN]:43170 - "GET /metrics HTTP/1.1" 307 Temporary Redirect
INFO:     [IP-DISAMARKAN]:43170 - "GET /metrics/ HTTP/1.1" 200 OK
INFO:     [IP-DISAMARKAN]:56814 - "GET /metrics HTTP/1.1" 307 Temporary Redirect
INFO:     [IP-DISAMARKAN]:56814 - "GET /metrics/ HTTP/1.1" 200 OK
INFO:     [IP-DISAMARKAN]:53112 - "GET /health HTTP/1.1" 200 OK
INFO:     127.0.0.1:42088 - "GET /health HTTP/1.1" 200 OK
INFO:     [IP-DISAMARKAN]:44314 - "GET /metrics HTTP/1.1" 307 Temporary Redirect
INFO:     [IP-DISAMARKAN]:44314 - "GET /metrics/ HTTP/1.1" 200 OK
INFO:     [IP-DISAMARKAN]:42052 - "GET /metrics HTTP/1.1" 307 Temporary Redirect
INFO:     [IP-DISAMARKAN]:42052 - "GET /metrics/ HTTP/1.1" 200 OK
INFO:     [IP-DISAMARKAN]:53414 - "GET /health HTTP/1.1" 200 OK
INFO:     127.0.0.1:40170 - "GET /health HTTP/1.1" 200 OK
INFO:     [IP-DISAMARKAN]:41522 - "GET /metrics HTTP/1.1" 307 Temporary Redirect
INFO:     [IP-DISAMARKAN]:41522 - "GET /metrics/ HTTP/1.1" 200 OK
INFO:     [IP-DISAMARKAN]:59440 - "GET /metrics HTTP/1.1" 307 Temporary Redirect
INFO:     [IP-DISAMARKAN]:59440 - "GET /metrics/ HTTP/1.1" 200 OK
INFO:     [IP-DISAMARKAN]:51846 - "GET /health HTTP/1.1" 200 OK
INFO:     127.0.0.1:40106 - "GET /health HTTP/1.1" 200 OK
INFO:     [IP-DISAMARKAN]:50758 - "GET /metrics HTTP/1.1" 307 Temporary Redirect
INFO:     [IP-DISAMARKAN]:50758 - "GET /metrics/ HTTP/1.1" 200 OK
INFO:     [IP-DISAMARKAN]:53440 - "GET /metrics HTTP/1.1" 307 Temporary Redirect
INFO:     [IP-DISAMARKAN]:53440 - "GET /metrics/ HTTP/1.1" 200 OK
INFO:     [IP-DISAMARKAN]:40096 - "GET /health HTTP/1.1" 200 OK
INFO:     127.0.0.1:37114 - "GET /health HTTP/1.1" 200 OK
INFO:     [IP-DISAMARKAN]:53216 - "GET /metrics HTTP/1.1" 307 Temporary Redirect
INFO:     [IP-DISAMARKAN]:53216 - "GET /metrics/ HTTP/1.1" 200 OK
INFO:     [IP-DISAMARKAN]:59310 - "GET /metrics HTTP/1.1" 307 Temporary Redirect
INFO:     [IP-DISAMARKAN]:59310 - "GET /metrics/ HTTP/1.1" 200 OK
INFO:     [IP-DISAMARKAN]:37292 - "GET /health HTTP/1.1" 200 OK
INFO:     127.0.0.1:36490 - "GET /health HTTP/1.1" 200 OK
INFO:     [IP-DISAMARKAN]:37942 - "GET /metrics HTTP/1.1" 307 Temporary Redirect
INFO:     [IP-DISAMARKAN]:37942 - "GET /metrics/ HTTP/1.1" 200 OK
INFO:     [IP-DISAMARKAN]:33748 - "GET /metrics HTTP/1.1" 307 Temporary Redirect
INFO:     [IP-DISAMARKAN]:33748 - "GET /metrics/ HTTP/1.1" 200 OK
INFO:     [IP-DISAMARKAN]:40956 - "GET /health HTTP/1.1" 200 OK
INFO:     127.0.0.1:60392 - "GET /health HTTP/1.1" 200 OK
INFO:     [IP-DISAMARKAN]:33256 - "GET /metrics HTTP/1.1" 307 Temporary Redirect
INFO:     [IP-DISAMARKAN]:33256 - "GET /metrics/ HTTP/1.1" 200 OK
INFO:     [IP-DISAMARKAN]:55784 - "GET /metrics HTTP/1.1" 307 Temporary Redirect
INFO:     [IP-DISAMARKAN]:55784 - "GET /metrics/ HTTP/1.1" 200 OK
INFO:     [IP-DISAMARKAN]:46422 - "GET /health HTTP/1.1" 200 OK
INFO:     127.0.0.1:54024 - "GET /health HTTP/1.1" 200 OK
INFO:     [IP-DISAMARKAN]:51488 - "GET /metrics HTTP/1.1" 307 Temporary Redirect
INFO:     [IP-DISAMARKAN]:51488 - "GET /metrics/ HTTP/1.1" 200 OK
INFO:     [IP-DISAMARKAN]:54840 - "GET /metrics HTTP/1.1" 307 Temporary Redirect
INFO:     [IP-DISAMARKAN]:54840 - "GET /metrics/ HTTP/1.1" 200 OK
INFO:     [IP-DISAMARKAN]:51030 - "GET /health HTTP/1.1" 200 OK
INFO:     127.0.0.1:35392 - "GET /health HTTP/1.1" 200 OK
INFO:     [IP-DISAMARKAN]:38038 - "GET /metrics HTTP/1.1" 307 Temporary Redirect
INFO:     [IP-DISAMARKAN]:38038 - "GET /metrics/ HTTP/1.1" 200 OK
INFO:     [IP-DISAMARKAN]:46478 - "GET /metrics HTTP/1.1" 307 Temporary Redirect
INFO:     [IP-DISAMARKAN]:46478 - "GET /metrics/ HTTP/1.1" 200 OK
INFO:     [IP-DISAMARKAN]:40492 - "GET /health HTTP/1.1" 200 OK
INFO:     127.0.0.1:48380 - "GET /health HTTP/1.1" 200 OK
INFO:     [IP-DISAMARKAN]:56782 - "GET /metrics HTTP/1.1" 307 Temporary Redirect
INFO:     [IP-DISAMARKAN]:56782 - "GET /metrics/ HTTP/1.1" 200 OK
INFO:     [IP-DISAMARKAN]:50128 - "GET /metrics HTTP/1.1" 307 Temporary Redirect
INFO:     [IP-DISAMARKAN]:50128 - "GET /metrics/ HTTP/1.1" 200 OK
INFO:     [IP-DISAMARKAN]:43692 - "GET /health HTTP/1.1" 200 OK
INFO:     127.0.0.1:54298 - "GET /health HTTP/1.1" 200 OK
INFO:     [IP-DISAMARKAN]:42828 - "GET /metrics HTTP/1.1" 307 Temporary Redirect
INFO:     [IP-DISAMARKAN]:42828 - "GET /metrics/ HTTP/1.1" 200 OK
INFO:     [IP-DISAMARKAN]:46484 - "GET /metrics HTTP/1.1" 307 Temporary Redirect
INFO:     [IP-DISAMARKAN]:46484 - "GET /metrics/ HTTP/1.1" 200 OK
INFO:     [IP-DISAMARKAN]:60264 - "GET /health HTTP/1.1" 200 OK
INFO:     127.0.0.1:45566 - "GET /health HTTP/1.1" 200 OK
INFO:     [IP-DISAMARKAN]:51874 - "GET /metrics HTTP/1.1" 307 Temporary Redirect
INFO:     [IP-DISAMARKAN]:51874 - "GET /metrics/ HTTP/1.1" 200 OK
INFO:     [IP-DISAMARKAN]:60318 - "GET /metrics HTTP/1.1" 307 Temporary Redirect
INFO:     [IP-DISAMARKAN]:60318 - "GET /metrics/ HTTP/1.1" 200 OK
INFO:     [IP-DISAMARKAN]:56926 - "GET /health HTTP/1.1" 200 OK
INFO:     127.0.0.1:34002 - "GET /health HTTP/1.1" 200 OK
INFO:     [IP-DISAMARKAN]:42364 - "GET /metrics HTTP/1.1" 307 Temporary Redirect
INFO:     [IP-DISAMARKAN]:42364 - "GET /metrics/ HTTP/1.1" 200 OK
INFO:     [IP-DISAMARKAN]:60860 - "GET /metrics HTTP/1.1" 307 Temporary Redirect
INFO:     [IP-DISAMARKAN]:60860 - "GET /metrics/ HTTP/1.1" 200 OK
INFO:     [IP-DISAMARKAN]:55628 - "GET /health HTTP/1.1" 200 OK
INFO:     127.0.0.1:42486 - "GET /health HTTP/1.1" 200 OK
INFO:     [IP-DISAMARKAN]:58258 - "GET /metrics HTTP/1.1" 307 Temporary Redirect
INFO:     [IP-DISAMARKAN]:58258 - "GET /metrics/ HTTP/1.1" 200 OK
INFO:     [IP-DISAMARKAN]:44242 - "GET /metrics HTTP/1.1" 307 Temporary Redirect
INFO:     [IP-DISAMARKAN]:44242 - "GET /metrics/ HTTP/1.1" 200 OK
INFO:     [IP-DISAMARKAN]:43262 - "GET /health HTTP/1.1" 200 OK
INFO:     127.0.0.1:60974 - "GET /health HTTP/1.1" 200 OK
INFO:     [IP-DISAMARKAN]:56650 - "GET /metrics HTTP/1.1" 307 Temporary Redirect
INFO:     [IP-DISAMARKAN]:56650 - "GET /metrics/ HTTP/1.1" 200 OK
INFO:     [IP-DISAMARKAN]:49032 - "GET /metrics HTTP/1.1" 307 Temporary Redirect
INFO:     [IP-DISAMARKAN]:49032 - "GET /metrics/ HTTP/1.1" 200 OK
INFO:     [IP-DISAMARKAN]:54980 - "GET /health HTTP/1.1" 200 OK
INFO:     127.0.0.1:33954 - "GET /health HTTP/1.1" 200 OK
INFO:     [IP-DISAMARKAN]:51592 - "GET /metrics HTTP/1.1" 307 Temporary Redirect
INFO:     [IP-DISAMARKAN]:51592 - "GET /metrics/ HTTP/1.1" 200 OK
INFO:     [IP-DISAMARKAN]:32772 - "GET /metrics HTTP/1.1" 307 Temporary Redirect
INFO:     [IP-DISAMARKAN]:32772 - "GET /metrics/ HTTP/1.1" 200 OK
INFO:     [IP-DISAMARKAN]:52366 - "GET /health HTTP/1.1" 200 OK
INFO:     127.0.0.1:42324 - "GET /health HTTP/1.1" 200 OK
INFO:     [IP-DISAMARKAN]:43204 - "GET /metrics HTTP/1.1" 307 Temporary Redirect
INFO:     [IP-DISAMARKAN]:43204 - "GET /metrics/ HTTP/1.1" 200 OK
INFO:     [IP-DISAMARKAN]:35320 - "GET /metrics HTTP/1.1" 307 Temporary Redirect
INFO:     [IP-DISAMARKAN]:35320 - "GET /metrics/ HTTP/1.1" 200 OK
INFO:     [IP-DISAMARKAN]:47448 - "GET /health HTTP/1.1" 200 OK
INFO:     127.0.0.1:51328 - "GET /health HTTP/1.1" 200 OK
INFO:     [IP-DISAMARKAN]:52940 - "GET /metrics HTTP/1.1" 307 Temporary Redirect
INFO:     [IP-DISAMARKAN]:52940 - "GET /metrics/ HTTP/1.1" 200 OK
INFO:     [IP-DISAMARKAN]:35250 - "GET /metrics HTTP/1.1" 307 Temporary Redirect
INFO:     [IP-DISAMARKAN]:35250 - "GET /metrics/ HTTP/1.1" 200 OK
INFO:     [IP-DISAMARKAN]:53942 - "GET /health HTTP/1.1" 200 OK
INFO:     127.0.0.1:50976 - "GET /health HTTP/1.1" 200 OK
INFO:     [IP-DISAMARKAN]:59116 - "GET /metrics HTTP/1.1" 307 Temporary Redirect
INFO:     [IP-DISAMARKAN]:59116 - "GET /metrics/ HTTP/1.1" 200 OK
INFO:     [IP-DISAMARKAN]:51086 - "GET /metrics HTTP/1.1" 307 Temporary Redirect
INFO:     [IP-DISAMARKAN]:51086 - "GET /metrics/ HTTP/1.1" 200 OK
INFO:     [IP-DISAMARKAN]:47642 - "GET /health HTTP/1.1" 200 OK
INFO:     127.0.0.1:41416 - "GET /health HTTP/1.1" 200 OK
INFO:     [IP-DISAMARKAN]:37276 - "GET /metrics HTTP/1.1" 307 Temporary Redirect
INFO:     [IP-DISAMARKAN]:37276 - "GET /metrics/ HTTP/1.1" 200 OK
INFO:     [IP-DISAMARKAN]:33704 - "GET /metrics HTTP/1.1" 307 Temporary Redirect
INFO:     [IP-DISAMARKAN]:33704 - "GET /metrics/ HTTP/1.1" 200 OK
INFO:     [IP-DISAMARKAN]:47950 - "GET /health HTTP/1.1" 200 OK
INFO:     127.0.0.1:47390 - "GET /health HTTP/1.1" 200 OK
INFO:     [IP-DISAMARKAN]:60236 - "GET /metrics HTTP/1.1" 307 Temporary Redirect
INFO:     [IP-DISAMARKAN]:60236 - "GET /metrics/ HTTP/1.1" 200 OK
INFO:     [IP-DISAMARKAN]:39246 - "GET /metrics HTTP/1.1" 307 Temporary Redirect
INFO:     [IP-DISAMARKAN]:39246 - "GET /metrics/ HTTP/1.1" 200 OK
INFO:     [IP-DISAMARKAN]:34332 - "GET /health HTTP/1.1" 200 OK
INFO:     127.0.0.1:60792 - "GET /health HTTP/1.1" 200 OK
INFO:     [IP-DISAMARKAN]:39550 - "GET /metrics HTTP/1.1" 307 Temporary Redirect
INFO:     [IP-DISAMARKAN]:39550 - "GET /metrics/ HTTP/1.1" 200 OK
INFO:     [IP-DISAMARKAN]:58200 - "GET /metrics HTTP/1.1" 307 Temporary Redirect
INFO:     [IP-DISAMARKAN]:58200 - "GET /metrics/ HTTP/1.1" 200 OK
INFO:     [IP-DISAMARKAN]:50958 - "GET /metrics HTTP/1.1" 307 Temporary Redirect
INFO:     [IP-DISAMARKAN]:50958 - "GET /metrics/ HTTP/1.1" 200 OK
INFO:     127.0.0.1:52558 - "GET /health HTTP/1.1" 200 OK
INFO:     [IP-DISAMARKAN]:54232 - "GET /health HTTP/1.1" 200 OK
INFO:     [IP-DISAMARKAN]:54578 - "GET /metrics HTTP/1.1" 307 Temporary Redirect
INFO:     [IP-DISAMARKAN]:54578 - "GET /metrics/ HTTP/1.1" 200 OK
INFO:     [IP-DISAMARKAN]:60828 - "GET /metrics HTTP/1.1" 307 Temporary Redirect
INFO:     [IP-DISAMARKAN]:60828 - "GET /metrics/ HTTP/1.1" 200 OK
INFO:     127.0.0.1:58230 - "GET /health HTTP/1.1" 200 OK
INFO:     [IP-DISAMARKAN]:57044 - "GET /health HTTP/1.1" 200 OK
INFO:     [IP-DISAMARKAN]:59786 - "GET /metrics HTTP/1.1" 307 Temporary Redirect
INFO:     [IP-DISAMARKAN]:59786 - "GET /metrics/ HTTP/1.1" 200 OK
INFO:     [IP-DISAMARKAN]:58298 - "GET /metrics HTTP/1.1" 307 Temporary Redirect
INFO:     [IP-DISAMARKAN]:58298 - "GET /metrics/ HTTP/1.1" 200 OK
INFO:     127.0.0.1:48882 - "GET /health HTTP/1.1" 200 OK
INFO:     [IP-DISAMARKAN]:34472 - "GET /health HTTP/1.1" 200 OK
INFO:     [IP-DISAMARKAN]:44674 - "GET /metrics HTTP/1.1" 307 Temporary Redirect
INFO:     [IP-DISAMARKAN]:44674 - "GET /metrics/ HTTP/1.1" 200 OK
INFO:     [IP-DISAMARKAN]:48730 - "GET /metrics HTTP/1.1" 307 Temporary Redirect
INFO:     [IP-DISAMARKAN]:48730 - "GET /metrics/ HTTP/1.1" 200 OK
INFO:     127.0.0.1:56954 - "GET /health HTTP/1.1" 200 OK
INFO:     [IP-DISAMARKAN]:40562 - "GET /metrics HTTP/1.1" 307 Temporary Redirect
INFO:     [IP-DISAMARKAN]:40562 - "GET /metrics/ HTTP/1.1" 200 OK
INFO:     [IP-DISAMARKAN]:38614 - "GET /health HTTP/1.1" 200 OK
INFO:     [IP-DISAMARKAN]:44318 - "GET /metrics HTTP/1.1" 307 Temporary Redirect
INFO:     [IP-DISAMARKAN]:44318 - "GET /metrics/ HTTP/1.1" 200 OK
INFO:     127.0.0.1:45888 - "GET /health HTTP/1.1" 200 OK
INFO:     [IP-DISAMARKAN]:34654 - "GET /metrics HTTP/1.1" 307 Temporary Redirect
INFO:     [IP-DISAMARKAN]:34654 - "GET /metrics/ HTTP/1.1" 200 OK
INFO:     [IP-DISAMARKAN]:51272 - "GET /health HTTP/1.1" 200 OK
INFO:     [IP-DISAMARKAN]:38196 - "GET /metrics HTTP/1.1" 307 Temporary Redirect
INFO:     [IP-DISAMARKAN]:38196 - "GET /metrics/ HTTP/1.1" 200 OK
INFO:     127.0.0.1:45400 - "GET /health HTTP/1.1" 200 OK
INFO:     [IP-DISAMARKAN]:37396 - "GET /metrics HTTP/1.1" 307 Temporary Redirect
INFO:     [IP-DISAMARKAN]:37396 - "GET /metrics/ HTTP/1.1" 200 OK
INFO:     [IP-DISAMARKAN]:46332 - "GET /health HTTP/1.1" 200 OK
INFO:     [IP-DISAMARKAN]:39660 - "GET /metrics HTTP/1.1" 307 Temporary Redirect
INFO:     [IP-DISAMARKAN]:39660 - "GET /metrics/ HTTP/1.1" 200 OK
INFO:     127.0.0.1:36742 - "GET /health HTTP/1.1" 200 OK
INFO:     [IP-DISAMARKAN]:36274 - "GET /metrics HTTP/1.1" 307 Temporary Redirect
INFO:     [IP-DISAMARKAN]:36274 - "GET /metrics/ HTTP/1.1" 200 OK
INFO:     [IP-DISAMARKAN]:45624 - "GET /metrics HTTP/1.1" 307 Temporary Redirect
INFO:     [IP-DISAMARKAN]:45624 - "GET /metrics/ HTTP/1.1" 200 OK
INFO:     127.0.0.1:58724 - "GET /health HTTP/1.1" 200 OK
INFO:     [IP-DISAMARKAN]:40954 - "GET /health HTTP/1.1" 200 OK
INFO:     [IP-DISAMARKAN]:59614 - "GET /metrics HTTP/1.1" 307 Temporary Redirect
INFO:     [IP-DISAMARKAN]:59614 - "GET /metrics/ HTTP/1.1" 200 OK
INFO:     [IP-DISAMARKAN]:58196 - "GET /metrics HTTP/1.1" 307 Temporary Redirect
INFO:     [IP-DISAMARKAN]:58196 - "GET /metrics/ HTTP/1.1" 200 OK
INFO:     127.0.0.1:49742 - "GET /health HTTP/1.1" 200 OK
INFO:     [IP-DISAMARKAN]:59770 - "GET /health HTTP/1.1" 200 OK
INFO:     [IP-DISAMARKAN]:58220 - "GET /metrics HTTP/1.1" 307 Temporary Redirect
INFO:     [IP-DISAMARKAN]:58220 - "GET /metrics/ HTTP/1.1" 200 OK
INFO:     [IP-DISAMARKAN]:52710 - "GET /metrics HTTP/1.1" 307 Temporary Redirect
INFO:     [IP-DISAMARKAN]:52710 - "GET /metrics/ HTTP/1.1" 200 OK
INFO:     127.0.0.1:33150 - "GET /health HTTP/1.1" 200 OK
INFO:     [IP-DISAMARKAN]:37010 - "GET /health HTTP/1.1" 200 OK
INFO:     [IP-DISAMARKAN]:51150 - "GET /metrics HTTP/1.1" 307 Temporary Redirect
INFO:     [IP-DISAMARKAN]:51150 - "GET /metrics/ HTTP/1.1" 200 OK
INFO:     [IP-DISAMARKAN]:57222 - "GET /metrics HTTP/1.1" 307 Temporary Redirect
INFO:     [IP-DISAMARKAN]:57222 - "GET /metrics/ HTTP/1.1" 200 OK
INFO:     127.0.0.1:35698 - "GET /health HTTP/1.1" 200 OK
INFO:     [IP-DISAMARKAN]:57760 - "GET /metrics HTTP/1.1" 307 Temporary Redirect
INFO:     [IP-DISAMARKAN]:57760 - "GET /metrics/ HTTP/1.1" 200 OK
INFO:     [IP-DISAMARKAN]:54388 - "GET /health HTTP/1.1" 200 OK
INFO:     [IP-DISAMARKAN]:47472 - "GET /metrics HTTP/1.1" 307 Temporary Redirect
INFO:     [IP-DISAMARKAN]:47472 - "GET /metrics/ HTTP/1.1" 200 OK
INFO:     127.0.0.1:34254 - "GET /health HTTP/1.1" 200 OK
INFO:     [IP-DISAMARKAN]:50510 - "GET /metrics HTTP/1.1" 307 Temporary Redirect
INFO:     [IP-DISAMARKAN]:50510 - "GET /metrics/ HTTP/1.1" 200 OK
INFO:     [IP-DISAMARKAN]:37776 - "GET /health HTTP/1.1" 200 OK
INFO:     [IP-DISAMARKAN]:53398 - "GET /metrics HTTP/1.1" 307 Temporary Redirect
INFO:     [IP-DISAMARKAN]:53398 - "GET /metrics/ HTTP/1.1" 200 OK
INFO:     127.0.0.1:50132 - "GET /health HTTP/1.1" 200 OK
INFO:     [IP-DISAMARKAN]:47508 - "GET /metrics HTTP/1.1" 307 Temporary Redirect
INFO:     [IP-DISAMARKAN]:47508 - "GET /metrics/ HTTP/1.1" 200 OK
INFO:     [IP-DISAMARKAN]:49466 - "GET /health HTTP/1.1" 200 OK
INFO:     [IP-DISAMARKAN]:37718 - "GET /metrics HTTP/1.1" 307 Temporary Redirect
INFO:     [IP-DISAMARKAN]:37718 - "GET /metrics/ HTTP/1.1" 200 OK
INFO:     127.0.0.1:59712 - "GET /health HTTP/1.1" 200 OK
INFO:     [IP-DISAMARKAN]:57872 - "GET /metrics HTTP/1.1" 307 Temporary Redirect
INFO:     [IP-DISAMARKAN]:57872 - "GET /metrics/ HTTP/1.1" 200 OK
INFO:     [IP-DISAMARKAN]:39018 - "GET /metrics HTTP/1.1" 307 Temporary Redirect
INFO:     [IP-DISAMARKAN]:39018 - "GET /metrics/ HTTP/1.1" 200 OK
INFO:     127.0.0.1:44128 - "GET /health HTTP/1.1" 200 OK
INFO:     [IP-DISAMARKAN]:34078 - "GET /health HTTP/1.1" 200 OK
INFO:     [IP-DISAMARKAN]:39018 - "GET /metrics HTTP/1.1" 307 Temporary Redirect
INFO:     [IP-DISAMARKAN]:39018 - "GET /metrics/ HTTP/1.1" 200 OK
INFO:     [IP-DISAMARKAN]:35372 - "GET /metrics HTTP/1.1" 307 Temporary Redirect
INFO:     [IP-DISAMARKAN]:35372 - "GET /metrics/ HTTP/1.1" 200 OK
INFO:     127.0.0.1:56676 - "GET /health HTTP/1.1" 200 OK
INFO:     [IP-DISAMARKAN]:55836 - "GET /health HTTP/1.1" 200 OK
INFO:     [IP-DISAMARKAN]:56086 - "GET /metrics HTTP/1.1" 307 Temporary Redirect
INFO:     [IP-DISAMARKAN]:56086 - "GET /metrics/ HTTP/1.1" 200 OK
INFO:     [IP-DISAMARKAN]:55920 - "GET /metrics HTTP/1.1" 307 Temporary Redirect
INFO:     [IP-DISAMARKAN]:55920 - "GET /metrics/ HTTP/1.1" 200 OK
INFO:     127.0.0.1:60618 - "GET /health HTTP/1.1" 200 OK
INFO:     [IP-DISAMARKAN]:56416 - "GET /health HTTP/1.1" 200 OK
INFO:     [IP-DISAMARKAN]:34428 - "GET /metrics HTTP/1.1" 307 Temporary Redirect
INFO:     [IP-DISAMARKAN]:34428 - "GET /metrics/ HTTP/1.1" 200 OK
INFO:     [IP-DISAMARKAN]:53346 - "GET /metrics HTTP/1.1" 307 Temporary Redirect
INFO:     127.0.0.1:36576 - "GET /health HTTP/1.1" 200 OK
INFO:     [IP-DISAMARKAN]:53346 - "GET /metrics/ HTTP/1.1" 200 OK
INFO:     [IP-DISAMARKAN]:48726 - "GET /health HTTP/1.1" 200 OK
INFO:     [IP-DISAMARKAN]:53802 - "GET /metrics HTTP/1.1" 307 Temporary Redirect
INFO:     [IP-DISAMARKAN]:53802 - "GET /metrics/ HTTP/1.1" 200 OK
INFO:     [IP-DISAMARKAN]:37382 - "GET /metrics HTTP/1.1" 307 Temporary Redirect
INFO:     [IP-DISAMARKAN]:37382 - "GET /metrics/ HTTP/1.1" 200 OK
INFO:     127.0.0.1:39220 - "GET /health HTTP/1.1" 200 OK
INFO:     [IP-DISAMARKAN]:40832 - "GET /health HTTP/1.1" 200 OK
INFO:     [IP-DISAMARKAN]:35916 - "GET /metrics HTTP/1.1" 307 Temporary Redirect
INFO:     [IP-DISAMARKAN]:35916 - "GET /metrics/ HTTP/1.1" 200 OK
INFO:     [IP-DISAMARKAN]:52974 - "GET /metrics HTTP/1.1" 307 Temporary Redirect
INFO:     [IP-DISAMARKAN]:52974 - "GET /metrics/ HTTP/1.1" 200 OK
INFO:     127.0.0.1:43872 - "GET /health HTTP/1.1" 200 OK
INFO:     [IP-DISAMARKAN]:52326 - "GET /health HTTP/1.1" 200 OK
INFO:     [IP-DISAMARKAN]:48678 - "GET /metrics HTTP/1.1" 307 Temporary Redirect
INFO:     [IP-DISAMARKAN]:48678 - "GET /metrics/ HTTP/1.1" 200 OK
INFO:     [IP-DISAMARKAN]:36318 - "GET /metrics HTTP/1.1" 307 Temporary Redirect
INFO:     [IP-DISAMARKAN]:36318 - "GET /metrics/ HTTP/1.1" 200 OK
INFO:     127.0.0.1:37482 - "GET /health HTTP/1.1" 200 OK
INFO:     [IP-DISAMARKAN]:48198 - "GET /health HTTP/1.1" 200 OK
INFO:     [IP-DISAMARKAN]:39658 - "GET /metrics HTTP/1.1" 307 Temporary Redirect
INFO:     [IP-DISAMARKAN]:39658 - "GET /metrics/ HTTP/1.1" 200 OK
INFO:     [IP-DISAMARKAN]:40130 - "GET /metrics HTTP/1.1" 307 Temporary Redirect
INFO:     [IP-DISAMARKAN]:40130 - "GET /metrics/ HTTP/1.1" 200 OK
INFO:     127.0.0.1:44906 - "GET /health HTTP/1.1" 200 OK
INFO:     [IP-DISAMARKAN]:40522 - "GET /health HTTP/1.1" 200 OK
INFO:     [IP-DISAMARKAN]:55556 - "GET /metrics HTTP/1.1" 307 Temporary Redirect
INFO:     [IP-DISAMARKAN]:55556 - "GET /metrics/ HTTP/1.1" 200 OK
INFO:     [IP-DISAMARKAN]:39302 - "GET /metrics HTTP/1.1" 307 Temporary Redirect
INFO:     [IP-DISAMARKAN]:39302 - "GET /metrics/ HTTP/1.1" 200 OK
INFO:     127.0.0.1:41314 - "GET /health HTTP/1.1" 200 OK
INFO:     [IP-DISAMARKAN]:36970 - "GET /health HTTP/1.1" 200 OK
INFO:     [IP-DISAMARKAN]:37816 - "GET /metrics HTTP/1.1" 307 Temporary Redirect
INFO:     [IP-DISAMARKAN]:37816 - "GET /metrics/ HTTP/1.1" 200 OK
INFO:     [IP-DISAMARKAN]:58522 - "GET /metrics HTTP/1.1" 307 Temporary Redirect
INFO:     [IP-DISAMARKAN]:58522 - "GET /metrics/ HTTP/1.1" 200 OK
INFO:     127.0.0.1:59412 - "GET /health HTTP/1.1" 200 OK
INFO:     [IP-DISAMARKAN]:47470 - "GET /health HTTP/1.1" 200 OK
INFO:     [IP-DISAMARKAN]:39814 - "GET /metrics HTTP/1.1" 307 Temporary Redirect
INFO:     [IP-DISAMARKAN]:39814 - "GET /metrics/ HTTP/1.1" 200 OK
INFO:     [IP-DISAMARKAN]:36834 - "GET /metrics HTTP/1.1" 307 Temporary Redirect
INFO:     [IP-DISAMARKAN]:36834 - "GET /metrics/ HTTP/1.1" 200 OK
INFO:     127.0.0.1:33718 - "GET /health HTTP/1.1" 200 OK
INFO:     [IP-DISAMARKAN]:40540 - "GET /health HTTP/1.1" 200 OK
INFO:     [IP-DISAMARKAN]:57028 - "GET /metrics HTTP/1.1" 307 Temporary Redirect
INFO:     [IP-DISAMARKAN]:57028 - "GET /metrics/ HTTP/1.1" 200 OK
INFO:     [IP-DISAMARKAN]:59602 - "GET /metrics HTTP/1.1" 307 Temporary Redirect
INFO:     [IP-DISAMARKAN]:59602 - "GET /metrics/ HTTP/1.1" 200 OK
INFO:     127.0.0.1:57972 - "GET /health HTTP/1.1" 200 OK
INFO:     [IP-DISAMARKAN]:36206 - "GET /health HTTP/1.1" 200 OK
INFO:     [IP-DISAMARKAN]:49658 - "GET /metrics HTTP/1.1" 307 Temporary Redirect
INFO:     [IP-DISAMARKAN]:49658 - "GET /metrics/ HTTP/1.1" 200 OK
INFO:     [IP-DISAMARKAN]:35912 - "GET /metrics HTTP/1.1" 307 Temporary Redirect
INFO:     [IP-DISAMARKAN]:35912 - "GET /metrics/ HTTP/1.1" 200 OK
INFO:     127.0.0.1:48292 - "GET /health HTTP/1.1" 200 OK
INFO:     [IP-DISAMARKAN]:49236 - "GET /health HTTP/1.1" 200 OK
INFO:     [IP-DISAMARKAN]:37572 - "GET /metrics HTTP/1.1" 307 Temporary Redirect
INFO:     [IP-DISAMARKAN]:37572 - "GET /metrics/ HTTP/1.1" 200 OK
INFO:     [IP-DISAMARKAN]:34264 - "GET /metrics HTTP/1.1" 307 Temporary Redirect
INFO:     [IP-DISAMARKAN]:34264 - "GET /metrics/ HTTP/1.1" 200 OK
INFO:     127.0.0.1:60946 - "GET /health HTTP/1.1" 200 OK
INFO:     [IP-DISAMARKAN]:40092 - "GET /health HTTP/1.1" 200 OK
INFO:     [IP-DISAMARKAN]:51672 - "GET /metrics HTTP/1.1" 307 Temporary Redirect
INFO:     [IP-DISAMARKAN]:51672 - "GET /metrics/ HTTP/1.1" 200 OK
INFO:     [IP-DISAMARKAN]:38800 - "GET /metrics HTTP/1.1" 307 Temporary Redirect
INFO:     [IP-DISAMARKAN]:38800 - "GET /metrics/ HTTP/1.1" 200 OK
INFO:     127.0.0.1:43862 - "GET /health HTTP/1.1" 200 OK
INFO:     [IP-DISAMARKAN]:55374 - "GET /health HTTP/1.1" 200 OK
INFO:     [IP-DISAMARKAN]:38526 - "GET /metrics HTTP/1.1" 307 Temporary Redirect
INFO:     [IP-DISAMARKAN]:38526 - "GET /metrics/ HTTP/1.1" 200 OK
INFO:     [IP-DISAMARKAN]:36128 - "GET /metrics HTTP/1.1" 307 Temporary Redirect
INFO:     [IP-DISAMARKAN]:36128 - "GET /metrics/ HTTP/1.1" 200 OK
INFO:     127.0.0.1:38670 - "GET /health HTTP/1.1" 200 OK
INFO:     [IP-DISAMARKAN]:49506 - "GET /health HTTP/1.1" 200 OK
INFO:     [IP-DISAMARKAN]:56812 - "GET /metrics HTTP/1.1" 307 Temporary Redirect
INFO:     [IP-DISAMARKAN]:56812 - "GET /metrics/ HTTP/1.1" 200 OK
INFO:     [IP-DISAMARKAN]:44272 - "GET /metrics HTTP/1.1" 307 Temporary Redirect
INFO:     [IP-DISAMARKAN]:44272 - "GET /metrics/ HTTP/1.1" 200 OK
INFO:     [IP-DISAMARKAN]:49408 - "GET /health HTTP/1.1" 200 OK
INFO:     127.0.0.1:49478 - "GET /health HTTP/1.1" 200 OK
INFO:     [IP-DISAMARKAN]:53190 - "GET /metrics HTTP/1.1" 307 Temporary Redirect
INFO:     [IP-DISAMARKAN]:53190 - "GET /metrics/ HTTP/1.1" 200 OK
INFO:     [IP-DISAMARKAN]:49946 - "GET /metrics HTTP/1.1" 307 Temporary Redirect
INFO:     [IP-DISAMARKAN]:49946 - "GET /metrics/ HTTP/1.1" 200 OK
INFO:     [IP-DISAMARKAN]:34102 - "GET /health HTTP/1.1" 200 OK
INFO:     127.0.0.1:48920 - "GET /health HTTP/1.1" 200 OK
INFO:     [IP-DISAMARKAN]:58750 - "GET /metrics HTTP/1.1" 307 Temporary Redirect
INFO:     [IP-DISAMARKAN]:58750 - "GET /metrics/ HTTP/1.1" 200 OK
INFO:     [IP-DISAMARKAN]:56688 - "GET /metrics HTTP/1.1" 307 Temporary Redirect
INFO:     [IP-DISAMARKAN]:56688 - "GET /metrics/ HTTP/1.1" 200 OK
INFO:     [IP-DISAMARKAN]:46166 - "GET /health HTTP/1.1" 200 OK
INFO:     127.0.0.1:55924 - "GET /health HTTP/1.1" 200 OK
INFO:     [IP-DISAMARKAN]:43334 - "GET /metrics HTTP/1.1" 307 Temporary Redirect
INFO:     [IP-DISAMARKAN]:43334 - "GET /metrics/ HTTP/1.1" 200 OK
INFO:     [IP-DISAMARKAN]:47864 - "GET /metrics HTTP/1.1" 307 Temporary Redirect
INFO:     [IP-DISAMARKAN]:47864 - "GET /metrics/ HTTP/1.1" 200 OK
INFO:     [IP-DISAMARKAN]:37982 - "GET /health HTTP/1.1" 200 OK
INFO:     127.0.0.1:54058 - "GET /health HTTP/1.1" 200 OK
INFO:     [IP-DISAMARKAN]:60828 - "GET /metrics HTTP/1.1" 307 Temporary Redirect
INFO:     [IP-DISAMARKAN]:60828 - "GET /metrics/ HTTP/1.1" 200 OK
INFO:     [IP-DISAMARKAN]:40862 - "GET /metrics HTTP/1.1" 307 Temporary Redirect
INFO:     [IP-DISAMARKAN]:40862 - "GET /metrics/ HTTP/1.1" 200 OK
INFO:     [IP-DISAMARKAN]:48106 - "GET /health HTTP/1.1" 200 OK
INFO:     127.0.0.1:57340 - "GET /health HTTP/1.1" 200 OK
INFO:     [IP-DISAMARKAN]:37898 - "GET /metrics HTTP/1.1" 307 Temporary Redirect
INFO:     [IP-DISAMARKAN]:37898 - "GET /metrics/ HTTP/1.1" 200 OK
INFO:     [IP-DISAMARKAN]:58836 - "GET /metrics HTTP/1.1" 307 Temporary Redirect
INFO:     [IP-DISAMARKAN]:58836 - "GET /metrics/ HTTP/1.1" 200 OK
INFO:     127.0.0.1:54876 - "GET /health HTTP/1.1" 200 OK
INFO:     [IP-DISAMARKAN]:35204 - "GET /health HTTP/1.1" 200 OK
INFO:     [IP-DISAMARKAN]:54518 - "GET /metrics HTTP/1.1" 307 Temporary Redirect
INFO:     [IP-DISAMARKAN]:54518 - "GET /metrics/ HTTP/1.1" 200 OK
INFO:     [IP-DISAMARKAN]:36272 - "GET /metrics HTTP/1.1" 307 Temporary Redirect
INFO:     [IP-DISAMARKAN]:36272 - "GET /metrics/ HTTP/1.1" 200 OK
INFO:     127.0.0.1:56974 - "GET /health HTTP/1.1" 200 OK
INFO:     [IP-DISAMARKAN]:47750 - "GET /metrics HTTP/1.1" 307 Temporary Redirect
INFO:     [IP-DISAMARKAN]:47750 - "GET /metrics/ HTTP/1.1" 200 OK
INFO:     [IP-DISAMARKAN]:51198 - "GET /health HTTP/1.1" 200 OK
INFO:     [IP-DISAMARKAN]:50586 - "GET /metrics HTTP/1.1" 307 Temporary Redirect
INFO:     [IP-DISAMARKAN]:50586 - "GET /metrics/ HTTP/1.1" 200 OK
INFO:     127.0.0.1:38052 - "GET /health HTTP/1.1" 200 OK
INFO:     [IP-DISAMARKAN]:45696 - "GET /metrics HTTP/1.1" 307 Temporary Redirect
INFO:     [IP-DISAMARKAN]:45696 - "GET /metrics/ HTTP/1.1" 200 OK
INFO:     [IP-DISAMARKAN]:45502 - "GET /health HTTP/1.1" 200 OK
INFO:     [IP-DISAMARKAN]:46352 - "GET /metrics HTTP/1.1" 307 Temporary Redirect
INFO:     [IP-DISAMARKAN]:46352 - "GET /metrics/ HTTP/1.1" 200 OK
INFO:     127.0.0.1:35780 - "GET /health HTTP/1.1" 200 OK
INFO:     [IP-DISAMARKAN]:56938 - "GET /metrics HTTP/1.1" 307 Temporary Redirect
INFO:     [IP-DISAMARKAN]:56938 - "GET /metrics/ HTTP/1.1" 200 OK
INFO:     [IP-DISAMARKAN]:51694 - "GET /health HTTP/1.1" 200 OK
INFO:     [IP-DISAMARKAN]:42988 - "GET /metrics HTTP/1.1" 307 Temporary Redirect
INFO:     [IP-DISAMARKAN]:42988 - "GET /metrics/ HTTP/1.1" 200 OK
INFO:     127.0.0.1:33012 - "GET /health HTTP/1.1" 200 OK
INFO:     [IP-DISAMARKAN]:50766 - "GET /metrics HTTP/1.1" 307 Temporary Redirect
INFO:     [IP-DISAMARKAN]:50766 - "GET /metrics/ HTTP/1.1" 200 OK
INFO:     [IP-DISAMARKAN]:47308 - "GET /metrics HTTP/1.1" 307 Temporary Redirect
INFO:     [IP-DISAMARKAN]:47308 - "GET /metrics/ HTTP/1.1" 200 OK
INFO:     [IP-DISAMARKAN]:42074 - "GET /health HTTP/1.1" 200 OK
INFO:     127.0.0.1:46166 - "GET /health HTTP/1.1" 200 OK
INFO:     [IP-DISAMARKAN]:43888 - "GET /metrics HTTP/1.1" 307 Temporary Redirect
INFO:     [IP-DISAMARKAN]:43888 - "GET /metrics/ HTTP/1.1" 200 OK
INFO:     [IP-DISAMARKAN]:55684 - "GET /metrics HTTP/1.1" 307 Temporary Redirect
INFO:     [IP-DISAMARKAN]:55684 - "GET /metrics/ HTTP/1.1" 200 OK
INFO:     [IP-DISAMARKAN]:42628 - "GET /health HTTP/1.1" 200 OK
INFO:     127.0.0.1:50302 - "GET /health HTTP/1.1" 200 OK
INFO:     [IP-DISAMARKAN]:39990 - "GET /metrics HTTP/1.1" 307 Temporary Redirect
INFO:     [IP-DISAMARKAN]:39990 - "GET /metrics/ HTTP/1.1" 200 OK
INFO:     [IP-DISAMARKAN]:51272 - "GET /metrics HTTP/1.1" 307 Temporary Redirect
INFO:     [IP-DISAMARKAN]:51272 - "GET /metrics/ HTTP/1.1" 200 OK
INFO:     [IP-DISAMARKAN]:33864 - "GET /health HTTP/1.1" 200 OK
INFO:     127.0.0.1:60844 - "GET /health HTTP/1.1" 200 OK
INFO:     [IP-DISAMARKAN]:49478 - "GET /metrics HTTP/1.1" 307 Temporary Redirect
INFO:     [IP-DISAMARKAN]:49478 - "GET /metrics/ HTTP/1.1" 200 OK
INFO:     [IP-DISAMARKAN]:51882 - "GET /metrics HTTP/1.1" 307 Temporary Redirect
INFO:     [IP-DISAMARKAN]:51882 - "GET /metrics/ HTTP/1.1" 200 OK
INFO:     [IP-DISAMARKAN]:58112 - "GET /health HTTP/1.1" 200 OK
INFO:     127.0.0.1:60830 - "GET /health HTTP/1.1" 200 OK
INFO:     [IP-DISAMARKAN]:41588 - "GET /metrics HTTP/1.1" 307 Temporary Redirect
INFO:     [IP-DISAMARKAN]:41588 - "GET /metrics/ HTTP/1.1" 200 OK
INFO:     [IP-DISAMARKAN]:46556 - "GET /metrics HTTP/1.1" 307 Temporary Redirect
INFO:     [IP-DISAMARKAN]:46556 - "GET /metrics/ HTTP/1.1" 200 OK
INFO:     [IP-DISAMARKAN]:38288 - "GET /health HTTP/1.1" 200 OK
INFO:     127.0.0.1:33698 - "GET /health HTTP/1.1" 200 OK
INFO:     [IP-DISAMARKAN]:44024 - "GET /metrics HTTP/1.1" 307 Temporary Redirect
INFO:     [IP-DISAMARKAN]:44024 - "GET /metrics/ HTTP/1.1" 200 OK
INFO:     [IP-DISAMARKAN]:40896 - "GET /metrics HTTP/1.1" 307 Temporary Redirect
INFO:     [IP-DISAMARKAN]:40896 - "GET /metrics/ HTTP/1.1" 200 OK
INFO:     [IP-DISAMARKAN]:39914 - "GET /health HTTP/1.1" 200 OK
INFO:     127.0.0.1:33364 - "GET /health HTTP/1.1" 200 OK
INFO:     [IP-DISAMARKAN]:33820 - "GET /metrics HTTP/1.1" 307 Temporary Redirect
INFO:     [IP-DISAMARKAN]:33820 - "GET /metrics/ HTTP/1.1" 200 OK
INFO:     [IP-DISAMARKAN]:54912 - "GET /metrics HTTP/1.1" 307 Temporary Redirect
INFO:     [IP-DISAMARKAN]:54912 - "GET /metrics/ HTTP/1.1" 200 OK
INFO:     [IP-DISAMARKAN]:40132 - "GET /health HTTP/1.1" 200 OK
INFO:     127.0.0.1:40008 - "GET /health HTTP/1.1" 200 OK
INFO:     [IP-DISAMARKAN]:40676 - "GET /metrics HTTP/1.1" 307 Temporary Redirect
INFO:     [IP-DISAMARKAN]:40676 - "GET /metrics/ HTTP/1.1" 200 OK
INFO:     [IP-DISAMARKAN]:39038 - "GET /metrics HTTP/1.1" 307 Temporary Redirect
INFO:     [IP-DISAMARKAN]:39038 - "GET /metrics/ HTTP/1.1" 200 OK
INFO:     [IP-DISAMARKAN]:38680 - "GET /health HTTP/1.1" 200 OK
INFO:     127.0.0.1:42526 - "GET /health HTTP/1.1" 200 OK
INFO:     [IP-DISAMARKAN]:38480 - "GET /metrics HTTP/1.1" 307 Temporary Redirect
INFO:     [IP-DISAMARKAN]:38480 - "GET /metrics/ HTTP/1.1" 200 OK
INFO:     [IP-DISAMARKAN]:38234 - "GET /metrics HTTP/1.1" 307 Temporary Redirect
INFO:     [IP-DISAMARKAN]:38234 - "GET /metrics/ HTTP/1.1" 200 OK
INFO:     [IP-DISAMARKAN]:56296 - "GET /health HTTP/1.1" 200 OK
INFO:     127.0.0.1:55184 - "GET /health HTTP/1.1" 200 OK
INFO:     [IP-DISAMARKAN]:53994 - "GET /metrics HTTP/1.1" 307 Temporary Redirect
INFO:     [IP-DISAMARKAN]:53994 - "GET /metrics/ HTTP/1.1" 200 OK
INFO:     [IP-DISAMARKAN]:54018 - "GET /metrics HTTP/1.1" 307 Temporary Redirect
INFO:     [IP-DISAMARKAN]:54018 - "GET /metrics/ HTTP/1.1" 200 OK
INFO:     [IP-DISAMARKAN]:57974 - "GET /health HTTP/1.1" 200 OK
INFO:     127.0.0.1:38338 - "GET /health HTTP/1.1" 200 OK
INFO:     [IP-DISAMARKAN]:42376 - "GET /metrics HTTP/1.1" 307 Temporary Redirect
INFO:     [IP-DISAMARKAN]:42376 - "GET /metrics/ HTTP/1.1" 200 OK
INFO:     [IP-DISAMARKAN]:56880 - "GET /metrics HTTP/1.1" 307 Temporary Redirect
INFO:     [IP-DISAMARKAN]:56880 - "GET /metrics/ HTTP/1.1" 200 OK
INFO:     [IP-DISAMARKAN]:45578 - "GET /health HTTP/1.1" 200 OK
INFO:     127.0.0.1:46514 - "GET /health HTTP/1.1" 200 OK
INFO:     [IP-DISAMARKAN]:42208 - "GET /metrics HTTP/1.1" 307 Temporary Redirect
INFO:     [IP-DISAMARKAN]:42208 - "GET /metrics/ HTTP/1.1" 200 OK
INFO:     [IP-DISAMARKAN]:38404 - "GET /metrics HTTP/1.1" 307 Temporary Redirect
INFO:     [IP-DISAMARKAN]:38404 - "GET /metrics/ HTTP/1.1" 200 OK
INFO:     127.0.0.1:51046 - "GET /health HTTP/1.1" 200 OK
INFO:     [IP-DISAMARKAN]:49204 - "GET /health HTTP/1.1" 200 OK
INFO:     [IP-DISAMARKAN]:33344 - "GET /metrics HTTP/1.1" 307 Temporary Redirect
INFO:     [IP-DISAMARKAN]:33344 - "GET /metrics/ HTTP/1.1" 200 OK
INFO:     [IP-DISAMARKAN]:46328 - "GET /metrics HTTP/1.1" 307 Temporary Redirect
INFO:     [IP-DISAMARKAN]:46328 - "GET /metrics/ HTTP/1.1" 200 OK
INFO:     127.0.0.1:48250 - "GET /health HTTP/1.1" 200 OK
INFO:     [IP-DISAMARKAN]:48478 - "GET /health HTTP/1.1" 200 OK
INFO:     [IP-DISAMARKAN]:56520 - "GET /metrics HTTP/1.1" 307 Temporary Redirect
INFO:     [IP-DISAMARKAN]:56520 - "GET /metrics/ HTTP/1.1" 200 OK
INFO:     [IP-DISAMARKAN]:52426 - "GET /metrics HTTP/1.1" 307 Temporary Redirect
INFO:     [IP-DISAMARKAN]:52426 - "GET /metrics/ HTTP/1.1" 200 OK
INFO:     127.0.0.1:53068 - "GET /health HTTP/1.1" 200 OK
INFO:     [IP-DISAMARKAN]:54216 - "GET /health HTTP/1.1" 200 OK
INFO:     [IP-DISAMARKAN]:42468 - "GET /metrics HTTP/1.1" 307 Temporary Redirect
INFO:     [IP-DISAMARKAN]:42468 - "GET /metrics/ HTTP/1.1" 200 OK
INFO:     [IP-DISAMARKAN]:46502 - "GET /metrics HTTP/1.1" 307 Temporary Redirect
INFO:     [IP-DISAMARKAN]:46502 - "GET /metrics/ HTTP/1.1" 200 OK