INFO:     [IP-DISAMARKAN]:51060 - "GET /metrics/ HTTP/1.1" 200 OK
INFO:     [IP-DISAMARKAN]:39336 - "GET /health HTTP/1.1" 200 OK
INFO:     [IP-DISAMARKAN]:41902 - "GET /metrics HTTP/1.1" 307 Temporary Redirect
INFO:     [IP-DISAMARKAN]:41902 - "GET /metrics/ HTTP/1.1" 200 OK
INFO:     127.0.0.1:44452 - "GET /health HTTP/1.1" 200 OK
INFO:     [IP-DISAMARKAN]:46604 - "GET /metrics HTTP/1.1" 307 Temporary Redirect
INFO:     [IP-DISAMARKAN]:46604 - "GET /metrics/ HTTP/1.1" 200 OK
INFO:     [IP-DISAMARKAN]:54406 - "GET /health HTTP/1.1" 200 OK
INFO:     [IP-DISAMARKAN]:49452 - "GET /metrics HTTP/1.1" 307 Temporary Redirect
INFO:     [IP-DISAMARKAN]:49452 - "GET /metrics/ HTTP/1.1" 200 OK
INFO:     127.0.0.1:41740 - "GET /health HTTP/1.1" 200 OK
INFO:     [IP-DISAMARKAN]:44672 - "GET /metrics HTTP/1.1" 307 Temporary Redirect
INFO:     [IP-DISAMARKAN]:44672 - "GET /metrics/ HTTP/1.1" 200 OK
INFO:     [IP-DISAMARKAN]:49306 - "GET /health HTTP/1.1" 200 OK
INFO:     [IP-DISAMARKAN]:52024 - "GET /metrics HTTP/1.1" 307 Temporary Redirect
INFO:     [IP-DISAMARKAN]:52024 - "GET /metrics/ HTTP/1.1" 200 OK
INFO:     127.0.0.1:36648 - "GET /health HTTP/1.1" 200 OK
INFO:     [IP-DISAMARKAN]:58842 - "GET /metrics HTTP/1.1" 307 Temporary Redirect
INFO:     [IP-DISAMARKAN]:58842 - "GET /metrics/ HTTP/1.1" 200 OK
INFO:     [IP-DISAMARKAN]:33746 - "GET /health HTTP/1.1" 200 OK
INFO:     [IP-DISAMARKAN]:45008 - "GET /metrics HTTP/1.1" 307 Temporary Redirect
INFO:     [IP-DISAMARKAN]:45008 - "GET /metrics/ HTTP/1.1" 200 OK
INFO:     127.0.0.1:33180 - "GET /health HTTP/1.1" 200 OK
INFO:     [IP-DISAMARKAN]:33730 - "GET /metrics HTTP/1.1" 307 Temporary Redirect
INFO:     [IP-DISAMARKAN]:33730 - "GET /metrics/ HTTP/1.1" 200 OK
INFO:     [IP-DISAMARKAN]:33252 - "GET /health HTTP/1.1" 200 OK
INFO:     [IP-DISAMARKAN]:35910 - "GET /metrics HTTP/1.1" 307 Temporary Redirect
INFO:     [IP-DISAMARKAN]:35910 - "GET /metrics/ HTTP/1.1" 200 OK
INFO:     127.0.0.1:54504 - "GET /health HTTP/1.1" 200 OK
INFO:     [IP-DISAMARKAN]:55256 - "GET /metrics HTTP/1.1" 307 Temporary Redirect
INFO:     [IP-DISAMARKAN]:55256 - "GET /metrics/ HTTP/1.1" 200 OK
INFO:     [IP-DISAMARKAN]:46588 - "GET /health HTTP/1.1" 200 OK
INFO:     [IP-DISAMARKAN]:43630 - "GET /metrics HTTP/1.1" 307 Temporary Redirect
INFO:     [IP-DISAMARKAN]:43630 - "GET /metrics/ HTTP/1.1" 200 OK
INFO:     127.0.0.1:56590 - "GET /health HTTP/1.1" 200 OK
INFO:     [IP-DISAMARKAN]:38582 - "GET /metrics HTTP/1.1" 307 Temporary Redirect
INFO:     [IP-DISAMARKAN]:38582 - "GET /metrics/ HTTP/1.1" 200 OK
INFO:     [IP-DISAMARKAN]:49480 - "GET /health HTTP/1.1" 200 OK
INFO:     [IP-DISAMARKAN]:35712 - "GET /metrics HTTP/1.1" 307 Temporary Redirect
INFO:     [IP-DISAMARKAN]:35712 - "GET /metrics/ HTTP/1.1" 200 OK
INFO:     127.0.0.1:38120 - "GET /health HTTP/1.1" 200 OK
INFO:     [IP-DISAMARKAN]:40368 - "GET /metrics HTTP/1.1" 307 Temporary Redirect
INFO:     [IP-DISAMARKAN]:40368 - "GET /metrics/ HTTP/1.1" 200 OK
INFO:     [IP-DISAMARKAN]:41614 - "GET /health HTTP/1.1" 200 OK
INFO:     [IP-DISAMARKAN]:43172 - "GET /metrics HTTP/1.1" 307 Temporary Redirect
INFO:     [IP-DISAMARKAN]:43172 - "GET /metrics/ HTTP/1.1" 200 OK
INFO:     127.0.0.1:43804 - "GET /health HTTP/1.1" 200 OK
INFO:     [IP-DISAMARKAN]:53480 - "GET /metrics HTTP/1.1" 307 Temporary Redirect
INFO:     [IP-DISAMARKAN]:53480 - "GET /metrics/ HTTP/1.1" 200 OK
INFO:     [IP-DISAMARKAN]:52982 - "GET /health HTTP/1.1" 200 OK
INFO:     [IP-DISAMARKAN]:33104 - "GET /metrics HTTP/1.1" 307 Temporary Redirect
INFO:     [IP-DISAMARKAN]:33104 - "GET /metrics/ HTTP/1.1" 200 OK
INFO:     127.0.0.1:55550 - "GET /health HTTP/1.1" 200 OK
INFO:     [IP-DISAMARKAN]:35404 - "GET /metrics HTTP/1.1" 307 Temporary Redirect
INFO:     [IP-DISAMARKAN]:35404 - "GET /metrics/ HTTP/1.1" 200 OK
INFO:     [IP-DISAMARKAN]:39552 - "GET /health HTTP/1.1" 200 OK
INFO:     [IP-DISAMARKAN]:42504 - "GET /metrics HTTP/1.1" 307 Temporary Redirect
INFO:     [IP-DISAMARKAN]:42504 - "GET /metrics/ HTTP/1.1" 200 OK
INFO:     127.0.0.1:41628 - "GET /health HTTP/1.1" 200 OK
INFO:     [IP-DISAMARKAN]:38924 - "GET /metrics HTTP/1.1" 307 Temporary Redirect
INFO:     [IP-DISAMARKAN]:38924 - "GET /metrics/ HTTP/1.1" 200 OK
INFO:     [IP-DISAMARKAN]:34412 - "GET /health HTTP/1.1" 200 OK
INFO:     [IP-DISAMARKAN]:42148 - "GET /metrics HTTP/1.1" 307 Temporary Redirect
INFO:     [IP-DISAMARKAN]:42148 - "GET /metrics/ HTTP/1.1" 200 OK
INFO:     127.0.0.1:44346 - "GET /health HTTP/1.1" 200 OK
INFO:     [IP-DISAMARKAN]:49286 - "GET /metrics HTTP/1.1" 307 Temporary Redirect
INFO:     [IP-DISAMARKAN]:49286 - "GET /metrics/ HTTP/1.1" 200 OK
INFO:     [IP-DISAMARKAN]:40366 - "GET /health HTTP/1.1" 200 OK
INFO:     [IP-DISAMARKAN]:48114 - "GET /metrics HTTP/1.1" 307 Temporary Redirect
INFO:     [IP-DISAMARKAN]:48114 - "GET /metrics/ HTTP/1.1" 200 OK
INFO:     127.0.0.1:52372 - "GET /health HTTP/1.1" 200 OK
INFO:     [IP-DISAMARKAN]:41234 - "GET /metrics HTTP/1.1" 307 Temporary Redirect
INFO:     [IP-DISAMARKAN]:41234 - "GET /metrics/ HTTP/1.1" 200 OK
INFO:     [IP-DISAMARKAN]:41830 - "GET /health HTTP/1.1" 200 OK
INFO:     [IP-DISAMARKAN]:47308 - "GET /metrics HTTP/1.1" 307 Temporary Redirect
INFO:     [IP-DISAMARKAN]:47308 - "GET /metrics/ HTTP/1.1" 200 OK
INFO:     127.0.0.1:57494 - "GET /health HTTP/1.1" 200 OK
INFO:     [IP-DISAMARKAN]:47364 - "GET /metrics HTTP/1.1" 307 Temporary Redirect
INFO:     [IP-DISAMARKAN]:47364 - "GET /metrics/ HTTP/1.1" 200 OK
INFO:     [IP-DISAMARKAN]:52252 - "GET /health HTTP/1.1" 200 OK
INFO:     [IP-DISAMARKAN]:41342 - "GET /metrics HTTP/1.1" 307 Temporary Redirect
INFO:     [IP-DISAMARKAN]:41342 - "GET /metrics/ HTTP/1.1" 200 OK
INFO:     127.0.0.1:51466 - "GET /health HTTP/1.1" 200 OK
INFO:     [IP-DISAMARKAN]:44676 - "GET /metrics HTTP/1.1" 307 Temporary Redirect
INFO:     [IP-DISAMARKAN]:44676 - "GET /metrics/ HTTP/1.1" 200 OK
INFO:     [IP-DISAMARKAN]:60380 - "GET /health HTTP/1.1" 200 OK
INFO:     [IP-DISAMARKAN]:33930 - "GET /metrics HTTP/1.1" 307 Temporary Redirect
INFO:     [IP-DISAMARKAN]:33930 - "GET /metrics/ HTTP/1.1" 200 OK
INFO:     127.0.0.1:41686 - "GET /health HTTP/1.1" 200 OK
INFO:     [IP-DISAMARKAN]:52608 - "GET /metrics HTTP/1.1" 307 Temporary Redirect
INFO:     [IP-DISAMARKAN]:52608 - "GET /metrics/ HTTP/1.1" 200 OK
INFO:     [IP-DISAMARKAN]:33934 - "GET /health HTTP/1.1" 200 OK
INFO:     [IP-DISAMARKAN]:41508 - "GET /metrics HTTP/1.1" 307 Temporary Redirect
INFO:     [IP-DISAMARKAN]:41508 - "GET /metrics/ HTTP/1.1" 200 OK
INFO:     127.0.0.1:60848 - "GET /health HTTP/1.1" 200 OK
INFO:     [IP-DISAMARKAN]:58666 - "GET /metrics HTTP/1.1" 307 Temporary Redirect
INFO:     [IP-DISAMARKAN]:58666 - "GET /metrics/ HTTP/1.1" 200 OK
INFO:     [IP-DISAMARKAN]:52314 - "GET /health HTTP/1.1" 200 OK
INFO:     [IP-DISAMARKAN]:54884 - "GET /metrics HTTP/1.1" 307 Temporary Redirect
INFO:     [IP-DISAMARKAN]:54884 - "GET /metrics/ HTTP/1.1" 200 OK
INFO:     127.0.0.1:59522 - "GET /health HTTP/1.1" 200 OK
INFO:     [IP-DISAMARKAN]:51366 - "GET /metrics HTTP/1.1" 307 Temporary Redirect
INFO:     [IP-DISAMARKAN]:51366 - "GET /metrics/ HTTP/1.1" 200 OK
INFO:     [IP-DISAMARKAN]:59584 - "GET /health HTTP/1.1" 200 OK
INFO:     [IP-DISAMARKAN]:35714 - "GET /metrics HTTP/1.1" 307 Temporary Redirect
INFO:     [IP-DISAMARKAN]:35714 - "GET /metrics/ HTTP/1.1" 200 OK
INFO:     127.0.0.1:46442 - "GET /health HTTP/1.1" 200 OK
INFO:     [IP-DISAMARKAN]:34780 - "GET /metrics HTTP/1.1" 307 Temporary Redirect
INFO:     [IP-DISAMARKAN]:34780 - "GET /metrics/ HTTP/1.1" 200 OK
INFO:     [IP-DISAMARKAN]:60972 - "GET /health HTTP/1.1" 200 OK
INFO:     [IP-DISAMARKAN]:34466 - "GET /metrics HTTP/1.1" 307 Temporary Redirect
INFO:     [IP-DISAMARKAN]:34466 - "GET /metrics/ HTTP/1.1" 200 OK
INFO:     127.0.0.1:55108 - "GET /health HTTP/1.1" 200 OK
INFO:     [IP-DISAMARKAN]:60018 - "GET /metrics HTTP/1.1" 307 Temporary Redirect
INFO:     [IP-DISAMARKAN]:60018 - "GET /metrics/ HTTP/1.1" 200 OK
INFO:     [IP-DISAMARKAN]:57424 - "GET /health HTTP/1.1" 200 OK
INFO:     [IP-DISAMARKAN]:56024 - "GET /metrics HTTP/1.1" 307 Temporary Redirect
INFO:     [IP-DISAMARKAN]:56024 - "GET /metrics/ HTTP/1.1" 200 OK
INFO:     127.0.0.1:52590 - "GET /health HTTP/1.1" 200 OK
INFO:     [IP-DISAMARKAN]:47352 - "GET /metrics HTTP/1.1" 307 Temporary Redirect
INFO:     [IP-DISAMARKAN]:47352 - "GET /metrics/ HTTP/1.1" 200 OK
INFO:     [IP-DISAMARKAN]:54522 - "GET /health HTTP/1.1" 200 OK
INFO:     [IP-DISAMARKAN]:53930 - "GET /metrics HTTP/1.1" 307 Temporary Redirect
INFO:     [IP-DISAMARKAN]:53930 - "GET /metrics/ HTTP/1.1" 200 OK
INFO:     127.0.0.1:42888 - "GET /health HTTP/1.1" 200 OK
INFO:     [IP-DISAMARKAN]:54572 - "GET /metrics HTTP/1.1" 307 Temporary Redirect
INFO:     [IP-DISAMARKAN]:54572 - "GET /metrics/ HTTP/1.1" 200 OK
INFO:     [IP-DISAMARKAN]:47158 - "GET /health HTTP/1.1" 200 OK
INFO:     [IP-DISAMARKAN]:42080 - "GET /metrics HTTP/1.1" 307 Temporary Redirect
INFO:     [IP-DISAMARKAN]:42080 - "GET /metrics/ HTTP/1.1" 200 OK
INFO:     127.0.0.1:58190 - "GET /health HTTP/1.1" 200 OK
INFO:     [IP-DISAMARKAN]:55886 - "GET /metrics HTTP/1.1" 307 Temporary Redirect
INFO:     [IP-DISAMARKAN]:55886 - "GET /metrics/ HTTP/1.1" 200 OK
INFO:     [IP-DISAMARKAN]:45022 - "GET /metrics HTTP/1.1" 307 Temporary Redirect
INFO:     [IP-DISAMARKAN]:45022 - "GET /metrics/ HTTP/1.1" 200 OK
INFO:     [IP-DISAMARKAN]:48420 - "GET /health HTTP/1.1" 200 OK
INFO:     127.0.0.1:45132 - "GET /health HTTP/1.1" 200 OK
INFO:     [IP-DISAMARKAN]:50182 - "GET /metrics HTTP/1.1" 307 Temporary Redirect
INFO:     [IP-DISAMARKAN]:50182 - "GET /metrics/ HTTP/1.1" 200 OK
INFO:     [IP-DISAMARKAN]:56466 - "GET /metrics HTTP/1.1" 307 Temporary Redirect
INFO:     [IP-DISAMARKAN]:56466 - "GET /metrics/ HTTP/1.1" 200 OK
INFO:     127.0.0.1:55666 - "GET /health HTTP/1.1" 200 OK
INFO:     [IP-DISAMARKAN]:56794 - "GET /health HTTP/1.1" 200 OK
INFO:     [IP-DISAMARKAN]:44316 - "GET /metrics HTTP/1.1" 307 Temporary Redirect
INFO:     [IP-DISAMARKAN]:44316 - "GET /metrics/ HTTP/1.1" 200 OK
INFO:     [IP-DISAMARKAN]:59994 - "GET /metrics HTTP/1.1" 307 Temporary Redirect
INFO:     [IP-DISAMARKAN]:59994 - "GET /metrics/ HTTP/1.1" 200 OK
INFO:     127.0.0.1:39762 - "GET /health HTTP/1.1" 200 OK
INFO:     [IP-DISAMARKAN]:45626 - "GET /health HTTP/1.1" 200 OK
INFO:     [IP-DISAMARKAN]:36026 - "GET /metrics HTTP/1.1" 307 Temporary Redirect
INFO:     [IP-DISAMARKAN]:36026 - "GET /metrics/ HTTP/1.1" 200 OK
INFO:     [IP-DISAMARKAN]:46798 - "GET /metrics HTTP/1.1" 307 Temporary Redirect
INFO:     [IP-DISAMARKAN]:46798 - "GET /metrics/ HTTP/1.1" 200 OK
INFO:     127.0.0.1:45320 - "GET /health HTTP/1.1" 200 OK
INFO:     [IP-DISAMARKAN]:48144 - "GET /metrics HTTP/1.1" 307 Temporary Redirect
INFO:     [IP-DISAMARKAN]:48144 - "GET /metrics/ HTTP/1.1" 200 OK
INFO:     [IP-DISAMARKAN]:42334 - "GET /health HTTP/1.1" 200 OK
INFO:     Shutting down
INFO:     Waiting for application shutdown.
INFO:     Application shutdown complete.
INFO:     Finished server process [1]
INFO:     Started server process [1]
INFO:     Waiting for application startup.
INFO:     Application startup complete.
INFO:     Uvicorn running on http://0.0.0.0:8001 (Press CTRL+C to quit)
{"time": "2026-06-27T20:41:40", "level": "INFO", "name": "app.models.yolo", "msg": "YOLOv8 model loaded: models/yolov8n.onnx"}
{"time": "2026-06-27T20:41:40", "level": "INFO", "name": "app.models.yolo", "msg": "YOLOv8 model warm-up selesai"}
{"time": "2026-06-27T20:41:40", "level": "INFO", "name": "app.grpc_server", "msg": "Vision gRPC server started on port 50051 (insecure)"}
INFO:     127.0.0.1:45466 - "GET /health HTTP/1.1" 200 OK
INFO:     [IP-DISAMARKAN]:53392 - "GET /health HTTP/1.1" 200 OK
INFO:     [IP-DISAMARKAN]:52984 - "GET /metrics HTTP/1.1" 307 Temporary Redirect
INFO:     [IP-DISAMARKAN]:52984 - "GET /metrics/ HTTP/1.1" 200 OK
INFO:     [IP-DISAMARKAN]:57600 - "GET /metrics HTTP/1.1" 307 Temporary Redirect
INFO:     [IP-DISAMARKAN]:57600 - "GET /metrics/ HTTP/1.1" 200 OK
INFO:     127.0.0.1:60752 - "GET /health HTTP/1.1" 200 OK
INFO:     [IP-DISAMARKAN]:54910 - "GET /metrics HTTP/1.1" 307 Temporary Redirect
INFO:     [IP-DISAMARKAN]:54910 - "GET /metrics/ HTTP/1.1" 200 OK
INFO:     [IP-DISAMARKAN]:57572 - "GET /health HTTP/1.1" 200 OK
INFO:     [IP-DISAMARKAN]:41794 - "GET /metrics HTTP/1.1" 307 Temporary Redirect
INFO:     [IP-DISAMARKAN]:41794 - "GET /metrics/ HTTP/1.1" 200 OK
INFO:     127.0.0.1:40960 - "GET /health HTTP/1.1" 200 OK
INFO:     [IP-DISAMARKAN]:38144 - "GET /metrics HTTP/1.1" 307 Temporary Redirect
INFO:     [IP-DISAMARKAN]:38144 - "GET /metrics/ HTTP/1.1" 200 OK
INFO:     [IP-DISAMARKAN]:38822 - "GET /health HTTP/1.1" 200 OK
INFO:     [IP-DISAMARKAN]:45368 - "GET /metrics HTTP/1.1" 307 Temporary Redirect
INFO:     [IP-DISAMARKAN]:45368 - "GET /metrics/ HTTP/1.1" 200 OK
INFO:     127.0.0.1:52380 - "GET /health HTTP/1.1" 200 OK
INFO:     [IP-DISAMARKAN]:39168 - "GET /metrics HTTP/1.1" 307 Temporary Redirect
INFO:     [IP-DISAMARKAN]:39168 - "GET /metrics/ HTTP/1.1" 200 OK
INFO:     [IP-DISAMARKAN]:51994 - "GET /health HTTP/1.1" 200 OK
INFO:     [IP-DISAMARKAN]:49416 - "GET /metrics HTTP/1.1" 307 Temporary Redirect
INFO:     [IP-DISAMARKAN]:49416 - "GET /metrics/ HTTP/1.1" 200 OK
INFO:     127.0.0.1:47332 - "GET /health HTTP/1.1" 200 OK
INFO:     [IP-DISAMARKAN]:45814 - "GET /metrics HTTP/1.1" 307 Temporary Redirect
INFO:     [IP-DISAMARKAN]:45814 - "GET /metrics/ HTTP/1.1" 200 OK
INFO:     [IP-DISAMARKAN]:49104 - "GET /metrics HTTP/1.1" 307 Temporary Redirect
INFO:     [IP-DISAMARKAN]:49104 - "GET /metrics/ HTTP/1.1" 200 OK
INFO:     [IP-DISAMARKAN]:33062 - "GET /health HTTP/1.1" 200 OK
INFO:     127.0.0.1:58778 - "GET /health HTTP/1.1" 200 OK
INFO:     [IP-DISAMARKAN]:53416 - "GET /metrics HTTP/1.1" 307 Temporary Redirect
INFO:     [IP-DISAMARKAN]:53416 - "GET /metrics/ HTTP/1.1" 200 OK
INFO:     [IP-DISAMARKAN]:45658 - "GET /metrics HTTP/1.1" 307 Temporary Redirect
INFO:     [IP-DISAMARKAN]:45658 - "GET /metrics/ HTTP/1.1" 200 OK
INFO:     [IP-DISAMARKAN]:60870 - "GET /health HTTP/1.1" 200 OK
INFO:     127.0.0.1:40784 - "GET /health HTTP/1.1" 200 OK
INFO:     [IP-DISAMARKAN]:55108 - "GET /metrics HTTP/1.1" 307 Temporary Redirect
INFO:     [IP-DISAMARKAN]:55108 - "GET /metrics/ HTTP/1.1" 200 OK
INFO:     [IP-DISAMARKAN]:56096 - "GET /metrics HTTP/1.1" 307 Temporary Redirect
INFO:     [IP-DISAMARKAN]:56096 - "GET /metrics/ HTTP/1.1" 200 OK
INFO:     [IP-DISAMARKAN]:49868 - "GET /health HTTP/1.1" 200 OK
INFO:     127.0.0.1:41838 - "GET /health HTTP/1.1" 200 OK
INFO:     [IP-DISAMARKAN]:48204 - "GET /metrics HTTP/1.1" 307 Temporary Redirect
INFO:     [IP-DISAMARKAN]:48204 - "GET /metrics/ HTTP/1.1" 200 OK
INFO:     [IP-DISAMARKAN]:36204 - "GET /metrics HTTP/1.1" 307 Temporary Redirect
INFO:     [IP-DISAMARKAN]:36204 - "GET /metrics/ HTTP/1.1" 200 OK
INFO:     [IP-DISAMARKAN]:49020 - "GET /health HTTP/1.1" 200 OK
INFO:     127.0.0.1:38282 - "GET /health HTTP/1.1" 200 OK
INFO:     [IP-DISAMARKAN]:46022 - "GET /metrics HTTP/1.1" 307 Temporary Redirect
INFO:     [IP-DISAMARKAN]:46022 - "GET /metrics/ HTTP/1.1" 200 OK
INFO:     [IP-DISAMARKAN]:36636 - "GET /metrics HTTP/1.1" 307 Temporary Redirect
INFO:     [IP-DISAMARKAN]:36636 - "GET /metrics/ HTTP/1.1" 200 OK
INFO:     [IP-DISAMARKAN]:49880 - "GET /health HTTP/1.1" 200 OK
INFO:     127.0.0.1:37818 - "GET /health HTTP/1.1" 200 OK
INFO:     [IP-DISAMARKAN]:36622 - "GET /metrics HTTP/1.1" 307 Temporary Redirect
INFO:     [IP-DISAMARKAN]:36622 - "GET /metrics/ HTTP/1.1" 200 OK
INFO:     [IP-DISAMARKAN]:48214 - "GET /metrics HTTP/1.1" 307 Temporary Redirect
INFO:     [IP-DISAMARKAN]:48214 - "GET /metrics/ HTTP/1.1" 200 OK
INFO:     [IP-DISAMARKAN]:52932 - "GET /health HTTP/1.1" 200 OK
INFO:     127.0.0.1:39972 - "GET /health HTTP/1.1" 200 OK
INFO:     [IP-DISAMARKAN]:46648 - "GET /metrics HTTP/1.1" 307 Temporary Redirect
INFO:     [IP-DISAMARKAN]:46648 - "GET /metrics/ HTTP/1.1" 200 OK
INFO:     [IP-DISAMARKAN]:42320 - "GET /metrics HTTP/1.1" 307 Temporary Redirect
INFO:     [IP-DISAMARKAN]:42320 - "GET /metrics/ HTTP/1.1" 200 OK
INFO:     [IP-DISAMARKAN]:33074 - "GET /health HTTP/1.1" 200 OK
INFO:     127.0.0.1:56132 - "GET /health HTTP/1.1" 200 OK
INFO:     [IP-DISAMARKAN]:42634 - "GET /metrics HTTP/1.1" 307 Temporary Redirect
INFO:     [IP-DISAMARKAN]:42634 - "GET /metrics/ HTTP/1.1" 200 OK
INFO:     [IP-DISAMARKAN]:45096 - "GET /metrics HTTP/1.1" 307 Temporary Redirect
INFO:     [IP-DISAMARKAN]:45096 - "GET /metrics/ HTTP/1.1" 200 OK
INFO:     [IP-DISAMARKAN]:40762 - "GET /health HTTP/1.1" 200 OK
INFO:     127.0.0.1:54868 - "GET /health HTTP/1.1" 200 OK
INFO:     [IP-DISAMARKAN]:36982 - "GET /metrics HTTP/1.1" 307 Temporary Redirect
INFO:     [IP-DISAMARKAN]:36982 - "GET /metrics/ HTTP/1.1" 200 OK
INFO:     [IP-DISAMARKAN]:51758 - "GET /metrics HTTP/1.1" 307 Temporary Redirect
INFO:     [IP-DISAMARKAN]:51758 - "GET /metrics/ HTTP/1.1" 200 OK
INFO:     [IP-DISAMARKAN]:58284 - "GET /health HTTP/1.1" 200 OK
INFO:     127.0.0.1:52780 - "GET /health HTTP/1.1" 200 OK
INFO:     [IP-DISAMARKAN]:39642 - "GET /metrics HTTP/1.1" 307 Temporary Redirect
INFO:     [IP-DISAMARKAN]:39642 - "GET /metrics/ HTTP/1.1" 200 OK
INFO:     [IP-DISAMARKAN]:57616 - "GET /metrics HTTP/1.1" 307 Temporary Redirect
INFO:     [IP-DISAMARKAN]:57616 - "GET /metrics/ HTTP/1.1" 200 OK
INFO:     [IP-DISAMARKAN]:59544 - "GET /health HTTP/1.1" 200 OK
INFO:     127.0.0.1:45702 - "GET /health HTTP/1.1" 200 OK
INFO:     [IP-DISAMARKAN]:52898 - "GET /metrics HTTP/1.1" 307 Temporary Redirect
INFO:     [IP-DISAMARKAN]:52898 - "GET /metrics/ HTTP/1.1" 200 OK
INFO:     [IP-DISAMARKAN]:55044 - "GET /metrics HTTP/1.1" 307 Temporary Redirect
INFO:     [IP-DISAMARKAN]:55044 - "GET /metrics/ HTTP/1.1" 200 OK
INFO:     [IP-DISAMARKAN]:44702 - "GET /health HTTP/1.1" 200 OK
INFO:     127.0.0.1:38012 - "GET /health HTTP/1.1" 200 OK
INFO:     [IP-DISAMARKAN]:39398 - "GET /metrics HTTP/1.1" 307 Temporary Redirect
INFO:     [IP-DISAMARKAN]:39398 - "GET /metrics/ HTTP/1.1" 200 OK
INFO:     [IP-DISAMARKAN]:58308 - "GET /metrics HTTP/1.1" 307 Temporary Redirect
INFO:     [IP-DISAMARKAN]:58308 - "GET /metrics/ HTTP/1.1" 200 OK
INFO:     [IP-DISAMARKAN]:42682 - "GET /health HTTP/1.1" 200 OK
INFO:     127.0.0.1:33634 - "GET /health HTTP/1.1" 200 OK
INFO:     [IP-DISAMARKAN]:53372 - "GET /metrics HTTP/1.1" 307 Temporary Redirect
INFO:     [IP-DISAMARKAN]:53372 - "GET /metrics/ HTTP/1.1" 200 OK
INFO:     [IP-DISAMARKAN]:45172 - "GET /metrics HTTP/1.1" 307 Temporary Redirect
INFO:     [IP-DISAMARKAN]:45172 - "GET /metrics/ HTTP/1.1" 200 OK
INFO:     [IP-DISAMARKAN]:47278 - "GET /health HTTP/1.1" 200 OK
INFO:     127.0.0.1:47308 - "GET /health HTTP/1.1" 200 OK
INFO:     [IP-DISAMARKAN]:38750 - "GET /metrics HTTP/1.1" 307 Temporary Redirect
INFO:     [IP-DISAMARKAN]:38750 - "GET /metrics/ HTTP/1.1" 200 OK
INFO:     [IP-DISAMARKAN]:59000 - "GET /metrics HTTP/1.1" 307 Temporary Redirect
INFO:     [IP-DISAMARKAN]:59000 - "GET /metrics/ HTTP/1.1" 200 OK
INFO:     [IP-DISAMARKAN]:45132 - "GET /health HTTP/1.1" 200 OK
INFO:     127.0.0.1:43474 - "GET /health HTTP/1.1" 200 OK
INFO:     [IP-DISAMARKAN]:38176 - "GET /metrics HTTP/1.1" 307 Temporary Redirect
INFO:     [IP-DISAMARKAN]:38176 - "GET /metrics/ HTTP/1.1" 200 OK
INFO:     [IP-DISAMARKAN]:52098 - "GET /metrics HTTP/1.1" 307 Temporary Redirect
INFO:     [IP-DISAMARKAN]:52098 - "GET /metrics/ HTTP/1.1" 200 OK
INFO:     [IP-DISAMARKAN]:60186 - "GET /health HTTP/1.1" 200 OK
INFO:     127.0.0.1:48896 - "GET /health HTTP/1.1" 200 OK
INFO:     [IP-DISAMARKAN]:34102 - "GET /metrics HTTP/1.1" 307 Temporary Redirect
INFO:     [IP-DISAMARKAN]:34102 - "GET /metrics/ HTTP/1.1" 200 OK
INFO:     [IP-DISAMARKAN]:58508 - "GET /metrics HTTP/1.1" 307 Temporary Redirect
INFO:     [IP-DISAMARKAN]:58508 - "GET /metrics/ HTTP/1.1" 200 OK
INFO:     [IP-DISAMARKAN]:37386 - "GET /health HTTP/1.1" 200 OK
INFO:     127.0.0.1:58696 - "GET /health HTTP/1.1" 200 OK
INFO:     [IP-DISAMARKAN]:53528 - "GET /metrics HTTP/1.1" 307 Temporary Redirect
INFO:     [IP-DISAMARKAN]:53528 - "GET /metrics/ HTTP/1.1" 200 OK
INFO:     [IP-DISAMARKAN]:60988 - "GET /metrics HTTP/1.1" 307 Temporary Redirect
INFO:     [IP-DISAMARKAN]:60988 - "GET /metrics/ HTTP/1.1" 200 OK
INFO:     [IP-DISAMARKAN]:41952 - "GET /health HTTP/1.1" 200 OK
INFO:     127.0.0.1:35030 - "GET /health HTTP/1.1" 200 OK
INFO:     [IP-DISAMARKAN]:58406 - "GET /metrics HTTP/1.1" 307 Temporary Redirect
INFO:     [IP-DISAMARKAN]:58406 - "GET /metrics/ HTTP/1.1" 200 OK
INFO:     [IP-DISAMARKAN]:58352 - "GET /metrics HTTP/1.1" 307 Temporary Redirect
INFO:     [IP-DISAMARKAN]:58352 - "GET /metrics/ HTTP/1.1" 200 OK
INFO:     [IP-DISAMARKAN]:47304 - "GET /health HTTP/1.1" 200 OK
INFO:     127.0.0.1:54238 - "GET /health HTTP/1.1" 200 OK
INFO:     [IP-DISAMARKAN]:38026 - "GET /metrics HTTP/1.1" 307 Temporary Redirect
INFO:     [IP-DISAMARKAN]:38026 - "GET /metrics/ HTTP/1.1" 200 OK
INFO:     [IP-DISAMARKAN]:53668 - "GET /metrics HTTP/1.1" 307 Temporary Redirect
INFO:     [IP-DISAMARKAN]:53668 - "GET /metrics/ HTTP/1.1" 200 OK
INFO:     [IP-DISAMARKAN]:58182 - "GET /health HTTP/1.1" 200 OK
INFO:     127.0.0.1:60288 - "GET /health HTTP/1.1" 200 OK
INFO:     [IP-DISAMARKAN]:52984 - "GET /metrics HTTP/1.1" 307 Temporary Redirect
INFO:     [IP-DISAMARKAN]:52984 - "GET /metrics/ HTTP/1.1" 200 OK
INFO:     [IP-DISAMARKAN]:58898 - "GET /metrics HTTP/1.1" 307 Temporary Redirect
INFO:     [IP-DISAMARKAN]:58898 - "GET /metrics/ HTTP/1.1" 200 OK
INFO:     127.0.0.1:37736 - "GET /health HTTP/1.1" 200 OK
INFO:     [IP-DISAMARKAN]:41692 - "GET /health HTTP/1.1" 200 OK
INFO:     [IP-DISAMARKAN]:60326 - "GET /metrics HTTP/1.1" 307 Temporary Redirect
INFO:     [IP-DISAMARKAN]:60326 - "GET /metrics/ HTTP/1.1" 200 OK
INFO:     [IP-DISAMARKAN]:34024 - "GET /metrics HTTP/1.1" 307 Temporary Redirect
INFO:     [IP-DISAMARKAN]:34024 - "GET /metrics/ HTTP/1.1" 200 OK
INFO:     127.0.0.1:52268 - "GET /health HTTP/1.1" 200 OK
INFO:     [IP-DISAMARKAN]:42690 - "GET /metrics HTTP/1.1" 307 Temporary Redirect
INFO:     [IP-DISAMARKAN]:42690 - "GET /metrics/ HTTP/1.1" 200 OK
INFO:     [IP-DISAMARKAN]:37484 - "GET /health HTTP/1.1" 200 OK
INFO:     [IP-DISAMARKAN]:58572 - "GET /metrics HTTP/1.1" 307 Temporary Redirect
INFO:     [IP-DISAMARKAN]:58572 - "GET /metrics/ HTTP/1.1" 200 OK
INFO:     127.0.0.1:56044 - "GET /health HTTP/1.1" 200 OK
INFO:     [IP-DISAMARKAN]:57132 - "GET /metrics HTTP/1.1" 307 Temporary Redirect
INFO:     [IP-DISAMARKAN]:57132 - "GET /metrics/ HTTP/1.1" 200 OK
INFO:     [IP-DISAMARKAN]:58574 - "GET /health HTTP/1.1" 200 OK
INFO:     [IP-DISAMARKAN]:39404 - "GET /metrics HTTP/1.1" 307 Temporary Redirect
INFO:     [IP-DISAMARKAN]:39404 - "GET /metrics/ HTTP/1.1" 200 OK
INFO:     127.0.0.1:42652 - "GET /health HTTP/1.1" 200 OK
INFO:     [IP-DISAMARKAN]:34418 - "GET /metrics HTTP/1.1" 307 Temporary Redirect
INFO:     [IP-DISAMARKAN]:34418 - "GET /metrics/ HTTP/1.1" 200 OK
INFO:     [IP-DISAMARKAN]:42540 - "GET /health HTTP/1.1" 200 OK
INFO:     [IP-DISAMARKAN]:55082 - "GET /metrics HTTP/1.1" 307 Temporary Redirect
INFO:     [IP-DISAMARKAN]:55082 - "GET /metrics/ HTTP/1.1" 200 OK
INFO:     127.0.0.1:57408 - "GET /health HTTP/1.1" 200 OK
INFO:     [IP-DISAMARKAN]:46928 - "GET /metrics HTTP/1.1" 307 Temporary Redirect
INFO:     [IP-DISAMARKAN]:46928 - "GET /metrics/ HTTP/1.1" 200 OK
INFO:     [IP-DISAMARKAN]:44048 - "GET /metrics HTTP/1.1" 307 Temporary Redirect
INFO:     [IP-DISAMARKAN]:44048 - "GET /metrics/ HTTP/1.1" 200 OK
INFO:     [IP-DISAMARKAN]:39964 - "GET /health HTTP/1.1" 200 OK
INFO:     127.0.0.1:38430 - "GET /health HTTP/1.1" 200 OK
INFO:     [IP-DISAMARKAN]:40310 - "GET /metrics HTTP/1.1" 307 Temporary Redirect
INFO:     [IP-DISAMARKAN]:40310 - "GET /metrics/ HTTP/1.1" 200 OK
INFO:     [IP-DISAMARKAN]:57752 - "GET /metrics HTTP/1.1" 307 Temporary Redirect
INFO:     [IP-DISAMARKAN]:57752 - "GET /metrics/ HTTP/1.1" 200 OK
INFO:     Shutting down
INFO:     Waiting for application shutdown.
INFO:     Application shutdown complete.
INFO:     Finished server process [1]
INFO:     Started server process [1]
INFO:     Waiting for application startup.
INFO:     Application startup complete.
INFO:     Uvicorn running on http://0.0.0.0:8001 (Press CTRL+C to quit)
{"time": "2026-06-27T20:59:11", "level": "INFO", "name": "app.models.yolo", "msg": "YOLOv8 model loaded: models/yolov8n.onnx"}
{"time": "2026-06-27T20:59:11", "level": "INFO", "name": "app.models.yolo", "msg": "YOLOv8 model warm-up selesai"}
{"time": "2026-06-27T20:59:11", "level": "INFO", "name": "app.grpc_server", "msg": "Vision gRPC server started on port 50051 (insecure)"}
INFO:     127.0.0.1:48600 - "GET /health HTTP/1.1" 200 OK
INFO:     [IP-DISAMARKAN]:42876 - "GET /metrics HTTP/1.1" 307 Temporary Redirect
INFO:     [IP-DISAMARKAN]:42876 - "GET /metrics/ HTTP/1.1" 200 OK
INFO:     [IP-DISAMARKAN]:37680 - "GET /metrics HTTP/1.1" 307 Temporary Redirect
INFO:     [IP-DISAMARKAN]:37680 - "GET /metrics/ HTTP/1.1" 200 OK
INFO:     [IP-DISAMARKAN]:60870 - "GET /health HTTP/1.1" 200 OK
INFO:     127.0.0.1:59050 - "GET /health HTTP/1.1" 200 OK
INFO:     [IP-DISAMARKAN]:33908 - "GET /metrics HTTP/1.1" 307 Temporary Redirect
INFO:     [IP-DISAMARKAN]:33908 - "GET /metrics/ HTTP/1.1" 200 OK
INFO:     [IP-DISAMARKAN]:41694 - "GET /metrics HTTP/1.1" 307 Temporary Redirect
INFO:     [IP-DISAMARKAN]:41694 - "GET /metrics/ HTTP/1.1" 200 OK
INFO:     [IP-DISAMARKAN]:55582 - "GET /health HTTP/1.1" 200 OK
INFO:     127.0.0.1:34630 - "GET /health HTTP/1.1" 200 OK
INFO:     [IP-DISAMARKAN]:40246 - "GET /metrics HTTP/1.1" 307 Temporary Redirect
INFO:     [IP-DISAMARKAN]:40246 - "GET /metrics/ HTTP/1.1" 200 OK
INFO:     [IP-DISAMARKAN]:46224 - "GET /metrics HTTP/1.1" 307 Temporary Redirect
INFO:     [IP-DISAMARKAN]:46224 - "GET /metrics/ HTTP/1.1" 200 OK
INFO:     127.0.0.1:39588 - "GET /health HTTP/1.1" 200 OK
INFO:     [IP-DISAMARKAN]:53764 - "GET /health HTTP/1.1" 200 OK
INFO:     [IP-DISAMARKAN]:59332 - "GET /metrics HTTP/1.1" 307 Temporary Redirect
INFO:     [IP-DISAMARKAN]:59332 - "GET /metrics/ HTTP/1.1" 200 OK
INFO:     [IP-DISAMARKAN]:55718 - "GET /metrics HTTP/1.1" 307 Temporary Redirect
INFO:     [IP-DISAMARKAN]:55718 - "GET /metrics/ HTTP/1.1" 200 OK
INFO:     127.0.0.1:50586 - "GET /health HTTP/1.1" 200 OK
INFO:     [IP-DISAMARKAN]:49326 - "GET /metrics HTTP/1.1" 307 Temporary Redirect
INFO:     [IP-DISAMARKAN]:49326 - "GET /metrics/ HTTP/1.1" 200 OK
INFO:     [IP-DISAMARKAN]:48368 - "GET /health HTTP/1.1" 200 OK
INFO:     [IP-DISAMARKAN]:46880 - "GET /metrics HTTP/1.1" 307 Temporary Redirect
INFO:     [IP-DISAMARKAN]:46880 - "GET /metrics/ HTTP/1.1" 200 OK
INFO:     127.0.0.1:39748 - "GET /health HTTP/1.1" 200 OK
INFO:     [IP-DISAMARKAN]:33528 - "GET /metrics HTTP/1.1" 307 Temporary Redirect
INFO:     [IP-DISAMARKAN]:33528 - "GET /metrics/ HTTP/1.1" 200 OK
INFO:     [IP-DISAMARKAN]:49788 - "GET /health HTTP/1.1" 200 OK
INFO:     [IP-DISAMARKAN]:49614 - "GET /metrics HTTP/1.1" 307 Temporary Redirect
INFO:     [IP-DISAMARKAN]:49614 - "GET /metrics/ HTTP/1.1" 200 OK
INFO:     127.0.0.1:51882 - "GET /health HTTP/1.1" 200 OK
INFO:     [IP-DISAMARKAN]:50658 - "GET /metrics HTTP/1.1" 307 Temporary Redirect
INFO:     [IP-DISAMARKAN]:50658 - "GET /metrics/ HTTP/1.1" 200 OK
INFO:     [IP-DISAMARKAN]:36906 - "GET /health HTTP/1.1" 200 OK
INFO:     [IP-DISAMARKAN]:51956 - "GET /metrics HTTP/1.1" 307 Temporary Redirect
INFO:     [IP-DISAMARKAN]:51956 - "GET /metrics/ HTTP/1.1" 200 OK
INFO:     127.0.0.1:45030 - "GET /health HTTP/1.1" 200 OK
INFO:     [IP-DISAMARKAN]:48866 - "GET /metrics HTTP/1.1" 307 Temporary Redirect
INFO:     [IP-DISAMARKAN]:48866 - "GET /metrics/ HTTP/1.1" 200 OK
INFO:     [IP-DISAMARKAN]:42764 - "GET /health HTTP/1.1" 200 OK
INFO:     [IP-DISAMARKAN]:41328 - "GET /metrics HTTP/1.1" 307 Temporary Redirect
INFO:     [IP-DISAMARKAN]:41328 - "GET /metrics/ HTTP/1.1" 200 OK
INFO:     127.0.0.1:53496 - "GET /health HTTP/1.1" 200 OK
INFO:     [IP-DISAMARKAN]:37464 - "GET /metrics HTTP/1.1" 307 Temporary Redirect
INFO:     [IP-DISAMARKAN]:37464 - "GET /metrics/ HTTP/1.1" 200 OK
INFO:     [IP-DISAMARKAN]:43334 - "GET /health HTTP/1.1" 200 OK
INFO:     [IP-DISAMARKAN]:42498 - "GET /metrics HTTP/1.1" 307 Temporary Redirect
INFO:     [IP-DISAMARKAN]:42498 - "GET /metrics/ HTTP/1.1" 200 OK
INFO:     127.0.0.1:33680 - "GET /health HTTP/1.1" 200 OK
INFO:     [IP-DISAMARKAN]:34794 - "GET /metrics HTTP/1.1" 307 Temporary Redirect
INFO:     [IP-DISAMARKAN]:34794 - "GET /metrics/ HTTP/1.1" 200 OK
INFO:     [IP-DISAMARKAN]:52340 - "GET /health HTTP/1.1" 200 OK
INFO:     [IP-DISAMARKAN]:32814 - "GET /metrics HTTP/1.1" 307 Temporary Redirect
INFO:     [IP-DISAMARKAN]:32814 - "GET /metrics/ HTTP/1.1" 200 OK
INFO:     127.0.0.1:34152 - "GET /health HTTP/1.1" 200 OK
INFO:     [IP-DISAMARKAN]:46020 - "GET /metrics HTTP/1.1" 307 Temporary Redirect
INFO:     [IP-DISAMARKAN]:46020 - "GET /metrics/ HTTP/1.1" 200 OK
INFO:     [IP-DISAMARKAN]:47212 - "GET /health HTTP/1.1" 200 OK
INFO:     [IP-DISAMARKAN]:51562 - "GET /metrics HTTP/1.1" 307 Temporary Redirect
INFO:     [IP-DISAMARKAN]:51562 - "GET /metrics/ HTTP/1.1" 200 OK
INFO:     127.0.0.1:58900 - "GET /health HTTP/1.1" 200 OK
INFO:     [IP-DISAMARKAN]:53164 - "GET /metrics HTTP/1.1" 307 Temporary Redirect
INFO:     [IP-DISAMARKAN]:53164 - "GET /metrics/ HTTP/1.1" 200 OK
INFO:     [IP-DISAMARKAN]:45138 - "GET /health HTTP/1.1" 200 OK
INFO:     [IP-DISAMARKAN]:51584 - "GET /metrics HTTP/1.1" 307 Temporary Redirect
INFO:     [IP-DISAMARKAN]:51584 - "GET /metrics/ HTTP/1.1" 200 OK
INFO:     127.0.0.1:60576 - "GET /health HTTP/1.1" 200 OK
INFO:     [IP-DISAMARKAN]:56488 - "GET /metrics HTTP/1.1" 307 Temporary Redirect
INFO:     [IP-DISAMARKAN]:56488 - "GET /metrics/ HTTP/1.1" 200 OK
INFO:     [IP-DISAMARKAN]:45894 - "GET /health HTTP/1.1" 200 OK
INFO:     [IP-DISAMARKAN]:39790 - "GET /metrics HTTP/1.1" 307 Temporary Redirect
INFO:     [IP-DISAMARKAN]:39790 - "GET /metrics/ HTTP/1.1" 200 OK
INFO:     127.0.0.1:46826 - "GET /health HTTP/1.1" 200 OK
INFO:     [IP-DISAMARKAN]:54304 - "GET /metrics HTTP/1.1" 307 Temporary Redirect
INFO:     [IP-DISAMARKAN]:54304 - "GET /metrics/ HTTP/1.1" 200 OK
INFO:     [IP-DISAMARKAN]:40066 - "GET /health HTTP/1.1" 200 OK
INFO:     [IP-DISAMARKAN]:57078 - "GET /metrics HTTP/1.1" 307 Temporary Redirect
INFO:     [IP-DISAMARKAN]:57078 - "GET /metrics/ HTTP/1.1" 200 OK
INFO:     127.0.0.1:35918 - "GET /health HTTP/1.1" 200 OK
INFO:     [IP-DISAMARKAN]:40376 - "GET /metrics HTTP/1.1" 307 Temporary Redirect
INFO:     [IP-DISAMARKAN]:40376 - "GET /metrics/ HTTP/1.1" 200 OK
INFO:     [IP-DISAMARKAN]:52944 - "GET /health HTTP/1.1" 200 OK
INFO:     [IP-DISAMARKAN]:48426 - "GET /metrics HTTP/1.1" 307 Temporary Redirect
INFO:     [IP-DISAMARKAN]:48426 - "GET /metrics/ HTTP/1.1" 200 OK
INFO:     127.0.0.1:35332 - "GET /health HTTP/1.1" 200 OK
INFO:     [IP-DISAMARKAN]:41646 - "GET /metrics HTTP/1.1" 307 Temporary Redirect
INFO:     [IP-DISAMARKAN]:41646 - "GET /metrics/ HTTP/1.1" 200 OK
INFO:     [IP-DISAMARKAN]:49296 - "GET /health HTTP/1.1" 200 OK
INFO:     [IP-DISAMARKAN]:54244 - "GET /metrics HTTP/1.1" 307 Temporary Redirect
INFO:     [IP-DISAMARKAN]:54244 - "GET /metrics/ HTTP/1.1" 200 OK
INFO:     127.0.0.1:44794 - "GET /health HTTP/1.1" 200 OK
INFO:     [IP-DISAMARKAN]:43666 - "GET /metrics HTTP/1.1" 307 Temporary Redirect
INFO:     [IP-DISAMARKAN]:43666 - "GET /metrics/ HTTP/1.1" 200 OK
INFO:     [IP-DISAMARKAN]:34422 - "GET /health HTTP/1.1" 200 OK
INFO:     [IP-DISAMARKAN]:32856 - "GET /metrics HTTP/1.1" 307 Temporary Redirect
INFO:     [IP-DISAMARKAN]:32856 - "GET /metrics/ HTTP/1.1" 200 OK
INFO:     127.0.0.1:48930 - "GET /health HTTP/1.1" 200 OK
INFO:     [IP-DISAMARKAN]:43384 - "GET /metrics HTTP/1.1" 307 Temporary Redirect
INFO:     [IP-DISAMARKAN]:43384 - "GET /metrics/ HTTP/1.1" 200 OK
INFO:     [IP-DISAMARKAN]:46832 - "GET /health HTTP/1.1" 200 OK
INFO:     [IP-DISAMARKAN]:38592 - "GET /metrics HTTP/1.1" 307 Temporary Redirect
INFO:     [IP-DISAMARKAN]:38592 - "GET /metrics/ HTTP/1.1" 200 OK
INFO:     127.0.0.1:41866 - "GET /health HTTP/1.1" 200 OK
INFO:     [IP-DISAMARKAN]:33668 - "GET /metrics HTTP/1.1" 307 Temporary Redirect
INFO:     [IP-DISAMARKAN]:33668 - "GET /metrics/ HTTP/1.1" 200 OK
INFO:     [IP-DISAMARKAN]:35362 - "GET /health HTTP/1.1" 200 OK
INFO:     [IP-DISAMARKAN]:51824 - "GET /metrics HTTP/1.1" 307 Temporary Redirect
INFO:     [IP-DISAMARKAN]:51824 - "GET /metrics/ HTTP/1.1" 200 OK
INFO:     127.0.0.1:43310 - "GET /health HTTP/1.1" 200 OK
INFO:     [IP-DISAMARKAN]:50116 - "GET /metrics HTTP/1.1" 307 Temporary Redirect
INFO:     [IP-DISAMARKAN]:50116 - "GET /metrics/ HTTP/1.1" 200 OK
INFO:     [IP-DISAMARKAN]:57720 - "GET /health HTTP/1.1" 200 OK
INFO:     [IP-DISAMARKAN]:35330 - "GET /metrics HTTP/1.1" 307 Temporary Redirect
INFO:     [IP-DISAMARKAN]:35330 - "GET /metrics/ HTTP/1.1" 200 OK
INFO:     127.0.0.1:47844 - "GET /health HTTP/1.1" 200 OK
INFO:     [IP-DISAMARKAN]:57052 - "GET /metrics HTTP/1.1" 307 Temporary Redirect
INFO:     [IP-DISAMARKAN]:57052 - "GET /metrics/ HTTP/1.1" 200 OK
INFO:     [IP-DISAMARKAN]:41970 - "GET /health HTTP/1.1" 200 OK
INFO:     [IP-DISAMARKAN]:47468 - "GET /metrics HTTP/1.1" 307 Temporary Redirect
INFO:     [IP-DISAMARKAN]:47468 - "GET /metrics/ HTTP/1.1" 200 OK
INFO:     127.0.0.1:39496 - "GET /health HTTP/1.1" 200 OK
INFO:     [IP-DISAMARKAN]:49570 - "GET /metrics HTTP/1.1" 307 Temporary Redirect
INFO:     [IP-DISAMARKAN]:49570 - "GET /metrics/ HTTP/1.1" 200 OK
INFO:     [IP-DISAMARKAN]:48910 - "GET /health HTTP/1.1" 200 OK
INFO:     [IP-DISAMARKAN]:57990 - "GET /metrics HTTP/1.1" 307 Temporary Redirect
INFO:     [IP-DISAMARKAN]:57990 - "GET /metrics/ HTTP/1.1" 200 OK
INFO:     127.0.0.1:47460 - "GET /health HTTP/1.1" 200 OK
INFO:     [IP-DISAMARKAN]:37396 - "GET /metrics HTTP/1.1" 307 Temporary Redirect
INFO:     [IP-DISAMARKAN]:37396 - "GET /metrics/ HTTP/1.1" 200 OK
INFO:     [IP-DISAMARKAN]:59794 - "GET /health HTTP/1.1" 200 OK
INFO:     [IP-DISAMARKAN]:57338 - "GET /metrics HTTP/1.1" 307 Temporary Redirect
INFO:     [IP-DISAMARKAN]:57338 - "GET /metrics/ HTTP/1.1" 200 OK
INFO:     127.0.0.1:45238 - "GET /health HTTP/1.1" 200 OK
INFO:     [IP-DISAMARKAN]:44284 - "GET /metrics HTTP/1.1" 307 Temporary Redirect
INFO:     [IP-DISAMARKAN]:44284 - "GET /metrics/ HTTP/1.1" 200 OK
INFO:     [IP-DISAMARKAN]:46604 - "GET /health HTTP/1.1" 200 OK
INFO:     [IP-DISAMARKAN]:40328 - "GET /metrics HTTP/1.1" 307 Temporary Redirect
INFO:     [IP-DISAMARKAN]:40328 - "GET /metrics/ HTTP/1.1" 200 OK
INFO:     127.0.0.1:42844 - "GET /health HTTP/1.1" 200 OK
INFO:     [IP-DISAMARKAN]:43126 - "GET /metrics HTTP/1.1" 307 Temporary Redirect
INFO:     [IP-DISAMARKAN]:43126 - "GET /metrics/ HTTP/1.1" 200 OK
INFO:     [IP-DISAMARKAN]:46004 - "GET /health HTTP/1.1" 200 OK
INFO:     [IP-DISAMARKAN]:33250 - "GET /metrics HTTP/1.1" 307 Temporary Redirect
INFO:     [IP-DISAMARKAN]:33250 - "GET /metrics/ HTTP/1.1" 200 OK
INFO:     127.0.0.1:38968 - "GET /health HTTP/1.1" 200 OK
INFO:     [IP-DISAMARKAN]:40124 - "GET /metrics HTTP/1.1" 307 Temporary Redirect
INFO:     [IP-DISAMARKAN]:40124 - "GET /metrics/ HTTP/1.1" 200 OK
INFO:     [IP-DISAMARKAN]:55228 - "GET /metrics HTTP/1.1" 307 Temporary Redirect
INFO:     [IP-DISAMARKAN]:55228 - "GET /metrics/ HTTP/1.1" 200 OK
INFO:     [IP-DISAMARKAN]:51408 - "GET /health HTTP/1.1" 200 OK
INFO:     127.0.0.1:58756 - "GET /health HTTP/1.1" 200 OK
INFO:     [IP-DISAMARKAN]:57172 - "GET /metrics HTTP/1.1" 307 Temporary Redirect
INFO:     [IP-DISAMARKAN]:57172 - "GET /metrics/ HTTP/1.1" 200 OK
INFO:     [IP-DISAMARKAN]:57498 - "GET /metrics HTTP/1.1" 307 Temporary Redirect
INFO:     [IP-DISAMARKAN]:57498 - "GET /metrics/ HTTP/1.1" 200 OK
INFO:     [IP-DISAMARKAN]:46814 - "GET /health HTTP/1.1" 200 OK
INFO:     127.0.0.1:47190 - "GET /health HTTP/1.1" 200 OK
INFO:     [IP-DISAMARKAN]:48484 - "GET /metrics HTTP/1.1" 307 Temporary Redirect
INFO:     [IP-DISAMARKAN]:48484 - "GET /metrics/ HTTP/1.1" 200 OK
INFO:     [IP-DISAMARKAN]:51646 - "GET /metrics HTTP/1.1" 307 Temporary Redirect
INFO:     [IP-DISAMARKAN]:51646 - "GET /metrics/ HTTP/1.1" 200 OK
INFO:     [IP-DISAMARKAN]:47604 - "GET /health HTTP/1.1" 200 OK
INFO:     127.0.0.1:59184 - "GET /health HTTP/1.1" 200 OK
INFO:     [IP-DISAMARKAN]:37004 - "GET /metrics HTTP/1.1" 307 Temporary Redirect
INFO:     [IP-DISAMARKAN]:37004 - "GET /metrics/ HTTP/1.1" 200 OK
INFO:     [IP-DISAMARKAN]:49070 - "GET /metrics HTTP/1.1" 307 Temporary Redirect
INFO:     [IP-DISAMARKAN]:49070 - "GET /metrics/ HTTP/1.1" 200 OK
INFO:     127.0.0.1:56842 - "GET /health HTTP/1.1" 200 OK
INFO:     [IP-DISAMARKAN]:45372 - "GET /metrics HTTP/1.1" 307 Temporary Redirect
INFO:     [IP-DISAMARKAN]:45372 - "GET /metrics/ HTTP/1.1" 200 OK
INFO:     [IP-DISAMARKAN]:57330 - "GET /health HTTP/1.1" 200 OK
INFO:     [IP-DISAMARKAN]:50092 - "GET /metrics HTTP/1.1" 307 Temporary Redirect
INFO:     [IP-DISAMARKAN]:50092 - "GET /metrics/ HTTP/1.1" 200 OK
INFO:     Shutting down
INFO:     Waiting for application shutdown.
INFO:     Application shutdown complete.
INFO:     Finished server process [1]
INFO:     Started server process [1]
INFO:     Waiting for application startup.
INFO:     Application startup complete.
INFO:     Uvicorn running on http://0.0.0.0:8001 (Press CTRL+C to quit)
{"time": "2026-06-27T21:16:42", "level": "INFO", "name": "app.models.yolo", "msg": "YOLOv8 model loaded: models/yolov8n.onnx"}
{"time": "2026-06-27T21:16:42", "level": "INFO", "name": "app.models.yolo", "msg": "YOLOv8 model warm-up selesai"}
{"time": "2026-06-27T21:16:42", "level": "INFO", "name": "app.grpc_server", "msg": "Vision gRPC server started on port 50051 (insecure)"}
INFO:     127.0.0.1:48294 - "GET /health HTTP/1.1" 200 OK
INFO:     [IP-DISAMARKAN]:35226 - "GET /health HTTP/1.1" 200 OK
INFO:     [IP-DISAMARKAN]:57406 - "GET /metrics HTTP/1.1" 307 Temporary Redirect
INFO:     [IP-DISAMARKAN]:57406 - "GET /metrics/ HTTP/1.1" 200 OK
INFO:     [IP-DISAMARKAN]:58850 - "GET /metrics HTTP/1.1" 307 Temporary Redirect
INFO:     [IP-DISAMARKAN]:58850 - "GET /metrics/ HTTP/1.1" 200 OK
INFO:     127.0.0.1:58434 - "GET /health HTTP/1.1" 200 OK
INFO:     [IP-DISAMARKAN]:42814 - "GET /metrics HTTP/1.1" 307 Temporary Redirect
INFO:     [IP-DISAMARKAN]:42814 - "GET /metrics/ HTTP/1.1" 200 OK
INFO:     [IP-DISAMARKAN]:58906 - "GET /health HTTP/1.1" 200 OK
INFO:     [IP-DISAMARKAN]:60120 - "GET /metrics HTTP/1.1" 307 Temporary Redirect
INFO:     [IP-DISAMARKAN]:60120 - "GET /metrics/ HTTP/1.1" 200 OK
INFO:     127.0.0.1:46546 - "GET /health HTTP/1.1" 200 OK
INFO:     [IP-DISAMARKAN]:48128 - "GET /metrics HTTP/1.1" 307 Temporary Redirect
INFO:     [IP-DISAMARKAN]:48128 - "GET /metrics/ HTTP/1.1" 200 OK
INFO:     [IP-DISAMARKAN]:46010 - "GET /health HTTP/1.1" 200 OK
INFO:     [IP-DISAMARKAN]:55360 - "GET /metrics HTTP/1.1" 307 Temporary Redirect
INFO:     [IP-DISAMARKAN]:55360 - "GET /metrics/ HTTP/1.1" 200 OK
INFO:     127.0.0.1:37324 - "GET /health HTTP/1.1" 200 OK
INFO:     [IP-DISAMARKAN]:47070 - "GET /metrics HTTP/1.1" 307 Temporary Redirect
INFO:     [IP-DISAMARKAN]:47070 - "GET /metrics/ HTTP/1.1" 200 OK
INFO:     [IP-DISAMARKAN]:46298 - "GET /health HTTP/1.1" 200 OK
INFO:     [IP-DISAMARKAN]:53054 - "GET /metrics HTTP/1.1" 307 Temporary Redirect
INFO:     [IP-DISAMARKAN]:53054 - "GET /metrics/ HTTP/1.1" 200 OK
INFO:     127.0.0.1:47192 - "GET /health HTTP/1.1" 200 OK
INFO:     [IP-DISAMARKAN]:58418 - "GET /metrics HTTP/1.1" 307 Temporary Redirect
INFO:     [IP-DISAMARKAN]:58418 - "GET /metrics/ HTTP/1.1" 200 OK
INFO:     [IP-DISAMARKAN]:45606 - "GET /metrics HTTP/1.1" 307 Temporary Redirect
INFO:     [IP-DISAMARKAN]:45606 - "GET /metrics/ HTTP/1.1" 200 OK
INFO:     [IP-DISAMARKAN]:43204 - "GET /health HTTP/1.1" 200 OK
INFO:     127.0.0.1:38048 - "GET /health HTTP/1.1" 200 OK
INFO:     [IP-DISAMARKAN]:48310 - "GET /metrics HTTP/1.1" 307 Temporary Redirect
INFO:     [IP-DISAMARKAN]:48310 - "GET /metrics/ HTTP/1.1" 200 OK
INFO:     [IP-DISAMARKAN]:57496 - "GET /metrics HTTP/1.1" 307 Temporary Redirect
INFO:     [IP-DISAMARKAN]:57496 - "GET /metrics/ HTTP/1.1" 200 OK
INFO:     [IP-DISAMARKAN]:60564 - "GET /health HTTP/1.1" 200 OK
INFO:     127.0.0.1:38428 - "GET /health HTTP/1.1" 200 OK
INFO:     [IP-DISAMARKAN]:36198 - "GET /metrics HTTP/1.1" 307 Temporary Redirect
INFO:     [IP-DISAMARKAN]:36198 - "GET /metrics/ HTTP/1.1" 200 OK
INFO:     [IP-DISAMARKAN]:54590 - "GET /metrics HTTP/1.1" 307 Temporary Redirect
INFO:     [IP-DISAMARKAN]:54590 - "GET /metrics/ HTTP/1.1" 200 OK
INFO:     [IP-DISAMARKAN]:50782 - "GET /health HTTP/1.1" 200 OK
INFO:     127.0.0.1:39296 - "GET /health HTTP/1.1" 200 OK
INFO:     [IP-DISAMARKAN]:38264 - "GET /metrics HTTP/1.1" 307 Temporary Redirect
INFO:     [IP-DISAMARKAN]:38264 - "GET /metrics/ HTTP/1.1" 200 OK
INFO:     [IP-DISAMARKAN]:60632 - "GET /metrics HTTP/1.1" 307 Temporary Redirect
INFO:     [IP-DISAMARKAN]:60632 - "GET /metrics/ HTTP/1.1" 200 OK
INFO:     [IP-DISAMARKAN]:57806 - "GET /health HTTP/1.1" 200 OK
INFO:     127.0.0.1:48532 - "GET /health HTTP/1.1" 200 OK
INFO:     [IP-DISAMARKAN]:58252 - "GET /metrics HTTP/1.1" 307 Temporary Redirect
INFO:     [IP-DISAMARKAN]:58252 - "GET /metrics/ HTTP/1.1" 200 OK
INFO:     [IP-DISAMARKAN]:45834 - "GET /metrics HTTP/1.1" 307 Temporary Redirect
INFO:     [IP-DISAMARKAN]:45834 - "GET /metrics/ HTTP/1.1" 200 OK
INFO:     [IP-DISAMARKAN]:46088 - "GET /health HTTP/1.1" 200 OK
INFO:     127.0.0.1:51330 - "GET /health HTTP/1.1" 200 OK
INFO:     [IP-DISAMARKAN]:48852 - "GET /metrics HTTP/1.1" 307 Temporary Redirect
INFO:     [IP-DISAMARKAN]:48852 - "GET /metrics/ HTTP/1.1" 200 OK
INFO:     [IP-DISAMARKAN]:46568 - "GET /metrics HTTP/1.1" 307 Temporary Redirect
INFO:     [IP-DISAMARKAN]:46568 - "GET /metrics/ HTTP/1.1" 200 OK
INFO:     [IP-DISAMARKAN]:40694 - "GET /health HTTP/1.1" 200 OK
INFO:     127.0.0.1:33500 - "GET /health HTTP/1.1" 200 OK
INFO:     [IP-DISAMARKAN]:44466 - "GET /metrics HTTP/1.1" 307 Temporary Redirect
INFO:     [IP-DISAMARKAN]:44466 - "GET /metrics/ HTTP/1.1" 200 OK
INFO:     [IP-DISAMARKAN]:46602 - "GET /metrics HTTP/1.1" 307 Temporary Redirect
INFO:     [IP-DISAMARKAN]:46602 - "GET /metrics/ HTTP/1.1" 200 OK
INFO:     [IP-DISAMARKAN]:59044 - "GET /health HTTP/1.1" 200 OK
INFO:     127.0.0.1:37930 - "GET /health HTTP/1.1" 200 OK
INFO:     [IP-DISAMARKAN]:45786 - "GET /metrics HTTP/1.1" 307 Temporary Redirect
INFO:     [IP-DISAMARKAN]:45786 - "GET /metrics/ HTTP/1.1" 200 OK
INFO:     [IP-DISAMARKAN]:34874 - "GET /metrics HTTP/1.1" 307 Temporary Redirect
INFO:     [IP-DISAMARKAN]:34874 - "GET /metrics/ HTTP/1.1" 200 OK
INFO:     [IP-DISAMARKAN]:49284 - "GET /health HTTP/1.1" 200 OK
INFO:     127.0.0.1:49498 - "GET /health HTTP/1.1" 200 OK
INFO:     [IP-DISAMARKAN]:47672 - "GET /metrics HTTP/1.1" 307 Temporary Redirect
INFO:     [IP-DISAMARKAN]:47672 - "GET /metrics/ HTTP/1.1" 200 OK
INFO:     [IP-DISAMARKAN]:42980 - "GET /metrics HTTP/1.1" 307 Temporary Redirect
INFO:     [IP-DISAMARKAN]:42980 - "GET /metrics/ HTTP/1.1" 200 OK
INFO:     [IP-DISAMARKAN]:38466 - "GET /health HTTP/1.1" 200 OK
INFO:     127.0.0.1:51748 - "GET /health HTTP/1.1" 200 OK
INFO:     [IP-DISAMARKAN]:52518 - "GET /metrics HTTP/1.1" 307 Temporary Redirect
INFO:     [IP-DISAMARKAN]:52518 - "GET /metrics/ HTTP/1.1" 200 OK
INFO:     [IP-DISAMARKAN]:60262 - "GET /metrics HTTP/1.1" 307 Temporary Redirect
INFO:     [IP-DISAMARKAN]:60262 - "GET /metrics/ HTTP/1.1" 200 OK
INFO:     [IP-DISAMARKAN]:39972 - "GET /health HTTP/1.1" 200 OK
INFO:     127.0.0.1:55356 - "GET /health HTTP/1.1" 200 OK
INFO:     [IP-DISAMARKAN]:46516 - "GET /metrics HTTP/1.1" 307 Temporary Redirect
INFO:     [IP-DISAMARKAN]:46516 - "GET /metrics/ HTTP/1.1" 200 OK
INFO:     [IP-DISAMARKAN]:53462 - "GET /metrics HTTP/1.1" 307 Temporary Redirect
INFO:     [IP-DISAMARKAN]:53462 - "GET /metrics/ HTTP/1.1" 200 OK
INFO:     [IP-DISAMARKAN]:57056 - "GET /health HTTP/1.1" 200 OK
INFO:     127.0.0.1:54790 - "GET /health HTTP/1.1" 200 OK
INFO:     [IP-DISAMARKAN]:47044 - "GET /metrics HTTP/1.1" 307 Temporary Redirect
INFO:     [IP-DISAMARKAN]:47044 - "GET /metrics/ HTTP/1.1" 200 OK
INFO:     [IP-DISAMARKAN]:41900 - "GET /metrics HTTP/1.1" 307 Temporary Redirect
INFO:     [IP-DISAMARKAN]:41900 - "GET /metrics/ HTTP/1.1" 200 OK
INFO:     [IP-DISAMARKAN]:55988 - "GET /health HTTP/1.1" 200 OK
INFO:     127.0.0.1:38732 - "GET /health HTTP/1.1" 200 OK
INFO:     [IP-DISAMARKAN]:33106 - "GET /metrics HTTP/1.1" 307 Temporary Redirect
INFO:     [IP-DISAMARKAN]:33106 - "GET /metrics/ HTTP/1.1" 200 OK
INFO:     [IP-DISAMARKAN]:55722 - "GET /metrics HTTP/1.1" 307 Temporary Redirect
INFO:     [IP-DISAMARKAN]:55722 - "GET /metrics/ HTTP/1.1" 200 OK
INFO:     [IP-DISAMARKAN]:58802 - "GET /health HTTP/1.1" 200 OK
INFO:     127.0.0.1:33300 - "GET /health HTTP/1.1" 200 OK
INFO:     [IP-DISAMARKAN]:47252 - "GET /metrics HTTP/1.1" 307 Temporary Redirect
INFO:     [IP-DISAMARKAN]:47252 - "GET /metrics/ HTTP/1.1" 200 OK
INFO:     [IP-DISAMARKAN]:32790 - "GET /metrics HTTP/1.1" 307 Temporary Redirect
INFO:     [IP-DISAMARKAN]:32790 - "GET /metrics/ HTTP/1.1" 200 OK
INFO:     [IP-DISAMARKAN]:38942 - "GET /health HTTP/1.1" 200 OK
INFO:     127.0.0.1:45104 - "GET /health HTTP/1.1" 200 OK
INFO:     [IP-DISAMARKAN]:60338 - "GET /metrics HTTP/1.1" 307 Temporary Redirect
INFO:     [IP-DISAMARKAN]:60338 - "GET /metrics/ HTTP/1.1" 200 OK
INFO:     [IP-DISAMARKAN]:57404 - "GET /metrics HTTP/1.1" 307 Temporary Redirect
INFO:     [IP-DISAMARKAN]:57404 - "GET /metrics/ HTTP/1.1" 200 OK
INFO:     [IP-DISAMARKAN]:43486 - "GET /health HTTP/1.1" 200 OK
INFO:     127.0.0.1:37874 - "GET /health HTTP/1.1" 200 OK
INFO:     [IP-DISAMARKAN]:44478 - "GET /metrics HTTP/1.1" 307 Temporary Redirect
INFO:     [IP-DISAMARKAN]:44478 - "GET /metrics/ HTTP/1.1" 200 OK
INFO:     [IP-DISAMARKAN]:47012 - "GET /metrics HTTP/1.1" 307 Temporary Redirect
INFO:     [IP-DISAMARKAN]:47012 - "GET /metrics/ HTTP/1.1" 200 OK
INFO:     [IP-DISAMARKAN]:48118 - "GET /health HTTP/1.1" 200 OK
INFO:     127.0.0.1:52446 - "GET /health HTTP/1.1" 200 OK
INFO:     [IP-DISAMARKAN]:33168 - "GET /metrics HTTP/1.1" 307 Temporary Redirect
INFO:     [IP-DISAMARKAN]:33168 - "GET /metrics/ HTTP/1.1" 200 OK
INFO:     [IP-DISAMARKAN]:33426 - "GET /metrics HTTP/1.1" 307 Temporary Redirect
INFO:     [IP-DISAMARKAN]:33426 - "GET /metrics/ HTTP/1.1" 200 OK
INFO:     [IP-DISAMARKAN]:34204 - "GET /health HTTP/1.1" 200 OK
INFO:     127.0.0.1:46656 - "GET /health HTTP/1.1" 200 OK
INFO:     [IP-DISAMARKAN]:60292 - "GET /metrics HTTP/1.1" 307 Temporary Redirect
INFO:     [IP-DISAMARKAN]:60292 - "GET /metrics/ HTTP/1.1" 200 OK
INFO:     [IP-DISAMARKAN]:51042 - "GET /metrics HTTP/1.1" 307 Temporary Redirect
INFO:     [IP-DISAMARKAN]:51042 - "GET /metrics/ HTTP/1.1" 200 OK
INFO:     [IP-DISAMARKAN]:46208 - "GET /health HTTP/1.1" 200 OK
INFO:     127.0.0.1:59876 - "GET /health HTTP/1.1" 200 OK
INFO:     [IP-DISAMARKAN]:36834 - "GET /metrics HTTP/1.1" 307 Temporary Redirect
INFO:     [IP-DISAMARKAN]:36834 - "GET /metrics/ HTTP/1.1" 200 OK
INFO:     [IP-DISAMARKAN]:34434 - "GET /metrics HTTP/1.1" 307 Temporary Redirect
INFO:     [IP-DISAMARKAN]:34434 - "GET /metrics/ HTTP/1.1" 200 OK
INFO:     [IP-DISAMARKAN]:36846 - "GET /health HTTP/1.1" 200 OK
INFO:     127.0.0.1:43738 - "GET /health HTTP/1.1" 200 OK
INFO:     [IP-DISAMARKAN]:42344 - "GET /metrics HTTP/1.1" 307 Temporary Redirect
INFO:     [IP-DISAMARKAN]:42344 - "GET /metrics/ HTTP/1.1" 200 OK
INFO:     [IP-DISAMARKAN]:46064 - "GET /metrics HTTP/1.1" 307 Temporary Redirect
INFO:     [IP-DISAMARKAN]:46064 - "GET /metrics/ HTTP/1.1" 200 OK
INFO:     [IP-DISAMARKAN]:46386 - "GET /health HTTP/1.1" 200 OK
INFO:     127.0.0.1:47600 - "GET /health HTTP/1.1" 200 OK
INFO:     [IP-DISAMARKAN]:38910 - "GET /metrics HTTP/1.1" 307 Temporary Redirect
INFO:     [IP-DISAMARKAN]:38910 - "GET /metrics/ HTTP/1.1" 200 OK
INFO:     [IP-DISAMARKAN]:55010 - "GET /metrics HTTP/1.1" 307 Temporary Redirect
INFO:     [IP-DISAMARKAN]:55010 - "GET /metrics/ HTTP/1.1" 200 OK
INFO:     127.0.0.1:36042 - "GET /health HTTP/1.1" 200 OK
INFO:     [IP-DISAMARKAN]:45648 - "GET /health HTTP/1.1" 200 OK
INFO:     [IP-DISAMARKAN]:36026 - "GET /metrics HTTP/1.1" 307 Temporary Redirect
INFO:     [IP-DISAMARKAN]:36026 - "GET /metrics/ HTTP/1.1" 200 OK
INFO:     [IP-DISAMARKAN]:48296 - "GET /metrics HTTP/1.1" 307 Temporary Redirect
INFO:     [IP-DISAMARKAN]:48296 - "GET /metrics/ HTTP/1.1" 200 OK
INFO:     127.0.0.1:43292 - "GET /health HTTP/1.1" 200 OK
INFO:     [IP-DISAMARKAN]:43152 - "GET /metrics HTTP/1.1" 307 Temporary Redirect
INFO:     [IP-DISAMARKAN]:43152 - "GET /metrics/ HTTP/1.1" 200 OK
INFO:     [IP-DISAMARKAN]:33256 - "GET /health HTTP/1.1" 200 OK
INFO:     [IP-DISAMARKAN]:51784 - "GET /metrics HTTP/1.1" 307 Temporary Redirect
INFO:     [IP-DISAMARKAN]:51784 - "GET /metrics/ HTTP/1.1" 200 OK
INFO:     127.0.0.1:56544 - "GET /health HTTP/1.1" 200 OK
INFO:     [IP-DISAMARKAN]:51144 - "GET /metrics HTTP/1.1" 307 Temporary Redirect
INFO:     [IP-DISAMARKAN]:51144 - "GET /metrics/ HTTP/1.1" 200 OK
INFO:     [IP-DISAMARKAN]:49128 - "GET /health HTTP/1.1" 200 OK
INFO:     [IP-DISAMARKAN]:40744 - "GET /metrics HTTP/1.1" 307 Temporary Redirect
INFO:     [IP-DISAMARKAN]:40744 - "GET /metrics/ HTTP/1.1" 200 OK
INFO:     127.0.0.1:47876 - "GET /health HTTP/1.1" 200 OK
INFO:     [IP-DISAMARKAN]:42064 - "GET /metrics HTTP/1.1" 307 Temporary Redirect
INFO:     [IP-DISAMARKAN]:42064 - "GET /metrics/ HTTP/1.1" 200 OK
INFO:     [IP-DISAMARKAN]:60484 - "GET /health HTTP/1.1" 200 OK
INFO:     [IP-DISAMARKAN]:38164 - "GET /metrics HTTP/1.1" 307 Temporary Redirect
INFO:     [IP-DISAMARKAN]:38164 - "GET /metrics/ HTTP/1.1" 200 OK
INFO:     127.0.0.1:47492 - "GET /health HTTP/1.1" 200 OK
INFO:     [IP-DISAMARKAN]:57580 - "GET /metrics HTTP/1.1" 307 Temporary Redirect
INFO:     [IP-DISAMARKAN]:57580 - "GET /metrics/ HTTP/1.1" 200 OK
INFO:     [IP-DISAMARKAN]:40934 - "GET /metrics HTTP/1.1" 307 Temporary Redirect
INFO:     [IP-DISAMARKAN]:40934 - "GET /metrics/ HTTP/1.1" 200 OK
INFO:     [IP-DISAMARKAN]:49614 - "GET /health HTTP/1.1" 200 OK
INFO:     Shutting down
INFO:     Waiting for application shutdown.
INFO:     Application shutdown complete.
INFO:     Finished server process [1]
INFO:     Started server process [1]
INFO:     Waiting for application startup.
INFO:     Application startup complete.
INFO:     Uvicorn running on http://0.0.0.0:8001 (Press CTRL+C to quit)
{"time": "2026-06-27T21:34:18", "level": "INFO", "name": "app.models.yolo", "msg": "YOLOv8 model loaded: models/yolov8n.onnx"}
{"time": "2026-06-27T21:34:19", "level": "INFO", "name": "app.models.yolo", "msg": "YOLOv8 model warm-up selesai"}
{"time": "2026-06-27T21:34:19", "level": "INFO", "name": "app.grpc_server", "msg": "Vision gRPC server started on port 50051 (insecure)"}
INFO:     [IP-DISAMARKAN]:55438 - "GET /metrics HTTP/1.1" 307 Temporary Redirect
INFO:     [IP-DISAMARKAN]:55438 - "GET /metrics/ HTTP/1.1" 200 OK
INFO:     127.0.0.1:32796 - "GET /health HTTP/1.1" 200 OK
INFO:     [IP-DISAMARKAN]:46330 - "GET /health HTTP/1.1" 200 OK
INFO:     [IP-DISAMARKAN]:41914 - "GET /metrics HTTP/1.1" 307 Temporary Redirect
INFO:     [IP-DISAMARKAN]:41914 - "GET /metrics/ HTTP/1.1" 200 OK
INFO:     [IP-DISAMARKAN]:40914 - "GET /metrics HTTP/1.1" 307 Temporary Redirect
INFO:     [IP-DISAMARKAN]:40914 - "GET /metrics/ HTTP/1.1" 200 OK
INFO:     127.0.0.1:34114 - "GET /health HTTP/1.1" 200 OK
INFO:     [IP-DISAMARKAN]:35014 - "GET /metrics HTTP/1.1" 307 Temporary Redirect
INFO:     [IP-DISAMARKAN]:35014 - "GET /metrics/ HTTP/1.1" 200 OK
INFO:     [IP-DISAMARKAN]:54570 - "GET /health HTTP/1.1" 200 OK
INFO:     [IP-DISAMARKAN]:52588 - "GET /metrics HTTP/1.1" 307 Temporary Redirect
INFO:     [IP-DISAMARKAN]:52588 - "GET /metrics/ HTTP/1.1" 200 OK
INFO:     127.0.0.1:57834 - "GET /health HTTP/1.1" 200 OK
INFO:     [IP-DISAMARKAN]:57114 - "GET /metrics HTTP/1.1" 307 Temporary Redirect
INFO:     [IP-DISAMARKAN]:57114 - "GET /metrics/ HTTP/1.1" 200 OK
INFO:     [IP-DISAMARKAN]:33258 - "GET /health HTTP/1.1" 200 OK
INFO:     [IP-DISAMARKAN]:53358 - "GET /metrics HTTP/1.1" 307 Temporary Redirect
INFO:     [IP-DISAMARKAN]:53358 - "GET /metrics/ HTTP/1.1" 200 OK
INFO:     127.0.0.1:54222 - "GET /health HTTP/1.1" 200 OK
INFO:     [IP-DISAMARKAN]:41798 - "GET /metrics HTTP/1.1" 307 Temporary Redirect
INFO:     [IP-DISAMARKAN]:41798 - "GET /metrics/ HTTP/1.1" 200 OK
INFO:     [IP-DISAMARKAN]:46982 - "GET /metrics HTTP/1.1" 307 Temporary Redirect
INFO:     [IP-DISAMARKAN]:46982 - "GET /metrics/ HTTP/1.1" 200 OK
INFO:     [IP-DISAMARKAN]:54688 - "GET /health HTTP/1.1" 200 OK
INFO:     127.0.0.1:50212 - "GET /health HTTP/1.1" 200 OK
INFO:     [IP-DISAMARKAN]:48294 - "GET /metrics HTTP/1.1" 307 Temporary Redirect
INFO:     [IP-DISAMARKAN]:48294 - "GET /metrics/ HTTP/1.1" 200 OK
INFO:     [IP-DISAMARKAN]:59642 - "GET /metrics HTTP/1.1" 307 Temporary Redirect
INFO:     [IP-DISAMARKAN]:59642 - "GET /metrics/ HTTP/1.1" 200 OK
INFO:     127.0.0.1:33658 - "GET /health HTTP/1.1" 200 OK
INFO:     [IP-DISAMARKAN]:47218 - "GET /health HTTP/1.1" 200 OK
INFO:     [IP-DISAMARKAN]:56780 - "GET /metrics HTTP/1.1" 307 Temporary Redirect
INFO:     [IP-DISAMARKAN]:56780 - "GET /metrics/ HTTP/1.1" 200 OK
INFO:     [IP-DISAMARKAN]:34446 - "GET /metrics HTTP/1.1" 307 Temporary Redirect
INFO:     [IP-DISAMARKAN]:34446 - "GET /metrics/ HTTP/1.1" 200 OK
INFO:     127.0.0.1:51138 - "GET /health HTTP/1.1" 200 OK
INFO:     [IP-DISAMARKAN]:45798 - "GET /health HTTP/1.1" 200 OK
INFO:     [IP-DISAMARKAN]:45136 - "GET /metrics HTTP/1.1" 307 Temporary Redirect
INFO:     [IP-DISAMARKAN]:45136 - "GET /metrics/ HTTP/1.1" 200 OK
INFO:     [IP-DISAMARKAN]:40286 - "GET /metrics HTTP/1.1" 307 Temporary Redirect
INFO:     [IP-DISAMARKAN]:40286 - "GET /metrics/ HTTP/1.1" 200 OK
INFO:     127.0.0.1:41058 - "GET /health HTTP/1.1" 200 OK
INFO:     [IP-DISAMARKAN]:60972 - "GET /health HTTP/1.1" 200 OK
INFO:     [IP-DISAMARKAN]:39358 - "GET /metrics HTTP/1.1" 307 Temporary Redirect
INFO:     [IP-DISAMARKAN]:39358 - "GET /metrics/ HTTP/1.1" 200 OK
INFO:     [IP-DISAMARKAN]:37212 - "GET /metrics HTTP/1.1" 307 Temporary Redirect
INFO:     [IP-DISAMARKAN]:37212 - "GET /metrics/ HTTP/1.1" 200 OK
INFO:     127.0.0.1:44272 - "GET /health HTTP/1.1" 200 OK
INFO:     [IP-DISAMARKAN]:52552 - "GET /health HTTP/1.1" 200 OK
INFO:     [IP-DISAMARKAN]:44498 - "GET /metrics HTTP/1.1" 307 Temporary Redirect
INFO:     [IP-DISAMARKAN]:44498 - "GET /metrics/ HTTP/1.1" 200 OK
INFO:     [IP-DISAMARKAN]:45952 - "GET /metrics HTTP/1.1" 307 Temporary Redirect
INFO:     [IP-DISAMARKAN]:45952 - "GET /metrics/ HTTP/1.1" 200 OK
INFO:     127.0.0.1:60672 - "GET /health HTTP/1.1" 200 OK
INFO:     [IP-DISAMARKAN]:59534 - "GET /health HTTP/1.1" 200 OK
INFO:     [IP-DISAMARKAN]:36630 - "GET /metrics HTTP/1.1" 307 Temporary Redirect
INFO:     [IP-DISAMARKAN]:36630 - "GET /metrics/ HTTP/1.1" 200 OK
INFO:     [IP-DISAMARKAN]:53676 - "GET /metrics HTTP/1.1" 307 Temporary Redirect
INFO:     [IP-DISAMARKAN]:53676 - "GET /metrics/ HTTP/1.1" 200 OK
INFO:     127.0.0.1:59126 - "GET /health HTTP/1.1" 200 OK
INFO:     [IP-DISAMARKAN]:51900 - "GET /health HTTP/1.1" 200 OK
INFO:     [IP-DISAMARKAN]:59328 - "GET /metrics HTTP/1.1" 307 Temporary Redirect
INFO:     [IP-DISAMARKAN]:59328 - "GET /metrics/ HTTP/1.1" 200 OK
INFO:     [IP-DISAMARKAN]:33954 - "GET /metrics HTTP/1.1" 307 Temporary Redirect
INFO:     [IP-DISAMARKAN]:33954 - "GET /metrics/ HTTP/1.1" 200 OK
INFO:     127.0.0.1:59608 - "GET /health HTTP/1.1" 200 OK
INFO:     [IP-DISAMARKAN]:39744 - "GET /health HTTP/1.1" 200 OK
INFO:     [IP-DISAMARKAN]:44646 - "GET /metrics HTTP/1.1" 307 Temporary Redirect
INFO:     [IP-DISAMARKAN]:44646 - "GET /metrics/ HTTP/1.1" 200 OK
INFO:     [IP-DISAMARKAN]:41426 - "GET /metrics HTTP/1.1" 307 Temporary Redirect
INFO:     [IP-DISAMARKAN]:41426 - "GET /metrics/ HTTP/1.1" 200 OK
INFO:     127.0.0.1:44786 - "GET /health HTTP/1.1" 200 OK
INFO:     [IP-DISAMARKAN]:36052 - "GET /health HTTP/1.1" 200 OK
INFO:     [IP-DISAMARKAN]:57478 - "GET /metrics HTTP/1.1" 307 Temporary Redirect
INFO:     [IP-DISAMARKAN]:57478 - "GET /metrics/ HTTP/1.1" 200 OK
INFO:     [IP-DISAMARKAN]:59964 - "GET /metrics HTTP/1.1" 307 Temporary Redirect
INFO:     [IP-DISAMARKAN]:59964 - "GET /metrics/ HTTP/1.1" 200 OK
INFO:     127.0.0.1:48076 - "GET /health HTTP/1.1" 200 OK
INFO:     [IP-DISAMARKAN]:54200 - "GET /health HTTP/1.1" 200 OK
INFO:     [IP-DISAMARKAN]:57914 - "GET /metrics HTTP/1.1" 307 Temporary Redirect
INFO:     [IP-DISAMARKAN]:57914 - "GET /metrics/ HTTP/1.1" 200 OK
INFO:     [IP-DISAMARKAN]:41616 - "GET /metrics HTTP/1.1" 307 Temporary Redirect
INFO:     [IP-DISAMARKAN]:41616 - "GET /metrics/ HTTP/1.1" 200 OK
INFO:     127.0.0.1:33086 - "GET /health HTTP/1.1" 200 OK
INFO:     [IP-DISAMARKAN]:43880 - "GET /health HTTP/1.1" 200 OK
INFO:     [IP-DISAMARKAN]:39174 - "GET /metrics HTTP/1.1" 307 Temporary Redirect
INFO:     [IP-DISAMARKAN]:39174 - "GET /metrics/ HTTP/1.1" 200 OK
INFO:     [IP-DISAMARKAN]:45698 - "GET /metrics HTTP/1.1" 307 Temporary Redirect
INFO:     [IP-DISAMARKAN]:45698 - "GET /metrics/ HTTP/1.1" 200 OK
INFO:     127.0.0.1:51828 - "GET /health HTTP/1.1" 200 OK
INFO:     [IP-DISAMARKAN]:33938 - "GET /health HTTP/1.1" 200 OK
INFO:     [IP-DISAMARKAN]:37120 - "GET /metrics HTTP/1.1" 307 Temporary Redirect
INFO:     [IP-DISAMARKAN]:37120 - "GET /metrics/ HTTP/1.1" 200 OK
INFO:     [IP-DISAMARKAN]:36792 - "GET /metrics HTTP/1.1" 307 Temporary Redirect
INFO:     [IP-DISAMARKAN]:36792 - "GET /metrics/ HTTP/1.1" 200 OK
INFO:     127.0.0.1:33894 - "GET /health HTTP/1.1" 200 OK
INFO:     [IP-DISAMARKAN]:50116 - "GET /health HTTP/1.1" 200 OK
INFO:     [IP-DISAMARKAN]:37312 - "GET /metrics HTTP/1.1" 307 Temporary Redirect
INFO:     [IP-DISAMARKAN]:37312 - "GET /metrics/ HTTP/1.1" 200 OK
INFO:     [IP-DISAMARKAN]:47046 - "GET /metrics HTTP/1.1" 307 Temporary Redirect
INFO:     [IP-DISAMARKAN]:47046 - "GET /metrics/ HTTP/1.1" 200 OK
INFO:     127.0.0.1:50900 - "GET /health HTTP/1.1" 200 OK
INFO:     [IP-DISAMARKAN]:50246 - "GET /health HTTP/1.1" 200 OK
INFO:     [IP-DISAMARKAN]:40424 - "GET /metrics HTTP/1.1" 307 Temporary Redirect
INFO:     [IP-DISAMARKAN]:40424 - "GET /metrics/ HTTP/1.1" 200 OK
INFO:     [IP-DISAMARKAN]:56566 - "GET /metrics HTTP/1.1" 307 Temporary Redirect
INFO:     [IP-DISAMARKAN]:56566 - "GET /metrics/ HTTP/1.1" 200 OK
INFO:     127.0.0.1:52096 - "GET /health HTTP/1.1" 200 OK
INFO:     [IP-DISAMARKAN]:38066 - "GET /health HTTP/1.1" 200 OK
INFO:     [IP-DISAMARKAN]:48192 - "GET /metrics HTTP/1.1" 307 Temporary Redirect
INFO:     [IP-DISAMARKAN]:48192 - "GET /metrics/ HTTP/1.1" 200 OK
INFO:     [IP-DISAMARKAN]:52108 - "GET /metrics HTTP/1.1" 307 Temporary Redirect
INFO:     [IP-DISAMARKAN]:52108 - "GET /metrics/ HTTP/1.1" 200 OK
INFO:     127.0.0.1:54150 - "GET /health HTTP/1.1" 200 OK
INFO:     [IP-DISAMARKAN]:49040 - "GET /health HTTP/1.1" 200 OK
INFO:     [IP-DISAMARKAN]:43250 - "GET /metrics HTTP/1.1" 307 Temporary Redirect
INFO:     [IP-DISAMARKAN]:43250 - "GET /metrics/ HTTP/1.1" 200 OK
INFO:     [IP-DISAMARKAN]:39480 - "GET /metrics HTTP/1.1" 307 Temporary Redirect
INFO:     [IP-DISAMARKAN]:39480 - "GET /metrics/ HTTP/1.1" 200 OK
INFO:     [IP-DISAMARKAN]:47964 - "GET /health HTTP/1.1" 200 OK
INFO:     127.0.0.1:56242 - "GET /health HTTP/1.1" 200 OK
INFO:     [IP-DISAMARKAN]:56378 - "GET /metrics HTTP/1.1" 307 Temporary Redirect
INFO:     [IP-DISAMARKAN]:56378 - "GET /metrics/ HTTP/1.1" 200 OK
INFO:     [IP-DISAMARKAN]:50504 - "GET /metrics HTTP/1.1" 307 Temporary Redirect
INFO:     [IP-DISAMARKAN]:50504 - "GET /metrics/ HTTP/1.1" 200 OK
INFO:     [IP-DISAMARKAN]:38084 - "GET /health HTTP/1.1" 200 OK
INFO:     127.0.0.1:33894 - "GET /health HTTP/1.1" 200 OK
INFO:     [IP-DISAMARKAN]:52468 - "GET /metrics HTTP/1.1" 307 Temporary Redirect
INFO:     [IP-DISAMARKAN]:52468 - "GET /metrics/ HTTP/1.1" 200 OK
INFO:     [IP-DISAMARKAN]:40910 - "GET /metrics HTTP/1.1" 307 Temporary Redirect
INFO:     [IP-DISAMARKAN]:40910 - "GET /metrics/ HTTP/1.1" 200 OK
INFO:     [IP-DISAMARKAN]:53980 - "GET /health HTTP/1.1" 200 OK
INFO:     127.0.0.1:51004 - "GET /health HTTP/1.1" 200 OK
INFO:     [IP-DISAMARKAN]:33826 - "GET /metrics HTTP/1.1" 307 Temporary Redirect
INFO:     [IP-DISAMARKAN]:33826 - "GET /metrics/ HTTP/1.1" 200 OK
INFO:     [IP-DISAMARKAN]:35846 - "GET /metrics HTTP/1.1" 307 Temporary Redirect
INFO:     [IP-DISAMARKAN]:35846 - "GET /metrics/ HTTP/1.1" 200 OK
INFO:     [IP-DISAMARKAN]:59808 - "GET /health HTTP/1.1" 200 OK
INFO:     127.0.0.1:59854 - "GET /health HTTP/1.1" 200 OK
INFO:     [IP-DISAMARKAN]:50448 - "GET /metrics HTTP/1.1" 307 Temporary Redirect
INFO:     [IP-DISAMARKAN]:50448 - "GET /metrics/ HTTP/1.1" 200 OK
INFO:     [IP-DISAMARKAN]:50652 - "GET /metrics HTTP/1.1" 307 Temporary Redirect
INFO:     [IP-DISAMARKAN]:50652 - "GET /metrics/ HTTP/1.1" 200 OK
INFO:     [IP-DISAMARKAN]:60778 - "GET /health HTTP/1.1" 200 OK
INFO:     127.0.0.1:49164 - "GET /health HTTP/1.1" 200 OK
INFO:     [IP-DISAMARKAN]:46860 - "GET /metrics HTTP/1.1" 307 Temporary Redirect
INFO:     [IP-DISAMARKAN]:46860 - "GET /metrics/ HTTP/1.1" 200 OK
INFO:     [IP-DISAMARKAN]:38714 - "GET /metrics HTTP/1.1" 307 Temporary Redirect
INFO:     [IP-DISAMARKAN]:38714 - "GET /metrics/ HTTP/1.1" 200 OK
INFO:     127.0.0.1:43840 - "GET /health HTTP/1.1" 200 OK
INFO:     [IP-DISAMARKAN]:34946 - "GET /health HTTP/1.1" 200 OK
INFO:     [IP-DISAMARKAN]:54100 - "GET /metrics HTTP/1.1" 307 Temporary Redirect
INFO:     [IP-DISAMARKAN]:54100 - "GET /metrics/ HTTP/1.1" 200 OK
INFO:     [IP-DISAMARKAN]:35472 - "GET /metrics HTTP/1.1" 307 Temporary Redirect
INFO:     [IP-DISAMARKAN]:35472 - "GET /metrics/ HTTP/1.1" 200 OK
INFO:     127.0.0.1:49838 - "GET /health HTTP/1.1" 200 OK
INFO:     [IP-DISAMARKAN]:43508 - "GET /health HTTP/1.1" 200 OK
INFO:     [IP-DISAMARKAN]:43176 - "GET /metrics HTTP/1.1" 307 Temporary Redirect
INFO:     [IP-DISAMARKAN]:43176 - "GET /metrics/ HTTP/1.1" 200 OK
INFO:     [IP-DISAMARKAN]:52260 - "GET /metrics HTTP/1.1" 307 Temporary Redirect
INFO:     [IP-DISAMARKAN]:52260 - "GET /metrics/ HTTP/1.1" 200 OK
INFO:     127.0.0.1:60632 - "GET /health HTTP/1.1" 200 OK
INFO:     [IP-DISAMARKAN]:59146 - "GET /metrics HTTP/1.1" 307 Temporary Redirect
INFO:     [IP-DISAMARKAN]:59146 - "GET /metrics/ HTTP/1.1" 200 OK
INFO:     [IP-DISAMARKAN]:57008 - "GET /health HTTP/1.1" 200 OK
INFO:     [IP-DISAMARKAN]:58666 - "GET /metrics HTTP/1.1" 307 Temporary Redirect
INFO:     [IP-DISAMARKAN]:58666 - "GET /metrics/ HTTP/1.1" 200 OK
INFO:     127.0.0.1:43824 - "GET /health HTTP/1.1" 200 OK
INFO:     [IP-DISAMARKAN]:60474 - "GET /metrics HTTP/1.1" 307 Temporary Redirect
INFO:     [IP-DISAMARKAN]:60474 - "GET /metrics/ HTTP/1.1" 200 OK
INFO:     [IP-DISAMARKAN]:52704 - "GET /health HTTP/1.1" 200 OK
INFO:     [IP-DISAMARKAN]:35264 - "GET /metrics HTTP/1.1" 307 Temporary Redirect
INFO:     [IP-DISAMARKAN]:35264 - "GET /metrics/ HTTP/1.1" 200 OK
INFO:     127.0.0.1:33680 - "GET /health HTTP/1.1" 200 OK
INFO:     [IP-DISAMARKAN]:41014 - "GET /metrics HTTP/1.1" 307 Temporary Redirect
INFO:     [IP-DISAMARKAN]:41014 - "GET /metrics/ HTTP/1.1" 200 OK
INFO:     [IP-DISAMARKAN]:46618 - "GET /health HTTP/1.1" 200 OK
INFO:     [IP-DISAMARKAN]:57096 - "GET /metrics HTTP/1.1" 307 Temporary Redirect
INFO:     [IP-DISAMARKAN]:57096 - "GET /metrics/ HTTP/1.1" 200 OK
INFO:     127.0.0.1:49994 - "GET /health HTTP/1.1" 200 OK
INFO:     [IP-DISAMARKAN]:37950 - "GET /metrics HTTP/1.1" 307 Temporary Redirect
INFO:     [IP-DISAMARKAN]:37950 - "GET /metrics/ HTTP/1.1" 200 OK
INFO:     [IP-DISAMARKAN]:57450 - "GET /health HTTP/1.1" 200 OK
INFO:     [IP-DISAMARKAN]:38646 - "GET /metrics HTTP/1.1" 307 Temporary Redirect
INFO:     [IP-DISAMARKAN]:38646 - "GET /metrics/ HTTP/1.1" 200 OK
INFO:     127.0.0.1:38926 - "GET /health HTTP/1.1" 200 OK
INFO:     [IP-DISAMARKAN]:57278 - "GET /metrics HTTP/1.1" 307 Temporary Redirect
INFO:     [IP-DISAMARKAN]:57278 - "GET /metrics/ HTTP/1.1" 200 OK
INFO:     [IP-DISAMARKAN]:53986 - "GET /health HTTP/1.1" 200 OK
INFO:     [IP-DISAMARKAN]:47204 - "GET /metrics HTTP/1.1" 307 Temporary Redirect
INFO:     [IP-DISAMARKAN]:47204 - "GET /metrics/ HTTP/1.1" 200 OK
INFO:     127.0.0.1:52876 - "GET /health HTTP/1.1" 200 OK
INFO:     [IP-DISAMARKAN]:60068 - "GET /metrics HTTP/1.1" 307 Temporary Redirect
INFO:     [IP-DISAMARKAN]:60068 - "GET /metrics/ HTTP/1.1" 200 OK
INFO:     [IP-DISAMARKAN]:37480 - "GET /metrics HTTP/1.1" 307 Temporary Redirect
INFO:     [IP-DISAMARKAN]:37480 - "GET /metrics/ HTTP/1.1" 200 OK
INFO:     [IP-DISAMARKAN]:49684 - "GET /health HTTP/1.1" 200 OK
INFO:     127.0.0.1:50690 - "GET /health HTTP/1.1" 200 OK
INFO:     [IP-DISAMARKAN]:41996 - "GET /metrics HTTP/1.1" 307 Temporary Redirect
INFO:     [IP-DISAMARKAN]:41996 - "GET /metrics/ HTTP/1.1" 200 OK
INFO:     [IP-DISAMARKAN]:53730 - "GET /metrics HTTP/1.1" 307 Temporary Redirect
INFO:     [IP-DISAMARKAN]:53730 - "GET /metrics/ HTTP/1.1" 200 OK
INFO:     [IP-DISAMARKAN]:49650 - "GET /health HTTP/1.1" 200 OK
INFO:     127.0.0.1:47334 - "GET /health HTTP/1.1" 200 OK
INFO:     [IP-DISAMARKAN]:59760 - "GET /metrics HTTP/1.1" 307 Temporary Redirect
INFO:     [IP-DISAMARKAN]:59760 - "GET /metrics/ HTTP/1.1" 200 OK
INFO:     [IP-DISAMARKAN]:41626 - "GET /metrics HTTP/1.1" 307 Temporary Redirect
INFO:     [IP-DISAMARKAN]:41626 - "GET /metrics/ HTTP/1.1" 200 OK
INFO:     [IP-DISAMARKAN]:45458 - "GET /health HTTP/1.1" 200 OK
INFO:     127.0.0.1:60136 - "GET /health HTTP/1.1" 200 OK
INFO:     [IP-DISAMARKAN]:44756 - "GET /metrics HTTP/1.1" 307 Temporary Redirect
INFO:     [IP-DISAMARKAN]:44756 - "GET /metrics/ HTTP/1.1" 200 OK
INFO:     [IP-DISAMARKAN]:42012 - "GET /metrics HTTP/1.1" 307 Temporary Redirect
INFO:     [IP-DISAMARKAN]:42012 - "GET /metrics/ HTTP/1.1" 200 OK
INFO:     [IP-DISAMARKAN]:54398 - "GET /health HTTP/1.1" 200 OK
INFO:     127.0.0.1:43400 - "GET /health HTTP/1.1" 200 OK
INFO:     [IP-DISAMARKAN]:35392 - "GET /metrics HTTP/1.1" 307 Temporary Redirect
INFO:     [IP-DISAMARKAN]:35392 - "GET /metrics/ HTTP/1.1" 200 OK
INFO:     [IP-DISAMARKAN]:56360 - "GET /metrics HTTP/1.1" 307 Temporary Redirect
INFO:     [IP-DISAMARKAN]:56360 - "GET /metrics/ HTTP/1.1" 200 OK
INFO:     [IP-DISAMARKAN]:40834 - "GET /health HTTP/1.1" 200 OK
INFO:     127.0.0.1:59158 - "GET /health HTTP/1.1" 200 OK
INFO:     [IP-DISAMARKAN]:38412 - "GET /metrics HTTP/1.1" 307 Temporary Redirect
INFO:     [IP-DISAMARKAN]:38412 - "GET /metrics/ HTTP/1.1" 200 OK
INFO:     [IP-DISAMARKAN]:54064 - "GET /metrics HTTP/1.1" 307 Temporary Redirect
INFO:     [IP-DISAMARKAN]:54064 - "GET /metrics/ HTTP/1.1" 200 OK
INFO:     [IP-DISAMARKAN]:56796 - "GET /health HTTP/1.1" 200 OK
INFO:     127.0.0.1:36944 - "GET /health HTTP/1.1" 200 OK
INFO:     [IP-DISAMARKAN]:44796 - "GET /metrics HTTP/1.1" 307 Temporary Redirect
INFO:     [IP-DISAMARKAN]:44796 - "GET /metrics/ HTTP/1.1" 200 OK
INFO:     [IP-DISAMARKAN]:49568 - "GET /metrics HTTP/1.1" 307 Temporary Redirect
INFO:     [IP-DISAMARKAN]:49568 - "GET /metrics/ HTTP/1.1" 200 OK
INFO:     [IP-DISAMARKAN]:37982 - "GET /health HTTP/1.1" 200 OK
INFO:     127.0.0.1:55924 - "GET /health HTTP/1.1" 200 OK
INFO:     [IP-DISAMARKAN]:56196 - "GET /metrics HTTP/1.1" 307 Temporary Redirect
INFO:     [IP-DISAMARKAN]:56196 - "GET /metrics/ HTTP/1.1" 200 OK
INFO:     [IP-DISAMARKAN]:47612 - "GET /metrics HTTP/1.1" 307 Temporary Redirect
INFO:     [IP-DISAMARKAN]:47612 - "GET /metrics/ HTTP/1.1" 200 OK
INFO:     [IP-DISAMARKAN]:40324 - "GET /health HTTP/1.1" 200 OK
INFO:     127.0.0.1:44074 - "GET /health HTTP/1.1" 200 OK
INFO:     [IP-DISAMARKAN]:46760 - "GET /metrics HTTP/1.1" 307 Temporary Redirect
INFO:     [IP-DISAMARKAN]:46760 - "GET /metrics/ HTTP/1.1" 200 OK
INFO:     [IP-DISAMARKAN]:48362 - "GET /metrics HTTP/1.1" 307 Temporary Redirect
INFO:     [IP-DISAMARKAN]:48362 - "GET /metrics/ HTTP/1.1" 200 OK
INFO:     127.0.0.1:36536 - "GET /health HTTP/1.1" 200 OK
INFO:     [IP-DISAMARKAN]:56494 - "GET /health HTTP/1.1" 200 OK
INFO:     [IP-DISAMARKAN]:37488 - "GET /metrics HTTP/1.1" 307 Temporary Redirect
INFO:     [IP-DISAMARKAN]:37488 - "GET /metrics/ HTTP/1.1" 200 OK
INFO:     [IP-DISAMARKAN]:45142 - "GET /metrics HTTP/1.1" 307 Temporary Redirect
INFO:     [IP-DISAMARKAN]:45142 - "GET /metrics/ HTTP/1.1" 200 OK
INFO:     127.0.0.1:34690 - "GET /health HTTP/1.1" 200 OK
INFO:     [IP-DISAMARKAN]:57364 - "GET /health HTTP/1.1" 200 OK
INFO:     [IP-DISAMARKAN]:37082 - "GET /metrics HTTP/1.1" 307 Temporary Redirect
INFO:     [IP-DISAMARKAN]:37082 - "GET /metrics/ HTTP/1.1" 200 OK
INFO:     [IP-DISAMARKAN]:48826 - "GET /metrics HTTP/1.1" 307 Temporary Redirect
INFO:     [IP-DISAMARKAN]:48826 - "GET /metrics/ HTTP/1.1" 200 OK
INFO:     127.0.0.1:50788 - "GET /health HTTP/1.1" 200 OK
INFO:     [IP-DISAMARKAN]:45958 - "GET /health HTTP/1.1" 200 OK
INFO:     [IP-DISAMARKAN]:53836 - "GET /metrics HTTP/1.1" 307 Temporary Redirect
INFO:     [IP-DISAMARKAN]:53836 - "GET /metrics/ HTTP/1.1" 200 OK
INFO:     [IP-DISAMARKAN]:48388 - "GET /metrics HTTP/1.1" 307 Temporary Redirect
INFO:     [IP-DISAMARKAN]:48388 - "GET /metrics/ HTTP/1.1" 200 OK