INFO:     [IP-DISAMARKAN]:46972 - "GET /metrics HTTP/1.1" 307 Temporary Redirect
INFO:     [IP-DISAMARKAN]:46972 - "GET /metrics/ HTTP/1.1" 200 OK
INFO:     127.0.0.1:35328 - "GET /health HTTP/1.1" 200 OK
INFO:     [IP-DISAMARKAN]:53946 - "GET /metrics HTTP/1.1" 307 Temporary Redirect
INFO:     [IP-DISAMARKAN]:53946 - "GET /metrics/ HTTP/1.1" 200 OK
INFO:     [IP-DISAMARKAN]:50922 - "GET /health HTTP/1.1" 200 OK
INFO:     [IP-DISAMARKAN]:48998 - "GET /metrics HTTP/1.1" 307 Temporary Redirect
INFO:     [IP-DISAMARKAN]:48998 - "GET /metrics/ HTTP/1.1" 200 OK
INFO:     127.0.0.1:50890 - "GET /health HTTP/1.1" 200 OK
INFO:     [IP-DISAMARKAN]:49618 - "GET /metrics HTTP/1.1" 307 Temporary Redirect
INFO:     [IP-DISAMARKAN]:49618 - "GET /metrics/ HTTP/1.1" 200 OK
INFO:     [IP-DISAMARKAN]:59014 - "GET /health HTTP/1.1" 200 OK
INFO:     [IP-DISAMARKAN]:35760 - "GET /metrics HTTP/1.1" 307 Temporary Redirect
INFO:     [IP-DISAMARKAN]:35760 - "GET /metrics/ HTTP/1.1" 200 OK
INFO:     127.0.0.1:58362 - "GET /health HTTP/1.1" 200 OK
INFO:     [IP-DISAMARKAN]:47106 - "GET /metrics HTTP/1.1" 307 Temporary Redirect
INFO:     [IP-DISAMARKAN]:47106 - "GET /metrics/ HTTP/1.1" 200 OK
INFO:     [IP-DISAMARKAN]:39972 - "GET /health HTTP/1.1" 200 OK
INFO:     [IP-DISAMARKAN]:51544 - "GET /metrics HTTP/1.1" 307 Temporary Redirect
INFO:     [IP-DISAMARKAN]:51544 - "GET /metrics/ HTTP/1.1" 200 OK
INFO:     127.0.0.1:45050 - "GET /health HTTP/1.1" 200 OK
INFO:     [IP-DISAMARKAN]:36296 - "GET /metrics HTTP/1.1" 307 Temporary Redirect
INFO:     [IP-DISAMARKAN]:36296 - "GET /metrics/ HTTP/1.1" 200 OK
INFO:     [IP-DISAMARKAN]:37686 - "GET /health HTTP/1.1" 200 OK
INFO:     [IP-DISAMARKAN]:44046 - "GET /metrics HTTP/1.1" 307 Temporary Redirect
INFO:     [IP-DISAMARKAN]:44046 - "GET /metrics/ HTTP/1.1" 200 OK
INFO:     127.0.0.1:60654 - "GET /health HTTP/1.1" 200 OK
INFO:     [IP-DISAMARKAN]:36548 - "GET /metrics HTTP/1.1" 307 Temporary Redirect
INFO:     [IP-DISAMARKAN]:36548 - "GET /metrics/ HTTP/1.1" 200 OK
INFO:     [IP-DISAMARKAN]:52498 - "GET /health HTTP/1.1" 200 OK
INFO:     [IP-DISAMARKAN]:53808 - "GET /metrics HTTP/1.1" 307 Temporary Redirect
INFO:     [IP-DISAMARKAN]:53808 - "GET /metrics/ HTTP/1.1" 200 OK
INFO:     127.0.0.1:49474 - "GET /health HTTP/1.1" 200 OK
INFO:     [IP-DISAMARKAN]:39820 - "GET /metrics HTTP/1.1" 307 Temporary Redirect
INFO:     [IP-DISAMARKAN]:39820 - "GET /metrics/ HTTP/1.1" 200 OK
INFO:     [IP-DISAMARKAN]:40164 - "GET /health HTTP/1.1" 200 OK
INFO:     [IP-DISAMARKAN]:43070 - "GET /metrics HTTP/1.1" 307 Temporary Redirect
INFO:     [IP-DISAMARKAN]:43070 - "GET /metrics/ HTTP/1.1" 200 OK
INFO:     127.0.0.1:37422 - "GET /health HTTP/1.1" 200 OK
INFO:     [IP-DISAMARKAN]:44222 - "GET /metrics HTTP/1.1" 307 Temporary Redirect
INFO:     [IP-DISAMARKAN]:44222 - "GET /metrics/ HTTP/1.1" 200 OK
INFO:     [IP-DISAMARKAN]:43726 - "GET /health HTTP/1.1" 200 OK
INFO:     [IP-DISAMARKAN]:46010 - "GET /metrics HTTP/1.1" 307 Temporary Redirect
INFO:     [IP-DISAMARKAN]:46010 - "GET /metrics/ HTTP/1.1" 200 OK
INFO:     127.0.0.1:42592 - "GET /health HTTP/1.1" 200 OK
INFO:     [IP-DISAMARKAN]:49630 - "GET /metrics HTTP/1.1" 307 Temporary Redirect
INFO:     [IP-DISAMARKAN]:49630 - "GET /metrics/ HTTP/1.1" 200 OK
INFO:     [IP-DISAMARKAN]:35772 - "GET /health HTTP/1.1" 200 OK
INFO:     [IP-DISAMARKAN]:41986 - "GET /metrics HTTP/1.1" 307 Temporary Redirect
INFO:     [IP-DISAMARKAN]:41986 - "GET /metrics/ HTTP/1.1" 200 OK
INFO:     127.0.0.1:35738 - "GET /health HTTP/1.1" 200 OK
INFO:     [IP-DISAMARKAN]:42484 - "GET /metrics HTTP/1.1" 307 Temporary Redirect
INFO:     [IP-DISAMARKAN]:42484 - "GET /metrics/ HTTP/1.1" 200 OK
INFO:     [IP-DISAMARKAN]:43496 - "GET /metrics HTTP/1.1" 307 Temporary Redirect
INFO:     [IP-DISAMARKAN]:43496 - "GET /metrics/ HTTP/1.1" 200 OK
INFO:     [IP-DISAMARKAN]:44112 - "GET /health HTTP/1.1" 200 OK
INFO:     127.0.0.1:50318 - "GET /health HTTP/1.1" 200 OK
INFO:     [IP-DISAMARKAN]:53796 - "GET /metrics HTTP/1.1" 307 Temporary Redirect
INFO:     [IP-DISAMARKAN]:53796 - "GET /metrics/ HTTP/1.1" 200 OK
INFO:     [IP-DISAMARKAN]:38494 - "GET /metrics HTTP/1.1" 307 Temporary Redirect
INFO:     [IP-DISAMARKAN]:38494 - "GET /metrics/ HTTP/1.1" 200 OK
INFO:     [IP-DISAMARKAN]:55068 - "GET /health HTTP/1.1" 200 OK
INFO:     127.0.0.1:46990 - "GET /health HTTP/1.1" 200 OK
INFO:     [IP-DISAMARKAN]:46062 - "GET /metrics HTTP/1.1" 307 Temporary Redirect
INFO:     [IP-DISAMARKAN]:46062 - "GET /metrics/ HTTP/1.1" 200 OK
INFO:     [IP-DISAMARKAN]:44958 - "GET /metrics HTTP/1.1" 307 Temporary Redirect
INFO:     [IP-DISAMARKAN]:44958 - "GET /metrics/ HTTP/1.1" 200 OK
INFO:     [IP-DISAMARKAN]:44542 - "GET /health HTTP/1.1" 200 OK
INFO:     127.0.0.1:58430 - "GET /health HTTP/1.1" 200 OK
INFO:     [IP-DISAMARKAN]:34628 - "GET /metrics HTTP/1.1" 307 Temporary Redirect
INFO:     [IP-DISAMARKAN]:34628 - "GET /metrics/ HTTP/1.1" 200 OK
INFO:     [IP-DISAMARKAN]:39652 - "GET /metrics HTTP/1.1" 307 Temporary Redirect
INFO:     [IP-DISAMARKAN]:39652 - "GET /metrics/ HTTP/1.1" 200 OK
INFO:     127.0.0.1:60108 - "GET /health HTTP/1.1" 200 OK
INFO:     [IP-DISAMARKAN]:46646 - "GET /metrics HTTP/1.1" 307 Temporary Redirect
INFO:     [IP-DISAMARKAN]:46646 - "GET /metrics/ HTTP/1.1" 200 OK
INFO:     [IP-DISAMARKAN]:59754 - "GET /health HTTP/1.1" 200 OK
INFO:     [IP-DISAMARKAN]:51788 - "GET /metrics HTTP/1.1" 307 Temporary Redirect
INFO:     [IP-DISAMARKAN]:51788 - "GET /metrics/ HTTP/1.1" 200 OK
INFO:     [IP-DISAMARKAN]:41456 - "GET /metrics HTTP/1.1" 307 Temporary Redirect
INFO:     [IP-DISAMARKAN]:41456 - "GET /metrics/ HTTP/1.1" 200 OK
INFO:     127.0.0.1:36352 - "GET /health HTTP/1.1" 200 OK
INFO:     [IP-DISAMARKAN]:44342 - "GET /health HTTP/1.1" 200 OK
INFO:     [IP-DISAMARKAN]:49224 - "GET /metrics HTTP/1.1" 307 Temporary Redirect
INFO:     [IP-DISAMARKAN]:49224 - "GET /metrics/ HTTP/1.1" 200 OK
INFO:     [IP-DISAMARKAN]:46906 - "GET /metrics HTTP/1.1" 307 Temporary Redirect
INFO:     [IP-DISAMARKAN]:46906 - "GET /metrics/ HTTP/1.1" 200 OK
INFO:     127.0.0.1:54702 - "GET /health HTTP/1.1" 200 OK
INFO:     [IP-DISAMARKAN]:42086 - "GET /health HTTP/1.1" 200 OK
INFO:     [IP-DISAMARKAN]:37766 - "GET /metrics HTTP/1.1" 307 Temporary Redirect
INFO:     [IP-DISAMARKAN]:37766 - "GET /metrics/ HTTP/1.1" 200 OK
INFO:     [IP-DISAMARKAN]:33440 - "GET /metrics HTTP/1.1" 307 Temporary Redirect
INFO:     [IP-DISAMARKAN]:33440 - "GET /metrics/ HTTP/1.1" 200 OK
INFO:     127.0.0.1:51782 - "GET /health HTTP/1.1" 200 OK
INFO:     [IP-DISAMARKAN]:34330 - "GET /metrics HTTP/1.1" 307 Temporary Redirect
INFO:     [IP-DISAMARKAN]:34330 - "GET /metrics/ HTTP/1.1" 200 OK
INFO:     [IP-DISAMARKAN]:60644 - "GET /health HTTP/1.1" 200 OK
INFO:     [IP-DISAMARKAN]:50642 - "GET /metrics HTTP/1.1" 307 Temporary Redirect
INFO:     [IP-DISAMARKAN]:50642 - "GET /metrics/ HTTP/1.1" 200 OK
INFO:     127.0.0.1:36834 - "GET /health HTTP/1.1" 200 OK
INFO:     [IP-DISAMARKAN]:36110 - "GET /metrics HTTP/1.1" 307 Temporary Redirect
INFO:     [IP-DISAMARKAN]:36110 - "GET /metrics/ HTTP/1.1" 200 OK
INFO:     [IP-DISAMARKAN]:55984 - "GET /health HTTP/1.1" 200 OK
INFO:     [IP-DISAMARKAN]:56864 - "GET /metrics HTTP/1.1" 307 Temporary Redirect
INFO:     [IP-DISAMARKAN]:56864 - "GET /metrics/ HTTP/1.1" 200 OK
INFO:     127.0.0.1:55114 - "GET /health HTTP/1.1" 200 OK
INFO:     [IP-DISAMARKAN]:37692 - "GET /metrics HTTP/1.1" 307 Temporary Redirect
INFO:     [IP-DISAMARKAN]:37692 - "GET /metrics/ HTTP/1.1" 200 OK
INFO:     [IP-DISAMARKAN]:56962 - "GET /health HTTP/1.1" 200 OK
INFO:     [IP-DISAMARKAN]:51288 - "GET /metrics HTTP/1.1" 307 Temporary Redirect
INFO:     [IP-DISAMARKAN]:51288 - "GET /metrics/ HTTP/1.1" 200 OK
INFO:     127.0.0.1:55636 - "GET /health HTTP/1.1" 200 OK
INFO:     [IP-DISAMARKAN]:37504 - "GET /metrics HTTP/1.1" 307 Temporary Redirect
INFO:     [IP-DISAMARKAN]:37504 - "GET /metrics/ HTTP/1.1" 200 OK
INFO:     [IP-DISAMARKAN]:45928 - "GET /metrics HTTP/1.1" 307 Temporary Redirect
INFO:     [IP-DISAMARKAN]:45928 - "GET /metrics/ HTTP/1.1" 200 OK
INFO:     127.0.0.1:45862 - "GET /health HTTP/1.1" 200 OK
INFO:     [IP-DISAMARKAN]:44342 - "GET /health HTTP/1.1" 200 OK
INFO:     [IP-DISAMARKAN]:54034 - "GET /metrics HTTP/1.1" 307 Temporary Redirect
INFO:     [IP-DISAMARKAN]:54034 - "GET /metrics/ HTTP/1.1" 200 OK
INFO:     [IP-DISAMARKAN]:44842 - "GET /metrics HTTP/1.1" 307 Temporary Redirect
INFO:     [IP-DISAMARKAN]:44842 - "GET /metrics/ HTTP/1.1" 200 OK
INFO:     127.0.0.1:58914 - "GET /health HTTP/1.1" 200 OK
INFO:     [IP-DISAMARKAN]:38210 - "GET /health HTTP/1.1" 200 OK
INFO:     [IP-DISAMARKAN]:48328 - "GET /metrics HTTP/1.1" 307 Temporary Redirect
INFO:     [IP-DISAMARKAN]:48328 - "GET /metrics/ HTTP/1.1" 200 OK
INFO:     [IP-DISAMARKAN]:44894 - "GET /metrics HTTP/1.1" 307 Temporary Redirect
INFO:     [IP-DISAMARKAN]:44894 - "GET /metrics/ HTTP/1.1" 200 OK
INFO:     127.0.0.1:54318 - "GET /health HTTP/1.1" 200 OK
INFO:     [IP-DISAMARKAN]:45110 - "GET /health HTTP/1.1" 200 OK
INFO:     [IP-DISAMARKAN]:52200 - "GET /metrics HTTP/1.1" 307 Temporary Redirect
INFO:     [IP-DISAMARKAN]:52200 - "GET /metrics/ HTTP/1.1" 200 OK
INFO:     [IP-DISAMARKAN]:34276 - "GET /metrics HTTP/1.1" 307 Temporary Redirect
INFO:     [IP-DISAMARKAN]:34276 - "GET /metrics/ HTTP/1.1" 200 OK
INFO:     127.0.0.1:53734 - "GET /health HTTP/1.1" 200 OK
INFO:     [IP-DISAMARKAN]:46090 - "GET /metrics HTTP/1.1" 307 Temporary Redirect
INFO:     [IP-DISAMARKAN]:46090 - "GET /metrics/ HTTP/1.1" 200 OK
INFO:     [IP-DISAMARKAN]:36854 - "GET /health HTTP/1.1" 200 OK
INFO:     [IP-DISAMARKAN]:58688 - "GET /metrics HTTP/1.1" 307 Temporary Redirect
INFO:     [IP-DISAMARKAN]:58688 - "GET /metrics/ HTTP/1.1" 200 OK
INFO:     127.0.0.1:46194 - "GET /health HTTP/1.1" 200 OK
INFO:     [IP-DISAMARKAN]:55138 - "GET /metrics HTTP/1.1" 307 Temporary Redirect
INFO:     [IP-DISAMARKAN]:55138 - "GET /metrics/ HTTP/1.1" 200 OK
INFO:     [IP-DISAMARKAN]:54338 - "GET /health HTTP/1.1" 200 OK
INFO:     [IP-DISAMARKAN]:56054 - "GET /metrics HTTP/1.1" 307 Temporary Redirect
INFO:     [IP-DISAMARKAN]:56054 - "GET /metrics/ HTTP/1.1" 200 OK
INFO:     127.0.0.1:42860 - "GET /health HTTP/1.1" 200 OK
INFO:     [IP-DISAMARKAN]:49428 - "GET /metrics HTTP/1.1" 307 Temporary Redirect
INFO:     [IP-DISAMARKAN]:49428 - "GET /metrics/ HTTP/1.1" 200 OK
INFO:     [IP-DISAMARKAN]:55156 - "GET /health HTTP/1.1" 200 OK
INFO:     [IP-DISAMARKAN]:50914 - "GET /metrics HTTP/1.1" 307 Temporary Redirect
INFO:     [IP-DISAMARKAN]:50914 - "GET /metrics/ HTTP/1.1" 200 OK
INFO:     127.0.0.1:35882 - "GET /health HTTP/1.1" 200 OK
INFO:     [IP-DISAMARKAN]:34798 - "GET /metrics HTTP/1.1" 307 Temporary Redirect
INFO:     [IP-DISAMARKAN]:34798 - "GET /metrics/ HTTP/1.1" 200 OK
INFO:     [IP-DISAMARKAN]:55006 - "GET /health HTTP/1.1" 200 OK
INFO:     [IP-DISAMARKAN]:47502 - "GET /metrics HTTP/1.1" 307 Temporary Redirect
INFO:     [IP-DISAMARKAN]:47502 - "GET /metrics/ HTTP/1.1" 200 OK
INFO:     127.0.0.1:34710 - "GET /health HTTP/1.1" 200 OK
INFO:     [IP-DISAMARKAN]:47100 - "GET /metrics HTTP/1.1" 307 Temporary Redirect
INFO:     [IP-DISAMARKAN]:47100 - "GET /metrics/ HTTP/1.1" 200 OK
INFO:     [IP-DISAMARKAN]:55332 - "GET /health HTTP/1.1" 200 OK
INFO:     [IP-DISAMARKAN]:37302 - "GET /metrics HTTP/1.1" 307 Temporary Redirect
INFO:     [IP-DISAMARKAN]:37302 - "GET /metrics/ HTTP/1.1" 200 OK
INFO:     127.0.0.1:35430 - "GET /health HTTP/1.1" 200 OK
INFO:     [IP-DISAMARKAN]:35552 - "GET /metrics HTTP/1.1" 307 Temporary Redirect
INFO:     [IP-DISAMARKAN]:35552 - "GET /metrics/ HTTP/1.1" 200 OK
INFO:     [IP-DISAMARKAN]:60608 - "GET /health HTTP/1.1" 200 OK
INFO:     [IP-DISAMARKAN]:42578 - "GET /metrics HTTP/1.1" 307 Temporary Redirect
INFO:     [IP-DISAMARKAN]:42578 - "GET /metrics/ HTTP/1.1" 200 OK
INFO:     127.0.0.1:58210 - "GET /health HTTP/1.1" 200 OK
INFO:     [IP-DISAMARKAN]:54556 - "GET /metrics HTTP/1.1" 307 Temporary Redirect
INFO:     [IP-DISAMARKAN]:54556 - "GET /metrics/ HTTP/1.1" 200 OK
INFO:     [IP-DISAMARKAN]:35814 - "GET /health HTTP/1.1" 200 OK
INFO:     [IP-DISAMARKAN]:46190 - "GET /metrics HTTP/1.1" 307 Temporary Redirect
INFO:     [IP-DISAMARKAN]:46190 - "GET /metrics/ HTTP/1.1" 200 OK
INFO:     127.0.0.1:36356 - "GET /health HTTP/1.1" 200 OK
INFO:     [IP-DISAMARKAN]:51300 - "GET /metrics HTTP/1.1" 307 Temporary Redirect
INFO:     [IP-DISAMARKAN]:51300 - "GET /metrics/ HTTP/1.1" 200 OK
INFO:     [IP-DISAMARKAN]:35876 - "GET /health HTTP/1.1" 200 OK
INFO:     [IP-DISAMARKAN]:35884 - "GET /metrics HTTP/1.1" 307 Temporary Redirect
INFO:     [IP-DISAMARKAN]:35884 - "GET /metrics/ HTTP/1.1" 200 OK
INFO:     127.0.0.1:32886 - "GET /health HTTP/1.1" 200 OK
INFO:     [IP-DISAMARKAN]:49576 - "GET /metrics HTTP/1.1" 307 Temporary Redirect
INFO:     [IP-DISAMARKAN]:49576 - "GET /metrics/ HTTP/1.1" 200 OK
INFO:     [IP-DISAMARKAN]:51350 - "GET /health HTTP/1.1" 200 OK
INFO:     [IP-DISAMARKAN]:58226 - "GET /metrics HTTP/1.1" 307 Temporary Redirect
INFO:     [IP-DISAMARKAN]:58226 - "GET /metrics/ HTTP/1.1" 200 OK
INFO:     127.0.0.1:40352 - "GET /health HTTP/1.1" 200 OK
INFO:     [IP-DISAMARKAN]:47330 - "GET /metrics HTTP/1.1" 307 Temporary Redirect
INFO:     [IP-DISAMARKAN]:47330 - "GET /metrics/ HTTP/1.1" 200 OK
INFO:     [IP-DISAMARKAN]:35474 - "GET /health HTTP/1.1" 200 OK
INFO:     [IP-DISAMARKAN]:38866 - "GET /metrics HTTP/1.1" 307 Temporary Redirect
INFO:     [IP-DISAMARKAN]:38866 - "GET /metrics/ HTTP/1.1" 200 OK
INFO:     127.0.0.1:37956 - "GET /health HTTP/1.1" 200 OK
INFO:     [IP-DISAMARKAN]:41196 - "GET /metrics HTTP/1.1" 307 Temporary Redirect
INFO:     [IP-DISAMARKAN]:41196 - "GET /metrics/ HTTP/1.1" 200 OK
INFO:     [IP-DISAMARKAN]:57494 - "GET /health HTTP/1.1" 200 OK
INFO:     [IP-DISAMARKAN]:54826 - "GET /metrics HTTP/1.1" 307 Temporary Redirect
INFO:     [IP-DISAMARKAN]:54826 - "GET /metrics/ HTTP/1.1" 200 OK
INFO:     127.0.0.1:46510 - "GET /health HTTP/1.1" 200 OK
INFO:     [IP-DISAMARKAN]:35872 - "GET /metrics HTTP/1.1" 307 Temporary Redirect
INFO:     [IP-DISAMARKAN]:35872 - "GET /metrics/ HTTP/1.1" 200 OK
INFO:     [IP-DISAMARKAN]:36372 - "GET /health HTTP/1.1" 200 OK
INFO:     [IP-DISAMARKAN]:42348 - "GET /metrics HTTP/1.1" 307 Temporary Redirect
INFO:     [IP-DISAMARKAN]:42348 - "GET /metrics/ HTTP/1.1" 200 OK
INFO:     127.0.0.1:34324 - "GET /health HTTP/1.1" 200 OK
INFO:     [IP-DISAMARKAN]:57672 - "GET /metrics HTTP/1.1" 307 Temporary Redirect
INFO:     [IP-DISAMARKAN]:57672 - "GET /metrics/ HTTP/1.1" 200 OK
INFO:     [IP-DISAMARKAN]:52356 - "GET /health HTTP/1.1" 200 OK
INFO:     [IP-DISAMARKAN]:49828 - "GET /metrics HTTP/1.1" 307 Temporary Redirect
INFO:     [IP-DISAMARKAN]:49828 - "GET /metrics/ HTTP/1.1" 200 OK
INFO:     127.0.0.1:55018 - "GET /health HTTP/1.1" 200 OK
INFO:     [IP-DISAMARKAN]:40232 - "GET /metrics HTTP/1.1" 307 Temporary Redirect
INFO:     [IP-DISAMARKAN]:40232 - "GET /metrics/ HTTP/1.1" 200 OK
INFO:     [IP-DISAMARKAN]:59970 - "GET /health HTTP/1.1" 200 OK
INFO:     [IP-DISAMARKAN]:38558 - "GET /metrics HTTP/1.1" 307 Temporary Redirect
INFO:     [IP-DISAMARKAN]:38558 - "GET /metrics/ HTTP/1.1" 200 OK
INFO:     127.0.0.1:58292 - "GET /health HTTP/1.1" 200 OK
INFO:     [IP-DISAMARKAN]:45922 - "GET /metrics HTTP/1.1" 307 Temporary Redirect
INFO:     [IP-DISAMARKAN]:45922 - "GET /metrics/ HTTP/1.1" 200 OK
INFO:     [IP-DISAMARKAN]:53592 - "GET /health HTTP/1.1" 200 OK
INFO:     [IP-DISAMARKAN]:50812 - "GET /metrics HTTP/1.1" 307 Temporary Redirect
INFO:     [IP-DISAMARKAN]:50812 - "GET /metrics/ HTTP/1.1" 200 OK
INFO:     127.0.0.1:35526 - "GET /health HTTP/1.1" 200 OK
INFO:     [IP-DISAMARKAN]:48328 - "GET /metrics HTTP/1.1" 307 Temporary Redirect
INFO:     [IP-DISAMARKAN]:48328 - "GET /metrics/ HTTP/1.1" 200 OK
INFO:     [IP-DISAMARKAN]:43958 - "GET /health HTTP/1.1" 200 OK
INFO:     [IP-DISAMARKAN]:34530 - "GET /metrics HTTP/1.1" 307 Temporary Redirect
INFO:     [IP-DISAMARKAN]:34530 - "GET /metrics/ HTTP/1.1" 200 OK
INFO:     127.0.0.1:42370 - "GET /health HTTP/1.1" 200 OK
INFO:     [IP-DISAMARKAN]:45716 - "GET /metrics HTTP/1.1" 307 Temporary Redirect
INFO:     [IP-DISAMARKAN]:45716 - "GET /metrics/ HTTP/1.1" 200 OK
INFO:     [IP-DISAMARKAN]:58132 - "GET /health HTTP/1.1" 200 OK
INFO:     [IP-DISAMARKAN]:59970 - "GET /metrics HTTP/1.1" 307 Temporary Redirect
INFO:     [IP-DISAMARKAN]:59970 - "GET /metrics/ HTTP/1.1" 200 OK
INFO:     127.0.0.1:40904 - "GET /health HTTP/1.1" 200 OK
INFO:     [IP-DISAMARKAN]:54980 - "GET /metrics HTTP/1.1" 307 Temporary Redirect
INFO:     [IP-DISAMARKAN]:54980 - "GET /metrics/ HTTP/1.1" 200 OK
INFO:     [IP-DISAMARKAN]:43890 - "GET /health HTTP/1.1" 200 OK
INFO:     [IP-DISAMARKAN]:48648 - "GET /metrics HTTP/1.1" 307 Temporary Redirect
INFO:     [IP-DISAMARKAN]:48648 - "GET /metrics/ HTTP/1.1" 200 OK
INFO:     127.0.0.1:34732 - "GET /health HTTP/1.1" 200 OK
INFO:     [IP-DISAMARKAN]:57192 - "GET /metrics HTTP/1.1" 307 Temporary Redirect
INFO:     [IP-DISAMARKAN]:57192 - "GET /metrics/ HTTP/1.1" 200 OK
INFO:     [IP-DISAMARKAN]:46482 - "GET /health HTTP/1.1" 200 OK
INFO:     [IP-DISAMARKAN]:58930 - "GET /metrics HTTP/1.1" 307 Temporary Redirect
INFO:     [IP-DISAMARKAN]:58930 - "GET /metrics/ HTTP/1.1" 200 OK
INFO:     127.0.0.1:36534 - "GET /health HTTP/1.1" 200 OK
INFO:     [IP-DISAMARKAN]:60082 - "GET /metrics HTTP/1.1" 307 Temporary Redirect
INFO:     [IP-DISAMARKAN]:60082 - "GET /metrics/ HTTP/1.1" 200 OK
INFO:     [IP-DISAMARKAN]:36920 - "GET /health HTTP/1.1" 200 OK
INFO:     [IP-DISAMARKAN]:47924 - "GET /metrics HTTP/1.1" 307 Temporary Redirect
INFO:     [IP-DISAMARKAN]:47924 - "GET /metrics/ HTTP/1.1" 200 OK
INFO:     127.0.0.1:39592 - "GET /health HTTP/1.1" 200 OK
INFO:     [IP-DISAMARKAN]:45470 - "GET /metrics HTTP/1.1" 307 Temporary Redirect
INFO:     [IP-DISAMARKAN]:45470 - "GET /metrics/ HTTP/1.1" 200 OK
INFO:     [IP-DISAMARKAN]:60888 - "GET /health HTTP/1.1" 200 OK
INFO:     [IP-DISAMARKAN]:60870 - "GET /metrics HTTP/1.1" 307 Temporary Redirect
INFO:     [IP-DISAMARKAN]:60870 - "GET /metrics/ HTTP/1.1" 200 OK
INFO:     127.0.0.1:55582 - "GET /health HTTP/1.1" 200 OK
INFO:     [IP-DISAMARKAN]:55262 - "GET /metrics HTTP/1.1" 307 Temporary Redirect
INFO:     [IP-DISAMARKAN]:55262 - "GET /metrics/ HTTP/1.1" 200 OK
INFO:     [IP-DISAMARKAN]:55706 - "GET /metrics HTTP/1.1" 307 Temporary Redirect
INFO:     [IP-DISAMARKAN]:55706 - "GET /metrics/ HTTP/1.1" 200 OK
INFO:     [IP-DISAMARKAN]:57430 - "GET /health HTTP/1.1" 200 OK
INFO:     127.0.0.1:48336 - "GET /health HTTP/1.1" 200 OK
INFO:     [IP-DISAMARKAN]:34076 - "GET /metrics HTTP/1.1" 307 Temporary Redirect
INFO:     [IP-DISAMARKAN]:34076 - "GET /metrics/ HTTP/1.1" 200 OK
INFO:     [IP-DISAMARKAN]:34124 - "GET /metrics HTTP/1.1" 307 Temporary Redirect
INFO:     [IP-DISAMARKAN]:34124 - "GET /metrics/ HTTP/1.1" 200 OK
INFO:     127.0.0.1:35674 - "GET /health HTTP/1.1" 200 OK
INFO:     [IP-DISAMARKAN]:54106 - "GET /health HTTP/1.1" 200 OK
INFO:     [IP-DISAMARKAN]:57868 - "GET /metrics HTTP/1.1" 307 Temporary Redirect
INFO:     [IP-DISAMARKAN]:57868 - "GET /metrics/ HTTP/1.1" 200 OK
INFO:     [IP-DISAMARKAN]:52104 - "GET /metrics HTTP/1.1" 307 Temporary Redirect
INFO:     [IP-DISAMARKAN]:52104 - "GET /metrics/ HTTP/1.1" 200 OK
INFO:     127.0.0.1:55338 - "GET /health HTTP/1.1" 200 OK
INFO:     [IP-DISAMARKAN]:41276 - "GET /health HTTP/1.1" 200 OK
INFO:     [IP-DISAMARKAN]:47976 - "GET /metrics HTTP/1.1" 307 Temporary Redirect
INFO:     [IP-DISAMARKAN]:47976 - "GET /metrics/ HTTP/1.1" 200 OK
INFO:     [IP-DISAMARKAN]:45332 - "GET /metrics HTTP/1.1" 307 Temporary Redirect
INFO:     [IP-DISAMARKAN]:45332 - "GET /metrics/ HTTP/1.1" 200 OK
INFO:     127.0.0.1:57922 - "GET /health HTTP/1.1" 200 OK
INFO:     [IP-DISAMARKAN]:55166 - "GET /metrics HTTP/1.1" 307 Temporary Redirect
INFO:     [IP-DISAMARKAN]:55166 - "GET /metrics/ HTTP/1.1" 200 OK
INFO:     [IP-DISAMARKAN]:50260 - "GET /health HTTP/1.1" 200 OK
INFO:     [IP-DISAMARKAN]:33838 - "GET /metrics HTTP/1.1" 307 Temporary Redirect
INFO:     [IP-DISAMARKAN]:33838 - "GET /metrics/ HTTP/1.1" 200 OK
INFO:     127.0.0.1:46230 - "GET /health HTTP/1.1" 200 OK
INFO:     [IP-DISAMARKAN]:49380 - "GET /metrics HTTP/1.1" 307 Temporary Redirect
INFO:     [IP-DISAMARKAN]:49380 - "GET /metrics/ HTTP/1.1" 200 OK
INFO:     [IP-DISAMARKAN]:44978 - "GET /health HTTP/1.1" 200 OK
INFO:     [IP-DISAMARKAN]:48948 - "GET /metrics HTTP/1.1" 307 Temporary Redirect
INFO:     [IP-DISAMARKAN]:48948 - "GET /metrics/ HTTP/1.1" 200 OK
INFO:     127.0.0.1:33840 - "GET /health HTTP/1.1" 200 OK
INFO:     [IP-DISAMARKAN]:53516 - "GET /metrics HTTP/1.1" 307 Temporary Redirect
INFO:     [IP-DISAMARKAN]:53516 - "GET /metrics/ HTTP/1.1" 200 OK
INFO:     [IP-DISAMARKAN]:33532 - "GET /health HTTP/1.1" 200 OK
INFO:     [IP-DISAMARKAN]:48048 - "GET /metrics HTTP/1.1" 307 Temporary Redirect
INFO:     [IP-DISAMARKAN]:48048 - "GET /metrics/ HTTP/1.1" 200 OK
INFO:     127.0.0.1:54356 - "GET /health HTTP/1.1" 200 OK
INFO:     [IP-DISAMARKAN]:60220 - "GET /metrics HTTP/1.1" 307 Temporary Redirect
INFO:     [IP-DISAMARKAN]:60220 - "GET /metrics/ HTTP/1.1" 200 OK
INFO:     [IP-DISAMARKAN]:48396 - "GET /metrics HTTP/1.1" 307 Temporary Redirect
INFO:     [IP-DISAMARKAN]:48396 - "GET /metrics/ HTTP/1.1" 200 OK
INFO:     [IP-DISAMARKAN]:57614 - "GET /health HTTP/1.1" 200 OK
INFO:     127.0.0.1:48712 - "GET /health HTTP/1.1" 200 OK
INFO:     [IP-DISAMARKAN]:52242 - "GET /metrics HTTP/1.1" 307 Temporary Redirect
INFO:     [IP-DISAMARKAN]:52242 - "GET /metrics/ HTTP/1.1" 200 OK
INFO:     [IP-DISAMARKAN]:57142 - "GET /metrics HTTP/1.1" 307 Temporary Redirect
INFO:     [IP-DISAMARKAN]:57142 - "GET /metrics/ HTTP/1.1" 200 OK
INFO:     127.0.0.1:59530 - "GET /health HTTP/1.1" 200 OK
INFO:     [IP-DISAMARKAN]:34870 - "GET /health HTTP/1.1" 200 OK
INFO:     [IP-DISAMARKAN]:49058 - "GET /metrics HTTP/1.1" 307 Temporary Redirect
INFO:     [IP-DISAMARKAN]:49058 - "GET /metrics/ HTTP/1.1" 200 OK
INFO:     [IP-DISAMARKAN]:53532 - "GET /metrics HTTP/1.1" 307 Temporary Redirect
INFO:     [IP-DISAMARKAN]:53532 - "GET /metrics/ HTTP/1.1" 200 OK
INFO:     127.0.0.1:51848 - "GET /health HTTP/1.1" 200 OK
INFO:     [IP-DISAMARKAN]:36344 - "GET /health HTTP/1.1" 200 OK
INFO:     [IP-DISAMARKAN]:53152 - "GET /metrics HTTP/1.1" 307 Temporary Redirect
INFO:     [IP-DISAMARKAN]:53152 - "GET /metrics/ HTTP/1.1" 200 OK
INFO:     [IP-DISAMARKAN]:59546 - "GET /metrics HTTP/1.1" 307 Temporary Redirect
INFO:     [IP-DISAMARKAN]:59546 - "GET /metrics/ HTTP/1.1" 200 OK
INFO:     127.0.0.1:60178 - "GET /health HTTP/1.1" 200 OK
INFO:     [IP-DISAMARKAN]:56110 - "GET /metrics HTTP/1.1" 307 Temporary Redirect
INFO:     [IP-DISAMARKAN]:56110 - "GET /metrics/ HTTP/1.1" 200 OK
INFO:     [IP-DISAMARKAN]:47162 - "GET /health HTTP/1.1" 200 OK
INFO:     [IP-DISAMARKAN]:40980 - "GET /metrics HTTP/1.1" 307 Temporary Redirect
INFO:     [IP-DISAMARKAN]:40980 - "GET /metrics/ HTTP/1.1" 200 OK
INFO:     127.0.0.1:35142 - "GET /health HTTP/1.1" 200 OK
INFO:     [IP-DISAMARKAN]:58398 - "GET /metrics HTTP/1.1" 307 Temporary Redirect
INFO:     [IP-DISAMARKAN]:58398 - "GET /metrics/ HTTP/1.1" 200 OK
INFO:     [IP-DISAMARKAN]:35336 - "GET /health HTTP/1.1" 200 OK
INFO:     [IP-DISAMARKAN]:51476 - "GET /metrics HTTP/1.1" 307 Temporary Redirect
INFO:     [IP-DISAMARKAN]:51476 - "GET /metrics/ HTTP/1.1" 200 OK
INFO:     127.0.0.1:51492 - "GET /health HTTP/1.1" 200 OK
INFO:     [IP-DISAMARKAN]:33160 - "GET /metrics HTTP/1.1" 307 Temporary Redirect
INFO:     [IP-DISAMARKAN]:33160 - "GET /metrics/ HTTP/1.1" 200 OK
INFO:     [IP-DISAMARKAN]:35744 - "GET /health HTTP/1.1" 200 OK
INFO:     [IP-DISAMARKAN]:44728 - "GET /metrics HTTP/1.1" 307 Temporary Redirect
INFO:     [IP-DISAMARKAN]:44728 - "GET /metrics/ HTTP/1.1" 200 OK
INFO:     127.0.0.1:60406 - "GET /health HTTP/1.1" 200 OK
INFO:     [IP-DISAMARKAN]:35892 - "GET /metrics HTTP/1.1" 307 Temporary Redirect
INFO:     [IP-DISAMARKAN]:35892 - "GET /metrics/ HTTP/1.1" 200 OK
INFO:     [IP-DISAMARKAN]:50450 - "GET /metrics HTTP/1.1" 307 Temporary Redirect
INFO:     [IP-DISAMARKAN]:50450 - "GET /metrics/ HTTP/1.1" 200 OK
INFO:     [IP-DISAMARKAN]:55398 - "GET /health HTTP/1.1" 200 OK
INFO:     127.0.0.1:39992 - "GET /health HTTP/1.1" 200 OK
INFO:     [IP-DISAMARKAN]:56178 - "GET /metrics HTTP/1.1" 307 Temporary Redirect
INFO:     [IP-DISAMARKAN]:56178 - "GET /metrics/ HTTP/1.1" 200 OK
INFO:     [IP-DISAMARKAN]:52666 - "GET /metrics HTTP/1.1" 307 Temporary Redirect
INFO:     [IP-DISAMARKAN]:52666 - "GET /metrics/ HTTP/1.1" 200 OK
INFO:     127.0.0.1:51766 - "GET /health HTTP/1.1" 200 OK
INFO:     [IP-DISAMARKAN]:33212 - "GET /health HTTP/1.1" 200 OK
INFO:     [IP-DISAMARKAN]:36140 - "GET /metrics HTTP/1.1" 307 Temporary Redirect
INFO:     [IP-DISAMARKAN]:36140 - "GET /metrics/ HTTP/1.1" 200 OK
INFO:     [IP-DISAMARKAN]:49810 - "GET /metrics HTTP/1.1" 307 Temporary Redirect
INFO:     [IP-DISAMARKAN]:49810 - "GET /metrics/ HTTP/1.1" 200 OK
INFO:     127.0.0.1:33220 - "GET /health HTTP/1.1" 200 OK
INFO:     [IP-DISAMARKAN]:59100 - "GET /health HTTP/1.1" 200 OK
INFO:     [IP-DISAMARKAN]:59494 - "GET /metrics HTTP/1.1" 307 Temporary Redirect
INFO:     [IP-DISAMARKAN]:59494 - "GET /metrics/ HTTP/1.1" 200 OK
INFO:     [IP-DISAMARKAN]:53414 - "GET /metrics HTTP/1.1" 307 Temporary Redirect
INFO:     [IP-DISAMARKAN]:53414 - "GET /metrics/ HTTP/1.1" 200 OK
INFO:     127.0.0.1:52276 - "GET /health HTTP/1.1" 200 OK
INFO:     [IP-DISAMARKAN]:50264 - "GET /health HTTP/1.1" 200 OK
INFO:     [IP-DISAMARKAN]:57720 - "GET /metrics HTTP/1.1" 307 Temporary Redirect
INFO:     [IP-DISAMARKAN]:57720 - "GET /metrics/ HTTP/1.1" 200 OK
INFO:     [IP-DISAMARKAN]:45108 - "GET /metrics HTTP/1.1" 307 Temporary Redirect
INFO:     [IP-DISAMARKAN]:45108 - "GET /metrics/ HTTP/1.1" 200 OK
INFO:     127.0.0.1:45276 - "GET /health HTTP/1.1" 200 OK
INFO:     [IP-DISAMARKAN]:57520 - "GET /health HTTP/1.1" 200 OK
INFO:     [IP-DISAMARKAN]:60794 - "GET /metrics HTTP/1.1" 307 Temporary Redirect
INFO:     [IP-DISAMARKAN]:60794 - "GET /metrics/ HTTP/1.1" 200 OK
INFO:     [IP-DISAMARKAN]:60968 - "GET /metrics HTTP/1.1" 307 Temporary Redirect
INFO:     [IP-DISAMARKAN]:60968 - "GET /metrics/ HTTP/1.1" 200 OK
INFO:     127.0.0.1:55638 - "GET /health HTTP/1.1" 200 OK
INFO:     [IP-DISAMARKAN]:36990 - "GET /health HTTP/1.1" 200 OK
INFO:     [IP-DISAMARKAN]:59486 - "GET /metrics HTTP/1.1" 307 Temporary Redirect
INFO:     [IP-DISAMARKAN]:59486 - "GET /metrics/ HTTP/1.1" 200 OK
INFO:     [IP-DISAMARKAN]:49088 - "GET /metrics HTTP/1.1" 307 Temporary Redirect
INFO:     [IP-DISAMARKAN]:49088 - "GET /metrics/ HTTP/1.1" 200 OK
INFO:     127.0.0.1:41508 - "GET /health HTTP/1.1" 200 OK
INFO:     [IP-DISAMARKAN]:43576 - "GET /health HTTP/1.1" 200 OK
INFO:     [IP-DISAMARKAN]:52100 - "GET /metrics HTTP/1.1" 307 Temporary Redirect
INFO:     [IP-DISAMARKAN]:52100 - "GET /metrics/ HTTP/1.1" 200 OK
INFO:     [IP-DISAMARKAN]:59792 - "GET /metrics HTTP/1.1" 307 Temporary Redirect
INFO:     [IP-DISAMARKAN]:59792 - "GET /metrics/ HTTP/1.1" 200 OK
INFO:     127.0.0.1:56386 - "GET /health HTTP/1.1" 200 OK
INFO:     [IP-DISAMARKAN]:50702 - "GET /health HTTP/1.1" 200 OK
INFO:     [IP-DISAMARKAN]:49886 - "GET /metrics HTTP/1.1" 307 Temporary Redirect
INFO:     [IP-DISAMARKAN]:49886 - "GET /metrics/ HTTP/1.1" 200 OK
INFO:     [IP-DISAMARKAN]:55142 - "GET /metrics HTTP/1.1" 307 Temporary Redirect
INFO:     [IP-DISAMARKAN]:55142 - "GET /metrics/ HTTP/1.1" 200 OK
INFO:     127.0.0.1:59394 - "GET /health HTTP/1.1" 200 OK
INFO:     [IP-DISAMARKAN]:46470 - "GET /health HTTP/1.1" 200 OK
INFO:     [IP-DISAMARKAN]:52546 - "GET /metrics HTTP/1.1" 307 Temporary Redirect
INFO:     [IP-DISAMARKAN]:52546 - "GET /metrics/ HTTP/1.1" 200 OK
INFO:     [IP-DISAMARKAN]:34704 - "GET /metrics HTTP/1.1" 307 Temporary Redirect
INFO:     [IP-DISAMARKAN]:34704 - "GET /metrics/ HTTP/1.1" 200 OK
INFO:     127.0.0.1:57704 - "GET /health HTTP/1.1" 200 OK
INFO:     [IP-DISAMARKAN]:45144 - "GET /health HTTP/1.1" 200 OK
INFO:     [IP-DISAMARKAN]:49614 - "GET /metrics HTTP/1.1" 307 Temporary Redirect
INFO:     [IP-DISAMARKAN]:49614 - "GET /metrics/ HTTP/1.1" 200 OK
INFO:     [IP-DISAMARKAN]:49682 - "GET /metrics HTTP/1.1" 307 Temporary Redirect
INFO:     [IP-DISAMARKAN]:49682 - "GET /metrics/ HTTP/1.1" 200 OK
INFO:     127.0.0.1:51594 - "GET /health HTTP/1.1" 200 OK
INFO:     [IP-DISAMARKAN]:34596 - "GET /health HTTP/1.1" 200 OK
INFO:     [IP-DISAMARKAN]:37568 - "GET /metrics HTTP/1.1" 307 Temporary Redirect
INFO:     [IP-DISAMARKAN]:37568 - "GET /metrics/ HTTP/1.1" 200 OK
INFO:     [IP-DISAMARKAN]:45350 - "GET /metrics HTTP/1.1" 307 Temporary Redirect
INFO:     [IP-DISAMARKAN]:45350 - "GET /metrics/ HTTP/1.1" 200 OK
INFO:     127.0.0.1:39664 - "GET /health HTTP/1.1" 200 OK
INFO:     [IP-DISAMARKAN]:41956 - "GET /health HTTP/1.1" 200 OK
INFO:     [IP-DISAMARKAN]:46516 - "GET /metrics HTTP/1.1" 307 Temporary Redirect
INFO:     [IP-DISAMARKAN]:46516 - "GET /metrics/ HTTP/1.1" 200 OK
INFO:     [IP-DISAMARKAN]:57816 - "GET /metrics HTTP/1.1" 307 Temporary Redirect
INFO:     [IP-DISAMARKAN]:57816 - "GET /metrics/ HTTP/1.1" 200 OK
INFO:     127.0.0.1:54582 - "GET /health HTTP/1.1" 200 OK
INFO:     [IP-DISAMARKAN]:45882 - "GET /health HTTP/1.1" 200 OK
INFO:     [IP-DISAMARKAN]:44036 - "GET /metrics HTTP/1.1" 307 Temporary Redirect
INFO:     [IP-DISAMARKAN]:44036 - "GET /metrics/ HTTP/1.1" 200 OK
INFO:     [IP-DISAMARKAN]:33646 - "GET /metrics HTTP/1.1" 307 Temporary Redirect
INFO:     [IP-DISAMARKAN]:33646 - "GET /metrics/ HTTP/1.1" 200 OK
INFO:     127.0.0.1:54422 - "GET /health HTTP/1.1" 200 OK
INFO:     [IP-DISAMARKAN]:56848 - "GET /health HTTP/1.1" 200 OK
INFO:     [IP-DISAMARKAN]:35896 - "GET /metrics HTTP/1.1" 307 Temporary Redirect
INFO:     [IP-DISAMARKAN]:35896 - "GET /metrics/ HTTP/1.1" 200 OK
INFO:     [IP-DISAMARKAN]:54196 - "GET /metrics HTTP/1.1" 307 Temporary Redirect
INFO:     [IP-DISAMARKAN]:54196 - "GET /metrics/ HTTP/1.1" 200 OK
INFO:     127.0.0.1:58610 - "GET /health HTTP/1.1" 200 OK
INFO:     [IP-DISAMARKAN]:43268 - "GET /health HTTP/1.1" 200 OK
INFO:     [IP-DISAMARKAN]:46970 - "GET /metrics HTTP/1.1" 307 Temporary Redirect
INFO:     [IP-DISAMARKAN]:46970 - "GET /metrics/ HTTP/1.1" 200 OK
INFO:     [IP-DISAMARKAN]:37408 - "GET /metrics HTTP/1.1" 307 Temporary Redirect
INFO:     [IP-DISAMARKAN]:37408 - "GET /metrics/ HTTP/1.1" 200 OK
INFO:     127.0.0.1:51980 - "GET /health HTTP/1.1" 200 OK
INFO:     [IP-DISAMARKAN]:53552 - "GET /health HTTP/1.1" 200 OK
INFO:     [IP-DISAMARKAN]:46086 - "GET /metrics HTTP/1.1" 307 Temporary Redirect
INFO:     [IP-DISAMARKAN]:46086 - "GET /metrics/ HTTP/1.1" 200 OK
INFO:     [IP-DISAMARKAN]:50476 - "GET /metrics HTTP/1.1" 307 Temporary Redirect
INFO:     [IP-DISAMARKAN]:50476 - "GET /metrics/ HTTP/1.1" 200 OK
INFO:     127.0.0.1:39586 - "GET /health HTTP/1.1" 200 OK
INFO:     [IP-DISAMARKAN]:34586 - "GET /health HTTP/1.1" 200 OK
INFO:     [IP-DISAMARKAN]:46816 - "GET /metrics HTTP/1.1" 307 Temporary Redirect
INFO:     [IP-DISAMARKAN]:46816 - "GET /metrics/ HTTP/1.1" 200 OK
INFO:     [IP-DISAMARKAN]:51452 - "GET /metrics HTTP/1.1" 307 Temporary Redirect
INFO:     [IP-DISAMARKAN]:51452 - "GET /metrics/ HTTP/1.1" 200 OK
INFO:     127.0.0.1:33380 - "GET /health HTTP/1.1" 200 OK
INFO:     [IP-DISAMARKAN]:55998 - "GET /health HTTP/1.1" 200 OK
INFO:     [IP-DISAMARKAN]:33800 - "GET /metrics HTTP/1.1" 307 Temporary Redirect
INFO:     [IP-DISAMARKAN]:33800 - "GET /metrics/ HTTP/1.1" 200 OK
INFO:     [IP-DISAMARKAN]:40732 - "GET /metrics HTTP/1.1" 307 Temporary Redirect
INFO:     [IP-DISAMARKAN]:40732 - "GET /metrics/ HTTP/1.1" 200 OK
INFO:     127.0.0.1:55796 - "GET /health HTTP/1.1" 200 OK
INFO:     [IP-DISAMARKAN]:46384 - "GET /health HTTP/1.1" 200 OK
INFO:     [IP-DISAMARKAN]:46928 - "GET /metrics HTTP/1.1" 307 Temporary Redirect
INFO:     [IP-DISAMARKAN]:46928 - "GET /metrics/ HTTP/1.1" 200 OK
INFO:     [IP-DISAMARKAN]:37536 - "GET /metrics HTTP/1.1" 307 Temporary Redirect
INFO:     [IP-DISAMARKAN]:37536 - "GET /metrics/ HTTP/1.1" 200 OK
INFO:     127.0.0.1:56700 - "GET /health HTTP/1.1" 200 OK
INFO:     [IP-DISAMARKAN]:56998 - "GET /health HTTP/1.1" 200 OK
INFO:     [IP-DISAMARKAN]:59664 - "GET /metrics HTTP/1.1" 307 Temporary Redirect
INFO:     [IP-DISAMARKAN]:59664 - "GET /metrics/ HTTP/1.1" 200 OK
INFO:     [IP-DISAMARKAN]:60240 - "GET /metrics HTTP/1.1" 307 Temporary Redirect
INFO:     [IP-DISAMARKAN]:60240 - "GET /metrics/ HTTP/1.1" 200 OK
INFO:     127.0.0.1:44292 - "GET /health HTTP/1.1" 200 OK
INFO:     [IP-DISAMARKAN]:39838 - "GET /metrics HTTP/1.1" 307 Temporary Redirect
INFO:     [IP-DISAMARKAN]:39838 - "GET /metrics/ HTTP/1.1" 200 OK
INFO:     [IP-DISAMARKAN]:32944 - "GET /health HTTP/1.1" 200 OK
INFO:     [IP-DISAMARKAN]:45238 - "GET /metrics HTTP/1.1" 307 Temporary Redirect
INFO:     [IP-DISAMARKAN]:45238 - "GET /metrics/ HTTP/1.1" 200 OK
INFO:     127.0.0.1:41110 - "GET /health HTTP/1.1" 200 OK
INFO:     [IP-DISAMARKAN]:52372 - "GET /metrics HTTP/1.1" 307 Temporary Redirect
INFO:     [IP-DISAMARKAN]:52372 - "GET /metrics/ HTTP/1.1" 200 OK
INFO:     [IP-DISAMARKAN]:53468 - "GET /health HTTP/1.1" 200 OK
INFO:     [IP-DISAMARKAN]:52880 - "GET /metrics HTTP/1.1" 307 Temporary Redirect
INFO:     [IP-DISAMARKAN]:52880 - "GET /metrics/ HTTP/1.1" 200 OK
INFO:     127.0.0.1:38194 - "GET /health HTTP/1.1" 200 OK
INFO:     [IP-DISAMARKAN]:42834 - "GET /metrics HTTP/1.1" 307 Temporary Redirect
INFO:     [IP-DISAMARKAN]:42834 - "GET /metrics/ HTTP/1.1" 200 OK
INFO:     [IP-DISAMARKAN]:50108 - "GET /health HTTP/1.1" 200 OK
INFO:     [IP-DISAMARKAN]:51598 - "GET /metrics HTTP/1.1" 307 Temporary Redirect
INFO:     [IP-DISAMARKAN]:51598 - "GET /metrics/ HTTP/1.1" 200 OK
INFO:     127.0.0.1:34798 - "GET /health HTTP/1.1" 200 OK
INFO:     [IP-DISAMARKAN]:47890 - "GET /metrics HTTP/1.1" 307 Temporary Redirect
INFO:     [IP-DISAMARKAN]:47890 - "GET /metrics/ HTTP/1.1" 200 OK
INFO:     [IP-DISAMARKAN]:55084 - "GET /metrics HTTP/1.1" 307 Temporary Redirect
INFO:     [IP-DISAMARKAN]:55084 - "GET /metrics/ HTTP/1.1" 200 OK
INFO:     [IP-DISAMARKAN]:55938 - "GET /health HTTP/1.1" 200 OK
INFO:     127.0.0.1:59632 - "GET /health HTTP/1.1" 200 OK
INFO:     [IP-DISAMARKAN]:42134 - "GET /metrics HTTP/1.1" 307 Temporary Redirect
INFO:     [IP-DISAMARKAN]:42134 - "GET /metrics/ HTTP/1.1" 200 OK
INFO:     [IP-DISAMARKAN]:48460 - "GET /metrics HTTP/1.1" 307 Temporary Redirect
INFO:     [IP-DISAMARKAN]:48460 - "GET /metrics/ HTTP/1.1" 200 OK
INFO:     [IP-DISAMARKAN]:57858 - "GET /health HTTP/1.1" 200 OK
INFO:     127.0.0.1:39164 - "GET /health HTTP/1.1" 200 OK
INFO:     [IP-DISAMARKAN]:42192 - "GET /metrics HTTP/1.1" 307 Temporary Redirect
INFO:     [IP-DISAMARKAN]:42192 - "GET /metrics/ HTTP/1.1" 200 OK
INFO:     [IP-DISAMARKAN]:40054 - "GET /metrics HTTP/1.1" 307 Temporary Redirect
INFO:     [IP-DISAMARKAN]:40054 - "GET /metrics/ HTTP/1.1" 200 OK
INFO:     127.0.0.1:59466 - "GET /health HTTP/1.1" 200 OK
INFO:     [IP-DISAMARKAN]:57354 - "GET /health HTTP/1.1" 200 OK
INFO:     [IP-DISAMARKAN]:59540 - "GET /metrics HTTP/1.1" 307 Temporary Redirect
INFO:     [IP-DISAMARKAN]:59540 - "GET /metrics/ HTTP/1.1" 200 OK
INFO:     [IP-DISAMARKAN]:59362 - "GET /metrics HTTP/1.1" 307 Temporary Redirect
INFO:     [IP-DISAMARKAN]:59362 - "GET /metrics/ HTTP/1.1" 200 OK
INFO:     127.0.0.1:45106 - "GET /health HTTP/1.1" 200 OK
INFO:     [IP-DISAMARKAN]:60500 - "GET /metrics HTTP/1.1" 307 Temporary Redirect
INFO:     [IP-DISAMARKAN]:60500 - "GET /metrics/ HTTP/1.1" 200 OK
INFO:     [IP-DISAMARKAN]:57616 - "GET /health HTTP/1.1" 200 OK
INFO:     [IP-DISAMARKAN]:57224 - "GET /metrics HTTP/1.1" 307 Temporary Redirect
INFO:     [IP-DISAMARKAN]:57224 - "GET /metrics/ HTTP/1.1" 200 OK
INFO:     127.0.0.1:54824 - "GET /health HTTP/1.1" 200 OK
INFO:     [IP-DISAMARKAN]:40742 - "GET /metrics HTTP/1.1" 307 Temporary Redirect
INFO:     [IP-DISAMARKAN]:40742 - "GET /metrics/ HTTP/1.1" 200 OK
INFO:     [IP-DISAMARKAN]:40512 - "GET /health HTTP/1.1" 200 OK
INFO:     [IP-DISAMARKAN]:46736 - "GET /metrics HTTP/1.1" 307 Temporary Redirect
INFO:     [IP-DISAMARKAN]:46736 - "GET /metrics/ HTTP/1.1" 200 OK
INFO:     127.0.0.1:58614 - "GET /health HTTP/1.1" 200 OK
INFO:     [IP-DISAMARKAN]:38782 - "GET /metrics HTTP/1.1" 307 Temporary Redirect
INFO:     [IP-DISAMARKAN]:38782 - "GET /metrics/ HTTP/1.1" 200 OK
INFO:     [IP-DISAMARKAN]:44478 - "GET /health HTTP/1.1" 200 OK
INFO:     [IP-DISAMARKAN]:46098 - "GET /metrics HTTP/1.1" 307 Temporary Redirect
INFO:     [IP-DISAMARKAN]:46098 - "GET /metrics/ HTTP/1.1" 200 OK
INFO:     127.0.0.1:46152 - "GET /health HTTP/1.1" 200 OK
INFO:     [IP-DISAMARKAN]:45904 - "GET /metrics HTTP/1.1" 307 Temporary Redirect
INFO:     [IP-DISAMARKAN]:45904 - "GET /metrics/ HTTP/1.1" 200 OK
INFO:     [IP-DISAMARKAN]:40692 - "GET /metrics HTTP/1.1" 307 Temporary Redirect
INFO:     [IP-DISAMARKAN]:40692 - "GET /metrics/ HTTP/1.1" 200 OK
INFO:     [IP-DISAMARKAN]:51210 - "GET /health HTTP/1.1" 200 OK
INFO:     127.0.0.1:48458 - "GET /health HTTP/1.1" 200 OK
INFO:     [IP-DISAMARKAN]:49246 - "GET /metrics HTTP/1.1" 307 Temporary Redirect
INFO:     [IP-DISAMARKAN]:49246 - "GET /metrics/ HTTP/1.1" 200 OK
INFO:     [IP-DISAMARKAN]:50486 - "GET /metrics HTTP/1.1" 307 Temporary Redirect
INFO:     [IP-DISAMARKAN]:50486 - "GET /metrics/ HTTP/1.1" 200 OK
INFO:     [IP-DISAMARKAN]:39800 - "GET /health HTTP/1.1" 200 OK
INFO:     127.0.0.1:49908 - "GET /health HTTP/1.1" 200 OK
INFO:     [IP-DISAMARKAN]:43542 - "GET /metrics HTTP/1.1" 307 Temporary Redirect
INFO:     [IP-DISAMARKAN]:43542 - "GET /metrics/ HTTP/1.1" 200 OK
INFO:     [IP-DISAMARKAN]:53068 - "GET /metrics HTTP/1.1" 307 Temporary Redirect
INFO:     [IP-DISAMARKAN]:53068 - "GET /metrics/ HTTP/1.1" 200 OK
INFO:     [IP-DISAMARKAN]:58602 - "GET /health HTTP/1.1" 200 OK
INFO:     127.0.0.1:46776 - "GET /health HTTP/1.1" 200 OK
INFO:     [IP-DISAMARKAN]:52924 - "GET /metrics HTTP/1.1" 307 Temporary Redirect
INFO:     [IP-DISAMARKAN]:52924 - "GET /metrics/ HTTP/1.1" 200 OK
INFO:     [IP-DISAMARKAN]:50100 - "GET /metrics HTTP/1.1" 307 Temporary Redirect
INFO:     [IP-DISAMARKAN]:50100 - "GET /metrics/ HTTP/1.1" 200 OK
INFO:     127.0.0.1:42852 - "GET /health HTTP/1.1" 200 OK
INFO:     [IP-DISAMARKAN]:37746 - "GET /metrics HTTP/1.1" 307 Temporary Redirect
INFO:     [IP-DISAMARKAN]:37746 - "GET /metrics/ HTTP/1.1" 200 OK
INFO:     [IP-DISAMARKAN]:59734 - "GET /health HTTP/1.1" 200 OK
INFO:     [IP-DISAMARKAN]:42726 - "GET /metrics HTTP/1.1" 307 Temporary Redirect
INFO:     [IP-DISAMARKAN]:42726 - "GET /metrics/ HTTP/1.1" 200 OK
INFO:     127.0.0.1:45782 - "GET /health HTTP/1.1" 200 OK
INFO:     [IP-DISAMARKAN]:46072 - "GET /metrics HTTP/1.1" 307 Temporary Redirect
INFO:     [IP-DISAMARKAN]:46072 - "GET /metrics/ HTTP/1.1" 200 OK
INFO:     [IP-DISAMARKAN]:49612 - "GET /health HTTP/1.1" 200 OK
INFO:     [IP-DISAMARKAN]:34534 - "GET /metrics HTTP/1.1" 307 Temporary Redirect
INFO:     [IP-DISAMARKAN]:34534 - "GET /metrics/ HTTP/1.1" 200 OK
INFO:     127.0.0.1:54050 - "GET /health HTTP/1.1" 200 OK
INFO:     [IP-DISAMARKAN]:40348 - "GET /metrics HTTP/1.1" 307 Temporary Redirect
INFO:     [IP-DISAMARKAN]:40348 - "GET /metrics/ HTTP/1.1" 200 OK
INFO:     [IP-DISAMARKAN]:56494 - "GET /health HTTP/1.1" 200 OK
INFO:     [IP-DISAMARKAN]:41196 - "GET /metrics HTTP/1.1" 307 Temporary Redirect
INFO:     [IP-DISAMARKAN]:41196 - "GET /metrics/ HTTP/1.1" 200 OK
INFO:     127.0.0.1:57662 - "GET /health HTTP/1.1" 200 OK
INFO:     [IP-DISAMARKAN]:41834 - "GET /metrics HTTP/1.1" 307 Temporary Redirect
INFO:     [IP-DISAMARKAN]:41834 - "GET /metrics/ HTTP/1.1" 200 OK
INFO:     [IP-DISAMARKAN]:52324 - "GET /health HTTP/1.1" 200 OK
INFO:     [IP-DISAMARKAN]:44986 - "GET /metrics HTTP/1.1" 307 Temporary Redirect
INFO:     [IP-DISAMARKAN]:44986 - "GET /metrics/ HTTP/1.1" 200 OK
INFO:     127.0.0.1:40002 - "GET /health HTTP/1.1" 200 OK
INFO:     [IP-DISAMARKAN]:46706 - "GET /metrics HTTP/1.1" 307 Temporary Redirect
INFO:     [IP-DISAMARKAN]:46706 - "GET /metrics/ HTTP/1.1" 200 OK
INFO:     [IP-DISAMARKAN]:39032 - "GET /health HTTP/1.1" 200 OK
INFO:     [IP-DISAMARKAN]:40500 - "GET /metrics HTTP/1.1" 307 Temporary Redirect
INFO:     [IP-DISAMARKAN]:40500 - "GET /metrics/ HTTP/1.1" 200 OK
INFO:     127.0.0.1:59180 - "GET /health HTTP/1.1" 200 OK
INFO:     [IP-DISAMARKAN]:33938 - "GET /metrics HTTP/1.1" 307 Temporary Redirect
INFO:     [IP-DISAMARKAN]:33938 - "GET /metrics/ HTTP/1.1" 200 OK
INFO:     [IP-DISAMARKAN]:44350 - "GET /health HTTP/1.1" 200 OK
INFO:     [IP-DISAMARKAN]:44612 - "GET /metrics HTTP/1.1" 307 Temporary Redirect
INFO:     [IP-DISAMARKAN]:44612 - "GET /metrics/ HTTP/1.1" 200 OK
INFO:     127.0.0.1:34942 - "GET /health HTTP/1.1" 200 OK
INFO:     [IP-DISAMARKAN]:60946 - "GET /metrics HTTP/1.1" 307 Temporary Redirect
INFO:     [IP-DISAMARKAN]:60946 - "GET /metrics/ HTTP/1.1" 200 OK
INFO:     [IP-DISAMARKAN]:34066 - "GET /health HTTP/1.1" 200 OK
INFO:     [IP-DISAMARKAN]:58610 - "GET /metrics HTTP/1.1" 307 Temporary Redirect
INFO:     [IP-DISAMARKAN]:58610 - "GET /metrics/ HTTP/1.1" 200 OK
INFO:     127.0.0.1:41406 - "GET /health HTTP/1.1" 200 OK
INFO:     [IP-DISAMARKAN]:37992 - "GET /metrics HTTP/1.1" 307 Temporary Redirect
INFO:     [IP-DISAMARKAN]:37992 - "GET /metrics/ HTTP/1.1" 200 OK
INFO:     [IP-DISAMARKAN]:58300 - "GET /health HTTP/1.1" 200 OK
INFO:     [IP-DISAMARKAN]:51406 - "GET /metrics HTTP/1.1" 307 Temporary Redirect
INFO:     [IP-DISAMARKAN]:51406 - "GET /metrics/ HTTP/1.1" 200 OK
INFO:     127.0.0.1:34552 - "GET /health HTTP/1.1" 200 OK
INFO:     [IP-DISAMARKAN]:38900 - "GET /metrics HTTP/1.1" 307 Temporary Redirect
INFO:     [IP-DISAMARKAN]:38900 - "GET /metrics/ HTTP/1.1" 200 OK
INFO:     [IP-DISAMARKAN]:57478 - "GET /health HTTP/1.1" 200 OK
INFO:     [IP-DISAMARKAN]:47866 - "GET /metrics HTTP/1.1" 307 Temporary Redirect
INFO:     [IP-DISAMARKAN]:47866 - "GET /metrics/ HTTP/1.1" 200 OK
INFO:     127.0.0.1:40366 - "GET /health HTTP/1.1" 200 OK
INFO:     [IP-DISAMARKAN]:48300 - "GET /metrics HTTP/1.1" 307 Temporary Redirect
INFO:     [IP-DISAMARKAN]:48300 - "GET /metrics/ HTTP/1.1" 200 OK
INFO:     [IP-DISAMARKAN]:56972 - "GET /health HTTP/1.1" 200 OK
INFO:     [IP-DISAMARKAN]:35594 - "GET /metrics HTTP/1.1" 307 Temporary Redirect
INFO:     [IP-DISAMARKAN]:35594 - "GET /metrics/ HTTP/1.1" 200 OK
INFO:     127.0.0.1:40766 - "GET /health HTTP/1.1" 200 OK
INFO:     [IP-DISAMARKAN]:60566 - "GET /metrics HTTP/1.1" 307 Temporary Redirect
INFO:     [IP-DISAMARKAN]:60566 - "GET /metrics/ HTTP/1.1" 200 OK
INFO:     [IP-DISAMARKAN]:56098 - "GET /health HTTP/1.1" 200 OK
INFO:     [IP-DISAMARKAN]:34952 - "GET /metrics HTTP/1.1" 307 Temporary Redirect
INFO:     [IP-DISAMARKAN]:34952 - "GET /metrics/ HTTP/1.1" 200 OK
INFO:     127.0.0.1:39056 - "GET /health HTTP/1.1" 200 OK
INFO:     [IP-DISAMARKAN]:38536 - "GET /metrics HTTP/1.1" 307 Temporary Redirect
INFO:     [IP-DISAMARKAN]:38536 - "GET /metrics/ HTTP/1.1" 200 OK
INFO:     [IP-DISAMARKAN]:56576 - "GET /health HTTP/1.1" 200 OK
INFO:     [IP-DISAMARKAN]:41292 - "GET /metrics HTTP/1.1" 307 Temporary Redirect
INFO:     [IP-DISAMARKAN]:41292 - "GET /metrics/ HTTP/1.1" 200 OK
INFO:     127.0.0.1:51916 - "GET /health HTTP/1.1" 200 OK
INFO:     [IP-DISAMARKAN]:42740 - "GET /metrics HTTP/1.1" 307 Temporary Redirect
INFO:     [IP-DISAMARKAN]:42740 - "GET /metrics/ HTTP/1.1" 200 OK
INFO:     [IP-DISAMARKAN]:51892 - "GET /health HTTP/1.1" 200 OK
INFO:     [IP-DISAMARKAN]:60262 - "GET /metrics HTTP/1.1" 307 Temporary Redirect
INFO:     [IP-DISAMARKAN]:60262 - "GET /metrics/ HTTP/1.1" 200 OK
INFO:     127.0.0.1:60852 - "GET /health HTTP/1.1" 200 OK
INFO:     [IP-DISAMARKAN]:58208 - "GET /metrics HTTP/1.1" 307 Temporary Redirect
INFO:     [IP-DISAMARKAN]:58208 - "GET /metrics/ HTTP/1.1" 200 OK
INFO:     [IP-DISAMARKAN]:58746 - "GET /health HTTP/1.1" 200 OK
INFO:     [IP-DISAMARKAN]:35730 - "GET /metrics HTTP/1.1" 307 Temporary Redirect
INFO:     [IP-DISAMARKAN]:35730 - "GET /metrics/ HTTP/1.1" 200 OK
INFO:     127.0.0.1:49958 - "GET /health HTTP/1.1" 200 OK
INFO:     [IP-DISAMARKAN]:47672 - "GET /metrics HTTP/1.1" 307 Temporary Redirect
INFO:     [IP-DISAMARKAN]:47672 - "GET /metrics/ HTTP/1.1" 200 OK
INFO:     [IP-DISAMARKAN]:60782 - "GET /health HTTP/1.1" 200 OK
INFO:     [IP-DISAMARKAN]:50282 - "GET /metrics HTTP/1.1" 307 Temporary Redirect
INFO:     [IP-DISAMARKAN]:50282 - "GET /metrics/ HTTP/1.1" 200 OK
INFO:     127.0.0.1:37682 - "GET /health HTTP/1.1" 200 OK
INFO:     [IP-DISAMARKAN]:59734 - "GET /metrics HTTP/1.1" 307 Temporary Redirect
INFO:     [IP-DISAMARKAN]:59734 - "GET /metrics/ HTTP/1.1" 200 OK
INFO:     [IP-DISAMARKAN]:50166 - "GET /health HTTP/1.1" 200 OK
INFO:     [IP-DISAMARKAN]:41840 - "GET /metrics HTTP/1.1" 307 Temporary Redirect
INFO:     [IP-DISAMARKAN]:41840 - "GET /metrics/ HTTP/1.1" 200 OK
INFO:     127.0.0.1:37826 - "GET /health HTTP/1.1" 200 OK
INFO:     [IP-DISAMARKAN]:34528 - "GET /metrics HTTP/1.1" 307 Temporary Redirect
INFO:     [IP-DISAMARKAN]:34528 - "GET /metrics/ HTTP/1.1" 200 OK
INFO:     [IP-DISAMARKAN]:33628 - "GET /health HTTP/1.1" 200 OK
INFO:     [IP-DISAMARKAN]:54962 - "GET /metrics HTTP/1.1" 307 Temporary Redirect
INFO:     [IP-DISAMARKAN]:54962 - "GET /metrics/ HTTP/1.1" 200 OK
INFO:     127.0.0.1:48130 - "GET /health HTTP/1.1" 200 OK
INFO:     [IP-DISAMARKAN]:58860 - "GET /metrics HTTP/1.1" 307 Temporary Redirect
INFO:     [IP-DISAMARKAN]:58860 - "GET /metrics/ HTTP/1.1" 200 OK
INFO:     [IP-DISAMARKAN]:44606 - "GET /health HTTP/1.1" 200 OK
INFO:     [IP-DISAMARKAN]:54314 - "GET /metrics HTTP/1.1" 307 Temporary Redirect
INFO:     [IP-DISAMARKAN]:54314 - "GET /metrics/ HTTP/1.1" 200 OK
INFO:     127.0.0.1:38714 - "GET /health HTTP/1.1" 200 OK
INFO:     [IP-DISAMARKAN]:54336 - "GET /metrics HTTP/1.1" 307 Temporary Redirect
INFO:     [IP-DISAMARKAN]:54336 - "GET /metrics/ HTTP/1.1" 200 OK
INFO:     [IP-DISAMARKAN]:38042 - "GET /health HTTP/1.1" 200 OK
INFO:     [IP-DISAMARKAN]:55698 - "GET /metrics HTTP/1.1" 307 Temporary Redirect
INFO:     [IP-DISAMARKAN]:55698 - "GET /metrics/ HTTP/1.1" 200 OK
INFO:     127.0.0.1:59090 - "GET /health HTTP/1.1" 200 OK
INFO:     [IP-DISAMARKAN]:52652 - "GET /metrics HTTP/1.1" 307 Temporary Redirect
INFO:     [IP-DISAMARKAN]:52652 - "GET /metrics/ HTTP/1.1" 200 OK
INFO:     [IP-DISAMARKAN]:45300 - "GET /health HTTP/1.1" 200 OK
INFO:     [IP-DISAMARKAN]:35910 - "GET /metrics HTTP/1.1" 307 Temporary Redirect
INFO:     [IP-DISAMARKAN]:35910 - "GET /metrics/ HTTP/1.1" 200 OK
INFO:     127.0.0.1:44226 - "GET /health HTTP/1.1" 200 OK
INFO:     [IP-DISAMARKAN]:39168 - "GET /metrics HTTP/1.1" 307 Temporary Redirect
INFO:     [IP-DISAMARKAN]:39168 - "GET /metrics/ HTTP/1.1" 200 OK
INFO:     [IP-DISAMARKAN]:36744 - "GET /health HTTP/1.1" 200 OK
INFO:     [IP-DISAMARKAN]:47356 - "GET /metrics HTTP/1.1" 307 Temporary Redirect
INFO:     [IP-DISAMARKAN]:47356 - "GET /metrics/ HTTP/1.1" 200 OK
INFO:     [IP-DISAMARKAN]:54318 - "GET /metrics HTTP/1.1" 307 Temporary Redirect
INFO:     [IP-DISAMARKAN]:54318 - "GET /metrics/ HTTP/1.1" 200 OK
INFO:     127.0.0.1:58592 - "GET /health HTTP/1.1" 200 OK
INFO:     [IP-DISAMARKAN]:59256 - "GET /metrics HTTP/1.1" 307 Temporary Redirect
INFO:     [IP-DISAMARKAN]:59256 - "GET /metrics/ HTTP/1.1" 200 OK
INFO:     [IP-DISAMARKAN]:49156 - "GET /health HTTP/1.1" 200 OK
INFO:     [IP-DISAMARKAN]:48726 - "GET /metrics HTTP/1.1" 307 Temporary Redirect
INFO:     [IP-DISAMARKAN]:48726 - "GET /metrics/ HTTP/1.1" 200 OK
INFO:     127.0.0.1:37866 - "GET /health HTTP/1.1" 200 OK
INFO:     [IP-DISAMARKAN]:55236 - "GET /metrics HTTP/1.1" 307 Temporary Redirect
INFO:     [IP-DISAMARKAN]:55236 - "GET /metrics/ HTTP/1.1" 200 OK
INFO:     [IP-DISAMARKAN]:43540 - "GET /health HTTP/1.1" 200 OK
INFO:     [IP-DISAMARKAN]:53442 - "GET /metrics HTTP/1.1" 307 Temporary Redirect
INFO:     [IP-DISAMARKAN]:53442 - "GET /metrics/ HTTP/1.1" 200 OK
INFO:     127.0.0.1:48248 - "GET /health HTTP/1.1" 200 OK
INFO:     [IP-DISAMARKAN]:41550 - "GET /metrics HTTP/1.1" 307 Temporary Redirect
INFO:     [IP-DISAMARKAN]:41550 - "GET /metrics/ HTTP/1.1" 200 OK
INFO:     [IP-DISAMARKAN]:49750 - "GET /health HTTP/1.1" 200 OK
INFO:     [IP-DISAMARKAN]:37566 - "GET /metrics HTTP/1.1" 307 Temporary Redirect
INFO:     [IP-DISAMARKAN]:37566 - "GET /metrics/ HTTP/1.1" 200 OK
INFO:     127.0.0.1:58894 - "GET /health HTTP/1.1" 200 OK
INFO:     [IP-DISAMARKAN]:41212 - "GET /metrics HTTP/1.1" 307 Temporary Redirect
INFO:     [IP-DISAMARKAN]:41212 - "GET /metrics/ HTTP/1.1" 200 OK
INFO:     [IP-DISAMARKAN]:59380 - "GET /metrics HTTP/1.1" 307 Temporary Redirect
INFO:     [IP-DISAMARKAN]:59380 - "GET /metrics/ HTTP/1.1" 200 OK
INFO:     127.0.0.1:55292 - "GET /health HTTP/1.1" 200 OK
INFO:     [IP-DISAMARKAN]:33762 - "GET /health HTTP/1.1" 200 OK
INFO:     [IP-DISAMARKAN]:42312 - "GET /metrics HTTP/1.1" 307 Temporary Redirect
INFO:     [IP-DISAMARKAN]:42312 - "GET /metrics/ HTTP/1.1" 200 OK
INFO:     [IP-DISAMARKAN]:38860 - "GET /metrics HTTP/1.1" 307 Temporary Redirect
INFO:     [IP-DISAMARKAN]:38860 - "GET /metrics/ HTTP/1.1" 200 OK
INFO:     127.0.0.1:36122 - "GET /health HTTP/1.1" 200 OK
INFO:     [IP-DISAMARKAN]:33886 - "GET /health HTTP/1.1" 200 OK
INFO:     [IP-DISAMARKAN]:42964 - "GET /metrics HTTP/1.1" 307 Temporary Redirect
INFO:     [IP-DISAMARKAN]:42964 - "GET /metrics/ HTTP/1.1" 200 OK
INFO:     [IP-DISAMARKAN]:52306 - "GET /metrics HTTP/1.1" 307 Temporary Redirect
INFO:     [IP-DISAMARKAN]:52306 - "GET /metrics/ HTTP/1.1" 200 OK
INFO:     127.0.0.1:60482 - "GET /health HTTP/1.1" 200 OK
INFO:     [IP-DISAMARKAN]:50084 - "GET /health HTTP/1.1" 200 OK
INFO:     [IP-DISAMARKAN]:55354 - "GET /metrics HTTP/1.1" 307 Temporary Redirect
INFO:     [IP-DISAMARKAN]:55354 - "GET /metrics/ HTTP/1.1" 200 OK
INFO:     [IP-DISAMARKAN]:37688 - "GET /metrics HTTP/1.1" 307 Temporary Redirect
INFO:     [IP-DISAMARKAN]:37688 - "GET /metrics/ HTTP/1.1" 200 OK
INFO:     127.0.0.1:33636 - "GET /health HTTP/1.1" 200 OK
INFO:     [IP-DISAMARKAN]:42858 - "GET /metrics HTTP/1.1" 307 Temporary Redirect
INFO:     [IP-DISAMARKAN]:42858 - "GET /metrics/ HTTP/1.1" 200 OK
INFO:     [IP-DISAMARKAN]:45190 - "GET /health HTTP/1.1" 200 OK
INFO:     [IP-DISAMARKAN]:40430 - "GET /metrics HTTP/1.1" 307 Temporary Redirect
INFO:     [IP-DISAMARKAN]:40430 - "GET /metrics/ HTTP/1.1" 200 OK
INFO:     127.0.0.1:32834 - "GET /health HTTP/1.1" 200 OK
INFO:     [IP-DISAMARKAN]:53126 - "GET /metrics HTTP/1.1" 307 Temporary Redirect
INFO:     [IP-DISAMARKAN]:53126 - "GET /metrics/ HTTP/1.1" 200 OK
INFO:     [IP-DISAMARKAN]:35968 - "GET /health HTTP/1.1" 200 OK
INFO:     [IP-DISAMARKAN]:43190 - "GET /metrics HTTP/1.1" 307 Temporary Redirect
INFO:     [IP-DISAMARKAN]:43190 - "GET /metrics/ HTTP/1.1" 200 OK
INFO:     127.0.0.1:53814 - "GET /health HTTP/1.1" 200 OK
INFO:     [IP-DISAMARKAN]:45426 - "GET /metrics HTTP/1.1" 307 Temporary Redirect
INFO:     [IP-DISAMARKAN]:45426 - "GET /metrics/ HTTP/1.1" 200 OK
INFO:     [IP-DISAMARKAN]:34586 - "GET /health HTTP/1.1" 200 OK
INFO:     [IP-DISAMARKAN]:43566 - "GET /metrics HTTP/1.1" 307 Temporary Redirect
INFO:     [IP-DISAMARKAN]:43566 - "GET /metrics/ HTTP/1.1" 200 OK
INFO:     127.0.0.1:54926 - "GET /health HTTP/1.1" 200 OK
INFO:     [IP-DISAMARKAN]:53462 - "GET /metrics HTTP/1.1" 307 Temporary Redirect
INFO:     [IP-DISAMARKAN]:53462 - "GET /metrics/ HTTP/1.1" 200 OK
INFO:     [IP-DISAMARKAN]:43090 - "GET /metrics HTTP/1.1" 307 Temporary Redirect
INFO:     [IP-DISAMARKAN]:43090 - "GET /metrics/ HTTP/1.1" 200 OK
INFO:     [IP-DISAMARKAN]:43808 - "GET /health HTTP/1.1" 200 OK
INFO:     127.0.0.1:58634 - "GET /health HTTP/1.1" 200 OK
INFO:     [IP-DISAMARKAN]:57376 - "GET /metrics HTTP/1.1" 307 Temporary Redirect
INFO:     [IP-DISAMARKAN]:57376 - "GET /metrics/ HTTP/1.1" 200 OK
INFO:     [IP-DISAMARKAN]:41000 - "GET /metrics HTTP/1.1" 307 Temporary Redirect
INFO:     [IP-DISAMARKAN]:41000 - "GET /metrics/ HTTP/1.1" 200 OK
INFO:     127.0.0.1:47842 - "GET /health HTTP/1.1" 200 OK
INFO:     [IP-DISAMARKAN]:42406 - "GET /health HTTP/1.1" 200 OK
INFO:     [IP-DISAMARKAN]:60548 - "GET /metrics HTTP/1.1" 307 Temporary Redirect
INFO:     [IP-DISAMARKAN]:60548 - "GET /metrics/ HTTP/1.1" 200 OK
INFO:     [IP-DISAMARKAN]:56042 - "GET /metrics HTTP/1.1" 307 Temporary Redirect
INFO:     [IP-DISAMARKAN]:56042 - "GET /metrics/ HTTP/1.1" 200 OK
INFO:     127.0.0.1:54672 - "GET /health HTTP/1.1" 200 OK
INFO:     [IP-DISAMARKAN]:58842 - "GET /health HTTP/1.1" 200 OK
INFO:     [IP-DISAMARKAN]:39462 - "GET /metrics HTTP/1.1" 307 Temporary Redirect
INFO:     [IP-DISAMARKAN]:39462 - "GET /metrics/ HTTP/1.1" 200 OK
INFO:     [IP-DISAMARKAN]:42846 - "GET /metrics HTTP/1.1" 307 Temporary Redirect
INFO:     [IP-DISAMARKAN]:42846 - "GET /metrics/ HTTP/1.1" 200 OK
INFO:     127.0.0.1:45170 - "GET /health HTTP/1.1" 200 OK
INFO:     [IP-DISAMARKAN]:41972 - "GET /metrics HTTP/1.1" 307 Temporary Redirect
INFO:     [IP-DISAMARKAN]:41972 - "GET /metrics/ HTTP/1.1" 200 OK
INFO:     [IP-DISAMARKAN]:47918 - "GET /health HTTP/1.1" 200 OK
INFO:     [IP-DISAMARKAN]:59212 - "GET /metrics HTTP/1.1" 307 Temporary Redirect
INFO:     [IP-DISAMARKAN]:59212 - "GET /metrics/ HTTP/1.1" 200 OK
INFO:     127.0.0.1:45210 - "GET /health HTTP/1.1" 200 OK
INFO:     [IP-DISAMARKAN]:47594 - "GET /metrics HTTP/1.1" 307 Temporary Redirect
INFO:     [IP-DISAMARKAN]:47594 - "GET /metrics/ HTTP/1.1" 200 OK
INFO:     [IP-DISAMARKAN]:38584 - "GET /health HTTP/1.1" 200 OK
INFO:     [IP-DISAMARKAN]:46560 - "GET /metrics HTTP/1.1" 307 Temporary Redirect
INFO:     [IP-DISAMARKAN]:46560 - "GET /metrics/ HTTP/1.1" 200 OK
INFO:     127.0.0.1:42812 - "GET /health HTTP/1.1" 200 OK
INFO:     [IP-DISAMARKAN]:49558 - "GET /metrics HTTP/1.1" 307 Temporary Redirect
INFO:     [IP-DISAMARKAN]:49558 - "GET /metrics/ HTTP/1.1" 200 OK
INFO:     [IP-DISAMARKAN]:58084 - "GET /health HTTP/1.1" 200 OK
INFO:     [IP-DISAMARKAN]:54686 - "GET /metrics HTTP/1.1" 307 Temporary Redirect
INFO:     [IP-DISAMARKAN]:54686 - "GET /metrics/ HTTP/1.1" 200 OK
INFO:     127.0.0.1:59854 - "GET /health HTTP/1.1" 200 OK
INFO:     [IP-DISAMARKAN]:44836 - "GET /metrics HTTP/1.1" 307 Temporary Redirect
INFO:     [IP-DISAMARKAN]:44836 - "GET /metrics/ HTTP/1.1" 200 OK
INFO:     [IP-DISAMARKAN]:40610 - "GET /health HTTP/1.1" 200 OK
INFO:     [IP-DISAMARKAN]:46412 - "GET /metrics HTTP/1.1" 307 Temporary Redirect
INFO:     [IP-DISAMARKAN]:46412 - "GET /metrics/ HTTP/1.1" 200 OK
INFO:     127.0.0.1:42262 - "GET /health HTTP/1.1" 200 OK
INFO:     [IP-DISAMARKAN]:44994 - "GET /metrics HTTP/1.1" 307 Temporary Redirect
INFO:     [IP-DISAMARKAN]:44994 - "GET /metrics/ HTTP/1.1" 200 OK
INFO:     [IP-DISAMARKAN]:51132 - "GET /health HTTP/1.1" 200 OK
INFO:     [IP-DISAMARKAN]:57380 - "GET /metrics HTTP/1.1" 307 Temporary Redirect
INFO:     [IP-DISAMARKAN]:57380 - "GET /metrics/ HTTP/1.1" 200 OK
INFO:     127.0.0.1:42646 - "GET /health HTTP/1.1" 200 OK
INFO:     [IP-DISAMARKAN]:60070 - "GET /metrics HTTP/1.1" 307 Temporary Redirect
INFO:     [IP-DISAMARKAN]:60070 - "GET /metrics/ HTTP/1.1" 200 OK
INFO:     [IP-DISAMARKAN]:46532 - "GET /health HTTP/1.1" 200 OK
INFO:     [IP-DISAMARKAN]:33664 - "GET /metrics HTTP/1.1" 307 Temporary Redirect
INFO:     [IP-DISAMARKAN]:33664 - "GET /metrics/ HTTP/1.1" 200 OK
INFO:     127.0.0.1:52476 - "GET /health HTTP/1.1" 200 OK
INFO:     [IP-DISAMARKAN]:49938 - "GET /metrics HTTP/1.1" 307 Temporary Redirect
INFO:     [IP-DISAMARKAN]:49938 - "GET /metrics/ HTTP/1.1" 200 OK
INFO:     [IP-DISAMARKAN]:36196 - "GET /health HTTP/1.1" 200 OK
INFO:     [IP-DISAMARKAN]:57608 - "GET /metrics HTTP/1.1" 307 Temporary Redirect
INFO:     [IP-DISAMARKAN]:57608 - "GET /metrics/ HTTP/1.1" 200 OK
INFO:     127.0.0.1:42478 - "GET /health HTTP/1.1" 200 OK
INFO:     [IP-DISAMARKAN]:55744 - "GET /metrics HTTP/1.1" 307 Temporary Redirect
INFO:     [IP-DISAMARKAN]:55744 - "GET /metrics/ HTTP/1.1" 200 OK
INFO:     [IP-DISAMARKAN]:46324 - "GET /health HTTP/1.1" 200 OK
INFO:     [IP-DISAMARKAN]:54588 - "GET /metrics HTTP/1.1" 307 Temporary Redirect
INFO:     [IP-DISAMARKAN]:54588 - "GET /metrics/ HTTP/1.1" 200 OK
INFO:     127.0.0.1:43498 - "GET /health HTTP/1.1" 200 OK
INFO:     [IP-DISAMARKAN]:34206 - "GET /metrics HTTP/1.1" 307 Temporary Redirect
INFO:     [IP-DISAMARKAN]:34206 - "GET /metrics/ HTTP/1.1" 200 OK
INFO:     [IP-DISAMARKAN]:46292 - "GET /health HTTP/1.1" 200 OK
INFO:     [IP-DISAMARKAN]:58602 - "GET /metrics HTTP/1.1" 307 Temporary Redirect
INFO:     [IP-DISAMARKAN]:58602 - "GET /metrics/ HTTP/1.1" 200 OK
INFO:     127.0.0.1:47098 - "GET /health HTTP/1.1" 200 OK
INFO:     [IP-DISAMARKAN]:60360 - "GET /metrics HTTP/1.1" 307 Temporary Redirect
INFO:     [IP-DISAMARKAN]:60360 - "GET /metrics/ HTTP/1.1" 200 OK
INFO:     [IP-DISAMARKAN]:54250 - "GET /health HTTP/1.1" 200 OK
INFO:     [IP-DISAMARKAN]:37562 - "GET /metrics HTTP/1.1" 307 Temporary Redirect
INFO:     [IP-DISAMARKAN]:37562 - "GET /metrics/ HTTP/1.1" 200 OK
INFO:     127.0.0.1:40528 - "GET /health HTTP/1.1" 200 OK
INFO:     [IP-DISAMARKAN]:38488 - "GET /metrics HTTP/1.1" 307 Temporary Redirect
INFO:     [IP-DISAMARKAN]:38488 - "GET /metrics/ HTTP/1.1" 200 OK
INFO:     [IP-DISAMARKAN]:40248 - "GET /health HTTP/1.1" 200 OK
INFO:     [IP-DISAMARKAN]:59176 - "GET /metrics HTTP/1.1" 307 Temporary Redirect
INFO:     [IP-DISAMARKAN]:59176 - "GET /metrics/ HTTP/1.1" 200 OK
INFO:     127.0.0.1:44464 - "GET /health HTTP/1.1" 200 OK
INFO:     [IP-DISAMARKAN]:57976 - "GET /metrics HTTP/1.1" 307 Temporary Redirect
INFO:     [IP-DISAMARKAN]:57976 - "GET /metrics/ HTTP/1.1" 200 OK
INFO:     [IP-DISAMARKAN]:37174 - "GET /health HTTP/1.1" 200 OK
INFO:     [IP-DISAMARKAN]:36218 - "GET /metrics HTTP/1.1" 307 Temporary Redirect
INFO:     [IP-DISAMARKAN]:36218 - "GET /metrics/ HTTP/1.1" 200 OK
INFO:     127.0.0.1:38924 - "GET /health HTTP/1.1" 200 OK
INFO:     [IP-DISAMARKAN]:60382 - "GET /metrics HTTP/1.1" 307 Temporary Redirect
INFO:     [IP-DISAMARKAN]:60382 - "GET /metrics/ HTTP/1.1" 200 OK
INFO:     [IP-DISAMARKAN]:37002 - "GET /health HTTP/1.1" 200 OK
INFO:     [IP-DISAMARKAN]:37416 - "GET /metrics HTTP/1.1" 307 Temporary Redirect
INFO:     [IP-DISAMARKAN]:37416 - "GET /metrics/ HTTP/1.1" 200 OK
INFO:     127.0.0.1:50196 - "GET /health HTTP/1.1" 200 OK
INFO:     [IP-DISAMARKAN]:33466 - "GET /metrics HTTP/1.1" 307 Temporary Redirect
INFO:     [IP-DISAMARKAN]:33466 - "GET /metrics/ HTTP/1.1" 200 OK
INFO:     [IP-DISAMARKAN]:59894 - "GET /health HTTP/1.1" 200 OK
INFO:     [IP-DISAMARKAN]:48178 - "GET /metrics HTTP/1.1" 307 Temporary Redirect
INFO:     [IP-DISAMARKAN]:48178 - "GET /metrics/ HTTP/1.1" 200 OK
INFO:     127.0.0.1:33778 - "GET /health HTTP/1.1" 200 OK
INFO:     [IP-DISAMARKAN]:34946 - "GET /metrics HTTP/1.1" 307 Temporary Redirect
INFO:     [IP-DISAMARKAN]:34946 - "GET /metrics/ HTTP/1.1" 200 OK
INFO:     [IP-DISAMARKAN]:55526 - "GET /health HTTP/1.1" 200 OK
INFO:     [IP-DISAMARKAN]:40548 - "GET /metrics HTTP/1.1" 307 Temporary Redirect
INFO:     [IP-DISAMARKAN]:40548 - "GET /metrics/ HTTP/1.1" 200 OK
INFO:     127.0.0.1:52394 - "GET /health HTTP/1.1" 200 OK
INFO:     [IP-DISAMARKAN]:46438 - "GET /metrics HTTP/1.1" 307 Temporary Redirect
INFO:     [IP-DISAMARKAN]:46438 - "GET /metrics/ HTTP/1.1" 200 OK
INFO:     [IP-DISAMARKAN]:60474 - "GET /health HTTP/1.1" 200 OK
INFO:     [IP-DISAMARKAN]:60178 - "GET /metrics HTTP/1.1" 307 Temporary Redirect
INFO:     [IP-DISAMARKAN]:60178 - "GET /metrics/ HTTP/1.1" 200 OK
INFO:     127.0.0.1:56670 - "GET /health HTTP/1.1" 200 OK
INFO:     [IP-DISAMARKAN]:40094 - "GET /metrics HTTP/1.1" 307 Temporary Redirect
INFO:     [IP-DISAMARKAN]:40094 - "GET /metrics/ HTTP/1.1" 200 OK
INFO:     [IP-DISAMARKAN]:58724 - "GET /health HTTP/1.1" 200 OK
INFO:     [IP-DISAMARKAN]:39074 - "GET /metrics HTTP/1.1" 307 Temporary Redirect
INFO:     [IP-DISAMARKAN]:39074 - "GET /metrics/ HTTP/1.1" 200 OK
INFO:     127.0.0.1:37390 - "GET /health HTTP/1.1" 200 OK
INFO:     [IP-DISAMARKAN]:40278 - "GET /metrics HTTP/1.1" 307 Temporary Redirect
INFO:     [IP-DISAMARKAN]:40278 - "GET /metrics/ HTTP/1.1" 200 OK
INFO:     [IP-DISAMARKAN]:53528 - "GET /health HTTP/1.1" 200 OK
INFO:     [IP-DISAMARKAN]:43574 - "GET /metrics HTTP/1.1" 307 Temporary Redirect
INFO:     [IP-DISAMARKAN]:43574 - "GET /metrics/ HTTP/1.1" 200 OK
INFO:     127.0.0.1:38104 - "GET /health HTTP/1.1" 200 OK
INFO:     [IP-DISAMARKAN]:33340 - "GET /metrics HTTP/1.1" 307 Temporary Redirect
INFO:     [IP-DISAMARKAN]:33340 - "GET /metrics/ HTTP/1.1" 200 OK
INFO:     [IP-DISAMARKAN]:55652 - "GET /health HTTP/1.1" 200 OK
INFO:     [IP-DISAMARKAN]:35398 - "GET /metrics HTTP/1.1" 307 Temporary Redirect
INFO:     [IP-DISAMARKAN]:35398 - "GET /metrics/ HTTP/1.1" 200 OK
INFO:     127.0.0.1:38820 - "GET /health HTTP/1.1" 200 OK
INFO:     [IP-DISAMARKAN]:58624 - "GET /metrics HTTP/1.1" 307 Temporary Redirect
INFO:     [IP-DISAMARKAN]:58624 - "GET /metrics/ HTTP/1.1" 200 OK
INFO:     [IP-DISAMARKAN]:46088 - "GET /health HTTP/1.1" 200 OK
INFO:     [IP-DISAMARKAN]:56672 - "GET /metrics HTTP/1.1" 307 Temporary Redirect
INFO:     [IP-DISAMARKAN]:56672 - "GET /metrics/ HTTP/1.1" 200 OK
INFO:     127.0.0.1:37898 - "GET /health HTTP/1.1" 200 OK
INFO:     [IP-DISAMARKAN]:58852 - "GET /metrics HTTP/1.1" 307 Temporary Redirect
INFO:     [IP-DISAMARKAN]:58852 - "GET /metrics/ HTTP/1.1" 200 OK
INFO:     [IP-DISAMARKAN]:38990 - "GET /health HTTP/1.1" 200 OK
INFO:     [IP-DISAMARKAN]:49812 - "GET /metrics HTTP/1.1" 307 Temporary Redirect
INFO:     [IP-DISAMARKAN]:49812 - "GET /metrics/ HTTP/1.1" 200 OK
INFO:     127.0.0.1:53980 - "GET /health HTTP/1.1" 200 OK
INFO:     [IP-DISAMARKAN]:51098 - "GET /metrics HTTP/1.1" 307 Temporary Redirect
INFO:     [IP-DISAMARKAN]:51098 - "GET /metrics/ HTTP/1.1" 200 OK
INFO:     [IP-DISAMARKAN]:40014 - "GET /health HTTP/1.1" 200 OK
INFO:     [IP-DISAMARKAN]:53964 - "GET /metrics HTTP/1.1" 307 Temporary Redirect
INFO:     [IP-DISAMARKAN]:53964 - "GET /metrics/ HTTP/1.1" 200 OK
INFO:     127.0.0.1:55178 - "GET /health HTTP/1.1" 200 OK
INFO:     [IP-DISAMARKAN]:44156 - "GET /metrics HTTP/1.1" 307 Temporary Redirect
INFO:     [IP-DISAMARKAN]:44156 - "GET /metrics/ HTTP/1.1" 200 OK
INFO:     [IP-DISAMARKAN]:57620 - "GET /metrics HTTP/1.1" 307 Temporary Redirect
INFO:     [IP-DISAMARKAN]:57620 - "GET /metrics/ HTTP/1.1" 200 OK
INFO:     [IP-DISAMARKAN]:42752 - "GET /health HTTP/1.1" 200 OK
INFO:     127.0.0.1:36808 - "GET /health HTTP/1.1" 200 OK
INFO:     [IP-DISAMARKAN]:57106 - "GET /metrics HTTP/1.1" 307 Temporary Redirect
INFO:     [IP-DISAMARKAN]:57106 - "GET /metrics/ HTTP/1.1" 200 OK
INFO:     [IP-DISAMARKAN]:48450 - "GET /metrics HTTP/1.1" 307 Temporary Redirect
INFO:     [IP-DISAMARKAN]:48450 - "GET /metrics/ HTTP/1.1" 200 OK
INFO:     [IP-DISAMARKAN]:40880 - "GET /health HTTP/1.1" 200 OK
INFO:     127.0.0.1:41518 - "GET /health HTTP/1.1" 200 OK
INFO:     [IP-DISAMARKAN]:54878 - "GET /metrics HTTP/1.1" 307 Temporary Redirect
INFO:     [IP-DISAMARKAN]:54878 - "GET /metrics/ HTTP/1.1" 200 OK
INFO:     [IP-DISAMARKAN]:41444 - "GET /metrics HTTP/1.1" 307 Temporary Redirect
INFO:     [IP-DISAMARKAN]:41444 - "GET /metrics/ HTTP/1.1" 200 OK
INFO:     127.0.0.1:58158 - "GET /health HTTP/1.1" 200 OK
INFO:     [IP-DISAMARKAN]:60432 - "GET /health HTTP/1.1" 200 OK
INFO:     [IP-DISAMARKAN]:38210 - "GET /metrics HTTP/1.1" 307 Temporary Redirect
INFO:     [IP-DISAMARKAN]:38210 - "GET /metrics/ HTTP/1.1" 200 OK
INFO:     [IP-DISAMARKAN]:37146 - "GET /metrics HTTP/1.1" 307 Temporary Redirect
INFO:     [IP-DISAMARKAN]:37146 - "GET /metrics/ HTTP/1.1" 200 OK
INFO:     127.0.0.1:48172 - "GET /health HTTP/1.1" 200 OK
INFO:     [IP-DISAMARKAN]:45886 - "GET /health HTTP/1.1" 200 OK
INFO:     [IP-DISAMARKAN]:52498 - "GET /metrics HTTP/1.1" 307 Temporary Redirect
INFO:     [IP-DISAMARKAN]:52498 - "GET /metrics/ HTTP/1.1" 200 OK
INFO:     [IP-DISAMARKAN]:44782 - "GET /metrics HTTP/1.1" 307 Temporary Redirect
INFO:     [IP-DISAMARKAN]:44782 - "GET /metrics/ HTTP/1.1" 200 OK
INFO:     127.0.0.1:36508 - "GET /health HTTP/1.1" 200 OK
INFO:     [IP-DISAMARKAN]:37254 - "GET /metrics HTTP/1.1" 307 Temporary Redirect
INFO:     [IP-DISAMARKAN]:37254 - "GET /metrics/ HTTP/1.1" 200 OK
INFO:     [IP-DISAMARKAN]:59680 - "GET /health HTTP/1.1" 200 OK
INFO:     [IP-DISAMARKAN]:56918 - "GET /metrics HTTP/1.1" 307 Temporary Redirect
INFO:     [IP-DISAMARKAN]:56918 - "GET /metrics/ HTTP/1.1" 200 OK
INFO:     127.0.0.1:46368 - "GET /health HTTP/1.1" 200 OK
INFO:     [IP-DISAMARKAN]:47012 - "GET /metrics HTTP/1.1" 307 Temporary Redirect
INFO:     [IP-DISAMARKAN]:47012 - "GET /metrics/ HTTP/1.1" 200 OK
INFO:     [IP-DISAMARKAN]:39058 - "GET /health HTTP/1.1" 200 OK
INFO:     [IP-DISAMARKAN]:53532 - "GET /metrics HTTP/1.1" 307 Temporary Redirect
INFO:     [IP-DISAMARKAN]:53532 - "GET /metrics/ HTTP/1.1" 200 OK
INFO:     127.0.0.1:33510 - "GET /health HTTP/1.1" 200 OK
INFO:     [IP-DISAMARKAN]:49154 - "GET /metrics HTTP/1.1" 307 Temporary Redirect
INFO:     [IP-DISAMARKAN]:49154 - "GET /metrics/ HTTP/1.1" 200 OK
INFO:     [IP-DISAMARKAN]:54962 - "GET /metrics HTTP/1.1" 307 Temporary Redirect
INFO:     [IP-DISAMARKAN]:54962 - "GET /metrics/ HTTP/1.1" 200 OK
INFO:     [IP-DISAMARKAN]:47470 - "GET /health HTTP/1.1" 200 OK
INFO:     127.0.0.1:44054 - "GET /health HTTP/1.1" 200 OK
INFO:     [IP-DISAMARKAN]:44472 - "GET /metrics HTTP/1.1" 307 Temporary Redirect
INFO:     [IP-DISAMARKAN]:44472 - "GET /metrics/ HTTP/1.1" 200 OK
INFO:     [IP-DISAMARKAN]:42394 - "GET /metrics HTTP/1.1" 307 Temporary Redirect
INFO:     [IP-DISAMARKAN]:42394 - "GET /metrics/ HTTP/1.1" 200 OK
INFO:     [IP-DISAMARKAN]:55626 - "GET /health HTTP/1.1" 200 OK
INFO:     127.0.0.1:49986 - "GET /health HTTP/1.1" 200 OK
INFO:     [IP-DISAMARKAN]:36666 - "GET /metrics HTTP/1.1" 307 Temporary Redirect
INFO:     [IP-DISAMARKAN]:36666 - "GET /metrics/ HTTP/1.1" 200 OK
INFO:     [IP-DISAMARKAN]:41728 - "GET /metrics HTTP/1.1" 307 Temporary Redirect
INFO:     [IP-DISAMARKAN]:41728 - "GET /metrics/ HTTP/1.1" 200 OK
INFO:     127.0.0.1:38128 - "GET /health HTTP/1.1" 200 OK
INFO:     [IP-DISAMARKAN]:54206 - "GET /health HTTP/1.1" 200 OK
INFO:     [IP-DISAMARKAN]:36708 - "GET /metrics HTTP/1.1" 307 Temporary Redirect
INFO:     [IP-DISAMARKAN]:36708 - "GET /metrics/ HTTP/1.1" 200 OK
INFO:     [IP-DISAMARKAN]:36840 - "GET /metrics HTTP/1.1" 307 Temporary Redirect
INFO:     [IP-DISAMARKAN]:36840 - "GET /metrics/ HTTP/1.1" 200 OK
INFO:     127.0.0.1:41694 - "GET /health HTTP/1.1" 200 OK
INFO:     [IP-DISAMARKAN]:39460 - "GET /health HTTP/1.1" 200 OK
INFO:     [IP-DISAMARKAN]:40030 - "GET /metrics HTTP/1.1" 307 Temporary Redirect
INFO:     [IP-DISAMARKAN]:40030 - "GET /metrics/ HTTP/1.1" 200 OK
INFO:     [IP-DISAMARKAN]:39896 - "GET /metrics HTTP/1.1" 307 Temporary Redirect
INFO:     [IP-DISAMARKAN]:39896 - "GET /metrics/ HTTP/1.1" 200 OK
INFO:     127.0.0.1:34366 - "GET /health HTTP/1.1" 200 OK
INFO:     [IP-DISAMARKAN]:52648 - "GET /metrics HTTP/1.1" 307 Temporary Redirect
INFO:     [IP-DISAMARKAN]:52648 - "GET /metrics/ HTTP/1.1" 200 OK
INFO:     [IP-DISAMARKAN]:42840 - "GET /health HTTP/1.1" 200 OK
INFO:     [IP-DISAMARKAN]:46948 - "GET /metrics HTTP/1.1" 307 Temporary Redirect
INFO:     [IP-DISAMARKAN]:46948 - "GET /metrics/ HTTP/1.1" 200 OK
INFO:     127.0.0.1:45148 - "GET /health HTTP/1.1" 200 OK
INFO:     [IP-DISAMARKAN]:50010 - "GET /metrics HTTP/1.1" 307 Temporary Redirect
INFO:     [IP-DISAMARKAN]:50010 - "GET /metrics/ HTTP/1.1" 200 OK
INFO:     [IP-DISAMARKAN]:53678 - "GET /health HTTP/1.1" 200 OK
INFO:     [IP-DISAMARKAN]:51242 - "GET /metrics HTTP/1.1" 307 Temporary Redirect
INFO:     [IP-DISAMARKAN]:51242 - "GET /metrics/ HTTP/1.1" 200 OK
INFO:     127.0.0.1:37426 - "GET /health HTTP/1.1" 200 OK
INFO:     [IP-DISAMARKAN]:58588 - "GET /metrics HTTP/1.1" 307 Temporary Redirect
INFO:     [IP-DISAMARKAN]:58588 - "GET /metrics/ HTTP/1.1" 200 OK
INFO:     [IP-DISAMARKAN]:36158 - "GET /health HTTP/1.1" 200 OK
INFO:     [IP-DISAMARKAN]:36682 - "GET /metrics HTTP/1.1" 307 Temporary Redirect
INFO:     [IP-DISAMARKAN]:36682 - "GET /metrics/ HTTP/1.1" 200 OK
INFO:     127.0.0.1:60996 - "GET /health HTTP/1.1" 200 OK
INFO:     [IP-DISAMARKAN]:42130 - "GET /metrics HTTP/1.1" 307 Temporary Redirect
INFO:     [IP-DISAMARKAN]:42130 - "GET /metrics/ HTTP/1.1" 200 OK
INFO:     [IP-DISAMARKAN]:51590 - "GET /metrics HTTP/1.1" 307 Temporary Redirect
INFO:     [IP-DISAMARKAN]:51590 - "GET /metrics/ HTTP/1.1" 200 OK
INFO:     [IP-DISAMARKAN]:54838 - "GET /health HTTP/1.1" 200 OK
INFO:     127.0.0.1:36350 - "GET /health HTTP/1.1" 200 OK
INFO:     [IP-DISAMARKAN]:52392 - "GET /metrics HTTP/1.1" 307 Temporary Redirect
INFO:     [IP-DISAMARKAN]:52392 - "GET /metrics/ HTTP/1.1" 200 OK
INFO:     [IP-DISAMARKAN]:60096 - "GET /metrics HTTP/1.1" 307 Temporary Redirect
INFO:     [IP-DISAMARKAN]:60096 - "GET /metrics/ HTTP/1.1" 200 OK
INFO:     [IP-DISAMARKAN]:39816 - "GET /health HTTP/1.1" 200 OK
INFO:     127.0.0.1:39804 - "GET /health HTTP/1.1" 200 OK
INFO:     [IP-DISAMARKAN]:55330 - "GET /metrics HTTP/1.1" 307 Temporary Redirect
INFO:     [IP-DISAMARKAN]:55330 - "GET /metrics/ HTTP/1.1" 200 OK
INFO:     [IP-DISAMARKAN]:49138 - "GET /metrics HTTP/1.1" 307 Temporary Redirect
INFO:     [IP-DISAMARKAN]:49138 - "GET /metrics/ HTTP/1.1" 200 OK
INFO:     [IP-DISAMARKAN]:40588 - "GET /health HTTP/1.1" 200 OK
INFO:     127.0.0.1:58438 - "GET /health HTTP/1.1" 200 OK
INFO:     [IP-DISAMARKAN]:55070 - "GET /metrics HTTP/1.1" 307 Temporary Redirect
INFO:     [IP-DISAMARKAN]:55070 - "GET /metrics/ HTTP/1.1" 200 OK