1782606931 container exec_die 394562a6d02880fcf8b0c1db2385e6ac6cfa108ab28e1326eaab532cc2f30ee0
1782606933 container exec_create: /bin/sh -c pg_isready -U postgres -d temandifa 1ec194d5b8020f6269174c22f5f0ad237397ab2c31b86dc2c395f92fda15c1f4
1782606933 container exec_start: /bin/sh -c pg_isready -U postgres -d temandifa 1ec194d5b8020f6269174c22f5f0ad237397ab2c31b86dc2c395f92fda15c1f4
1782606933 container exec_die 1ec194d5b8020f6269174c22f5f0ad237397ab2c31b86dc2c395f92fda15c1f4
1782606940 container exec_create: python3 -c import urllib.request; urllib.request.urlopen('http://localhost:8001/health') 1f0bb9cdfe4b69b085e665dc99bd9d1e392f9a0dd455be24dbf590f611008ce4
1782606940 container exec_start: python3 -c import urllib.request; urllib.request.urlopen('http://localhost:8001/health') 1f0bb9cdfe4b69b085e665dc99bd9d1e392f9a0dd455be24dbf590f611008ce4
1782606940 container exec_die 1f0bb9cdfe4b69b085e665dc99bd9d1e392f9a0dd455be24dbf590f611008ce4
1782606941 container exec_create: redis-cli ping 394562a6d02880fcf8b0c1db2385e6ac6cfa108ab28e1326eaab532cc2f30ee0
1782606941 container exec_start: redis-cli ping 394562a6d02880fcf8b0c1db2385e6ac6cfa108ab28e1326eaab532cc2f30ee0
1782606941 container exec_die 394562a6d02880fcf8b0c1db2385e6ac6cfa108ab28e1326eaab532cc2f30ee0
1782606943 container exec_create: /bin/sh -c pg_isready -U postgres -d temandifa 1ec194d5b8020f6269174c22f5f0ad237397ab2c31b86dc2c395f92fda15c1f4
1782606943 container exec_start: /bin/sh -c pg_isready -U postgres -d temandifa 1ec194d5b8020f6269174c22f5f0ad237397ab2c31b86dc2c395f92fda15c1f4
1782606943 container exec_die 1ec194d5b8020f6269174c22f5f0ad237397ab2c31b86dc2c395f92fda15c1f4
1782606945 container exec_create: /bin/sh -c wget --no-verbose --tries=1 --spider http://localhost:8080/api/v1/health || exit 1 48b39f6cc9245f684153a5a1961a7db2270a6ebd4cac48e095d7b087bdb03f8f
1782606945 container exec_start: /bin/sh -c wget --no-verbose --tries=1 --spider http://localhost:8080/api/v1/health || exit 1 48b39f6cc9245f684153a5a1961a7db2270a6ebd4cac48e095d7b087bdb03f8f
1782606945 container exec_die 48b39f6cc9245f684153a5a1961a7db2270a6ebd4cac48e095d7b087bdb03f8f
1782606948 container exec_create: python3 -c import urllib.request; urllib.request.urlopen('http://localhost:8002/health') 93d0e2d4690b75fb85813ecff20d28a949420e31b63e735f8f023909e7f7c770
1782606948 container exec_start: python3 -c import urllib.request; urllib.request.urlopen('http://localhost:8002/health') 93d0e2d4690b75fb85813ecff20d28a949420e31b63e735f8f023909e7f7c770
1782606948 container exec_die 93d0e2d4690b75fb85813ecff20d28a949420e31b63e735f8f023909e7f7c770
1782606951 container exec_create: redis-cli ping 394562a6d02880fcf8b0c1db2385e6ac6cfa108ab28e1326eaab532cc2f30ee0
1782606951 container exec_start: redis-cli ping 394562a6d02880fcf8b0c1db2385e6ac6cfa108ab28e1326eaab532cc2f30ee0
1782606951 container exec_die 394562a6d02880fcf8b0c1db2385e6ac6cfa108ab28e1326eaab532cc2f30ee0
1782606953 container exec_create: /bin/sh -c pg_isready -U postgres -d temandifa 1ec194d5b8020f6269174c22f5f0ad237397ab2c31b86dc2c395f92fda15c1f4
1782606953 container exec_start: /bin/sh -c pg_isready -U postgres -d temandifa 1ec194d5b8020f6269174c22f5f0ad237397ab2c31b86dc2c395f92fda15c1f4
1782606953 container exec_die 1ec194d5b8020f6269174c22f5f0ad237397ab2c31b86dc2c395f92fda15c1f4
1782606957 container exec_create: python3 -c import urllib.request; urllib.request.urlopen('http://localhost:8003/health') 2478766b4253cf506053e9e67d999adc0b10089285be055c17841430e1e895a7
1782606957 container exec_start: python3 -c import urllib.request; urllib.request.urlopen('http://localhost:8003/health') 2478766b4253cf506053e9e67d999adc0b10089285be055c17841430e1e895a7
1782606957 container exec_die 2478766b4253cf506053e9e67d999adc0b10089285be055c17841430e1e895a7
1782606961 container exec_create: redis-cli ping 394562a6d02880fcf8b0c1db2385e6ac6cfa108ab28e1326eaab532cc2f30ee0
1782606961 container exec_start: redis-cli ping 394562a6d02880fcf8b0c1db2385e6ac6cfa108ab28e1326eaab532cc2f30ee0
1782606961 container exec_die 394562a6d02880fcf8b0c1db2385e6ac6cfa108ab28e1326eaab532cc2f30ee0
1782606963 container exec_create: /bin/sh -c pg_isready -U postgres -d temandifa 1ec194d5b8020f6269174c22f5f0ad237397ab2c31b86dc2c395f92fda15c1f4
1782606963 container exec_start: /bin/sh -c pg_isready -U postgres -d temandifa 1ec194d5b8020f6269174c22f5f0ad237397ab2c31b86dc2c395f92fda15c1f4
1782606963 container exec_die 1ec194d5b8020f6269174c22f5f0ad237397ab2c31b86dc2c395f92fda15c1f4
1782606970 container exec_create: python3 -c import urllib.request; urllib.request.urlopen('http://localhost:8001/health') 1f0bb9cdfe4b69b085e665dc99bd9d1e392f9a0dd455be24dbf590f611008ce4
1782606970 container exec_start: python3 -c import urllib.request; urllib.request.urlopen('http://localhost:8001/health') 1f0bb9cdfe4b69b085e665dc99bd9d1e392f9a0dd455be24dbf590f611008ce4
1782606970 container exec_die 1f0bb9cdfe4b69b085e665dc99bd9d1e392f9a0dd455be24dbf590f611008ce4
1782606971 container exec_create: redis-cli ping 394562a6d02880fcf8b0c1db2385e6ac6cfa108ab28e1326eaab532cc2f30ee0
1782606971 container exec_start: redis-cli ping 394562a6d02880fcf8b0c1db2385e6ac6cfa108ab28e1326eaab532cc2f30ee0
1782606972 container exec_die 394562a6d02880fcf8b0c1db2385e6ac6cfa108ab28e1326eaab532cc2f30ee0
1782606973 container exec_create: /bin/sh -c pg_isready -U postgres -d temandifa 1ec194d5b8020f6269174c22f5f0ad237397ab2c31b86dc2c395f92fda15c1f4
1782606973 container exec_start: /bin/sh -c pg_isready -U postgres -d temandifa 1ec194d5b8020f6269174c22f5f0ad237397ab2c31b86dc2c395f92fda15c1f4
1782606973 container exec_die 1ec194d5b8020f6269174c22f5f0ad237397ab2c31b86dc2c395f92fda15c1f4
1782606975 container exec_create: /bin/sh -c wget --no-verbose --tries=1 --spider http://localhost:8080/api/v1/health || exit 1 48b39f6cc9245f684153a5a1961a7db2270a6ebd4cac48e095d7b087bdb03f8f
1782606975 container exec_start: /bin/sh -c wget --no-verbose --tries=1 --spider http://localhost:8080/api/v1/health || exit 1 48b39f6cc9245f684153a5a1961a7db2270a6ebd4cac48e095d7b087bdb03f8f
1782606975 container exec_die 48b39f6cc9245f684153a5a1961a7db2270a6ebd4cac48e095d7b087bdb03f8f
1782606978 container exec_create: python3 -c import urllib.request; urllib.request.urlopen('http://localhost:8002/health') 93d0e2d4690b75fb85813ecff20d28a949420e31b63e735f8f023909e7f7c770
1782606978 container exec_start: python3 -c import urllib.request; urllib.request.urlopen('http://localhost:8002/health') 93d0e2d4690b75fb85813ecff20d28a949420e31b63e735f8f023909e7f7c770
1782606978 container exec_die 93d0e2d4690b75fb85813ecff20d28a949420e31b63e735f8f023909e7f7c770
1782606982 container exec_create: redis-cli ping 394562a6d02880fcf8b0c1db2385e6ac6cfa108ab28e1326eaab532cc2f30ee0
1782606982 container exec_start: redis-cli ping 394562a6d02880fcf8b0c1db2385e6ac6cfa108ab28e1326eaab532cc2f30ee0
1782606982 container exec_die 394562a6d02880fcf8b0c1db2385e6ac6cfa108ab28e1326eaab532cc2f30ee0
1782606983 container exec_create: /bin/sh -c pg_isready -U postgres -d temandifa 1ec194d5b8020f6269174c22f5f0ad237397ab2c31b86dc2c395f92fda15c1f4
1782606983 container exec_start: /bin/sh -c pg_isready -U postgres -d temandifa 1ec194d5b8020f6269174c22f5f0ad237397ab2c31b86dc2c395f92fda15c1f4
1782606983 container exec_die 1ec194d5b8020f6269174c22f5f0ad237397ab2c31b86dc2c395f92fda15c1f4
1782606987 container exec_create: python3 -c import urllib.request; urllib.request.urlopen('http://localhost:8003/health') 2478766b4253cf506053e9e67d999adc0b10089285be055c17841430e1e895a7
1782606987 container exec_start: python3 -c import urllib.request; urllib.request.urlopen('http://localhost:8003/health') 2478766b4253cf506053e9e67d999adc0b10089285be055c17841430e1e895a7
1782606987 container exec_die 2478766b4253cf506053e9e67d999adc0b10089285be055c17841430e1e895a7
1782606992 container exec_create: redis-cli ping 394562a6d02880fcf8b0c1db2385e6ac6cfa108ab28e1326eaab532cc2f30ee0
1782606992 container exec_start: redis-cli ping 394562a6d02880fcf8b0c1db2385e6ac6cfa108ab28e1326eaab532cc2f30ee0
1782606992 container exec_die 394562a6d02880fcf8b0c1db2385e6ac6cfa108ab28e1326eaab532cc2f30ee0
1782606993 container exec_create: /bin/sh -c pg_isready -U postgres -d temandifa 1ec194d5b8020f6269174c22f5f0ad237397ab2c31b86dc2c395f92fda15c1f4
1782606993 container exec_start: /bin/sh -c pg_isready -U postgres -d temandifa 1ec194d5b8020f6269174c22f5f0ad237397ab2c31b86dc2c395f92fda15c1f4
1782606993 container exec_die 1ec194d5b8020f6269174c22f5f0ad237397ab2c31b86dc2c395f92fda15c1f4
1782607000 container exec_create: python3 -c import urllib.request; urllib.request.urlopen('http://localhost:8001/health') 1f0bb9cdfe4b69b085e665dc99bd9d1e392f9a0dd455be24dbf590f611008ce4
1782607000 container exec_start: python3 -c import urllib.request; urllib.request.urlopen('http://localhost:8001/health') 1f0bb9cdfe4b69b085e665dc99bd9d1e392f9a0dd455be24dbf590f611008ce4
1782607000 container exec_die 1f0bb9cdfe4b69b085e665dc99bd9d1e392f9a0dd455be24dbf590f611008ce4
1782607002 container exec_create: redis-cli ping 394562a6d02880fcf8b0c1db2385e6ac6cfa108ab28e1326eaab532cc2f30ee0
1782607002 container exec_start: redis-cli ping 394562a6d02880fcf8b0c1db2385e6ac6cfa108ab28e1326eaab532cc2f30ee0
1782607002 container exec_die 394562a6d02880fcf8b0c1db2385e6ac6cfa108ab28e1326eaab532cc2f30ee0
1782607003 container exec_create: /bin/sh -c pg_isready -U postgres -d temandifa 1ec194d5b8020f6269174c22f5f0ad237397ab2c31b86dc2c395f92fda15c1f4
1782607003 container exec_start: /bin/sh -c pg_isready -U postgres -d temandifa 1ec194d5b8020f6269174c22f5f0ad237397ab2c31b86dc2c395f92fda15c1f4
1782607003 container exec_die 1ec194d5b8020f6269174c22f5f0ad237397ab2c31b86dc2c395f92fda15c1f4
1782607005 container exec_create: /bin/sh -c wget --no-verbose --tries=1 --spider http://localhost:8080/api/v1/health || exit 1 48b39f6cc9245f684153a5a1961a7db2270a6ebd4cac48e095d7b087bdb03f8f
1782607005 container exec_start: /bin/sh -c wget --no-verbose --tries=1 --spider http://localhost:8080/api/v1/health || exit 1 48b39f6cc9245f684153a5a1961a7db2270a6ebd4cac48e095d7b087bdb03f8f
1782607005 container exec_die 48b39f6cc9245f684153a5a1961a7db2270a6ebd4cac48e095d7b087bdb03f8f
1782607008 container exec_create: python3 -c import urllib.request; urllib.request.urlopen('http://localhost:8002/health') 93d0e2d4690b75fb85813ecff20d28a949420e31b63e735f8f023909e7f7c770
1782607008 container exec_start: python3 -c import urllib.request; urllib.request.urlopen('http://localhost:8002/health') 93d0e2d4690b75fb85813ecff20d28a949420e31b63e735f8f023909e7f7c770
1782607008 container exec_die 93d0e2d4690b75fb85813ecff20d28a949420e31b63e735f8f023909e7f7c770
1782607012 container exec_create: redis-cli ping 394562a6d02880fcf8b0c1db2385e6ac6cfa108ab28e1326eaab532cc2f30ee0
1782607012 container exec_start: redis-cli ping 394562a6d02880fcf8b0c1db2385e6ac6cfa108ab28e1326eaab532cc2f30ee0
1782607012 container exec_die 394562a6d02880fcf8b0c1db2385e6ac6cfa108ab28e1326eaab532cc2f30ee0
1782607013 container exec_create: /bin/sh -c pg_isready -U postgres -d temandifa 1ec194d5b8020f6269174c22f5f0ad237397ab2c31b86dc2c395f92fda15c1f4
1782607013 container exec_start: /bin/sh -c pg_isready -U postgres -d temandifa 1ec194d5b8020f6269174c22f5f0ad237397ab2c31b86dc2c395f92fda15c1f4
1782607013 container exec_die 1ec194d5b8020f6269174c22f5f0ad237397ab2c31b86dc2c395f92fda15c1f4
1782607017 container exec_create: python3 -c import urllib.request; urllib.request.urlopen('http://localhost:8003/health') 2478766b4253cf506053e9e67d999adc0b10089285be055c17841430e1e895a7
1782607017 container exec_start: python3 -c import urllib.request; urllib.request.urlopen('http://localhost:8003/health') 2478766b4253cf506053e9e67d999adc0b10089285be055c17841430e1e895a7
1782607017 container exec_die 2478766b4253cf506053e9e67d999adc0b10089285be055c17841430e1e895a7
1782607022 container exec_create: redis-cli ping 394562a6d02880fcf8b0c1db2385e6ac6cfa108ab28e1326eaab532cc2f30ee0
1782607022 container exec_start: redis-cli ping 394562a6d02880fcf8b0c1db2385e6ac6cfa108ab28e1326eaab532cc2f30ee0
1782607022 container exec_die 394562a6d02880fcf8b0c1db2385e6ac6cfa108ab28e1326eaab532cc2f30ee0
1782607023 container exec_create: /bin/sh -c pg_isready -U postgres -d temandifa 1ec194d5b8020f6269174c22f5f0ad237397ab2c31b86dc2c395f92fda15c1f4
1782607023 container exec_start: /bin/sh -c pg_isready -U postgres -d temandifa 1ec194d5b8020f6269174c22f5f0ad237397ab2c31b86dc2c395f92fda15c1f4
1782607023 container exec_die 1ec194d5b8020f6269174c22f5f0ad237397ab2c31b86dc2c395f92fda15c1f4
1782607030 container exec_create: python3 -c import urllib.request; urllib.request.urlopen('http://localhost:8001/health') 1f0bb9cdfe4b69b085e665dc99bd9d1e392f9a0dd455be24dbf590f611008ce4
1782607030 container exec_start: python3 -c import urllib.request; urllib.request.urlopen('http://localhost:8001/health') 1f0bb9cdfe4b69b085e665dc99bd9d1e392f9a0dd455be24dbf590f611008ce4
1782607030 container exec_die 1f0bb9cdfe4b69b085e665dc99bd9d1e392f9a0dd455be24dbf590f611008ce4
1782607032 container exec_create: redis-cli ping 394562a6d02880fcf8b0c1db2385e6ac6cfa108ab28e1326eaab532cc2f30ee0
1782607032 container exec_start: redis-cli ping 394562a6d02880fcf8b0c1db2385e6ac6cfa108ab28e1326eaab532cc2f30ee0
1782607032 container exec_die 394562a6d02880fcf8b0c1db2385e6ac6cfa108ab28e1326eaab532cc2f30ee0
1782607033 container exec_create: /bin/sh -c pg_isready -U postgres -d temandifa 1ec194d5b8020f6269174c22f5f0ad237397ab2c31b86dc2c395f92fda15c1f4
1782607033 container exec_start: /bin/sh -c pg_isready -U postgres -d temandifa 1ec194d5b8020f6269174c22f5f0ad237397ab2c31b86dc2c395f92fda15c1f4
1782607033 container exec_die 1ec194d5b8020f6269174c22f5f0ad237397ab2c31b86dc2c395f92fda15c1f4
1782607035 container exec_create: /bin/sh -c wget --no-verbose --tries=1 --spider http://localhost:8080/api/v1/health || exit 1 48b39f6cc9245f684153a5a1961a7db2270a6ebd4cac48e095d7b087bdb03f8f
1782607035 container exec_start: /bin/sh -c wget --no-verbose --tries=1 --spider http://localhost:8080/api/v1/health || exit 1 48b39f6cc9245f684153a5a1961a7db2270a6ebd4cac48e095d7b087bdb03f8f
1782607035 container exec_die 48b39f6cc9245f684153a5a1961a7db2270a6ebd4cac48e095d7b087bdb03f8f
1782607038 container exec_create: python3 -c import urllib.request; urllib.request.urlopen('http://localhost:8002/health') 93d0e2d4690b75fb85813ecff20d28a949420e31b63e735f8f023909e7f7c770
1782607038 container exec_start: python3 -c import urllib.request; urllib.request.urlopen('http://localhost:8002/health') 93d0e2d4690b75fb85813ecff20d28a949420e31b63e735f8f023909e7f7c770
1782607038 container exec_die 93d0e2d4690b75fb85813ecff20d28a949420e31b63e735f8f023909e7f7c770
1782607042 container exec_create: redis-cli ping 394562a6d02880fcf8b0c1db2385e6ac6cfa108ab28e1326eaab532cc2f30ee0
1782607042 container exec_start: redis-cli ping 394562a6d02880fcf8b0c1db2385e6ac6cfa108ab28e1326eaab532cc2f30ee0
1782607042 container exec_die 394562a6d02880fcf8b0c1db2385e6ac6cfa108ab28e1326eaab532cc2f30ee0
1782607043 container exec_create: /bin/sh -c pg_isready -U postgres -d temandifa 1ec194d5b8020f6269174c22f5f0ad237397ab2c31b86dc2c395f92fda15c1f4
1782607043 container exec_start: /bin/sh -c pg_isready -U postgres -d temandifa 1ec194d5b8020f6269174c22f5f0ad237397ab2c31b86dc2c395f92fda15c1f4
1782607043 container exec_die 1ec194d5b8020f6269174c22f5f0ad237397ab2c31b86dc2c395f92fda15c1f4
1782607047 container exec_create: python3 -c import urllib.request; urllib.request.urlopen('http://localhost:8003/health') 2478766b4253cf506053e9e67d999adc0b10089285be055c17841430e1e895a7
1782607047 container exec_start: python3 -c import urllib.request; urllib.request.urlopen('http://localhost:8003/health') 2478766b4253cf506053e9e67d999adc0b10089285be055c17841430e1e895a7
1782607047 container exec_die 2478766b4253cf506053e9e67d999adc0b10089285be055c17841430e1e895a7
1782607052 container exec_create: redis-cli ping 394562a6d02880fcf8b0c1db2385e6ac6cfa108ab28e1326eaab532cc2f30ee0
1782607052 container exec_start: redis-cli ping 394562a6d02880fcf8b0c1db2385e6ac6cfa108ab28e1326eaab532cc2f30ee0
1782607052 container exec_die 394562a6d02880fcf8b0c1db2385e6ac6cfa108ab28e1326eaab532cc2f30ee0
1782607053 container exec_create: /bin/sh -c pg_isready -U postgres -d temandifa 1ec194d5b8020f6269174c22f5f0ad237397ab2c31b86dc2c395f92fda15c1f4
1782607053 container exec_start: /bin/sh -c pg_isready -U postgres -d temandifa 1ec194d5b8020f6269174c22f5f0ad237397ab2c31b86dc2c395f92fda15c1f4
1782607053 container exec_die 1ec194d5b8020f6269174c22f5f0ad237397ab2c31b86dc2c395f92fda15c1f4
1782607060 container exec_create: python3 -c import urllib.request; urllib.request.urlopen('http://localhost:8001/health') 1f0bb9cdfe4b69b085e665dc99bd9d1e392f9a0dd455be24dbf590f611008ce4
1782607060 container exec_start: python3 -c import urllib.request; urllib.request.urlopen('http://localhost:8001/health') 1f0bb9cdfe4b69b085e665dc99bd9d1e392f9a0dd455be24dbf590f611008ce4
1782607060 container exec_die 1f0bb9cdfe4b69b085e665dc99bd9d1e392f9a0dd455be24dbf590f611008ce4
1782607062 container exec_create: redis-cli ping 394562a6d02880fcf8b0c1db2385e6ac6cfa108ab28e1326eaab532cc2f30ee0
1782607062 container exec_start: redis-cli ping 394562a6d02880fcf8b0c1db2385e6ac6cfa108ab28e1326eaab532cc2f30ee0
1782607062 container exec_die 394562a6d02880fcf8b0c1db2385e6ac6cfa108ab28e1326eaab532cc2f30ee0
1782607063 container exec_create: /bin/sh -c pg_isready -U postgres -d temandifa 1ec194d5b8020f6269174c22f5f0ad237397ab2c31b86dc2c395f92fda15c1f4
1782607063 container exec_start: /bin/sh -c pg_isready -U postgres -d temandifa 1ec194d5b8020f6269174c22f5f0ad237397ab2c31b86dc2c395f92fda15c1f4
1782607063 container exec_die 1ec194d5b8020f6269174c22f5f0ad237397ab2c31b86dc2c395f92fda15c1f4
1782607065 container exec_create: /bin/sh -c wget --no-verbose --tries=1 --spider http://localhost:8080/api/v1/health || exit 1 48b39f6cc9245f684153a5a1961a7db2270a6ebd4cac48e095d7b087bdb03f8f
1782607065 container exec_start: /bin/sh -c wget --no-verbose --tries=1 --spider http://localhost:8080/api/v1/health || exit 1 48b39f6cc9245f684153a5a1961a7db2270a6ebd4cac48e095d7b087bdb03f8f
1782607065 container exec_die 48b39f6cc9245f684153a5a1961a7db2270a6ebd4cac48e095d7b087bdb03f8f
1782607068 container exec_create: python3 -c import urllib.request; urllib.request.urlopen('http://localhost:8002/health') 93d0e2d4690b75fb85813ecff20d28a949420e31b63e735f8f023909e7f7c770
1782607068 container exec_start: python3 -c import urllib.request; urllib.request.urlopen('http://localhost:8002/health') 93d0e2d4690b75fb85813ecff20d28a949420e31b63e735f8f023909e7f7c770
1782607068 container exec_die 93d0e2d4690b75fb85813ecff20d28a949420e31b63e735f8f023909e7f7c770
1782607072 container exec_create: redis-cli ping 394562a6d02880fcf8b0c1db2385e6ac6cfa108ab28e1326eaab532cc2f30ee0
1782607072 container exec_start: redis-cli ping 394562a6d02880fcf8b0c1db2385e6ac6cfa108ab28e1326eaab532cc2f30ee0
1782607072 container exec_die 394562a6d02880fcf8b0c1db2385e6ac6cfa108ab28e1326eaab532cc2f30ee0
1782607073 container exec_create: /bin/sh -c pg_isready -U postgres -d temandifa 1ec194d5b8020f6269174c22f5f0ad237397ab2c31b86dc2c395f92fda15c1f4
1782607073 container exec_start: /bin/sh -c pg_isready -U postgres -d temandifa 1ec194d5b8020f6269174c22f5f0ad237397ab2c31b86dc2c395f92fda15c1f4
1782607074 container exec_die 1ec194d5b8020f6269174c22f5f0ad237397ab2c31b86dc2c395f92fda15c1f4
1782607077 container exec_create: python3 -c import urllib.request; urllib.request.urlopen('http://localhost:8003/health') 2478766b4253cf506053e9e67d999adc0b10089285be055c17841430e1e895a7
1782607077 container exec_start: python3 -c import urllib.request; urllib.request.urlopen('http://localhost:8003/health') 2478766b4253cf506053e9e67d999adc0b10089285be055c17841430e1e895a7
1782607078 container exec_die 2478766b4253cf506053e9e67d999adc0b10089285be055c17841430e1e895a7
1782607082 container exec_create: redis-cli ping 394562a6d02880fcf8b0c1db2385e6ac6cfa108ab28e1326eaab532cc2f30ee0
1782607082 container exec_start: redis-cli ping 394562a6d02880fcf8b0c1db2385e6ac6cfa108ab28e1326eaab532cc2f30ee0
1782607082 container exec_die 394562a6d02880fcf8b0c1db2385e6ac6cfa108ab28e1326eaab532cc2f30ee0
1782607084 container exec_create: /bin/sh -c pg_isready -U postgres -d temandifa 1ec194d5b8020f6269174c22f5f0ad237397ab2c31b86dc2c395f92fda15c1f4
1782607084 container exec_start: /bin/sh -c pg_isready -U postgres -d temandifa 1ec194d5b8020f6269174c22f5f0ad237397ab2c31b86dc2c395f92fda15c1f4
1782607084 container exec_die 1ec194d5b8020f6269174c22f5f0ad237397ab2c31b86dc2c395f92fda15c1f4
1782607090 container exec_create: python3 -c import urllib.request; urllib.request.urlopen('http://localhost:8001/health') 1f0bb9cdfe4b69b085e665dc99bd9d1e392f9a0dd455be24dbf590f611008ce4
1782607090 container exec_start: python3 -c import urllib.request; urllib.request.urlopen('http://localhost:8001/health') 1f0bb9cdfe4b69b085e665dc99bd9d1e392f9a0dd455be24dbf590f611008ce4
1782607090 container exec_die 1f0bb9cdfe4b69b085e665dc99bd9d1e392f9a0dd455be24dbf590f611008ce4
1782607092 container exec_create: redis-cli ping 394562a6d02880fcf8b0c1db2385e6ac6cfa108ab28e1326eaab532cc2f30ee0
1782607092 container exec_start: redis-cli ping 394562a6d02880fcf8b0c1db2385e6ac6cfa108ab28e1326eaab532cc2f30ee0
1782607092 container exec_die 394562a6d02880fcf8b0c1db2385e6ac6cfa108ab28e1326eaab532cc2f30ee0
1782607094 container exec_create: /bin/sh -c pg_isready -U postgres -d temandifa 1ec194d5b8020f6269174c22f5f0ad237397ab2c31b86dc2c395f92fda15c1f4
1782607094 container exec_start: /bin/sh -c pg_isready -U postgres -d temandifa 1ec194d5b8020f6269174c22f5f0ad237397ab2c31b86dc2c395f92fda15c1f4
1782607094 container exec_die 1ec194d5b8020f6269174c22f5f0ad237397ab2c31b86dc2c395f92fda15c1f4
1782607095 container exec_create: /bin/sh -c wget --no-verbose --tries=1 --spider http://localhost:8080/api/v1/health || exit 1 48b39f6cc9245f684153a5a1961a7db2270a6ebd4cac48e095d7b087bdb03f8f
1782607095 container exec_start: /bin/sh -c wget --no-verbose --tries=1 --spider http://localhost:8080/api/v1/health || exit 1 48b39f6cc9245f684153a5a1961a7db2270a6ebd4cac48e095d7b087bdb03f8f
1782607095 container exec_die 48b39f6cc9245f684153a5a1961a7db2270a6ebd4cac48e095d7b087bdb03f8f
1782607098 container exec_create: python3 -c import urllib.request; urllib.request.urlopen('http://localhost:8002/health') 93d0e2d4690b75fb85813ecff20d28a949420e31b63e735f8f023909e7f7c770
1782607098 container exec_start: python3 -c import urllib.request; urllib.request.urlopen('http://localhost:8002/health') 93d0e2d4690b75fb85813ecff20d28a949420e31b63e735f8f023909e7f7c770
1782607098 container exec_die 93d0e2d4690b75fb85813ecff20d28a949420e31b63e735f8f023909e7f7c770
1782607102 container exec_create: redis-cli ping 394562a6d02880fcf8b0c1db2385e6ac6cfa108ab28e1326eaab532cc2f30ee0
1782607102 container exec_start: redis-cli ping 394562a6d02880fcf8b0c1db2385e6ac6cfa108ab28e1326eaab532cc2f30ee0
1782607102 container exec_die 394562a6d02880fcf8b0c1db2385e6ac6cfa108ab28e1326eaab532cc2f30ee0
1782607104 container exec_create: /bin/sh -c pg_isready -U postgres -d temandifa 1ec194d5b8020f6269174c22f5f0ad237397ab2c31b86dc2c395f92fda15c1f4
1782607104 container exec_start: /bin/sh -c pg_isready -U postgres -d temandifa 1ec194d5b8020f6269174c22f5f0ad237397ab2c31b86dc2c395f92fda15c1f4
1782607104 container exec_die 1ec194d5b8020f6269174c22f5f0ad237397ab2c31b86dc2c395f92fda15c1f4
1782607108 container exec_create: python3 -c import urllib.request; urllib.request.urlopen('http://localhost:8003/health') 2478766b4253cf506053e9e67d999adc0b10089285be055c17841430e1e895a7
1782607108 container exec_start: python3 -c import urllib.request; urllib.request.urlopen('http://localhost:8003/health') 2478766b4253cf506053e9e67d999adc0b10089285be055c17841430e1e895a7
1782607108 container exec_die 2478766b4253cf506053e9e67d999adc0b10089285be055c17841430e1e895a7
1782607112 container exec_create: redis-cli ping 394562a6d02880fcf8b0c1db2385e6ac6cfa108ab28e1326eaab532cc2f30ee0
1782607112 container exec_start: redis-cli ping 394562a6d02880fcf8b0c1db2385e6ac6cfa108ab28e1326eaab532cc2f30ee0
1782607112 container exec_die 394562a6d02880fcf8b0c1db2385e6ac6cfa108ab28e1326eaab532cc2f30ee0
1782607114 container exec_create: /bin/sh -c pg_isready -U postgres -d temandifa 1ec194d5b8020f6269174c22f5f0ad237397ab2c31b86dc2c395f92fda15c1f4
1782607114 container exec_start: /bin/sh -c pg_isready -U postgres -d temandifa 1ec194d5b8020f6269174c22f5f0ad237397ab2c31b86dc2c395f92fda15c1f4
1782607114 container exec_die 1ec194d5b8020f6269174c22f5f0ad237397ab2c31b86dc2c395f92fda15c1f4
1782607120 container exec_create: python3 -c import urllib.request; urllib.request.urlopen('http://localhost:8001/health') 1f0bb9cdfe4b69b085e665dc99bd9d1e392f9a0dd455be24dbf590f611008ce4
1782607120 container exec_start: python3 -c import urllib.request; urllib.request.urlopen('http://localhost:8001/health') 1f0bb9cdfe4b69b085e665dc99bd9d1e392f9a0dd455be24dbf590f611008ce4
1782607120 container exec_die 1f0bb9cdfe4b69b085e665dc99bd9d1e392f9a0dd455be24dbf590f611008ce4
1782607122 container exec_create: redis-cli ping 394562a6d02880fcf8b0c1db2385e6ac6cfa108ab28e1326eaab532cc2f30ee0
1782607122 container exec_start: redis-cli ping 394562a6d02880fcf8b0c1db2385e6ac6cfa108ab28e1326eaab532cc2f30ee0
1782607122 container exec_die 394562a6d02880fcf8b0c1db2385e6ac6cfa108ab28e1326eaab532cc2f30ee0
1782607124 container exec_create: /bin/sh -c pg_isready -U postgres -d temandifa 1ec194d5b8020f6269174c22f5f0ad237397ab2c31b86dc2c395f92fda15c1f4
1782607124 container exec_start: /bin/sh -c pg_isready -U postgres -d temandifa 1ec194d5b8020f6269174c22f5f0ad237397ab2c31b86dc2c395f92fda15c1f4
1782607124 container exec_die 1ec194d5b8020f6269174c22f5f0ad237397ab2c31b86dc2c395f92fda15c1f4
1782607125 container exec_create: /bin/sh -c wget --no-verbose --tries=1 --spider http://localhost:8080/api/v1/health || exit 1 48b39f6cc9245f684153a5a1961a7db2270a6ebd4cac48e095d7b087bdb03f8f
1782607125 container exec_start: /bin/sh -c wget --no-verbose --tries=1 --spider http://localhost:8080/api/v1/health || exit 1 48b39f6cc9245f684153a5a1961a7db2270a6ebd4cac48e095d7b087bdb03f8f
1782607125 container exec_die 48b39f6cc9245f684153a5a1961a7db2270a6ebd4cac48e095d7b087bdb03f8f
1782607128 container exec_create: python3 -c import urllib.request; urllib.request.urlopen('http://localhost:8002/health') 93d0e2d4690b75fb85813ecff20d28a949420e31b63e735f8f023909e7f7c770
1782607128 container exec_start: python3 -c import urllib.request; urllib.request.urlopen('http://localhost:8002/health') 93d0e2d4690b75fb85813ecff20d28a949420e31b63e735f8f023909e7f7c770
1782607128 container exec_die 93d0e2d4690b75fb85813ecff20d28a949420e31b63e735f8f023909e7f7c770
1782607132 container exec_create: redis-cli ping 394562a6d02880fcf8b0c1db2385e6ac6cfa108ab28e1326eaab532cc2f30ee0
1782607132 container exec_start: redis-cli ping 394562a6d02880fcf8b0c1db2385e6ac6cfa108ab28e1326eaab532cc2f30ee0
1782607132 container exec_die 394562a6d02880fcf8b0c1db2385e6ac6cfa108ab28e1326eaab532cc2f30ee0
1782607134 container exec_create: /bin/sh -c pg_isready -U postgres -d temandifa 1ec194d5b8020f6269174c22f5f0ad237397ab2c31b86dc2c395f92fda15c1f4
1782607134 container exec_start: /bin/sh -c pg_isready -U postgres -d temandifa 1ec194d5b8020f6269174c22f5f0ad237397ab2c31b86dc2c395f92fda15c1f4
1782607134 container exec_die 1ec194d5b8020f6269174c22f5f0ad237397ab2c31b86dc2c395f92fda15c1f4
1782607138 container exec_create: python3 -c import urllib.request; urllib.request.urlopen('http://localhost:8003/health') 2478766b4253cf506053e9e67d999adc0b10089285be055c17841430e1e895a7
1782607138 container exec_start: python3 -c import urllib.request; urllib.request.urlopen('http://localhost:8003/health') 2478766b4253cf506053e9e67d999adc0b10089285be055c17841430e1e895a7
1782607138 container exec_die 2478766b4253cf506053e9e67d999adc0b10089285be055c17841430e1e895a7
1782607142 container exec_create: redis-cli ping 394562a6d02880fcf8b0c1db2385e6ac6cfa108ab28e1326eaab532cc2f30ee0
1782607142 container exec_start: redis-cli ping 394562a6d02880fcf8b0c1db2385e6ac6cfa108ab28e1326eaab532cc2f30ee0
1782607142 container exec_die 394562a6d02880fcf8b0c1db2385e6ac6cfa108ab28e1326eaab532cc2f30ee0
1782607144 container exec_create: /bin/sh -c pg_isready -U postgres -d temandifa 1ec194d5b8020f6269174c22f5f0ad237397ab2c31b86dc2c395f92fda15c1f4
1782607144 container exec_start: /bin/sh -c pg_isready -U postgres -d temandifa 1ec194d5b8020f6269174c22f5f0ad237397ab2c31b86dc2c395f92fda15c1f4
1782607144 container exec_die 1ec194d5b8020f6269174c22f5f0ad237397ab2c31b86dc2c395f92fda15c1f4
1782607150 container exec_create: python3 -c import urllib.request; urllib.request.urlopen('http://localhost:8001/health') 1f0bb9cdfe4b69b085e665dc99bd9d1e392f9a0dd455be24dbf590f611008ce4
1782607150 container exec_start: python3 -c import urllib.request; urllib.request.urlopen('http://localhost:8001/health') 1f0bb9cdfe4b69b085e665dc99bd9d1e392f9a0dd455be24dbf590f611008ce4
1782607150 container exec_die 1f0bb9cdfe4b69b085e665dc99bd9d1e392f9a0dd455be24dbf590f611008ce4
1782607152 container exec_create: redis-cli ping 394562a6d02880fcf8b0c1db2385e6ac6cfa108ab28e1326eaab532cc2f30ee0
1782607152 container exec_start: redis-cli ping 394562a6d02880fcf8b0c1db2385e6ac6cfa108ab28e1326eaab532cc2f30ee0
1782607152 container exec_die 394562a6d02880fcf8b0c1db2385e6ac6cfa108ab28e1326eaab532cc2f30ee0
1782607154 container exec_create: /bin/sh -c pg_isready -U postgres -d temandifa 1ec194d5b8020f6269174c22f5f0ad237397ab2c31b86dc2c395f92fda15c1f4
1782607154 container exec_start: /bin/sh -c pg_isready -U postgres -d temandifa 1ec194d5b8020f6269174c22f5f0ad237397ab2c31b86dc2c395f92fda15c1f4
1782607154 container exec_die 1ec194d5b8020f6269174c22f5f0ad237397ab2c31b86dc2c395f92fda15c1f4
1782607155 container exec_create: /bin/sh -c wget --no-verbose --tries=1 --spider http://localhost:8080/api/v1/health || exit 1 48b39f6cc9245f684153a5a1961a7db2270a6ebd4cac48e095d7b087bdb03f8f
1782607155 container exec_start: /bin/sh -c wget --no-verbose --tries=1 --spider http://localhost:8080/api/v1/health || exit 1 48b39f6cc9245f684153a5a1961a7db2270a6ebd4cac48e095d7b087bdb03f8f
1782607155 container exec_die 48b39f6cc9245f684153a5a1961a7db2270a6ebd4cac48e095d7b087bdb03f8f
1782607158 container exec_create: python3 -c import urllib.request; urllib.request.urlopen('http://localhost:8002/health') 93d0e2d4690b75fb85813ecff20d28a949420e31b63e735f8f023909e7f7c770
1782607158 container exec_start: python3 -c import urllib.request; urllib.request.urlopen('http://localhost:8002/health') 93d0e2d4690b75fb85813ecff20d28a949420e31b63e735f8f023909e7f7c770
1782607158 container exec_die 93d0e2d4690b75fb85813ecff20d28a949420e31b63e735f8f023909e7f7c770
1782607162 container exec_create: redis-cli ping 394562a6d02880fcf8b0c1db2385e6ac6cfa108ab28e1326eaab532cc2f30ee0
1782607162 container exec_start: redis-cli ping 394562a6d02880fcf8b0c1db2385e6ac6cfa108ab28e1326eaab532cc2f30ee0
1782607162 container exec_die 394562a6d02880fcf8b0c1db2385e6ac6cfa108ab28e1326eaab532cc2f30ee0
1782607164 container exec_create: /bin/sh -c pg_isready -U postgres -d temandifa 1ec194d5b8020f6269174c22f5f0ad237397ab2c31b86dc2c395f92fda15c1f4
1782607164 container exec_start: /bin/sh -c pg_isready -U postgres -d temandifa 1ec194d5b8020f6269174c22f5f0ad237397ab2c31b86dc2c395f92fda15c1f4
1782607164 container exec_die 1ec194d5b8020f6269174c22f5f0ad237397ab2c31b86dc2c395f92fda15c1f4
1782607168 container exec_create: python3 -c import urllib.request; urllib.request.urlopen('http://localhost:8003/health') 2478766b4253cf506053e9e67d999adc0b10089285be055c17841430e1e895a7
1782607168 container exec_start: python3 -c import urllib.request; urllib.request.urlopen('http://localhost:8003/health') 2478766b4253cf506053e9e67d999adc0b10089285be055c17841430e1e895a7
1782607168 container exec_die 2478766b4253cf506053e9e67d999adc0b10089285be055c17841430e1e895a7
1782607172 container exec_create: redis-cli ping 394562a6d02880fcf8b0c1db2385e6ac6cfa108ab28e1326eaab532cc2f30ee0
1782607172 container exec_start: redis-cli ping 394562a6d02880fcf8b0c1db2385e6ac6cfa108ab28e1326eaab532cc2f30ee0
1782607172 container exec_die 394562a6d02880fcf8b0c1db2385e6ac6cfa108ab28e1326eaab532cc2f30ee0
1782607174 container exec_create: /bin/sh -c pg_isready -U postgres -d temandifa 1ec194d5b8020f6269174c22f5f0ad237397ab2c31b86dc2c395f92fda15c1f4
1782607174 container exec_start: /bin/sh -c pg_isready -U postgres -d temandifa 1ec194d5b8020f6269174c22f5f0ad237397ab2c31b86dc2c395f92fda15c1f4
1782607174 container exec_die 1ec194d5b8020f6269174c22f5f0ad237397ab2c31b86dc2c395f92fda15c1f4
1782607180 container exec_create: python3 -c import urllib.request; urllib.request.urlopen('http://localhost:8001/health') 1f0bb9cdfe4b69b085e665dc99bd9d1e392f9a0dd455be24dbf590f611008ce4
1782607180 container exec_start: python3 -c import urllib.request; urllib.request.urlopen('http://localhost:8001/health') 1f0bb9cdfe4b69b085e665dc99bd9d1e392f9a0dd455be24dbf590f611008ce4
1782607181 container exec_die 1f0bb9cdfe4b69b085e665dc99bd9d1e392f9a0dd455be24dbf590f611008ce4
1782607182 container exec_create: redis-cli ping 394562a6d02880fcf8b0c1db2385e6ac6cfa108ab28e1326eaab532cc2f30ee0
1782607182 container exec_start: redis-cli ping 394562a6d02880fcf8b0c1db2385e6ac6cfa108ab28e1326eaab532cc2f30ee0
1782607183 container exec_die 394562a6d02880fcf8b0c1db2385e6ac6cfa108ab28e1326eaab532cc2f30ee0
1782607184 container exec_create: /bin/sh -c pg_isready -U postgres -d temandifa 1ec194d5b8020f6269174c22f5f0ad237397ab2c31b86dc2c395f92fda15c1f4
1782607184 container exec_start: /bin/sh -c pg_isready -U postgres -d temandifa 1ec194d5b8020f6269174c22f5f0ad237397ab2c31b86dc2c395f92fda15c1f4
1782607184 container exec_die 1ec194d5b8020f6269174c22f5f0ad237397ab2c31b86dc2c395f92fda15c1f4
1782607185 container exec_create: /bin/sh -c wget --no-verbose --tries=1 --spider http://localhost:8080/api/v1/health || exit 1 48b39f6cc9245f684153a5a1961a7db2270a6ebd4cac48e095d7b087bdb03f8f
1782607185 container exec_start: /bin/sh -c wget --no-verbose --tries=1 --spider http://localhost:8080/api/v1/health || exit 1 48b39f6cc9245f684153a5a1961a7db2270a6ebd4cac48e095d7b087bdb03f8f
1782607185 container exec_die 48b39f6cc9245f684153a5a1961a7db2270a6ebd4cac48e095d7b087bdb03f8f